checking for a BSD-compatible install... /usr/bin/install -c
checking whether build environment is sane... yes
checking for a thread-safe mkdir -p... /bin/mkdir -p
checking for gawk... gawk
checking whether make sets $(MAKE)... yes
checking whether make supports nested variables... yes
checking how to create a pax tar archive... gnutar
checking whether make supports nested variables... (cached) yes
checking for gcc... gcc
checking whether the C compiler works... yes
checking for C compiler default output file name... a.out
checking for suffix of executables... 
checking whether we are cross compiling... no
checking for suffix of object files... o
checking whether we are using the GNU C compiler... yes
checking whether gcc accepts -g... yes
checking for gcc option to accept ISO C89... none needed
checking for style of include used by make... GNU
checking dependency style of gcc... gcc3
checking for gcc option to accept ISO C99... none needed
checking whether gcc and cc understand -c and -o together... yes
checking how to run the C preprocessor... gcc -E
checking for grep that handles long lines and -e... /bin/grep
checking for egrep... /bin/grep -E
checking whether gcc needs -traditional... no
checking for ANSI C header files... yes
checking for sys/types.h... yes
checking for sys/stat.h... yes
checking for stdlib.h... yes
checking for string.h... yes
checking for memory.h... yes
checking for strings.h... yes
checking for inttypes.h... yes
checking for stdint.h... yes
checking for unistd.h... yes
checking minix/config.h usability... no
checking minix/config.h presence... no
checking for minix/config.h... no
checking whether it is safe to define __EXTENSIONS__... yes
checking for special C compiler options needed for large files... no
checking for _FILE_OFFSET_BITS value needed for large files... no
checking if gcc supports flag -pipe in envvar CFLAGS... yes
checking if gcc supports flag -Wall in envvar CFLAGS... yes
checking if gcc supports flag -W in envvar CFLAGS... yes
checking if gcc supports flag -Wextra in envvar CFLAGS... yes
checking if gcc supports flag -Winline in envvar CFLAGS... yes
checking if gcc supports flag -Wvla in envvar CFLAGS... yes
checking if gcc supports flag -Wundef in envvar CFLAGS... yes
checking if gcc supports flag -Wformat=2 in envvar CFLAGS... yes
checking if gcc supports flag -Wlogical-op in envvar CFLAGS... yes
checking if gcc supports flag -Wsign-compare in envvar CFLAGS... yes
checking if gcc supports flag -Wformat-security in envvar CFLAGS... yes
checking if gcc supports flag -Wmissing-include-dirs in envvar CFLAGS... yes
checking if gcc supports flag -Wformat-nonliteral in envvar CFLAGS... yes
checking if gcc supports flag -Wold-style-definition in envvar CFLAGS... yes
checking if gcc supports flag -Wpointer-arith in envvar CFLAGS... yes
checking if gcc supports flag -Winit-self in envvar CFLAGS... yes
checking if gcc supports flag -Wdeclaration-after-statement in envvar CFLAGS... yes
checking if gcc supports flag -Wfloat-equal in envvar CFLAGS... yes
checking if gcc supports flag -Wmissing-prototypes in envvar CFLAGS... yes
checking if gcc supports flag -Wstrict-prototypes in envvar CFLAGS... yes
checking if gcc supports flag -Wredundant-decls in envvar CFLAGS... yes
checking if gcc supports flag -Wmissing-declarations in envvar CFLAGS... yes
checking if gcc supports flag -Wmissing-noreturn in envvar CFLAGS... yes
checking if gcc supports flag -Wshadow in envvar CFLAGS... yes
checking if gcc supports flag -Wendif-labels in envvar CFLAGS... yes
checking if gcc supports flag -Wcast-align in envvar CFLAGS... yes
checking if gcc supports flag -Wstrict-aliasing=2 in envvar CFLAGS... yes
checking if gcc supports flag -Wwrite-strings in envvar CFLAGS... yes
checking if gcc supports flag -Wno-long-long in envvar CFLAGS... yes
checking if gcc supports flag -Wno-overlength-strings in envvar CFLAGS... yes
checking if gcc supports flag -Wno-unused-parameter in envvar CFLAGS... yes
checking if gcc supports flag -Wno-missing-field-initializers in envvar CFLAGS... yes
checking if gcc supports flag -Wno-unused-result in envvar CFLAGS... yes
checking if gcc supports flag -Wunsafe-loop-optimizations in envvar CFLAGS... yes
checking if gcc supports flag -Wpacked in envvar CFLAGS... yes
checking if gcc supports flag -Werror=overflow in envvar CFLAGS... yes
checking if gcc supports flag -Wp,-D_FORTIFY_SOURCE=2 in envvar CFLAGS... yes
checking if gcc supports flag -ffast-math in envvar CFLAGS... yes
checking if gcc supports flag -fno-common in envvar CFLAGS... yes
checking if gcc supports flag -fdiagnostics-show-option in envvar CFLAGS... yes
checking if gcc supports flag -fno-strict-aliasing in envvar CFLAGS... yes
checking if gcc supports flag -ffunction-sections in envvar CFLAGS... yes
checking if gcc supports flag -fdata-sections in envvar CFLAGS... yes
checking if gcc supports flag -Wl,--as-needed in envvar LDFLAGS... yes
checking if gcc supports flag -Wl,--gc-sections in envvar LDFLAGS... yes
checking for pkg-config... /usr/bin/pkg-config
checking pkg-config is at least version 0.9.0... yes
checking for LIBUDEV... yes
checking build system type... x86_64-unknown-linux-gnu
checking host system type... x86_64-unknown-linux-gnu
checking how to print strings... printf
checking for a sed that does not truncate output... /bin/sed
checking for fgrep... /bin/grep -F
checking for ld used by gcc... /usr/bin/ld
checking if the linker (/usr/bin/ld) is GNU ld... yes
checking for BSD- or MS-compatible name lister (nm)... /usr/bin/nm -B
checking the name lister (/usr/bin/nm -B) interface... BSD nm
checking whether ln -s works... yes
checking the maximum length of command line arguments... 1572864
checking whether the shell understands some XSI constructs... yes
checking whether the shell understands "+="... yes
checking how to convert x86_64-unknown-linux-gnu file names to x86_64-unknown-linux-gnu format... func_convert_file_noop
checking how to convert x86_64-unknown-linux-gnu file names to toolchain format... func_convert_file_noop
checking for /usr/bin/ld option to reload object files... -r
checking for objdump... objdump
checking how to recognize dependent libraries... pass_all
checking for dlltool... no
checking how to associate runtime and link libraries... printf %s\n
checking for ar... ar
checking for archiver @FILE support... @
checking for strip... strip
checking for ranlib... ranlib
checking command to parse /usr/bin/nm -B output from gcc object... ok
checking for sysroot... no
checking for mt... no
checking if : is a manifest tool... no
checking for dlfcn.h... yes
checking for objdir... .libs
checking if gcc supports -fno-rtti -fno-exceptions... no
checking for gcc option to produce PIC... -fPIC -DPIC
checking if gcc PIC flag -fPIC -DPIC works... yes
checking if gcc static flag -static works... yes
checking if gcc supports -c -o file.o... yes
checking if gcc supports -c -o file.o... (cached) yes
checking whether the gcc linker (/usr/bin/ld -m elf_x86_64) supports shared libraries... yes
checking whether -lc should be explicitly linked in... no
checking dynamic linker characteristics... GNU/Linux ld.so
checking how to hardcode library paths into programs... immediate
checking whether stripping libraries is possible... yes
checking if libtool supports shared libraries... yes
checking whether to build shared libraries... yes
checking whether to build static libraries... no
configure: creating ./config.status
config.status: creating Makefile
config.status: creating strpool/Makefile
config.status: creating libatasmart.pc
config.status: creating config.h
config.status: executing depfiles commands
config.status: executing libtool commands

 ---{ libatasmart 0.19 }---

    prefix:                 /usr
    sysconfdir:             ${prefix}/etc
    localstatedir:          ${prefix}/var
    Compiler:               gcc
    CFLAGS:                 -g -O2

make -C strpool strpool
make[1]: Entering directory '/sources/7.9/libatasmart-0.19/strpool'
  CC     strpool.o
  CCLD   strpool
make[1]: Leaving directory '/sources/7.9/libatasmart-0.19/strpool'
./strpool/strpool atasmart.c atasmart.strpool.c
make  all-recursive
make[1]: Entering directory '/sources/7.9/libatasmart-0.19'
Making all in strpool
make[2]: Entering directory '/sources/7.9/libatasmart-0.19/strpool'
make[2]: Nothing to be done for 'all'.
make[2]: Leaving directory '/sources/7.9/libatasmart-0.19/strpool'
Making all in .
make[2]: Entering directory '/sources/7.9/libatasmart-0.19'
  CC     libatasmart_la-atasmart.strpool.lo
  CCLD   libatasmart.la
  CC     skdump.o
  CCLD   skdump
  CC     sktest.o
  CCLD   sktest
make[2]: Leaving directory '/sources/7.9/libatasmart-0.19'
make[1]: Leaving directory '/sources/7.9/libatasmart-0.19'
make  install-recursive
make[1]: Entering directory '/sources/7.9/libatasmart-0.19'
Making install in strpool
make[2]: Entering directory '/sources/7.9/libatasmart-0.19/strpool'
make[3]: Entering directory '/sources/7.9/libatasmart-0.19/strpool'
make[3]: Nothing to be done for 'install-exec-am'.
make[3]: Nothing to be done for 'install-data-am'.
make[3]: Leaving directory '/sources/7.9/libatasmart-0.19/strpool'
make[2]: Leaving directory '/sources/7.9/libatasmart-0.19/strpool'
Making install in .
make[2]: Entering directory '/sources/7.9/libatasmart-0.19'
make[3]: Entering directory '/sources/7.9/libatasmart-0.19'
test -z "/usr/lib" || /bin/mkdir -p "/usr/lib"
 /bin/sh ./libtool   --mode=install /usr/bin/install -c   libatasmart.la '/usr/lib'
libtool: install: /usr/bin/install -c .libs/libatasmart.so.4.0.5 /usr/lib/libatasmart.so.4.0.5
libtool: install: (cd /usr/lib && { ln -s -f libatasmart.so.4.0.5 libatasmart.so.4 || { rm -f libatasmart.so.4 && ln -s libatasmart.so.4.0.5 libatasmart.so.4; }; })
libtool: install: (cd /usr/lib && { ln -s -f libatasmart.so.4.0.5 libatasmart.so || { rm -f libatasmart.so && ln -s libatasmart.so.4.0.5 libatasmart.so; }; })
libtool: install: /usr/bin/install -c .libs/libatasmart.lai /usr/lib/libatasmart.la
libtool: finish: PATH="/bin:/usr/ucb:/usr/bin:/usr/sbin:/sbin:/usr/etc:/etc:/sbin" ldconfig -n /usr/lib
----------------------------------------------------------------------
Libraries have been installed in:
   /usr/lib

If you ever happen to want to link against installed libraries
in a given directory, LIBDIR, you must either use libtool, and
specify the full pathname of the library, or use the `-LLIBDIR'
flag during linking and do at least one of the following:
   - add LIBDIR to the `LD_LIBRARY_PATH' environment variable
     during execution
   - add LIBDIR to the `LD_RUN_PATH' environment variable
     during linking
   - use the `-Wl,-rpath -Wl,LIBDIR' linker flag
   - have your system administrator add LIBDIR to `/etc/ld.so.conf'

See any operating system documentation about shared libraries for
more information, such as the ld(1) and ld.so(8) manual pages.
----------------------------------------------------------------------
test -z "/usr/sbin" || /bin/mkdir -p "/usr/sbin"
  /bin/sh ./libtool   --mode=install /usr/bin/install -c skdump sktest '/usr/sbin'
libtool: install: /usr/bin/install -c .libs/skdump /usr/sbin/skdump
libtool: install: /usr/bin/install -c .libs/sktest /usr/sbin/sktest
test -z "/usr/share/doc/libatasmart-0.19" || /bin/mkdir -p "/usr/share/doc/libatasmart-0.19"
 /usr/bin/install -c -m 644 README '/usr/share/doc/libatasmart-0.19'
test -z "/usr/include" || /bin/mkdir -p "/usr/include"
 /usr/bin/install -c -m 644 atasmart.h '/usr/include'
test -z "/usr/lib/pkgconfig" || /bin/mkdir -p "/usr/lib/pkgconfig"
 /usr/bin/install -c -m 644 libatasmart.pc '/usr/lib/pkgconfig'
test -z "/usr/share/vala/vapi" || /bin/mkdir -p "/usr/share/vala/vapi"
 /usr/bin/install -c -m 644 vala/atasmart.vapi '/usr/share/vala/vapi'
make[3]: Leaving directory '/sources/7.9/libatasmart-0.19'
make[2]: Leaving directory '/sources/7.9/libatasmart-0.19'
make[1]: Leaving directory '/sources/7.9/libatasmart-0.19'
