Archive:  ../docbook-xml-4.5.zip
  inflating: calstblx.dtd            
  inflating: catalog.xml             
  inflating: dbcentx.mod             
  inflating: dbgenent.mod            
  inflating: dbhierx.mod             
  inflating: dbnotnx.mod             
  inflating: dbpoolx.mod             
  inflating: docbook.cat             
  inflating: docbookx.dtd            
  inflating: ent/README              
  inflating: ent/isoamsa.ent         
  inflating: ent/isoamsb.ent         
  inflating: ent/isoamsc.ent         
  inflating: ent/isoamsn.ent         
  inflating: ent/isoamso.ent         
  inflating: ent/isoamsr.ent         
  inflating: ent/isobox.ent          
  inflating: ent/isocyr1.ent         
  inflating: ent/isocyr2.ent         
  inflating: ent/isodia.ent          
  inflating: ent/isogrk1.ent         
  inflating: ent/isogrk2.ent         
  inflating: ent/isogrk3.ent         
  inflating: ent/isogrk4.ent         
  inflating: ent/isolat1.ent         
  inflating: ent/isolat2.ent         
  inflating: ent/isonum.ent          
  inflating: ent/isopub.ent          
  inflating: ent/isotech.ent         
  inflating: htmltblx.mod            
  inflating: README                  
  inflating: soextblx.dtd            
  inflating: ChangeLog               
'docbook.cat' -> '/usr/share/xml/docbook/xml-dtd-4.5/docbook.cat'
'calstblx.dtd' -> '/usr/share/xml/docbook/xml-dtd-4.5/calstblx.dtd'
'docbookx.dtd' -> '/usr/share/xml/docbook/xml-dtd-4.5/docbookx.dtd'
'soextblx.dtd' -> '/usr/share/xml/docbook/xml-dtd-4.5/soextblx.dtd'
'ent/README' -> '/usr/share/xml/docbook/xml-dtd-4.5/ent/README'
'ent/isoamsa.ent' -> '/usr/share/xml/docbook/xml-dtd-4.5/ent/isoamsa.ent'
'ent/isoamsb.ent' -> '/usr/share/xml/docbook/xml-dtd-4.5/ent/isoamsb.ent'
'ent/isoamsc.ent' -> '/usr/share/xml/docbook/xml-dtd-4.5/ent/isoamsc.ent'
'ent/isoamsn.ent' -> '/usr/share/xml/docbook/xml-dtd-4.5/ent/isoamsn.ent'
'ent/isoamso.ent' -> '/usr/share/xml/docbook/xml-dtd-4.5/ent/isoamso.ent'
'ent/isoamsr.ent' -> '/usr/share/xml/docbook/xml-dtd-4.5/ent/isoamsr.ent'
'ent/isobox.ent' -> '/usr/share/xml/docbook/xml-dtd-4.5/ent/isobox.ent'
'ent/isocyr1.ent' -> '/usr/share/xml/docbook/xml-dtd-4.5/ent/isocyr1.ent'
'ent/isocyr2.ent' -> '/usr/share/xml/docbook/xml-dtd-4.5/ent/isocyr2.ent'
'ent/isodia.ent' -> '/usr/share/xml/docbook/xml-dtd-4.5/ent/isodia.ent'
'ent/isogrk1.ent' -> '/usr/share/xml/docbook/xml-dtd-4.5/ent/isogrk1.ent'
'ent/isogrk2.ent' -> '/usr/share/xml/docbook/xml-dtd-4.5/ent/isogrk2.ent'
'ent/isogrk3.ent' -> '/usr/share/xml/docbook/xml-dtd-4.5/ent/isogrk3.ent'
'ent/isogrk4.ent' -> '/usr/share/xml/docbook/xml-dtd-4.5/ent/isogrk4.ent'
'ent/isolat1.ent' -> '/usr/share/xml/docbook/xml-dtd-4.5/ent/isolat1.ent'
'ent/isolat2.ent' -> '/usr/share/xml/docbook/xml-dtd-4.5/ent/isolat2.ent'
'ent/isonum.ent' -> '/usr/share/xml/docbook/xml-dtd-4.5/ent/isonum.ent'
'ent/isopub.ent' -> '/usr/share/xml/docbook/xml-dtd-4.5/ent/isopub.ent'
'ent/isotech.ent' -> '/usr/share/xml/docbook/xml-dtd-4.5/ent/isotech.ent'
'dbcentx.mod' -> '/usr/share/xml/docbook/xml-dtd-4.5/dbcentx.mod'
'dbgenent.mod' -> '/usr/share/xml/docbook/xml-dtd-4.5/dbgenent.mod'
'dbhierx.mod' -> '/usr/share/xml/docbook/xml-dtd-4.5/dbhierx.mod'
'dbnotnx.mod' -> '/usr/share/xml/docbook/xml-dtd-4.5/dbnotnx.mod'
'dbpoolx.mod' -> '/usr/share/xml/docbook/xml-dtd-4.5/dbpoolx.mod'
'htmltblx.mod' -> '/usr/share/xml/docbook/xml-dtd-4.5/htmltblx.mod'
