checking for a BSD-compatible install... /usr/bin/install -c
checking whether build environment is sane... yes
checking for a thread-safe mkdir -p... /bin/mkdir -p
checking for gawk... gawk
checking whether make sets $(MAKE)... yes
configure: creating ./config.status
config.status: creating xorg-macros.pc
config.status: creating Makefile
config.status: creating xorg-macros.m4
make[1]: Entering directory '/sources/7.9/util-macros-1.19.0'
make[1]: Nothing to be done for 'install-exec-am'.
test -z "/usr/share/aclocal" || /bin/mkdir -p "/usr/share/aclocal"
 /usr/bin/install -c -m 644 xorg-macros.m4 '/usr/share/aclocal'
test -z "/usr/share/util-macros" || /bin/mkdir -p "/usr/share/util-macros"
 /usr/bin/install -c -m 644 INSTALL '/usr/share/util-macros'
test -z "/usr/share/pkgconfig" || /bin/mkdir -p "/usr/share/pkgconfig"
 /usr/bin/install -c -m 644 xorg-macros.pc '/usr/share/pkgconfig'
make  install-data-hook
make[2]: Entering directory '/sources/7.9/util-macros-1.19.0'
rm -f /usr/share/aclocal/xorgversion.m4
make[2]: Leaving directory '/sources/7.9/util-macros-1.19.0'
make[1]: Leaving directory '/sources/7.9/util-macros-1.19.0'
