make  check-recursive
make[1]: Entering directory '/sources/7.9/gobject-introspection-1.46.0'
Making check in .
make[2]: Entering directory '/sources/7.9/gobject-introspection-1.46.0'
make   
make[3]: Entering directory '/sources/7.9/gobject-introspection-1.46.0'
make  all-recursive
make[4]: Entering directory '/sources/7.9/gobject-introspection-1.46.0'
Making all in .
make[5]: Entering directory '/sources/7.9/gobject-introspection-1.46.0'
make[5]: Leaving directory '/sources/7.9/gobject-introspection-1.46.0'
Making all in docs
make[5]: Entering directory '/sources/7.9/gobject-introspection-1.46.0/docs'
make[6]: Entering directory '/sources/7.9/gobject-introspection-1.46.0/docs'
make[6]: Nothing to be done for 'all-am'.
make[6]: Leaving directory '/sources/7.9/gobject-introspection-1.46.0/docs'
make[5]: Leaving directory '/sources/7.9/gobject-introspection-1.46.0/docs'
Making all in tests
make[5]: Entering directory '/sources/7.9/gobject-introspection-1.46.0/tests'
make  all-recursive
make[6]: Entering directory '/sources/7.9/gobject-introspection-1.46.0/tests'
Making all in .
make[7]: Entering directory '/sources/7.9/gobject-introspection-1.46.0/tests'
make[7]: Leaving directory '/sources/7.9/gobject-introspection-1.46.0/tests'
Making all in scanner
make[7]: Entering directory '/sources/7.9/gobject-introspection-1.46.0/tests/scanner'
Making all in .
make[8]: Entering directory '/sources/7.9/gobject-introspection-1.46.0/tests/scanner'
make[8]: Nothing to be done for 'all-am'.
make[8]: Leaving directory '/sources/7.9/gobject-introspection-1.46.0/tests/scanner'
Making all in annotationparser
make[8]: Entering directory '/sources/7.9/gobject-introspection-1.46.0/tests/scanner/annotationparser'
make[8]: Nothing to be done for 'all'.
make[8]: Leaving directory '/sources/7.9/gobject-introspection-1.46.0/tests/scanner/annotationparser'
make[7]: Leaving directory '/sources/7.9/gobject-introspection-1.46.0/tests/scanner'
Making all in repository
make[7]: Entering directory '/sources/7.9/gobject-introspection-1.46.0/tests/repository'
make[7]: Nothing to be done for 'all'.
make[7]: Leaving directory '/sources/7.9/gobject-introspection-1.46.0/tests/repository'
Making all in offsets
make[7]: Entering directory '/sources/7.9/gobject-introspection-1.46.0/tests/offsets'
make  all-am
make[8]: Entering directory '/sources/7.9/gobject-introspection-1.46.0/tests/offsets'
make[8]: Nothing to be done for 'all-am'.
make[8]: Leaving directory '/sources/7.9/gobject-introspection-1.46.0/tests/offsets'
make[7]: Leaving directory '/sources/7.9/gobject-introspection-1.46.0/tests/offsets'
Making all in warn
make[7]: Entering directory '/sources/7.9/gobject-introspection-1.46.0/tests/warn'
make[7]: Nothing to be done for 'all'.
make[7]: Leaving directory '/sources/7.9/gobject-introspection-1.46.0/tests/warn'
make[6]: Leaving directory '/sources/7.9/gobject-introspection-1.46.0/tests'
make[5]: Leaving directory '/sources/7.9/gobject-introspection-1.46.0/tests'
Making all in build
make[5]: Entering directory '/sources/7.9/gobject-introspection-1.46.0/build'
Making all in win32
make[6]: Entering directory '/sources/7.9/gobject-introspection-1.46.0/build/win32'
Making all in vs9
make[7]: Entering directory '/sources/7.9/gobject-introspection-1.46.0/build/win32/vs9'
make[7]: Nothing to be done for 'all'.
make[7]: Leaving directory '/sources/7.9/gobject-introspection-1.46.0/build/win32/vs9'
Making all in vs10
make[7]: Entering directory '/sources/7.9/gobject-introspection-1.46.0/build/win32/vs10'
make[7]: Nothing to be done for 'all'.
make[7]: Leaving directory '/sources/7.9/gobject-introspection-1.46.0/build/win32/vs10'
Making all in vs11
make[7]: Entering directory '/sources/7.9/gobject-introspection-1.46.0/build/win32/vs11'
make[7]: Nothing to be done for 'all'.
make[7]: Leaving directory '/sources/7.9/gobject-introspection-1.46.0/build/win32/vs11'
Making all in vs12
make[7]: Entering directory '/sources/7.9/gobject-introspection-1.46.0/build/win32/vs12'
make[7]: Nothing to be done for 'all'.
make[7]: Leaving directory '/sources/7.9/gobject-introspection-1.46.0/build/win32/vs12'
make[7]: Entering directory '/sources/7.9/gobject-introspection-1.46.0/build/win32'
make[7]: Nothing to be done for 'all-am'.
make[7]: Leaving directory '/sources/7.9/gobject-introspection-1.46.0/build/win32'
make[6]: Leaving directory '/sources/7.9/gobject-introspection-1.46.0/build/win32'
make[6]: Entering directory '/sources/7.9/gobject-introspection-1.46.0/build'
make[6]: Nothing to be done for 'all-am'.
make[6]: Leaving directory '/sources/7.9/gobject-introspection-1.46.0/build'
make[5]: Leaving directory '/sources/7.9/gobject-introspection-1.46.0/build'
make[4]: Leaving directory '/sources/7.9/gobject-introspection-1.46.0'
make[3]: Leaving directory '/sources/7.9/gobject-introspection-1.46.0'
make  check-TESTS check-local
make[3]: Entering directory '/sources/7.9/gobject-introspection-1.46.0'
make[4]: Entering directory '/sources/7.9/gobject-introspection-1.46.0'
  CC       cmph_bdz_test-cmph-bdz-test.o
  CCLD     cmph-bdz-test
PASS: cmph-bdz-test
  CC       gthash_test-gthash.o
  CC       gthash_test-gthash-test.o
  CCLD     gthash-test
PASS: gthash-test
============================================================================
Testsuite summary for gobject-introspection 1.46.0
============================================================================
# TOTAL: 2
# PASS:  2
# SKIP:  0
# XFAIL: 0
# FAIL:  0
# XPASS: 0
# ERROR: 0
============================================================================
make[4]: Leaving directory '/sources/7.9/gobject-introspection-1.46.0'
TEST: PEP-8 INQUISITION
make[3]: Leaving directory '/sources/7.9/gobject-introspection-1.46.0'
make[2]: Leaving directory '/sources/7.9/gobject-introspection-1.46.0'
Making check in docs
make[2]: Entering directory '/sources/7.9/gobject-introspection-1.46.0/docs'
make[3]: Entering directory '/sources/7.9/gobject-introspection-1.46.0/docs'
make[3]: Nothing to be done for 'check-am'.
make[3]: Leaving directory '/sources/7.9/gobject-introspection-1.46.0/docs'
make[2]: Leaving directory '/sources/7.9/gobject-introspection-1.46.0/docs'
Making check in tests
make[2]: Entering directory '/sources/7.9/gobject-introspection-1.46.0/tests'
make  check-recursive
make[3]: Entering directory '/sources/7.9/gobject-introspection-1.46.0/tests'
Making check in .
make[4]: Entering directory '/sources/7.9/gobject-introspection-1.46.0/tests'
make  check-TESTS
make[5]: Entering directory '/sources/7.9/gobject-introspection-1.46.0/tests'
make[6]: Entering directory '/sources/7.9/gobject-introspection-1.46.0/tests'
  CC       everything.lo
  CCLD     libeverything-1.0.la
  GEN      Everything-1.0.gir
g-ir-scanner: link: /bin/sh ../libtool --mode=link --tag=CC gcc -o /sources/7.9/gobject-introspection-1.46.0/tests/tmp-introspectSknf5s/Everything-1.0 -export-dynamic tmp-introspectSknf5s/sources/7.9/gobject-introspection-1.46.0/tests/tmp-introspectSknf5s/Everything-1.0.o -L. libeverything-1.0.la -lgio-2.0 -lgobject-2.0 -Wl,--export-dynamic -lgmodule-2.0 -pthread -lglib-2.0
libtool: link: gcc -o /sources/7.9/gobject-introspection-1.46.0/tests/tmp-introspectSknf5s/Everything-1.0 tmp-introspectSknf5s/sources/7.9/gobject-introspection-1.46.0/tests/tmp-introspectSknf5s/Everything-1.0.o -Wl,--export-dynamic -pthread -Wl,--export-dynamic  -L. ./.libs/libeverything-1.0.a /usr/lib/libgio-2.0.so -L/usr/lib/../lib64 -lz -lresolv /usr/lib/libgobject-2.0.so /usr/lib/../lib64/libffi.so /usr/lib/libgmodule-2.0.so -ldl /usr/lib/libglib-2.0.so /usr/lib/libpcre.so -lpthread -pthread -Wl,-rpath -Wl,/usr/lib/../lib64 -Wl,-rpath -Wl,/usr/lib/../lib64
  GEN      Everything-1.0.typelib
PASS: Everything-1.0.typelib
  CC       gimarshallingtests.lo
  CCLD     libgimarshallingtests-1.0.la
  GEN      GIMarshallingTests-1.0.gir
g-ir-scanner: link: /bin/sh ../libtool --mode=link --tag=CC gcc -o /sources/7.9/gobject-introspection-1.46.0/tests/tmp-introspectle1jyl/GIMarshallingTests-1.0 -export-dynamic tmp-introspectle1jyl/sources/7.9/gobject-introspection-1.46.0/tests/tmp-introspectle1jyl/GIMarshallingTests-1.0.o -L. libgimarshallingtests-1.0.la -lgio-2.0 -lgobject-2.0 -Wl,--export-dynamic -lgmodule-2.0 -pthread -lglib-2.0
libtool: link: gcc -o /sources/7.9/gobject-introspection-1.46.0/tests/tmp-introspectle1jyl/GIMarshallingTests-1.0 tmp-introspectle1jyl/sources/7.9/gobject-introspection-1.46.0/tests/tmp-introspectle1jyl/GIMarshallingTests-1.0.o -Wl,--export-dynamic -pthread -Wl,--export-dynamic  -L. ./.libs/libgimarshallingtests-1.0.a /usr/lib/libgio-2.0.so -L/usr/lib/../lib64 -lz -lresolv /usr/lib/libgobject-2.0.so /usr/lib/../lib64/libffi.so /usr/lib/libgmodule-2.0.so -ldl /usr/lib/libglib-2.0.so /usr/lib/libpcre.so -lpthread -pthread -Wl,-rpath -Wl,/usr/lib/../lib64 -Wl,-rpath -Wl,/usr/lib/../lib64
  GEN      GIMarshallingTests-1.0.typelib
PASS: GIMarshallingTests-1.0.typelib
============================================================================
Testsuite summary for gobject-introspection 1.46.0
============================================================================
# TOTAL: 2
# PASS:  2
# SKIP:  0
# XFAIL: 0
# FAIL:  0
# XPASS: 0
# ERROR: 0
============================================================================
make[6]: Leaving directory '/sources/7.9/gobject-introspection-1.46.0/tests'
make[5]: Leaving directory '/sources/7.9/gobject-introspection-1.46.0/tests'
make[4]: Leaving directory '/sources/7.9/gobject-introspection-1.46.0/tests'
Making check in scanner
make[4]: Entering directory '/sources/7.9/gobject-introspection-1.46.0/tests/scanner'
Making check in .
make[5]: Entering directory '/sources/7.9/gobject-introspection-1.46.0/tests/scanner'
make  check-TESTS
make[6]: Entering directory '/sources/7.9/gobject-introspection-1.46.0/tests/scanner'
make[7]: Entering directory '/sources/7.9/gobject-introspection-1.46.0/tests/scanner'
  CC       libsletter_la-sletter.lo
  CCLD     libsletter.la
  GISCAN   SLetter-1.0.gir
PASS: SLetter-1.0.gir
  CC       utility.lo
  CCLD     libutility.la
  GISCAN   Utility-1.0.gir
  CC       libregress_la-regress.lo
  CC       libregress_la-annotation.lo
  CC       libregress_la-foo.lo
  CC       libregress_la-drawable.lo
  CCLD     libregress.la
  GISCAN   Regress-1.0.gir
FAIL: Regress-1.0.gir
  CC       libwarnlib_la-warnlib.lo
  CCLD     libwarnlib.la
  GISCAN   WarnLib-1.0.gir
PASS: WarnLib-1.0.gir
PASS: Utility-1.0.gir
  CC       gtkfrob.lo
  CCLD     libgtkfrob.la
  GISCAN   GtkFrob-1.0.gir
PASS: GtkFrob-1.0.gir
  CC       gettype.lo
  CCLD     libgettype.la
  GISCAN   GetType-1.0.gir
PASS: GetType-1.0.gir
  CC       typedefs.lo
  CCLD     libtypedefs.la
  GISCAN   Typedefs-1.0.gir
PASS: Typedefs-1.0.gir
  CC       barapp.o
  CCLD     barapp
  GISCAN   Bar-1.0.gir
PASS: Bar-1.0.gir
  GEN      Headeronly-1.0.gir
PASS: Headeronly-1.0.gir
  GEN      Identfilter-1.0.gir
PASS: Identfilter-1.0.gir
  GEN      Symbolfilter-1.0.gir
PASS: Symbolfilter-1.0.gir
  GICOMP   SLetter-1.0.gir
PASS: SLetter-1.0.typelib
  GICOMP   Regress-1.0.gir
PASS: Regress-1.0.typelib
  GICOMP   WarnLib-1.0.gir
PASS: WarnLib-1.0.typelib
  GICOMP   Utility-1.0.gir
PASS: Utility-1.0.typelib
  GICOMP   GtkFrob-1.0.gir
PASS: GtkFrob-1.0.typelib
  GICOMP   GetType-1.0.gir
PASS: GetType-1.0.typelib
  GICOMP   Typedefs-1.0.gir
PASS: Typedefs-1.0.typelib
  GICOMP   Bar-1.0.gir
PASS: Bar-1.0.typelib
PASS: test_sourcescanner.py
PASS: test_transformer.py
============================================================================
Testsuite summary for gobject-introspection 1.46.0
============================================================================
# TOTAL: 21
# PASS:  20
# SKIP:  0
# XFAIL: 0
# FAIL:  1
# XPASS: 0
# ERROR: 0
============================================================================
See tests/scanner/test-suite.log
Please report to http://bugzilla.gnome.org/enter_bug.cgi?product=gobject-introspection
============================================================================
Makefile:1245: recipe for target 'test-suite.log' failed
make[7]: Leaving directory '/sources/7.9/gobject-introspection-1.46.0/tests/scanner'
Makefile:1351: recipe for target 'check-TESTS' failed
make[6]: Leaving directory '/sources/7.9/gobject-introspection-1.46.0/tests/scanner'
Makefile:1617: recipe for target 'check-am' failed
make[5]: Leaving directory '/sources/7.9/gobject-introspection-1.46.0/tests/scanner'
Makefile:1138: recipe for target 'check-recursive' failed
make[4]: Leaving directory '/sources/7.9/gobject-introspection-1.46.0/tests/scanner'
Makefile:785: recipe for target 'check-recursive' failed
make[3]: Leaving directory '/sources/7.9/gobject-introspection-1.46.0/tests'
Makefile:1105: recipe for target 'check' failed
make[2]: Leaving directory '/sources/7.9/gobject-introspection-1.46.0/tests'
Makefile:2720: recipe for target 'check-recursive' failed
make[1]: Leaving directory '/sources/7.9/gobject-introspection-1.46.0'
Makefile:3180: recipe for target 'check' failed
