Making check in m4
make[1]: Entering directory '/sources/7.9/libvorbis-1.3.5/m4'
make[1]: Nothing to be done for 'check'.
make[1]: Leaving directory '/sources/7.9/libvorbis-1.3.5/m4'
Making check in include
make[1]: Entering directory '/sources/7.9/libvorbis-1.3.5/include'
Making check in vorbis
make[2]: Entering directory '/sources/7.9/libvorbis-1.3.5/include/vorbis'
make[2]: Nothing to be done for 'check'.
make[2]: Leaving directory '/sources/7.9/libvorbis-1.3.5/include/vorbis'
make[2]: Entering directory '/sources/7.9/libvorbis-1.3.5/include'
make[2]: Nothing to be done for 'check-am'.
make[2]: Leaving directory '/sources/7.9/libvorbis-1.3.5/include'
make[1]: Leaving directory '/sources/7.9/libvorbis-1.3.5/include'
Making check in vq
make[1]: Entering directory '/sources/7.9/libvorbis-1.3.5/vq'
make[1]: Nothing to be done for 'check'.
make[1]: Leaving directory '/sources/7.9/libvorbis-1.3.5/vq'
Making check in lib
make[1]: Entering directory '/sources/7.9/libvorbis-1.3.5/lib'
Making check in modes
make[2]: Entering directory '/sources/7.9/libvorbis-1.3.5/lib/modes'
make[2]: Nothing to be done for 'check'.
make[2]: Leaving directory '/sources/7.9/libvorbis-1.3.5/lib/modes'
Making check in books
make[2]: Entering directory '/sources/7.9/libvorbis-1.3.5/lib/books'
Making check in coupled
make[3]: Entering directory '/sources/7.9/libvorbis-1.3.5/lib/books/coupled'
make[3]: Nothing to be done for 'check'.
make[3]: Leaving directory '/sources/7.9/libvorbis-1.3.5/lib/books/coupled'
Making check in uncoupled
make[3]: Entering directory '/sources/7.9/libvorbis-1.3.5/lib/books/uncoupled'
make[3]: Nothing to be done for 'check'.
make[3]: Leaving directory '/sources/7.9/libvorbis-1.3.5/lib/books/uncoupled'
Making check in floor
make[3]: Entering directory '/sources/7.9/libvorbis-1.3.5/lib/books/floor'
make[3]: Nothing to be done for 'check'.
make[3]: Leaving directory '/sources/7.9/libvorbis-1.3.5/lib/books/floor'
make[3]: Entering directory '/sources/7.9/libvorbis-1.3.5/lib/books'
make[3]: Nothing to be done for 'check-am'.
make[3]: Leaving directory '/sources/7.9/libvorbis-1.3.5/lib/books'
make[2]: Leaving directory '/sources/7.9/libvorbis-1.3.5/lib/books'
make[2]: Entering directory '/sources/7.9/libvorbis-1.3.5/lib'
make[2]: Nothing to be done for 'check-am'.
make[2]: Leaving directory '/sources/7.9/libvorbis-1.3.5/lib'
./test_sharedbook
make[1]: Leaving directory '/sources/7.9/libvorbis-1.3.5/lib'
Making check in test
make[1]: Entering directory '/sources/7.9/libvorbis-1.3.5/test'
gcc -DHAVE_CONFIG_H -I. -I.. -I../include     -O3 -Wall -Wextra -ffast-math -D_REENTRANT -fsigned-char -Wdeclaration-after-statement  -DUSE_MEMORY_H -MT util.o -MD -MP -MF .deps/util.Tpo -c -o util.o util.c
mv -f .deps/util.Tpo .deps/util.Po
gcc -DHAVE_CONFIG_H -I. -I.. -I../include     -O3 -Wall -Wextra -ffast-math -D_REENTRANT -fsigned-char -Wdeclaration-after-statement  -DUSE_MEMORY_H -MT write_read.o -MD -MP -MF .deps/write_read.Tpo -c -o write_read.o write_read.c
mv -f .deps/write_read.Tpo .deps/write_read.Po
gcc -DHAVE_CONFIG_H -I. -I.. -I../include     -O3 -Wall -Wextra -ffast-math -D_REENTRANT -fsigned-char -Wdeclaration-after-statement  -DUSE_MEMORY_H -MT test.o -MD -MP -MF .deps/test.Tpo -c -o test.o test.c
mv -f .deps/test.Tpo .deps/test.Po
/bin/sh ../libtool  --tag=CC   --mode=link gcc  -O3 -Wall -Wextra -ffast-math -D_REENTRANT -fsigned-char -Wdeclaration-after-statement  -DUSE_MEMORY_H   -o test util.o write_read.o test.o ../lib/libvorbisenc.la ../lib/libvorbis.la -logg -lm -lm
libtool: link: gcc -O3 -Wall -Wextra -ffast-math -D_REENTRANT -fsigned-char -Wdeclaration-after-statement -DUSE_MEMORY_H -o .libs/test util.o write_read.o test.o  ../lib/.libs/libvorbisenc.so /sources/7.9/libvorbis-1.3.5/lib/.libs/libvorbis.so ../lib/.libs/libvorbis.so /usr/lib/libogg.so -lm
make  test
make[2]: Entering directory '/sources/7.9/libvorbis-1.3.5/test'
make[2]: 'test' is up to date.
make[2]: Leaving directory '/sources/7.9/libvorbis-1.3.5/test'
./test

Testing 1 channel

    vorbis_1ch_q-0.5_44100.ogg : ok
    vorbis_1ch_q-0.5_48000.ogg : ok
    vorbis_1ch_q-0.5_32000.ogg : ok
    vorbis_1ch_q-0.5_22050.ogg : ok
    vorbis_1ch_q-0.5_16000.ogg : ok
    vorbis_1ch_q-0.5_96000.ogg : ok
    vorbis_1ch_q0.5_44100.ogg : ok
    vorbis_1ch_q0.5_48000.ogg : ok
    vorbis_1ch_q0.5_32000.ogg : ok
    vorbis_1ch_q0.5_22050.ogg : ok
    vorbis_1ch_q0.5_16000.ogg : ok
    vorbis_1ch_q0.5_96000.ogg : ok
    vorbis_1ch_q1.5_44100.ogg : ok
    vorbis_1ch_q1.5_48000.ogg : ok
    vorbis_1ch_q1.5_32000.ogg : ok
    vorbis_1ch_q1.5_22050.ogg : ok
    vorbis_1ch_q1.5_16000.ogg : ok
    vorbis_1ch_q1.5_96000.ogg : ok
    vorbis_1ch_q2.5_44100.ogg : ok
    vorbis_1ch_q2.5_48000.ogg : ok
    vorbis_1ch_q2.5_32000.ogg : ok
    vorbis_1ch_q2.5_22050.ogg : ok
    vorbis_1ch_q2.5_16000.ogg : ok
    vorbis_1ch_q2.5_96000.ogg : ok
    vorbis_1ch_q3.5_44100.ogg : ok
    vorbis_1ch_q3.5_48000.ogg : ok
    vorbis_1ch_q3.5_32000.ogg : ok
    vorbis_1ch_q3.5_22050.ogg : ok
    vorbis_1ch_q3.5_16000.ogg : ok
    vorbis_1ch_q3.5_96000.ogg : ok
    vorbis_1ch_q4.5_44100.ogg : ok
    vorbis_1ch_q4.5_48000.ogg : ok
    vorbis_1ch_q4.5_32000.ogg : ok
    vorbis_1ch_q4.5_22050.ogg : ok
    vorbis_1ch_q4.5_16000.ogg : ok
    vorbis_1ch_q4.5_96000.ogg : ok
    vorbis_1ch_q5.5_44100.ogg : ok
    vorbis_1ch_q5.5_48000.ogg : ok
    vorbis_1ch_q5.5_32000.ogg : ok
    vorbis_1ch_q5.5_22050.ogg : ok
    vorbis_1ch_q5.5_16000.ogg : ok
    vorbis_1ch_q5.5_96000.ogg : ok
    vorbis_1ch_q6.5_44100.ogg : ok
    vorbis_1ch_q6.5_48000.ogg : ok
    vorbis_1ch_q6.5_32000.ogg : ok
    vorbis_1ch_q6.5_22050.ogg : ok
    vorbis_1ch_q6.5_16000.ogg : ok
    vorbis_1ch_q6.5_96000.ogg : ok
    vorbis_1ch_q7.5_44100.ogg : ok
    vorbis_1ch_q7.5_48000.ogg : ok
    vorbis_1ch_q7.5_32000.ogg : ok
    vorbis_1ch_q7.5_22050.ogg : ok
    vorbis_1ch_q7.5_16000.ogg : ok
    vorbis_1ch_q7.5_96000.ogg : ok
    vorbis_1ch_q8.5_44100.ogg : ok
    vorbis_1ch_q8.5_48000.ogg : ok
    vorbis_1ch_q8.5_32000.ogg : ok
    vorbis_1ch_q8.5_22050.ogg : ok
    vorbis_1ch_q8.5_16000.ogg : ok
    vorbis_1ch_q8.5_96000.ogg : ok
    vorbis_1ch_q9.5_44100.ogg : ok
    vorbis_1ch_q9.5_48000.ogg : ok
    vorbis_1ch_q9.5_32000.ogg : ok
    vorbis_1ch_q9.5_22050.ogg : ok
    vorbis_1ch_q9.5_16000.ogg : ok
    vorbis_1ch_q9.5_96000.ogg : ok

Testing 2 channels

    vorbis_2ch_q-0.5_44100.ogg : ok
    vorbis_2ch_q-0.5_48000.ogg : ok
    vorbis_2ch_q-0.5_32000.ogg : ok
    vorbis_2ch_q-0.5_22050.ogg : ok
    vorbis_2ch_q-0.5_16000.ogg : ok
    vorbis_2ch_q-0.5_96000.ogg : ok
    vorbis_2ch_q0.5_44100.ogg : ok
    vorbis_2ch_q0.5_48000.ogg : ok
    vorbis_2ch_q0.5_32000.ogg : ok
    vorbis_2ch_q0.5_22050.ogg : ok
    vorbis_2ch_q0.5_16000.ogg : ok
    vorbis_2ch_q0.5_96000.ogg : ok
    vorbis_2ch_q1.5_44100.ogg : ok
    vorbis_2ch_q1.5_48000.ogg : ok
    vorbis_2ch_q1.5_32000.ogg : ok
    vorbis_2ch_q1.5_22050.ogg : ok
    vorbis_2ch_q1.5_16000.ogg : ok
    vorbis_2ch_q1.5_96000.ogg : ok
    vorbis_2ch_q2.5_44100.ogg : ok
    vorbis_2ch_q2.5_48000.ogg : ok
    vorbis_2ch_q2.5_32000.ogg : ok
    vorbis_2ch_q2.5_22050.ogg : ok
    vorbis_2ch_q2.5_16000.ogg : ok
    vorbis_2ch_q2.5_96000.ogg : ok
    vorbis_2ch_q3.5_44100.ogg : ok
    vorbis_2ch_q3.5_48000.ogg : ok
    vorbis_2ch_q3.5_32000.ogg : ok
    vorbis_2ch_q3.5_22050.ogg : ok
    vorbis_2ch_q3.5_16000.ogg : ok
    vorbis_2ch_q3.5_96000.ogg : ok
    vorbis_2ch_q4.5_44100.ogg : ok
    vorbis_2ch_q4.5_48000.ogg : ok
    vorbis_2ch_q4.5_32000.ogg : ok
    vorbis_2ch_q4.5_22050.ogg : ok
    vorbis_2ch_q4.5_16000.ogg : ok
    vorbis_2ch_q4.5_96000.ogg : ok
    vorbis_2ch_q5.5_44100.ogg : ok
    vorbis_2ch_q5.5_48000.ogg : ok
    vorbis_2ch_q5.5_32000.ogg : ok
    vorbis_2ch_q5.5_22050.ogg : ok
    vorbis_2ch_q5.5_16000.ogg : ok
    vorbis_2ch_q5.5_96000.ogg : ok
    vorbis_2ch_q6.5_44100.ogg : ok
    vorbis_2ch_q6.5_48000.ogg : ok
    vorbis_2ch_q6.5_32000.ogg : ok
    vorbis_2ch_q6.5_22050.ogg : ok
    vorbis_2ch_q6.5_16000.ogg : ok
    vorbis_2ch_q6.5_96000.ogg : ok
    vorbis_2ch_q7.5_44100.ogg : ok
    vorbis_2ch_q7.5_48000.ogg : ok
    vorbis_2ch_q7.5_32000.ogg : ok
    vorbis_2ch_q7.5_22050.ogg : ok
    vorbis_2ch_q7.5_16000.ogg : ok
    vorbis_2ch_q7.5_96000.ogg : ok
    vorbis_2ch_q8.5_44100.ogg : ok
    vorbis_2ch_q8.5_48000.ogg : ok
    vorbis_2ch_q8.5_32000.ogg : ok
    vorbis_2ch_q8.5_22050.ogg : ok
    vorbis_2ch_q8.5_16000.ogg : ok
    vorbis_2ch_q8.5_96000.ogg : ok
    vorbis_2ch_q9.5_44100.ogg : ok
    vorbis_2ch_q9.5_48000.ogg : ok
    vorbis_2ch_q9.5_32000.ogg : ok
    vorbis_2ch_q9.5_22050.ogg : ok
    vorbis_2ch_q9.5_16000.ogg : ok
    vorbis_2ch_q9.5_96000.ogg : ok

Testing 3 channels

    vorbis_3ch_q-0.5_44100.ogg : ok
    vorbis_3ch_q-0.5_48000.ogg : ok
    vorbis_3ch_q-0.5_32000.ogg : ok
    vorbis_3ch_q-0.5_22050.ogg : ok
    vorbis_3ch_q-0.5_16000.ogg : ok
    vorbis_3ch_q-0.5_96000.ogg : ok
    vorbis_3ch_q0.5_44100.ogg : ok
    vorbis_3ch_q0.5_48000.ogg : ok
    vorbis_3ch_q0.5_32000.ogg : ok
    vorbis_3ch_q0.5_22050.ogg : ok
    vorbis_3ch_q0.5_16000.ogg : ok
    vorbis_3ch_q0.5_96000.ogg : ok
    vorbis_3ch_q1.5_44100.ogg : ok
    vorbis_3ch_q1.5_48000.ogg : ok
    vorbis_3ch_q1.5_32000.ogg : ok
    vorbis_3ch_q1.5_22050.ogg : ok
    vorbis_3ch_q1.5_16000.ogg : ok
    vorbis_3ch_q1.5_96000.ogg : ok
    vorbis_3ch_q2.5_44100.ogg : ok
    vorbis_3ch_q2.5_48000.ogg : ok
    vorbis_3ch_q2.5_32000.ogg : ok
    vorbis_3ch_q2.5_22050.ogg : ok
    vorbis_3ch_q2.5_16000.ogg : ok
    vorbis_3ch_q2.5_96000.ogg : ok
    vorbis_3ch_q3.5_44100.ogg : ok
    vorbis_3ch_q3.5_48000.ogg : ok
    vorbis_3ch_q3.5_32000.ogg : ok
    vorbis_3ch_q3.5_22050.ogg : ok
    vorbis_3ch_q3.5_16000.ogg : ok
    vorbis_3ch_q3.5_96000.ogg : ok
    vorbis_3ch_q4.5_44100.ogg : ok
    vorbis_3ch_q4.5_48000.ogg : ok
    vorbis_3ch_q4.5_32000.ogg : ok
    vorbis_3ch_q4.5_22050.ogg : ok
    vorbis_3ch_q4.5_16000.ogg : ok
    vorbis_3ch_q4.5_96000.ogg : ok
    vorbis_3ch_q5.5_44100.ogg : ok
    vorbis_3ch_q5.5_48000.ogg : ok
    vorbis_3ch_q5.5_32000.ogg : ok
    vorbis_3ch_q5.5_22050.ogg : ok
    vorbis_3ch_q5.5_16000.ogg : ok
    vorbis_3ch_q5.5_96000.ogg : ok
    vorbis_3ch_q6.5_44100.ogg : ok
    vorbis_3ch_q6.5_48000.ogg : ok
    vorbis_3ch_q6.5_32000.ogg : ok
    vorbis_3ch_q6.5_22050.ogg : ok
    vorbis_3ch_q6.5_16000.ogg : ok
    vorbis_3ch_q6.5_96000.ogg : ok
    vorbis_3ch_q7.5_44100.ogg : ok
    vorbis_3ch_q7.5_48000.ogg : ok
    vorbis_3ch_q7.5_32000.ogg : ok
    vorbis_3ch_q7.5_22050.ogg : ok
    vorbis_3ch_q7.5_16000.ogg : ok
    vorbis_3ch_q7.5_96000.ogg : ok
    vorbis_3ch_q8.5_44100.ogg : ok
    vorbis_3ch_q8.5_48000.ogg : ok
    vorbis_3ch_q8.5_32000.ogg : ok
    vorbis_3ch_q8.5_22050.ogg : ok
    vorbis_3ch_q8.5_16000.ogg : ok
    vorbis_3ch_q8.5_96000.ogg : ok
    vorbis_3ch_q9.5_44100.ogg : ok
    vorbis_3ch_q9.5_48000.ogg : ok
    vorbis_3ch_q9.5_32000.ogg : ok
    vorbis_3ch_q9.5_22050.ogg : ok
    vorbis_3ch_q9.5_16000.ogg : ok
    vorbis_3ch_q9.5_96000.ogg : ok

Testing 4 channels

    vorbis_4ch_q-0.5_44100.ogg : ok
    vorbis_4ch_q-0.5_48000.ogg : ok
    vorbis_4ch_q-0.5_32000.ogg : ok
    vorbis_4ch_q-0.5_22050.ogg : ok
    vorbis_4ch_q-0.5_16000.ogg : ok
    vorbis_4ch_q-0.5_96000.ogg : ok
    vorbis_4ch_q0.5_44100.ogg : ok
    vorbis_4ch_q0.5_48000.ogg : ok
    vorbis_4ch_q0.5_32000.ogg : ok
    vorbis_4ch_q0.5_22050.ogg : ok
    vorbis_4ch_q0.5_16000.ogg : ok
    vorbis_4ch_q0.5_96000.ogg : ok
    vorbis_4ch_q1.5_44100.ogg : ok
    vorbis_4ch_q1.5_48000.ogg : ok
    vorbis_4ch_q1.5_32000.ogg : ok
    vorbis_4ch_q1.5_22050.ogg : ok
    vorbis_4ch_q1.5_16000.ogg : ok
    vorbis_4ch_q1.5_96000.ogg : ok
    vorbis_4ch_q2.5_44100.ogg : ok
    vorbis_4ch_q2.5_48000.ogg : ok
    vorbis_4ch_q2.5_32000.ogg : ok
    vorbis_4ch_q2.5_22050.ogg : ok
    vorbis_4ch_q2.5_16000.ogg : ok
    vorbis_4ch_q2.5_96000.ogg : ok
    vorbis_4ch_q3.5_44100.ogg : ok
    vorbis_4ch_q3.5_48000.ogg : ok
    vorbis_4ch_q3.5_32000.ogg : ok
    vorbis_4ch_q3.5_22050.ogg : ok
    vorbis_4ch_q3.5_16000.ogg : ok
    vorbis_4ch_q3.5_96000.ogg : ok
    vorbis_4ch_q4.5_44100.ogg : ok
    vorbis_4ch_q4.5_48000.ogg : ok
    vorbis_4ch_q4.5_32000.ogg : ok
    vorbis_4ch_q4.5_22050.ogg : ok
    vorbis_4ch_q4.5_16000.ogg : ok
    vorbis_4ch_q4.5_96000.ogg : ok
    vorbis_4ch_q5.5_44100.ogg : ok
    vorbis_4ch_q5.5_48000.ogg : ok
    vorbis_4ch_q5.5_32000.ogg : ok
    vorbis_4ch_q5.5_22050.ogg : ok
    vorbis_4ch_q5.5_16000.ogg : ok
    vorbis_4ch_q5.5_96000.ogg : ok
    vorbis_4ch_q6.5_44100.ogg : ok
    vorbis_4ch_q6.5_48000.ogg : ok
    vorbis_4ch_q6.5_32000.ogg : ok
    vorbis_4ch_q6.5_22050.ogg : ok
    vorbis_4ch_q6.5_16000.ogg : ok
    vorbis_4ch_q6.5_96000.ogg : ok
    vorbis_4ch_q7.5_44100.ogg : ok
    vorbis_4ch_q7.5_48000.ogg : ok
    vorbis_4ch_q7.5_32000.ogg : ok
    vorbis_4ch_q7.5_22050.ogg : ok
    vorbis_4ch_q7.5_16000.ogg : ok
    vorbis_4ch_q7.5_96000.ogg : ok
    vorbis_4ch_q8.5_44100.ogg : ok
    vorbis_4ch_q8.5_48000.ogg : ok
    vorbis_4ch_q8.5_32000.ogg : ok
    vorbis_4ch_q8.5_22050.ogg : ok
    vorbis_4ch_q8.5_16000.ogg : ok
    vorbis_4ch_q8.5_96000.ogg : ok
    vorbis_4ch_q9.5_44100.ogg : ok
    vorbis_4ch_q9.5_48000.ogg : ok
    vorbis_4ch_q9.5_32000.ogg : ok
    vorbis_4ch_q9.5_22050.ogg : ok
    vorbis_4ch_q9.5_16000.ogg : ok
    vorbis_4ch_q9.5_96000.ogg : ok

Testing 5 channels

    vorbis_5ch_q-0.5_44100.ogg : ok
    vorbis_5ch_q-0.5_48000.ogg : ok
    vorbis_5ch_q-0.5_32000.ogg : ok
    vorbis_5ch_q-0.5_22050.ogg : ok
    vorbis_5ch_q-0.5_16000.ogg : ok
    vorbis_5ch_q-0.5_96000.ogg : ok
    vorbis_5ch_q0.5_44100.ogg : ok
    vorbis_5ch_q0.5_48000.ogg : ok
    vorbis_5ch_q0.5_32000.ogg : ok
    vorbis_5ch_q0.5_22050.ogg : ok
    vorbis_5ch_q0.5_16000.ogg : ok
    vorbis_5ch_q0.5_96000.ogg : ok
    vorbis_5ch_q1.5_44100.ogg : ok
    vorbis_5ch_q1.5_48000.ogg : ok
    vorbis_5ch_q1.5_32000.ogg : ok
    vorbis_5ch_q1.5_22050.ogg : ok
    vorbis_5ch_q1.5_16000.ogg : ok
    vorbis_5ch_q1.5_96000.ogg : ok
    vorbis_5ch_q2.5_44100.ogg : ok
    vorbis_5ch_q2.5_48000.ogg : ok
    vorbis_5ch_q2.5_32000.ogg : ok
    vorbis_5ch_q2.5_22050.ogg : ok
    vorbis_5ch_q2.5_16000.ogg : ok
    vorbis_5ch_q2.5_96000.ogg : ok
    vorbis_5ch_q3.5_44100.ogg : ok
    vorbis_5ch_q3.5_48000.ogg : ok
    vorbis_5ch_q3.5_32000.ogg : ok
    vorbis_5ch_q3.5_22050.ogg : ok
    vorbis_5ch_q3.5_16000.ogg : ok
    vorbis_5ch_q3.5_96000.ogg : ok
    vorbis_5ch_q4.5_44100.ogg : ok
    vorbis_5ch_q4.5_48000.ogg : ok
    vorbis_5ch_q4.5_32000.ogg : ok
    vorbis_5ch_q4.5_22050.ogg : ok
    vorbis_5ch_q4.5_16000.ogg : ok
    vorbis_5ch_q4.5_96000.ogg : ok
    vorbis_5ch_q5.5_44100.ogg : ok
    vorbis_5ch_q5.5_48000.ogg : ok
    vorbis_5ch_q5.5_32000.ogg : ok
    vorbis_5ch_q5.5_22050.ogg : ok
    vorbis_5ch_q5.5_16000.ogg : ok
    vorbis_5ch_q5.5_96000.ogg : ok
    vorbis_5ch_q6.5_44100.ogg : ok
    vorbis_5ch_q6.5_48000.ogg : ok
    vorbis_5ch_q6.5_32000.ogg : ok
    vorbis_5ch_q6.5_22050.ogg : ok
    vorbis_5ch_q6.5_16000.ogg : ok
    vorbis_5ch_q6.5_96000.ogg : ok
    vorbis_5ch_q7.5_44100.ogg : ok
    vorbis_5ch_q7.5_48000.ogg : ok
    vorbis_5ch_q7.5_32000.ogg : ok
    vorbis_5ch_q7.5_22050.ogg : ok
    vorbis_5ch_q7.5_16000.ogg : ok
    vorbis_5ch_q7.5_96000.ogg : ok
    vorbis_5ch_q8.5_44100.ogg : ok
    vorbis_5ch_q8.5_48000.ogg : ok
    vorbis_5ch_q8.5_32000.ogg : ok
    vorbis_5ch_q8.5_22050.ogg : ok
    vorbis_5ch_q8.5_16000.ogg : ok
    vorbis_5ch_q8.5_96000.ogg : ok
    vorbis_5ch_q9.5_44100.ogg : ok
    vorbis_5ch_q9.5_48000.ogg : ok
    vorbis_5ch_q9.5_32000.ogg : ok
    vorbis_5ch_q9.5_22050.ogg : ok
    vorbis_5ch_q9.5_16000.ogg : ok
    vorbis_5ch_q9.5_96000.ogg : ok

Testing 6 channels

    vorbis_6ch_q-0.5_44100.ogg : ok
    vorbis_6ch_q-0.5_48000.ogg : ok
    vorbis_6ch_q-0.5_32000.ogg : ok
    vorbis_6ch_q-0.5_22050.ogg : ok
    vorbis_6ch_q-0.5_16000.ogg : ok
    vorbis_6ch_q-0.5_96000.ogg : ok
    vorbis_6ch_q0.5_44100.ogg : ok
    vorbis_6ch_q0.5_48000.ogg : ok
    vorbis_6ch_q0.5_32000.ogg : ok
    vorbis_6ch_q0.5_22050.ogg : ok
    vorbis_6ch_q0.5_16000.ogg : ok
    vorbis_6ch_q0.5_96000.ogg : ok
    vorbis_6ch_q1.5_44100.ogg : ok
    vorbis_6ch_q1.5_48000.ogg : ok
    vorbis_6ch_q1.5_32000.ogg : ok
    vorbis_6ch_q1.5_22050.ogg : ok
    vorbis_6ch_q1.5_16000.ogg : ok
    vorbis_6ch_q1.5_96000.ogg : ok
    vorbis_6ch_q2.5_44100.ogg : ok
    vorbis_6ch_q2.5_48000.ogg : ok
    vorbis_6ch_q2.5_32000.ogg : ok
    vorbis_6ch_q2.5_22050.ogg : ok
    vorbis_6ch_q2.5_16000.ogg : ok
    vorbis_6ch_q2.5_96000.ogg : ok
    vorbis_6ch_q3.5_44100.ogg : ok
    vorbis_6ch_q3.5_48000.ogg : ok
    vorbis_6ch_q3.5_32000.ogg : ok
    vorbis_6ch_q3.5_22050.ogg : ok
    vorbis_6ch_q3.5_16000.ogg : ok
    vorbis_6ch_q3.5_96000.ogg : ok
    vorbis_6ch_q4.5_44100.ogg : ok
    vorbis_6ch_q4.5_48000.ogg : ok
    vorbis_6ch_q4.5_32000.ogg : ok
    vorbis_6ch_q4.5_22050.ogg : ok
    vorbis_6ch_q4.5_16000.ogg : ok
    vorbis_6ch_q4.5_96000.ogg : ok
    vorbis_6ch_q5.5_44100.ogg : ok
    vorbis_6ch_q5.5_48000.ogg : ok
    vorbis_6ch_q5.5_32000.ogg : ok
    vorbis_6ch_q5.5_22050.ogg : ok
    vorbis_6ch_q5.5_16000.ogg : ok
    vorbis_6ch_q5.5_96000.ogg : ok
    vorbis_6ch_q6.5_44100.ogg : ok
    vorbis_6ch_q6.5_48000.ogg : ok
    vorbis_6ch_q6.5_32000.ogg : ok
    vorbis_6ch_q6.5_22050.ogg : ok
    vorbis_6ch_q6.5_16000.ogg : ok
    vorbis_6ch_q6.5_96000.ogg : ok
    vorbis_6ch_q7.5_44100.ogg : ok
    vorbis_6ch_q7.5_48000.ogg : ok
    vorbis_6ch_q7.5_32000.ogg : ok
    vorbis_6ch_q7.5_22050.ogg : ok
    vorbis_6ch_q7.5_16000.ogg : ok
    vorbis_6ch_q7.5_96000.ogg : ok
    vorbis_6ch_q8.5_44100.ogg : ok
    vorbis_6ch_q8.5_48000.ogg : ok
    vorbis_6ch_q8.5_32000.ogg : ok
    vorbis_6ch_q8.5_22050.ogg : ok
    vorbis_6ch_q8.5_16000.ogg : ok
    vorbis_6ch_q8.5_96000.ogg : ok
    vorbis_6ch_q9.5_44100.ogg : ok
    vorbis_6ch_q9.5_48000.ogg : ok
    vorbis_6ch_q9.5_32000.ogg : ok
    vorbis_6ch_q9.5_22050.ogg : ok
    vorbis_6ch_q9.5_16000.ogg : ok
    vorbis_6ch_q9.5_96000.ogg : ok

Testing 7 channels

    vorbis_7ch_q-0.5_44100.ogg : ok
    vorbis_7ch_q-0.5_48000.ogg : ok
    vorbis_7ch_q-0.5_32000.ogg : ok
    vorbis_7ch_q-0.5_22050.ogg : ok
    vorbis_7ch_q-0.5_16000.ogg : ok
    vorbis_7ch_q-0.5_96000.ogg : ok
    vorbis_7ch_q0.5_44100.ogg : ok
    vorbis_7ch_q0.5_48000.ogg : ok
    vorbis_7ch_q0.5_32000.ogg : ok
    vorbis_7ch_q0.5_22050.ogg : ok
    vorbis_7ch_q0.5_16000.ogg : ok
    vorbis_7ch_q0.5_96000.ogg : ok
    vorbis_7ch_q1.5_44100.ogg : ok
    vorbis_7ch_q1.5_48000.ogg : ok
    vorbis_7ch_q1.5_32000.ogg : ok
    vorbis_7ch_q1.5_22050.ogg : ok
    vorbis_7ch_q1.5_16000.ogg : ok
    vorbis_7ch_q1.5_96000.ogg : ok
    vorbis_7ch_q2.5_44100.ogg : ok
    vorbis_7ch_q2.5_48000.ogg : ok
    vorbis_7ch_q2.5_32000.ogg : ok
    vorbis_7ch_q2.5_22050.ogg : ok
    vorbis_7ch_q2.5_16000.ogg : ok
    vorbis_7ch_q2.5_96000.ogg : ok
    vorbis_7ch_q3.5_44100.ogg : ok
    vorbis_7ch_q3.5_48000.ogg : ok
    vorbis_7ch_q3.5_32000.ogg : ok
    vorbis_7ch_q3.5_22050.ogg : ok
    vorbis_7ch_q3.5_16000.ogg : ok
    vorbis_7ch_q3.5_96000.ogg : ok
    vorbis_7ch_q4.5_44100.ogg : ok
    vorbis_7ch_q4.5_48000.ogg : ok
    vorbis_7ch_q4.5_32000.ogg : ok
    vorbis_7ch_q4.5_22050.ogg : ok
    vorbis_7ch_q4.5_16000.ogg : ok
    vorbis_7ch_q4.5_96000.ogg : ok
    vorbis_7ch_q5.5_44100.ogg : ok
    vorbis_7ch_q5.5_48000.ogg : ok
    vorbis_7ch_q5.5_32000.ogg : ok
    vorbis_7ch_q5.5_22050.ogg : ok
    vorbis_7ch_q5.5_16000.ogg : ok
    vorbis_7ch_q5.5_96000.ogg : ok
    vorbis_7ch_q6.5_44100.ogg : ok
    vorbis_7ch_q6.5_48000.ogg : ok
    vorbis_7ch_q6.5_32000.ogg : ok
    vorbis_7ch_q6.5_22050.ogg : ok
    vorbis_7ch_q6.5_16000.ogg : ok
    vorbis_7ch_q6.5_96000.ogg : ok
    vorbis_7ch_q7.5_44100.ogg : ok
    vorbis_7ch_q7.5_48000.ogg : ok
    vorbis_7ch_q7.5_32000.ogg : ok
    vorbis_7ch_q7.5_22050.ogg : ok
    vorbis_7ch_q7.5_16000.ogg : ok
    vorbis_7ch_q7.5_96000.ogg : ok
    vorbis_7ch_q8.5_44100.ogg : ok
    vorbis_7ch_q8.5_48000.ogg : ok
    vorbis_7ch_q8.5_32000.ogg : ok
    vorbis_7ch_q8.5_22050.ogg : ok
    vorbis_7ch_q8.5_16000.ogg : ok
    vorbis_7ch_q8.5_96000.ogg : ok
    vorbis_7ch_q9.5_44100.ogg : ok
    vorbis_7ch_q9.5_48000.ogg : ok
    vorbis_7ch_q9.5_32000.ogg : ok
    vorbis_7ch_q9.5_22050.ogg : ok
    vorbis_7ch_q9.5_16000.ogg : ok
    vorbis_7ch_q9.5_96000.ogg : ok

Testing 8 channels

    vorbis_8ch_q-0.5_44100.ogg : ok
    vorbis_8ch_q-0.5_48000.ogg : ok
    vorbis_8ch_q-0.5_32000.ogg : ok
    vorbis_8ch_q-0.5_22050.ogg : ok
    vorbis_8ch_q-0.5_16000.ogg : ok
    vorbis_8ch_q-0.5_96000.ogg : ok
    vorbis_8ch_q0.5_44100.ogg : ok
    vorbis_8ch_q0.5_48000.ogg : ok
    vorbis_8ch_q0.5_32000.ogg : ok
    vorbis_8ch_q0.5_22050.ogg : ok
    vorbis_8ch_q0.5_16000.ogg : ok
    vorbis_8ch_q0.5_96000.ogg : ok
    vorbis_8ch_q1.5_44100.ogg : ok
    vorbis_8ch_q1.5_48000.ogg : ok
    vorbis_8ch_q1.5_32000.ogg : ok
    vorbis_8ch_q1.5_22050.ogg : ok
    vorbis_8ch_q1.5_16000.ogg : ok
    vorbis_8ch_q1.5_96000.ogg : ok
    vorbis_8ch_q2.5_44100.ogg : ok
    vorbis_8ch_q2.5_48000.ogg : ok
    vorbis_8ch_q2.5_32000.ogg : ok
    vorbis_8ch_q2.5_22050.ogg : ok
    vorbis_8ch_q2.5_16000.ogg : ok
    vorbis_8ch_q2.5_96000.ogg : ok
    vorbis_8ch_q3.5_44100.ogg : ok
    vorbis_8ch_q3.5_48000.ogg : ok
    vorbis_8ch_q3.5_32000.ogg : ok
    vorbis_8ch_q3.5_22050.ogg : ok
    vorbis_8ch_q3.5_16000.ogg : ok
    vorbis_8ch_q3.5_96000.ogg : ok
    vorbis_8ch_q4.5_44100.ogg : ok
    vorbis_8ch_q4.5_48000.ogg : ok
    vorbis_8ch_q4.5_32000.ogg : ok
    vorbis_8ch_q4.5_22050.ogg : ok
    vorbis_8ch_q4.5_16000.ogg : ok
    vorbis_8ch_q4.5_96000.ogg : ok
    vorbis_8ch_q5.5_44100.ogg : ok
    vorbis_8ch_q5.5_48000.ogg : ok
    vorbis_8ch_q5.5_32000.ogg : ok
    vorbis_8ch_q5.5_22050.ogg : ok
    vorbis_8ch_q5.5_16000.ogg : ok
    vorbis_8ch_q5.5_96000.ogg : ok
    vorbis_8ch_q6.5_44100.ogg : ok
    vorbis_8ch_q6.5_48000.ogg : ok
    vorbis_8ch_q6.5_32000.ogg : ok
    vorbis_8ch_q6.5_22050.ogg : ok
    vorbis_8ch_q6.5_16000.ogg : ok
    vorbis_8ch_q6.5_96000.ogg : ok
    vorbis_8ch_q7.5_44100.ogg : ok
    vorbis_8ch_q7.5_48000.ogg : ok
    vorbis_8ch_q7.5_32000.ogg : ok
    vorbis_8ch_q7.5_22050.ogg : ok
    vorbis_8ch_q7.5_16000.ogg : ok
    vorbis_8ch_q7.5_96000.ogg : ok
    vorbis_8ch_q8.5_44100.ogg : ok
    vorbis_8ch_q8.5_48000.ogg : ok
    vorbis_8ch_q8.5_32000.ogg : ok
    vorbis_8ch_q8.5_22050.ogg : ok
    vorbis_8ch_q8.5_16000.ogg : ok
    vorbis_8ch_q8.5_96000.ogg : ok
    vorbis_8ch_q9.5_44100.ogg : ok
    vorbis_8ch_q9.5_48000.ogg : ok
    vorbis_8ch_q9.5_32000.ogg : ok
    vorbis_8ch_q9.5_22050.ogg : ok
    vorbis_8ch_q9.5_16000.ogg : ok
    vorbis_8ch_q9.5_96000.ogg : ok
make[1]: Leaving directory '/sources/7.9/libvorbis-1.3.5/test'
Making check in doc
make[1]: Entering directory '/sources/7.9/libvorbis-1.3.5/doc'
Making check in libvorbis
make[2]: Entering directory '/sources/7.9/libvorbis-1.3.5/doc/libvorbis'
make[2]: Nothing to be done for 'check'.
make[2]: Leaving directory '/sources/7.9/libvorbis-1.3.5/doc/libvorbis'
Making check in vorbisfile
make[2]: Entering directory '/sources/7.9/libvorbis-1.3.5/doc/vorbisfile'
make[2]: Nothing to be done for 'check'.
make[2]: Leaving directory '/sources/7.9/libvorbis-1.3.5/doc/vorbisfile'
Making check in vorbisenc
make[2]: Entering directory '/sources/7.9/libvorbis-1.3.5/doc/vorbisenc'
make[2]: Nothing to be done for 'check'.
make[2]: Leaving directory '/sources/7.9/libvorbis-1.3.5/doc/vorbisenc'
make[2]: Entering directory '/sources/7.9/libvorbis-1.3.5/doc'
make[2]: Nothing to be done for 'check-am'.
make[2]: Leaving directory '/sources/7.9/libvorbis-1.3.5/doc'
make[1]: Leaving directory '/sources/7.9/libvorbis-1.3.5/doc'
make[1]: Entering directory '/sources/7.9/libvorbis-1.3.5'
make[1]: Leaving directory '/sources/7.9/libvorbis-1.3.5'
