checking for a BSD-compatible install... /usr/bin/install -c
checking whether build environment is sane... yes
checking for a thread-safe mkdir -p... /bin/mkdir -p
checking for gawk... gawk
checking whether make sets $(MAKE)... yes
checking whether to enable maintainer-specific portions of Makefiles... yes
checking for gcc... gcc
checking whether the C compiler works... yes
checking for C compiler default output file name... a.out
checking for suffix of executables... 
checking whether we are cross compiling... no
checking for suffix of object files... o
checking whether we are using the GNU C compiler... yes
checking whether gcc accepts -g... yes
checking for gcc option to accept ISO C89... none needed
checking for style of include used by make... GNU
checking dependency style of gcc... gcc3
checking build system type... x86_64-unknown-linux-gnu
checking host system type... x86_64-unknown-linux-gnu
checking how to print strings... printf
checking for a sed that does not truncate output... /bin/sed
checking for grep that handles long lines and -e... /bin/grep
checking for egrep... /bin/grep -E
checking for fgrep... /bin/grep -F
checking for ld used by gcc... /usr/bin/ld
checking if the linker (/usr/bin/ld) is GNU ld... yes
checking for BSD- or MS-compatible name lister (nm)... /usr/bin/nm -B
checking the name lister (/usr/bin/nm -B) interface... BSD nm
checking whether ln -s works... yes
checking the maximum length of command line arguments... 1572864
checking whether the shell understands some XSI constructs... yes
checking whether the shell understands "+="... yes
checking how to convert x86_64-unknown-linux-gnu file names to x86_64-unknown-linux-gnu format... func_convert_file_noop
checking how to convert x86_64-unknown-linux-gnu file names to toolchain format... func_convert_file_noop
checking for /usr/bin/ld option to reload object files... -r
checking for objdump... objdump
checking how to recognize dependent libraries... pass_all
checking for dlltool... no
checking how to associate runtime and link libraries... printf %s\n
checking for ar... ar
checking for archiver @FILE support... @
checking for strip... strip
checking for ranlib... ranlib
checking command to parse /usr/bin/nm -B output from gcc object... ok
checking for sysroot... no
checking for mt... no
checking if : is a manifest tool... no
checking how to run the C preprocessor... gcc -E
checking for ANSI C header files... yes
checking for sys/types.h... yes
checking for sys/stat.h... yes
checking for stdlib.h... yes
checking for string.h... yes
checking for memory.h... yes
checking for strings.h... yes
checking for inttypes.h... yes
checking for stdint.h... yes
checking for unistd.h... yes
checking for dlfcn.h... yes
checking for objdir... .libs
checking if gcc supports -fno-rtti -fno-exceptions... no
checking for gcc option to produce PIC... -fPIC -DPIC
checking if gcc PIC flag -fPIC -DPIC works... yes
checking if gcc static flag -static works... yes
checking if gcc supports -c -o file.o... yes
checking if gcc supports -c -o file.o... (cached) yes
checking whether the gcc linker (/usr/bin/ld -m elf_x86_64) supports shared libraries... yes
checking whether -lc should be explicitly linked in... no
checking dynamic linker characteristics... GNU/Linux ld.so
checking how to hardcode library paths into programs... immediate
checking whether stripping libraries is possible... yes
checking if libtool supports shared libraries... yes
checking whether to build shared libraries... yes
checking whether to build static libraries... no
checking for ANSI C header files... (cached) yes
checking for pkg-config... /usr/bin/pkg-config
checking pkg-config is at least version 0.9.0... yes
checking for ALSA... yes
checking for snd_pcm_ioplug_create in -lasound... yes
checking for JACK... no
checking for pulseaudio... no
checking for samplerate... no
checking for AVCODEC... no
checking for avcodec_open in -lavcodec... no
checking for speexdsp... no
No libspeex with resampler unit; use built-in code
checking for plugins version... 1.1.0
checking that generated files are newer than configure... done
configure: creating ./config.status
config.status: creating Makefile
config.status: creating oss/Makefile
config.status: creating pph/Makefile
config.status: creating jack/Makefile
config.status: creating pulse/Makefile
config.status: creating mix/Makefile
config.status: creating rate/Makefile
config.status: creating a52/Makefile
config.status: creating rate-lavc/Makefile
config.status: creating maemo/Makefile
config.status: creating doc/Makefile
config.status: creating usb_stream/Makefile
config.status: creating speex/Makefile
config.status: creating arcam-av/Makefile
config.status: creating config.h
config.status: executing depfiles commands
config.status: executing libtool commands

Plugin directory: /usr/lib/alsa-lib
ALSA_CFLAGS: -I/usr/include/alsa
ALSA_LIBS: -lasound
JACK plugin:        no
Pulseaudio plugin:  no
Samplerate plugin:  no
Maemo plugin:       no
  Using Osso resource manager: no
A52, lavc plugins:  no
Speex rate plugin:  builtin
Speex preprocess plugin:  
make  all-recursive
make[1]: Entering directory '/sources/7.9/alsa-plugins-1.1.0'
Making all in oss
make[2]: Entering directory '/sources/7.9/alsa-plugins-1.1.0/oss'
/bin/sh ../libtool --tag=CC   --mode=compile gcc -DHAVE_CONFIG_H -I. -I..    -Wall -g -I/usr/include/alsa -g -O2 -MT ctl_oss.lo -MD -MP -MF .deps/ctl_oss.Tpo -c -o ctl_oss.lo ctl_oss.c
libtool: compile:  gcc -DHAVE_CONFIG_H -I. -I.. -Wall -g -I/usr/include/alsa -g -O2 -MT ctl_oss.lo -MD -MP -MF .deps/ctl_oss.Tpo -c ctl_oss.c  -fPIC -DPIC -o .libs/ctl_oss.o
mv -f .deps/ctl_oss.Tpo .deps/ctl_oss.Plo
/bin/sh ../libtool --tag=CC   --mode=link gcc -Wall -g -I/usr/include/alsa -g -O2 -module -avoid-version -export-dynamic -no-undefined   -o libasound_module_ctl_oss.la -rpath /usr/lib/alsa-lib ctl_oss.lo -lasound -lasound 
libtool: link: gcc -shared  -fPIC -DPIC  .libs/ctl_oss.o   /usr/lib/libasound.so -lm -ldl -lpthread -lrt  -O2   -Wl,-soname -Wl,libasound_module_ctl_oss.so -o .libs/libasound_module_ctl_oss.so
libtool: link: ( cd ".libs" && rm -f "libasound_module_ctl_oss.la" && ln -s "../libasound_module_ctl_oss.la" "libasound_module_ctl_oss.la" )
/bin/sh ../libtool --tag=CC   --mode=compile gcc -DHAVE_CONFIG_H -I. -I..    -Wall -g -I/usr/include/alsa -g -O2 -MT pcm_oss.lo -MD -MP -MF .deps/pcm_oss.Tpo -c -o pcm_oss.lo pcm_oss.c
libtool: compile:  gcc -DHAVE_CONFIG_H -I. -I.. -Wall -g -I/usr/include/alsa -g -O2 -MT pcm_oss.lo -MD -MP -MF .deps/pcm_oss.Tpo -c pcm_oss.c  -fPIC -DPIC -o .libs/pcm_oss.o
mv -f .deps/pcm_oss.Tpo .deps/pcm_oss.Plo
/bin/sh ../libtool --tag=CC   --mode=link gcc -Wall -g -I/usr/include/alsa -g -O2 -module -avoid-version -export-dynamic -no-undefined   -o libasound_module_pcm_oss.la -rpath /usr/lib/alsa-lib pcm_oss.lo -lasound -lasound 
libtool: link: gcc -shared  -fPIC -DPIC  .libs/pcm_oss.o   /usr/lib/libasound.so -lm -ldl -lpthread -lrt  -O2   -Wl,-soname -Wl,libasound_module_pcm_oss.so -o .libs/libasound_module_pcm_oss.so
libtool: link: ( cd ".libs" && rm -f "libasound_module_pcm_oss.la" && ln -s "../libasound_module_pcm_oss.la" "libasound_module_pcm_oss.la" )
make[2]: Leaving directory '/sources/7.9/alsa-plugins-1.1.0/oss'
Making all in mix
make[2]: Entering directory '/sources/7.9/alsa-plugins-1.1.0/mix'
/bin/sh ../libtool --tag=CC   --mode=compile gcc -DHAVE_CONFIG_H -I. -I..    -Wall -g -I/usr/include/alsa -g -O2 -MT pcm_upmix.lo -MD -MP -MF .deps/pcm_upmix.Tpo -c -o pcm_upmix.lo pcm_upmix.c
libtool: compile:  gcc -DHAVE_CONFIG_H -I. -I.. -Wall -g -I/usr/include/alsa -g -O2 -MT pcm_upmix.lo -MD -MP -MF .deps/pcm_upmix.Tpo -c pcm_upmix.c  -fPIC -DPIC -o .libs/pcm_upmix.o
mv -f .deps/pcm_upmix.Tpo .deps/pcm_upmix.Plo
/bin/sh ../libtool --tag=CC   --mode=link gcc -Wall -g -I/usr/include/alsa -g -O2 -module -avoid-version -export-dynamic -no-undefined   -o libasound_module_pcm_upmix.la -rpath /usr/lib/alsa-lib pcm_upmix.lo -lasound -lasound 
libtool: link: gcc -shared  -fPIC -DPIC  .libs/pcm_upmix.o   /usr/lib/libasound.so -lm -ldl -lpthread -lrt  -O2   -Wl,-soname -Wl,libasound_module_pcm_upmix.so -o .libs/libasound_module_pcm_upmix.so
libtool: link: ( cd ".libs" && rm -f "libasound_module_pcm_upmix.la" && ln -s "../libasound_module_pcm_upmix.la" "libasound_module_pcm_upmix.la" )
/bin/sh ../libtool --tag=CC   --mode=compile gcc -DHAVE_CONFIG_H -I. -I..    -Wall -g -I/usr/include/alsa -g -O2 -MT pcm_vdownmix.lo -MD -MP -MF .deps/pcm_vdownmix.Tpo -c -o pcm_vdownmix.lo pcm_vdownmix.c
libtool: compile:  gcc -DHAVE_CONFIG_H -I. -I.. -Wall -g -I/usr/include/alsa -g -O2 -MT pcm_vdownmix.lo -MD -MP -MF .deps/pcm_vdownmix.Tpo -c pcm_vdownmix.c  -fPIC -DPIC -o .libs/pcm_vdownmix.o
mv -f .deps/pcm_vdownmix.Tpo .deps/pcm_vdownmix.Plo
/bin/sh ../libtool --tag=CC   --mode=link gcc -Wall -g -I/usr/include/alsa -g -O2 -module -avoid-version -export-dynamic -no-undefined   -o libasound_module_pcm_vdownmix.la -rpath /usr/lib/alsa-lib pcm_vdownmix.lo -lasound -lasound 
libtool: link: gcc -shared  -fPIC -DPIC  .libs/pcm_vdownmix.o   /usr/lib/libasound.so -lm -ldl -lpthread -lrt  -O2   -Wl,-soname -Wl,libasound_module_pcm_vdownmix.so -o .libs/libasound_module_pcm_vdownmix.so
libtool: link: ( cd ".libs" && rm -f "libasound_module_pcm_vdownmix.la" && ln -s "../libasound_module_pcm_vdownmix.la" "libasound_module_pcm_vdownmix.la" )
make[2]: Leaving directory '/sources/7.9/alsa-plugins-1.1.0/mix'
Making all in usb_stream
make[2]: Entering directory '/sources/7.9/alsa-plugins-1.1.0/usb_stream'
/bin/sh ../libtool --tag=CC   --mode=compile gcc -DHAVE_CONFIG_H -I. -I..    -Wall -g -I/usr/include/alsa -g -O2 -MT pcm_usb_stream.lo -MD -MP -MF .deps/pcm_usb_stream.Tpo -c -o pcm_usb_stream.lo pcm_usb_stream.c
libtool: compile:  gcc -DHAVE_CONFIG_H -I. -I.. -Wall -g -I/usr/include/alsa -g -O2 -MT pcm_usb_stream.lo -MD -MP -MF .deps/pcm_usb_stream.Tpo -c pcm_usb_stream.c  -fPIC -DPIC -o .libs/pcm_usb_stream.o
mv -f .deps/pcm_usb_stream.Tpo .deps/pcm_usb_stream.Plo
/bin/sh ../libtool --tag=CC   --mode=link gcc -Wall -g -I/usr/include/alsa -g -O2 -module -avoid-version -export-dynamic   -o libasound_module_pcm_usb_stream.la -rpath /usr/lib/alsa-lib pcm_usb_stream.lo -lasound -lasound 
libtool: link: gcc -shared  -fPIC -DPIC  .libs/pcm_usb_stream.o   /usr/lib/libasound.so -lm -ldl -lpthread -lrt  -O2   -Wl,-soname -Wl,libasound_module_pcm_usb_stream.so -o .libs/libasound_module_pcm_usb_stream.so
libtool: link: ( cd ".libs" && rm -f "libasound_module_pcm_usb_stream.la" && ln -s "../libasound_module_pcm_usb_stream.la" "libasound_module_pcm_usb_stream.la" )
make[2]: Leaving directory '/sources/7.9/alsa-plugins-1.1.0/usb_stream'
Making all in arcam-av
make[2]: Entering directory '/sources/7.9/alsa-plugins-1.1.0/arcam-av'
/bin/sh ../libtool --tag=CC   --mode=compile gcc -DHAVE_CONFIG_H -I. -I..    -Wall -g -I/usr/include/alsa -g -O2 -MT ctl_arcam_av.lo -MD -MP -MF .deps/ctl_arcam_av.Tpo -c -o ctl_arcam_av.lo ctl_arcam_av.c
libtool: compile:  gcc -DHAVE_CONFIG_H -I. -I.. -Wall -g -I/usr/include/alsa -g -O2 -MT ctl_arcam_av.lo -MD -MP -MF .deps/ctl_arcam_av.Tpo -c ctl_arcam_av.c  -fPIC -DPIC -o .libs/ctl_arcam_av.o
mv -f .deps/ctl_arcam_av.Tpo .deps/ctl_arcam_av.Plo
/bin/sh ../libtool --tag=CC   --mode=compile gcc -DHAVE_CONFIG_H -I. -I..    -Wall -g -I/usr/include/alsa -g -O2 -MT arcam_av.lo -MD -MP -MF .deps/arcam_av.Tpo -c -o arcam_av.lo arcam_av.c
libtool: compile:  gcc -DHAVE_CONFIG_H -I. -I.. -Wall -g -I/usr/include/alsa -g -O2 -MT arcam_av.lo -MD -MP -MF .deps/arcam_av.Tpo -c arcam_av.c  -fPIC -DPIC -o .libs/arcam_av.o
mv -f .deps/arcam_av.Tpo .deps/arcam_av.Plo
/bin/sh ../libtool --tag=CC   --mode=link gcc -Wall -g -I/usr/include/alsa -g -O2 -module -avoid-version -export-dynamic -no-undefined  -o libasound_module_ctl_arcam_av.la -rpath /usr/lib/alsa-lib ctl_arcam_av.lo arcam_av.lo -lasound -lasound 
libtool: link: gcc -shared  -fPIC -DPIC  .libs/ctl_arcam_av.o .libs/arcam_av.o   /usr/lib/libasound.so -lm -ldl -lpthread -lrt  -O2   -Wl,-soname -Wl,libasound_module_ctl_arcam_av.so -o .libs/libasound_module_ctl_arcam_av.so
libtool: link: ( cd ".libs" && rm -f "libasound_module_ctl_arcam_av.la" && ln -s "../libasound_module_ctl_arcam_av.la" "libasound_module_ctl_arcam_av.la" )
make[2]: Leaving directory '/sources/7.9/alsa-plugins-1.1.0/arcam-av'
Making all in doc
make[2]: Entering directory '/sources/7.9/alsa-plugins-1.1.0/doc'
make[2]: Nothing to be done for 'all'.
make[2]: Leaving directory '/sources/7.9/alsa-plugins-1.1.0/doc'
Making all in pph
make[2]: Entering directory '/sources/7.9/alsa-plugins-1.1.0/pph'
/bin/sh ../libtool --tag=CC   --mode=compile gcc -DHAVE_CONFIG_H -I. -I..    -DVAR_ARRAYS -Wall -g -I/usr/include/alsa  -DRANDOM_PREFIX=alsa_lib -DOUTSIDE_SPEEX  -g -O2 -MT rate_speexrate.lo -MD -MP -MF .deps/rate_speexrate.Tpo -c -o rate_speexrate.lo rate_speexrate.c
libtool: compile:  gcc -DHAVE_CONFIG_H -I. -I.. -DVAR_ARRAYS -Wall -g -I/usr/include/alsa -DRANDOM_PREFIX=alsa_lib -DOUTSIDE_SPEEX -g -O2 -MT rate_speexrate.lo -MD -MP -MF .deps/rate_speexrate.Tpo -c rate_speexrate.c  -fPIC -DPIC -o .libs/rate_speexrate.o
mv -f .deps/rate_speexrate.Tpo .deps/rate_speexrate.Plo
/bin/sh ../libtool --tag=CC   --mode=compile gcc -DHAVE_CONFIG_H -I. -I..    -DVAR_ARRAYS -Wall -g -I/usr/include/alsa  -DRANDOM_PREFIX=alsa_lib -DOUTSIDE_SPEEX  -g -O2 -MT resample.lo -MD -MP -MF .deps/resample.Tpo -c -o resample.lo resample.c
libtool: compile:  gcc -DHAVE_CONFIG_H -I. -I.. -DVAR_ARRAYS -Wall -g -I/usr/include/alsa -DRANDOM_PREFIX=alsa_lib -DOUTSIDE_SPEEX -g -O2 -MT resample.lo -MD -MP -MF .deps/resample.Tpo -c resample.c  -fPIC -DPIC -o .libs/resample.o
mv -f .deps/resample.Tpo .deps/resample.Plo
/bin/sh ../libtool --tag=CC   --mode=link gcc -DVAR_ARRAYS -Wall -g -I/usr/include/alsa  -DRANDOM_PREFIX=alsa_lib -DOUTSIDE_SPEEX  -g -O2 -module -avoid-version -export-dynamic -no-undefined   -o libasound_module_rate_speexrate.la -rpath /usr/lib/alsa-lib rate_speexrate.lo resample.lo -lasound  -lm -lasound 
libtool: link: gcc -shared  -fPIC -DPIC  .libs/rate_speexrate.o .libs/resample.o   /usr/lib/libasound.so -lm -ldl -lpthread -lrt  -O2   -Wl,-soname -Wl,libasound_module_rate_speexrate.so -o .libs/libasound_module_rate_speexrate.so
libtool: link: ( cd ".libs" && rm -f "libasound_module_rate_speexrate.la" && ln -s "../libasound_module_rate_speexrate.la" "libasound_module_rate_speexrate.la" )
make[2]: Leaving directory '/sources/7.9/alsa-plugins-1.1.0/pph'
make[2]: Entering directory '/sources/7.9/alsa-plugins-1.1.0'
make[2]: Leaving directory '/sources/7.9/alsa-plugins-1.1.0'
make[1]: Leaving directory '/sources/7.9/alsa-plugins-1.1.0'
Making install in oss
make[1]: Entering directory '/sources/7.9/alsa-plugins-1.1.0/oss'
make[2]: Entering directory '/sources/7.9/alsa-plugins-1.1.0/oss'
make[2]: Nothing to be done for 'install-exec-am'.
 /bin/mkdir -p '/usr/lib/alsa-lib'
 /bin/sh ../libtool   --mode=install /usr/bin/install -c   libasound_module_ctl_oss.la '/usr/lib/alsa-lib'
libtool: install: /usr/bin/install -c .libs/libasound_module_ctl_oss.so /usr/lib/alsa-lib/libasound_module_ctl_oss.so
libtool: install: /usr/bin/install -c .libs/libasound_module_ctl_oss.lai /usr/lib/alsa-lib/libasound_module_ctl_oss.la
libtool: finish: PATH="/bin:/usr/ucb:/usr/bin:/usr/sbin:/sbin:/usr/etc:/etc:/sbin" ldconfig -n /usr/lib/alsa-lib
----------------------------------------------------------------------
Libraries have been installed in:
   /usr/lib/alsa-lib

If you ever happen to want to link against installed libraries
in a given directory, LIBDIR, you must either use libtool, and
specify the full pathname of the library, or use the `-LLIBDIR'
flag during linking and do at least one of the following:
   - add LIBDIR to the `LD_LIBRARY_PATH' environment variable
     during execution
   - add LIBDIR to the `LD_RUN_PATH' environment variable
     during linking
   - use the `-Wl,-rpath -Wl,LIBDIR' linker flag
   - have your system administrator add LIBDIR to `/etc/ld.so.conf'

See any operating system documentation about shared libraries for
more information, such as the ld(1) and ld.so(8) manual pages.
----------------------------------------------------------------------
 /bin/mkdir -p '/usr/lib/alsa-lib'
 /bin/sh ../libtool   --mode=install /usr/bin/install -c   libasound_module_pcm_oss.la '/usr/lib/alsa-lib'
libtool: install: /usr/bin/install -c .libs/libasound_module_pcm_oss.so /usr/lib/alsa-lib/libasound_module_pcm_oss.so
libtool: install: /usr/bin/install -c .libs/libasound_module_pcm_oss.lai /usr/lib/alsa-lib/libasound_module_pcm_oss.la
libtool: finish: PATH="/bin:/usr/ucb:/usr/bin:/usr/sbin:/sbin:/usr/etc:/etc:/sbin" ldconfig -n /usr/lib/alsa-lib
----------------------------------------------------------------------
Libraries have been installed in:
   /usr/lib/alsa-lib

If you ever happen to want to link against installed libraries
in a given directory, LIBDIR, you must either use libtool, and
specify the full pathname of the library, or use the `-LLIBDIR'
flag during linking and do at least one of the following:
   - add LIBDIR to the `LD_LIBRARY_PATH' environment variable
     during execution
   - add LIBDIR to the `LD_RUN_PATH' environment variable
     during linking
   - use the `-Wl,-rpath -Wl,LIBDIR' linker flag
   - have your system administrator add LIBDIR to `/etc/ld.so.conf'

See any operating system documentation about shared libraries for
more information, such as the ld(1) and ld.so(8) manual pages.
----------------------------------------------------------------------
make[2]: Leaving directory '/sources/7.9/alsa-plugins-1.1.0/oss'
make[1]: Leaving directory '/sources/7.9/alsa-plugins-1.1.0/oss'
Making install in mix
make[1]: Entering directory '/sources/7.9/alsa-plugins-1.1.0/mix'
make[2]: Entering directory '/sources/7.9/alsa-plugins-1.1.0/mix'
make[2]: Nothing to be done for 'install-exec-am'.
 /bin/mkdir -p '/usr/lib/alsa-lib'
 /bin/sh ../libtool   --mode=install /usr/bin/install -c   libasound_module_pcm_upmix.la '/usr/lib/alsa-lib'
libtool: install: /usr/bin/install -c .libs/libasound_module_pcm_upmix.so /usr/lib/alsa-lib/libasound_module_pcm_upmix.so
libtool: install: /usr/bin/install -c .libs/libasound_module_pcm_upmix.lai /usr/lib/alsa-lib/libasound_module_pcm_upmix.la
libtool: finish: PATH="/bin:/usr/ucb:/usr/bin:/usr/sbin:/sbin:/usr/etc:/etc:/sbin" ldconfig -n /usr/lib/alsa-lib
----------------------------------------------------------------------
Libraries have been installed in:
   /usr/lib/alsa-lib

If you ever happen to want to link against installed libraries
in a given directory, LIBDIR, you must either use libtool, and
specify the full pathname of the library, or use the `-LLIBDIR'
flag during linking and do at least one of the following:
   - add LIBDIR to the `LD_LIBRARY_PATH' environment variable
     during execution
   - add LIBDIR to the `LD_RUN_PATH' environment variable
     during linking
   - use the `-Wl,-rpath -Wl,LIBDIR' linker flag
   - have your system administrator add LIBDIR to `/etc/ld.so.conf'

See any operating system documentation about shared libraries for
more information, such as the ld(1) and ld.so(8) manual pages.
----------------------------------------------------------------------
 /bin/mkdir -p '/usr/lib/alsa-lib'
 /bin/sh ../libtool   --mode=install /usr/bin/install -c   libasound_module_pcm_vdownmix.la '/usr/lib/alsa-lib'
libtool: install: /usr/bin/install -c .libs/libasound_module_pcm_vdownmix.so /usr/lib/alsa-lib/libasound_module_pcm_vdownmix.so
libtool: install: /usr/bin/install -c .libs/libasound_module_pcm_vdownmix.lai /usr/lib/alsa-lib/libasound_module_pcm_vdownmix.la
libtool: finish: PATH="/bin:/usr/ucb:/usr/bin:/usr/sbin:/sbin:/usr/etc:/etc:/sbin" ldconfig -n /usr/lib/alsa-lib
----------------------------------------------------------------------
Libraries have been installed in:
   /usr/lib/alsa-lib

If you ever happen to want to link against installed libraries
in a given directory, LIBDIR, you must either use libtool, and
specify the full pathname of the library, or use the `-LLIBDIR'
flag during linking and do at least one of the following:
   - add LIBDIR to the `LD_LIBRARY_PATH' environment variable
     during execution
   - add LIBDIR to the `LD_RUN_PATH' environment variable
     during linking
   - use the `-Wl,-rpath -Wl,LIBDIR' linker flag
   - have your system administrator add LIBDIR to `/etc/ld.so.conf'

See any operating system documentation about shared libraries for
more information, such as the ld(1) and ld.so(8) manual pages.
----------------------------------------------------------------------
make[2]: Leaving directory '/sources/7.9/alsa-plugins-1.1.0/mix'
make[1]: Leaving directory '/sources/7.9/alsa-plugins-1.1.0/mix'
Making install in usb_stream
make[1]: Entering directory '/sources/7.9/alsa-plugins-1.1.0/usb_stream'
make[2]: Entering directory '/sources/7.9/alsa-plugins-1.1.0/usb_stream'
make[2]: Nothing to be done for 'install-exec-am'.
 /bin/mkdir -p '/usr/lib/alsa-lib'
 /bin/sh ../libtool   --mode=install /usr/bin/install -c   libasound_module_pcm_usb_stream.la '/usr/lib/alsa-lib'
libtool: install: /usr/bin/install -c .libs/libasound_module_pcm_usb_stream.so /usr/lib/alsa-lib/libasound_module_pcm_usb_stream.so
libtool: install: /usr/bin/install -c .libs/libasound_module_pcm_usb_stream.lai /usr/lib/alsa-lib/libasound_module_pcm_usb_stream.la
libtool: finish: PATH="/bin:/usr/ucb:/usr/bin:/usr/sbin:/sbin:/usr/etc:/etc:/sbin" ldconfig -n /usr/lib/alsa-lib
----------------------------------------------------------------------
Libraries have been installed in:
   /usr/lib/alsa-lib

If you ever happen to want to link against installed libraries
in a given directory, LIBDIR, you must either use libtool, and
specify the full pathname of the library, or use the `-LLIBDIR'
flag during linking and do at least one of the following:
   - add LIBDIR to the `LD_LIBRARY_PATH' environment variable
     during execution
   - add LIBDIR to the `LD_RUN_PATH' environment variable
     during linking
   - use the `-Wl,-rpath -Wl,LIBDIR' linker flag
   - have your system administrator add LIBDIR to `/etc/ld.so.conf'

See any operating system documentation about shared libraries for
more information, such as the ld(1) and ld.so(8) manual pages.
----------------------------------------------------------------------
make[2]: Leaving directory '/sources/7.9/alsa-plugins-1.1.0/usb_stream'
make[1]: Leaving directory '/sources/7.9/alsa-plugins-1.1.0/usb_stream'
Making install in arcam-av
make[1]: Entering directory '/sources/7.9/alsa-plugins-1.1.0/arcam-av'
make[2]: Entering directory '/sources/7.9/alsa-plugins-1.1.0/arcam-av'
make[2]: Nothing to be done for 'install-exec-am'.
 /bin/mkdir -p '/usr/lib/alsa-lib'
 /bin/sh ../libtool   --mode=install /usr/bin/install -c   libasound_module_ctl_arcam_av.la '/usr/lib/alsa-lib'
libtool: install: /usr/bin/install -c .libs/libasound_module_ctl_arcam_av.so /usr/lib/alsa-lib/libasound_module_ctl_arcam_av.so
libtool: install: /usr/bin/install -c .libs/libasound_module_ctl_arcam_av.lai /usr/lib/alsa-lib/libasound_module_ctl_arcam_av.la
libtool: finish: PATH="/bin:/usr/ucb:/usr/bin:/usr/sbin:/sbin:/usr/etc:/etc:/sbin" ldconfig -n /usr/lib/alsa-lib
----------------------------------------------------------------------
Libraries have been installed in:
   /usr/lib/alsa-lib

If you ever happen to want to link against installed libraries
in a given directory, LIBDIR, you must either use libtool, and
specify the full pathname of the library, or use the `-LLIBDIR'
flag during linking and do at least one of the following:
   - add LIBDIR to the `LD_LIBRARY_PATH' environment variable
     during execution
   - add LIBDIR to the `LD_RUN_PATH' environment variable
     during linking
   - use the `-Wl,-rpath -Wl,LIBDIR' linker flag
   - have your system administrator add LIBDIR to `/etc/ld.so.conf'

See any operating system documentation about shared libraries for
more information, such as the ld(1) and ld.so(8) manual pages.
----------------------------------------------------------------------
make[2]: Leaving directory '/sources/7.9/alsa-plugins-1.1.0/arcam-av'
make[1]: Leaving directory '/sources/7.9/alsa-plugins-1.1.0/arcam-av'
Making install in doc
make[1]: Entering directory '/sources/7.9/alsa-plugins-1.1.0/doc'
make[2]: Entering directory '/sources/7.9/alsa-plugins-1.1.0/doc'
make[2]: Nothing to be done for 'install-exec-am'.
make[2]: Nothing to be done for 'install-data-am'.
make[2]: Leaving directory '/sources/7.9/alsa-plugins-1.1.0/doc'
make[1]: Leaving directory '/sources/7.9/alsa-plugins-1.1.0/doc'
Making install in pph
make[1]: Entering directory '/sources/7.9/alsa-plugins-1.1.0/pph'
make[2]: Entering directory '/sources/7.9/alsa-plugins-1.1.0/pph'
make  install-exec-hook
make[3]: Entering directory '/sources/7.9/alsa-plugins-1.1.0/pph'
rm -f /usr/lib/alsa-lib/libasound_module_rate_speexrate_*.so
ln -s libasound_module_rate_speexrate.so /usr/lib/alsa-lib/libasound_module_rate_speexrate_best.so
ln -s libasound_module_rate_speexrate.so /usr/lib/alsa-lib/libasound_module_rate_speexrate_medium.so
make[3]: Leaving directory '/sources/7.9/alsa-plugins-1.1.0/pph'
 /bin/mkdir -p '/usr/lib/alsa-lib'
 /bin/sh ../libtool   --mode=install /usr/bin/install -c   libasound_module_rate_speexrate.la '/usr/lib/alsa-lib'
libtool: install: /usr/bin/install -c .libs/libasound_module_rate_speexrate.so /usr/lib/alsa-lib/libasound_module_rate_speexrate.so
libtool: install: /usr/bin/install -c .libs/libasound_module_rate_speexrate.lai /usr/lib/alsa-lib/libasound_module_rate_speexrate.la
libtool: finish: PATH="/bin:/usr/ucb:/usr/bin:/usr/sbin:/sbin:/usr/etc:/etc:/sbin" ldconfig -n /usr/lib/alsa-lib
----------------------------------------------------------------------
Libraries have been installed in:
   /usr/lib/alsa-lib

If you ever happen to want to link against installed libraries
in a given directory, LIBDIR, you must either use libtool, and
specify the full pathname of the library, or use the `-LLIBDIR'
flag during linking and do at least one of the following:
   - add LIBDIR to the `LD_LIBRARY_PATH' environment variable
     during execution
   - add LIBDIR to the `LD_RUN_PATH' environment variable
     during linking
   - use the `-Wl,-rpath -Wl,LIBDIR' linker flag
   - have your system administrator add LIBDIR to `/etc/ld.so.conf'

See any operating system documentation about shared libraries for
more information, such as the ld(1) and ld.so(8) manual pages.
----------------------------------------------------------------------
make[2]: Leaving directory '/sources/7.9/alsa-plugins-1.1.0/pph'
make[1]: Leaving directory '/sources/7.9/alsa-plugins-1.1.0/pph'
make[1]: Entering directory '/sources/7.9/alsa-plugins-1.1.0'
make[2]: Entering directory '/sources/7.9/alsa-plugins-1.1.0'
make[2]: Nothing to be done for 'install-exec-am'.
make[2]: Nothing to be done for 'install-data-am'.
make[2]: Leaving directory '/sources/7.9/alsa-plugins-1.1.0'
make[1]: Leaving directory '/sources/7.9/alsa-plugins-1.1.0'
