patching file LICENSE
patching file pngread.c
patching file pngget.c
patching file png.c
patching file png.h
patching file pngpriv.h
patching file pnginfo.h
patching file pngstruct.h
patching file pngwrite.c
patching file pngpread.c
patching file pngset.c
patching file pngrutil.c
patching file pngwutil.c
patching file scripts/symbols.def
checking for a BSD-compatible install... /usr/bin/install -c
checking whether build environment is sane... yes
checking for a thread-safe mkdir -p... /bin/mkdir -p
checking for gawk... gawk
checking whether make sets $(MAKE)... yes
checking whether make supports nested variables... yes
checking whether to enable maintainer-specific portions of Makefiles... no
checking for gcc... gcc
checking whether the C compiler works... yes
checking for C compiler default output file name... a.out
checking for suffix of executables... 
checking whether we are cross compiling... no
checking for suffix of object files... o
checking whether we are using the GNU C compiler... yes
checking whether gcc accepts -g... yes
checking for gcc option to accept ISO C89... none needed
checking whether gcc understands -c and -o together... yes
checking for style of include used by make... GNU
checking dependency style of gcc... gcc3
checking dependency style of gcc... gcc3
checking build system type... x86_64-unknown-linux-gnu
checking host system type... x86_64-unknown-linux-gnu
checking for a sed that does not truncate output... /bin/sed
checking for grep that handles long lines and -e... /bin/grep
checking for egrep... /bin/grep -E
checking for fgrep... /bin/grep -F
checking how to print strings... printf
checking for ld used by gcc... /usr/bin/ld
checking if the linker (/usr/bin/ld) is GNU ld... yes
checking how to run the C preprocessor... gcc -E
checking for gawk... (cached) gawk
checking whether ln -s works... yes
checking whether make sets $(MAKE)... (cached) yes
checking for BSD- or MS-compatible name lister (nm)... /usr/bin/nm -B
checking the name lister (/usr/bin/nm -B) interface... BSD nm
checking the maximum length of command line arguments... 1572864
checking how to convert x86_64-unknown-linux-gnu file names to x86_64-unknown-linux-gnu format... func_convert_file_noop
checking how to convert x86_64-unknown-linux-gnu file names to toolchain format... func_convert_file_noop
checking for /usr/bin/ld option to reload object files... -r
checking for objdump... objdump
checking how to recognize dependent libraries... pass_all
checking for dlltool... no
checking how to associate runtime and link libraries... printf %s\n
checking for ar... ar
checking for archiver @FILE support... @
checking for strip... strip
checking for ranlib... ranlib
checking command to parse /usr/bin/nm -B output from gcc object... ok
checking for sysroot... no
checking for a working dd... /bin/dd
checking how to truncate binary pipes... /bin/dd bs=4096 count=1
checking for mt... no
checking if : is a manifest tool... no
checking for ANSI C header files... yes
checking for sys/types.h... yes
checking for sys/stat.h... yes
checking for stdlib.h... yes
checking for string.h... yes
checking for memory.h... yes
checking for strings.h... yes
checking for inttypes.h... yes
checking for stdint.h... yes
checking for unistd.h... yes
checking for dlfcn.h... yes
checking for objdir... .libs
checking if gcc supports -fno-rtti -fno-exceptions... no
checking for gcc option to produce PIC... -fPIC -DPIC
checking if gcc PIC flag -fPIC -DPIC works... yes
checking if gcc static flag -static works... yes
checking if gcc supports -c -o file.o... yes
checking if gcc supports -c -o file.o... (cached) yes
checking whether the gcc linker (/usr/bin/ld -m elf_x86_64) supports shared libraries... yes
checking whether -lc should be explicitly linked in... no
checking dynamic linker characteristics... GNU/Linux ld.so
checking how to hardcode library paths into programs... immediate
checking whether stripping libraries is possible... yes
checking if libtool supports shared libraries... yes
checking whether to build shared libraries... yes
checking whether to build static libraries... no
checking that AWK works... ok
checking for ANSI C header files... (cached) yes
checking for an ANSI C-conforming const... yes
checking for size_t... yes
checking whether struct tm is in sys/time.h or time.h... time.h
checking for C/C++ restrict keyword... __restrict
checking for working strtod... yes
checking for memset... yes
checking for pow... no
checking for pow in -lm... yes
checking for zlibVersion in -lz... yes
checking for feenableexcept in -lm... yes
checking for feenableexcept... yes
checking if using Solaris linker... no
checking if libraries can be versioned... yes
checking for symbol prefix... 
configure: pkgconfig directory is ${libdir}/pkgconfig
configure: Extra options for compiler: 
checking that generated files are newer than configure... done
configure: creating ./config.status
config.status: creating Makefile
config.status: creating libpng.pc
config.status: creating libpng-config
config.status: creating config.h
config.status: executing depfiles commands
config.status: executing libtool commands
rm -f pnglibconf.c pnglibconf.tf[45]
gawk -f ./scripts/options.awk out=pnglibconf.tf4 version=search\
    ./pngconf.h ./scripts/pnglibconf.dfa\
    ./pngusr.dfa  1>&2
gawk -f ./scripts/options.awk out=pnglibconf.tf5 pnglibconf.tf4 1>&2
rm pnglibconf.tf4
mv pnglibconf.tf5 pnglibconf.c
rm -f pnglibconf.out pnglibconf.tf[12]
test -d scripts || mkdir scripts || test -d scripts
gcc -E -DHAVE_CONFIG_H -I. \
     -DPNGLIB_LIBNAME='PNG16_0' -DPNGLIB_VERSION='1.6.21' -DSYMBOL_PREFIX='' -DPNG_NO_USE_READ_MACROS -DPNG_BUILDING_SYMBOL_TABLE  pnglibconf.c > pnglibconf.tf1
gawk -f "./scripts/dfn.awk" out="pnglibconf.tf2" pnglibconf.tf1 1>&2
rm -f pnglibconf.tf1
mv pnglibconf.tf2 pnglibconf.out
rm -f pnglibconf.h
cp pnglibconf.out pnglibconf.h
make  all-am
make[1]: Entering directory '/sources/7.9/libpng-1.6.21'
:>pngprefix.h
depbase=`echo png.lo | sed 's|[^/]*$|.deps/&|;s|\.lo$||'`;\
/bin/sh ./libtool  --tag=CC   --mode=compile gcc -DHAVE_CONFIG_H -I.     -g -O2 -MT png.lo -MD -MP -MF $depbase.Tpo -c -o png.lo png.c &&\
mv -f $depbase.Tpo $depbase.Plo
libtool: compile:  gcc -DHAVE_CONFIG_H -I. -g -O2 -MT png.lo -MD -MP -MF .deps/png.Tpo -c png.c  -fPIC -DPIC -o .libs/png.o
depbase=`echo pngerror.lo | sed 's|[^/]*$|.deps/&|;s|\.lo$||'`;\
/bin/sh ./libtool  --tag=CC   --mode=compile gcc -DHAVE_CONFIG_H -I.     -g -O2 -MT pngerror.lo -MD -MP -MF $depbase.Tpo -c -o pngerror.lo pngerror.c &&\
mv -f $depbase.Tpo $depbase.Plo
libtool: compile:  gcc -DHAVE_CONFIG_H -I. -g -O2 -MT pngerror.lo -MD -MP -MF .deps/pngerror.Tpo -c pngerror.c  -fPIC -DPIC -o .libs/pngerror.o
depbase=`echo pngget.lo | sed 's|[^/]*$|.deps/&|;s|\.lo$||'`;\
/bin/sh ./libtool  --tag=CC   --mode=compile gcc -DHAVE_CONFIG_H -I.     -g -O2 -MT pngget.lo -MD -MP -MF $depbase.Tpo -c -o pngget.lo pngget.c &&\
mv -f $depbase.Tpo $depbase.Plo
libtool: compile:  gcc -DHAVE_CONFIG_H -I. -g -O2 -MT pngget.lo -MD -MP -MF .deps/pngget.Tpo -c pngget.c  -fPIC -DPIC -o .libs/pngget.o
depbase=`echo pngmem.lo | sed 's|[^/]*$|.deps/&|;s|\.lo$||'`;\
/bin/sh ./libtool  --tag=CC   --mode=compile gcc -DHAVE_CONFIG_H -I.     -g -O2 -MT pngmem.lo -MD -MP -MF $depbase.Tpo -c -o pngmem.lo pngmem.c &&\
mv -f $depbase.Tpo $depbase.Plo
libtool: compile:  gcc -DHAVE_CONFIG_H -I. -g -O2 -MT pngmem.lo -MD -MP -MF .deps/pngmem.Tpo -c pngmem.c  -fPIC -DPIC -o .libs/pngmem.o
depbase=`echo pngpread.lo | sed 's|[^/]*$|.deps/&|;s|\.lo$||'`;\
/bin/sh ./libtool  --tag=CC   --mode=compile gcc -DHAVE_CONFIG_H -I.     -g -O2 -MT pngpread.lo -MD -MP -MF $depbase.Tpo -c -o pngpread.lo pngpread.c &&\
mv -f $depbase.Tpo $depbase.Plo
libtool: compile:  gcc -DHAVE_CONFIG_H -I. -g -O2 -MT pngpread.lo -MD -MP -MF .deps/pngpread.Tpo -c pngpread.c  -fPIC -DPIC -o .libs/pngpread.o
depbase=`echo pngread.lo | sed 's|[^/]*$|.deps/&|;s|\.lo$||'`;\
/bin/sh ./libtool  --tag=CC   --mode=compile gcc -DHAVE_CONFIG_H -I.     -g -O2 -MT pngread.lo -MD -MP -MF $depbase.Tpo -c -o pngread.lo pngread.c &&\
mv -f $depbase.Tpo $depbase.Plo
libtool: compile:  gcc -DHAVE_CONFIG_H -I. -g -O2 -MT pngread.lo -MD -MP -MF .deps/pngread.Tpo -c pngread.c  -fPIC -DPIC -o .libs/pngread.o
depbase=`echo pngrio.lo | sed 's|[^/]*$|.deps/&|;s|\.lo$||'`;\
/bin/sh ./libtool  --tag=CC   --mode=compile gcc -DHAVE_CONFIG_H -I.     -g -O2 -MT pngrio.lo -MD -MP -MF $depbase.Tpo -c -o pngrio.lo pngrio.c &&\
mv -f $depbase.Tpo $depbase.Plo
libtool: compile:  gcc -DHAVE_CONFIG_H -I. -g -O2 -MT pngrio.lo -MD -MP -MF .deps/pngrio.Tpo -c pngrio.c  -fPIC -DPIC -o .libs/pngrio.o
depbase=`echo pngrtran.lo | sed 's|[^/]*$|.deps/&|;s|\.lo$||'`;\
/bin/sh ./libtool  --tag=CC   --mode=compile gcc -DHAVE_CONFIG_H -I.     -g -O2 -MT pngrtran.lo -MD -MP -MF $depbase.Tpo -c -o pngrtran.lo pngrtran.c &&\
mv -f $depbase.Tpo $depbase.Plo
libtool: compile:  gcc -DHAVE_CONFIG_H -I. -g -O2 -MT pngrtran.lo -MD -MP -MF .deps/pngrtran.Tpo -c pngrtran.c  -fPIC -DPIC -o .libs/pngrtran.o
depbase=`echo pngrutil.lo | sed 's|[^/]*$|.deps/&|;s|\.lo$||'`;\
/bin/sh ./libtool  --tag=CC   --mode=compile gcc -DHAVE_CONFIG_H -I.     -g -O2 -MT pngrutil.lo -MD -MP -MF $depbase.Tpo -c -o pngrutil.lo pngrutil.c &&\
mv -f $depbase.Tpo $depbase.Plo
libtool: compile:  gcc -DHAVE_CONFIG_H -I. -g -O2 -MT pngrutil.lo -MD -MP -MF .deps/pngrutil.Tpo -c pngrutil.c  -fPIC -DPIC -o .libs/pngrutil.o
depbase=`echo pngset.lo | sed 's|[^/]*$|.deps/&|;s|\.lo$||'`;\
/bin/sh ./libtool  --tag=CC   --mode=compile gcc -DHAVE_CONFIG_H -I.     -g -O2 -MT pngset.lo -MD -MP -MF $depbase.Tpo -c -o pngset.lo pngset.c &&\
mv -f $depbase.Tpo $depbase.Plo
libtool: compile:  gcc -DHAVE_CONFIG_H -I. -g -O2 -MT pngset.lo -MD -MP -MF .deps/pngset.Tpo -c pngset.c  -fPIC -DPIC -o .libs/pngset.o
depbase=`echo pngtrans.lo | sed 's|[^/]*$|.deps/&|;s|\.lo$||'`;\
/bin/sh ./libtool  --tag=CC   --mode=compile gcc -DHAVE_CONFIG_H -I.     -g -O2 -MT pngtrans.lo -MD -MP -MF $depbase.Tpo -c -o pngtrans.lo pngtrans.c &&\
mv -f $depbase.Tpo $depbase.Plo
libtool: compile:  gcc -DHAVE_CONFIG_H -I. -g -O2 -MT pngtrans.lo -MD -MP -MF .deps/pngtrans.Tpo -c pngtrans.c  -fPIC -DPIC -o .libs/pngtrans.o
depbase=`echo pngwio.lo | sed 's|[^/]*$|.deps/&|;s|\.lo$||'`;\
/bin/sh ./libtool  --tag=CC   --mode=compile gcc -DHAVE_CONFIG_H -I.     -g -O2 -MT pngwio.lo -MD -MP -MF $depbase.Tpo -c -o pngwio.lo pngwio.c &&\
mv -f $depbase.Tpo $depbase.Plo
libtool: compile:  gcc -DHAVE_CONFIG_H -I. -g -O2 -MT pngwio.lo -MD -MP -MF .deps/pngwio.Tpo -c pngwio.c  -fPIC -DPIC -o .libs/pngwio.o
depbase=`echo pngwrite.lo | sed 's|[^/]*$|.deps/&|;s|\.lo$||'`;\
/bin/sh ./libtool  --tag=CC   --mode=compile gcc -DHAVE_CONFIG_H -I.     -g -O2 -MT pngwrite.lo -MD -MP -MF $depbase.Tpo -c -o pngwrite.lo pngwrite.c &&\
mv -f $depbase.Tpo $depbase.Plo
libtool: compile:  gcc -DHAVE_CONFIG_H -I. -g -O2 -MT pngwrite.lo -MD -MP -MF .deps/pngwrite.Tpo -c pngwrite.c  -fPIC -DPIC -o .libs/pngwrite.o
depbase=`echo pngwtran.lo | sed 's|[^/]*$|.deps/&|;s|\.lo$||'`;\
/bin/sh ./libtool  --tag=CC   --mode=compile gcc -DHAVE_CONFIG_H -I.     -g -O2 -MT pngwtran.lo -MD -MP -MF $depbase.Tpo -c -o pngwtran.lo pngwtran.c &&\
mv -f $depbase.Tpo $depbase.Plo
libtool: compile:  gcc -DHAVE_CONFIG_H -I. -g -O2 -MT pngwtran.lo -MD -MP -MF .deps/pngwtran.Tpo -c pngwtran.c  -fPIC -DPIC -o .libs/pngwtran.o
depbase=`echo pngwutil.lo | sed 's|[^/]*$|.deps/&|;s|\.lo$||'`;\
/bin/sh ./libtool  --tag=CC   --mode=compile gcc -DHAVE_CONFIG_H -I.     -g -O2 -MT pngwutil.lo -MD -MP -MF $depbase.Tpo -c -o pngwutil.lo pngwutil.c &&\
mv -f $depbase.Tpo $depbase.Plo
libtool: compile:  gcc -DHAVE_CONFIG_H -I. -g -O2 -MT pngwutil.lo -MD -MP -MF .deps/pngwutil.Tpo -c pngwutil.c  -fPIC -DPIC -o .libs/pngwutil.o
rm -f scripts/vers.out scripts/vers.tf[12]
test -d scripts || mkdir scripts || test -d scripts
gcc -E -DHAVE_CONFIG_H -I. \
     -DPNGLIB_LIBNAME='PNG16_0' -DPNGLIB_VERSION='1.6.21' -DSYMBOL_PREFIX='' -DPNG_NO_USE_READ_MACROS -DPNG_BUILDING_SYMBOL_TABLE  scripts/vers.c > scripts/vers.tf1
gawk -f "./scripts/dfn.awk" out="scripts/vers.tf2" scripts/vers.tf1 1>&2
rm -f scripts/vers.tf1
mv scripts/vers.tf2 scripts/vers.out
rm -f libpng.vers
cp scripts/vers.out libpng.vers
/bin/sh ./libtool  --tag=CC   --mode=link gcc  -g -O2 -no-undefined -export-dynamic -version-number 16:21:0  -Wl,--version-script=libpng.vers   -o libpng16.la -rpath /usr/lib png.lo pngerror.lo pngget.lo pngmem.lo pngpread.lo pngread.lo pngrio.lo pngrtran.lo pngrutil.lo pngset.lo pngtrans.lo pngwio.lo pngwrite.lo pngwtran.lo pngwutil.lo    -lm -lz -lm 
libtool: link: gcc -shared  -fPIC -DPIC  .libs/png.o .libs/pngerror.o .libs/pngget.o .libs/pngmem.o .libs/pngpread.o .libs/pngread.o .libs/pngrio.o .libs/pngrtran.o .libs/pngrutil.o .libs/pngset.o .libs/pngtrans.o .libs/pngwio.o .libs/pngwrite.o .libs/pngwtran.o .libs/pngwutil.o   -lz -lm  -g -O2 -Wl,--version-script=libpng.vers   -Wl,-soname -Wl,libpng16.so.16 -o .libs/libpng16.so.16.21.0
libtool: link: (cd ".libs" && rm -f "libpng16.so.16" && ln -s "libpng16.so.16.21.0" "libpng16.so.16")
libtool: link: (cd ".libs" && rm -f "libpng16.so" && ln -s "libpng16.so.16.21.0" "libpng16.so")
libtool: link: ( cd ".libs" && rm -f "libpng16.la" && ln -s "../libpng16.la" "libpng16.la" )
depbase=`echo contrib/tools/pngfix.o | sed 's|[^/]*$|.deps/&|;s|\.o$||'`;\
gcc -DHAVE_CONFIG_H -I.     -g -O2 -MT contrib/tools/pngfix.o -MD -MP -MF $depbase.Tpo -c -o contrib/tools/pngfix.o contrib/tools/pngfix.c &&\
mv -f $depbase.Tpo $depbase.Po
/bin/sh ./libtool  --tag=CC   --mode=link gcc  -g -O2   -o pngfix contrib/tools/pngfix.o libpng16.la -lm -lz -lm 
libtool: link: gcc -g -O2 -o .libs/pngfix contrib/tools/pngfix.o  ./.libs/libpng16.so -lz -lm
depbase=`echo contrib/tools/png-fix-itxt.o | sed 's|[^/]*$|.deps/&|;s|\.o$||'`;\
gcc -DHAVE_CONFIG_H -I.     -g -O2 -MT contrib/tools/png-fix-itxt.o -MD -MP -MF $depbase.Tpo -c -o contrib/tools/png-fix-itxt.o contrib/tools/png-fix-itxt.c &&\
mv -f $depbase.Tpo $depbase.Po
/bin/sh ./libtool  --tag=CC   --mode=link gcc  -g -O2   -o png-fix-itxt contrib/tools/png-fix-itxt.o  -lm -lz -lm 
libtool: link: gcc -g -O2 -o png-fix-itxt contrib/tools/png-fix-itxt.o  -lz -lm
cp libpng-config libpng16-config
cp libpng.pc libpng16.pc
depbase=`echo pngtest.o | sed 's|[^/]*$|.deps/&|;s|\.o$||'`;\
gcc -DHAVE_CONFIG_H -I.     -g -O2 -MT pngtest.o -MD -MP -MF $depbase.Tpo -c -o pngtest.o pngtest.c &&\
mv -f $depbase.Tpo $depbase.Po
/bin/sh ./libtool  --tag=CC   --mode=link gcc  -g -O2   -o pngtest pngtest.o libpng16.la -lm -lz -lm 
libtool: link: gcc -g -O2 -o .libs/pngtest pngtest.o  ./.libs/libpng16.so -lz -lm
depbase=`echo contrib/libtests/pngunknown.o | sed 's|[^/]*$|.deps/&|;s|\.o$||'`;\
gcc -DHAVE_CONFIG_H -I.     -g -O2 -MT contrib/libtests/pngunknown.o -MD -MP -MF $depbase.Tpo -c -o contrib/libtests/pngunknown.o contrib/libtests/pngunknown.c &&\
mv -f $depbase.Tpo $depbase.Po
/bin/sh ./libtool  --tag=CC   --mode=link gcc  -g -O2   -o pngunknown contrib/libtests/pngunknown.o libpng16.la -lm -lz -lm 
libtool: link: gcc -g -O2 -o .libs/pngunknown contrib/libtests/pngunknown.o  ./.libs/libpng16.so -lz -lm
depbase=`echo contrib/libtests/pngstest.o | sed 's|[^/]*$|.deps/&|;s|\.o$||'`;\
gcc -DHAVE_CONFIG_H -I.     -g -O2 -MT contrib/libtests/pngstest.o -MD -MP -MF $depbase.Tpo -c -o contrib/libtests/pngstest.o contrib/libtests/pngstest.c &&\
mv -f $depbase.Tpo $depbase.Po
/bin/sh ./libtool  --tag=CC   --mode=link gcc  -g -O2   -o pngstest contrib/libtests/pngstest.o libpng16.la -lm -lz -lm 
libtool: link: gcc -g -O2 -o .libs/pngstest contrib/libtests/pngstest.o  ./.libs/libpng16.so -lz -lm
depbase=`echo contrib/libtests/pngvalid.o | sed 's|[^/]*$|.deps/&|;s|\.o$||'`;\
gcc -DHAVE_CONFIG_H -I.     -g -O2 -MT contrib/libtests/pngvalid.o -MD -MP -MF $depbase.Tpo -c -o contrib/libtests/pngvalid.o contrib/libtests/pngvalid.c &&\
mv -f $depbase.Tpo $depbase.Po
/bin/sh ./libtool  --tag=CC   --mode=link gcc  -g -O2   -o pngvalid contrib/libtests/pngvalid.o libpng16.la -lm -lz -lm 
libtool: link: gcc -g -O2 -o .libs/pngvalid contrib/libtests/pngvalid.o  ./.libs/libpng16.so -lz -lm
depbase=`echo contrib/libtests/pngimage.o | sed 's|[^/]*$|.deps/&|;s|\.o$||'`;\
gcc -DHAVE_CONFIG_H -I.     -g -O2 -MT contrib/libtests/pngimage.o -MD -MP -MF $depbase.Tpo -c -o contrib/libtests/pngimage.o contrib/libtests/pngimage.c &&\
mv -f $depbase.Tpo $depbase.Po
/bin/sh ./libtool  --tag=CC   --mode=link gcc  -g -O2   -o pngimage contrib/libtests/pngimage.o libpng16.la -lm -lz -lm 
libtool: link: gcc -g -O2 -o .libs/pngimage contrib/libtests/pngimage.o  ./.libs/libpng16.so -lz -lm
make[1]: Leaving directory '/sources/7.9/libpng-1.6.21'
rm -f scripts/symbols.out scripts/symbols.tf[12]
test -d scripts || mkdir scripts || test -d scripts
gcc -E -DHAVE_CONFIG_H -I. \
     -DPNGLIB_LIBNAME='PNG16_0' -DPNGLIB_VERSION='1.6.21' -DSYMBOL_PREFIX='' -DPNG_NO_USE_READ_MACROS -DPNG_BUILDING_SYMBOL_TABLE  scripts/symbols.c > scripts/symbols.tf1
gawk -f "./scripts/dfn.awk" out="scripts/symbols.tf2" scripts/symbols.tf1 1>&2
rm -f scripts/symbols.tf1
mv scripts/symbols.tf2 scripts/symbols.out
rm -f scripts/symbols.chk scripts/symbols.new
gawk -f ./scripts/checksym.awk ./scripts/symbols.def\
    of="scripts/symbols.new" scripts/symbols.out >&2
mv scripts/symbols.new scripts/symbols.chk
make  check-am
make[1]: Entering directory '/sources/7.9/libpng-1.6.21'
make  pngtest pngunknown pngstest pngvalid pngimage
make[2]: Entering directory '/sources/7.9/libpng-1.6.21'
make[2]: 'pngunknown' is up to date.
make[2]: 'pngstest' is up to date.
make[2]: 'pngvalid' is up to date.
make[2]: 'pngimage' is up to date.
make[2]: Leaving directory '/sources/7.9/libpng-1.6.21'
make  check-TESTS
make[2]: Entering directory '/sources/7.9/libpng-1.6.21'
make[3]: Entering directory '/sources/7.9/libpng-1.6.21'
PASS: tests/pngtest
PASS: tests/pngvalid-gamma-16-to-8
PASS: tests/pngvalid-gamma-alpha-mode
PASS: tests/pngvalid-gamma-background
PASS: tests/pngvalid-gamma-expand16-alpha-mode
PASS: tests/pngvalid-gamma-expand16-background
PASS: tests/pngvalid-gamma-expand16-transform
PASS: tests/pngvalid-gamma-sbit
PASS: tests/pngvalid-gamma-threshold
PASS: tests/pngvalid-gamma-transform
PASS: tests/pngvalid-progressive-size
PASS: tests/pngvalid-progressive-interlace-standard
PASS: tests/pngvalid-transform
PASS: tests/pngvalid-progressive-standard
PASS: tests/pngvalid-standard
PASS: tests/pngstest-1.8
PASS: tests/pngstest-1.8-alpha
PASS: tests/pngstest-linear
PASS: tests/pngstest-linear-alpha
PASS: tests/pngstest-none
PASS: tests/pngstest-none-alpha
PASS: tests/pngstest-sRGB
PASS: tests/pngstest-sRGB-alpha
PASS: tests/pngunknown-IDAT
PASS: tests/pngunknown-discard
PASS: tests/pngunknown-if-safe
PASS: tests/pngunknown-sAPI
PASS: tests/pngunknown-sTER
PASS: tests/pngunknown-save
PASS: tests/pngunknown-vpAg
PASS: tests/pngimage-quick
PASS: tests/pngimage-full
============================================================================
Testsuite summary for libpng 1.6.21
============================================================================
# TOTAL: 32
# PASS:  32
# SKIP:  0
# XFAIL: 0
# FAIL:  0
# XPASS: 0
# ERROR: 0
============================================================================
make[3]: Leaving directory '/sources/7.9/libpng-1.6.21'
make[2]: Leaving directory '/sources/7.9/libpng-1.6.21'
make[1]: Leaving directory '/sources/7.9/libpng-1.6.21'
make  install-am
make[1]: Entering directory '/sources/7.9/libpng-1.6.21'
make[2]: Entering directory '/sources/7.9/libpng-1.6.21'
 /bin/mkdir -p '/usr/lib'
 /bin/sh ./libtool   --mode=install /usr/bin/install -c   libpng16.la '/usr/lib'
libtool: install: /usr/bin/install -c .libs/libpng16.so.16.21.0 /usr/lib/libpng16.so.16.21.0
libtool: install: (cd /usr/lib && { ln -s -f libpng16.so.16.21.0 libpng16.so.16 || { rm -f libpng16.so.16 && ln -s libpng16.so.16.21.0 libpng16.so.16; }; })
libtool: install: (cd /usr/lib && { ln -s -f libpng16.so.16.21.0 libpng16.so || { rm -f libpng16.so && ln -s libpng16.so.16.21.0 libpng16.so; }; })
libtool: install: /usr/bin/install -c .libs/libpng16.lai /usr/lib/libpng16.la
libtool: finish: PATH="/bin:/usr/ucb:/usr/bin:/usr/sbin:/sbin:/usr/etc:/etc:/sbin" ldconfig -n /usr/lib
----------------------------------------------------------------------
Libraries have been installed in:
   /usr/lib

If you ever happen to want to link against installed libraries
in a given directory, LIBDIR, you must either use libtool, and
specify the full pathname of the library, or use the '-LLIBDIR'
flag during linking and do at least one of the following:
   - add LIBDIR to the 'LD_LIBRARY_PATH' environment variable
     during execution
   - add LIBDIR to the 'LD_RUN_PATH' environment variable
     during linking
   - use the '-Wl,-rpath -Wl,LIBDIR' linker flag
   - have your system administrator add LIBDIR to '/etc/ld.so.conf'

See any operating system documentation about shared libraries for
more information, such as the ld(1) and ld.so(8) manual pages.
----------------------------------------------------------------------
 /bin/mkdir -p '/usr/bin'
  /bin/sh ./libtool   --mode=install /usr/bin/install -c pngfix png-fix-itxt '/usr/bin'
libtool: install: /usr/bin/install -c .libs/pngfix /usr/bin/pngfix
libtool: install: /usr/bin/install -c png-fix-itxt /usr/bin/png-fix-itxt
 /bin/mkdir -p '/usr/bin'
 /usr/bin/install -c libpng16-config '/usr/bin'
make  install-exec-hook
make[3]: Entering directory '/sources/7.9/libpng-1.6.21'
make[3]: Leaving directory '/sources/7.9/libpng-1.6.21'
 /bin/mkdir -p '/usr/share/man/man3'
 /usr/bin/install -c -m 644 libpng.3 libpngpf.3 '/usr/share/man/man3'
 /bin/mkdir -p '/usr/share/man/man5'
 /usr/bin/install -c -m 644 png.5 '/usr/share/man/man5'
 /bin/mkdir -p '/usr/include/libpng16'
 /usr/bin/install -c -m 644 pnglibconf.h '/usr/include/libpng16'
 /bin/mkdir -p '/usr/lib/pkgconfig'
 /usr/bin/install -c -m 644 libpng16.pc '/usr/lib/pkgconfig'
 /bin/mkdir -p '/usr/include/libpng16'
 /usr/bin/install -c -m 644 png.h pngconf.h '/usr/include/libpng16'
make  install-data-hook
make[3]: Entering directory '/sources/7.9/libpng-1.6.21'
make[3]: Leaving directory '/sources/7.9/libpng-1.6.21'
make[2]: Leaving directory '/sources/7.9/libpng-1.6.21'
make[1]: Leaving directory '/sources/7.9/libpng-1.6.21'
mkdir: created directory '/usr/share/doc/libpng-1.6.21'
'README' -> '/usr/share/doc/libpng-1.6.21/README'
'libpng-manual.txt' -> '/usr/share/doc/libpng-1.6.21/libpng-manual.txt'
