for d in lib/util  plugins/group_file plugins/sudoers plugins/system_group src include doc examples; do \
    (cd $d && exec make check) && continue; \
    exit $?; \
done
make[1]: Entering directory '/sources/7.9/sudo-1.8.15/lib/util'
/bin/sh ../../libtool --tag=disable-static --mode=compile gcc -c -o atofoo_test.lo -I../../include -I../.. -I. -I../.. -D_PATH_SUDO_CONF=\"/etc/sudo.conf\" -D_FORTIFY_SOURCE=2 -g -O2 -fvisibility=hidden -fPIE -fstack-protector-strong ./regress/atofoo/atofoo_test.c
libtool: compile:  gcc -c -I../../include -I../.. -I. -I../.. -D_PATH_SUDO_CONF=\"/etc/sudo.conf\" -D_FORTIFY_SOURCE=2 -g -O2 -fvisibility=hidden -fstack-protector-strong ./regress/atofoo/atofoo_test.c  -fPIC -DPIC -o .libs/atofoo_test.o
/bin/sh ../../libtool --tag=disable-static --mode=link gcc -o atofoo_test atofoo_test.lo libsudo_util.la -Wc,-fPIE -pie -Wc,-fstack-protector-strong -Wl,-z,relro 
libtool: link: gcc -o .libs/atofoo_test .libs/atofoo_test.o -fPIE -pie -fstack-protector-strong -Wl,-z -Wl,relro  ./.libs/libsudo_util.so -ldl -Wl,-rpath -Wl,/usr/lib/sudo
/bin/sh ../../libtool --tag=disable-static --mode=compile gcc -c -o conf_test.lo -I../../include -I../.. -I. -I../.. -D_PATH_SUDO_CONF=\"/etc/sudo.conf\" -D_FORTIFY_SOURCE=2 -g -O2 -fvisibility=hidden -fPIE -fstack-protector-strong ./regress/sudo_conf/conf_test.c
libtool: compile:  gcc -c -I../../include -I../.. -I. -I../.. -D_PATH_SUDO_CONF=\"/etc/sudo.conf\" -D_FORTIFY_SOURCE=2 -g -O2 -fvisibility=hidden -fstack-protector-strong ./regress/sudo_conf/conf_test.c  -fPIC -DPIC -o .libs/conf_test.o
/bin/sh ../../libtool --tag=disable-static --mode=link gcc -o conf_test conf_test.lo libsudo_util.la -Wc,-fPIE -pie -Wc,-fstack-protector-strong -Wl,-z,relro 
libtool: link: gcc -o .libs/conf_test .libs/conf_test.o -fPIE -pie -fstack-protector-strong -Wl,-z -Wl,relro  ./.libs/libsudo_util.so -ldl -Wl,-rpath -Wl,/usr/lib/sudo
/bin/sh ../../libtool --tag=disable-static --mode=compile gcc -c -o hltq_test.lo -I../../include -I../.. -I. -I../.. -D_PATH_SUDO_CONF=\"/etc/sudo.conf\" -D_FORTIFY_SOURCE=2 -g -O2 -fvisibility=hidden -fPIE -fstack-protector-strong ./regress/tailq/hltq_test.c
libtool: compile:  gcc -c -I../../include -I../.. -I. -I../.. -D_PATH_SUDO_CONF=\"/etc/sudo.conf\" -D_FORTIFY_SOURCE=2 -g -O2 -fvisibility=hidden -fstack-protector-strong ./regress/tailq/hltq_test.c  -fPIC -DPIC -o .libs/hltq_test.o
/bin/sh ../../libtool --tag=disable-static --mode=link gcc -o hltq_test hltq_test.lo libsudo_util.la -Wc,-fPIE -pie -Wc,-fstack-protector-strong -Wl,-z,relro 
libtool: link: gcc -o .libs/hltq_test .libs/hltq_test.o -fPIE -pie -fstack-protector-strong -Wl,-z -Wl,relro  ./.libs/libsudo_util.so -ldl -Wl,-rpath -Wl,/usr/lib/sudo
/bin/sh ../../libtool --tag=disable-static --mode=compile gcc -c -o parseln_test.lo -I../../include -I../.. -I. -I../.. -D_PATH_SUDO_CONF=\"/etc/sudo.conf\" -D_FORTIFY_SOURCE=2 -g -O2 -fvisibility=hidden -fPIE -fstack-protector-strong ./regress/sudo_parseln/parseln_test.c
libtool: compile:  gcc -c -I../../include -I../.. -I. -I../.. -D_PATH_SUDO_CONF=\"/etc/sudo.conf\" -D_FORTIFY_SOURCE=2 -g -O2 -fvisibility=hidden -fstack-protector-strong ./regress/sudo_parseln/parseln_test.c  -fPIC -DPIC -o .libs/parseln_test.o
/bin/sh ../../libtool --tag=disable-static --mode=link gcc -o parseln_test parseln_test.lo libsudo_util.la -Wc,-fPIE -pie -Wc,-fstack-protector-strong -Wl,-z,relro 
libtool: link: gcc -o .libs/parseln_test .libs/parseln_test.o -fPIE -pie -fstack-protector-strong -Wl,-z -Wl,relro  ./.libs/libsudo_util.so -ldl -Wl,-rpath -Wl,/usr/lib/sudo
/bin/sh ../../libtool --tag=disable-static --mode=compile gcc -c -o progname_test.lo -I../../include -I../.. -I. -I../.. -D_PATH_SUDO_CONF=\"/etc/sudo.conf\" -D_FORTIFY_SOURCE=2 -g -O2 -fvisibility=hidden -fPIE -fstack-protector-strong ./regress/progname/progname_test.c
libtool: compile:  gcc -c -I../../include -I../.. -I. -I../.. -D_PATH_SUDO_CONF=\"/etc/sudo.conf\" -D_FORTIFY_SOURCE=2 -g -O2 -fvisibility=hidden -fstack-protector-strong ./regress/progname/progname_test.c  -fPIC -DPIC -o .libs/progname_test.o
/bin/sh ../../libtool --tag=disable-static --mode=link gcc -o progname_test progname_test.lo progname.lo -Wc,-fPIE -pie -Wc,-fstack-protector-strong -Wl,-z,relro 
libtool: link: gcc -o progname_test .libs/progname_test.o .libs/progname.o -fPIE -pie -fstack-protector-strong -Wl,-z -Wl,relro 
/bin/sh ../../libtool --tag=disable-static --mode=compile gcc -c -o strsplit_test.lo -I../../include -I../.. -I. -I../.. -D_PATH_SUDO_CONF=\"/etc/sudo.conf\" -D_FORTIFY_SOURCE=2 -g -O2 -fvisibility=hidden -fPIE -fstack-protector-strong ./regress/strsplit/strsplit_test.c
libtool: compile:  gcc -c -I../../include -I../.. -I. -I../.. -D_PATH_SUDO_CONF=\"/etc/sudo.conf\" -D_FORTIFY_SOURCE=2 -g -O2 -fvisibility=hidden -fstack-protector-strong ./regress/strsplit/strsplit_test.c  -fPIC -DPIC -o .libs/strsplit_test.o
/bin/sh ../../libtool --tag=disable-static --mode=link gcc -o strsplit_test strsplit_test.lo libsudo_util.la -Wc,-fPIE -pie -Wc,-fstack-protector-strong -Wl,-z,relro 
libtool: link: gcc -o .libs/strsplit_test .libs/strsplit_test.o -fPIE -pie -fstack-protector-strong -Wl,-z -Wl,relro  ./.libs/libsudo_util.so -ldl -Wl,-rpath -Wl,/usr/lib/sudo
/bin/sh ../../libtool --tag=disable-static --mode=compile gcc -c -o parse_gids_test.lo -I../../include -I../.. -I. -I../.. -D_PATH_SUDO_CONF=\"/etc/sudo.conf\" -D_FORTIFY_SOURCE=2 -g -O2 -fvisibility=hidden -fPIE -fstack-protector-strong ./regress/parse_gids/parse_gids_test.c
libtool: compile:  gcc -c -I../../include -I../.. -I. -I../.. -D_PATH_SUDO_CONF=\"/etc/sudo.conf\" -D_FORTIFY_SOURCE=2 -g -O2 -fvisibility=hidden -fstack-protector-strong ./regress/parse_gids/parse_gids_test.c  -fPIC -DPIC -o .libs/parse_gids_test.o
/bin/sh ../../libtool --tag=disable-static --mode=link gcc -o parse_gids_test parse_gids_test.lo libsudo_util.la -Wc,-fPIE -pie -Wc,-fstack-protector-strong -Wl,-z,relro 
libtool: link: gcc -o .libs/parse_gids_test .libs/parse_gids_test.o -fPIE -pie -fstack-protector-strong -Wl,-z -Wl,relro  ./.libs/libsudo_util.so -ldl -Wl,-rpath -Wl,/usr/lib/sudo
parse_gids_test: 6 tests run, 0 errors, 100% success rate
strsplit_test: 29 tests run, 0 errors, 100% success rate
atofoo_test: 23 tests run, 0 errors, 100% success rate
hltq_test: 19 tests run, 0 errors, 100% success rate
sudo_conf/test1: OK
sudo_conf/test2: OK
sudo_conf/test3: OK
sudo_conf/test4: OK
sudo_conf/test4 (stderr): OK
sudo_conf/test5: OK
sudo_conf/test5 (stderr): OK
sudo_conf/test6: OK
sudo_conf/test7: OK
sudo_conf: 9/9 tests passed; 0/9 tests failed
sudo_parseln/test1: OK
sudo_parseln/test2: OK
sudo_parseln/test3: OK
sudo_parseln/test4: OK
sudo_parseln/test5: OK
sudo_parseln/test6: OK
sudo_parseln: 6/6 tests passed; 0/6 tests failed
make[1]: Leaving directory '/sources/7.9/sudo-1.8.15/lib/util'
make[1]: Entering directory '/sources/7.9/sudo-1.8.15/plugins/group_file'
make[1]: Nothing to be done for 'check'.
make[1]: Leaving directory '/sources/7.9/sudo-1.8.15/plugins/group_file'
make[1]: Entering directory '/sources/7.9/sudo-1.8.15/plugins/sudoers'
gcc -c -I../../include -I../.. -I. -I. -I../.. -DLIBDIR=\"/usr/lib\" -DLOCALEDIR=\"/usr/share/locale\" -D_PATH_SUDOERS=\"/etc/sudoers\" -DSUDOERS_UID=0 -DSUDOERS_GID=0 -DSUDOERS_MODE=0440 -D_FORTIFY_SOURCE=2 -g -O2 -fvisibility=hidden -fPIE -fstack-protector-strong ./regress/iolog_path/check_iolog_path.c
gcc -c -I../../include -I../.. -I. -I. -I../.. -DLIBDIR=\"/usr/lib\" -DLOCALEDIR=\"/usr/share/locale\" -D_PATH_SUDOERS=\"/etc/sudoers\" -DSUDOERS_UID=0 -DSUDOERS_GID=0 -DSUDOERS_MODE=0440 -D_FORTIFY_SOURCE=2 -g -O2 -fvisibility=hidden -fPIE -fstack-protector-strong iolog_path.c
gcc -c -I../../include -I../.. -I. -I. -I../.. -DLIBDIR=\"/usr/lib\" -DLOCALEDIR=\"/usr/share/locale\" -D_PATH_SUDOERS=\"/etc/sudoers\" -DSUDOERS_UID=0 -DSUDOERS_GID=0 -DSUDOERS_MODE=0440 -D_FORTIFY_SOURCE=2 -g -O2 -fvisibility=hidden -fPIE -fstack-protector-strong pwutil.c
gcc -c -I../../include -I../.. -I. -I. -I../.. -DLIBDIR=\"/usr/lib\" -DLOCALEDIR=\"/usr/share/locale\" -D_PATH_SUDOERS=\"/etc/sudoers\" -DSUDOERS_UID=0 -DSUDOERS_GID=0 -DSUDOERS_MODE=0440 -D_FORTIFY_SOURCE=2 -g -O2 -fvisibility=hidden -fPIE -fstack-protector-strong pwutil_impl.c
gcc -c -I../../include -I../.. -I. -I. -I../.. -DLIBDIR=\"/usr/lib\" -DLOCALEDIR=\"/usr/share/locale\" -D_PATH_SUDOERS=\"/etc/sudoers\" -DSUDOERS_UID=0 -DSUDOERS_GID=0 -DSUDOERS_MODE=0440 -D_FORTIFY_SOURCE=2 -g -O2 -fvisibility=hidden -fPIE -fstack-protector-strong redblack.c
gcc -c -I../../include -I../.. -I. -I. -I../.. -DLIBDIR=\"/usr/lib\" -DLOCALEDIR=\"/usr/share/locale\" -D_PATH_SUDOERS=\"/etc/sudoers\" -DSUDOERS_UID=0 -DSUDOERS_GID=0 -DSUDOERS_MODE=0440 -D_FORTIFY_SOURCE=2 -g -O2 -fvisibility=hidden -fPIE -fstack-protector-strong sudoers_debug.c
/bin/sh ../../libtool  --mode=link gcc -o check_iolog_path check_iolog_path.o iolog_path.o locale.o pwutil.o pwutil_impl.o redblack.o sudoers_debug.o -Wl,-z,relro -Wc,-fPIE -pie -Wc,-fstack-protector-strong ../../lib/util/libsudo_util.la
libtool: link: gcc -o .libs/check_iolog_path check_iolog_path.o iolog_path.o locale.o pwutil.o pwutil_impl.o redblack.o sudoers_debug.o -Wl,-z -Wl,relro -fPIE -pie -fstack-protector-strong  ../../lib/util/.libs/libsudo_util.so -ldl -Wl,-rpath -Wl,/usr/lib/sudo
gcc -c -I../../include -I../.. -I. -I. -I../.. -DLIBDIR=\"/usr/lib\" -DLOCALEDIR=\"/usr/share/locale\" -D_PATH_SUDOERS=\"/etc/sudoers\" -DSUDOERS_UID=0 -DSUDOERS_GID=0 -DSUDOERS_MODE=0440 -D_FORTIFY_SOURCE=2 -g -O2 -fvisibility=hidden -fPIE -fstack-protector-strong ./regress/parser/check_fill.c
gcc -c -I../../include -I../.. -I. -I. -I../.. -DLIBDIR=\"/usr/lib\" -DLOCALEDIR=\"/usr/share/locale\" -D_PATH_SUDOERS=\"/etc/sudoers\" -DSUDOERS_UID=0 -DSUDOERS_GID=0 -DSUDOERS_MODE=0440 -D_FORTIFY_SOURCE=2 -g -O2 -fvisibility=hidden -fPIE -fstack-protector-strong hexchar.c
gcc -c -I../../include -I../.. -I. -I. -I../.. -DLIBDIR=\"/usr/lib\" -DLOCALEDIR=\"/usr/share/locale\" -D_PATH_SUDOERS=\"/etc/sudoers\" -DSUDOERS_UID=0 -DSUDOERS_GID=0 -DSUDOERS_MODE=0440 -D_FORTIFY_SOURCE=2 -g -O2 -fvisibility=hidden -fPIE -fstack-protector-strong toke_util.c
/bin/sh ../../libtool  --mode=link gcc -o check_fill check_fill.o hexchar.o locale.o toke_util.o sudoers_debug.o -Wl,-z,relro -Wc,-fPIE -pie -Wc,-fstack-protector-strong ../../lib/util/libsudo_util.la
libtool: link: gcc -o .libs/check_fill check_fill.o hexchar.o locale.o toke_util.o sudoers_debug.o -Wl,-z -Wl,relro -fPIE -pie -fstack-protector-strong  ../../lib/util/.libs/libsudo_util.so -ldl -Wl,-rpath -Wl,/usr/lib/sudo
gcc -c -I../../include -I../.. -I. -I. -I../.. -DLIBDIR=\"/usr/lib\" -DLOCALEDIR=\"/usr/share/locale\" -D_PATH_SUDOERS=\"/etc/sudoers\" -DSUDOERS_UID=0 -DSUDOERS_GID=0 -DSUDOERS_MODE=0440 -D_FORTIFY_SOURCE=2 -g -O2 -fvisibility=hidden -fPIE -fstack-protector-strong ./regress/logging/check_wrap.c
gcc -c -I../../include -I../.. -I. -I. -I../.. -DLIBDIR=\"/usr/lib\" -DLOCALEDIR=\"/usr/share/locale\" -D_PATH_SUDOERS=\"/etc/sudoers\" -DSUDOERS_UID=0 -DSUDOERS_GID=0 -DSUDOERS_MODE=0440 -D_FORTIFY_SOURCE=2 -g -O2 -fvisibility=hidden -fPIE -fstack-protector-strong logwrap.c
/bin/sh ../../libtool  --mode=link gcc -o check_wrap check_wrap.o locale.o logwrap.o sudoers_debug.o -Wl,-z,relro -Wc,-fPIE -pie -Wc,-fstack-protector-strong ../../lib/util/libsudo_util.la
libtool: link: gcc -o .libs/check_wrap check_wrap.o locale.o logwrap.o sudoers_debug.o -Wl,-z -Wl,relro -fPIE -pie -fstack-protector-strong  ../../lib/util/.libs/libsudo_util.so -ldl -Wl,-rpath -Wl,/usr/lib/sudo
gcc -c -I../../include -I../.. -I. -I. -I../.. -DLIBDIR=\"/usr/lib\" -DLOCALEDIR=\"/usr/share/locale\" -D_PATH_SUDOERS=\"/etc/sudoers\" -DSUDOERS_UID=0 -DSUDOERS_GID=0 -DSUDOERS_MODE=0440 -D_FORTIFY_SOURCE=2 -g -O2 -fvisibility=hidden -fPIE -fstack-protector-strong ./regress/parser/check_addr.c
gcc -c -I../../include -I../.. -I. -I. -I../.. -DLIBDIR=\"/usr/lib\" -DLOCALEDIR=\"/usr/share/locale\" -D_PATH_SUDOERS=\"/etc/sudoers\" -DSUDOERS_UID=0 -DSUDOERS_GID=0 -DSUDOERS_MODE=0440 -D_FORTIFY_SOURCE=2 -g -O2 -fvisibility=hidden -fPIE -fstack-protector-strong match_addr.c
/bin/sh ../../libtool  --mode=link gcc -o check_addr check_addr.o interfaces.o locale.o match_addr.o sudoers_debug.o sudo_printf.o -Wl,-z,relro -Wc,-fPIE -pie -Wc,-fstack-protector-strong ../../lib/util/libsudo_util.la 
libtool: link: gcc -o .libs/check_addr check_addr.o interfaces.o locale.o match_addr.o sudoers_debug.o sudo_printf.o -Wl,-z -Wl,relro -fPIE -pie -fstack-protector-strong  ../../lib/util/.libs/libsudo_util.so -ldl -Wl,-rpath -Wl,/usr/lib/sudo
gcc -c -I../../include -I../.. -I. -I. -I../.. -DLIBDIR=\"/usr/lib\" -DLOCALEDIR=\"/usr/share/locale\" -D_PATH_SUDOERS=\"/etc/sudoers\" -DSUDOERS_UID=0 -DSUDOERS_GID=0 -DSUDOERS_MODE=0440 -D_FORTIFY_SOURCE=2 -g -O2 -fvisibility=hidden -fPIE -fstack-protector-strong ./regress/parser/check_digest.c
/bin/sh ../../libtool  --mode=link gcc -o check_digest check_digest.o locale.o -Wl,-z,relro -Wc,-fPIE -pie -Wc,-fstack-protector-strong ../../lib/util/libsudo_util.la 
libtool: link: gcc -o .libs/check_digest check_digest.o locale.o -Wl,-z -Wl,relro -fPIE -pie -fstack-protector-strong  ../../lib/util/.libs/libsudo_util.so -ldl -Wl,-rpath -Wl,/usr/lib/sudo
gcc -c -I../../include -I../.. -I. -I. -I../.. -DLIBDIR=\"/usr/lib\" -DLOCALEDIR=\"/usr/share/locale\" -D_PATH_SUDOERS=\"/etc/sudoers\" -DSUDOERS_UID=0 -DSUDOERS_GID=0 -DSUDOERS_MODE=0440 -D_FORTIFY_SOURCE=2 -g -O2 -fvisibility=hidden -fPIE -fstack-protector-strong ./regress/parser/check_base64.c
gcc -c -I../../include -I../.. -I. -I. -I../.. -DLIBDIR=\"/usr/lib\" -DLOCALEDIR=\"/usr/share/locale\" -D_PATH_SUDOERS=\"/etc/sudoers\" -DSUDOERS_UID=0 -DSUDOERS_GID=0 -DSUDOERS_MODE=0440 -D_FORTIFY_SOURCE=2 -g -O2 -fvisibility=hidden -fPIE -fstack-protector-strong base64.c
/bin/sh ../../libtool  --mode=link gcc -o check_base64 check_base64.o base64.o locale.o sudoers_debug.o -Wl,-z,relro -Wc,-fPIE -pie -Wc,-fstack-protector-strong ../../lib/util/libsudo_util.la
libtool: link: gcc -o .libs/check_base64 check_base64.o base64.o locale.o sudoers_debug.o -Wl,-z -Wl,relro -fPIE -pie -fstack-protector-strong  ../../lib/util/.libs/libsudo_util.so -ldl -Wl,-rpath -Wl,/usr/lib/sudo
gcc -c -I../../include -I../.. -I. -I. -I../.. -DLIBDIR=\"/usr/lib\" -DLOCALEDIR=\"/usr/share/locale\" -D_PATH_SUDOERS=\"/etc/sudoers\" -DSUDOERS_UID=0 -DSUDOERS_GID=0 -DSUDOERS_MODE=0440 -D_FORTIFY_SOURCE=2 -g -O2 -fvisibility=hidden -fPIE -fstack-protector-strong ./regress/parser/check_hexchar.c
/bin/sh ../../libtool  --mode=link gcc -o check_hexchar check_hexchar.o hexchar.o locale.o sudoers_debug.o -Wl,-z,relro -Wc,-fPIE -pie -Wc,-fstack-protector-strong ../../lib/util/libsudo_util.la
libtool: link: gcc -o .libs/check_hexchar check_hexchar.o hexchar.o locale.o sudoers_debug.o -Wl,-z -Wl,relro -fPIE -pie -fstack-protector-strong  ../../lib/util/.libs/libsudo_util.so -ldl -Wl,-rpath -Wl,/usr/lib/sudo
gcc -c -I../../include -I../.. -I. -I. -I../.. -DLIBDIR=\"/usr/lib\" -DLOCALEDIR=\"/usr/share/locale\" -D_PATH_SUDOERS=\"/etc/sudoers\" -DSUDOERS_UID=0 -DSUDOERS_GID=0 -DSUDOERS_MODE=0440 -D_FORTIFY_SOURCE=2 -g -O2 -fvisibility=hidden -fPIE -fstack-protector-strong ./regress/check_symbols/check_symbols.c
/bin/sh ../../libtool  --mode=link gcc -o check_symbols check_symbols.o locale.o -Wl,-z,relro -Wc,-fPIE -pie -Wc,-fstack-protector-strong ../../lib/util/libsudo_util.la  -lutil
libtool: link: gcc -o .libs/check_symbols check_symbols.o locale.o -Wl,-z -Wl,relro -fPIE -pie -fstack-protector-strong  ../../lib/util/.libs/libsudo_util.so -ldl -lutil -Wl,-rpath -Wl,/usr/lib/sudo
check_addr: 9 tests run, 0 errors, 100% success rate
check_base64: 6 tests run, 0 errors, 100% success rate
check_fill: 18 tests run, 0 errors, 100% success rate
check_hexchar: 515 tests run, 0 errors, 100% success rate
iolog_path: 8 tests run, 0 errors, 100% success rate
check_symbols: 7 tests run, 0 errors, 100% success rate
sudoers/test1 (parse): OK
sudoers/test1 (toke):  OK
sudoers/test1 (parse): OK
sudoers/test10 (parse): OK
sudoers/test10 (toke):  OK
sudoers/test10 (parse): OK
sudoers/test11 (parse): OK
sudoers/test11 (toke):  OK
sudoers/test11 (parse): OK
sudoers/test12 (parse): OK
sudoers/test12 (toke):  OK
sudoers/test12 (parse): OK
sudoers/test13 (parse): OK
sudoers/test13 (toke):  OK
sudoers/test13 (parse): OK
sudoers/test14 (parse): OK
sudoers/test14 (toke):  OK
sudoers/test14 (parse): OK
sudoers/test15 (parse): OK
sudoers/test15 (toke):  OK
sudoers/test15 (parse): OK
sudoers/test16 (parse): OK
sudoers/test16 (toke):  OK
sudoers/test16 (parse): OK
sudoers/test2 (parse): OK
sudoers/test2 (toke):  OK
sudoers/test2 (parse): OK
sudoers/test3 (parse): OK
sudoers/test3 (toke):  OK
sudoers/test3 (parse): OK
sudoers/test4 (parse): OK
sudoers/test4 (toke):  OK
sudoers/test4 (parse): OK
sudoers/test5 (parse): OK
sudoers/test5 (toke):  OK
sudoers/test5 (parse): OK
sudoers/test6 (parse): OK
sudoers/test6 (toke):  OK
sudoers/test6 (parse): OK
sudoers/test7 (parse): OK
sudoers/test7 (toke):  OK
sudoers/test7 (parse): OK
sudoers/test8 (parse): OK
sudoers/test8 (toke):  OK
sudoers/test8 (parse): OK
sudoers/test9 (parse): OK
sudoers/test9 (toke):  OK
sudoers/test9 (parse): OK
sudoers: 48/48 tests passed; 0/48 tests failed
testsudoers/test1: OK
testsudoers/test2: OK
testsudoers/test3: FAIL
1d0
< testsudoers: root should be owned by uid 0
6c5,10
< Command unmatched
---
> ALL = ALL
> 	host  matched
> 	runas matched
> 	cmnd  allowed
> 
> Command allowed
testsudoers/test4: OK
testsudoers/test5: OK
testsudoers/test6: OK
testsudoers/test7: OK
testsudoers: 6/7 tests passed; 1/7 tests failed
visudo/test1: OK
visudo/test2: OK
visudo/test2 (stderr): OK
visudo/test3: OK
visudo/test3 (stderr): OK
visudo/test4: OK
visudo/test5: OK
visudo: 7/7 tests passed; 0/7 tests failed
Makefile:359: recipe for target 'check' failed
make[1]: *** [check] Error 1
make[1]: Leaving directory '/sources/7.9/sudo-1.8.15/plugins/sudoers'
Makefile:99: recipe for target 'check' failed
make: *** [check] Error 2
sudo_conf: 9/9 tests passed; 0/9 tests failed
sudo_parseln: 6/6 tests passed; 0/6 tests failed
sudoers: 48/48 tests passed; 0/48 tests failed
testsudoers: 6/7 tests passed; 1/7 tests failed
visudo: 7/7 tests passed; 0/7 tests failed
Makefile:359: recipe for target 'check' failed
Makefile:99: recipe for target 'check' failed
