make  check-am
make[1]: Entering directory '/sources/7.9/pcre-8.38'
make  
make[2]: Entering directory '/sources/7.9/pcre-8.38'
make  all-am
make[3]: Entering directory '/sources/7.9/pcre-8.38'
make[3]: Leaving directory '/sources/7.9/pcre-8.38'
make[2]: Leaving directory '/sources/7.9/pcre-8.38'
make  check-TESTS
make[2]: Entering directory '/sources/7.9/pcre-8.38'
make[3]: Entering directory '/sources/7.9/pcre-8.38'
PASS: pcrecpp_unittest
PASS: pcre_scanner_unittest
PASS: pcre_stringpiece_unittest
PASS: RunTest
PASS: RunGrepTest
============================================================================
Testsuite summary for PCRE 8.38
============================================================================
# TOTAL: 5
# PASS:  5
# SKIP:  0
# XFAIL: 0
# FAIL:  0
# XPASS: 0
# ERROR: 0
============================================================================
make[3]: Leaving directory '/sources/7.9/pcre-8.38'
make[2]: Leaving directory '/sources/7.9/pcre-8.38'
make[1]: Leaving directory '/sources/7.9/pcre-8.38'
