checking for a BSD-compatible install... /usr/bin/install -c
checking whether build environment is sane... yes
checking for a thread-safe mkdir -p... /bin/mkdir -p
checking for gawk... gawk
checking whether make sets $(MAKE)... yes
checking whether make supports nested variables... yes
checking whether make supports nested variables... (cached) yes
checking for style of include used by make... GNU
checking for gcc... gcc
checking whether the C compiler works... yes
checking for C compiler default output file name... a.out
checking for suffix of executables... 
checking whether we are cross compiling... no
checking for suffix of object files... o
checking whether we are using the GNU C compiler... yes
checking whether gcc accepts -g... yes
checking for gcc option to accept ISO C89... none needed
checking whether gcc understands -c and -o together... yes
checking dependency style of gcc... gcc3
checking for ar... ar
checking the archiver (ar) interface... ar
checking for gcc... (cached) gcc
checking whether we are using the GNU C compiler... (cached) yes
checking whether gcc accepts -g... (cached) yes
checking for gcc option to accept ISO C89... (cached) none needed
checking whether gcc understands -c and -o together... (cached) yes
checking dependency style of gcc... (cached) gcc3
checking for g++... g++
checking whether we are using the GNU C++ compiler... yes
checking whether g++ accepts -g... yes
checking dependency style of g++... gcc3
checking how to run the C preprocessor... gcc -E
checking for grep that handles long lines and -e... /bin/grep
checking for egrep... /bin/grep -E
checking for ANSI C header files... yes
checking for sys/types.h... yes
checking for sys/stat.h... yes
checking for stdlib.h... yes
checking for string.h... yes
checking for memory.h... yes
checking for strings.h... yes
checking for inttypes.h... yes
checking for stdint.h... yes
checking for unistd.h... yes
checking for int64_t... yes
checking build system type... x86_64-unknown-linux-gnu
checking host system type... x86_64-unknown-linux-gnu
checking how to print strings... printf
checking for a sed that does not truncate output... /bin/sed
checking for fgrep... /bin/grep -F
checking for ld used by gcc... /usr/bin/ld
checking if the linker (/usr/bin/ld) is GNU ld... yes
checking for BSD- or MS-compatible name lister (nm)... /usr/bin/nm -B
checking the name lister (/usr/bin/nm -B) interface... BSD nm
checking whether ln -s works... yes
checking the maximum length of command line arguments... 1572864
checking how to convert x86_64-unknown-linux-gnu file names to x86_64-unknown-linux-gnu format... func_convert_file_noop
checking how to convert x86_64-unknown-linux-gnu file names to toolchain format... func_convert_file_noop
checking for /usr/bin/ld option to reload object files... -r
checking for objdump... objdump
checking how to recognize dependent libraries... pass_all
checking for dlltool... dlltool
checking how to associate runtime and link libraries... printf %s\n
checking for archiver @FILE support... @
checking for strip... strip
checking for ranlib... ranlib
checking command to parse /usr/bin/nm -B output from gcc object... ok
checking for sysroot... no
checking for a working dd... /bin/dd
checking how to truncate binary pipes... /bin/dd bs=4096 count=1
checking for mt... no
checking if : is a manifest tool... no
checking for dlfcn.h... yes
checking for objdir... .libs
checking if gcc supports -fno-rtti -fno-exceptions... no
checking for gcc option to produce PIC... -fPIC -DPIC
checking if gcc PIC flag -fPIC -DPIC works... yes
checking if gcc static flag -static works... yes
checking if gcc supports -c -o file.o... yes
checking if gcc supports -c -o file.o... (cached) yes
checking whether the gcc linker (/usr/bin/ld -m elf_x86_64) supports shared libraries... yes
checking whether -lc should be explicitly linked in... no
checking dynamic linker characteristics... GNU/Linux ld.so
checking how to hardcode library paths into programs... immediate
checking whether stripping libraries is possible... yes
checking if libtool supports shared libraries... yes
checking whether to build shared libraries... yes
checking whether to build static libraries... no
checking how to run the C++ preprocessor... g++ -E
checking for ld used by g++... /usr/bin/ld -m elf_x86_64
checking if the linker (/usr/bin/ld -m elf_x86_64) is GNU ld... yes
checking whether the g++ linker (/usr/bin/ld -m elf_x86_64) supports shared libraries... yes
checking for g++ option to produce PIC... -fPIC -DPIC
checking if g++ PIC flag -fPIC -DPIC works... yes
checking if g++ static flag -static works... yes
checking if g++ supports -c -o file.o... yes
checking if g++ supports -c -o file.o... (cached) yes
checking whether the g++ linker (/usr/bin/ld -m elf_x86_64) supports shared libraries... yes
checking dynamic linker characteristics... (cached) GNU/Linux ld.so
checking how to hardcode library paths into programs... immediate
checking whether ln -s works... yes
checking whether the -Werror option is usable... yes
checking for simple visibility declarations... yes
checking for ANSI C header files... (cached) yes
checking limits.h usability... yes
checking limits.h presence... yes
checking for limits.h... yes
checking for sys/types.h... (cached) yes
checking for sys/stat.h... (cached) yes
checking dirent.h usability... yes
checking dirent.h presence... yes
checking for dirent.h... yes
checking windows.h usability... no
checking windows.h presence... no
checking for windows.h... no
checking for alias support in the linker... no
checking for alias support in the linker... no
checking string usability... yes
checking string presence... yes
checking for string... yes
checking bits/type_traits.h usability... no
checking bits/type_traits.h presence... no
checking for bits/type_traits.h... no
checking type_traits.h usability... no
checking type_traits.h presence... no
checking for type_traits.h... no
checking for strtoq... yes
checking for long long... yes
checking for unsigned long long... yes
checking for an ANSI C-conforming const... yes
checking for size_t... yes
checking for bcopy... yes
checking for memmove... yes
checking for strerror... yes
checking zlib.h usability... yes
checking zlib.h presence... yes
checking for zlib.h... yes
checking for gzopen in -lz... yes
checking bzlib.h usability... yes
checking bzlib.h presence... yes
checking for bzlib.h... yes
checking for libbz2... yes
checking readline/readline.h usability... yes
checking readline/readline.h presence... yes
checking for readline/readline.h... yes
checking readline/history.h usability... yes
checking readline/history.h presence... yes
checking for readline/history.h... yes
checking for readline in -lreadline... yes
checking that generated files are newer than configure... done
configure: creating ./config.status
config.status: creating Makefile
config.status: creating libpcre.pc
config.status: creating libpcre16.pc
config.status: creating libpcre32.pc
config.status: creating libpcreposix.pc
config.status: creating libpcrecpp.pc
config.status: creating pcre-config
config.status: creating pcre.h
config.status: creating pcre_stringpiece.h
config.status: creating pcrecpparg.h
config.status: creating config.h
config.status: executing depfiles commands
config.status: executing libtool commands
config.status: executing script-chmod commands
config.status: executing delete-old-chartables commands

pcre-8.38 configuration summary:

    Install prefix .................. : /usr
    C preprocessor .................. : gcc -E
    C compiler ...................... : gcc
    C++ preprocessor ................ : g++ -E
    C++ compiler .................... : g++
    Linker .......................... : /usr/bin/ld -m elf_x86_64
    C preprocessor flags ............ : 
    C compiler flags ................ : -g -O2 -fvisibility=hidden
    C++ compiler flags .............. : -O2 -fvisibility=hidden -fvisibility-inlines-hidden
    Linker flags .................... : 
    Extra libraries ................. : 

    Build 8 bit pcre library ........ : yes
    Build 16 bit pcre library ....... : yes
    Build 32 bit pcre library ....... : yes
    Build C++ library ............... : yes
    Enable JIT compiling support .... : no
    Enable UTF-8/16/32 support ...... : yes
    Unicode properties .............. : yes
    Newline char/sequence ........... : lf
    \R matches only ANYCRLF ......... : no
    EBCDIC coding ................... : no
    EBCDIC code for NL .............. : n/a
    Rebuild char tables ............. : no
    Use stack recursion ............. : yes
    POSIX mem threshold ............. : 10
    Internal link size .............. : 2
    Nested parentheses limit ........ : 250
    Match limit ..................... : 10000000
    Match limit recursion ........... : MATCH_LIMIT
    Build shared libs ............... : yes
    Build static libs ............... : no
    Use JIT in pcregrep ............. : no
    Buffer size for pcregrep ........ : 20480
    Link pcregrep with libz ......... : yes
    Link pcregrep with libbz2 ....... : yes
    Link pcretest with libedit ...... : no
    Link pcretest with libreadline .. : yes
    Valgrind support ................ : no
    Code coverage ................... : no

rm -f pcre_chartables.c
ln -s ./pcre_chartables.c.dist pcre_chartables.c
make  all-am
make[1]: Entering directory '/sources/7.9/pcre-8.38'
  CC       libpcre_la-pcre_byte_order.lo
  CC       libpcre_la-pcre_compile.lo
  CC       libpcre_la-pcre_config.lo
  CC       libpcre_la-pcre_dfa_exec.lo
  CC       libpcre_la-pcre_exec.lo
  CC       libpcre_la-pcre_fullinfo.lo
  CC       libpcre_la-pcre_get.lo
  CC       libpcre_la-pcre_globals.lo
  CC       libpcre_la-pcre_jit_compile.lo
  CC       libpcre_la-pcre_maketables.lo
  CC       libpcre_la-pcre_newline.lo
  CC       libpcre_la-pcre_ord2utf8.lo
  CC       libpcre_la-pcre_refcount.lo
  CC       libpcre_la-pcre_string_utils.lo
  CC       libpcre_la-pcre_study.lo
  CC       libpcre_la-pcre_tables.lo
  CC       libpcre_la-pcre_ucd.lo
  CC       libpcre_la-pcre_valid_utf8.lo
  CC       libpcre_la-pcre_version.lo
  CC       libpcre_la-pcre_xclass.lo
  CC       libpcre_la-pcre_chartables.lo
  CCLD     libpcre.la
  CC       libpcre16_la-pcre16_byte_order.lo
  CC       libpcre16_la-pcre16_chartables.lo
  CC       libpcre16_la-pcre16_compile.lo
  CC       libpcre16_la-pcre16_config.lo
  CC       libpcre16_la-pcre16_dfa_exec.lo
  CC       libpcre16_la-pcre16_exec.lo
  CC       libpcre16_la-pcre16_fullinfo.lo
  CC       libpcre16_la-pcre16_get.lo
  CC       libpcre16_la-pcre16_globals.lo
  CC       libpcre16_la-pcre16_jit_compile.lo
  CC       libpcre16_la-pcre16_maketables.lo
  CC       libpcre16_la-pcre16_newline.lo
  CC       libpcre16_la-pcre16_ord2utf16.lo
  CC       libpcre16_la-pcre16_refcount.lo
  CC       libpcre16_la-pcre16_string_utils.lo
  CC       libpcre16_la-pcre16_study.lo
  CC       libpcre16_la-pcre16_tables.lo
  CC       libpcre16_la-pcre16_ucd.lo
  CC       libpcre16_la-pcre16_utf16_utils.lo
  CC       libpcre16_la-pcre16_valid_utf16.lo
  CC       libpcre16_la-pcre16_version.lo
  CC       libpcre16_la-pcre16_xclass.lo
  CC       libpcre16_la-pcre_chartables.lo
  CCLD     libpcre16.la
  CC       libpcre32_la-pcre32_byte_order.lo
  CC       libpcre32_la-pcre32_chartables.lo
  CC       libpcre32_la-pcre32_compile.lo
  CC       libpcre32_la-pcre32_config.lo
  CC       libpcre32_la-pcre32_dfa_exec.lo
  CC       libpcre32_la-pcre32_exec.lo
  CC       libpcre32_la-pcre32_fullinfo.lo
  CC       libpcre32_la-pcre32_get.lo
  CC       libpcre32_la-pcre32_globals.lo
  CC       libpcre32_la-pcre32_jit_compile.lo
  CC       libpcre32_la-pcre32_maketables.lo
  CC       libpcre32_la-pcre32_newline.lo
  CC       libpcre32_la-pcre32_ord2utf32.lo
  CC       libpcre32_la-pcre32_refcount.lo
  CC       libpcre32_la-pcre32_string_utils.lo
  CC       libpcre32_la-pcre32_study.lo
  CC       libpcre32_la-pcre32_tables.lo
  CC       libpcre32_la-pcre32_ucd.lo
  CC       libpcre32_la-pcre32_utf32_utils.lo
  CC       libpcre32_la-pcre32_valid_utf32.lo
  CC       libpcre32_la-pcre32_version.lo
  CC       libpcre32_la-pcre32_xclass.lo
  CC       libpcre32_la-pcre_chartables.lo
  CCLD     libpcre32.la
  CC       libpcreposix_la-pcreposix.lo
  CCLD     libpcreposix.la
  CXX      libpcrecpp_la-pcrecpp.lo
  CXX      libpcrecpp_la-pcre_scanner.lo
  CXX      libpcrecpp_la-pcre_stringpiece.lo
  CXXLD    libpcrecpp.la
  CC       pcretest-pcretest.o
  CC       pcretest-pcre_printint.o
  CC       pcretest-pcre16_printint.o
  CC       pcretest-pcre32_printint.o
  CCLD     pcretest
  CC       pcregrep-pcregrep.o
  CCLD     pcregrep
  CXX      pcrecpp_unittest-pcrecpp_unittest.o
  CXXLD    pcrecpp_unittest
  CXX      pcre_scanner_unittest-pcre_scanner_unittest.o
  CXXLD    pcre_scanner_unittest
  CXX      pcre_stringpiece_unittest-pcre_stringpiece_unittest.o
  CXXLD    pcre_stringpiece_unittest
make[1]: Leaving directory '/sources/7.9/pcre-8.38'
make  check-am
make[1]: Entering directory '/sources/7.9/pcre-8.38'
make  
make[2]: Entering directory '/sources/7.9/pcre-8.38'
make  all-am
make[3]: Entering directory '/sources/7.9/pcre-8.38'
make[3]: Leaving directory '/sources/7.9/pcre-8.38'
make[2]: Leaving directory '/sources/7.9/pcre-8.38'
make  check-TESTS
make[2]: Entering directory '/sources/7.9/pcre-8.38'
make[3]: Entering directory '/sources/7.9/pcre-8.38'
PASS: pcrecpp_unittest
PASS: pcre_scanner_unittest
PASS: pcre_stringpiece_unittest
PASS: RunTest
PASS: RunGrepTest
============================================================================
Testsuite summary for PCRE 8.38
============================================================================
# TOTAL: 5
# PASS:  5
# SKIP:  0
# XFAIL: 0
# FAIL:  0
# XPASS: 0
# ERROR: 0
============================================================================
make[3]: Leaving directory '/sources/7.9/pcre-8.38'
make[2]: Leaving directory '/sources/7.9/pcre-8.38'
make[1]: Leaving directory '/sources/7.9/pcre-8.38'
make  install-am
make[1]: Entering directory '/sources/7.9/pcre-8.38'
make[2]: Entering directory '/sources/7.9/pcre-8.38'
 /bin/mkdir -p '/usr/lib'
 /bin/sh ./libtool   --mode=install /usr/bin/install -c   libpcre.la libpcre16.la libpcre32.la libpcreposix.la libpcrecpp.la '/usr/lib'
libtool: install: /usr/bin/install -c .libs/libpcre.so.1.2.6 /usr/lib/libpcre.so.1.2.6
libtool: install: (cd /usr/lib && { ln -s -f libpcre.so.1.2.6 libpcre.so.1 || { rm -f libpcre.so.1 && ln -s libpcre.so.1.2.6 libpcre.so.1; }; })
libtool: install: (cd /usr/lib && { ln -s -f libpcre.so.1.2.6 libpcre.so || { rm -f libpcre.so && ln -s libpcre.so.1.2.6 libpcre.so; }; })
libtool: install: /usr/bin/install -c .libs/libpcre.lai /usr/lib/libpcre.la
libtool: install: /usr/bin/install -c .libs/libpcre16.so.0.2.6 /usr/lib/libpcre16.so.0.2.6
libtool: install: (cd /usr/lib && { ln -s -f libpcre16.so.0.2.6 libpcre16.so.0 || { rm -f libpcre16.so.0 && ln -s libpcre16.so.0.2.6 libpcre16.so.0; }; })
libtool: install: (cd /usr/lib && { ln -s -f libpcre16.so.0.2.6 libpcre16.so || { rm -f libpcre16.so && ln -s libpcre16.so.0.2.6 libpcre16.so; }; })
libtool: install: /usr/bin/install -c .libs/libpcre16.lai /usr/lib/libpcre16.la
libtool: install: /usr/bin/install -c .libs/libpcre32.so.0.0.6 /usr/lib/libpcre32.so.0.0.6
libtool: install: (cd /usr/lib && { ln -s -f libpcre32.so.0.0.6 libpcre32.so.0 || { rm -f libpcre32.so.0 && ln -s libpcre32.so.0.0.6 libpcre32.so.0; }; })
libtool: install: (cd /usr/lib && { ln -s -f libpcre32.so.0.0.6 libpcre32.so || { rm -f libpcre32.so && ln -s libpcre32.so.0.0.6 libpcre32.so; }; })
libtool: install: /usr/bin/install -c .libs/libpcre32.lai /usr/lib/libpcre32.la
libtool: install: (cd /sources/7.9/pcre-8.38; /bin/sh "/sources/7.9/pcre-8.38/libtool"  --silent --tag CC --mode=relink gcc -fvisibility=hidden -g -O2 -version-info 0:3:0 -o libpcreposix.la -rpath /usr/lib libpcreposix_la-pcreposix.lo libpcre.la )
libtool: install: /usr/bin/install -c .libs/libpcreposix.so.0.0.3T /usr/lib/libpcreposix.so.0.0.3
libtool: install: (cd /usr/lib && { ln -s -f libpcreposix.so.0.0.3 libpcreposix.so.0 || { rm -f libpcreposix.so.0 && ln -s libpcreposix.so.0.0.3 libpcreposix.so.0; }; })
libtool: install: (cd /usr/lib && { ln -s -f libpcreposix.so.0.0.3 libpcreposix.so || { rm -f libpcreposix.so && ln -s libpcreposix.so.0.0.3 libpcreposix.so; }; })
libtool: install: /usr/bin/install -c .libs/libpcreposix.lai /usr/lib/libpcreposix.la
libtool: install: (cd /sources/7.9/pcre-8.38; /bin/sh "/sources/7.9/pcre-8.38/libtool"  --silent --tag CXX --mode=relink g++ -fvisibility=hidden -fvisibility-inlines-hidden -O2 -version-info 0:1:0 -o libpcrecpp.la -rpath /usr/lib libpcrecpp_la-pcrecpp.lo libpcrecpp_la-pcre_scanner.lo libpcrecpp_la-pcre_stringpiece.lo libpcre.la )
libtool: install: /usr/bin/install -c .libs/libpcrecpp.so.0.0.1T /usr/lib/libpcrecpp.so.0.0.1
libtool: install: (cd /usr/lib && { ln -s -f libpcrecpp.so.0.0.1 libpcrecpp.so.0 || { rm -f libpcrecpp.so.0 && ln -s libpcrecpp.so.0.0.1 libpcrecpp.so.0; }; })
libtool: install: (cd /usr/lib && { ln -s -f libpcrecpp.so.0.0.1 libpcrecpp.so || { rm -f libpcrecpp.so && ln -s libpcrecpp.so.0.0.1 libpcrecpp.so; }; })
libtool: install: /usr/bin/install -c .libs/libpcrecpp.lai /usr/lib/libpcrecpp.la
libtool: finish: PATH="/bin:/usr/ucb:/usr/bin:/usr/sbin:/sbin:/usr/etc:/etc:/sbin" ldconfig -n /usr/lib
----------------------------------------------------------------------
Libraries have been installed in:
   /usr/lib

If you ever happen to want to link against installed libraries
in a given directory, LIBDIR, you must either use libtool, and
specify the full pathname of the library, or use the '-LLIBDIR'
flag during linking and do at least one of the following:
   - add LIBDIR to the 'LD_LIBRARY_PATH' environment variable
     during execution
   - add LIBDIR to the 'LD_RUN_PATH' environment variable
     during linking
   - use the '-Wl,-rpath -Wl,LIBDIR' linker flag
   - have your system administrator add LIBDIR to '/etc/ld.so.conf'

See any operating system documentation about shared libraries for
more information, such as the ld(1) and ld.so(8) manual pages.
----------------------------------------------------------------------
 /bin/mkdir -p '/usr/bin'
  /bin/sh ./libtool   --mode=install /usr/bin/install -c pcretest pcregrep '/usr/bin'
libtool: install: /usr/bin/install -c .libs/pcretest /usr/bin/pcretest
libtool: install: /usr/bin/install -c .libs/pcregrep /usr/bin/pcregrep
 /bin/mkdir -p '/usr/bin'
 /usr/bin/install -c pcre-config '/usr/bin'
 /bin/mkdir -p '/usr/share/doc/pcre-8.38'
 /usr/bin/install -c -m 644 doc/pcre.txt doc/pcre-config.txt doc/pcregrep.txt doc/pcretest.txt AUTHORS COPYING ChangeLog LICENCE NEWS README '/usr/share/doc/pcre-8.38'
 /bin/mkdir -p '/usr/share/doc/pcre-8.38/html'
 /usr/bin/install -c -m 644 doc/html/NON-AUTOTOOLS-BUILD.txt doc/html/README.txt doc/html/index.html doc/html/pcre-config.html doc/html/pcre.html doc/html/pcre16.html doc/html/pcre32.html doc/html/pcre_assign_jit_stack.html doc/html/pcre_compile.html doc/html/pcre_compile2.html doc/html/pcre_config.html doc/html/pcre_copy_named_substring.html doc/html/pcre_copy_substring.html doc/html/pcre_dfa_exec.html doc/html/pcre_exec.html doc/html/pcre_free_study.html doc/html/pcre_free_substring.html doc/html/pcre_free_substring_list.html doc/html/pcre_fullinfo.html doc/html/pcre_get_named_substring.html doc/html/pcre_get_stringnumber.html doc/html/pcre_get_stringtable_entries.html doc/html/pcre_get_substring.html doc/html/pcre_get_substring_list.html doc/html/pcre_jit_exec.html doc/html/pcre_jit_stack_alloc.html doc/html/pcre_jit_stack_free.html doc/html/pcre_maketables.html doc/html/pcre_pattern_to_host_byte_order.html doc/html/pcre_refcount.html doc/html/pcre_study.html doc/html/pcre_utf16_to_host_byte_order.html doc/html/pcre_utf32_to_host_byte_order.html doc/html/pcre_version.html doc/html/pcreapi.html doc/html/pcrebuild.html doc/html/pcrecallout.html doc/html/pcrecompat.html doc/html/pcredemo.html doc/html/pcregrep.html '/usr/share/doc/pcre-8.38/html'
 /usr/bin/install -c -m 644 doc/html/pcrejit.html doc/html/pcrelimits.html doc/html/pcrematching.html doc/html/pcrepartial.html doc/html/pcrepattern.html doc/html/pcreperform.html doc/html/pcreposix.html doc/html/pcreprecompile.html doc/html/pcresample.html doc/html/pcrestack.html doc/html/pcresyntax.html doc/html/pcretest.html doc/html/pcreunicode.html '/usr/share/doc/pcre-8.38/html'
 /bin/mkdir -p '/usr/share/doc/pcre-8.38/html'
 /usr/bin/install -c -m 644 doc/html/pcrecpp.html '/usr/share/doc/pcre-8.38/html'
 /bin/mkdir -p '/usr/include'
 /usr/bin/install -c -m 644 pcreposix.h pcrecpp.h pcre_scanner.h '/usr/include'
 /bin/mkdir -p '/usr/share/man/man1'
 /usr/bin/install -c -m 644 doc/pcre-config.1 doc/pcregrep.1 doc/pcretest.1 '/usr/share/man/man1'
 /bin/mkdir -p '/usr/share/man/man3'
 /usr/bin/install -c -m 644 doc/pcre.3 doc/pcre16.3 doc/pcre32.3 doc/pcre_assign_jit_stack.3 doc/pcre_compile.3 doc/pcre_compile2.3 doc/pcre_config.3 doc/pcre_copy_named_substring.3 doc/pcre_copy_substring.3 doc/pcre_dfa_exec.3 doc/pcre_exec.3 doc/pcre_free_study.3 doc/pcre_free_substring.3 doc/pcre_free_substring_list.3 doc/pcre_fullinfo.3 doc/pcre_get_named_substring.3 doc/pcre_get_stringnumber.3 doc/pcre_get_stringtable_entries.3 doc/pcre_get_substring.3 doc/pcre_get_substring_list.3 doc/pcre_jit_exec.3 doc/pcre_jit_stack_alloc.3 doc/pcre_jit_stack_free.3 doc/pcre_maketables.3 doc/pcre_pattern_to_host_byte_order.3 doc/pcre_refcount.3 doc/pcre_study.3 doc/pcre_utf16_to_host_byte_order.3 doc/pcre_utf32_to_host_byte_order.3 doc/pcre_version.3 doc/pcreapi.3 doc/pcrebuild.3 doc/pcrecallout.3 doc/pcrecompat.3 doc/pcredemo.3 doc/pcrejit.3 doc/pcrelimits.3 doc/pcrematching.3 doc/pcrepartial.3 doc/pcrepattern.3 '/usr/share/man/man3'
 /usr/bin/install -c -m 644 doc/pcreperform.3 doc/pcreposix.3 doc/pcreprecompile.3 doc/pcresample.3 doc/pcrestack.3 doc/pcresyntax.3 doc/pcreunicode.3 doc/pcrecpp.3 '/usr/share/man/man3'
 /bin/mkdir -p '/usr/include'
 /usr/bin/install -c -m 644 pcre.h pcrecpparg.h pcre_stringpiece.h '/usr/include'
 /bin/mkdir -p '/usr/lib/pkgconfig'
 /usr/bin/install -c -m 644 libpcre.pc libpcreposix.pc libpcre16.pc libpcre32.pc libpcrecpp.pc '/usr/lib/pkgconfig'
make  install-data-hook
make[3]: Entering directory '/sources/7.9/pcre-8.38'
ln -sf pcre_assign_jit_stack.3		 /usr/share/man/man3/pcre16_assign_jit_stack.3
ln -sf pcre_compile.3			 /usr/share/man/man3/pcre16_compile.3
ln -sf pcre_compile2.3			 /usr/share/man/man3/pcre16_compile2.3
ln -sf pcre_config.3			 /usr/share/man/man3/pcre16_config.3
ln -sf pcre_copy_named_substring.3	 /usr/share/man/man3/pcre16_copy_named_substring.3
ln -sf pcre_copy_substring.3		 /usr/share/man/man3/pcre16_copy_substring.3
ln -sf pcre_dfa_exec.3			 /usr/share/man/man3/pcre16_dfa_exec.3
ln -sf pcre_exec.3			 /usr/share/man/man3/pcre16_exec.3
ln -sf pcre_free_study.3		 /usr/share/man/man3/pcre16_free_study.3
ln -sf pcre_free_substring.3		 /usr/share/man/man3/pcre16_free_substring.3
ln -sf pcre_free_substring_list.3	 /usr/share/man/man3/pcre16_free_substring_list.3
ln -sf pcre_fullinfo.3			 /usr/share/man/man3/pcre16_fullinfo.3
ln -sf pcre_get_named_substring.3	 /usr/share/man/man3/pcre16_get_named_substring.3
ln -sf pcre_get_stringnumber.3		 /usr/share/man/man3/pcre16_get_stringnumber.3
ln -sf pcre_get_stringtable_entries.3	 /usr/share/man/man3/pcre16_get_stringtable_entries.3
ln -sf pcre_get_substring.3		 /usr/share/man/man3/pcre16_get_substring.3
ln -sf pcre_get_substring_list.3	 /usr/share/man/man3/pcre16_get_substring_list.3
ln -sf pcre_jit_exec.3			 /usr/share/man/man3/pcre16_jit_exec.3
ln -sf pcre_jit_stack_alloc.3		 /usr/share/man/man3/pcre16_jit_stack_alloc.3
ln -sf pcre_jit_stack_free.3		 /usr/share/man/man3/pcre16_jit_stack_free.3
ln -sf pcre_maketables.3		 /usr/share/man/man3/pcre16_maketables.3
ln -sf pcre_pattern_to_host_byte_order.3 /usr/share/man/man3/pcre16_pattern_to_host_byte_order.3
ln -sf pcre_refcount.3			 /usr/share/man/man3/pcre16_refcount.3
ln -sf pcre_study.3			 /usr/share/man/man3/pcre16_study.3
ln -sf pcre_utf16_to_host_byte_order.3	 /usr/share/man/man3/pcre16_utf16_to_host_byte_order.3
ln -sf pcre_version.3			 /usr/share/man/man3/pcre16_version.3
ln -sf pcre_assign_jit_stack.3		 /usr/share/man/man3/pcre32_assign_jit_stack.3
ln -sf pcre_compile.3			 /usr/share/man/man3/pcre32_compile.3
ln -sf pcre_compile2.3			 /usr/share/man/man3/pcre32_compile2.3
ln -sf pcre_config.3			 /usr/share/man/man3/pcre32_config.3
ln -sf pcre_copy_named_substring.3	 /usr/share/man/man3/pcre32_copy_named_substring.3
ln -sf pcre_copy_substring.3		 /usr/share/man/man3/pcre32_copy_substring.3
ln -sf pcre_dfa_exec.3			 /usr/share/man/man3/pcre32_dfa_exec.3
ln -sf pcre_exec.3			 /usr/share/man/man3/pcre32_exec.3
ln -sf pcre_free_study.3		 /usr/share/man/man3/pcre32_free_study.3
ln -sf pcre_free_substring.3		 /usr/share/man/man3/pcre32_free_substring.3
ln -sf pcre_free_substring_list.3	 /usr/share/man/man3/pcre32_free_substring_list.3
ln -sf pcre_fullinfo.3			 /usr/share/man/man3/pcre32_fullinfo.3
ln -sf pcre_get_named_substring.3	 /usr/share/man/man3/pcre32_get_named_substring.3
ln -sf pcre_get_stringnumber.3		 /usr/share/man/man3/pcre32_get_stringnumber.3
ln -sf pcre_get_stringtable_entries.3	 /usr/share/man/man3/pcre32_get_stringtable_entries.3
ln -sf pcre_get_substring.3		 /usr/share/man/man3/pcre32_get_substring.3
ln -sf pcre_get_substring_list.3	 /usr/share/man/man3/pcre32_get_substring_list.3
ln -sf pcre_jit_exec.3			 /usr/share/man/man3/pcre32_jit_exec.3
ln -sf pcre_jit_stack_alloc.3		 /usr/share/man/man3/pcre32_jit_stack_alloc.3
ln -sf pcre_jit_stack_free.3		 /usr/share/man/man3/pcre32_jit_stack_free.3
ln -sf pcre_maketables.3		 /usr/share/man/man3/pcre32_maketables.3
ln -sf pcre_pattern_to_host_byte_order.3 /usr/share/man/man3/pcre32_pattern_to_host_byte_order.3
ln -sf pcre_refcount.3			 /usr/share/man/man3/pcre32_refcount.3
ln -sf pcre_study.3			 /usr/share/man/man3/pcre32_study.3
ln -sf pcre_utf32_to_host_byte_order.3	 /usr/share/man/man3/pcre32_utf32_to_host_byte_order.3
ln -sf pcre_version.3			 /usr/share/man/man3/pcre32_version.3
make[3]: Leaving directory '/sources/7.9/pcre-8.38'
make[2]: Leaving directory '/sources/7.9/pcre-8.38'
make[1]: Leaving directory '/sources/7.9/pcre-8.38'
'/usr/lib/libpcre.so.1' -> '/lib/libpcre.so.1'
'/usr/lib/libpcre.so.1.2.6' -> '/lib/libpcre.so.1.2.6'
'/usr/lib/libpcre.so' -> '../../lib/libpcre.so.1.2.6'
