--2016-06-10 22:43:43--  https://pkg-isocodes.alioth.debian.org/downloads/iso-codes-3.65.tar.xz
Resolving pkg-isocodes.alioth.debian.org... 5.153.231.21
Connecting to pkg-isocodes.alioth.debian.org|5.153.231.21|:443... connected.
HTTP request sent, awaiting response... 200 OK
Length: 3732432 (3.6M) [application/x-tar]
Saving to: 'iso-codes-3.65.tar.xz'

     0K .......... .......... .......... .......... ..........  1%  295K 12s
    50K .......... .......... .......... .......... ..........  2%  484K 10s
   100K .......... .......... .......... .......... ..........  4%  611K 8s
   150K .......... .......... .......... .......... ..........  5%  819K 7s
   200K .......... .......... .......... .......... ..........  6%  784K 7s
   250K .......... .......... .......... .......... ..........  8%  957K 6s
   300K .......... .......... .......... .......... ..........  9% 1.21M 5s
   350K .......... .......... .......... .......... .......... 10%  886K 5s
   400K .......... .......... .......... .......... .......... 12% 1.68M 5s
   450K .......... .......... .......... .......... .......... 13% 1.08M 4s
   500K .......... .......... .......... .......... .......... 15%  633K 4s
   550K .......... .......... .......... .......... .......... 16% 1.42M 4s
   600K .......... .......... .......... .......... .......... 17% 8.44M 4s
   650K .......... .......... .......... .......... .......... 19% 1.32M 4s
   700K .......... .......... .......... .......... .......... 20%  748K 4s
   750K .......... .......... .......... .......... .......... 21%  269K 4s
   800K .......... .......... .......... .......... .......... 23%  914K 4s
   850K .......... .......... .......... .......... .......... 24%  477K 4s
   900K .......... .......... .......... .......... .......... 26%  418K 4s
   950K .......... .......... .......... .......... .......... 27%  657K 4s
  1000K .......... .......... .......... .......... .......... 28%  763K 4s
  1050K .......... .......... .......... .......... .......... 30%  478K 4s
  1100K .......... .......... .......... .......... .......... 31%  851K 4s
  1150K .......... .......... .......... .......... .......... 32%  877K 4s
  1200K .......... .......... .......... .......... .......... 34%  450K 4s
  1250K .......... .......... .......... .......... .......... 35%  660K 3s
  1300K .......... .......... .......... .......... .......... 37%  238K 4s
  1350K .......... .......... .......... .......... .......... 38%  842K 4s
  1400K .......... .......... .......... .......... .......... 39%  781K 3s
  1450K .......... .......... .......... .......... .......... 41%  151K 4s
  1500K .......... .......... .......... .......... .......... 42%  281K 4s
  1550K .......... .......... .......... .......... .......... 43%  452K 4s
  1600K .......... .......... .......... .......... .......... 45%  286K 4s
  1650K .......... .......... .......... .......... .......... 46%  508K 4s
  1700K .......... .......... .......... .......... .......... 48%  472K 4s
  1750K .......... .......... .......... .......... .......... 49%  405K 3s
  1800K .......... .......... .......... .......... .......... 50%  317K 3s
  1850K .......... .......... .......... .......... .......... 52%  609K 3s
  1900K .......... .......... .......... .......... .......... 53% 49.2K 4s
  1950K .......... .......... .......... .......... .......... 54% 93.4K 4s
  2000K .......... .......... .......... .......... .......... 56%  108K 4s
  2050K .......... .......... .......... .......... .......... 57%  187K 4s
  2100K .......... .......... .......... .......... .......... 58%  219K 4s
  2150K .......... .......... .......... .......... .......... 60%  196K 4s
  2200K .......... .......... .......... .......... .......... 61%  310K 4s
  2250K .......... .......... .......... .......... .......... 63%  415K 4s
  2300K .......... .......... .......... .......... .......... 64%  337K 4s
  2350K .......... .......... .......... .......... .......... 65%  382K 4s
  2400K .......... .......... .......... .......... .......... 67%  371K 3s
  2450K .......... .......... .......... .......... .......... 68%  439K 3s
  2500K .......... .......... .......... .......... .......... 69%  379K 3s
  2550K .......... .......... .......... .......... .......... 71%  467K 3s
  2600K .......... .......... .......... .......... .......... 72%  657K 3s
  2650K .......... .......... .......... .......... .......... 74%  451K 3s
  2700K .......... .......... .......... .......... .......... 75%  371K 3s
  2750K .......... .......... .......... .......... .......... 76%  456K 2s
  2800K .......... .......... .......... .......... .......... 78%  299K 2s
  2850K .......... .......... .......... .......... .......... 79%  409K 2s
  2900K .......... .......... .......... .......... .......... 80%  434K 2s
  2950K .......... .......... .......... .......... .......... 82%  443K 2s
  3000K .......... .......... .......... .......... .......... 83%  452K 2s
  3050K .......... .......... .......... .......... .......... 85%  431K 2s
  3100K .......... .......... .......... .......... .......... 86%  864K 1s
  3150K .......... .......... .......... .......... .......... 87%  334K 1s
  3200K .......... .......... .......... .......... .......... 89%  398K 1s
  3250K .......... .......... .......... .......... .......... 90%  508K 1s
  3300K .......... .......... .......... .......... .......... 91%  434K 1s
  3350K .......... .......... .......... .......... .......... 93%  599K 1s
  3400K .......... .......... .......... .......... .......... 94%  445K 1s
  3450K .......... .......... .......... .......... .......... 96%  418K 0s
  3500K .......... .......... .......... .......... .......... 97%  456K 0s
  3550K .......... .......... .......... .......... .......... 98%  509K 0s
  3600K .......... .......... .......... .......... ....      100%  599K=9.8s

2016-06-10 22:43:53 (373 KB/s) - 'iso-codes-3.65.tar.xz' saved [3732432/3732432]

checking for a BSD-compatible install... /usr/bin/install -c
checking whether build environment is sane... yes
checking for a thread-safe mkdir -p... /bin/mkdir -p
checking for gawk... gawk
checking whether make sets $(MAKE)... yes
checking whether make supports nested variables... yes
checking whether to enable maintainer-specific portions of Makefiles... no
checking whether make sets $(MAKE)... (cached) yes
checking for msgmerge... /usr/bin/msgmerge
checking for msgfmt... /usr/bin/msgfmt
checking for msgfilter... /usr/bin/msgfilter
checking for recode-sr-latin... /usr/bin/recode-sr-latin
checking if /usr/bin/msgfmt is GNU msgfmt... yes
checking that generated files are newer than configure... done
configure: creating ./config.status
config.status: creating Makefile
config.status: creating iso-codes.pc
config.status: creating iso_15924/Makefile
config.status: creating iso_3166/Makefile
config.status: creating iso_3166_2/Makefile
config.status: creating iso_4217/Makefile
config.status: creating iso_639/Makefile
config.status: creating iso_639_3/Makefile
config.status: creating iso_639_5/Makefile
Making all in iso_15924
make[1]: Entering directory '/sources/7.9/iso-codes-3.65/iso_15924'
/usr/bin/msgfmt --verbose --check -o ko.mo ko.po
ko.po:9: warning: header field 'Language' still has the initial default value
44 translated messages, 11 fuzzy translations, 114 untranslated messages.
/usr/bin/msgfmt --verbose --check -o ml.mo ml.po
ml.po:9: warning: header field 'Language' still has the initial default value
17 translated messages, 1 fuzzy translation, 151 untranslated messages.
/usr/bin/msgfmt --verbose --check -o pt.mo pt.po
pt.po:9: warning: header field 'Language' still has the initial default value
73 translated messages, 22 fuzzy translations, 74 untranslated messages.
/usr/bin/msgfmt --verbose --check -o ja.mo ja.po
ja.po:9: warning: header field 'Language' still has the initial default value
65 translated messages, 20 fuzzy translations, 84 untranslated messages.
/usr/bin/msgfmt --verbose --check -o ia.mo ia.po
162 translated messages, 7 untranslated messages.
/usr/bin/msgfmt --verbose --check -o he.mo he.po
he.po:9: warning: header field 'Language' still has the initial default value
26 translated messages, 8 fuzzy translations, 135 untranslated messages.
/usr/bin/msgfmt --verbose --check -o et.mo et.po
et.po:9: warning: header field 'Language' still has the initial default value
69 translated messages, 22 fuzzy translations, 78 untranslated messages.
/usr/bin/msgfmt --verbose --check -o sl.mo sl.po
107 translated messages, 5 fuzzy translations, 57 untranslated messages.
/usr/bin/msgfmt --verbose --check -o sr.mo sr.po
169 translated messages.
/usr/bin/msgfmt --verbose --check -o nn.mo nn.po
nn.po:9: warning: header field 'Language' still has the initial default value
76 translated messages, 22 fuzzy translations, 71 untranslated messages.
/usr/bin/msgfmt --verbose --check -o vi.mo vi.po
129 translated messages, 5 fuzzy translations, 35 untranslated messages.
/usr/bin/msgfmt --verbose --check -o is.mo is.po
169 translated messages.
/usr/bin/msgfmt --verbose --check -o el.mo el.po
el.po:9: warning: header field 'Language' still has the initial default value
22 translated messages, 5 fuzzy translations, 142 untranslated messages.
/usr/bin/msgfmt --verbose --check -o ca.mo ca.po
48 translated messages, 121 untranslated messages.
/usr/bin/msgfmt --verbose --check -o hu.mo hu.po
hu.po:10: warning: header field 'Language' still has the initial default value
169 translated messages.
/usr/bin/msgfmt --verbose --check -o id.mo id.po
169 translated messages.
/usr/bin/msgfmt --verbose --check -o sv.mo sv.po
169 translated messages.
/usr/bin/msgfmt --verbose --check -o tr.mo tr.po
tr.po:9: warning: header field 'Language' still has the initial default value
75 translated messages, 19 fuzzy translations, 75 untranslated messages.
/usr/bin/msgfmt --verbose --check -o lv.mo lv.po
169 translated messages.
/usr/bin/msgfmt --verbose --check -o nb.mo nb.po
nb.po:9: warning: header field 'Language' still has the initial default value
81 translated messages, 22 fuzzy translations, 66 untranslated messages.
/usr/bin/msgfmt --verbose --check -o bg.mo bg.po
27 translated messages, 6 fuzzy translations, 136 untranslated messages.
/usr/bin/msgfmt --verbose --check -o fi.mo fi.po
158 translated messages, 11 untranslated messages.
/usr/bin/msgfmt --verbose --check -o es.mo es.po
105 translated messages, 14 fuzzy translations, 50 untranslated messages.
/usr/bin/msgfmt --verbose --check -o sr@latin.mo sr@latin.po
169 translated messages.
/usr/bin/msgfmt --verbose --check -o pt_BR.mo pt_BR.po
pt_BR.po:9: warning: header field 'Language' still has the initial default value
73 translated messages, 22 fuzzy translations, 74 untranslated messages.
/usr/bin/msgfmt --verbose --check -o oc.mo oc.po
oc.po:8: warning: header field 'Language' still has the initial default value
36 translated messages, 133 untranslated messages.
/usr/bin/msgfmt --verbose --check -o lt.mo lt.po
123 translated messages, 6 fuzzy translations, 40 untranslated messages.
/usr/bin/msgfmt --verbose --check -o gl.mo gl.po
144 translated messages, 2 fuzzy translations, 23 untranslated messages.
/usr/bin/msgfmt --verbose --check -o fr.mo fr.po
169 translated messages.
/usr/bin/msgfmt --verbose --check -o eo.mo eo.po
162 translated messages, 7 untranslated messages.
/usr/bin/msgfmt --verbose --check -o th.mo th.po
156 translated messages, 13 untranslated messages.
/usr/bin/msgfmt --verbose --check -o it.mo it.po
169 translated messages.
/usr/bin/msgfmt --verbose --check -o cs.mo cs.po
158 translated messages, 11 untranslated messages.
/usr/bin/msgfmt --verbose --check -o br.mo br.po
123 translated messages, 6 fuzzy translations, 40 untranslated messages.
/usr/bin/msgfmt --verbose --check -o uk.mo uk.po
169 translated messages.
/usr/bin/msgfmt --verbose --check -o ar.mo ar.po
ar.po:9: warning: header field 'Language' still has the initial default value
70 translated messages, 22 fuzzy translations, 77 untranslated messages.
/usr/bin/msgfmt --verbose --check -o pl.mo pl.po
169 translated messages.
/usr/bin/msgfmt --verbose --check -o nl.mo nl.po
169 translated messages.
/usr/bin/msgfmt --verbose --check -o ru.mo ru.po
169 translated messages.
/usr/bin/msgfmt --verbose --check -o zh_CN.mo zh_CN.po
102 translated messages, 15 fuzzy translations, 52 untranslated messages.
/usr/bin/msgfmt --verbose --check -o zh_HK.mo zh_HK.po
zh_HK.po:9: warning: header field 'Language' still has the initial default value
67 translated messages, 20 fuzzy translations, 82 untranslated messages.
/usr/bin/msgfmt --verbose --check -o fa.mo fa.po
fa.po:9: warning: header field 'Language' still has the initial default value
38 translated messages, 8 fuzzy translations, 123 untranslated messages.
/usr/bin/msgfmt --verbose --check -o ro.mo ro.po
144 translated messages, 2 fuzzy translations, 23 untranslated messages.
/usr/bin/msgfmt --verbose --check -o zh_TW.mo zh_TW.po
162 translated messages, 7 untranslated messages.
/usr/bin/msgfmt --verbose --check -o da.mo da.po
169 translated messages.
/usr/bin/msgfmt --verbose --check -o sk.mo sk.po
sk.po:10: warning: header field 'Language' still has the initial default value
28 translated messages, 6 fuzzy translations, 135 untranslated messages.
/usr/bin/msgfmt --verbose --check -o de.mo de.po
169 translated messages.
make[1]: Leaving directory '/sources/7.9/iso-codes-3.65/iso_15924'
Making all in iso_3166
make[1]: Entering directory '/sources/7.9/iso-codes-3.65/iso_3166'
/usr/bin/msgfmt --verbose --check -o it.mo it.po
456 translated messages.
/usr/bin/msgfmt --verbose --check -o km.mo km.po
453 translated messages, 2 fuzzy translations, 1 untranslated message.
/usr/bin/msgfmt --verbose --check -o mt.mo mt.po
156 translated messages, 160 fuzzy translations, 140 untranslated messages.
/usr/bin/msgfmt --verbose --check -o fi.mo fi.po
450 translated messages, 4 fuzzy translations, 2 untranslated messages.
/usr/bin/msgfmt --verbose --check -o es.mo es.po
453 translated messages, 2 fuzzy translations, 1 untranslated message.
/usr/bin/msgfmt --verbose --check -o tt@iqtelif.mo tt@iqtelif.po
352 translated messages, 34 fuzzy translations, 70 untranslated messages.
/usr/bin/msgfmt --verbose --check -o sr@latin.mo sr@latin.po
456 translated messages.
/usr/bin/msgfmt --verbose --check -o mi.mo mi.po
208 translated messages, 98 fuzzy translations, 150 untranslated messages.
/usr/bin/msgfmt --verbose --check -o cy.mo cy.po
453 translated messages, 2 fuzzy translations, 1 untranslated message.
/usr/bin/msgfmt --verbose --check -o eo.mo eo.po
456 translated messages.
/usr/bin/msgfmt --verbose --check -o byn.mo byn.po
115 translated messages, 18 fuzzy translations, 323 untranslated messages.
/usr/bin/msgfmt --verbose --check -o hr.mo hr.po
453 translated messages, 2 fuzzy translations, 1 untranslated message.
/usr/bin/msgfmt --verbose --check -o kk.mo kk.po
455 translated messages, 1 untranslated message.
/usr/bin/msgfmt --verbose --check -o tt.mo tt.po
352 translated messages, 34 fuzzy translations, 70 untranslated messages.
/usr/bin/msgfmt --verbose --check -o ru.mo ru.po
456 translated messages.
/usr/bin/msgfmt --verbose --check -o bn_IN.mo bn_IN.po
443 translated messages, 9 fuzzy translations, 4 untranslated messages.
/usr/bin/msgfmt --verbose --check -o eu.mo eu.po
453 translated messages, 2 fuzzy translations, 1 untranslated message.
/usr/bin/msgfmt --verbose --check -o bs.mo bs.po
448 translated messages, 6 fuzzy translations, 2 untranslated messages.
/usr/bin/msgfmt --verbose --check -o fr.mo fr.po
456 translated messages.
/usr/bin/msgfmt --verbose --check -o te.mo te.po
442 translated messages, 9 fuzzy translations, 5 untranslated messages.
/usr/bin/msgfmt --verbose --check -o sw.mo sw.po
165 translated messages, 79 fuzzy translations, 212 untranslated messages.
/usr/bin/msgfmt --verbose --check -o or.mo or.po
443 translated messages, 9 fuzzy translations, 4 untranslated messages.
/usr/bin/msgfmt --verbose --check -o hu.mo hu.po
456 translated messages.
/usr/bin/msgfmt --verbose --check -o xh.mo xh.po
61 translated messages, 151 fuzzy translations, 244 untranslated messages.
/usr/bin/msgfmt --verbose --check -o th.mo th.po
456 translated messages.
/usr/bin/msgfmt --verbose --check -o be.mo be.po
456 translated messages.
/usr/bin/msgfmt --verbose --check -o cs.mo cs.po
455 translated messages, 1 untranslated message.
/usr/bin/msgfmt --verbose --check -o crh.mo crh.po
437 translated messages, 12 fuzzy translations, 7 untranslated messages.
/usr/bin/msgfmt --verbose --check -o ko.mo ko.po
456 translated messages.
/usr/bin/msgfmt --verbose --check -o tig.mo tig.po
115 translated messages, 18 fuzzy translations, 323 untranslated messages.
/usr/bin/msgfmt --verbose --check -o wal.mo wal.po
115 translated messages, 18 fuzzy translations, 323 untranslated messages.
/usr/bin/msgfmt --verbose --check -o br.mo br.po
99 translated messages, 10 fuzzy translations, 347 untranslated messages.
/usr/bin/msgfmt --verbose --check -o hi.mo hi.po
453 translated messages, 2 fuzzy translations, 1 untranslated message.
/usr/bin/msgfmt --verbose --check -o si.mo si.po
450 translated messages, 4 fuzzy translations, 2 untranslated messages.
/usr/bin/msgfmt --verbose --check -o uk.mo uk.po
456 translated messages.
/usr/bin/msgfmt --verbose --check -o ar.mo ar.po
443 translated messages, 9 fuzzy translations, 4 untranslated messages.
/usr/bin/msgfmt --verbose --check -o gez.mo gez.po
115 translated messages, 18 fuzzy translations, 323 untranslated messages.
/usr/bin/msgfmt --verbose --check -o as.mo as.po
443 translated messages, 9 fuzzy translations, 4 untranslated messages.
/usr/bin/msgfmt --verbose --check -o so.mo so.po
97 translated messages, 60 fuzzy translations, 299 untranslated messages.
/usr/bin/msgfmt --verbose --check -o ro.mo ro.po
443 translated messages, 9 fuzzy translations, 4 untranslated messages.
/usr/bin/msgfmt --verbose --check -o ug.mo ug.po
453 translated messages, 2 fuzzy translations, 1 untranslated message.
/usr/bin/msgfmt --verbose --check -o am.mo am.po
126 translated messages, 102 fuzzy translations, 228 untranslated messages.
/usr/bin/msgfmt --verbose --check -o wo.mo wo.po
436 translated messages, 13 fuzzy translations, 7 untranslated messages.
/usr/bin/msgfmt --verbose --check -o el.mo el.po
453 translated messages, 2 fuzzy translations, 1 untranslated message.
/usr/bin/msgfmt --verbose --check -o ve.mo ve.po
187 translated messages, 133 fuzzy translations, 136 untranslated messages.
/usr/bin/msgfmt --verbose --check -o nn.mo nn.po
447 translated messages, 2 fuzzy translations, 7 untranslated messages.
/usr/bin/msgfmt --verbose --check -o zh_CN.mo zh_CN.po
455 translated messages, 1 untranslated message.
/usr/bin/msgfmt --verbose --check -o zh_HK.mo zh_HK.po
380 translated messages, 34 fuzzy translations, 42 untranslated messages.
/usr/bin/msgfmt --verbose --check -o oc.mo oc.po
392 translated messages, 11 fuzzy translations, 53 untranslated messages.
/usr/bin/msgfmt --verbose --check -o fa.mo fa.po
453 translated messages, 2 fuzzy translations, 1 untranslated message.
/usr/bin/msgfmt --verbose --check -o kn.mo kn.po
391 translated messages, 36 fuzzy translations, 29 untranslated messages.
/usr/bin/msgfmt --verbose --check -o bg.mo bg.po
456 translated messages.
/usr/bin/msgfmt --verbose --check -o ms.mo ms.po
255 translated messages, 39 fuzzy translations, 162 untranslated messages.
/usr/bin/msgfmt --verbose --check -o nl.mo nl.po
455 translated messages, 1 untranslated message.
/usr/bin/msgfmt --verbose --check -o nso.mo nso.po
187 translated messages, 130 fuzzy translations, 139 untranslated messages.
/usr/bin/msgfmt --verbose --check -o wa.mo wa.po
450 translated messages, 4 fuzzy translations, 2 untranslated messages.
/usr/bin/msgfmt --verbose --check -o da.mo da.po
456 translated messages.
/usr/bin/msgfmt --verbose --check -o tk.mo tk.po
322 translated messages, 36 fuzzy translations, 98 untranslated messages.
/usr/bin/msgfmt --verbose --check -o sk.mo sk.po
456 translated messages.
/usr/bin/msgfmt --verbose --check -o ca.mo ca.po
450 translated messages, 4 fuzzy translations, 2 untranslated messages.
/usr/bin/msgfmt --verbose --check -o ta.mo ta.po
436 translated messages, 13 fuzzy translations, 7 untranslated messages.
/usr/bin/msgfmt --verbose --check -o pt_BR.mo pt_BR.po
455 translated messages, 1 untranslated message.
/usr/bin/msgfmt --verbose --check -o sq.mo sq.po
436 translated messages, 13 fuzzy translations, 7 untranslated messages.
/usr/bin/msgfmt --verbose --check -o mn.mo mn.po
152 translated messages, 106 fuzzy translations, 198 untranslated messages.
/usr/bin/msgfmt --verbose --check -o zu.mo zu.po
61 translated messages, 151 fuzzy translations, 244 untranslated messages.
/usr/bin/msgfmt --verbose --check -o nb.mo nb.po
456 translated messages.
/usr/bin/msgfmt --verbose --check -o ku.mo ku.po
436 translated messages, 13 fuzzy translations, 7 untranslated messages.
/usr/bin/msgfmt --verbose --check -o mr.mo mr.po
450 translated messages, 4 fuzzy translations, 2 untranslated messages.
/usr/bin/msgfmt --verbose --check -o fo.mo fo.po
114 translated messages, 20 fuzzy translations, 322 untranslated messages.
/usr/bin/msgfmt --verbose --check -o tl.mo tl.po
393 translated messages, 34 fuzzy translations, 29 untranslated messages.
/usr/bin/msgfmt --verbose --check -o hy.mo hy.po
454 translated messages, 1 fuzzy translation, 1 untranslated message.
/usr/bin/msgfmt --verbose --check -o id.mo id.po
455 translated messages, 1 untranslated message.
/usr/bin/msgfmt --verbose --check -o bn.mo bn.po
455 translated messages, 1 untranslated message.
/usr/bin/msgfmt --verbose --check -o ka.mo ka.po
436 translated messages, 13 fuzzy translations, 7 untranslated messages.
/usr/bin/msgfmt --verbose --check -o gu.mo gu.po
453 translated messages, 2 fuzzy translations, 1 untranslated message.
/usr/bin/msgfmt --verbose --check -o ia.mo ia.po
455 translated messages, 1 untranslated message.
/usr/bin/msgfmt --verbose --check -o rw.mo rw.po
388 translated messages, 37 fuzzy translations, 31 untranslated messages.
/usr/bin/msgfmt --verbose --check -o et.mo et.po
427 translated messages, 2 fuzzy translations, 27 untranslated messages.
/usr/bin/msgfmt --verbose --check -o ti.mo ti.po
115 translated messages, 18 fuzzy translations, 323 untranslated messages.
/usr/bin/msgfmt --verbose --check -o ga.mo ga.po
453 translated messages, 2 fuzzy translations, 1 untranslated message.
/usr/bin/msgfmt --verbose --check -o sl.mo sl.po
455 translated messages, 1 untranslated message.
/usr/bin/msgfmt --verbose --check -o sr.mo sr.po
456 translated messages.
/usr/bin/msgfmt --verbose --check -o af.mo af.po
353 translated messages, 17 fuzzy translations, 86 untranslated messages.
/usr/bin/msgfmt --verbose --check -o ne.mo ne.po
446 translated messages, 8 fuzzy translations, 2 untranslated messages.
/usr/bin/msgfmt --verbose --check -o vi.mo vi.po
455 translated messages, 1 untranslated message.
/usr/bin/msgfmt --verbose --check -o is.mo is.po
456 translated messages.
/usr/bin/msgfmt --verbose --check -o ml.mo ml.po
436 translated messages, 13 fuzzy translations, 7 untranslated messages.
/usr/bin/msgfmt --verbose --check -o mk.mo mk.po
448 translated messages, 6 fuzzy translations, 2 untranslated messages.
/usr/bin/msgfmt --verbose --check -o de.mo de.po
456 translated messages.
/usr/bin/msgfmt --verbose --check -o ps.mo ps.po
57 translated messages, 2 fuzzy translations, 397 untranslated messages.
/usr/bin/msgfmt --verbose --check -o az.mo az.po
217 translated messages, 135 fuzzy translations, 104 untranslated messages.
/usr/bin/msgfmt --verbose --check -o gl.mo gl.po
455 translated messages, 1 untranslated message.
/usr/bin/msgfmt --verbose --check -o sv.mo sv.po
455 translated messages, 1 untranslated message.
/usr/bin/msgfmt --verbose --check -o pt.mo pt.po
455 translated messages, 1 untranslated message.
/usr/bin/msgfmt --verbose --check -o tr.mo tr.po
456 translated messages.
/usr/bin/msgfmt --verbose --check -o pa.mo pa.po
439 translated messages, 10 fuzzy translations, 7 untranslated messages.
/usr/bin/msgfmt --verbose --check -o pl.mo pl.po
456 translated messages.
/usr/bin/msgfmt --verbose --check -o he.mo he.po
456 translated messages.
/usr/bin/msgfmt --verbose --check -o ast.mo ast.po
451 translated messages, 3 fuzzy translations, 2 untranslated messages.
/usr/bin/msgfmt --verbose --check -o zh_TW.mo zh_TW.po
455 translated messages, 1 untranslated message.
/usr/bin/msgfmt --verbose --check -o ja.mo ja.po
455 translated messages, 1 untranslated message.
/usr/bin/msgfmt --verbose --check -o lt.mo lt.po
453 translated messages, 2 fuzzy translations, 1 untranslated message.
/usr/bin/msgfmt --verbose --check -o haw.mo haw.po
19 translated messages, 437 untranslated messages.
/usr/bin/msgfmt --verbose --check -o lv.mo lv.po
455 translated messages, 1 untranslated message.
/usr/bin/msgfmt --verbose --check -o dz.mo dz.po
443 translated messages, 9 fuzzy translations, 4 untranslated messages.
make[1]: Leaving directory '/sources/7.9/iso-codes-3.65/iso_3166'
Making all in iso_3166_2
make[1]: Entering directory '/sources/7.9/iso-codes-3.65/iso_3166_2'
/usr/bin/msgfmt --verbose --check -o ve.mo ve.po
12 translated messages, 2130 fuzzy translations, 2557 untranslated messages.
/usr/bin/msgfmt --verbose --check -o ja.mo ja.po
2626 translated messages, 25 fuzzy translations, 2048 untranslated messages.
/usr/bin/msgfmt --verbose --check -o eo.mo eo.po
66 translated messages, 2091 fuzzy translations, 2542 untranslated messages.
/usr/bin/msgfmt --verbose --check -o tr.mo tr.po
67 translated messages, 2121 fuzzy translations, 2511 untranslated messages.
/usr/bin/msgfmt --verbose --check -o ga.mo ga.po
41 translated messages, 1451 fuzzy translations, 3207 untranslated messages.
/usr/bin/msgfmt --verbose --check -o sl.mo sl.po
2219 translated messages, 2148 fuzzy translations, 332 untranslated messages.
/usr/bin/msgfmt --verbose --check -o sr.mo sr.po
3692 translated messages, 2 fuzzy translations, 1005 untranslated messages.
/usr/bin/msgfmt --verbose --check -o vi.mo vi.po
3993 translated messages, 423 fuzzy translations, 283 untranslated messages.
/usr/bin/msgfmt --verbose --check -o da.mo da.po
4094 translated messages, 277 fuzzy translations, 328 untranslated messages.
/usr/bin/msgfmt --verbose --check -o ca.mo ca.po
67 translated messages, 2219 fuzzy translations, 2413 untranslated messages.
/usr/bin/msgfmt --verbose --check -o de.mo de.po
4699 translated messages.
/usr/bin/msgfmt --verbose --check -o sv.mo sv.po
62 translated messages, 2090 fuzzy translations, 2547 untranslated messages.
/usr/bin/msgfmt --verbose --check -o id.mo id.po
4699 translated messages.
/usr/bin/msgfmt --verbose --check -o en.mo en.po
en.po:9: warning: header field 'Language' still has the initial default value
2596 translated messages, 1522 fuzzy translations, 581 untranslated messages.
/usr/bin/msgfmt --verbose --check -o zh_TW.mo zh_TW.po
481 translated messages, 4218 fuzzy translations.
/usr/bin/msgfmt --verbose --check -o ro.mo ro.po
783 translated messages, 553 fuzzy translations, 3363 untranslated messages.
/usr/bin/msgfmt --verbose --check -o fi.mo fi.po
177 translated messages, 53 fuzzy translations, 4469 untranslated messages.
/usr/bin/msgfmt --verbose --check -o es.mo es.po
98 translated messages, 2109 fuzzy translations, 2492 untranslated messages.
/usr/bin/msgfmt --verbose --check -o sr@latin.mo sr@latin.po
3692 translated messages, 2 fuzzy translations, 1005 untranslated messages.
/usr/bin/msgfmt --verbose --check -o hu.mo hu.po
1985 translated messages, 544 fuzzy translations, 2170 untranslated messages.
/usr/bin/msgfmt --verbose --check -o az.mo az.po
az.po:9: warning: header field 'Language' still has the initial default value
67 translated messages, 2219 fuzzy translations, 2413 untranslated messages.
/usr/bin/msgfmt --verbose --check -o eu.mo eu.po
eu.po:10: warning: header field 'Language' still has the initial default value
67 translated messages, 2116 fuzzy translations, 2516 untranslated messages.
/usr/bin/msgfmt --verbose --check -o lt.mo lt.po
2084 translated messages, 467 fuzzy translations, 2148 untranslated messages.
/usr/bin/msgfmt --verbose --check -o fr.mo fr.po
fr.po:17: warning: header field 'Language' still has the initial default value
4699 translated messages.
/usr/bin/msgfmt --verbose --check -o ko.mo ko.po
ko.po:10: warning: header field 'Language' still has the initial default value
35 translated messages, 1857 fuzzy translations, 2807 untranslated messages.
/usr/bin/msgfmt --verbose --check -o th.mo th.po
1834 translated messages, 58 fuzzy translations, 2807 untranslated messages.
/usr/bin/msgfmt --verbose --check -o it.mo it.po
4699 translated messages.
/usr/bin/msgfmt --verbose --check -o cs.mo cs.po
228 translated messages, 2130 fuzzy translations, 2341 untranslated messages.
/usr/bin/msgfmt --verbose --check -o crh.mo crh.po
73 translated messages, 49 fuzzy translations, 4577 untranslated messages.
/usr/bin/msgfmt --verbose --check -o uk.mo uk.po
4699 translated messages.
/usr/bin/msgfmt --verbose --check -o pl.mo pl.po
4607 translated messages, 92 untranslated messages.
/usr/bin/msgfmt --verbose --check -o nl.mo nl.po
4699 translated messages.
/usr/bin/msgfmt --verbose --check -o zh_CN.mo zh_CN.po
3069 translated messages, 1056 fuzzy translations, 574 untranslated messages.
/usr/bin/msgfmt --verbose --check -o oc.mo oc.po
oc.po:9: warning: header field 'Language' still has the initial default value
135 translated messages, 41 fuzzy translations, 4523 untranslated messages.
/usr/bin/msgfmt --verbose --check -o sk.mo sk.po
364 translated messages, 52 fuzzy translations, 4283 untranslated messages.
/usr/bin/msgfmt --verbose --check -o lv.mo lv.po
lv.po:10: warning: header field 'Language' still has the initial default value
42 translated messages, 1868 fuzzy translations, 2789 untranslated messages.
/usr/bin/msgfmt --verbose --check -o nso.mo nso.po
12 translated messages, 2133 fuzzy translations, 2554 untranslated messages.
/usr/bin/msgfmt --verbose --check -o wa.mo wa.po
wa.po:9: warning: header field 'Language' still has the initial default value
42 translated messages, 884 fuzzy translations, 3773 untranslated messages.
/usr/bin/msgfmt --verbose --check -o el.mo el.po
130 translated messages, 89 fuzzy translations, 4480 untranslated messages.
/usr/bin/msgfmt --verbose --check -o bs.mo bs.po
67 translated messages, 2222 fuzzy translations, 2410 untranslated messages.
/usr/bin/msgfmt --verbose --check -o bg.mo bg.po
375 translated messages, 2049 fuzzy translations, 2275 untranslated messages.
make[1]: Leaving directory '/sources/7.9/iso-codes-3.65/iso_3166_2'
Making all in iso_4217
make[1]: Entering directory '/sources/7.9/iso-codes-3.65/iso_4217'
/usr/bin/msgfmt --verbose --check -o rw.mo rw.po
174 translated messages, 64 fuzzy translations, 37 untranslated messages.
/usr/bin/msgfmt --verbose --check -o el.mo el.po
269 translated messages, 4 fuzzy translations, 2 untranslated messages.
/usr/bin/msgfmt --verbose --check -o pt.mo pt.po
192 translated messages, 47 fuzzy translations, 36 untranslated messages.
/usr/bin/msgfmt --verbose --check -o ja.mo ja.po
274 translated messages, 1 untranslated message.
/usr/bin/msgfmt --verbose --check -o de.mo de.po
274 translated messages, 1 untranslated message.
/usr/bin/msgfmt --verbose --check -o et.mo et.po
271 translated messages, 2 fuzzy translations, 2 untranslated messages.
/usr/bin/msgfmt --verbose --check -o ga.mo ga.po
ga.po:7: warning: header field 'Language' still has the initial default value
118 translated messages, 20 fuzzy translations, 137 untranslated messages.
/usr/bin/msgfmt --verbose --check -o sl.mo sl.po
275 translated messages.
/usr/bin/msgfmt --verbose --check -o sr.mo sr.po
275 translated messages.
/usr/bin/msgfmt --verbose --check -o vi.mo vi.po
274 translated messages, 1 untranslated message.
/usr/bin/msgfmt --verbose --check -o is.mo is.po
275 translated messages.
/usr/bin/msgfmt --verbose --check -o ca.mo ca.po
101 translated messages, 99 fuzzy translations, 75 untranslated messages.
/usr/bin/msgfmt --verbose --check -o mn.mo mn.po
109 translated messages, 106 fuzzy translations, 60 untranslated messages.
/usr/bin/msgfmt --verbose --check -o sv.mo sv.po
275 translated messages.
/usr/bin/msgfmt --verbose --check -o tr.mo tr.po
196 translated messages, 43 fuzzy translations, 36 untranslated messages.
/usr/bin/msgfmt --verbose --check -o lv.mo lv.po
274 translated messages, 1 untranslated message.
/usr/bin/msgfmt --verbose --check -o nb.mo nb.po
275 translated messages.
/usr/bin/msgfmt --verbose --check -o nn.mo nn.po
272 translated messages, 2 fuzzy translations, 1 untranslated message.
/usr/bin/msgfmt --verbose --check -o fi.mo fi.po
274 translated messages, 1 untranslated message.
/usr/bin/msgfmt --verbose --check -o es.mo es.po
274 translated messages, 1 untranslated message.
/usr/bin/msgfmt --verbose --check -o sr@latin.mo sr@latin.po
275 translated messages.
/usr/bin/msgfmt --verbose --check -o oc.mo oc.po
oc.po:8: warning: header field 'Language' still has the initial default value
6 translated messages, 269 untranslated messages.
/usr/bin/msgfmt --verbose --check -o hr.mo hr.po
246 translated messages, 29 untranslated messages.
/usr/bin/msgfmt --verbose --check -o lt.mo lt.po
272 translated messages, 2 fuzzy translations, 1 untranslated message.
/usr/bin/msgfmt --verbose --check -o gl.mo gl.po
74 translated messages, 80 fuzzy translations, 121 untranslated messages.
/usr/bin/msgfmt --verbose --check -o fr.mo fr.po
275 translated messages.
/usr/bin/msgfmt --verbose --check -o ko.mo ko.po
101 translated messages, 46 fuzzy translations, 128 untranslated messages.
/usr/bin/msgfmt --verbose --check -o th.mo th.po
240 translated messages, 7 fuzzy translations, 28 untranslated messages.
/usr/bin/msgfmt --verbose --check -o it.mo it.po
274 translated messages, 1 untranslated message.
/usr/bin/msgfmt --verbose --check -o cs.mo cs.po
274 translated messages, 1 untranslated message.
/usr/bin/msgfmt --verbose --check -o br.mo br.po
br.po:7: warning: header field 'Language' still has the initial default value
136 translated messages, 2 fuzzy translations, 137 untranslated messages.
/usr/bin/msgfmt --verbose --check -o uk.mo uk.po
275 translated messages.
/usr/bin/msgfmt --verbose --check -o pt_BR.mo pt_BR.po
3 translated messages, 169 fuzzy translations, 103 untranslated messages.
/usr/bin/msgfmt --verbose --check -o pl.mo pl.po
275 translated messages.
/usr/bin/msgfmt --verbose --check -o nl.mo nl.po
274 translated messages, 1 untranslated message.
/usr/bin/msgfmt --verbose --check -o ru.mo ru.po
275 translated messages.
/usr/bin/msgfmt --verbose --check -o zh_CN.mo zh_CN.po
273 translated messages, 2 untranslated messages.
/usr/bin/msgfmt --verbose --check -o zh_HK.mo zh_HK.po
179 translated messages, 41 fuzzy translations, 55 untranslated messages.
/usr/bin/msgfmt --verbose --check -o sk.mo sk.po
110 translated messages, 36 fuzzy translations, 129 untranslated messages.
/usr/bin/msgfmt --verbose --check -o ro.mo ro.po
267 translated messages, 1 fuzzy translation, 7 untranslated messages.
/usr/bin/msgfmt --verbose --check -o zh_TW.mo zh_TW.po
274 translated messages, 1 untranslated message.
/usr/bin/msgfmt --verbose --check -o da.mo da.po
275 translated messages.
/usr/bin/msgfmt --verbose --check -o id.mo id.po
274 translated messages, 1 untranslated message.
/usr/bin/msgfmt --verbose --check -o hu.mo hu.po
275 translated messages.
make[1]: Leaving directory '/sources/7.9/iso-codes-3.65/iso_4217'
Making all in iso_639
make[1]: Entering directory '/sources/7.9/iso-codes-3.65/iso_639'
/usr/bin/msgfmt --verbose --check -o tig.mo tig.po
tig.po:9: warning: header field 'Language' still has the initial default value
121 translated messages, 49 fuzzy translations, 318 untranslated messages.
/usr/bin/msgfmt --verbose --check -o id.mo id.po
488 translated messages.
/usr/bin/msgfmt --verbose --check -o az.mo az.po
az.po:11: warning: header field 'Language' still has the initial default value
24 translated messages, 163 fuzzy translations, 301 untranslated messages.
/usr/bin/msgfmt --verbose --check -o sv.mo sv.po
355 translated messages, 97 fuzzy translations, 36 untranslated messages.
/usr/bin/msgfmt --verbose --check -o nn.mo nn.po
219 translated messages, 85 fuzzy translations, 184 untranslated messages.
/usr/bin/msgfmt --verbose --check -o tr.mo tr.po
488 translated messages.
/usr/bin/msgfmt --verbose --check -o or.mo or.po
486 translated messages, 2 untranslated messages.
/usr/bin/msgfmt --verbose --check -o pl.mo pl.po
488 translated messages.
/usr/bin/msgfmt --verbose --check -o bg.mo bg.po
259 translated messages, 229 untranslated messages.
/usr/bin/msgfmt --verbose --check -o ast.mo ast.po
485 translated messages, 1 fuzzy translation, 2 untranslated messages.
/usr/bin/msgfmt --verbose --check -o zh_TW.mo zh_TW.po
488 translated messages.
/usr/bin/msgfmt --verbose --check -o ja.mo ja.po
430 translated messages, 45 fuzzy translations, 13 untranslated messages.
/usr/bin/msgfmt --verbose --check -o af.mo af.po
158 translated messages, 147 fuzzy translations, 183 untranslated messages.
/usr/bin/msgfmt --verbose --check -o bs.mo bs.po
bs.po:13: warning: header field 'Language' still has the initial default value
48 translated messages, 118 fuzzy translations, 322 untranslated messages.
/usr/bin/msgfmt --verbose --check -o lv.mo lv.po
488 translated messages.
/usr/bin/msgfmt --verbose --check -o mt.mo mt.po
241 translated messages, 170 fuzzy translations, 77 untranslated messages.
/usr/bin/msgfmt --verbose --check -o fi.mo fi.po
486 translated messages, 2 untranslated messages.
/usr/bin/msgfmt --verbose --check -o es.mo es.po
396 translated messages, 58 fuzzy translations, 34 untranslated messages.
/usr/bin/msgfmt --verbose --check -o gl.mo gl.po
486 translated messages, 2 untranslated messages.
/usr/bin/msgfmt --verbose --check -o sr@latin.mo sr@latin.po
488 translated messages.
/usr/bin/msgfmt --verbose --check -o mi.mo mi.po
25 translated messages, 155 fuzzy translations, 308 untranslated messages.
/usr/bin/msgfmt --verbose --check -o cy.mo cy.po
113 translated messages, 177 fuzzy translations, 198 untranslated messages.
/usr/bin/msgfmt --verbose --check -o eo.mo eo.po
488 translated messages.
/usr/bin/msgfmt --verbose --check -o byn.mo byn.po
byn.po:9: warning: header field 'Language' still has the initial default value
121 translated messages, 49 fuzzy translations, 318 untranslated messages.
/usr/bin/msgfmt --verbose --check -o hr.mo hr.po
238 translated messages, 250 untranslated messages.
/usr/bin/msgfmt --verbose --check -o tt.mo tt.po
tt.po:9: warning: header field 'Language' still has the initial default value
150 translated messages, 66 fuzzy translations, 272 untranslated messages.
/usr/bin/msgfmt --verbose --check -o ru.mo ru.po
488 translated messages.
/usr/bin/msgfmt --verbose --check -o eu.mo eu.po
eu.po:13: warning: header field 'Language' still has the initial default value
270 translated messages, 39 fuzzy translations, 179 untranslated messages.
/usr/bin/msgfmt --verbose --check -o fr.mo fr.po
488 translated messages.
/usr/bin/msgfmt --verbose --check -o te.mo te.po
483 translated messages, 2 fuzzy translations, 3 untranslated messages.
/usr/bin/msgfmt --verbose --check -o de.mo de.po
488 translated messages.
/usr/bin/msgfmt --verbose --check -o xh.mo xh.po
50 translated messages, 138 fuzzy translations, 300 untranslated messages.
/usr/bin/msgfmt --verbose --check -o th.mo th.po
273 translated messages, 215 untranslated messages.
/usr/bin/msgfmt --verbose --check -o it.mo it.po
488 translated messages.
/usr/bin/msgfmt --verbose --check -o cs.mo cs.po
488 translated messages.
/usr/bin/msgfmt --verbose --check -o crh.mo crh.po
431 translated messages, 37 fuzzy translations, 20 untranslated messages.
/usr/bin/msgfmt --verbose --check -o ko.mo ko.po
488 translated messages.
/usr/bin/msgfmt --verbose --check -o ti.mo ti.po
ti.po:9: warning: header field 'Language' still has the initial default value
121 translated messages, 49 fuzzy translations, 318 untranslated messages.
/usr/bin/msgfmt --verbose --check -o br.mo br.po
179 translated messages, 36 fuzzy translations, 273 untranslated messages.
/usr/bin/msgfmt --verbose --check -o uk.mo uk.po
488 translated messages.
/usr/bin/msgfmt --verbose --check -o ar.mo ar.po
60 translated messages, 133 fuzzy translations, 295 untranslated messages.
/usr/bin/msgfmt --verbose --check -o gez.mo gez.po
gez.po:9: warning: header field 'Language' still has the initial default value
121 translated messages, 49 fuzzy translations, 318 untranslated messages.
/usr/bin/msgfmt --verbose --check -o mk.mo mk.po
mk.po:12: warning: header field 'Language' still has the initial default value
36 translated messages, 144 fuzzy translations, 308 untranslated messages.
/usr/bin/msgfmt --verbose --check -o ro.mo ro.po
486 translated messages, 2 untranslated messages.
/usr/bin/msgfmt --verbose --check -o ps.mo ps.po
ps.po:9: warning: header field 'Language' still has the initial default value
29 translated messages, 34 fuzzy translations, 425 untranslated messages.
/usr/bin/msgfmt --verbose --check -o am.mo am.po
am.po:9: warning: header field 'Language' still has the initial default value
121 translated messages, 49 fuzzy translations, 318 untranslated messages.
/usr/bin/msgfmt --verbose --check -o el.mo el.po
81 translated messages, 74 fuzzy translations, 333 untranslated messages.
/usr/bin/msgfmt --verbose --check -o lt.mo lt.po
479 translated messages, 2 fuzzy translations, 7 untranslated messages.
/usr/bin/msgfmt --verbose --check -o zh_CN.mo zh_CN.po
486 translated messages, 2 untranslated messages.
/usr/bin/msgfmt --verbose --check -o zh_HK.mo zh_HK.po
426 translated messages, 47 fuzzy translations, 15 untranslated messages.
/usr/bin/msgfmt --verbose --check -o oc.mo oc.po
oc.po:12: warning: header field 'Language' still has the initial default value
85 translated messages, 26 fuzzy translations, 377 untranslated messages.
/usr/bin/msgfmt --verbose --check -o fa.mo fa.po
298 translated messages, 83 fuzzy translations, 107 untranslated messages.
/usr/bin/msgfmt --verbose --check -o kn.mo kn.po
483 translated messages, 2 fuzzy translations, 3 untranslated messages.
/usr/bin/msgfmt --verbose --check -o be.mo be.po
488 translated messages.
/usr/bin/msgfmt --verbose --check -o ms.mo ms.po
ms.po:11: warning: header field 'Language' still has the initial default value
43 translated messages, 139 fuzzy translations, 306 untranslated messages.
/usr/bin/msgfmt --verbose --check -o nl.mo nl.po
488 translated messages.
/usr/bin/msgfmt --verbose --check -o nso.mo nso.po
56 translated messages, 100 fuzzy translations, 332 untranslated messages.
/usr/bin/msgfmt --verbose --check -o wa.mo wa.po
486 translated messages, 2 untranslated messages.
/usr/bin/msgfmt --verbose --check -o da.mo da.po
488 translated messages.
/usr/bin/msgfmt --verbose --check -o mr.mo mr.po
486 translated messages, 2 untranslated messages.
/usr/bin/msgfmt --verbose --check -o sk.mo sk.po
486 translated messages, 2 untranslated messages.
/usr/bin/msgfmt --verbose --check -o ca.mo ca.po
488 translated messages.
/usr/bin/msgfmt --verbose --check -o ta.mo ta.po
483 translated messages, 2 fuzzy translations, 3 untranslated messages.
/usr/bin/msgfmt --verbose --check -o pt_BR.mo pt_BR.po
236 translated messages, 31 fuzzy translations, 221 untranslated messages.
/usr/bin/msgfmt --verbose --check -o zu.mo zu.po
45 translated messages, 135 fuzzy translations, 308 untranslated messages.
/usr/bin/msgfmt --verbose --check -o nb.mo nb.po
nb.po:13: warning: header field 'Language' still has the initial default value
152 translated messages, 111 fuzzy translations, 225 untranslated messages.
/usr/bin/msgfmt --verbose --check -o gu.mo gu.po
486 translated messages, 2 untranslated messages.
/usr/bin/msgfmt --verbose --check -o ve.mo ve.po
37 translated messages, 257 fuzzy translations, 194 untranslated messages.
/usr/bin/msgfmt --verbose --check -o he.mo he.po
45 translated messages, 135 fuzzy translations, 308 untranslated messages.
/usr/bin/msgfmt --verbose --check -o hu.mo hu.po
488 translated messages.
/usr/bin/msgfmt --verbose --check -o hi.mo hi.po
hi.po:9: warning: header field 'Language' still has the initial default value
120 translated messages, 49 fuzzy translations, 319 untranslated messages.
/usr/bin/msgfmt --verbose --check -o bn.mo bn.po
487 translated messages, 1 untranslated message.
/usr/bin/msgfmt --verbose --check -o tt@iqtelif.mo tt@iqtelif.po
tt@iqtelif.po:9: warning: header field 'Language' still has the initial default value
150 translated messages, 66 fuzzy translations, 272 untranslated messages.
/usr/bin/msgfmt --verbose --check -o kok.mo kok.po
kok.po:9: warning: header field 'Language' still has the initial default value
120 translated messages, 54 fuzzy translations, 314 untranslated messages.
/usr/bin/msgfmt --verbose --check -o pa.mo pa.po
483 translated messages, 2 fuzzy translations, 3 untranslated messages.
/usr/bin/msgfmt --verbose --check -o as.mo as.po
485 translated messages, 1 fuzzy translation, 2 untranslated messages.
/usr/bin/msgfmt --verbose --check -o rw.mo rw.po
358 translated messages, 95 fuzzy translations, 35 untranslated messages.
/usr/bin/msgfmt --verbose --check -o et.mo et.po
41 translated messages, 137 fuzzy translations, 310 untranslated messages.
/usr/bin/msgfmt --verbose --check -o mn.mo mn.po
137 translated messages, 173 fuzzy translations, 178 untranslated messages.
/usr/bin/msgfmt --verbose --check -o ga.mo ga.po
288 translated messages, 200 untranslated messages.
/usr/bin/msgfmt --verbose --check -o sl.mo sl.po
488 translated messages.
/usr/bin/msgfmt --verbose --check -o sr.mo sr.po
488 translated messages.
/usr/bin/msgfmt --verbose --check -o pt.mo pt.po
274 translated messages, 139 fuzzy translations, 75 untranslated messages.
/usr/bin/msgfmt --verbose --check -o vi.mo vi.po
488 translated messages.
/usr/bin/msgfmt --verbose --check -o is.mo is.po
488 translated messages.
/usr/bin/msgfmt --verbose --check -o ml.mo ml.po
483 translated messages, 2 fuzzy translations, 3 untranslated messages.
make[1]: Leaving directory '/sources/7.9/iso-codes-3.65/iso_639'
Making all in iso_639_3
make[1]: Entering directory '/sources/7.9/iso-codes-3.65/iso_639_3'
/usr/bin/msgfmt --verbose --check -o vi.mo vi.po
337 translated messages, 4884 fuzzy translations, 4057 untranslated messages.
/usr/bin/msgfmt --verbose --check -o is.mo is.po
230 translated messages, 3106 fuzzy translations, 5942 untranslated messages.
/usr/bin/msgfmt --verbose --check -o el.mo el.po
836 translated messages, 409 fuzzy translations, 8033 untranslated messages.
/usr/bin/msgfmt --verbose --check -o tig.mo tig.po
tig.po:8: warning: header field 'Language' still has the initial default value
120 translated messages, 2916 fuzzy translations, 6242 untranslated messages.
/usr/bin/msgfmt --verbose --check -o id.mo id.po
id.po:9: warning: header field 'Language' still has the initial default value
113 translated messages, 3889 fuzzy translations, 5276 untranslated messages.
/usr/bin/msgfmt --verbose --check -o az.mo az.po
az.po:7: warning: header field 'Language' still has the initial default value
25 translated messages, 3025 fuzzy translations, 6228 untranslated messages.
/usr/bin/msgfmt --verbose --check -o sv.mo sv.po
324 translated messages, 4918 fuzzy translations, 4036 untranslated messages.
/usr/bin/msgfmt --verbose --check -o nn.mo nn.po
175 translated messages, 3654 fuzzy translations, 5449 untranslated messages.
/usr/bin/msgfmt --verbose --check -o tr.mo tr.po
7497 translated messages, 605 fuzzy translations, 1176 untranslated messages.
/usr/bin/msgfmt --verbose --check -o or.mo or.po
3544 translated messages, 965 fuzzy translations, 4769 untranslated messages.
/usr/bin/msgfmt --verbose --check -o pl.mo pl.po
2638 translated messages, 6640 untranslated messages.
/usr/bin/msgfmt --verbose --check -o bg.mo bg.po
385 translated messages, 8893 untranslated messages.
/usr/bin/msgfmt --verbose --check -o ast.mo ast.po
7691 translated messages, 1114 fuzzy translations, 473 untranslated messages.
/usr/bin/msgfmt --verbose --check -o zh_TW.mo zh_TW.po
zh_TW.po:7: warning: header field 'Language' still has the initial default value
45 translated messages, 2812 fuzzy translations, 6421 untranslated messages.
/usr/bin/msgfmt --verbose --check -o af.mo af.po
114 translated messages, 4106 fuzzy translations, 5058 untranslated messages.
/usr/bin/msgfmt --verbose --check -o bs.mo bs.po
bs.po:9: warning: header field 'Language' still has the initial default value
51 translated messages, 2626 fuzzy translations, 6601 untranslated messages.
/usr/bin/msgfmt --verbose --check -o ko.mo ko.po
43 translated messages, 2998 fuzzy translations, 6237 untranslated messages.
/usr/bin/msgfmt --verbose --check -o hi.mo hi.po
hi.po:8: warning: header field 'Language' still has the initial default value
118 translated messages, 2934 fuzzy translations, 6226 untranslated messages.
/usr/bin/msgfmt --verbose --check -o mt.mo mt.po
238 translated messages, 4889 fuzzy translations, 4151 untranslated messages.
/usr/bin/msgfmt --verbose --check -o fi.mo fi.po
337 translated messages, 4871 fuzzy translations, 4070 untranslated messages.
/usr/bin/msgfmt --verbose --check -o es.mo es.po
324 translated messages, 4906 fuzzy translations, 4048 untranslated messages.
/usr/bin/msgfmt --verbose --check -o gl.mo gl.po
7570 translated messages, 1202 fuzzy translations, 506 untranslated messages.
/usr/bin/msgfmt --verbose --check -o sr@latin.mo sr@latin.po
328 translated messages, 4923 fuzzy translations, 4027 untranslated messages.
/usr/bin/msgfmt --verbose --check -o mi.mo mi.po
28 translated messages, 2874 fuzzy translations, 6376 untranslated messages.
/usr/bin/msgfmt --verbose --check -o cy.mo cy.po
115 translated messages, 3977 fuzzy translations, 5186 untranslated messages.
/usr/bin/msgfmt --verbose --check -o ro.mo ro.po
45 translated messages, 3021 fuzzy translations, 6212 untranslated messages.
/usr/bin/msgfmt --verbose --check -o byn.mo byn.po
byn.po:8: warning: header field 'Language' still has the initial default value
120 translated messages, 2916 fuzzy translations, 6242 untranslated messages.
/usr/bin/msgfmt --verbose --check -o hr.mo hr.po
498 translated messages, 19 fuzzy translations, 8761 untranslated messages.
/usr/bin/msgfmt --verbose --check -o tt.mo tt.po
tt.po:8: warning: header field 'Language' still has the initial default value
149 translated messages, 3294 fuzzy translations, 5835 untranslated messages.
/usr/bin/msgfmt --verbose --check -o ru.mo ru.po
342 translated messages, 4712 fuzzy translations, 4224 untranslated messages.
/usr/bin/msgfmt --verbose --check -o eu.mo eu.po
57 translated messages, 2830 fuzzy translations, 6391 untranslated messages.
/usr/bin/msgfmt --verbose --check -o fr.mo fr.po
9114 translated messages, 128 fuzzy translations, 36 untranslated messages.
/usr/bin/msgfmt --verbose --check -o kn.mo kn.po
6697 translated messages, 1244 fuzzy translations, 1337 untranslated messages.
/usr/bin/msgfmt --verbose --check -o de.mo de.po
9114 translated messages, 128 fuzzy translations, 36 untranslated messages.
/usr/bin/msgfmt --verbose --check -o xh.mo xh.po
47 translated messages, 2760 fuzzy translations, 6471 untranslated messages.
/usr/bin/msgfmt --verbose --check -o th.mo th.po
719 translated messages, 162 fuzzy translations, 8397 untranslated messages.
/usr/bin/msgfmt --verbose --check -o it.mo it.po
8725 translated messages, 386 fuzzy translations, 167 untranslated messages.
/usr/bin/msgfmt --verbose --check -o cs.mo cs.po
331 translated messages, 3402 fuzzy translations, 5545 untranslated messages.
/usr/bin/msgfmt --verbose --check -o crh.mo crh.po
6638 translated messages, 1047 fuzzy translations, 1593 untranslated messages.
/usr/bin/msgfmt --verbose --check -o eo.mo eo.po
337 translated messages, 4897 fuzzy translations, 4044 untranslated messages.
/usr/bin/msgfmt --verbose --check -o ti.mo ti.po
ti.po:8: warning: header field 'Language' still has the initial default value
120 translated messages, 2916 fuzzy translations, 6242 untranslated messages.
/usr/bin/msgfmt --verbose --check -o br.mo br.po
710 translated messages, 455 fuzzy translations, 8113 untranslated messages.
/usr/bin/msgfmt --verbose --check -o uk.mo uk.po
9278 translated messages.
/usr/bin/msgfmt --verbose --check -o ar.mo ar.po
61 translated messages, 3002 fuzzy translations, 6215 untranslated messages.
/usr/bin/msgfmt --verbose --check -o mk.mo mk.po
mk.po:8: warning: header field 'Language' still has the initial default value
39 translated messages, 2863 fuzzy translations, 6376 untranslated messages.
/usr/bin/msgfmt --verbose --check -o hu.mo hu.po
962 translated messages, 4282 fuzzy translations, 4034 untranslated messages.
/usr/bin/msgfmt --verbose --check -o am.mo am.po
am.po:8: warning: header field 'Language' still has the initial default value
120 translated messages, 2916 fuzzy translations, 6242 untranslated messages.
/usr/bin/msgfmt --verbose --check -o lt.mo lt.po
629 translated messages, 560 fuzzy translations, 8089 untranslated messages.
/usr/bin/msgfmt --verbose --check -o zh_CN.mo zh_CN.po
101 translated messages, 2933 fuzzy translations, 6244 untranslated messages.
/usr/bin/msgfmt --verbose --check -o nl.mo nl.po
1483 translated messages, 3930 fuzzy translations, 3865 untranslated messages.
/usr/bin/msgfmt --verbose --check -o oc.mo oc.po
oc.po:8: warning: header field 'Language' still has the initial default value
78 translated messages, 123 fuzzy translations, 9077 untranslated messages.
/usr/bin/msgfmt --verbose --check -o fa.mo fa.po
276 translated messages, 4607 fuzzy translations, 4395 untranslated messages.
/usr/bin/msgfmt --verbose --check -o lv.mo lv.po
lv.po:8: warning: header field 'Language' still has the initial default value
48 translated messages, 2854 fuzzy translations, 6376 untranslated messages.
/usr/bin/msgfmt --verbose --check -o ps.mo ps.po
ps.po:8: warning: header field 'Language' still has the initial default value
28 translated messages, 1015 fuzzy translations, 8235 untranslated messages.
/usr/bin/msgfmt --verbose --check -o ms.mo ms.po
ms.po:8: warning: header field 'Language' still has the initial default value
45 translated messages, 2856 fuzzy translations, 6377 untranslated messages.
/usr/bin/msgfmt --verbose --check -o gez.mo gez.po
gez.po:8: warning: header field 'Language' still has the initial default value
120 translated messages, 2916 fuzzy translations, 6242 untranslated messages.
/usr/bin/msgfmt --verbose --check -o nso.mo nso.po
59 translated messages, 2809 fuzzy translations, 6410 untranslated messages.
/usr/bin/msgfmt --verbose --check -o wa.mo wa.po
wa.po:7: warning: header field 'Language' still has the initial default value
202 translated messages, 4061 fuzzy translations, 5015 untranslated messages.
/usr/bin/msgfmt --verbose --check -o da.mo da.po
427 translated messages, 4852 fuzzy translations, 3999 untranslated messages.
/usr/bin/msgfmt --verbose --check -o mr.mo mr.po
7542 translated messages, 1217 fuzzy translations, 519 untranslated messages.
/usr/bin/msgfmt --verbose --check -o sk.mo sk.po
48 translated messages, 2854 fuzzy translations, 6376 untranslated messages.
/usr/bin/msgfmt --verbose --check -o ca.mo ca.po
95 translated messages, 3726 fuzzy translations, 5457 untranslated messages.
/usr/bin/msgfmt --verbose --check -o ta.mo ta.po
7474 translated messages, 1276 fuzzy translations, 528 untranslated messages.
/usr/bin/msgfmt --verbose --check -o pt_BR.mo pt_BR.po
pt_BR.po:7: warning: header field 'Language' still has the initial default value
98 translated messages, 2084 fuzzy translations, 7096 untranslated messages.
/usr/bin/msgfmt --verbose --check -o zu.mo zu.po
48 translated messages, 2854 fuzzy translations, 6376 untranslated messages.
/usr/bin/msgfmt --verbose --check -o nb.mo nb.po
nb.po:8: warning: header field 'Language' still has the initial default value
119 translated messages, 3924 fuzzy translations, 5235 untranslated messages.
/usr/bin/msgfmt --verbose --check -o gu.mo gu.po
589 translated messages, 344 fuzzy translations, 8345 untranslated messages.
/usr/bin/msgfmt --verbose --check -o ve.mo ve.po
40 translated messages, 4317 fuzzy translations, 4921 untranslated messages.
/usr/bin/msgfmt --verbose --check -o he.mo he.po
48 translated messages, 2854 fuzzy translations, 6376 untranslated messages.
/usr/bin/msgfmt --verbose --check -o mn.mo mn.po
140 translated messages, 4352 fuzzy translations, 4786 untranslated messages.
/usr/bin/msgfmt --verbose --check -o pa.mo pa.po
7474 translated messages, 1276 fuzzy translations, 528 untranslated messages.
/usr/bin/msgfmt --verbose --check -o bn.mo bn.po
bn.po:11: warning: header field 'Language' still has the initial default value
1556 translated messages, 3996 fuzzy translations, 3726 untranslated messages.
/usr/bin/msgfmt --verbose --check -o tt@iqtelif.mo tt@iqtelif.po
tt@iqtelif.po:8: warning: header field 'Language' still has the initial default value
149 translated messages, 3294 fuzzy translations, 5835 untranslated messages.
/usr/bin/msgfmt --verbose --check -o kok.mo kok.po
kok.po:8: warning: header field 'Language' still has the initial default value
119 translated messages, 2916 fuzzy translations, 6243 untranslated messages.
/usr/bin/msgfmt --verbose --check -o ja.mo ja.po
337 translated messages, 4884 fuzzy translations, 4057 untranslated messages.
/usr/bin/msgfmt --verbose --check -o rw.mo rw.po
328 translated messages, 4919 fuzzy translations, 4031 untranslated messages.
/usr/bin/msgfmt --verbose --check -o et.mo et.po
43 translated messages, 2770 fuzzy translations, 6465 untranslated messages.
/usr/bin/msgfmt --verbose --check -o ga.mo ga.po
193 translated messages, 3733 fuzzy translations, 5352 untranslated messages.
/usr/bin/msgfmt --verbose --check -o sl.mo sl.po
212 translated messages, 4060 fuzzy translations, 5006 untranslated messages.
/usr/bin/msgfmt --verbose --check -o sr.mo sr.po
328 translated messages, 4923 fuzzy translations, 4027 untranslated messages.
/usr/bin/msgfmt --verbose --check -o pt.mo pt.po
233 translated messages, 4848 fuzzy translations, 4197 untranslated messages.
make[1]: Leaving directory '/sources/7.9/iso-codes-3.65/iso_639_3'
Making all in iso_639_5
make[1]: Entering directory '/sources/7.9/iso-codes-3.65/iso_639_5'
/usr/bin/msgfmt --verbose --check -o de.mo de.po
135 translated messages, 1767 untranslated messages.
/usr/bin/msgfmt --verbose --check -o sr.mo sr.po
1902 translated messages.
/usr/bin/msgfmt --verbose --check -o sr@latin.mo sr@latin.po
1902 translated messages.
/usr/bin/msgfmt --verbose --check -o fr.mo fr.po
2 translated messages, 1900 untranslated messages.
/usr/bin/msgfmt --verbose --check -o uk.mo uk.po
1902 translated messages.
/usr/bin/msgfmt --verbose --check -o pl.mo pl.po
793 translated messages, 1109 untranslated messages.
/usr/bin/msgfmt --verbose --check -o nl.mo nl.po
47 translated messages, 1855 untranslated messages.
make[1]: Leaving directory '/sources/7.9/iso-codes-3.65/iso_639_5'
make[1]: Entering directory '/sources/7.9/iso-codes-3.65'
make[1]: Nothing to be done for 'all-am'.
make[1]: Leaving directory '/sources/7.9/iso-codes-3.65'
Making check in iso_15924
make[1]: Entering directory '/sources/7.9/iso-codes-3.65/iso_15924'
make  check-local
make[2]: Entering directory '/sources/7.9/iso-codes-3.65/iso_15924'
perl ../check_valid_utf8.pl ./ko.po ./hu.po ./pt.po ./ja.po ./sl.po ./sr.po ./nn.po ./vi.po ./is.po ./ml.po ./de.po ./id.po ./sv.po ./et.po ./lv.po ./nb.po ./zh_TW.po ./ru.po ./he.po ./tr.po ./fi.po ./es.po ./gl.po ./pt_BR.po ./lt.po ./eo.po ./th.po ./it.po ./br.po ./uk.po ./ar.po ./fr.po ./ia.po ./pl.po ./nl.po ./el.po ./zh_CN.po ./zh_HK.po ./fa.po ./ro.po ./oc.po ./da.po ./cs.po ./sk.po ./ca.po ./bg.po ./sr@latin.po
make[2]: Leaving directory '/sources/7.9/iso-codes-3.65/iso_15924'
make[1]: Leaving directory '/sources/7.9/iso-codes-3.65/iso_15924'
Making check in iso_3166
make[1]: Entering directory '/sources/7.9/iso-codes-3.65/iso_3166'
make  check-local
make[2]: Entering directory '/sources/7.9/iso-codes-3.65/iso_3166'
perl ../check_valid_utf8.pl ./tk.po ./te.po ./de.po ./ms.po ./wa.po ./el.po ./sk.po ./ta.po ./ps.po ./sq.po ./az.po ./gu.po ./ia.po ./so.po ./sw.po ./bn_IN.po ./tt.po ./ka.po ./pa.po ./tr.po ./sl.po ./fa.po ./vi.po ./da.po ./ca.po ./mk.po ./bs.po ./si.po ./ve.po ./pt.po ./or.po ./kn.po ./zh_TW.po ./sr.po ./zu.po ./pl.po ./hy.po ./mt.po ./cy.po ./eu.po ./bn.po ./be.po ./fr.po ./eo.po ./nn.po ./wo.po ./gez.po ./it.po ./crh.po ./wal.po ./br.po ./ar.po ./tig.po ./nl.po ./ga.po ./oc.po ./zh_HK.po ./ko.po ./ug.po ./tt@iqtelif.po ./nso.po ./mi.po ./kk.po ./hu.po ./ku.po ./rw.po ./he.po ./dz.po ./ti.po ./lt.po ./is.po ./ml.po ./ru.po ./id.po ./af.po ./et.po ./ast.po ./nb.po ./ja.po ./sv.po ./km.po ./ro.po ./es.po ./mr.po ./sr@latin.po ./pt_BR.po ./lv.po ./ne.po ./hr.po ./cs.po ./fo.po ./bg.po ./xh.po ./th.po ./gl.po ./tl.po ./as.po ./hi.po ./uk.po ./haw.po ./byn.po ./mn.po ./am.po ./fi.po ./zh_CN.po
make[2]: Leaving directory '/sources/7.9/iso-codes-3.65/iso_3166'
make[1]: Leaving directory '/sources/7.9/iso-codes-3.65/iso_3166'
Making check in iso_3166_2
make[1]: Entering directory '/sources/7.9/iso-codes-3.65/iso_3166_2'
make  check-local
make[2]: Entering directory '/sources/7.9/iso-codes-3.65/iso_3166_2'
perl ../check_valid_utf8.pl ./ve.po ./hu.po ./ja.po ./tr.po ./ga.po ./sl.po ./sr.po ./vi.po ./da.po ./de.po ./id.po ./sv.po ./en.po ./zh_TW.po ./lt.po ./eo.po ./fi.po ./es.po ./az.po ./eu.po ./fr.po ./ko.po ./th.po ./it.po ./crh.po ./ro.po ./uk.po ./cs.po ./pl.po ./nl.po ./zh_CN.po ./oc.po ./lv.po ./nso.po ./wa.po ./el.po ./sk.po ./ca.po ./bg.po ./sr@latin.po ./bs.po
make[2]: Leaving directory '/sources/7.9/iso-codes-3.65/iso_3166_2'
make[1]: Leaving directory '/sources/7.9/iso-codes-3.65/iso_3166_2'
Making check in iso_4217
make[1]: Entering directory '/sources/7.9/iso-codes-3.65/iso_4217'
make  check-local
make[2]: Entering directory '/sources/7.9/iso-codes-3.65/iso_4217'
perl ../check_valid_utf8.pl ./rw.po ./ja.po ./et.po ./ga.po ./sl.po ./sr.po ./nn.po ./vi.po ./is.po ./el.po ./ca.po ./hu.po ./id.po ./sv.po ./tr.po ./lv.po ./nb.po ./ru.po ./pt.po ./fi.po ./es.po ./gl.po ./hr.po ./lt.po ./fr.po ./ko.po ./mn.po ./th.po ./it.po ./br.po ./uk.po ./pt_BR.po ./cs.po ./pl.po ./nl.po ./zh_CN.po ./zh_HK.po ./oc.po ./ro.po ./zh_TW.po ./da.po ./sk.po ./de.po ./sr@latin.po
make[2]: Leaving directory '/sources/7.9/iso-codes-3.65/iso_4217'
make[1]: Leaving directory '/sources/7.9/iso-codes-3.65/iso_4217'
Making check in iso_639
make[1]: Entering directory '/sources/7.9/iso-codes-3.65/iso_639'
make  check-local
make[2]: Entering directory '/sources/7.9/iso-codes-3.65/iso_639'
perl ../check_valid_utf8.pl ./hu.po ./xh.po ./th.po ./bs.po ./uk.po ./gl.po ./he.po ./as.po ./gez.po ./byn.po ./bg.po ./am.po ./fi.po ./zh_CN.po ./de.po ./zh_TW.po ./wa.po ./el.po ./sk.po ./ta.po ./pa.po ./kn.po ./tt.po ./ja.po ./mt.po ./ga.po ./sl.po ./fa.po ./lv.po ./vi.po ./da.po ./ca.po ./mk.po ./pt.po ./tr.po ./or.po ./rw.po ./nb.po ./mi.po ./sr.po ./be.po ./pl.po ./hi.po ./cy.po ./bn.po ./fr.po ./eo.po ./ps.po ./it.po ./crh.po ./br.po ./ar.po ./te.po ./nl.po ./ru.po ./oc.po ./zh_HK.po ./ko.po ./mn.po ./tt@iqtelif.po ./nso.po ./ve.po ./ml.po ./ms.po ./ro.po ./nn.po ./af.po ./kok.po ./ti.po ./lt.po ./is.po ./tig.po ./id.po ./az.po ./zu.po ./et.po ./ast.po ./sv.po ./es.po ./mr.po ./sr@latin.po ./pt_BR.po ./eu.po ./hr.po ./cs.po ./gu.po
make[2]: Leaving directory '/sources/7.9/iso-codes-3.65/iso_639'
make[1]: Leaving directory '/sources/7.9/iso-codes-3.65/iso_639'
Making check in iso_639_3
make[1]: Entering directory '/sources/7.9/iso-codes-3.65/iso_639_3'
make  check-local
make[2]: Entering directory '/sources/7.9/iso-codes-3.65/iso_639_3'
perl ../check_valid_utf8.pl ./et.po ./es.po ./sr@latin.po ./pt_BR.po ./eu.po ./hr.po ./cs.po ./bg.po ./mn.po ./xh.po ./th.po ./uk.po ./gl.po ./gez.po ./byn.po ./ps.po ./am.po ./fi.po ./zh_CN.po ./de.po ./wa.po ./el.po ./sk.po ./ta.po ./pa.po ./eo.po ./tt.po ./ja.po ./tr.po ./ga.po ./sl.po ./fa.po ./lv.po ./vi.po ./da.po ./ca.po ./mk.po ./bs.po ./id.po ./or.po ./rw.po ./nb.po ./mi.po ./sr.po ./mr.po ./pl.po ./hi.po ./cy.po ./bn.po ./fr.po ./kn.po ./it.po ./crh.po ./br.po ./ar.po ./zh_TW.po ./nl.po ./ru.po ./oc.po ./ko.po ./tt@iqtelif.po ./nso.po ./ve.po ./ms.po ./ro.po ./nn.po ./gu.po ./af.po ./kok.po ./he.po ./ti.po ./lt.po ./is.po ./tig.po ./az.po ./zu.po ./mt.po ./pt.po ./ast.po ./sv.po ./hu.po
make[2]: Leaving directory '/sources/7.9/iso-codes-3.65/iso_639_3'
make[1]: Leaving directory '/sources/7.9/iso-codes-3.65/iso_639_3'
Making check in iso_639_5
make[1]: Entering directory '/sources/7.9/iso-codes-3.65/iso_639_5'
make  check-local
make[2]: Entering directory '/sources/7.9/iso-codes-3.65/iso_639_5'
perl ../check_valid_utf8.pl ./de.po ./sr.po ./sr@latin.po ./fr.po ./uk.po ./pl.po ./nl.po
make[2]: Leaving directory '/sources/7.9/iso-codes-3.65/iso_639_5'
make[1]: Leaving directory '/sources/7.9/iso-codes-3.65/iso_639_5'
make[1]: Entering directory '/sources/7.9/iso-codes-3.65'
make[1]: Nothing to be done for 'check-am'.
make[1]: Leaving directory '/sources/7.9/iso-codes-3.65'
Making install in iso_15924
make[1]: Entering directory '/sources/7.9/iso-codes-3.65/iso_15924'
make[2]: Entering directory '/sources/7.9/iso-codes-3.65/iso_15924'
make[2]: Nothing to be done for 'install-exec-am'.
 /bin/mkdir -p '/usr/share/xml/iso-codes'
 /usr/bin/install -c -m 644 iso_15924.xml '/usr/share/xml/iso-codes'
make  install-data-hook
make[3]: Entering directory '/sources/7.9/iso-codes-3.65/iso_15924'
/bin/sh /sources/7.9/iso-codes-3.65/install-sh -d /usr/share
/bin/sh /sources/7.9/iso-codes-3.65/install-sh -d /usr/share/locale
catalogs='ko.mo hu.mo pt.mo ja.mo sl.mo sr.mo nn.mo vi.mo is.mo ml.mo de.mo id.mo sv.mo et.mo lv.mo nb.mo zh_TW.mo ru.mo he.mo tr.mo fi.mo es.mo gl.mo pt_BR.mo lt.mo eo.mo th.mo it.mo br.mo uk.mo ar.mo fr.mo ia.mo pl.mo nl.mo el.mo zh_CN.mo zh_HK.mo fa.mo ro.mo oc.mo da.mo cs.mo sk.mo ca.mo bg.mo sr@latin.mo'; \
for cat in $catalogs; do \
	cat=`basename $cat`; \
	lang=`echo $cat | sed 's/\.mo$//'`; \
	dir=/usr/share/locale/$lang/LC_MESSAGES; \
	/bin/sh /sources/7.9/iso-codes-3.65/install-sh -d $dir; \
	/usr/bin/install -c -m 644 $cat $dir/iso_15924.mo; \
done
make[3]: Leaving directory '/sources/7.9/iso-codes-3.65/iso_15924'
make[2]: Leaving directory '/sources/7.9/iso-codes-3.65/iso_15924'
make[1]: Leaving directory '/sources/7.9/iso-codes-3.65/iso_15924'
Making install in iso_3166
make[1]: Entering directory '/sources/7.9/iso-codes-3.65/iso_3166'
make[2]: Entering directory '/sources/7.9/iso-codes-3.65/iso_3166'
make[2]: Nothing to be done for 'install-exec-am'.
 /bin/mkdir -p '/usr/share/xml/iso-codes'
 /usr/bin/install -c -m 644 iso_3166.xml '/usr/share/xml/iso-codes'
make  install-data-hook
make[3]: Entering directory '/sources/7.9/iso-codes-3.65/iso_3166'
/bin/sh /sources/7.9/iso-codes-3.65/install-sh -d /usr/share
/bin/sh /sources/7.9/iso-codes-3.65/install-sh -d /usr/share/locale
catalogs='tk.mo te.mo de.mo ms.mo wa.mo el.mo sk.mo ta.mo ps.mo sq.mo az.mo gu.mo ia.mo so.mo sw.mo bn_IN.mo tt.mo ka.mo pa.mo tr.mo sl.mo fa.mo vi.mo da.mo ca.mo mk.mo bs.mo si.mo ve.mo pt.mo or.mo kn.mo zh_TW.mo sr.mo zu.mo pl.mo hy.mo mt.mo cy.mo eu.mo bn.mo be.mo fr.mo eo.mo nn.mo wo.mo gez.mo it.mo crh.mo wal.mo br.mo ar.mo tig.mo nl.mo ga.mo oc.mo zh_HK.mo ko.mo ug.mo tt@iqtelif.mo nso.mo mi.mo kk.mo hu.mo ku.mo rw.mo he.mo dz.mo ti.mo lt.mo is.mo ml.mo ru.mo id.mo af.mo et.mo ast.mo nb.mo ja.mo sv.mo km.mo ro.mo es.mo mr.mo sr@latin.mo pt_BR.mo lv.mo ne.mo hr.mo cs.mo fo.mo bg.mo xh.mo th.mo gl.mo tl.mo as.mo hi.mo uk.mo haw.mo byn.mo mn.mo am.mo fi.mo zh_CN.mo'; \
for cat in $catalogs; do \
	cat=`basename $cat`; \
	lang=`echo $cat | sed 's/\.mo$//'`; \
	dir=/usr/share/locale/$lang/LC_MESSAGES; \
	/bin/sh /sources/7.9/iso-codes-3.65/install-sh -d $dir; \
	/usr/bin/install -c -m 644 $cat $dir/iso_3166.mo; \
done
make[3]: Leaving directory '/sources/7.9/iso-codes-3.65/iso_3166'
make[2]: Leaving directory '/sources/7.9/iso-codes-3.65/iso_3166'
make[1]: Leaving directory '/sources/7.9/iso-codes-3.65/iso_3166'
Making install in iso_3166_2
make[1]: Entering directory '/sources/7.9/iso-codes-3.65/iso_3166_2'
make[2]: Entering directory '/sources/7.9/iso-codes-3.65/iso_3166_2'
make[2]: Nothing to be done for 'install-exec-am'.
 /bin/mkdir -p '/usr/share/xml/iso-codes'
 /usr/bin/install -c -m 644 iso_3166_2.xml '/usr/share/xml/iso-codes'
make  install-data-hook
make[3]: Entering directory '/sources/7.9/iso-codes-3.65/iso_3166_2'
/bin/sh /sources/7.9/iso-codes-3.65/install-sh -d /usr/share
/bin/sh /sources/7.9/iso-codes-3.65/install-sh -d /usr/share/locale
catalogs='ve.mo hu.mo ja.mo tr.mo ga.mo sl.mo sr.mo vi.mo da.mo de.mo id.mo sv.mo en.mo zh_TW.mo lt.mo eo.mo fi.mo es.mo az.mo eu.mo fr.mo ko.mo th.mo it.mo crh.mo ro.mo uk.mo cs.mo pl.mo nl.mo zh_CN.mo oc.mo lv.mo nso.mo wa.mo el.mo sk.mo ca.mo bg.mo sr@latin.mo bs.mo'; \
for cat in $catalogs; do \
	cat=`basename $cat`; \
	lang=`echo $cat | sed 's/\.mo$//'`; \
	dir=/usr/share/locale/$lang/LC_MESSAGES; \
	/bin/sh /sources/7.9/iso-codes-3.65/install-sh -d $dir; \
	/usr/bin/install -c -m 644 $cat $dir/iso_3166_2.mo; \
done
make[3]: Leaving directory '/sources/7.9/iso-codes-3.65/iso_3166_2'
make[2]: Leaving directory '/sources/7.9/iso-codes-3.65/iso_3166_2'
make[1]: Leaving directory '/sources/7.9/iso-codes-3.65/iso_3166_2'
Making install in iso_4217
make[1]: Entering directory '/sources/7.9/iso-codes-3.65/iso_4217'
make[2]: Entering directory '/sources/7.9/iso-codes-3.65/iso_4217'
make[2]: Nothing to be done for 'install-exec-am'.
 /bin/mkdir -p '/usr/share/xml/iso-codes'
 /usr/bin/install -c -m 644 iso_4217.xml '/usr/share/xml/iso-codes'
make  install-data-hook
make[3]: Entering directory '/sources/7.9/iso-codes-3.65/iso_4217'
/bin/sh /sources/7.9/iso-codes-3.65/install-sh -d /usr/share
/bin/sh /sources/7.9/iso-codes-3.65/install-sh -d /usr/share/locale
catalogs='rw.mo ja.mo et.mo ga.mo sl.mo sr.mo nn.mo vi.mo is.mo el.mo ca.mo hu.mo id.mo sv.mo tr.mo lv.mo nb.mo ru.mo pt.mo fi.mo es.mo gl.mo hr.mo lt.mo fr.mo ko.mo mn.mo th.mo it.mo br.mo uk.mo pt_BR.mo cs.mo pl.mo nl.mo zh_CN.mo zh_HK.mo oc.mo ro.mo zh_TW.mo da.mo sk.mo de.mo sr@latin.mo'; \
for cat in $catalogs; do \
	cat=`basename $cat`; \
	lang=`echo $cat | sed 's/\.mo$//'`; \
	dir=/usr/share/locale/$lang/LC_MESSAGES; \
	/bin/sh /sources/7.9/iso-codes-3.65/install-sh -d $dir; \
	/usr/bin/install -c -m 644 $cat $dir/iso_4217.mo; \
done
make[3]: Leaving directory '/sources/7.9/iso-codes-3.65/iso_4217'
make[2]: Leaving directory '/sources/7.9/iso-codes-3.65/iso_4217'
make[1]: Leaving directory '/sources/7.9/iso-codes-3.65/iso_4217'
Making install in iso_639
make[1]: Entering directory '/sources/7.9/iso-codes-3.65/iso_639'
make[2]: Entering directory '/sources/7.9/iso-codes-3.65/iso_639'
make[2]: Nothing to be done for 'install-exec-am'.
 /bin/mkdir -p '/usr/share/xml/iso-codes'
 /usr/bin/install -c -m 644 iso_639.xml '/usr/share/xml/iso-codes'
make  install-data-hook
make[3]: Entering directory '/sources/7.9/iso-codes-3.65/iso_639'
/bin/sh /sources/7.9/iso-codes-3.65/install-sh -d /usr/share
/bin/sh /sources/7.9/iso-codes-3.65/install-sh -d /usr/share/locale
catalogs='hu.mo xh.mo th.mo bs.mo uk.mo gl.mo he.mo as.mo gez.mo byn.mo bg.mo am.mo fi.mo zh_CN.mo de.mo zh_TW.mo wa.mo el.mo sk.mo ta.mo pa.mo kn.mo tt.mo ja.mo mt.mo ga.mo sl.mo fa.mo lv.mo vi.mo da.mo ca.mo mk.mo pt.mo tr.mo or.mo rw.mo nb.mo mi.mo sr.mo be.mo pl.mo hi.mo cy.mo bn.mo fr.mo eo.mo ps.mo it.mo crh.mo br.mo ar.mo te.mo nl.mo ru.mo oc.mo zh_HK.mo ko.mo mn.mo tt@iqtelif.mo nso.mo ve.mo ml.mo ms.mo ro.mo nn.mo af.mo kok.mo ti.mo lt.mo is.mo tig.mo id.mo az.mo zu.mo et.mo ast.mo sv.mo es.mo mr.mo sr@latin.mo pt_BR.mo eu.mo hr.mo cs.mo gu.mo'; \
for cat in $catalogs; do \
	cat=`basename $cat`; \
	lang=`echo $cat | sed 's/\.mo$//'`; \
	dir=/usr/share/locale/$lang/LC_MESSAGES; \
	/bin/sh /sources/7.9/iso-codes-3.65/install-sh -d $dir; \
	/usr/bin/install -c -m 644 $cat $dir/iso_639.mo; \
done
make[3]: Leaving directory '/sources/7.9/iso-codes-3.65/iso_639'
make[2]: Leaving directory '/sources/7.9/iso-codes-3.65/iso_639'
make[1]: Leaving directory '/sources/7.9/iso-codes-3.65/iso_639'
Making install in iso_639_3
make[1]: Entering directory '/sources/7.9/iso-codes-3.65/iso_639_3'
make[2]: Entering directory '/sources/7.9/iso-codes-3.65/iso_639_3'
make[2]: Nothing to be done for 'install-exec-am'.
 /bin/mkdir -p '/usr/share/xml/iso-codes'
 /usr/bin/install -c -m 644 iso_639_3.xml '/usr/share/xml/iso-codes'
make  install-data-hook
make[3]: Entering directory '/sources/7.9/iso-codes-3.65/iso_639_3'
/bin/sh /sources/7.9/iso-codes-3.65/install-sh -d /usr/share
/bin/sh /sources/7.9/iso-codes-3.65/install-sh -d /usr/share/locale
catalogs='et.mo es.mo sr@latin.mo pt_BR.mo eu.mo hr.mo cs.mo bg.mo mn.mo xh.mo th.mo uk.mo gl.mo gez.mo byn.mo ps.mo am.mo fi.mo zh_CN.mo de.mo wa.mo el.mo sk.mo ta.mo pa.mo eo.mo tt.mo ja.mo tr.mo ga.mo sl.mo fa.mo lv.mo vi.mo da.mo ca.mo mk.mo bs.mo id.mo or.mo rw.mo nb.mo mi.mo sr.mo mr.mo pl.mo hi.mo cy.mo bn.mo fr.mo kn.mo it.mo crh.mo br.mo ar.mo zh_TW.mo nl.mo ru.mo oc.mo ko.mo tt@iqtelif.mo nso.mo ve.mo ms.mo ro.mo nn.mo gu.mo af.mo kok.mo he.mo ti.mo lt.mo is.mo tig.mo az.mo zu.mo mt.mo pt.mo ast.mo sv.mo hu.mo'; \
for cat in $catalogs; do \
	cat=`basename $cat`; \
	lang=`echo $cat | sed 's/\.mo$//'`; \
	dir=/usr/share/locale/$lang/LC_MESSAGES; \
	/bin/sh /sources/7.9/iso-codes-3.65/install-sh -d $dir; \
	/usr/bin/install -c -m 644 $cat $dir/iso_639_3.mo; \
done
make[3]: Leaving directory '/sources/7.9/iso-codes-3.65/iso_639_3'
make[2]: Leaving directory '/sources/7.9/iso-codes-3.65/iso_639_3'
make[1]: Leaving directory '/sources/7.9/iso-codes-3.65/iso_639_3'
Making install in iso_639_5
make[1]: Entering directory '/sources/7.9/iso-codes-3.65/iso_639_5'
make[2]: Entering directory '/sources/7.9/iso-codes-3.65/iso_639_5'
make[2]: Nothing to be done for 'install-exec-am'.
 /bin/mkdir -p '/usr/share/xml/iso-codes'
 /usr/bin/install -c -m 644 iso_639_5.xml '/usr/share/xml/iso-codes'
make  install-data-hook
make[3]: Entering directory '/sources/7.9/iso-codes-3.65/iso_639_5'
/bin/sh /sources/7.9/iso-codes-3.65/install-sh -d /usr/share
/bin/sh /sources/7.9/iso-codes-3.65/install-sh -d /usr/share/locale
catalogs='de.mo sr.mo sr@latin.mo fr.mo uk.mo pl.mo nl.mo'; \
for cat in $catalogs; do \
	cat=`basename $cat`; \
	lang=`echo $cat | sed 's/\.mo$//'`; \
	dir=/usr/share/locale/$lang/LC_MESSAGES; \
	/bin/sh /sources/7.9/iso-codes-3.65/install-sh -d $dir; \
	/usr/bin/install -c -m 644 $cat $dir/iso_639_5.mo; \
done
make[3]: Leaving directory '/sources/7.9/iso-codes-3.65/iso_639_5'
make[2]: Leaving directory '/sources/7.9/iso-codes-3.65/iso_639_5'
make[1]: Leaving directory '/sources/7.9/iso-codes-3.65/iso_639_5'
make[1]: Entering directory '/sources/7.9/iso-codes-3.65'
make[2]: Entering directory '/sources/7.9/iso-codes-3.65'
make[2]: Nothing to be done for 'install-exec-am'.
 /bin/mkdir -p '/usr/share/pkgconfig'
 /usr/bin/install -c -m 644 iso-codes.pc '/usr/share/pkgconfig'
make[2]: Leaving directory '/sources/7.9/iso-codes-3.65'
make[1]: Leaving directory '/sources/7.9/iso-codes-3.65'
