checking for a BSD-compatible install... /usr/bin/install -c
checking whether build environment is sane... yes
checking for a thread-safe mkdir -p... /bin/mkdir -p
checking for gawk... gawk
checking whether make sets $(MAKE)... yes
checking whether make supports nested variables... yes
checking for style of include used by make... GNU
checking for gcc... gcc
checking whether the C compiler works... yes
checking for C compiler default output file name... a.out
checking for suffix of executables... 
checking whether we are cross compiling... no
checking for suffix of object files... o
checking whether we are using the GNU C compiler... yes
checking whether gcc accepts -g... yes
checking for gcc option to accept ISO C89... none needed
checking whether gcc understands -c and -o together... yes
checking dependency style of gcc... gcc3
checking for special C compiler options needed for large files... no
checking for _FILE_OFFSET_BITS value needed for large files... no
checking for gcc... (cached) gcc
checking whether we are using the GNU C compiler... (cached) yes
checking whether gcc accepts -g... (cached) yes
checking for gcc option to accept ISO C89... (cached) none needed
checking whether gcc understands -c and -o together... (cached) yes
checking dependency style of gcc... (cached) gcc3
checking build system type... x86_64-unknown-linux-gnu
checking host system type... x86_64-unknown-linux-gnu
checking how to print strings... printf
checking for a sed that does not truncate output... /bin/sed
checking for grep that handles long lines and -e... /bin/grep
checking for egrep... /bin/grep -E
checking for fgrep... /bin/grep -F
checking for ld used by gcc... /usr/bin/ld
checking if the linker (/usr/bin/ld) is GNU ld... yes
checking for BSD- or MS-compatible name lister (nm)... /usr/bin/nm -B
checking the name lister (/usr/bin/nm -B) interface... BSD nm
checking whether ln -s works... yes
checking the maximum length of command line arguments... 1572864
checking how to convert x86_64-unknown-linux-gnu file names to x86_64-unknown-linux-gnu format... func_convert_file_noop
checking how to convert x86_64-unknown-linux-gnu file names to toolchain format... func_convert_file_noop
checking for /usr/bin/ld option to reload object files... -r
checking for objdump... objdump
checking how to recognize dependent libraries... pass_all
checking for dlltool... no
checking how to associate runtime and link libraries... printf %s\n
checking for ar... ar
checking for archiver @FILE support... @
checking for strip... strip
checking for ranlib... ranlib
checking command to parse /usr/bin/nm -B output from gcc object... ok
checking for sysroot... no
checking for a working dd... /bin/dd
checking how to truncate binary pipes... /bin/dd bs=4096 count=1
checking for mt... no
checking if : is a manifest tool... no
checking how to run the C preprocessor... gcc -E
checking for ANSI C header files... yes
checking for sys/types.h... yes
checking for sys/stat.h... yes
checking for stdlib.h... yes
checking for string.h... yes
checking for memory.h... yes
checking for strings.h... yes
checking for inttypes.h... yes
checking for stdint.h... yes
checking for unistd.h... yes
checking for dlfcn.h... yes
checking for objdir... .libs
checking if gcc supports -fno-rtti -fno-exceptions... no
checking for gcc option to produce PIC... -fPIC -DPIC
checking if gcc PIC flag -fPIC -DPIC works... yes
checking if gcc static flag -static works... yes
checking if gcc supports -c -o file.o... yes
checking if gcc supports -c -o file.o... (cached) yes
checking whether the gcc linker (/usr/bin/ld -m elf_x86_64) supports shared libraries... yes
checking whether -lc should be explicitly linked in... no
checking dynamic linker characteristics... GNU/Linux ld.so
checking how to hardcode library paths into programs... immediate
checking whether stripping libraries is possible... yes
checking if libtool supports shared libraries... yes
checking whether to build shared libraries... yes
checking whether to build static libraries... no
checking for fdatasync... yes
checking for usleep... yes
checking for fullfsync... no
checking for localtime_r... yes
checking for gmtime_r... yes
checking whether strerror_r is declared... yes
checking for strerror_r... yes
checking whether strerror_r returns char *... no
checking for library containing readline... no
checking for library containing pthread_create... -lpthread
checking for library containing pthread_mutexattr_init... none required
checking for library containing dlopen... -ldl
checking for whether to support dynamic extensions... yes
checking for posix_fallocate... yes
checking that generated files are newer than configure... done
configure: creating ./config.status
config.status: creating Makefile
config.status: creating sqlite3.pc
config.status: executing depfiles commands
config.status: executing libtool commands
/bin/sh ./libtool  --tag=CC   --mode=compile gcc -DPACKAGE_NAME=\"sqlite\" -DPACKAGE_TARNAME=\"sqlite\" -DPACKAGE_VERSION=\"3.11.0\" -DPACKAGE_STRING=\"sqlite\ 3.11.0\" -DPACKAGE_BUGREPORT=\"http://www.sqlite.org\" -DPACKAGE_URL=\"\" -DPACKAGE=\"sqlite\" -DVERSION=\"3.11.0\" -DSTDC_HEADERS=1 -DHAVE_SYS_TYPES_H=1 -DHAVE_SYS_STAT_H=1 -DHAVE_STDLIB_H=1 -DHAVE_STRING_H=1 -DHAVE_MEMORY_H=1 -DHAVE_STRINGS_H=1 -DHAVE_INTTYPES_H=1 -DHAVE_STDINT_H=1 -DHAVE_UNISTD_H=1 -DHAVE_DLFCN_H=1 -DLT_OBJDIR=\".libs/\" -DHAVE_FDATASYNC=1 -DHAVE_USLEEP=1 -DHAVE_LOCALTIME_R=1 -DHAVE_GMTIME_R=1 -DHAVE_DECL_STRERROR_R=1 -DHAVE_STRERROR_R=1 -DHAVE_POSIX_FALLOCATE=1 -I.    -D_REENTRANT=1 -DSQLITE_THREADSAFE=1    -DSQLITE_ENABLE_FTS3 -DSQLITE_ENABLE_RTREE -g -O2 -DSQLITE_ENABLE_FTS3=1             -DSQLITE_ENABLE_COLUMN_METADATA=1                 -DSQLITE_ENABLE_UNLOCK_NOTIFY=1                   -DSQLITE_SECURE_DELETE=1                          -DSQLITE_ENABLE_DBSTAT_VTAB=1 -MT sqlite3.lo -MD -MP -MF .deps/sqlite3.Tpo -c -o sqlite3.lo sqlite3.c
libtool: compile:  gcc -DPACKAGE_NAME=\"sqlite\" -DPACKAGE_TARNAME=\"sqlite\" -DPACKAGE_VERSION=\"3.11.0\" "-DPACKAGE_STRING=\"sqlite 3.11.0\"" -DPACKAGE_BUGREPORT=\"http://www.sqlite.org\" -DPACKAGE_URL=\"\" -DPACKAGE=\"sqlite\" -DVERSION=\"3.11.0\" -DSTDC_HEADERS=1 -DHAVE_SYS_TYPES_H=1 -DHAVE_SYS_STAT_H=1 -DHAVE_STDLIB_H=1 -DHAVE_STRING_H=1 -DHAVE_MEMORY_H=1 -DHAVE_STRINGS_H=1 -DHAVE_INTTYPES_H=1 -DHAVE_STDINT_H=1 -DHAVE_UNISTD_H=1 -DHAVE_DLFCN_H=1 -DLT_OBJDIR=\".libs/\" -DHAVE_FDATASYNC=1 -DHAVE_USLEEP=1 -DHAVE_LOCALTIME_R=1 -DHAVE_GMTIME_R=1 -DHAVE_DECL_STRERROR_R=1 -DHAVE_STRERROR_R=1 -DHAVE_POSIX_FALLOCATE=1 -I. -D_REENTRANT=1 -DSQLITE_THREADSAFE=1 -DSQLITE_ENABLE_FTS3 -DSQLITE_ENABLE_RTREE -g -O2 -DSQLITE_ENABLE_FTS3=1 -DSQLITE_ENABLE_COLUMN_METADATA=1 -DSQLITE_ENABLE_UNLOCK_NOTIFY=1 -DSQLITE_SECURE_DELETE=1 -DSQLITE_ENABLE_DBSTAT_VTAB=1 -MT sqlite3.lo -MD -MP -MF .deps/sqlite3.Tpo -c sqlite3.c  -fPIC -DPIC -o .libs/sqlite3.o
mv -f .deps/sqlite3.Tpo .deps/sqlite3.Plo
/bin/sh ./libtool  --tag=CC   --mode=link gcc -D_REENTRANT=1 -DSQLITE_THREADSAFE=1    -DSQLITE_ENABLE_FTS3 -DSQLITE_ENABLE_RTREE -g -O2 -DSQLITE_ENABLE_FTS3=1             -DSQLITE_ENABLE_COLUMN_METADATA=1                 -DSQLITE_ENABLE_UNLOCK_NOTIFY=1                   -DSQLITE_SECURE_DELETE=1                          -DSQLITE_ENABLE_DBSTAT_VTAB=1 -no-undefined -version-info 8:6:8  -o libsqlite3.la -rpath /usr/lib sqlite3.lo  -ldl -lpthread 
libtool: link: gcc -shared  -fPIC -DPIC  .libs/sqlite3.o   -ldl -lpthread  -g -O2   -Wl,-soname -Wl,libsqlite3.so.0 -o .libs/libsqlite3.so.0.8.6
libtool: link: (cd ".libs" && rm -f "libsqlite3.so.0" && ln -s "libsqlite3.so.0.8.6" "libsqlite3.so.0")
libtool: link: (cd ".libs" && rm -f "libsqlite3.so" && ln -s "libsqlite3.so.0.8.6" "libsqlite3.so")
libtool: link: ( cd ".libs" && rm -f "libsqlite3.la" && ln -s "../libsqlite3.la" "libsqlite3.la" )
gcc -DPACKAGE_NAME=\"sqlite\" -DPACKAGE_TARNAME=\"sqlite\" -DPACKAGE_VERSION=\"3.11.0\" -DPACKAGE_STRING=\"sqlite\ 3.11.0\" -DPACKAGE_BUGREPORT=\"http://www.sqlite.org\" -DPACKAGE_URL=\"\" -DPACKAGE=\"sqlite\" -DVERSION=\"3.11.0\" -DSTDC_HEADERS=1 -DHAVE_SYS_TYPES_H=1 -DHAVE_SYS_STAT_H=1 -DHAVE_STDLIB_H=1 -DHAVE_STRING_H=1 -DHAVE_MEMORY_H=1 -DHAVE_STRINGS_H=1 -DHAVE_INTTYPES_H=1 -DHAVE_STDINT_H=1 -DHAVE_UNISTD_H=1 -DHAVE_DLFCN_H=1 -DLT_OBJDIR=\".libs/\" -DHAVE_FDATASYNC=1 -DHAVE_USLEEP=1 -DHAVE_LOCALTIME_R=1 -DHAVE_GMTIME_R=1 -DHAVE_DECL_STRERROR_R=1 -DHAVE_STRERROR_R=1 -DHAVE_POSIX_FALLOCATE=1 -I.    -D_REENTRANT=1 -DSQLITE_THREADSAFE=1    -DSQLITE_ENABLE_FTS3 -DSQLITE_ENABLE_RTREE -DSQLITE_ENABLE_EXPLAIN_COMMENTS -g -O2 -DSQLITE_ENABLE_FTS3=1             -DSQLITE_ENABLE_COLUMN_METADATA=1                 -DSQLITE_ENABLE_UNLOCK_NOTIFY=1                   -DSQLITE_SECURE_DELETE=1                          -DSQLITE_ENABLE_DBSTAT_VTAB=1 -MT sqlite3-shell.o -MD -MP -MF .deps/sqlite3-shell.Tpo -c -o sqlite3-shell.o `test -f 'shell.c' || echo './'`shell.c
mv -f .deps/sqlite3-shell.Tpo .deps/sqlite3-shell.Po
gcc -DPACKAGE_NAME=\"sqlite\" -DPACKAGE_TARNAME=\"sqlite\" -DPACKAGE_VERSION=\"3.11.0\" -DPACKAGE_STRING=\"sqlite\ 3.11.0\" -DPACKAGE_BUGREPORT=\"http://www.sqlite.org\" -DPACKAGE_URL=\"\" -DPACKAGE=\"sqlite\" -DVERSION=\"3.11.0\" -DSTDC_HEADERS=1 -DHAVE_SYS_TYPES_H=1 -DHAVE_SYS_STAT_H=1 -DHAVE_STDLIB_H=1 -DHAVE_STRING_H=1 -DHAVE_MEMORY_H=1 -DHAVE_STRINGS_H=1 -DHAVE_INTTYPES_H=1 -DHAVE_STDINT_H=1 -DHAVE_UNISTD_H=1 -DHAVE_DLFCN_H=1 -DLT_OBJDIR=\".libs/\" -DHAVE_FDATASYNC=1 -DHAVE_USLEEP=1 -DHAVE_LOCALTIME_R=1 -DHAVE_GMTIME_R=1 -DHAVE_DECL_STRERROR_R=1 -DHAVE_STRERROR_R=1 -DHAVE_POSIX_FALLOCATE=1 -I.    -D_REENTRANT=1 -DSQLITE_THREADSAFE=1    -DSQLITE_ENABLE_FTS3 -DSQLITE_ENABLE_RTREE -DSQLITE_ENABLE_EXPLAIN_COMMENTS -g -O2 -DSQLITE_ENABLE_FTS3=1             -DSQLITE_ENABLE_COLUMN_METADATA=1                 -DSQLITE_ENABLE_UNLOCK_NOTIFY=1                   -DSQLITE_SECURE_DELETE=1                          -DSQLITE_ENABLE_DBSTAT_VTAB=1 -MT sqlite3-sqlite3.o -MD -MP -MF .deps/sqlite3-sqlite3.Tpo -c -o sqlite3-sqlite3.o `test -f 'sqlite3.c' || echo './'`sqlite3.c
mv -f .deps/sqlite3-sqlite3.Tpo .deps/sqlite3-sqlite3.Po
gcc -DPACKAGE_NAME=\"sqlite\" -DPACKAGE_TARNAME=\"sqlite\" -DPACKAGE_VERSION=\"3.11.0\" -DPACKAGE_STRING=\"sqlite\ 3.11.0\" -DPACKAGE_BUGREPORT=\"http://www.sqlite.org\" -DPACKAGE_URL=\"\" -DPACKAGE=\"sqlite\" -DVERSION=\"3.11.0\" -DSTDC_HEADERS=1 -DHAVE_SYS_TYPES_H=1 -DHAVE_SYS_STAT_H=1 -DHAVE_STDLIB_H=1 -DHAVE_STRING_H=1 -DHAVE_MEMORY_H=1 -DHAVE_STRINGS_H=1 -DHAVE_INTTYPES_H=1 -DHAVE_STDINT_H=1 -DHAVE_UNISTD_H=1 -DHAVE_DLFCN_H=1 -DLT_OBJDIR=\".libs/\" -DHAVE_FDATASYNC=1 -DHAVE_USLEEP=1 -DHAVE_LOCALTIME_R=1 -DHAVE_GMTIME_R=1 -DHAVE_DECL_STRERROR_R=1 -DHAVE_STRERROR_R=1 -DHAVE_POSIX_FALLOCATE=1 -I.    -D_REENTRANT=1 -DSQLITE_THREADSAFE=1    -DSQLITE_ENABLE_FTS3 -DSQLITE_ENABLE_RTREE -g -O2 -DSQLITE_ENABLE_FTS3=1             -DSQLITE_ENABLE_COLUMN_METADATA=1                 -DSQLITE_ENABLE_UNLOCK_NOTIFY=1                   -DSQLITE_SECURE_DELETE=1                          -DSQLITE_ENABLE_DBSTAT_VTAB=1 -MT sqlite3.o -MD -MP -MF .deps/sqlite3.Tpo -c -o sqlite3.o sqlite3.c
mv -f .deps/sqlite3.Tpo .deps/sqlite3.Po
/bin/sh ./libtool  --tag=CC   --mode=link gcc -D_REENTRANT=1 -DSQLITE_THREADSAFE=1    -DSQLITE_ENABLE_FTS3 -DSQLITE_ENABLE_RTREE -DSQLITE_ENABLE_EXPLAIN_COMMENTS -g -O2 -DSQLITE_ENABLE_FTS3=1             -DSQLITE_ENABLE_COLUMN_METADATA=1                 -DSQLITE_ENABLE_UNLOCK_NOTIFY=1                   -DSQLITE_SECURE_DELETE=1                          -DSQLITE_ENABLE_DBSTAT_VTAB=1   -o sqlite3 sqlite3-shell.o sqlite3-sqlite3.o  -ldl -lpthread 
libtool: link: gcc -D_REENTRANT=1 -DSQLITE_THREADSAFE=1 -DSQLITE_ENABLE_FTS3 -DSQLITE_ENABLE_RTREE -DSQLITE_ENABLE_EXPLAIN_COMMENTS -g -O2 -DSQLITE_ENABLE_FTS3=1 -DSQLITE_ENABLE_COLUMN_METADATA=1 -DSQLITE_ENABLE_UNLOCK_NOTIFY=1 -DSQLITE_SECURE_DELETE=1 -DSQLITE_ENABLE_DBSTAT_VTAB=1 -o sqlite3 sqlite3-shell.o sqlite3-sqlite3.o  -ldl -lpthread
make[1]: Entering directory '/sources/7.9/sqlite-3.11.0'
 /bin/mkdir -p '/usr/lib'
 /bin/sh ./libtool   --mode=install /usr/bin/install -c   libsqlite3.la '/usr/lib'
libtool: install: /usr/bin/install -c .libs/libsqlite3.so.0.8.6 /usr/lib/libsqlite3.so.0.8.6
libtool: install: (cd /usr/lib && { ln -s -f libsqlite3.so.0.8.6 libsqlite3.so.0 || { rm -f libsqlite3.so.0 && ln -s libsqlite3.so.0.8.6 libsqlite3.so.0; }; })
libtool: install: (cd /usr/lib && { ln -s -f libsqlite3.so.0.8.6 libsqlite3.so || { rm -f libsqlite3.so && ln -s libsqlite3.so.0.8.6 libsqlite3.so; }; })
libtool: install: /usr/bin/install -c .libs/libsqlite3.lai /usr/lib/libsqlite3.la
libtool: finish: PATH="/bin:/usr/ucb:/usr/bin:/usr/sbin:/sbin:/usr/etc:/etc:/sbin" ldconfig -n /usr/lib
----------------------------------------------------------------------
Libraries have been installed in:
   /usr/lib

If you ever happen to want to link against installed libraries
in a given directory, LIBDIR, you must either use libtool, and
specify the full pathname of the library, or use the '-LLIBDIR'
flag during linking and do at least one of the following:
   - add LIBDIR to the 'LD_LIBRARY_PATH' environment variable
     during execution
   - add LIBDIR to the 'LD_RUN_PATH' environment variable
     during linking
   - use the '-Wl,-rpath -Wl,LIBDIR' linker flag
   - have your system administrator add LIBDIR to '/etc/ld.so.conf'

See any operating system documentation about shared libraries for
more information, such as the ld(1) and ld.so(8) manual pages.
----------------------------------------------------------------------
 /bin/mkdir -p '/usr/bin'
  /bin/sh ./libtool   --mode=install /usr/bin/install -c sqlite3 '/usr/bin'
libtool: install: /usr/bin/install -c sqlite3 /usr/bin/sqlite3
 /bin/mkdir -p '/usr/include'
 /usr/bin/install -c -m 644 sqlite3.h sqlite3ext.h '/usr/include'
 /bin/mkdir -p '/usr/share/man/man1'
 /usr/bin/install -c -m 644 sqlite3.1 '/usr/share/man/man1'
 /bin/mkdir -p '/usr/lib/pkgconfig'
 /usr/bin/install -c -m 644 sqlite3.pc '/usr/lib/pkgconfig'
make[1]: Leaving directory '/sources/7.9/sqlite-3.11.0'
