checking for a BSD-compatible install... /usr/bin/install -c
checking whether build environment is sane... yes
checking for a thread-safe mkdir -p... /bin/mkdir -p
checking for gawk... gawk
checking whether make sets $(MAKE)... yes
checking whether to disable maintainer-specific portions of Makefiles... yes
checking which gtk+ version to compile against... 2.0
checking for gcc... gcc
checking whether the C compiler works... yes
checking for C compiler default output file name... a.out
checking for suffix of executables... 
checking whether we are cross compiling... no
checking for suffix of object files... o
checking whether we are using the GNU C compiler... yes
checking whether gcc accepts -g... yes
checking for gcc option to accept ISO C89... none needed
checking for style of include used by make... GNU
checking dependency style of gcc... gcc3
checking how to run the C preprocessor... gcc -E
checking for grep that handles long lines and -e... /bin/grep
checking for egrep... /bin/grep -E
checking for ANSI C header files... yes
checking whether gcc and cc understand -c and -o together... yes
checking for a sed that does not truncate output... /bin/sed
checking build system type... x86_64-unknown-linux-gnu
checking host system type... x86_64-unknown-linux-gnu
checking for a sed that does not truncate output... (cached) /bin/sed
checking for fgrep... /bin/grep -F
checking for ld used by gcc... /usr/bin/ld
checking if the linker (/usr/bin/ld) is GNU ld... yes
checking for BSD- or MS-compatible name lister (nm)... /usr/bin/nm -B
checking the name lister (/usr/bin/nm -B) interface... BSD nm
checking whether ln -s works... yes
checking the maximum length of command line arguments... 1572864
checking whether the shell understands some XSI constructs... yes
checking whether the shell understands "+="... yes
checking for /usr/bin/ld option to reload object files... -r
checking for objdump... objdump
checking how to recognize dependent libraries... pass_all
checking for ar... ar
checking for strip... strip
checking for ranlib... ranlib
checking command to parse /usr/bin/nm -B output from gcc object... ok
checking for sys/types.h... yes
checking for sys/stat.h... yes
checking for stdlib.h... yes
checking for string.h... yes
checking for memory.h... yes
checking for strings.h... yes
checking for inttypes.h... yes
checking for stdint.h... yes
checking for unistd.h... yes
checking for dlfcn.h... yes
checking for objdir... .libs
checking if gcc supports -fno-rtti -fno-exceptions... no
checking for gcc option to produce PIC... -fPIC -DPIC
checking if gcc PIC flag -fPIC -DPIC works... yes
checking if gcc static flag -static works... yes
checking if gcc supports -c -o file.o... yes
checking if gcc supports -c -o file.o... (cached) yes
checking whether the gcc linker (/usr/bin/ld -m elf_x86_64) supports shared libraries... yes
checking whether -lc should be explicitly linked in... no
checking dynamic linker characteristics... GNU/Linux ld.so
checking how to hardcode library paths into programs... immediate
checking whether stripping libraries is possible... yes
checking if libtool supports shared libraries... yes
checking whether to build shared libraries... yes
checking whether to build static libraries... no
checking whether NLS is requested... yes
checking for intltool >= 0.35.0... 0.51.0 found
checking for intltool-update... /usr/bin/intltool-update
checking for intltool-merge... /usr/bin/intltool-merge
checking for intltool-extract... /usr/bin/intltool-extract
checking for xgettext... /usr/bin/xgettext
checking for msgmerge... /usr/bin/msgmerge
checking for msgfmt... /usr/bin/msgfmt
checking for gmsgfmt... /usr/bin/msgfmt
checking for perl... /usr/bin/perl
checking for perl >= 5.8.1... 5.22.1
checking for XML::Parser... ok
checking locale.h usability... yes
checking locale.h presence... yes
checking for locale.h... yes
checking for LC_MESSAGES... yes
checking libintl.h usability... yes
checking libintl.h presence... yes
checking for libintl.h... yes
checking for ngettext in libc... yes
checking for dgettext in libc... yes
checking for bind_textdomain_codeset... yes
checking for msgfmt... (cached) /usr/bin/msgfmt
checking for dcgettext... yes
checking if msgfmt accepts -c... yes
checking for gmsgfmt... (cached) /usr/bin/msgfmt
checking for xgettext... (cached) /usr/bin/xgettext
checking whether bind_textdomain_codeset is declared... yes
checking for a win32 platform... no
checking for supported warning flags... 
checking whether gcc supports -Wall... yes
checking whether gcc supports -Wextra... yes
checking whether gcc supports -Wsign-compare... yes
checking whether gcc supports -Werror-implicit-function-declaration... yes
checking whether gcc supports -Wpointer-arith... yes
checking whether gcc supports -Wwrite-strings... yes
checking whether gcc supports -Wstrict-prototypes... yes
checking whether gcc supports -Waggregate-return... yes
checking whether gcc supports -Wcast-align... yes
checking whether gcc supports -Wimplicit... yes
checking whether gcc supports -Wuninitialised... no
checking whether gcc supports -Wmissing-prototypes... yes
checking whether gcc supports -Wmissing-declarations... yes
checking whether gcc supports -Wnested-externs... yes
checking whether gcc supports -Wpacked... yes
checking whether gcc supports -Wmissing-format-attribute... yes
checking whether gcc supports -Wshadow... yes
checking whether gcc supports -Wstrict-aliasing=2... yes
checking whether gcc supports -Winit-self... yes
checking whether gcc supports -Wunsafe-loop-optimizations... yes
checking whether gcc supports -Wdeclaration-after-statement... yes
checking whether gcc supports -Wold-style-definition... yes
checking whether gcc supports -Wno-missing-field-initializers... yes
checking whether gcc supports -Wno-unused-parameter... yes
checking whether gcc supports -fno-common... yes
checking whether gcc supports -Wno-switch-enum... yes
checking which warning flags were supported...  -Wall -Wextra -Wsign-compare -Werror-implicit-function-declaration -Wpointer-arith -Wwrite-strings -Wstrict-prototypes -Waggregate-return -Wcast-align -Wimplicit -Wmissing-prototypes -Wmissing-declarations -Wnested-externs -Wpacked -Wmissing-format-attribute -Wshadow -Wstrict-aliasing=2 -Winit-self -Wunsafe-loop-optimizations -Wdeclaration-after-statement -Wold-style-definition -Wno-missing-field-initializers -Wno-unused-parameter -fno-common -Wno-switch-enum
checking whether gcc supports -Wl,--warn-unresolved-symbols when linking... yes
checking whether gcc supports -Wl,-Bsymbolic-functions when linking... yes
checking for pkg-config... /usr/bin/pkg-config
checking pkg-config is at least version 0.9.0... yes
checking for GLIB... yes
checking for GTK... yes
checking for glib-genmarshal... /usr/bin/glib-genmarshal
checking for glib-mkenums... /usr/bin/glib-mkenums
checking sys/select.h usability... yes
checking sys/select.h presence... yes
checking for sys/select.h... yes
checking sys/syslimits.h usability... no
checking sys/syslimits.h presence... no
checking for sys/syslimits.h... no
checking sys/termios.h usability... yes
checking sys/termios.h presence... yes
checking for sys/termios.h... yes
checking sys/un.h usability... yes
checking sys/un.h presence... yes
checking for sys/un.h... yes
checking sys/wait.h usability... yes
checking sys/wait.h presence... yes
checking for sys/wait.h... yes
checking stropts.h usability... yes
checking stropts.h presence... yes
checking for stropts.h... yes
checking termios.h usability... yes
checking termios.h presence... yes
checking for termios.h... yes
checking wchar.h usability... yes
checking wchar.h presence... yes
checking for wchar.h... yes
checking whether termios.h defines TIOCGWINSZ... no
checking whether sys/ioctl.h defines TIOCGWINSZ... yes
checking for cfmakeraw... yes
checking for fork... yes
checking for setsid... yes
checking for setpgid... yes
checking for getpgid... yes
checking for getpt... yes
checking for grantpt... yes
checking for unlockpt... yes
checking for ptsname... yes
checking for ptsname_r... yes
checking for tcgetattr... yes
checking for tcsetattr... yes
checking for socket... yes
checking for socketpair... yes
checking for recvmsg... yes
checking for floor... no
checking for floor in -lm... yes
checking for ceil... yes
checking for floor... (cached) no
checking for tgetent... no
checking for tgetent in -lncurses... yes
checking ncurses.h usability... yes
checking ncurses.h presence... yes
checking for ncurses.h... yes
checking term.h usability... yes
checking term.h presence... yes
checking for term.h... yes
checking for GDK target... x11
checking for VTE... yes
checking for wint_t... yes
checking for python... /usr/bin/python
checking for python version... 2.7
checking for python platform... linux2
checking for python script directory... ${prefix}/lib/python2.7/site-packages
checking for python extension module directory... ${exec_prefix}/lib/python2.7/site-packages
checking for python >= 2.2... okay
checking for headers required to compile python extensions... found
checking for pygtk-2.0... not found
Python bindings disabled.
checking whether to install the glade catalogue... no
checking for gobject-introspection... no (disabled, use --enable-introspection to enable)
checking for gtkdoc-check... no
checking for gtkdoc-rebase... no
checking for gtkdoc-mkpdf... no
checking whether to build gtk-doc documentation... no
configure: creating ./config.status
config.status: creating Makefile
config.status: creating src/Makefile
config.status: creating src/vteversion.h
config.status: creating termcaps/Makefile
config.status: creating perf/Makefile
config.status: creating python/Makefile
config.status: creating python/pyvte.pc
config.status: creating po/Makefile.in
config.status: creating doc/Makefile
config.status: creating doc/openi18n/Makefile
config.status: creating doc/reference/Makefile
config.status: creating doc/reference/version.xml
config.status: creating glade/Makefile
config.status: creating vte.pc
config.status: creating vte-uninstalled.pc
config.status: creating config.h
config.status: executing depfiles commands
config.status: executing libtool commands
config.status: executing default-1 commands
config.status: executing po/stamp-it commands
=== configuring in gnome-pty-helper (/sources/7.9/vte-0.28.2/gnome-pty-helper)
configure: running /bin/sh ./configure --disable-option-checking '--prefix=/usr'  '--libexecdir=/usr/lib/vte' '--disable-static' --cache-file=/dev/null --srcdir=.
checking for a BSD-compatible install... /usr/bin/install -c
checking whether build environment is sane... yes
checking for a thread-safe mkdir -p... /bin/mkdir -p
checking for gawk... gawk
checking whether make sets $(MAKE)... yes
checking for style of include used by make... GNU
checking for gcc... gcc
checking whether the C compiler works... yes
checking for C compiler default output file name... a.out
checking for suffix of executables... 
checking whether we are cross compiling... no
checking for suffix of object files... o
checking whether we are using the GNU C compiler... yes
checking whether gcc accepts -g... yes
checking for gcc option to accept ISO C89... none needed
checking dependency style of gcc... gcc3
checking for library containing strerror... none required
checking for gcc... (cached) gcc
checking whether we are using the GNU C compiler... (cached) yes
checking whether gcc accepts -g... (cached) yes
checking for gcc option to accept ISO C89... (cached) none needed
checking dependency style of gcc... (cached) gcc3
checking how to run the C preprocessor... gcc -E
checking for grep that handles long lines and -e... /bin/grep
checking for egrep... /bin/grep -E
checking for ANSI C header files... yes
checking for gcc... (cached) gcc
checking whether we are using the GNU C compiler... (cached) yes
checking whether gcc accepts -g... (cached) yes
checking for gcc option to accept ISO C89... (cached) none needed
checking dependency style of gcc... (cached) gcc3
checking whether to disable maintainer-specific portions of Makefiles... yes
checking for sys/types.h... yes
checking for sys/stat.h... yes
checking for stdlib.h... yes
checking for string.h... yes
checking for memory.h... yes
checking for strings.h... yes
checking for inttypes.h... yes
checking for stdint.h... yes
checking for unistd.h... yes
checking sys/syslimits.h usability... no
checking sys/syslimits.h presence... no
checking for sys/syslimits.h... no
checking sys/time.h usability... yes
checking sys/time.h presence... yes
checking for sys/time.h... yes
checking for sys/types.h... (cached) yes
checking sys/un.h usability... yes
checking sys/un.h presence... yes
checking for sys/un.h... yes
checking alloca.h usability... yes
checking alloca.h presence... yes
checking for alloca.h... yes
checking lastlog.h usability... yes
checking lastlog.h presence... yes
checking for lastlog.h... yes
checking libutil.h usability... no
checking libutil.h presence... no
checking for libutil.h... no
checking paths.h usability... yes
checking paths.h presence... yes
checking for paths.h... yes
checking pty.h usability... yes
checking pty.h presence... yes
checking for pty.h... yes
checking stropts.h usability... yes
checking stropts.h presence... yes
checking for stropts.h... yes
checking termios.h usability... yes
checking termios.h presence... yes
checking for termios.h... yes
checking ttyent.h usability... yes
checking ttyent.h presence... yes
checking for ttyent.h... yes
checking util.h usability... no
checking util.h presence... no
checking for util.h... no
checking utmp.h usability... yes
checking utmp.h presence... yes
checking for utmp.h... yes
checking utmpx.h usability... yes
checking utmpx.h presence... yes
checking for utmpx.h... yes
checking for pty.h... (cached) yes
checking for util.h... (cached) no
checking for libutil.h... (cached) no
checking for ttyent.h... (cached) yes
checking for grantpt in -lc... yes
checking for openpty in -lc... no
checking for openpty in -lutil... yes
checking for sendmsg in -lc... yes
checking for endutent... yes
checking for fcntl... yes
checking for forkpty... yes
checking for getttyent... yes
checking for getutent... yes
checking for getutmpx... yes
checking for grantpt... yes
checking for flock... yes
checking for login_tty... yes
checking for openpty... yes
checking for revoke... no
checking for sendmsg... yes
checking for seteuid... yes
checking for setreuid... yes
checking for setutent... yes
checking for strrchr... yes
checking for updwtmp... yes
checking for updwtmpx... yes
checking for utmpname... yes
checking for utmpxname... yes
checking for sys/time.h... (cached) yes
checking for utmp.h... (cached) yes
checking for utmpx.h... (cached) yes
checking whether time.h and sys/time.h may both be included... yes
checking for ut_host field in the utmp structure... yes
checking for ut_pid field in the utmp structure... yes
checking for ut_id field in the utmp structure... yes
checking for ut_name field in the utmp structure... yes
checking for ut_type field in the utmp structure... yes
checking for ut_exit.e_termination field in the utmp structure... no
checking for ut_user field in the utmp structure... yes
checking for ut_time field in the utmp structure... yes
checking for ut_tv field in the utmp structure... yes
checking for ut_syslen field in the utmp structure... no
checking for stropts.h... (cached) yes
checking build system type... x86_64-unknown-linux-gnu
checking host system type... x86_64-unknown-linux-gnu
configure: creating ./config.status
config.status: creating Makefile
config.status: creating config.h
config.status: executing depfiles commands

## -------------- ##
## Configuration. ##
## -------------- ##

Configuration for libvte 0.28.2 for gtk+-2.0
	Installing Glade catalogue: no
	Debugging: no
	Disallow deprecated features: 
make  all-recursive
make[1]: Entering directory '/sources/7.9/vte-0.28.2'
Making all in src
make[2]: Entering directory '/sources/7.9/vte-0.28.2/src'
  GEN    stamp-vtetypebuiltins.h
make  all-am
make[3]: Entering directory '/sources/7.9/vte-0.28.2/src'
  CC     libvte_la-caps.lo
  CC     libvte_la-debug.lo
  CC     libvte_la-iso2022.lo
  CC     libvte_la-keymap.lo
  CC     libvte_la-marshal.lo
  CC     libvte_la-matcher.lo
  CC     libvte_la-pty.lo
  CC     libvte_la-reaper.lo
  CC     libvte_la-ring.lo
  CC     libvte_la-table.lo
  CC     libvte_la-trie.lo
  CC     libvte_la-vte.lo
  CC     libvte_la-vteaccess.lo
  CC     libvte_la-vtebg.lo
  CC     libvte_la-vteconv.lo
  CC     libvte_la-vtedraw.lo
  CC     libvte_la-vteregex.lo
  CC     libvte_la-vterowdata.lo
  CC     libvte_la-vteseq.lo
  CC     libvte_la-vtestream.lo
  CC     libvte_la-vtetc.lo
  CC     libvte_la-vtetree.lo
  CC     libvte_la-vtetypebuiltins.lo
  CC     libvte_la-vteunistr.lo
  CCLD   libvte.la
  CC     vte-vteapp.o
  CCLD   vte
  CC     interpret-caps.o
  CC     interpret-debug.o
  CC     interpret-iso2022.o
  CC     interpret-matcher.o
  CC     interpret-table.o
  CC     interpret-trie.o
  CC     interpret-vteconv.o
  CC     interpret-vtetc.o
  CC     interpret-vtetree.o
  CC     interpret-interpret.o
  CCLD   interpret
  CC     slowcat.o
  CCLD   slowcat
make[3]: Leaving directory '/sources/7.9/vte-0.28.2/src'
make[2]: Leaving directory '/sources/7.9/vte-0.28.2/src'
Making all in termcaps
make[2]: Entering directory '/sources/7.9/vte-0.28.2/termcaps'
make[2]: Nothing to be done for 'all'.
make[2]: Leaving directory '/sources/7.9/vte-0.28.2/termcaps'
Making all in po
make[2]: Entering directory '/sources/7.9/vte-0.28.2/po'
file=`echo am | sed 's,.*/,,'`.gmo \
  && rm -f $file && /usr/bin/msgfmt -o $file am.po
file=`echo ang | sed 's,.*/,,'`.gmo \
  && rm -f $file && /usr/bin/msgfmt -o $file ang.po
file=`echo ar | sed 's,.*/,,'`.gmo \
  && rm -f $file && /usr/bin/msgfmt -o $file ar.po
file=`echo as | sed 's,.*/,,'`.gmo \
  && rm -f $file && /usr/bin/msgfmt -o $file as.po
file=`echo ast | sed 's,.*/,,'`.gmo \
  && rm -f $file && /usr/bin/msgfmt -o $file ast.po
file=`echo az | sed 's,.*/,,'`.gmo \
  && rm -f $file && /usr/bin/msgfmt -o $file az.po
file=`echo be | sed 's,.*/,,'`.gmo \
  && rm -f $file && /usr/bin/msgfmt -o $file be.po
file=`echo be@latin | sed 's,.*/,,'`.gmo \
  && rm -f $file && /usr/bin/msgfmt -o $file be@latin.po
file=`echo bg | sed 's,.*/,,'`.gmo \
  && rm -f $file && /usr/bin/msgfmt -o $file bg.po
file=`echo bn | sed 's,.*/,,'`.gmo \
  && rm -f $file && /usr/bin/msgfmt -o $file bn.po
file=`echo bn_IN | sed 's,.*/,,'`.gmo \
  && rm -f $file && /usr/bin/msgfmt -o $file bn_IN.po
file=`echo bs | sed 's,.*/,,'`.gmo \
  && rm -f $file && /usr/bin/msgfmt -o $file bs.po
file=`echo ca | sed 's,.*/,,'`.gmo \
  && rm -f $file && /usr/bin/msgfmt -o $file ca.po
file=`echo ca@valencia | sed 's,.*/,,'`.gmo \
  && rm -f $file && /usr/bin/msgfmt -o $file ca@valencia.po
file=`echo cs | sed 's,.*/,,'`.gmo \
  && rm -f $file && /usr/bin/msgfmt -o $file cs.po
file=`echo cy | sed 's,.*/,,'`.gmo \
  && rm -f $file && /usr/bin/msgfmt -o $file cy.po
file=`echo da | sed 's,.*/,,'`.gmo \
  && rm -f $file && /usr/bin/msgfmt -o $file da.po
file=`echo de | sed 's,.*/,,'`.gmo \
  && rm -f $file && /usr/bin/msgfmt -o $file de.po
file=`echo dz | sed 's,.*/,,'`.gmo \
  && rm -f $file && /usr/bin/msgfmt -o $file dz.po
file=`echo el | sed 's,.*/,,'`.gmo \
  && rm -f $file && /usr/bin/msgfmt -o $file el.po
file=`echo en_CA | sed 's,.*/,,'`.gmo \
  && rm -f $file && /usr/bin/msgfmt -o $file en_CA.po
file=`echo en_GB | sed 's,.*/,,'`.gmo \
  && rm -f $file && /usr/bin/msgfmt -o $file en_GB.po
file=`echo en@shaw | sed 's,.*/,,'`.gmo \
  && rm -f $file && /usr/bin/msgfmt -o $file en@shaw.po
file=`echo eo | sed 's,.*/,,'`.gmo \
  && rm -f $file && /usr/bin/msgfmt -o $file eo.po
file=`echo es | sed 's,.*/,,'`.gmo \
  && rm -f $file && /usr/bin/msgfmt -o $file es.po
file=`echo et | sed 's,.*/,,'`.gmo \
  && rm -f $file && /usr/bin/msgfmt -o $file et.po
file=`echo eu | sed 's,.*/,,'`.gmo \
  && rm -f $file && /usr/bin/msgfmt -o $file eu.po
file=`echo fa | sed 's,.*/,,'`.gmo \
  && rm -f $file && /usr/bin/msgfmt -o $file fa.po
file=`echo fi | sed 's,.*/,,'`.gmo \
  && rm -f $file && /usr/bin/msgfmt -o $file fi.po
file=`echo fr | sed 's,.*/,,'`.gmo \
  && rm -f $file && /usr/bin/msgfmt -o $file fr.po
file=`echo ga | sed 's,.*/,,'`.gmo \
  && rm -f $file && /usr/bin/msgfmt -o $file ga.po
file=`echo gl | sed 's,.*/,,'`.gmo \
  && rm -f $file && /usr/bin/msgfmt -o $file gl.po
file=`echo gu | sed 's,.*/,,'`.gmo \
  && rm -f $file && /usr/bin/msgfmt -o $file gu.po
file=`echo he | sed 's,.*/,,'`.gmo \
  && rm -f $file && /usr/bin/msgfmt -o $file he.po
file=`echo hi | sed 's,.*/,,'`.gmo \
  && rm -f $file && /usr/bin/msgfmt -o $file hi.po
file=`echo hr | sed 's,.*/,,'`.gmo \
  && rm -f $file && /usr/bin/msgfmt -o $file hr.po
file=`echo hu | sed 's,.*/,,'`.gmo \
  && rm -f $file && /usr/bin/msgfmt -o $file hu.po
file=`echo id | sed 's,.*/,,'`.gmo \
  && rm -f $file && /usr/bin/msgfmt -o $file id.po
file=`echo is | sed 's,.*/,,'`.gmo \
  && rm -f $file && /usr/bin/msgfmt -o $file is.po
file=`echo it | sed 's,.*/,,'`.gmo \
  && rm -f $file && /usr/bin/msgfmt -o $file it.po
file=`echo ja | sed 's,.*/,,'`.gmo \
  && rm -f $file && /usr/bin/msgfmt -o $file ja.po
file=`echo ka | sed 's,.*/,,'`.gmo \
  && rm -f $file && /usr/bin/msgfmt -o $file ka.po
file=`echo kn | sed 's,.*/,,'`.gmo \
  && rm -f $file && /usr/bin/msgfmt -o $file kn.po
file=`echo ko | sed 's,.*/,,'`.gmo \
  && rm -f $file && /usr/bin/msgfmt -o $file ko.po
file=`echo ku | sed 's,.*/,,'`.gmo \
  && rm -f $file && /usr/bin/msgfmt -o $file ku.po
file=`echo ky | sed 's,.*/,,'`.gmo \
  && rm -f $file && /usr/bin/msgfmt -o $file ky.po
file=`echo li | sed 's,.*/,,'`.gmo \
  && rm -f $file && /usr/bin/msgfmt -o $file li.po
file=`echo lt | sed 's,.*/,,'`.gmo \
  && rm -f $file && /usr/bin/msgfmt -o $file lt.po
file=`echo lv | sed 's,.*/,,'`.gmo \
  && rm -f $file && /usr/bin/msgfmt -o $file lv.po
file=`echo mai | sed 's,.*/,,'`.gmo \
  && rm -f $file && /usr/bin/msgfmt -o $file mai.po
file=`echo mi | sed 's,.*/,,'`.gmo \
  && rm -f $file && /usr/bin/msgfmt -o $file mi.po
file=`echo mk | sed 's,.*/,,'`.gmo \
  && rm -f $file && /usr/bin/msgfmt -o $file mk.po
file=`echo ml | sed 's,.*/,,'`.gmo \
  && rm -f $file && /usr/bin/msgfmt -o $file ml.po
file=`echo mn | sed 's,.*/,,'`.gmo \
  && rm -f $file && /usr/bin/msgfmt -o $file mn.po
file=`echo mr | sed 's,.*/,,'`.gmo \
  && rm -f $file && /usr/bin/msgfmt -o $file mr.po
file=`echo ms | sed 's,.*/,,'`.gmo \
  && rm -f $file && /usr/bin/msgfmt -o $file ms.po
file=`echo nb | sed 's,.*/,,'`.gmo \
  && rm -f $file && /usr/bin/msgfmt -o $file nb.po
file=`echo nds | sed 's,.*/,,'`.gmo \
  && rm -f $file && /usr/bin/msgfmt -o $file nds.po
file=`echo ne | sed 's,.*/,,'`.gmo \
  && rm -f $file && /usr/bin/msgfmt -o $file ne.po
file=`echo nl | sed 's,.*/,,'`.gmo \
  && rm -f $file && /usr/bin/msgfmt -o $file nl.po
file=`echo nn | sed 's,.*/,,'`.gmo \
  && rm -f $file && /usr/bin/msgfmt -o $file nn.po
file=`echo oc | sed 's,.*/,,'`.gmo \
  && rm -f $file && /usr/bin/msgfmt -o $file oc.po
file=`echo or | sed 's,.*/,,'`.gmo \
  && rm -f $file && /usr/bin/msgfmt -o $file or.po
file=`echo pa | sed 's,.*/,,'`.gmo \
  && rm -f $file && /usr/bin/msgfmt -o $file pa.po
file=`echo pl | sed 's,.*/,,'`.gmo \
  && rm -f $file && /usr/bin/msgfmt -o $file pl.po
file=`echo pt | sed 's,.*/,,'`.gmo \
  && rm -f $file && /usr/bin/msgfmt -o $file pt.po
file=`echo pt_BR | sed 's,.*/,,'`.gmo \
  && rm -f $file && /usr/bin/msgfmt -o $file pt_BR.po
file=`echo ro | sed 's,.*/,,'`.gmo \
  && rm -f $file && /usr/bin/msgfmt -o $file ro.po
file=`echo ru | sed 's,.*/,,'`.gmo \
  && rm -f $file && /usr/bin/msgfmt -o $file ru.po
file=`echo rw | sed 's,.*/,,'`.gmo \
  && rm -f $file && /usr/bin/msgfmt -o $file rw.po
file=`echo si | sed 's,.*/,,'`.gmo \
  && rm -f $file && /usr/bin/msgfmt -o $file si.po
file=`echo sk | sed 's,.*/,,'`.gmo \
  && rm -f $file && /usr/bin/msgfmt -o $file sk.po
file=`echo sl | sed 's,.*/,,'`.gmo \
  && rm -f $file && /usr/bin/msgfmt -o $file sl.po
file=`echo sq | sed 's,.*/,,'`.gmo \
  && rm -f $file && /usr/bin/msgfmt -o $file sq.po
file=`echo sr | sed 's,.*/,,'`.gmo \
  && rm -f $file && /usr/bin/msgfmt -o $file sr.po
file=`echo sr@latin | sed 's,.*/,,'`.gmo \
  && rm -f $file && /usr/bin/msgfmt -o $file sr@latin.po
file=`echo sv | sed 's,.*/,,'`.gmo \
  && rm -f $file && /usr/bin/msgfmt -o $file sv.po
file=`echo ta | sed 's,.*/,,'`.gmo \
  && rm -f $file && /usr/bin/msgfmt -o $file ta.po
file=`echo te | sed 's,.*/,,'`.gmo \
  && rm -f $file && /usr/bin/msgfmt -o $file te.po
file=`echo th | sed 's,.*/,,'`.gmo \
  && rm -f $file && /usr/bin/msgfmt -o $file th.po
file=`echo tr | sed 's,.*/,,'`.gmo \
  && rm -f $file && /usr/bin/msgfmt -o $file tr.po
file=`echo ug | sed 's,.*/,,'`.gmo \
  && rm -f $file && /usr/bin/msgfmt -o $file ug.po
file=`echo uk | sed 's,.*/,,'`.gmo \
  && rm -f $file && /usr/bin/msgfmt -o $file uk.po
file=`echo vi | sed 's,.*/,,'`.gmo \
  && rm -f $file && /usr/bin/msgfmt -o $file vi.po
file=`echo wa | sed 's,.*/,,'`.gmo \
  && rm -f $file && /usr/bin/msgfmt -o $file wa.po
file=`echo xh | sed 's,.*/,,'`.gmo \
  && rm -f $file && /usr/bin/msgfmt -o $file xh.po
file=`echo zh_CN | sed 's,.*/,,'`.gmo \
  && rm -f $file && /usr/bin/msgfmt -o $file zh_CN.po
file=`echo zh_HK | sed 's,.*/,,'`.gmo \
  && rm -f $file && /usr/bin/msgfmt -o $file zh_HK.po
file=`echo zh_TW | sed 's,.*/,,'`.gmo \
  && rm -f $file && /usr/bin/msgfmt -o $file zh_TW.po
make[2]: Leaving directory '/sources/7.9/vte-0.28.2/po'
Making all in doc
make[2]: Entering directory '/sources/7.9/vte-0.28.2/doc'
Making all in reference
make[3]: Entering directory '/sources/7.9/vte-0.28.2/doc/reference'
make[3]: Nothing to be done for 'all'.
make[3]: Leaving directory '/sources/7.9/vte-0.28.2/doc/reference'
Making all in openi18n
make[3]: Entering directory '/sources/7.9/vte-0.28.2/doc/openi18n'
  CC     cursor.o
  CCLD   cursor
make[3]: Leaving directory '/sources/7.9/vte-0.28.2/doc/openi18n'
make[3]: Entering directory '/sources/7.9/vte-0.28.2/doc'
make[3]: Nothing to be done for 'all-am'.
make[3]: Leaving directory '/sources/7.9/vte-0.28.2/doc'
make[2]: Leaving directory '/sources/7.9/vte-0.28.2/doc'
Making all in perf
make[2]: Entering directory '/sources/7.9/vte-0.28.2/perf'
make[2]: Nothing to be done for 'all'.
make[2]: Leaving directory '/sources/7.9/vte-0.28.2/perf'
Making all in python
make[2]: Entering directory '/sources/7.9/vte-0.28.2/python'
make[2]: Nothing to be done for 'all'.
make[2]: Leaving directory '/sources/7.9/vte-0.28.2/python'
Making all in gnome-pty-helper
make[2]: Entering directory '/sources/7.9/vte-0.28.2/gnome-pty-helper'
make  all-am
make[3]: Entering directory '/sources/7.9/vte-0.28.2/gnome-pty-helper'
gcc -DHAVE_CONFIG_H -I.     -g -O2 -MT gnome-login-support.o -MD -MP -MF .deps/gnome-login-support.Tpo -c -o gnome-login-support.o gnome-login-support.c
mv -f .deps/gnome-login-support.Tpo .deps/gnome-login-support.Po
gcc -DHAVE_CONFIG_H -I.     -g -O2 -MT gnome-pty-helper.o -MD -MP -MF .deps/gnome-pty-helper.Tpo -c -o gnome-pty-helper.o gnome-pty-helper.c
mv -f .deps/gnome-pty-helper.Tpo .deps/gnome-pty-helper.Po
gcc -DHAVE_CONFIG_H -I.     -g -O2 -MT gnome-utmp.o -MD -MP -MF .deps/gnome-utmp.Tpo -c -o gnome-utmp.o gnome-utmp.c
mv -f .deps/gnome-utmp.Tpo .deps/gnome-utmp.Po
gcc  -g -O2   -o gnome-pty-helper gnome-login-support.o gnome-pty-helper.o gnome-utmp.o  -lutil 
make[3]: Leaving directory '/sources/7.9/vte-0.28.2/gnome-pty-helper'
make[2]: Leaving directory '/sources/7.9/vte-0.28.2/gnome-pty-helper'
make[2]: Entering directory '/sources/7.9/vte-0.28.2'
make[2]: Leaving directory '/sources/7.9/vte-0.28.2'
make[1]: Leaving directory '/sources/7.9/vte-0.28.2'
Making check in src
make[1]: Entering directory '/sources/7.9/vte-0.28.2/src'
make  check-am
make[2]: Entering directory '/sources/7.9/vte-0.28.2/src'
make  dumpkeys iso2022 reaper reflect-text-view reflect-vte mev ssfe table trie xticker vteconv vtetc
make[3]: Entering directory '/sources/7.9/vte-0.28.2/src'
  CC     dumpkeys.o
  CCLD   dumpkeys
  CC     iso2022-caps.o
  CC     iso2022-debug.o
  CC     iso2022-iso2022.o
  CC     iso2022-matcher.o
  CC     iso2022-table.o
  CC     iso2022-trie.o
  CC     iso2022-vteconv.o
  CC     iso2022-vtetc.o
  CC     iso2022-vtetree.o
  CCLD   iso2022
  CC     reaper-reaper.o
  CC     reaper-debug.o
  CC     reaper-marshal.o
  CCLD   reaper
  CC     reflect_text_view-reflect.o
  CCLD   reflect-text-view
  CC     reflect_vte-reflect.o
  CCLD   reflect-vte
  CC     mev.o
  CCLD   mev
  CC     ssfe.o
  CCLD   ssfe
  CC     table-caps.o
  CC     table-debug.o
  CC     table-matcher.o
  CC     table-table.o
  CC     table-trie.o
  CC     table-vteconv.o
  CC     table-vtetc.o
  CCLD   table
  CC     trie-trie.o
  CC     trie-caps.o
  CC     trie-debug.o
  CC     trie-matcher.o
  CC     trie-table.o
  CC     trie-vteconv.o
  CC     trie-vtetc.o
  CCLD   trie
  CC     xticker.o
  CCLD   xticker
  CC     vteconv-debug.o
  CC     vteconv-vteconv.o
  CCLD   vteconv
  CC     vtetc-vtetc.o
  CC     vtetc-debug.o
  CCLD   vtetc
make[3]: Leaving directory '/sources/7.9/vte-0.28.2/src'
make  check-TESTS
make[3]: Entering directory '/sources/7.9/vte-0.28.2/src'
Table contents:

Table matches:
`ABCD' => `ABCD' (4 chars)
`ABCDEF' => `ABCD' (4 chars)
`^[]2;foo^G' => `(NULL)' (2 chars)
`^[]3;foo^G' => `set-icon-title' ("foo") (8 chars)
`^[]3;foo^Gk' => `set-icon-title' ("foo") (8 chars)
`^[[3;foo^G' => `(NULL)' (4 chars)
`^[[3;3m' => `(NULL)' (5 chars)
`^[[3;3mk' => `(NULL)' (5 chars)
`^[[3;3hk' => `move-cursor' (3, 3) (6 chars)
`^[[3;3h' => `move-cursor' (3, 3) (6 chars)
`^[]3;3h' => `' (6 chars)
`^[[3;3k' => `(NULL)' (5 chars)
`^[[3;3kj' => `(NULL)' (5 chars)
`s' => `(NULL)' (0 chars)
PASS: table
Wide encoding is `X-VTE-GUNICHAR'.
abcde = `abcde'
abcdef = `abcdef'
abcdeg = `abcdeg'
abc{char+`A'}eg = `abc%+Aeg'
abc{num+0}eg = `abc%deg'
abc%eg = `abc%%eg'
abc%{num+1}eg = `abc%%%i%deg'
<esc>[{num+1};{num+1}H = `vtmatch'
<esc>[{multinum+1}L = `multimatch'
<esc>[{multinum+0}L<esc>[{multinum+0}L = `greedy'
<esc>]2;{string}h = `decset-title'
Trie has 37 nodes.

`abc' = `'
=> `' (3)
`abcdef' = `abcde'
=> `abcde' (5)
`abcde' = `abcde'
=> `abcde' (5)
`abcdeg' = `abcde'
=> `abcde' (5)
`abc%deg' = `(null)'
=> `(null)' (4)
`abc10eg' = `abc%deg'
=> `abc%deg' (7)
`abc%eg' = `abc%%eg'
=> `abc%%eg' (6)
`abc%10eg' = `abc%%%i%deg'
=> `abc%%%i%deg' (8)
`abcBeg' = `abc%+Aeg'
=> `abc%+Aeg' (6)
`<esc>[25;26H' = `vtmatch'
=> `vtmatch' (12)
`<esc>[25;2' = `'
=> `' (10)
`<esc>[25L' = `multimatch'
=> `multimatch' (9)
`<esc>[25L<esc>[24L' = `multimatch'
=> `multimatch' (9)
`<esc>[25;26L' = `multimatch'
=> `multimatch' (12)
`<esc>]2;WoofWoofh' = `decset-title'
=> `decset-title' (17)
`<esc>]2;WoofWoofh<esc>]2;WoofWoofh' = `decset-title'
=> `decset-title' (17)
`<esc>]2;WoofWoofhfoo' = `decset-title'
=> `decset-title' (17)
PASS: trie
Checking documentation for incorrect syntax
PASS: check-doc-syntax.sh
==================
All 3 tests passed
==================
make[3]: Leaving directory '/sources/7.9/vte-0.28.2/src'
make[2]: Leaving directory '/sources/7.9/vte-0.28.2/src'
make[1]: Leaving directory '/sources/7.9/vte-0.28.2/src'
Making check in termcaps
make[1]: Entering directory '/sources/7.9/vte-0.28.2/termcaps'
make[1]: Nothing to be done for 'check'.
make[1]: Leaving directory '/sources/7.9/vte-0.28.2/termcaps'
Making check in po
make[1]: Entering directory '/sources/7.9/vte-0.28.2/po'
INTLTOOL_EXTRACT=/usr/bin/intltool-extract srcdir=. /usr/bin/intltool-update --gettext-package vte-0.0 --pot
rm -f missing notexist
srcdir=. /usr/bin/intltool-update -m
if [ -r missing -o -r notexist ]; then \
  exit 1; \
fi
make[1]: Leaving directory '/sources/7.9/vte-0.28.2/po'
Making check in doc
make[1]: Entering directory '/sources/7.9/vte-0.28.2/doc'
Making check in reference
make[2]: Entering directory '/sources/7.9/vte-0.28.2/doc/reference'
make[2]: Nothing to be done for 'check'.
make[2]: Leaving directory '/sources/7.9/vte-0.28.2/doc/reference'
Making check in openi18n
make[2]: Entering directory '/sources/7.9/vte-0.28.2/doc/openi18n'
make[2]: Nothing to be done for 'check'.
make[2]: Leaving directory '/sources/7.9/vte-0.28.2/doc/openi18n'
make[2]: Entering directory '/sources/7.9/vte-0.28.2/doc'
make[2]: Nothing to be done for 'check-am'.
make[2]: Leaving directory '/sources/7.9/vte-0.28.2/doc'
make[1]: Leaving directory '/sources/7.9/vte-0.28.2/doc'
Making check in perf
make[1]: Entering directory '/sources/7.9/vte-0.28.2/perf'
make[1]: Nothing to be done for 'check'.
make[1]: Leaving directory '/sources/7.9/vte-0.28.2/perf'
Making check in python
make[1]: Entering directory '/sources/7.9/vte-0.28.2/python'
make[1]: Nothing to be done for 'check'.
make[1]: Leaving directory '/sources/7.9/vte-0.28.2/python'
Making check in gnome-pty-helper
make[1]: Entering directory '/sources/7.9/vte-0.28.2/gnome-pty-helper'
make[1]: Leaving directory '/sources/7.9/vte-0.28.2/gnome-pty-helper'
make[1]: Entering directory '/sources/7.9/vte-0.28.2'
make[1]: Leaving directory '/sources/7.9/vte-0.28.2'
Making install in src
make[1]: Entering directory '/sources/7.9/vte-0.28.2/src'
make  install-am
make[2]: Entering directory '/sources/7.9/vte-0.28.2/src'
make[3]: Entering directory '/sources/7.9/vte-0.28.2/src'
test -z "/usr/lib" || /bin/mkdir -p "/usr/lib"
 /bin/sh ../libtool   --mode=install /usr/bin/install -c   libvte.la '/usr/lib'
libtool: install: /usr/bin/install -c .libs/libvte.so.9.2800.2 /usr/lib/libvte.so.9.2800.2
libtool: install: (cd /usr/lib && { ln -s -f libvte.so.9.2800.2 libvte.so.9 || { rm -f libvte.so.9 && ln -s libvte.so.9.2800.2 libvte.so.9; }; })
libtool: install: (cd /usr/lib && { ln -s -f libvte.so.9.2800.2 libvte.so || { rm -f libvte.so && ln -s libvte.so.9.2800.2 libvte.so; }; })
libtool: install: /usr/bin/install -c .libs/libvte.lai /usr/lib/libvte.la
libtool: finish: PATH="/bin:/usr/ucb:/usr/bin:/usr/sbin:/sbin:/usr/etc:/etc:/sbin" ldconfig -n /usr/lib
----------------------------------------------------------------------
Libraries have been installed in:
   /usr/lib

If you ever happen to want to link against installed libraries
in a given directory, LIBDIR, you must either use libtool, and
specify the full pathname of the library, or use the `-LLIBDIR'
flag during linking and do at least one of the following:
   - add LIBDIR to the `LD_LIBRARY_PATH' environment variable
     during execution
   - add LIBDIR to the `LD_RUN_PATH' environment variable
     during linking
   - use the `-Wl,-rpath -Wl,LIBDIR' linker flag
   - have your system administrator add LIBDIR to `/etc/ld.so.conf'

See any operating system documentation about shared libraries for
more information, such as the ld(1) and ld.so(8) manual pages.
----------------------------------------------------------------------
test -z "/usr/bin" || /bin/mkdir -p "/usr/bin"
  /bin/sh ../libtool   --mode=install /usr/bin/install -c vte '/usr/bin'
libtool: install: /usr/bin/install -c .libs/vte /usr/bin/vte
test -z "/usr/include/vte-0.0/vte" || /bin/mkdir -p "/usr/include/vte-0.0/vte"
 /usr/bin/install -c -m 644 pty.h reaper.h vte.h vteaccess.h vtepty.h vtetypebuiltins.h vteversion.h vtedeprecated.h '/usr/include/vte-0.0/vte'
test -z "" || /bin/mkdir -p ""
test -z "" || /bin/mkdir -p ""
make[3]: Leaving directory '/sources/7.9/vte-0.28.2/src'
make[2]: Leaving directory '/sources/7.9/vte-0.28.2/src'
make[1]: Leaving directory '/sources/7.9/vte-0.28.2/src'
Making install in termcaps
make[1]: Entering directory '/sources/7.9/vte-0.28.2/termcaps'
make[2]: Entering directory '/sources/7.9/vte-0.28.2/termcaps'
make[2]: Nothing to be done for 'install-exec-am'.
test -z "/usr/share/vte/termcap-0.0" || /bin/mkdir -p "/usr/share/vte/termcap-0.0"
 /usr/bin/install -c -m 644 xterm '/usr/share/vte/termcap-0.0'
make[2]: Leaving directory '/sources/7.9/vte-0.28.2/termcaps'
make[1]: Leaving directory '/sources/7.9/vte-0.28.2/termcaps'
Making install in po
make[1]: Entering directory '/sources/7.9/vte-0.28.2/po'
linguas="am ang ar as ast az be be@latin bg bn bn_IN bs ca ca@valencia cs cy da de dz el en_CA en_GB en@shaw eo es et eu fa fi fr ga gl gu he hi hr hu id is it ja ka kn ko ku ky li lt lv mai mi mk ml mn mr ms nb nds ne nl nn oc or pa pl pt pt_BR ro ru rw si sk sl sq sr sr@latin sv ta te th tr ug uk vi wa xh zh_CN zh_HK zh_TW "; \
for lang in $linguas; do \
  dir=/usr/share/locale/$lang/LC_MESSAGES; \
  /bin/sh /sources/7.9/vte-0.28.2/install-sh -d $dir; \
  if test -r $lang.gmo; then \
    /usr/bin/install -c -m 644 $lang.gmo $dir/vte-0.0.mo; \
    echo "installing $lang.gmo as $dir/vte-0.0.mo"; \
  else \
    /usr/bin/install -c -m 644 ./$lang.gmo $dir/vte-0.0.mo; \
    echo "installing ./$lang.gmo as" \
	 "$dir/vte-0.0.mo"; \
  fi; \
  if test -r $lang.gmo.m; then \
    /usr/bin/install -c -m 644 $lang.gmo.m $dir/vte-0.0.mo.m; \
    echo "installing $lang.gmo.m as $dir/vte-0.0.mo.m"; \
  else \
    if test -r ./$lang.gmo.m ; then \
      /usr/bin/install -c -m 644 ./$lang.gmo.m \
	$dir/vte-0.0.mo.m; \
      echo "installing ./$lang.gmo.m as" \
	   "$dir/vte-0.0.mo.m"; \
    else \
      true; \
    fi; \
  fi; \
done
installing am.gmo as /usr/share/locale/am/LC_MESSAGES/vte-0.0.mo
installing ang.gmo as /usr/share/locale/ang/LC_MESSAGES/vte-0.0.mo
installing ar.gmo as /usr/share/locale/ar/LC_MESSAGES/vte-0.0.mo
installing as.gmo as /usr/share/locale/as/LC_MESSAGES/vte-0.0.mo
installing ast.gmo as /usr/share/locale/ast/LC_MESSAGES/vte-0.0.mo
installing az.gmo as /usr/share/locale/az/LC_MESSAGES/vte-0.0.mo
installing be.gmo as /usr/share/locale/be/LC_MESSAGES/vte-0.0.mo
installing be@latin.gmo as /usr/share/locale/be@latin/LC_MESSAGES/vte-0.0.mo
installing bg.gmo as /usr/share/locale/bg/LC_MESSAGES/vte-0.0.mo
installing bn.gmo as /usr/share/locale/bn/LC_MESSAGES/vte-0.0.mo
installing bn_IN.gmo as /usr/share/locale/bn_IN/LC_MESSAGES/vte-0.0.mo
installing bs.gmo as /usr/share/locale/bs/LC_MESSAGES/vte-0.0.mo
installing ca.gmo as /usr/share/locale/ca/LC_MESSAGES/vte-0.0.mo
installing ca@valencia.gmo as /usr/share/locale/ca@valencia/LC_MESSAGES/vte-0.0.mo
installing cs.gmo as /usr/share/locale/cs/LC_MESSAGES/vte-0.0.mo
installing cy.gmo as /usr/share/locale/cy/LC_MESSAGES/vte-0.0.mo
installing da.gmo as /usr/share/locale/da/LC_MESSAGES/vte-0.0.mo
installing de.gmo as /usr/share/locale/de/LC_MESSAGES/vte-0.0.mo
installing dz.gmo as /usr/share/locale/dz/LC_MESSAGES/vte-0.0.mo
installing el.gmo as /usr/share/locale/el/LC_MESSAGES/vte-0.0.mo
installing en_CA.gmo as /usr/share/locale/en_CA/LC_MESSAGES/vte-0.0.mo
installing en_GB.gmo as /usr/share/locale/en_GB/LC_MESSAGES/vte-0.0.mo
installing en@shaw.gmo as /usr/share/locale/en@shaw/LC_MESSAGES/vte-0.0.mo
installing eo.gmo as /usr/share/locale/eo/LC_MESSAGES/vte-0.0.mo
installing es.gmo as /usr/share/locale/es/LC_MESSAGES/vte-0.0.mo
installing et.gmo as /usr/share/locale/et/LC_MESSAGES/vte-0.0.mo
installing eu.gmo as /usr/share/locale/eu/LC_MESSAGES/vte-0.0.mo
installing fa.gmo as /usr/share/locale/fa/LC_MESSAGES/vte-0.0.mo
installing fi.gmo as /usr/share/locale/fi/LC_MESSAGES/vte-0.0.mo
installing fr.gmo as /usr/share/locale/fr/LC_MESSAGES/vte-0.0.mo
installing ga.gmo as /usr/share/locale/ga/LC_MESSAGES/vte-0.0.mo
installing gl.gmo as /usr/share/locale/gl/LC_MESSAGES/vte-0.0.mo
installing gu.gmo as /usr/share/locale/gu/LC_MESSAGES/vte-0.0.mo
installing he.gmo as /usr/share/locale/he/LC_MESSAGES/vte-0.0.mo
installing hi.gmo as /usr/share/locale/hi/LC_MESSAGES/vte-0.0.mo
installing hr.gmo as /usr/share/locale/hr/LC_MESSAGES/vte-0.0.mo
installing hu.gmo as /usr/share/locale/hu/LC_MESSAGES/vte-0.0.mo
installing id.gmo as /usr/share/locale/id/LC_MESSAGES/vte-0.0.mo
installing is.gmo as /usr/share/locale/is/LC_MESSAGES/vte-0.0.mo
installing it.gmo as /usr/share/locale/it/LC_MESSAGES/vte-0.0.mo
installing ja.gmo as /usr/share/locale/ja/LC_MESSAGES/vte-0.0.mo
installing ka.gmo as /usr/share/locale/ka/LC_MESSAGES/vte-0.0.mo
installing kn.gmo as /usr/share/locale/kn/LC_MESSAGES/vte-0.0.mo
installing ko.gmo as /usr/share/locale/ko/LC_MESSAGES/vte-0.0.mo
installing ku.gmo as /usr/share/locale/ku/LC_MESSAGES/vte-0.0.mo
installing ky.gmo as /usr/share/locale/ky/LC_MESSAGES/vte-0.0.mo
installing li.gmo as /usr/share/locale/li/LC_MESSAGES/vte-0.0.mo
installing lt.gmo as /usr/share/locale/lt/LC_MESSAGES/vte-0.0.mo
installing lv.gmo as /usr/share/locale/lv/LC_MESSAGES/vte-0.0.mo
installing mai.gmo as /usr/share/locale/mai/LC_MESSAGES/vte-0.0.mo
installing mi.gmo as /usr/share/locale/mi/LC_MESSAGES/vte-0.0.mo
installing mk.gmo as /usr/share/locale/mk/LC_MESSAGES/vte-0.0.mo
installing ml.gmo as /usr/share/locale/ml/LC_MESSAGES/vte-0.0.mo
installing mn.gmo as /usr/share/locale/mn/LC_MESSAGES/vte-0.0.mo
installing mr.gmo as /usr/share/locale/mr/LC_MESSAGES/vte-0.0.mo
installing ms.gmo as /usr/share/locale/ms/LC_MESSAGES/vte-0.0.mo
installing nb.gmo as /usr/share/locale/nb/LC_MESSAGES/vte-0.0.mo
installing nds.gmo as /usr/share/locale/nds/LC_MESSAGES/vte-0.0.mo
installing ne.gmo as /usr/share/locale/ne/LC_MESSAGES/vte-0.0.mo
installing nl.gmo as /usr/share/locale/nl/LC_MESSAGES/vte-0.0.mo
installing nn.gmo as /usr/share/locale/nn/LC_MESSAGES/vte-0.0.mo
installing oc.gmo as /usr/share/locale/oc/LC_MESSAGES/vte-0.0.mo
installing or.gmo as /usr/share/locale/or/LC_MESSAGES/vte-0.0.mo
installing pa.gmo as /usr/share/locale/pa/LC_MESSAGES/vte-0.0.mo
installing pl.gmo as /usr/share/locale/pl/LC_MESSAGES/vte-0.0.mo
installing pt.gmo as /usr/share/locale/pt/LC_MESSAGES/vte-0.0.mo
installing pt_BR.gmo as /usr/share/locale/pt_BR/LC_MESSAGES/vte-0.0.mo
installing ro.gmo as /usr/share/locale/ro/LC_MESSAGES/vte-0.0.mo
installing ru.gmo as /usr/share/locale/ru/LC_MESSAGES/vte-0.0.mo
installing rw.gmo as /usr/share/locale/rw/LC_MESSAGES/vte-0.0.mo
installing si.gmo as /usr/share/locale/si/LC_MESSAGES/vte-0.0.mo
installing sk.gmo as /usr/share/locale/sk/LC_MESSAGES/vte-0.0.mo
installing sl.gmo as /usr/share/locale/sl/LC_MESSAGES/vte-0.0.mo
installing sq.gmo as /usr/share/locale/sq/LC_MESSAGES/vte-0.0.mo
installing sr.gmo as /usr/share/locale/sr/LC_MESSAGES/vte-0.0.mo
installing sr@latin.gmo as /usr/share/locale/sr@latin/LC_MESSAGES/vte-0.0.mo
installing sv.gmo as /usr/share/locale/sv/LC_MESSAGES/vte-0.0.mo
installing ta.gmo as /usr/share/locale/ta/LC_MESSAGES/vte-0.0.mo
installing te.gmo as /usr/share/locale/te/LC_MESSAGES/vte-0.0.mo
installing th.gmo as /usr/share/locale/th/LC_MESSAGES/vte-0.0.mo
installing tr.gmo as /usr/share/locale/tr/LC_MESSAGES/vte-0.0.mo
installing ug.gmo as /usr/share/locale/ug/LC_MESSAGES/vte-0.0.mo
installing uk.gmo as /usr/share/locale/uk/LC_MESSAGES/vte-0.0.mo
installing vi.gmo as /usr/share/locale/vi/LC_MESSAGES/vte-0.0.mo
installing wa.gmo as /usr/share/locale/wa/LC_MESSAGES/vte-0.0.mo
installing xh.gmo as /usr/share/locale/xh/LC_MESSAGES/vte-0.0.mo
installing zh_CN.gmo as /usr/share/locale/zh_CN/LC_MESSAGES/vte-0.0.mo
installing zh_HK.gmo as /usr/share/locale/zh_HK/LC_MESSAGES/vte-0.0.mo
installing zh_TW.gmo as /usr/share/locale/zh_TW/LC_MESSAGES/vte-0.0.mo
make[1]: Leaving directory '/sources/7.9/vte-0.28.2/po'
Making install in doc
make[1]: Entering directory '/sources/7.9/vte-0.28.2/doc'
Making install in reference
make[2]: Entering directory '/sources/7.9/vte-0.28.2/doc/reference'
make[3]: Entering directory '/sources/7.9/vte-0.28.2/doc/reference'
make[3]: Nothing to be done for 'install-exec-am'.
mkdir -p -- /usr/share/gtk-doc/html/vte-0.0
-- Installing ./html/annotation-glossary.html
-- Installing ./html/api-index-0-20.html
-- Installing ./html/api-index-0-24.html
-- Installing ./html/api-index-0-26.html
-- Installing ./html/api-index-0-28.html
-- Installing ./html/api-index-deprecated.html
-- Installing ./html/api-index-full.html
-- Installing ./html/ch01.html
-- Installing ./html/ch02.html
-- Installing ./html/ch03.html
-- Installing ./html/deprecated-objects.html
-- Installing ./html/home.png
-- Installing ./html/index.html
-- Installing ./html/index.sgml
-- Installing ./html/internal-objects.html
-- Installing ./html/left.png
-- Installing ./html/licence.html
-- Installing ./html/object-hierarchy.html
-- Installing ./html/pt01.html
-- Installing ./html/right.png
-- Installing ./html/style.css
-- Installing ./html/up.png
-- Installing ./html/vte.devhelp
-- Installing ./html/vte.devhelp2
-- Installing ./html/VteReaper.html
-- Installing ./html/VteTerminalAccessible.html
-- Installing ./html/VteTerminal.html
-- Installing ./html/vte-Version-Information.html
-- Installing ./html/vte-Vte-PTY.html
make[3]: Leaving directory '/sources/7.9/vte-0.28.2/doc/reference'
make[2]: Leaving directory '/sources/7.9/vte-0.28.2/doc/reference'
Making install in openi18n
make[2]: Entering directory '/sources/7.9/vte-0.28.2/doc/openi18n'
make[3]: Entering directory '/sources/7.9/vte-0.28.2/doc/openi18n'
make[3]: Nothing to be done for 'install-exec-am'.
make[3]: Nothing to be done for 'install-data-am'.
make[3]: Leaving directory '/sources/7.9/vte-0.28.2/doc/openi18n'
make[2]: Leaving directory '/sources/7.9/vte-0.28.2/doc/openi18n'
make[2]: Entering directory '/sources/7.9/vte-0.28.2/doc'
make[3]: Entering directory '/sources/7.9/vte-0.28.2/doc'
make[3]: Nothing to be done for 'install-exec-am'.
make[3]: Nothing to be done for 'install-data-am'.
make[3]: Leaving directory '/sources/7.9/vte-0.28.2/doc'
make[2]: Leaving directory '/sources/7.9/vte-0.28.2/doc'
make[1]: Leaving directory '/sources/7.9/vte-0.28.2/doc'
Making install in perf
make[1]: Entering directory '/sources/7.9/vte-0.28.2/perf'
make[2]: Entering directory '/sources/7.9/vte-0.28.2/perf'
make[2]: Nothing to be done for 'install-exec-am'.
make[2]: Nothing to be done for 'install-data-am'.
make[2]: Leaving directory '/sources/7.9/vte-0.28.2/perf'
make[1]: Leaving directory '/sources/7.9/vte-0.28.2/perf'
Making install in python
make[1]: Entering directory '/sources/7.9/vte-0.28.2/python'
make[2]: Entering directory '/sources/7.9/vte-0.28.2/python'
test -z "" || /bin/mkdir -p ""
test -z "" || /bin/mkdir -p ""
test -z "" || /bin/mkdir -p ""
make[2]: Leaving directory '/sources/7.9/vte-0.28.2/python'
make[1]: Leaving directory '/sources/7.9/vte-0.28.2/python'
Making install in gnome-pty-helper
make[1]: Entering directory '/sources/7.9/vte-0.28.2/gnome-pty-helper'
make[2]: Entering directory '/sources/7.9/vte-0.28.2/gnome-pty-helper'
test -z "/usr/lib/vte" || /bin/mkdir -p "/usr/lib/vte"
  /usr/bin/install -c gnome-pty-helper '/usr/lib/vte'
make  install-exec-hook
make[3]: Entering directory '/sources/7.9/vte-0.28.2/gnome-pty-helper'
chown root.utmp /usr/lib/vte/gnome-pty-helper || true
chmod g+s       /usr/lib/vte/gnome-pty-helper || true
make[3]: Leaving directory '/sources/7.9/vte-0.28.2/gnome-pty-helper'
make[2]: Nothing to be done for 'install-data-am'.
make[2]: Leaving directory '/sources/7.9/vte-0.28.2/gnome-pty-helper'
make[1]: Leaving directory '/sources/7.9/vte-0.28.2/gnome-pty-helper'
make[1]: Entering directory '/sources/7.9/vte-0.28.2'
make[2]: Entering directory '/sources/7.9/vte-0.28.2'
make[2]: Nothing to be done for 'install-exec-am'.
test -z "/usr/lib/pkgconfig" || /bin/mkdir -p "/usr/lib/pkgconfig"
 /usr/bin/install -c -m 644 vte.pc '/usr/lib/pkgconfig'
make[2]: Leaving directory '/sources/7.9/vte-0.28.2'
make[1]: Leaving directory '/sources/7.9/vte-0.28.2'
