checking for a BSD-compatible install... /usr/bin/install -c
checking whether build environment is sane... yes
checking for a thread-safe mkdir -p... /bin/mkdir -p
checking for gawk... gawk
checking whether make sets $(MAKE)... yes
checking whether make supports nested variables... yes
checking whether UID '1000' is supported by ustar format... yes
checking whether GID '1000' is supported by ustar format... yes
checking how to create a ustar tar archive... gnutar
checking whether to enable maintainer-specific portions of Makefiles... yes
checking whether make supports nested variables... (cached) yes
checking whether NLS is requested... yes
checking for intltool >= 0.40.0... 0.51.0 found
checking for intltool-update... /usr/bin/intltool-update
checking for intltool-merge... /usr/bin/intltool-merge
checking for intltool-extract... /usr/bin/intltool-extract
checking for xgettext... /usr/bin/xgettext
checking for msgmerge... /usr/bin/msgmerge
checking for msgfmt... /usr/bin/msgfmt
checking for gmsgfmt... /usr/bin/msgfmt
checking for perl... /usr/bin/perl
checking for perl >= 5.8.1... 5.22.1
checking for XML::Parser... ok
checking for msgfmt... (cached) /usr/bin/msgfmt
checking for gmsgfmt... (cached) /usr/bin/msgfmt
checking for xgettext... (cached) /usr/bin/xgettext
checking for msgmerge... (cached) /usr/bin/msgmerge
checking for style of include used by make... GNU
checking for gcc... gcc
checking whether the C compiler works... yes
checking for C compiler default output file name... a.out
checking for suffix of executables... 
checking whether we are cross compiling... no
checking for suffix of object files... o
checking whether we are using the GNU C compiler... yes
checking whether gcc accepts -g... yes
checking for gcc option to accept ISO C89... none needed
checking whether gcc understands -c and -o together... yes
checking dependency style of gcc... gcc3
checking build system type... x86_64-unknown-linux-gnu
checking host system type... x86_64-unknown-linux-gnu
checking for ld used by GCC... /usr/bin/ld
checking if the linker (/usr/bin/ld) is GNU ld... yes
checking for shared library run path origin... done
checking for CFPreferencesCopyAppValue... no
checking for CFLocaleCopyCurrent... no
checking for GNU gettext in libc... yes
checking whether to use NLS... yes
checking where the gettext function comes from... libc
checking for gcc... (cached) gcc
checking whether we are using the GNU C compiler... (cached) yes
checking whether gcc accepts -g... (cached) yes
checking for gcc option to accept ISO C89... (cached) none needed
checking whether gcc understands -c and -o together... (cached) yes
checking dependency style of gcc... (cached) gcc3
checking whether make sets $(MAKE)... (cached) yes
checking for valac... /usr/bin/valac
checking whether /usr/bin/valac is at least version 0.25.1... yes
checking for pkg-config... /usr/bin/pkg-config
checking pkg-config is at least version 0.22... yes
checking for pkg-config... (cached) /usr/bin/pkg-config
checking pkg-config is at least version 0.16... yes
checking for glib-compile-resources... /usr/bin/glib-compile-resources
checking whether ln -s works... yes
checking for itstool... itstool
checking for xmllint... xmllint
checking for BAOBAB... yes
checking that generated files are newer than configure... done
configure: creating ./config.status
config.status: creating Makefile
config.status: creating data/Makefile
config.status: creating data/org.gnome.baobab.gschema.xml.in
config.status: creating help/Makefile
config.status: creating pixmaps/Makefile
config.status: creating src/Makefile
config.status: creating po/Makefile.in
config.status: creating config.h
config.status: executing po-directories commands
config.status: creating po/POTFILES
config.status: creating po/Makefile
config.status: executing depfiles commands
config.status: executing po/stamp-it commands

    Baobab 3.18.1

    prefix: /usr
    Vala compiler: /usr/bin/valac
    C compiler: gcc

    Now type 'make' to build baobab

make  all-recursive
make[1]: Entering directory '/sources/7.9/baobab-3.18.1'
Making all in src
make[2]: Entering directory '/sources/7.9/baobab-3.18.1/src'
make  all-am
make[3]: Entering directory '/sources/7.9/baobab-3.18.1/src'
  CC       baobab-application.o
  CC       baobab-cellrenderers.o
  CC       baobab-chart.o
  CC       baobab-treemap.o
  CC       baobab-ringschart.o
  CC       baobab-location.o
  CC       baobab-location-list.o
  CC       baobab-scanner.o
  CC       baobab-window.o
  CC       main.o
  CC       baobab-resources.o
  CCLD     baobab
make[3]: Leaving directory '/sources/7.9/baobab-3.18.1/src'
make[2]: Leaving directory '/sources/7.9/baobab-3.18.1/src'
Making all in data
make[2]: Entering directory '/sources/7.9/baobab-3.18.1/data'
  ITMRG  org.gnome.baobab.appdata.xml
sed -e "s|\@VERSION\@|3.18.1|" org.gnome.baobab.desktop.in.in > org.gnome.baobab.desktop.in
  ITMRG  org.gnome.baobab.desktop
  GEN      org.gnome.baobab.service
  ITMRG  org.gnome.baobab.gschema.xml
  GEN      org.gnome.baobab.gschema.valid
make[2]: Leaving directory '/sources/7.9/baobab-3.18.1/data'
Making all in pixmaps
make[2]: Entering directory '/sources/7.9/baobab-3.18.1/pixmaps'
make[2]: Nothing to be done for 'all'.
make[2]: Leaving directory '/sources/7.9/baobab-3.18.1/pixmaps'
Making all in help
make[2]: Entering directory '/sources/7.9/baobab-3.18.1/help'
  GEN      ca/ca.mo
  GEN    ca/
  GEN      cs/cs.mo
  GEN    cs/
  GEN      de/de.mo
  GEN    de/
  GEN      el/el.mo
  GEN    el/
  GEN      es/es.mo
  GEN    es/
  GEN      fi/fi.mo
  GEN    fi/
  GEN      fr/fr.mo
  GEN    fr/
  GEN      gl/gl.mo
  GEN    gl/
  GEN      hu/hu.mo
  GEN    hu/
  GEN      id/id.mo
  GEN    id/
  GEN      it/it.mo
  GEN    it/
  GEN      pt_BR/pt_BR.mo
  GEN    pt_BR/
  GEN      ru/ru.mo
  GEN    ru/
  GEN      sl/sl.mo
  GEN    sl/
  GEN      zh_CN/zh_CN.mo
  GEN    zh_CN/
make[2]: Leaving directory '/sources/7.9/baobab-3.18.1/help'
Making all in po
make[2]: Entering directory '/sources/7.9/baobab-3.18.1/po'
  MSGFMT af.gmo
  MSGFMT am.gmo
  MSGFMT an.gmo
  MSGFMT ar.gmo
  MSGFMT as.gmo
  MSGFMT ast.gmo
  MSGFMT az.gmo
  MSGFMT be.gmo
  MSGFMT be@latin.gmo
  MSGFMT bg.gmo
  MSGFMT bn.gmo
  MSGFMT bn_IN.gmo
  MSGFMT br.gmo
  MSGFMT bs.gmo
  MSGFMT ca.gmo
  MSGFMT ca@valencia.gmo
  MSGFMT crh.gmo
  MSGFMT cs.gmo
  MSGFMT cy.gmo
  MSGFMT da.gmo
  MSGFMT de.gmo
  MSGFMT dz.gmo
  MSGFMT el.gmo
  MSGFMT en_CA.gmo
  MSGFMT en_GB.gmo
  MSGFMT en@shaw.gmo
  MSGFMT eo.gmo
  MSGFMT es.gmo
  MSGFMT et.gmo
  MSGFMT eu.gmo
  MSGFMT fa.gmo
  MSGFMT fi.gmo
  MSGFMT fr.gmo
  MSGFMT fur.gmo
  MSGFMT ga.gmo
  MSGFMT gd.gmo
  MSGFMT gl.gmo
  MSGFMT gu.gmo
  MSGFMT he.gmo
  MSGFMT hi.gmo
  MSGFMT hr.gmo
  MSGFMT hu.gmo
  MSGFMT id.gmo
  MSGFMT is.gmo
  MSGFMT it.gmo
  MSGFMT ja.gmo
  MSGFMT ka.gmo
  MSGFMT kk.gmo
  MSGFMT km.gmo
  MSGFMT kn.gmo
  MSGFMT ko.gmo
  MSGFMT ku.gmo
  MSGFMT lt.gmo
  MSGFMT lv.gmo
  MSGFMT mai.gmo
  MSGFMT mg.gmo
  MSGFMT mk.gmo
  MSGFMT ml.gmo
  MSGFMT mn.gmo
  MSGFMT mr.gmo
  MSGFMT ms.gmo
  MSGFMT nb.gmo
  MSGFMT nds.gmo
  MSGFMT ne.gmo
  MSGFMT nl.gmo
  MSGFMT nn.gmo
  MSGFMT oc.gmo
  MSGFMT or.gmo
  MSGFMT pa.gmo
  MSGFMT pl.gmo
  MSGFMT ps.gmo
  MSGFMT pt.gmo
  MSGFMT pt_BR.gmo
  MSGFMT ro.gmo
  MSGFMT ru.gmo
  MSGFMT rw.gmo
  MSGFMT si.gmo
  MSGFMT sk.gmo
  MSGFMT sl.gmo
  MSGFMT sq.gmo
  MSGFMT sr.gmo
  MSGFMT sr@latin.gmo
  MSGFMT sv.gmo
  MSGFMT ta.gmo
  MSGFMT te.gmo
  MSGFMT tg.gmo
  MSGFMT th.gmo
  MSGFMT tr.gmo
  MSGFMT ug.gmo
  MSGFMT uk.gmo
  MSGFMT vi.gmo
  MSGFMT wa.gmo
  MSGFMT xh.gmo
  MSGFMT zh_CN.gmo
  MSGFMT zh_HK.gmo
  MSGFMT zh_TW.gmo
make[2]: Leaving directory '/sources/7.9/baobab-3.18.1/po'
make[2]: Entering directory '/sources/7.9/baobab-3.18.1'
make[2]: Leaving directory '/sources/7.9/baobab-3.18.1'
make[1]: Leaving directory '/sources/7.9/baobab-3.18.1'
Making install in src
make[1]: Entering directory '/sources/7.9/baobab-3.18.1/src'
make  install-am
make[2]: Entering directory '/sources/7.9/baobab-3.18.1/src'
make[3]: Entering directory '/sources/7.9/baobab-3.18.1/src'
 /bin/mkdir -p '/usr/bin'
  /usr/bin/install -c baobab '/usr/bin'
make[3]: Nothing to be done for 'install-data-am'.
make[3]: Leaving directory '/sources/7.9/baobab-3.18.1/src'
make[2]: Leaving directory '/sources/7.9/baobab-3.18.1/src'
make[1]: Leaving directory '/sources/7.9/baobab-3.18.1/src'
Making install in data
make[1]: Entering directory '/sources/7.9/baobab-3.18.1/data'
make[2]: Entering directory '/sources/7.9/baobab-3.18.1/data'
make[2]: Nothing to be done for 'install-exec-am'.
 /bin/mkdir -p '/usr/share/appdata'
 /usr/bin/install -c -m 644 org.gnome.baobab.appdata.xml '/usr/share/appdata'
 /bin/mkdir -p '/usr/share/applications'
 /usr/bin/install -c -m 644 org.gnome.baobab.desktop '/usr/share/applications'
 /bin/mkdir -p '/usr/share/dbus-1/services'
 /usr/bin/install -c -m 644 org.gnome.baobab.service '/usr/share/dbus-1/services'
 /bin/mkdir -p '/usr/share/man/man1'
 /usr/bin/install -c -m 644 baobab.1 '/usr/share/man/man1'
if test -n "org.gnome.baobab.gschema.xml"; then \
	test -z "/usr/share/glib-2.0/schemas" || /bin/mkdir -p "/usr/share/glib-2.0/schemas"; \
	/usr/bin/install -c -m 644 org.gnome.baobab.gschema.xml "/usr/share/glib-2.0/schemas"; \
	test -n "" || glib-compile-schemas /usr/share/glib-2.0/schemas; \
fi
make[2]: Leaving directory '/sources/7.9/baobab-3.18.1/data'
make[1]: Leaving directory '/sources/7.9/baobab-3.18.1/data'
Making install in pixmaps
make[1]: Entering directory '/sources/7.9/baobab-3.18.1/pixmaps'
make[2]: Entering directory '/sources/7.9/baobab-3.18.1/pixmaps'
make[2]: Nothing to be done for 'install-exec-am'.
for icon in hicolor_apps_16x16_baobab.png hicolor_apps_22x22_baobab.png hicolor_apps_24x24_baobab.png hicolor_apps_32x32_baobab.png hicolor_apps_48x48_baobab.png hicolor_apps_256x256_baobab.png hicolor_apps_scalable_baobab-symbolic.svg ; do \
	THEME=`echo $icon | cut -d_ -f1`; \
	CONTEXT=`echo $icon | cut -d_ -f2`; \
	SIZE=`echo $icon | cut -d_ -f3`; \
	ICONFILE=`echo $icon | cut -d_ -f4`; \
	mkdir -p /usr/share/icons/$THEME/$SIZE/$CONTEXT; \
	/usr/bin/install -c -m 644 ./$icon /usr/share/icons/$THEME/$SIZE/$CONTEXT/$ICONFILE; \
done
make  install-data-hook
make[3]: Entering directory '/sources/7.9/baobab-3.18.1/pixmaps'
Updating Gtk icon cache.
make[3]: Leaving directory '/sources/7.9/baobab-3.18.1/pixmaps'
make[2]: Leaving directory '/sources/7.9/baobab-3.18.1/pixmaps'
make[1]: Leaving directory '/sources/7.9/baobab-3.18.1/pixmaps'
Making install in help
make[1]: Entering directory '/sources/7.9/baobab-3.18.1/help'
make[2]: Entering directory '/sources/7.9/baobab-3.18.1/help'
make[2]: Nothing to be done for 'install-exec-am'.
/usr/bin/install -c -m 644 C/index.page /usr/share/help/C/baobab/index.page
/usr/bin/install -c -m 644 C/introduction.page /usr/share/help/C/baobab/introduction.page
/usr/bin/install -c -m 644 C/legal.xml /usr/share/help/C/baobab/legal.xml
/usr/bin/install -c -m 644 C/pref-view-chart.page /usr/share/help/C/baobab/pref-view-chart.page
/usr/bin/install -c -m 644 C/problem-permissions.page /usr/share/help/C/baobab/problem-permissions.page
/usr/bin/install -c -m 644 C/problem-slow-scan.page /usr/share/help/C/baobab/problem-slow-scan.page
/usr/bin/install -c -m 644 C/question-open-folder.page /usr/share/help/C/baobab/question-open-folder.page
/usr/bin/install -c -m 644 C/question-trash.page /usr/share/help/C/baobab/question-trash.page
/usr/bin/install -c -m 644 C/scan-file-system.page /usr/share/help/C/baobab/scan-file-system.page
/usr/bin/install -c -m 644 C/scan-folder.page /usr/share/help/C/baobab/scan-folder.page
/usr/bin/install -c -m 644 C/scan-home.page /usr/share/help/C/baobab/scan-home.page
/usr/bin/install -c -m 644 C/scan-remote.page /usr/share/help/C/baobab/scan-remote.page
/usr/bin/install -c -m 644 ca/index.page /usr/share/help/ca/baobab/index.page
/usr/bin/install -c -m 644 ca/introduction.page /usr/share/help/ca/baobab/introduction.page
/usr/bin/install -c -m 644 ca/legal.xml /usr/share/help/ca/baobab/legal.xml
/usr/bin/install -c -m 644 ca/pref-view-chart.page /usr/share/help/ca/baobab/pref-view-chart.page
/usr/bin/install -c -m 644 ca/problem-permissions.page /usr/share/help/ca/baobab/problem-permissions.page
/usr/bin/install -c -m 644 ca/problem-slow-scan.page /usr/share/help/ca/baobab/problem-slow-scan.page
/usr/bin/install -c -m 644 ca/question-open-folder.page /usr/share/help/ca/baobab/question-open-folder.page
/usr/bin/install -c -m 644 ca/question-trash.page /usr/share/help/ca/baobab/question-trash.page
/usr/bin/install -c -m 644 ca/scan-file-system.page /usr/share/help/ca/baobab/scan-file-system.page
/usr/bin/install -c -m 644 ca/scan-folder.page /usr/share/help/ca/baobab/scan-folder.page
/usr/bin/install -c -m 644 ca/scan-home.page /usr/share/help/ca/baobab/scan-home.page
/usr/bin/install -c -m 644 ca/scan-remote.page /usr/share/help/ca/baobab/scan-remote.page
/usr/bin/install -c -m 644 cs/index.page /usr/share/help/cs/baobab/index.page
/usr/bin/install -c -m 644 cs/introduction.page /usr/share/help/cs/baobab/introduction.page
/usr/bin/install -c -m 644 cs/legal.xml /usr/share/help/cs/baobab/legal.xml
/usr/bin/install -c -m 644 cs/pref-view-chart.page /usr/share/help/cs/baobab/pref-view-chart.page
/usr/bin/install -c -m 644 cs/problem-permissions.page /usr/share/help/cs/baobab/problem-permissions.page
/usr/bin/install -c -m 644 cs/problem-slow-scan.page /usr/share/help/cs/baobab/problem-slow-scan.page
/usr/bin/install -c -m 644 cs/question-open-folder.page /usr/share/help/cs/baobab/question-open-folder.page
/usr/bin/install -c -m 644 cs/question-trash.page /usr/share/help/cs/baobab/question-trash.page
/usr/bin/install -c -m 644 cs/scan-file-system.page /usr/share/help/cs/baobab/scan-file-system.page
/usr/bin/install -c -m 644 cs/scan-folder.page /usr/share/help/cs/baobab/scan-folder.page
/usr/bin/install -c -m 644 cs/scan-home.page /usr/share/help/cs/baobab/scan-home.page
/usr/bin/install -c -m 644 cs/scan-remote.page /usr/share/help/cs/baobab/scan-remote.page
/usr/bin/install -c -m 644 de/index.page /usr/share/help/de/baobab/index.page
/usr/bin/install -c -m 644 de/introduction.page /usr/share/help/de/baobab/introduction.page
/usr/bin/install -c -m 644 de/legal.xml /usr/share/help/de/baobab/legal.xml
/usr/bin/install -c -m 644 de/pref-view-chart.page /usr/share/help/de/baobab/pref-view-chart.page
/usr/bin/install -c -m 644 de/problem-permissions.page /usr/share/help/de/baobab/problem-permissions.page
/usr/bin/install -c -m 644 de/problem-slow-scan.page /usr/share/help/de/baobab/problem-slow-scan.page
/usr/bin/install -c -m 644 de/question-open-folder.page /usr/share/help/de/baobab/question-open-folder.page
/usr/bin/install -c -m 644 de/question-trash.page /usr/share/help/de/baobab/question-trash.page
/usr/bin/install -c -m 644 de/scan-file-system.page /usr/share/help/de/baobab/scan-file-system.page
/usr/bin/install -c -m 644 de/scan-folder.page /usr/share/help/de/baobab/scan-folder.page
/usr/bin/install -c -m 644 de/scan-home.page /usr/share/help/de/baobab/scan-home.page
/usr/bin/install -c -m 644 de/scan-remote.page /usr/share/help/de/baobab/scan-remote.page
/usr/bin/install -c -m 644 el/index.page /usr/share/help/el/baobab/index.page
/usr/bin/install -c -m 644 el/introduction.page /usr/share/help/el/baobab/introduction.page
/usr/bin/install -c -m 644 el/legal.xml /usr/share/help/el/baobab/legal.xml
/usr/bin/install -c -m 644 el/pref-view-chart.page /usr/share/help/el/baobab/pref-view-chart.page
/usr/bin/install -c -m 644 el/problem-permissions.page /usr/share/help/el/baobab/problem-permissions.page
/usr/bin/install -c -m 644 el/problem-slow-scan.page /usr/share/help/el/baobab/problem-slow-scan.page
/usr/bin/install -c -m 644 el/question-open-folder.page /usr/share/help/el/baobab/question-open-folder.page
/usr/bin/install -c -m 644 el/question-trash.page /usr/share/help/el/baobab/question-trash.page
/usr/bin/install -c -m 644 el/scan-file-system.page /usr/share/help/el/baobab/scan-file-system.page
/usr/bin/install -c -m 644 el/scan-folder.page /usr/share/help/el/baobab/scan-folder.page
/usr/bin/install -c -m 644 el/scan-home.page /usr/share/help/el/baobab/scan-home.page
/usr/bin/install -c -m 644 el/scan-remote.page /usr/share/help/el/baobab/scan-remote.page
/usr/bin/install -c -m 644 es/index.page /usr/share/help/es/baobab/index.page
/usr/bin/install -c -m 644 es/introduction.page /usr/share/help/es/baobab/introduction.page
/usr/bin/install -c -m 644 es/legal.xml /usr/share/help/es/baobab/legal.xml
/usr/bin/install -c -m 644 es/pref-view-chart.page /usr/share/help/es/baobab/pref-view-chart.page
/usr/bin/install -c -m 644 es/problem-permissions.page /usr/share/help/es/baobab/problem-permissions.page
/usr/bin/install -c -m 644 es/problem-slow-scan.page /usr/share/help/es/baobab/problem-slow-scan.page
/usr/bin/install -c -m 644 es/question-open-folder.page /usr/share/help/es/baobab/question-open-folder.page
/usr/bin/install -c -m 644 es/question-trash.page /usr/share/help/es/baobab/question-trash.page
/usr/bin/install -c -m 644 es/scan-file-system.page /usr/share/help/es/baobab/scan-file-system.page
/usr/bin/install -c -m 644 es/scan-folder.page /usr/share/help/es/baobab/scan-folder.page
/usr/bin/install -c -m 644 es/scan-home.page /usr/share/help/es/baobab/scan-home.page
/usr/bin/install -c -m 644 es/scan-remote.page /usr/share/help/es/baobab/scan-remote.page
/usr/bin/install -c -m 644 fi/index.page /usr/share/help/fi/baobab/index.page
/usr/bin/install -c -m 644 fi/introduction.page /usr/share/help/fi/baobab/introduction.page
/usr/bin/install -c -m 644 fi/legal.xml /usr/share/help/fi/baobab/legal.xml
/usr/bin/install -c -m 644 fi/pref-view-chart.page /usr/share/help/fi/baobab/pref-view-chart.page
/usr/bin/install -c -m 644 fi/problem-permissions.page /usr/share/help/fi/baobab/problem-permissions.page
/usr/bin/install -c -m 644 fi/problem-slow-scan.page /usr/share/help/fi/baobab/problem-slow-scan.page
/usr/bin/install -c -m 644 fi/question-open-folder.page /usr/share/help/fi/baobab/question-open-folder.page
/usr/bin/install -c -m 644 fi/question-trash.page /usr/share/help/fi/baobab/question-trash.page
/usr/bin/install -c -m 644 fi/scan-file-system.page /usr/share/help/fi/baobab/scan-file-system.page
/usr/bin/install -c -m 644 fi/scan-folder.page /usr/share/help/fi/baobab/scan-folder.page
/usr/bin/install -c -m 644 fi/scan-home.page /usr/share/help/fi/baobab/scan-home.page
/usr/bin/install -c -m 644 fi/scan-remote.page /usr/share/help/fi/baobab/scan-remote.page
/usr/bin/install -c -m 644 fr/index.page /usr/share/help/fr/baobab/index.page
/usr/bin/install -c -m 644 fr/introduction.page /usr/share/help/fr/baobab/introduction.page
/usr/bin/install -c -m 644 fr/legal.xml /usr/share/help/fr/baobab/legal.xml
/usr/bin/install -c -m 644 fr/pref-view-chart.page /usr/share/help/fr/baobab/pref-view-chart.page
/usr/bin/install -c -m 644 fr/problem-permissions.page /usr/share/help/fr/baobab/problem-permissions.page
/usr/bin/install -c -m 644 fr/problem-slow-scan.page /usr/share/help/fr/baobab/problem-slow-scan.page
/usr/bin/install -c -m 644 fr/question-open-folder.page /usr/share/help/fr/baobab/question-open-folder.page
/usr/bin/install -c -m 644 fr/question-trash.page /usr/share/help/fr/baobab/question-trash.page
/usr/bin/install -c -m 644 fr/scan-file-system.page /usr/share/help/fr/baobab/scan-file-system.page
/usr/bin/install -c -m 644 fr/scan-folder.page /usr/share/help/fr/baobab/scan-folder.page
/usr/bin/install -c -m 644 fr/scan-home.page /usr/share/help/fr/baobab/scan-home.page
/usr/bin/install -c -m 644 fr/scan-remote.page /usr/share/help/fr/baobab/scan-remote.page
/usr/bin/install -c -m 644 gl/index.page /usr/share/help/gl/baobab/index.page
/usr/bin/install -c -m 644 gl/introduction.page /usr/share/help/gl/baobab/introduction.page
/usr/bin/install -c -m 644 gl/legal.xml /usr/share/help/gl/baobab/legal.xml
/usr/bin/install -c -m 644 gl/pref-view-chart.page /usr/share/help/gl/baobab/pref-view-chart.page
/usr/bin/install -c -m 644 gl/problem-permissions.page /usr/share/help/gl/baobab/problem-permissions.page
/usr/bin/install -c -m 644 gl/problem-slow-scan.page /usr/share/help/gl/baobab/problem-slow-scan.page
/usr/bin/install -c -m 644 gl/question-open-folder.page /usr/share/help/gl/baobab/question-open-folder.page
/usr/bin/install -c -m 644 gl/question-trash.page /usr/share/help/gl/baobab/question-trash.page
/usr/bin/install -c -m 644 gl/scan-file-system.page /usr/share/help/gl/baobab/scan-file-system.page
/usr/bin/install -c -m 644 gl/scan-folder.page /usr/share/help/gl/baobab/scan-folder.page
/usr/bin/install -c -m 644 gl/scan-home.page /usr/share/help/gl/baobab/scan-home.page
/usr/bin/install -c -m 644 gl/scan-remote.page /usr/share/help/gl/baobab/scan-remote.page
/usr/bin/install -c -m 644 hu/index.page /usr/share/help/hu/baobab/index.page
/usr/bin/install -c -m 644 hu/introduction.page /usr/share/help/hu/baobab/introduction.page
/usr/bin/install -c -m 644 hu/legal.xml /usr/share/help/hu/baobab/legal.xml
/usr/bin/install -c -m 644 hu/pref-view-chart.page /usr/share/help/hu/baobab/pref-view-chart.page
/usr/bin/install -c -m 644 hu/problem-permissions.page /usr/share/help/hu/baobab/problem-permissions.page
/usr/bin/install -c -m 644 hu/problem-slow-scan.page /usr/share/help/hu/baobab/problem-slow-scan.page
/usr/bin/install -c -m 644 hu/question-open-folder.page /usr/share/help/hu/baobab/question-open-folder.page
/usr/bin/install -c -m 644 hu/question-trash.page /usr/share/help/hu/baobab/question-trash.page
/usr/bin/install -c -m 644 hu/scan-file-system.page /usr/share/help/hu/baobab/scan-file-system.page
/usr/bin/install -c -m 644 hu/scan-folder.page /usr/share/help/hu/baobab/scan-folder.page
/usr/bin/install -c -m 644 hu/scan-home.page /usr/share/help/hu/baobab/scan-home.page
/usr/bin/install -c -m 644 hu/scan-remote.page /usr/share/help/hu/baobab/scan-remote.page
/usr/bin/install -c -m 644 id/index.page /usr/share/help/id/baobab/index.page
/usr/bin/install -c -m 644 id/introduction.page /usr/share/help/id/baobab/introduction.page
/usr/bin/install -c -m 644 id/legal.xml /usr/share/help/id/baobab/legal.xml
/usr/bin/install -c -m 644 id/pref-view-chart.page /usr/share/help/id/baobab/pref-view-chart.page
/usr/bin/install -c -m 644 id/problem-permissions.page /usr/share/help/id/baobab/problem-permissions.page
/usr/bin/install -c -m 644 id/problem-slow-scan.page /usr/share/help/id/baobab/problem-slow-scan.page
/usr/bin/install -c -m 644 id/question-open-folder.page /usr/share/help/id/baobab/question-open-folder.page
/usr/bin/install -c -m 644 id/question-trash.page /usr/share/help/id/baobab/question-trash.page
/usr/bin/install -c -m 644 id/scan-file-system.page /usr/share/help/id/baobab/scan-file-system.page
/usr/bin/install -c -m 644 id/scan-folder.page /usr/share/help/id/baobab/scan-folder.page
/usr/bin/install -c -m 644 id/scan-home.page /usr/share/help/id/baobab/scan-home.page
/usr/bin/install -c -m 644 id/scan-remote.page /usr/share/help/id/baobab/scan-remote.page
/usr/bin/install -c -m 644 it/index.page /usr/share/help/it/baobab/index.page
/usr/bin/install -c -m 644 it/introduction.page /usr/share/help/it/baobab/introduction.page
/usr/bin/install -c -m 644 it/legal.xml /usr/share/help/it/baobab/legal.xml
/usr/bin/install -c -m 644 it/pref-view-chart.page /usr/share/help/it/baobab/pref-view-chart.page
/usr/bin/install -c -m 644 it/problem-permissions.page /usr/share/help/it/baobab/problem-permissions.page
/usr/bin/install -c -m 644 it/problem-slow-scan.page /usr/share/help/it/baobab/problem-slow-scan.page
/usr/bin/install -c -m 644 it/question-open-folder.page /usr/share/help/it/baobab/question-open-folder.page
/usr/bin/install -c -m 644 it/question-trash.page /usr/share/help/it/baobab/question-trash.page
/usr/bin/install -c -m 644 it/scan-file-system.page /usr/share/help/it/baobab/scan-file-system.page
/usr/bin/install -c -m 644 it/scan-folder.page /usr/share/help/it/baobab/scan-folder.page
/usr/bin/install -c -m 644 it/scan-home.page /usr/share/help/it/baobab/scan-home.page
/usr/bin/install -c -m 644 it/scan-remote.page /usr/share/help/it/baobab/scan-remote.page
/usr/bin/install -c -m 644 pt_BR/index.page /usr/share/help/pt_BR/baobab/index.page
/usr/bin/install -c -m 644 pt_BR/introduction.page /usr/share/help/pt_BR/baobab/introduction.page
/usr/bin/install -c -m 644 pt_BR/legal.xml /usr/share/help/pt_BR/baobab/legal.xml
/usr/bin/install -c -m 644 pt_BR/pref-view-chart.page /usr/share/help/pt_BR/baobab/pref-view-chart.page
/usr/bin/install -c -m 644 pt_BR/problem-permissions.page /usr/share/help/pt_BR/baobab/problem-permissions.page
/usr/bin/install -c -m 644 pt_BR/problem-slow-scan.page /usr/share/help/pt_BR/baobab/problem-slow-scan.page
/usr/bin/install -c -m 644 pt_BR/question-open-folder.page /usr/share/help/pt_BR/baobab/question-open-folder.page
/usr/bin/install -c -m 644 pt_BR/question-trash.page /usr/share/help/pt_BR/baobab/question-trash.page
/usr/bin/install -c -m 644 pt_BR/scan-file-system.page /usr/share/help/pt_BR/baobab/scan-file-system.page
/usr/bin/install -c -m 644 pt_BR/scan-folder.page /usr/share/help/pt_BR/baobab/scan-folder.page
/usr/bin/install -c -m 644 pt_BR/scan-home.page /usr/share/help/pt_BR/baobab/scan-home.page
/usr/bin/install -c -m 644 pt_BR/scan-remote.page /usr/share/help/pt_BR/baobab/scan-remote.page
/usr/bin/install -c -m 644 ru/index.page /usr/share/help/ru/baobab/index.page
/usr/bin/install -c -m 644 ru/introduction.page /usr/share/help/ru/baobab/introduction.page
/usr/bin/install -c -m 644 ru/legal.xml /usr/share/help/ru/baobab/legal.xml
/usr/bin/install -c -m 644 ru/pref-view-chart.page /usr/share/help/ru/baobab/pref-view-chart.page
/usr/bin/install -c -m 644 ru/problem-permissions.page /usr/share/help/ru/baobab/problem-permissions.page
/usr/bin/install -c -m 644 ru/problem-slow-scan.page /usr/share/help/ru/baobab/problem-slow-scan.page
/usr/bin/install -c -m 644 ru/question-open-folder.page /usr/share/help/ru/baobab/question-open-folder.page
/usr/bin/install -c -m 644 ru/question-trash.page /usr/share/help/ru/baobab/question-trash.page
/usr/bin/install -c -m 644 ru/scan-file-system.page /usr/share/help/ru/baobab/scan-file-system.page
/usr/bin/install -c -m 644 ru/scan-folder.page /usr/share/help/ru/baobab/scan-folder.page
/usr/bin/install -c -m 644 ru/scan-home.page /usr/share/help/ru/baobab/scan-home.page
/usr/bin/install -c -m 644 ru/scan-remote.page /usr/share/help/ru/baobab/scan-remote.page
/usr/bin/install -c -m 644 sl/index.page /usr/share/help/sl/baobab/index.page
/usr/bin/install -c -m 644 sl/introduction.page /usr/share/help/sl/baobab/introduction.page
/usr/bin/install -c -m 644 sl/legal.xml /usr/share/help/sl/baobab/legal.xml
/usr/bin/install -c -m 644 sl/pref-view-chart.page /usr/share/help/sl/baobab/pref-view-chart.page
/usr/bin/install -c -m 644 sl/problem-permissions.page /usr/share/help/sl/baobab/problem-permissions.page
/usr/bin/install -c -m 644 sl/problem-slow-scan.page /usr/share/help/sl/baobab/problem-slow-scan.page
/usr/bin/install -c -m 644 sl/question-open-folder.page /usr/share/help/sl/baobab/question-open-folder.page
/usr/bin/install -c -m 644 sl/question-trash.page /usr/share/help/sl/baobab/question-trash.page
/usr/bin/install -c -m 644 sl/scan-file-system.page /usr/share/help/sl/baobab/scan-file-system.page
/usr/bin/install -c -m 644 sl/scan-folder.page /usr/share/help/sl/baobab/scan-folder.page
/usr/bin/install -c -m 644 sl/scan-home.page /usr/share/help/sl/baobab/scan-home.page
/usr/bin/install -c -m 644 sl/scan-remote.page /usr/share/help/sl/baobab/scan-remote.page
/usr/bin/install -c -m 644 zh_CN/index.page /usr/share/help/zh_CN/baobab/index.page
/usr/bin/install -c -m 644 zh_CN/introduction.page /usr/share/help/zh_CN/baobab/introduction.page
/usr/bin/install -c -m 644 zh_CN/legal.xml /usr/share/help/zh_CN/baobab/legal.xml
/usr/bin/install -c -m 644 zh_CN/pref-view-chart.page /usr/share/help/zh_CN/baobab/pref-view-chart.page
/usr/bin/install -c -m 644 zh_CN/problem-permissions.page /usr/share/help/zh_CN/baobab/problem-permissions.page
/usr/bin/install -c -m 644 zh_CN/problem-slow-scan.page /usr/share/help/zh_CN/baobab/problem-slow-scan.page
/usr/bin/install -c -m 644 zh_CN/question-open-folder.page /usr/share/help/zh_CN/baobab/question-open-folder.page
/usr/bin/install -c -m 644 zh_CN/question-trash.page /usr/share/help/zh_CN/baobab/question-trash.page
/usr/bin/install -c -m 644 zh_CN/scan-file-system.page /usr/share/help/zh_CN/baobab/scan-file-system.page
/usr/bin/install -c -m 644 zh_CN/scan-folder.page /usr/share/help/zh_CN/baobab/scan-folder.page
/usr/bin/install -c -m 644 zh_CN/scan-home.page /usr/share/help/zh_CN/baobab/scan-home.page
/usr/bin/install -c -m 644 zh_CN/scan-remote.page /usr/share/help/zh_CN/baobab/scan-remote.page
/usr/bin/install -c -m 644 ./C/media/hicolor_apps_48x48_baobab.png /usr/share/help/C/baobab/media/hicolor_apps_48x48_baobab.png
ln -s -f /usr/share/help/C/baobab/media/hicolor_apps_48x48_baobab.png /usr/share/help/ca/baobab/media/hicolor_apps_48x48_baobab.png
ln -s -f /usr/share/help/C/baobab/media/hicolor_apps_48x48_baobab.png /usr/share/help/cs/baobab/media/hicolor_apps_48x48_baobab.png
ln -s -f /usr/share/help/C/baobab/media/hicolor_apps_48x48_baobab.png /usr/share/help/de/baobab/media/hicolor_apps_48x48_baobab.png
ln -s -f /usr/share/help/C/baobab/media/hicolor_apps_48x48_baobab.png /usr/share/help/el/baobab/media/hicolor_apps_48x48_baobab.png
ln -s -f /usr/share/help/C/baobab/media/hicolor_apps_48x48_baobab.png /usr/share/help/es/baobab/media/hicolor_apps_48x48_baobab.png
ln -s -f /usr/share/help/C/baobab/media/hicolor_apps_48x48_baobab.png /usr/share/help/fi/baobab/media/hicolor_apps_48x48_baobab.png
ln -s -f /usr/share/help/C/baobab/media/hicolor_apps_48x48_baobab.png /usr/share/help/fr/baobab/media/hicolor_apps_48x48_baobab.png
ln -s -f /usr/share/help/C/baobab/media/hicolor_apps_48x48_baobab.png /usr/share/help/gl/baobab/media/hicolor_apps_48x48_baobab.png
ln -s -f /usr/share/help/C/baobab/media/hicolor_apps_48x48_baobab.png /usr/share/help/hu/baobab/media/hicolor_apps_48x48_baobab.png
ln -s -f /usr/share/help/C/baobab/media/hicolor_apps_48x48_baobab.png /usr/share/help/id/baobab/media/hicolor_apps_48x48_baobab.png
ln -s -f /usr/share/help/C/baobab/media/hicolor_apps_48x48_baobab.png /usr/share/help/it/baobab/media/hicolor_apps_48x48_baobab.png
ln -s -f /usr/share/help/C/baobab/media/hicolor_apps_48x48_baobab.png /usr/share/help/pt_BR/baobab/media/hicolor_apps_48x48_baobab.png
ln -s -f /usr/share/help/C/baobab/media/hicolor_apps_48x48_baobab.png /usr/share/help/ru/baobab/media/hicolor_apps_48x48_baobab.png
ln -s -f /usr/share/help/C/baobab/media/hicolor_apps_48x48_baobab.png /usr/share/help/sl/baobab/media/hicolor_apps_48x48_baobab.png
ln -s -f /usr/share/help/C/baobab/media/hicolor_apps_48x48_baobab.png /usr/share/help/zh_CN/baobab/media/hicolor_apps_48x48_baobab.png
make[2]: Leaving directory '/sources/7.9/baobab-3.18.1/help'
make[1]: Leaving directory '/sources/7.9/baobab-3.18.1/help'
Making install in po
make[1]: Entering directory '/sources/7.9/baobab-3.18.1/po'
linguas="af am an ar as ast az be be@latin bg bn bn_IN br bs ca ca@valencia crh cs cy da de dz el en_CA en_GB en@shaw eo es et eu fa fi fr fur ga gd gl gu he hi hr hu id is it ja ka kk km kn ko ku lt lv mai mg mk ml mn mr ms nb nds ne nl nn oc or pa pl ps pt pt_BR ro ru rw si sk sl sq sr sr@latin sv ta te tg th tr ug uk vi wa xh zh_CN zh_HK zh_TW "; \
for lang in $linguas; do \
  dir=/usr/share/locale/$lang/LC_MESSAGES; \
  /bin/sh /sources/7.9/baobab-3.18.1/install-sh -d $dir; \
  if test -r $lang.gmo; then \
    /usr/bin/install -c -m 644 $lang.gmo $dir/baobab.mo; \
    echo "installing $lang.gmo as $dir/baobab.mo"; \
  else \
    /usr/bin/install -c -m 644 ./$lang.gmo $dir/baobab.mo; \
    echo "installing ./$lang.gmo as" \
	 "$dir/baobab.mo"; \
  fi; \
  if test -r $lang.gmo.m; then \
    /usr/bin/install -c -m 644 $lang.gmo.m $dir/baobab.mo.m; \
    echo "installing $lang.gmo.m as $dir/baobab.mo.m"; \
  else \
    if test -r ./$lang.gmo.m ; then \
      /usr/bin/install -c -m 644 ./$lang.gmo.m \
	$dir/baobab.mo.m; \
      echo "installing ./$lang.gmo.m as" \
	   "$dir/baobab.mo.m"; \
    else \
      true; \
    fi; \
  fi; \
done
installing af.gmo as /usr/share/locale/af/LC_MESSAGES/baobab.mo
installing am.gmo as /usr/share/locale/am/LC_MESSAGES/baobab.mo
installing an.gmo as /usr/share/locale/an/LC_MESSAGES/baobab.mo
installing ar.gmo as /usr/share/locale/ar/LC_MESSAGES/baobab.mo
installing as.gmo as /usr/share/locale/as/LC_MESSAGES/baobab.mo
installing ast.gmo as /usr/share/locale/ast/LC_MESSAGES/baobab.mo
installing az.gmo as /usr/share/locale/az/LC_MESSAGES/baobab.mo
installing be.gmo as /usr/share/locale/be/LC_MESSAGES/baobab.mo
installing be@latin.gmo as /usr/share/locale/be@latin/LC_MESSAGES/baobab.mo
installing bg.gmo as /usr/share/locale/bg/LC_MESSAGES/baobab.mo
installing bn.gmo as /usr/share/locale/bn/LC_MESSAGES/baobab.mo
installing bn_IN.gmo as /usr/share/locale/bn_IN/LC_MESSAGES/baobab.mo
installing br.gmo as /usr/share/locale/br/LC_MESSAGES/baobab.mo
installing bs.gmo as /usr/share/locale/bs/LC_MESSAGES/baobab.mo
installing ca.gmo as /usr/share/locale/ca/LC_MESSAGES/baobab.mo
installing ca@valencia.gmo as /usr/share/locale/ca@valencia/LC_MESSAGES/baobab.mo
installing crh.gmo as /usr/share/locale/crh/LC_MESSAGES/baobab.mo
installing cs.gmo as /usr/share/locale/cs/LC_MESSAGES/baobab.mo
installing cy.gmo as /usr/share/locale/cy/LC_MESSAGES/baobab.mo
installing da.gmo as /usr/share/locale/da/LC_MESSAGES/baobab.mo
installing de.gmo as /usr/share/locale/de/LC_MESSAGES/baobab.mo
installing dz.gmo as /usr/share/locale/dz/LC_MESSAGES/baobab.mo
installing el.gmo as /usr/share/locale/el/LC_MESSAGES/baobab.mo
installing en_CA.gmo as /usr/share/locale/en_CA/LC_MESSAGES/baobab.mo
installing en_GB.gmo as /usr/share/locale/en_GB/LC_MESSAGES/baobab.mo
installing en@shaw.gmo as /usr/share/locale/en@shaw/LC_MESSAGES/baobab.mo
installing eo.gmo as /usr/share/locale/eo/LC_MESSAGES/baobab.mo
installing es.gmo as /usr/share/locale/es/LC_MESSAGES/baobab.mo
installing et.gmo as /usr/share/locale/et/LC_MESSAGES/baobab.mo
installing eu.gmo as /usr/share/locale/eu/LC_MESSAGES/baobab.mo
installing fa.gmo as /usr/share/locale/fa/LC_MESSAGES/baobab.mo
installing fi.gmo as /usr/share/locale/fi/LC_MESSAGES/baobab.mo
installing fr.gmo as /usr/share/locale/fr/LC_MESSAGES/baobab.mo
installing fur.gmo as /usr/share/locale/fur/LC_MESSAGES/baobab.mo
installing ga.gmo as /usr/share/locale/ga/LC_MESSAGES/baobab.mo
installing gd.gmo as /usr/share/locale/gd/LC_MESSAGES/baobab.mo
installing gl.gmo as /usr/share/locale/gl/LC_MESSAGES/baobab.mo
installing gu.gmo as /usr/share/locale/gu/LC_MESSAGES/baobab.mo
installing he.gmo as /usr/share/locale/he/LC_MESSAGES/baobab.mo
installing hi.gmo as /usr/share/locale/hi/LC_MESSAGES/baobab.mo
installing hr.gmo as /usr/share/locale/hr/LC_MESSAGES/baobab.mo
installing hu.gmo as /usr/share/locale/hu/LC_MESSAGES/baobab.mo
installing id.gmo as /usr/share/locale/id/LC_MESSAGES/baobab.mo
installing is.gmo as /usr/share/locale/is/LC_MESSAGES/baobab.mo
installing it.gmo as /usr/share/locale/it/LC_MESSAGES/baobab.mo
installing ja.gmo as /usr/share/locale/ja/LC_MESSAGES/baobab.mo
installing ka.gmo as /usr/share/locale/ka/LC_MESSAGES/baobab.mo
installing kk.gmo as /usr/share/locale/kk/LC_MESSAGES/baobab.mo
installing km.gmo as /usr/share/locale/km/LC_MESSAGES/baobab.mo
installing kn.gmo as /usr/share/locale/kn/LC_MESSAGES/baobab.mo
installing ko.gmo as /usr/share/locale/ko/LC_MESSAGES/baobab.mo
installing ku.gmo as /usr/share/locale/ku/LC_MESSAGES/baobab.mo
installing lt.gmo as /usr/share/locale/lt/LC_MESSAGES/baobab.mo
installing lv.gmo as /usr/share/locale/lv/LC_MESSAGES/baobab.mo
installing mai.gmo as /usr/share/locale/mai/LC_MESSAGES/baobab.mo
installing mg.gmo as /usr/share/locale/mg/LC_MESSAGES/baobab.mo
installing mk.gmo as /usr/share/locale/mk/LC_MESSAGES/baobab.mo
installing ml.gmo as /usr/share/locale/ml/LC_MESSAGES/baobab.mo
installing mn.gmo as /usr/share/locale/mn/LC_MESSAGES/baobab.mo
installing mr.gmo as /usr/share/locale/mr/LC_MESSAGES/baobab.mo
installing ms.gmo as /usr/share/locale/ms/LC_MESSAGES/baobab.mo
installing nb.gmo as /usr/share/locale/nb/LC_MESSAGES/baobab.mo
installing nds.gmo as /usr/share/locale/nds/LC_MESSAGES/baobab.mo
installing ne.gmo as /usr/share/locale/ne/LC_MESSAGES/baobab.mo
installing nl.gmo as /usr/share/locale/nl/LC_MESSAGES/baobab.mo
installing nn.gmo as /usr/share/locale/nn/LC_MESSAGES/baobab.mo
installing oc.gmo as /usr/share/locale/oc/LC_MESSAGES/baobab.mo
installing or.gmo as /usr/share/locale/or/LC_MESSAGES/baobab.mo
installing pa.gmo as /usr/share/locale/pa/LC_MESSAGES/baobab.mo
installing pl.gmo as /usr/share/locale/pl/LC_MESSAGES/baobab.mo
installing ps.gmo as /usr/share/locale/ps/LC_MESSAGES/baobab.mo
installing pt.gmo as /usr/share/locale/pt/LC_MESSAGES/baobab.mo
installing pt_BR.gmo as /usr/share/locale/pt_BR/LC_MESSAGES/baobab.mo
installing ro.gmo as /usr/share/locale/ro/LC_MESSAGES/baobab.mo
installing ru.gmo as /usr/share/locale/ru/LC_MESSAGES/baobab.mo
installing rw.gmo as /usr/share/locale/rw/LC_MESSAGES/baobab.mo
installing si.gmo as /usr/share/locale/si/LC_MESSAGES/baobab.mo
installing sk.gmo as /usr/share/locale/sk/LC_MESSAGES/baobab.mo
installing sl.gmo as /usr/share/locale/sl/LC_MESSAGES/baobab.mo
installing sq.gmo as /usr/share/locale/sq/LC_MESSAGES/baobab.mo
installing sr.gmo as /usr/share/locale/sr/LC_MESSAGES/baobab.mo
installing sr@latin.gmo as /usr/share/locale/sr@latin/LC_MESSAGES/baobab.mo
installing sv.gmo as /usr/share/locale/sv/LC_MESSAGES/baobab.mo
installing ta.gmo as /usr/share/locale/ta/LC_MESSAGES/baobab.mo
installing te.gmo as /usr/share/locale/te/LC_MESSAGES/baobab.mo
installing tg.gmo as /usr/share/locale/tg/LC_MESSAGES/baobab.mo
installing th.gmo as /usr/share/locale/th/LC_MESSAGES/baobab.mo
installing tr.gmo as /usr/share/locale/tr/LC_MESSAGES/baobab.mo
installing ug.gmo as /usr/share/locale/ug/LC_MESSAGES/baobab.mo
installing uk.gmo as /usr/share/locale/uk/LC_MESSAGES/baobab.mo
installing vi.gmo as /usr/share/locale/vi/LC_MESSAGES/baobab.mo
installing wa.gmo as /usr/share/locale/wa/LC_MESSAGES/baobab.mo
installing xh.gmo as /usr/share/locale/xh/LC_MESSAGES/baobab.mo
installing zh_CN.gmo as /usr/share/locale/zh_CN/LC_MESSAGES/baobab.mo
installing zh_HK.gmo as /usr/share/locale/zh_HK/LC_MESSAGES/baobab.mo
installing zh_TW.gmo as /usr/share/locale/zh_TW/LC_MESSAGES/baobab.mo
make[1]: Leaving directory '/sources/7.9/baobab-3.18.1/po'
make[1]: Entering directory '/sources/7.9/baobab-3.18.1'
make[2]: Entering directory '/sources/7.9/baobab-3.18.1'
make[2]: Nothing to be done for 'install-exec-am'.
make[2]: Nothing to be done for 'install-data-am'.
make[2]: Leaving directory '/sources/7.9/baobab-3.18.1'
make[1]: Leaving directory '/sources/7.9/baobab-3.18.1'
