checking for a BSD-compatible install... /usr/bin/install -c
checking whether build environment is sane... yes
checking for a thread-safe mkdir -p... /bin/mkdir -p
checking for gawk... gawk
checking whether make sets $(MAKE)... yes
checking whether make supports nested variables... yes
checking whether UID '1000' is supported by ustar format... yes
checking whether GID '1000' is supported by ustar format... yes
checking how to create a ustar tar archive... gnutar
checking whether to enable maintainer-specific portions of Makefiles... no
checking whether make supports nested variables... (cached) yes
checking for style of include used by make... GNU
checking for gcc... gcc
checking whether the C compiler works... yes
checking for C compiler default output file name... a.out
checking for suffix of executables... 
checking whether we are cross compiling... no
checking for suffix of object files... o
checking whether we are using the GNU C compiler... yes
checking whether gcc accepts -g... yes
checking for gcc option to accept ISO C89... none needed
checking whether gcc understands -c and -o together... yes
checking dependency style of gcc... gcc3
checking how to run the C preprocessor... gcc -E
checking for grep that handles long lines and -e... /bin/grep
checking for egrep... /bin/grep -E
checking for ANSI C header files... yes
checking for sys/types.h... yes
checking for sys/stat.h... yes
checking for stdlib.h... yes
checking for string.h... yes
checking for memory.h... yes
checking for strings.h... yes
checking for inttypes.h... yes
checking for stdint.h... yes
checking for unistd.h... yes
checking minix/config.h usability... no
checking minix/config.h presence... no
checking for minix/config.h... no
checking whether it is safe to define __EXTENSIONS__... yes
checking for library containing strerror... none required
checking for gcc... (cached) gcc
checking whether we are using the GNU C compiler... (cached) yes
checking whether gcc accepts -g... (cached) yes
checking for gcc option to accept ISO C89... (cached) none needed
checking whether gcc understands -c and -o together... (cached) yes
checking dependency style of gcc... (cached) gcc3
checking whether make sets $(MAKE)... (cached) yes
checking whether ln -s works... yes
checking whether NLS is requested... yes
checking for intltool >= 0.35.0... 0.51.0 found
checking for intltool-update... /usr/bin/intltool-update
checking for intltool-merge... /usr/bin/intltool-merge
checking for intltool-extract... /usr/bin/intltool-extract
checking for xgettext... /usr/bin/xgettext
checking for msgmerge... /usr/bin/msgmerge
checking for msgfmt... /usr/bin/msgfmt
checking for gmsgfmt... /usr/bin/msgfmt
checking for perl... /usr/bin/perl
checking for perl >= 5.8.1... 5.22.1
checking for XML::Parser... ok
checking build system type... x86_64-unknown-linux-gnu
checking host system type... x86_64-unknown-linux-gnu
checking how to print strings... printf
checking for a sed that does not truncate output... /bin/sed
checking for fgrep... /bin/grep -F
checking for ld used by gcc... /usr/bin/ld
checking if the linker (/usr/bin/ld) is GNU ld... yes
checking for BSD- or MS-compatible name lister (nm)... /usr/bin/nm -B
checking the name lister (/usr/bin/nm -B) interface... BSD nm
checking the maximum length of command line arguments... 1572864
checking whether the shell understands some XSI constructs... yes
checking whether the shell understands "+="... yes
checking how to convert x86_64-unknown-linux-gnu file names to x86_64-unknown-linux-gnu format... func_convert_file_noop
checking how to convert x86_64-unknown-linux-gnu file names to toolchain format... func_convert_file_noop
checking for /usr/bin/ld option to reload object files... -r
checking for objdump... objdump
checking how to recognize dependent libraries... pass_all
checking for dlltool... no
checking how to associate runtime and link libraries... printf %s\n
checking for ar... ar
checking for archiver @FILE support... @
checking for strip... strip
checking for ranlib... ranlib
checking command to parse /usr/bin/nm -B output from gcc object... ok
checking for sysroot... no
checking for mt... no
checking if : is a manifest tool... no
checking for dlfcn.h... yes
checking for objdir... .libs
checking if gcc supports -fno-rtti -fno-exceptions... no
checking for gcc option to produce PIC... -fPIC -DPIC
checking if gcc PIC flag -fPIC -DPIC works... yes
checking if gcc static flag -static works... yes
checking if gcc supports -c -o file.o... yes
checking if gcc supports -c -o file.o... (cached) yes
checking whether the gcc linker (/usr/bin/ld -m elf_x86_64) supports shared libraries... yes
checking whether -lc should be explicitly linked in... no
checking dynamic linker characteristics... GNU/Linux ld.so
checking how to hardcode library paths into programs... immediate
checking whether stripping libraries is possible... yes
checking if libtool supports shared libraries... yes
checking whether to build shared libraries... yes
checking whether to build static libraries... no
checking for ANSI C header files... (cached) yes
checking errno.h usability... yes
checking errno.h presence... yes
checking for errno.h... yes
checking fcntl.h usability... yes
checking fcntl.h presence... yes
checking for fcntl.h... yes
checking grp.h usability... yes
checking grp.h presence... yes
checking for grp.h... yes
checking locale.h usability... yes
checking locale.h presence... yes
checking for locale.h... yes
checking signal.h usability... yes
checking signal.h presence... yes
checking for signal.h... yes
checking for stdlib.h... (cached) yes
checking for string.h... (cached) yes
checking for sys/stat.h... (cached) yes
checking sys/time.h usability... yes
checking sys/time.h presence... yes
checking for sys/time.h... yes
checking for sys/types.h... (cached) yes
checking sys/wait.h usability... yes
checking sys/wait.h presence... yes
checking for sys/wait.h... yes
checking for unistd.h... (cached) yes
checking for fdatasync... yes
checking for fsync... yes
checking for setlocale... yes
checking for locale.h... (cached) yes
checking for LC_MESSAGES... yes
checking libintl.h usability... yes
checking libintl.h presence... yes
checking for libintl.h... yes
checking for ngettext in libc... yes
checking for dgettext in libc... yes
checking for bind_textdomain_codeset... yes
checking for msgfmt... (cached) /usr/bin/msgfmt
checking for dcgettext... yes
checking if msgfmt accepts -c... yes
checking for gmsgfmt... (cached) /usr/bin/msgfmt
checking for xgettext... (cached) /usr/bin/xgettext
checking for catalogs to be installed...  ar ast bg bn ca cs da de el en_AU en_GB es eu fi fr gl he hr hu id is it ja kk ko lt lv ms nb nl nn oc pa pl pt pt_BR ro ru si sk sr sv te th tr ug uk ur ur_PK zh_CN zh_HK zh_TW
checking for bind_textdomain_codeset... (cached) yes
checking for locales directory... ${datarootdir}/locale
checking for additional xgettext flags... --keyword=Q_ --from-code=UTF-8
checking for pkg-config... /usr/bin/pkg-config
checking pkg-config is at least version 0.9.0... yes
checking for gobject-2.0 >= 2.30.0... 2.46.2
checking GLIB_CFLAGS... -I/usr/include/glib-2.0 -I/usr/lib/glib-2.0/include
checking GLIB_LIBS... -lgobject-2.0 -lglib-2.0
checking for pkg-config... (cached) /usr/bin/pkg-config
checking pkg-config is at least version 0.9.0... yes
checking for gthread-2.0 >= 2.30.0... 2.46.2
checking GTHREAD_CFLAGS... -pthread -I/usr/include/glib-2.0 -I/usr/lib/glib-2.0/include
checking GTHREAD_LIBS... -lgthread-2.0 -pthread -lglib-2.0
checking for pkg-config... (cached) /usr/bin/pkg-config
checking pkg-config is at least version 0.9.0... yes
checking for libxfce4util-1.0 >= 4.10.0... 4.12.1
checking LIBXFCE4UTIL_CFLAGS... -I/usr/include/xfce4 -I/usr/include/glib-2.0 -I/usr/lib/glib-2.0/include
checking LIBXFCE4UTIL_LIBS... -lxfce4util -lglib-2.0
checking for pkg-config... (cached) /usr/bin/pkg-config
checking pkg-config is at least version 0.9.0... yes
checking for dbus-1 >= 1.1.0... 1.10.6
checking DBUS_CFLAGS... -I/usr/include/dbus-1.0 -I/usr/lib/dbus-1.0/include
checking DBUS_LIBS... -ldbus-1
checking for pkg-config... (cached) /usr/bin/pkg-config
checking pkg-config is at least version 0.9.0... yes
checking for dbus-glib-1 >= 0.84... 0.106
checking DBUS_GLIB_CFLAGS... -I/usr/include/dbus-1.0 -I/usr/lib/dbus-1.0/include -I/usr/include/glib-2.0 -I/usr/lib/glib-2.0/include
checking DBUS_GLIB_LIBS... -ldbus-glib-1 -ldbus-1 -lgobject-2.0 -lglib-2.0
checking for perl5.8... no
checking for perl5.6... no
checking for perl5... no
checking for perl... /usr/bin/perl
checking for perl modules: ExtUtils::Depends, ExtUtils::PkgConfig, Glib... no

*** Required perl modules not found to build perl bindings.  Requirements are:
***
***     ExtUtils::Depends    0.300
***     ExtUtils::PkgConfig  1.000
***     Glib                 1.020
***
*** Please install the required dependencies and run ./configure again.

checking alignment of guchar... 1
checking alignment of gchar... 1
checking alignment of guint16... 2
checking alignment of gint16... 2
checking alignment of guint32... 4
checking alignment of gint32... 4
checking alignment of guint64... 8
checking alignment of gint64... 8
checking alignment of gfloat... 4
checking alignment of gdouble... 8
checking alignment of gboolean... 4
checking alignment of gpointer... 8
checking for gtk-doc... no
checking for gtkdoc-check... no
checking for gtkdoc-check... no
checking for gtkdoc-rebase... no
checking for gtkdoc-mkpdf... no
checking whether to build gtk-doc documentation... no
checking for GTKDOC_DEPS... yes
checking whether to build with debugging support... minimum
checking if gcc supports -Wno-sign-compare... yes
checking if gcc supports -Wall... yes
checking if gcc supports -Werror... yes
checking if gcc supports -Wno-unused-parameter... yes
checking whether gcc supports the GNUC visibility attribute... yes
checking if gcc supports -xldscope=hidden... no
checking if gcc supports -fvisibility=hidden... yes
checking whether /usr/bin/ld -m elf_x86_64 accepts --as-needed... yes
checking whether /usr/bin/ld -m elf_x86_64 accepts -O1... yes
checking that generated files are newer than configure... done
configure: creating ./config.status
config.status: creating Makefile
config.status: creating common/Makefile
config.status: creating docs/Makefile
config.status: creating docs/reference/Makefile
config.status: creating docs/reference/version.xml
config.status: creating docs/spec/Makefile
config.status: creating po/Makefile.in
config.status: creating tests/Makefile
config.status: creating tests/set-properties/Makefile
config.status: creating tests/has-properties/Makefile
config.status: creating tests/get-properties/Makefile
config.status: creating tests/reset-properties/Makefile
config.status: creating tests/object-bindings/Makefile
config.status: creating tests/property-changed-signal/Makefile
config.status: creating xfconf/Makefile
config.status: creating xfconf/libxfconf-0.pc
config.status: creating xfconf-perl/Makefile.PL
config.status: creating xfconf-perl/Makefile
config.status: creating xfconf-perl/Xfconf.pm
config.status: creating xfconf-perl/xs/Makefile
config.status: creating xfconf-query/Makefile
config.status: creating xfconfd/Makefile
config.status: creating config.h
config.status: executing depfiles commands
config.status: executing libtool commands
config.status: executing default-1 commands
config.status: executing po/stamp-it commands
make  all-recursive
make[1]: Entering directory '/sources/7.9/xfconf-4.12.0'
Making all in common
make[2]: Entering directory '/sources/7.9/xfconf-4.12.0/common'
make  all-am
make[3]: Entering directory '/sources/7.9/xfconf-4.12.0/common'
  CC       libxfconf_common_la-xfconf-errors.lo
  CC       libxfconf_common_la-xfconf-marshal.lo
  CCLD     libxfconf-common.la
  CC       libxfconf_gvaluefuncs_la-xfconf-gvaluefuncs.lo
  CCLD     libxfconf-gvaluefuncs.la
make[3]: Leaving directory '/sources/7.9/xfconf-4.12.0/common'
make[2]: Leaving directory '/sources/7.9/xfconf-4.12.0/common'
Making all in xfconf
make[2]: Entering directory '/sources/7.9/xfconf-4.12.0/xfconf'
make  all-am
make[3]: Entering directory '/sources/7.9/xfconf-4.12.0/xfconf'
  CC       libxfconf_0_la-xfconf-binding.lo
  CC       libxfconf_0_la-xfconf-cache.lo
  CC       libxfconf_0_la-xfconf-channel.lo
  CC       libxfconf_0_la-xfconf.lo
  CC       libxfconf_0_la-xfconf-types.lo
  CCLD     libxfconf-0.la
make[3]: Leaving directory '/sources/7.9/xfconf-4.12.0/xfconf'
make[2]: Leaving directory '/sources/7.9/xfconf-4.12.0/xfconf'
Making all in xfconfd
make[2]: Entering directory '/sources/7.9/xfconf-4.12.0/xfconfd'
make  all-am
make[3]: Entering directory '/sources/7.9/xfconf-4.12.0/xfconfd'
  CC       xfconfd-main.o
  CC       xfconfd-xfconf-backend-factory.o
  CC       xfconfd-xfconf-backend.o
  CC       xfconfd-xfconf-daemon.o
  CC       xfconfd-xfconf-locking-utils.o
  CC       xfconfd-xfconf-backend-perchannel-xml.o
  CC       xfconfd-xfconf-types.o
  CCLD     xfconfd
  GEN      org.xfce.Xfconf.service
make[3]: Leaving directory '/sources/7.9/xfconf-4.12.0/xfconfd'
make[2]: Leaving directory '/sources/7.9/xfconf-4.12.0/xfconfd'
Making all in xfconf-query
make[2]: Entering directory '/sources/7.9/xfconf-4.12.0/xfconf-query'
  CC       xfconf_query-main.o
  CCLD     xfconf-query
make[2]: Leaving directory '/sources/7.9/xfconf-4.12.0/xfconf-query'
Making all in xfconf-perl
make[2]: Entering directory '/sources/7.9/xfconf-4.12.0/xfconf-perl'
Making all in xs
make[3]: Entering directory '/sources/7.9/xfconf-4.12.0/xfconf-perl/xs'
make[3]: Nothing to be done for 'all'.
make[3]: Leaving directory '/sources/7.9/xfconf-4.12.0/xfconf-perl/xs'
make[3]: Entering directory '/sources/7.9/xfconf-4.12.0/xfconf-perl'
make[3]: Nothing to be done for 'all-am'.
make[3]: Leaving directory '/sources/7.9/xfconf-4.12.0/xfconf-perl'
make[2]: Leaving directory '/sources/7.9/xfconf-4.12.0/xfconf-perl'
Making all in po
make[2]: Entering directory '/sources/7.9/xfconf-4.12.0/po'
  MSGFMT ar.gmo
  MSGFMT ast.gmo
  MSGFMT bg.gmo
  MSGFMT bn.gmo
  MSGFMT ca.gmo
  MSGFMT cs.gmo
  MSGFMT da.gmo
  MSGFMT de.gmo
  MSGFMT el.gmo
  MSGFMT en_AU.gmo
  MSGFMT en_GB.gmo
  MSGFMT es.gmo
  MSGFMT eu.gmo
  MSGFMT fi.gmo
  MSGFMT fr.gmo
  MSGFMT gl.gmo
  MSGFMT he.gmo
  MSGFMT hr.gmo
  MSGFMT hu.gmo
  MSGFMT id.gmo
  MSGFMT is.gmo
  MSGFMT it.gmo
  MSGFMT ja.gmo
  MSGFMT kk.gmo
  MSGFMT ko.gmo
  MSGFMT lt.gmo
  MSGFMT lv.gmo
  MSGFMT ms.gmo
  MSGFMT nb.gmo
  MSGFMT nl.gmo
  MSGFMT nn.gmo
  MSGFMT oc.gmo
  MSGFMT pa.gmo
  MSGFMT pl.gmo
  MSGFMT pt.gmo
  MSGFMT pt_BR.gmo
  MSGFMT ro.gmo
  MSGFMT ru.gmo
  MSGFMT si.gmo
  MSGFMT sk.gmo
  MSGFMT sr.gmo
  MSGFMT sv.gmo
  MSGFMT te.gmo
  MSGFMT th.gmo
  MSGFMT tr.gmo
  MSGFMT ug.gmo
  MSGFMT uk.gmo
  MSGFMT ur.gmo
  MSGFMT ur_PK.gmo
  MSGFMT zh_CN.gmo
  MSGFMT zh_HK.gmo
  MSGFMT zh_TW.gmo
make[2]: Leaving directory '/sources/7.9/xfconf-4.12.0/po'
Making all in docs
make[2]: Entering directory '/sources/7.9/xfconf-4.12.0/docs'
Making all in reference
make[3]: Entering directory '/sources/7.9/xfconf-4.12.0/docs/reference'
make[3]: Nothing to be done for 'all'.
make[3]: Leaving directory '/sources/7.9/xfconf-4.12.0/docs/reference'
Making all in spec
make[3]: Entering directory '/sources/7.9/xfconf-4.12.0/docs/spec'
make[3]: Nothing to be done for 'all'.
make[3]: Leaving directory '/sources/7.9/xfconf-4.12.0/docs/spec'
make[3]: Entering directory '/sources/7.9/xfconf-4.12.0/docs'
make[3]: Nothing to be done for 'all-am'.
make[3]: Leaving directory '/sources/7.9/xfconf-4.12.0/docs'
make[2]: Leaving directory '/sources/7.9/xfconf-4.12.0/docs'
Making all in tests
make[2]: Entering directory '/sources/7.9/xfconf-4.12.0/tests'
Making all in set-properties
make[3]: Entering directory '/sources/7.9/xfconf-4.12.0/tests/set-properties'
make[3]: Nothing to be done for 'all'.
make[3]: Leaving directory '/sources/7.9/xfconf-4.12.0/tests/set-properties'
Making all in has-properties
make[3]: Entering directory '/sources/7.9/xfconf-4.12.0/tests/has-properties'
make[3]: Nothing to be done for 'all'.
make[3]: Leaving directory '/sources/7.9/xfconf-4.12.0/tests/has-properties'
Making all in get-properties
make[3]: Entering directory '/sources/7.9/xfconf-4.12.0/tests/get-properties'
make[3]: Nothing to be done for 'all'.
make[3]: Leaving directory '/sources/7.9/xfconf-4.12.0/tests/get-properties'
Making all in reset-properties
make[3]: Entering directory '/sources/7.9/xfconf-4.12.0/tests/reset-properties'
make[3]: Nothing to be done for 'all'.
make[3]: Leaving directory '/sources/7.9/xfconf-4.12.0/tests/reset-properties'
Making all in property-changed-signal
make[3]: Entering directory '/sources/7.9/xfconf-4.12.0/tests/property-changed-signal'
make[3]: Nothing to be done for 'all'.
make[3]: Leaving directory '/sources/7.9/xfconf-4.12.0/tests/property-changed-signal'
Making all in object-bindings
make[3]: Entering directory '/sources/7.9/xfconf-4.12.0/tests/object-bindings'
make[3]: Nothing to be done for 'all'.
make[3]: Leaving directory '/sources/7.9/xfconf-4.12.0/tests/object-bindings'
make[3]: Entering directory '/sources/7.9/xfconf-4.12.0/tests'
make[3]: Nothing to be done for 'all-am'.
make[3]: Leaving directory '/sources/7.9/xfconf-4.12.0/tests'
make[2]: Leaving directory '/sources/7.9/xfconf-4.12.0/tests'
make[2]: Entering directory '/sources/7.9/xfconf-4.12.0'
make[2]: Leaving directory '/sources/7.9/xfconf-4.12.0'
make[1]: Leaving directory '/sources/7.9/xfconf-4.12.0'
Making install in common
make[1]: Entering directory '/sources/7.9/xfconf-4.12.0/common'
make  install-am
make[2]: Entering directory '/sources/7.9/xfconf-4.12.0/common'
make[3]: Entering directory '/sources/7.9/xfconf-4.12.0/common'
make[3]: Nothing to be done for 'install-exec-am'.
make[3]: Nothing to be done for 'install-data-am'.
make[3]: Leaving directory '/sources/7.9/xfconf-4.12.0/common'
make[2]: Leaving directory '/sources/7.9/xfconf-4.12.0/common'
make[1]: Leaving directory '/sources/7.9/xfconf-4.12.0/common'
Making install in xfconf
make[1]: Entering directory '/sources/7.9/xfconf-4.12.0/xfconf'
make  install-am
make[2]: Entering directory '/sources/7.9/xfconf-4.12.0/xfconf'
make[3]: Entering directory '/sources/7.9/xfconf-4.12.0/xfconf'
 /bin/mkdir -p '/usr/lib'
 /bin/sh ../libtool   --mode=install /usr/bin/install -c   libxfconf-0.la '/usr/lib'
libtool: install: /usr/bin/install -c -m 644 .libs/libxfconf-0.so.2.0.0 /usr/lib/libxfconf-0.so.2.0.0
libtool: install: (cd /usr/lib && { ln -s -f libxfconf-0.so.2.0.0 libxfconf-0.so.2 || { rm -f libxfconf-0.so.2 && ln -s libxfconf-0.so.2.0.0 libxfconf-0.so.2; }; })
libtool: install: (cd /usr/lib && { ln -s -f libxfconf-0.so.2.0.0 libxfconf-0.so || { rm -f libxfconf-0.so && ln -s libxfconf-0.so.2.0.0 libxfconf-0.so; }; })
libtool: install: /usr/bin/install -c -m 644 .libs/libxfconf-0.lai /usr/lib/libxfconf-0.la
libtool: finish: PATH="/bin:/usr/ucb:/usr/bin:/usr/sbin:/sbin:/usr/etc:/etc:/sbin" ldconfig -n /usr/lib
 /bin/mkdir -p '/usr/include/xfce4/xfconf-0/xfconf'
 /usr/bin/install -c -m 644 xfconf-binding.h xfconf-channel.h xfconf-errors.h xfconf-types.h xfconf.h '/usr/include/xfce4/xfconf-0/xfconf'
 /bin/mkdir -p '/usr/lib/pkgconfig'
 /usr/bin/install -c -m 644 libxfconf-0.pc '/usr/lib/pkgconfig'
make[3]: Leaving directory '/sources/7.9/xfconf-4.12.0/xfconf'
make[2]: Leaving directory '/sources/7.9/xfconf-4.12.0/xfconf'
make[1]: Leaving directory '/sources/7.9/xfconf-4.12.0/xfconf'
Making install in xfconfd
make[1]: Entering directory '/sources/7.9/xfconf-4.12.0/xfconfd'
make  install-am
make[2]: Entering directory '/sources/7.9/xfconf-4.12.0/xfconfd'
make[3]: Entering directory '/sources/7.9/xfconf-4.12.0/xfconfd'
make[3]: Nothing to be done for 'install-exec-am'.
 /bin/mkdir -p '/usr/share/dbus-1/services'
 /usr/bin/install -c -m 644 org.xfce.Xfconf.service '/usr/share/dbus-1/services'
 /bin/mkdir -p '/usr/lib/xfce4/xfconf'
  /bin/sh ../libtool   --mode=install /usr/bin/install -c xfconfd '/usr/lib/xfce4/xfconf'
libtool: install: /usr/bin/install -c xfconfd /usr/lib/xfce4/xfconf/xfconfd
make[3]: Leaving directory '/sources/7.9/xfconf-4.12.0/xfconfd'
make[2]: Leaving directory '/sources/7.9/xfconf-4.12.0/xfconfd'
make[1]: Leaving directory '/sources/7.9/xfconf-4.12.0/xfconfd'
Making install in xfconf-query
make[1]: Entering directory '/sources/7.9/xfconf-4.12.0/xfconf-query'
make[2]: Entering directory '/sources/7.9/xfconf-4.12.0/xfconf-query'
 /bin/mkdir -p '/usr/bin'
  /bin/sh ../libtool   --mode=install /usr/bin/install -c xfconf-query '/usr/bin'
libtool: install: /usr/bin/install -c .libs/xfconf-query /usr/bin/xfconf-query
make[2]: Nothing to be done for 'install-data-am'.
make[2]: Leaving directory '/sources/7.9/xfconf-4.12.0/xfconf-query'
make[1]: Leaving directory '/sources/7.9/xfconf-4.12.0/xfconf-query'
Making install in xfconf-perl
make[1]: Entering directory '/sources/7.9/xfconf-4.12.0/xfconf-perl'
Making install in xs
make[2]: Entering directory '/sources/7.9/xfconf-4.12.0/xfconf-perl/xs'
make[3]: Entering directory '/sources/7.9/xfconf-4.12.0/xfconf-perl/xs'
make[3]: Nothing to be done for 'install-exec-am'.
make[3]: Nothing to be done for 'install-data-am'.
make[3]: Leaving directory '/sources/7.9/xfconf-4.12.0/xfconf-perl/xs'
make[2]: Leaving directory '/sources/7.9/xfconf-4.12.0/xfconf-perl/xs'
make[2]: Entering directory '/sources/7.9/xfconf-4.12.0/xfconf-perl'
make[3]: Entering directory '/sources/7.9/xfconf-4.12.0/xfconf-perl'
make[3]: Nothing to be done for 'install-exec-am'.
make[3]: Nothing to be done for 'install-data-am'.
make[3]: Leaving directory '/sources/7.9/xfconf-4.12.0/xfconf-perl'
make[2]: Leaving directory '/sources/7.9/xfconf-4.12.0/xfconf-perl'
make[1]: Leaving directory '/sources/7.9/xfconf-4.12.0/xfconf-perl'
Making install in po
make[1]: Entering directory '/sources/7.9/xfconf-4.12.0/po'
linguas="ar ast bg bn ca cs da de el en_AU en_GB es eu fi fr gl he hr hu id is it ja kk ko lt lv ms nb nl nn oc pa pl pt pt_BR ro ru si sk sr sv te th tr ug uk ur ur_PK zh_CN zh_HK zh_TW "; \
for lang in $linguas; do \
  dir=/usr/share/locale/$lang/LC_MESSAGES; \
  /bin/sh /sources/7.9/xfconf-4.12.0/install-sh -d $dir; \
  if test -r $lang.gmo; then \
    /usr/bin/install -c -m 644 $lang.gmo $dir/xfconf.mo; \
    echo "installing $lang.gmo as $dir/xfconf.mo"; \
  else \
    /usr/bin/install -c -m 644 ./$lang.gmo $dir/xfconf.mo; \
    echo "installing ./$lang.gmo as" \
	 "$dir/xfconf.mo"; \
  fi; \
  if test -r $lang.gmo.m; then \
    /usr/bin/install -c -m 644 $lang.gmo.m $dir/xfconf.mo.m; \
    echo "installing $lang.gmo.m as $dir/xfconf.mo.m"; \
  else \
    if test -r ./$lang.gmo.m ; then \
      /usr/bin/install -c -m 644 ./$lang.gmo.m \
	$dir/xfconf.mo.m; \
      echo "installing ./$lang.gmo.m as" \
	   "$dir/xfconf.mo.m"; \
    else \
      true; \
    fi; \
  fi; \
done
installing ar.gmo as /usr/share/locale/ar/LC_MESSAGES/xfconf.mo
installing ast.gmo as /usr/share/locale/ast/LC_MESSAGES/xfconf.mo
installing bg.gmo as /usr/share/locale/bg/LC_MESSAGES/xfconf.mo
installing bn.gmo as /usr/share/locale/bn/LC_MESSAGES/xfconf.mo
installing ca.gmo as /usr/share/locale/ca/LC_MESSAGES/xfconf.mo
installing cs.gmo as /usr/share/locale/cs/LC_MESSAGES/xfconf.mo
installing da.gmo as /usr/share/locale/da/LC_MESSAGES/xfconf.mo
installing de.gmo as /usr/share/locale/de/LC_MESSAGES/xfconf.mo
installing el.gmo as /usr/share/locale/el/LC_MESSAGES/xfconf.mo
installing en_AU.gmo as /usr/share/locale/en_AU/LC_MESSAGES/xfconf.mo
installing en_GB.gmo as /usr/share/locale/en_GB/LC_MESSAGES/xfconf.mo
installing es.gmo as /usr/share/locale/es/LC_MESSAGES/xfconf.mo
installing eu.gmo as /usr/share/locale/eu/LC_MESSAGES/xfconf.mo
installing fi.gmo as /usr/share/locale/fi/LC_MESSAGES/xfconf.mo
installing fr.gmo as /usr/share/locale/fr/LC_MESSAGES/xfconf.mo
installing gl.gmo as /usr/share/locale/gl/LC_MESSAGES/xfconf.mo
installing he.gmo as /usr/share/locale/he/LC_MESSAGES/xfconf.mo
installing hr.gmo as /usr/share/locale/hr/LC_MESSAGES/xfconf.mo
installing hu.gmo as /usr/share/locale/hu/LC_MESSAGES/xfconf.mo
installing id.gmo as /usr/share/locale/id/LC_MESSAGES/xfconf.mo
installing is.gmo as /usr/share/locale/is/LC_MESSAGES/xfconf.mo
installing it.gmo as /usr/share/locale/it/LC_MESSAGES/xfconf.mo
installing ja.gmo as /usr/share/locale/ja/LC_MESSAGES/xfconf.mo
installing kk.gmo as /usr/share/locale/kk/LC_MESSAGES/xfconf.mo
installing ko.gmo as /usr/share/locale/ko/LC_MESSAGES/xfconf.mo
installing lt.gmo as /usr/share/locale/lt/LC_MESSAGES/xfconf.mo
installing lv.gmo as /usr/share/locale/lv/LC_MESSAGES/xfconf.mo
installing ms.gmo as /usr/share/locale/ms/LC_MESSAGES/xfconf.mo
installing nb.gmo as /usr/share/locale/nb/LC_MESSAGES/xfconf.mo
installing nl.gmo as /usr/share/locale/nl/LC_MESSAGES/xfconf.mo
installing nn.gmo as /usr/share/locale/nn/LC_MESSAGES/xfconf.mo
installing oc.gmo as /usr/share/locale/oc/LC_MESSAGES/xfconf.mo
installing pa.gmo as /usr/share/locale/pa/LC_MESSAGES/xfconf.mo
installing pl.gmo as /usr/share/locale/pl/LC_MESSAGES/xfconf.mo
installing pt.gmo as /usr/share/locale/pt/LC_MESSAGES/xfconf.mo
installing pt_BR.gmo as /usr/share/locale/pt_BR/LC_MESSAGES/xfconf.mo
installing ro.gmo as /usr/share/locale/ro/LC_MESSAGES/xfconf.mo
installing ru.gmo as /usr/share/locale/ru/LC_MESSAGES/xfconf.mo
installing si.gmo as /usr/share/locale/si/LC_MESSAGES/xfconf.mo
installing sk.gmo as /usr/share/locale/sk/LC_MESSAGES/xfconf.mo
installing sr.gmo as /usr/share/locale/sr/LC_MESSAGES/xfconf.mo
installing sv.gmo as /usr/share/locale/sv/LC_MESSAGES/xfconf.mo
installing te.gmo as /usr/share/locale/te/LC_MESSAGES/xfconf.mo
installing th.gmo as /usr/share/locale/th/LC_MESSAGES/xfconf.mo
installing tr.gmo as /usr/share/locale/tr/LC_MESSAGES/xfconf.mo
installing ug.gmo as /usr/share/locale/ug/LC_MESSAGES/xfconf.mo
installing uk.gmo as /usr/share/locale/uk/LC_MESSAGES/xfconf.mo
installing ur.gmo as /usr/share/locale/ur/LC_MESSAGES/xfconf.mo
installing ur_PK.gmo as /usr/share/locale/ur_PK/LC_MESSAGES/xfconf.mo
installing zh_CN.gmo as /usr/share/locale/zh_CN/LC_MESSAGES/xfconf.mo
installing zh_HK.gmo as /usr/share/locale/zh_HK/LC_MESSAGES/xfconf.mo
installing zh_TW.gmo as /usr/share/locale/zh_TW/LC_MESSAGES/xfconf.mo
make[1]: Leaving directory '/sources/7.9/xfconf-4.12.0/po'
Making install in docs
make[1]: Entering directory '/sources/7.9/xfconf-4.12.0/docs'
Making install in reference
make[2]: Entering directory '/sources/7.9/xfconf-4.12.0/docs/reference'
make[3]: Entering directory '/sources/7.9/xfconf-4.12.0/docs/reference'
make[3]: Nothing to be done for 'install-exec-am'.
mkdir -p -- /usr/share/gtk-doc/html/xfconf
 /usr/bin/install -c -m 644 ./html/ch01.html
 /usr/bin/install -c -m 644 ./html/ch02.html
 /usr/bin/install -c -m 644 ./html/ch03.html
 /usr/bin/install -c -m 644 ./html/home.png
 /usr/bin/install -c -m 644 ./html/index.html
 /usr/bin/install -c -m 644 ./html/index.sgml
 /usr/bin/install -c -m 644 ./html/left-insensitive.png
 /usr/bin/install -c -m 644 ./html/left.png
 /usr/bin/install -c -m 644 ./html/right-insensitive.png
 /usr/bin/install -c -m 644 ./html/right.png
 /usr/bin/install -c -m 644 ./html/style.css
 /usr/bin/install -c -m 644 ./html/up-insensitive.png
 /usr/bin/install -c -m 644 ./html/up.png
 /usr/bin/install -c -m 644 ./html/xfconf.devhelp2
 /usr/bin/install -c -m 644 ./html/xfconf-xfconf-backend.html
 /usr/bin/install -c -m 644 ./html/xfconf-xfconf-binding.html
 /usr/bin/install -c -m 644 ./html/xfconf-xfconf-channel.html
 /usr/bin/install -c -m 644 ./html/xfconf-xfconf-errors.html
 /usr/bin/install -c -m 644 ./html/xfconf-xfconf.html
 /usr/bin/install -c -m 644 ./html/xfconf-xfconf-types.html
make[3]: Leaving directory '/sources/7.9/xfconf-4.12.0/docs/reference'
make[2]: Leaving directory '/sources/7.9/xfconf-4.12.0/docs/reference'
Making install in spec
make[2]: Entering directory '/sources/7.9/xfconf-4.12.0/docs/spec'
make[3]: Entering directory '/sources/7.9/xfconf-4.12.0/docs/spec'
make[3]: Nothing to be done for 'install-exec-am'.
make[3]: Nothing to be done for 'install-data-am'.
make[3]: Leaving directory '/sources/7.9/xfconf-4.12.0/docs/spec'
make[2]: Leaving directory '/sources/7.9/xfconf-4.12.0/docs/spec'
make[2]: Entering directory '/sources/7.9/xfconf-4.12.0/docs'
make[3]: Entering directory '/sources/7.9/xfconf-4.12.0/docs'
make[3]: Nothing to be done for 'install-exec-am'.
make[3]: Nothing to be done for 'install-data-am'.
make[3]: Leaving directory '/sources/7.9/xfconf-4.12.0/docs'
make[2]: Leaving directory '/sources/7.9/xfconf-4.12.0/docs'
make[1]: Leaving directory '/sources/7.9/xfconf-4.12.0/docs'
Making install in tests
make[1]: Entering directory '/sources/7.9/xfconf-4.12.0/tests'
Making install in set-properties
make[2]: Entering directory '/sources/7.9/xfconf-4.12.0/tests/set-properties'
make[3]: Entering directory '/sources/7.9/xfconf-4.12.0/tests/set-properties'
make[3]: Nothing to be done for 'install-exec-am'.
make[3]: Nothing to be done for 'install-data-am'.
make[3]: Leaving directory '/sources/7.9/xfconf-4.12.0/tests/set-properties'
make[2]: Leaving directory '/sources/7.9/xfconf-4.12.0/tests/set-properties'
Making install in has-properties
make[2]: Entering directory '/sources/7.9/xfconf-4.12.0/tests/has-properties'
make[3]: Entering directory '/sources/7.9/xfconf-4.12.0/tests/has-properties'
make[3]: Nothing to be done for 'install-exec-am'.
make[3]: Nothing to be done for 'install-data-am'.
make[3]: Leaving directory '/sources/7.9/xfconf-4.12.0/tests/has-properties'
make[2]: Leaving directory '/sources/7.9/xfconf-4.12.0/tests/has-properties'
Making install in get-properties
make[2]: Entering directory '/sources/7.9/xfconf-4.12.0/tests/get-properties'
make[3]: Entering directory '/sources/7.9/xfconf-4.12.0/tests/get-properties'
make[3]: Nothing to be done for 'install-exec-am'.
make[3]: Nothing to be done for 'install-data-am'.
make[3]: Leaving directory '/sources/7.9/xfconf-4.12.0/tests/get-properties'
make[2]: Leaving directory '/sources/7.9/xfconf-4.12.0/tests/get-properties'
Making install in reset-properties
make[2]: Entering directory '/sources/7.9/xfconf-4.12.0/tests/reset-properties'
make[3]: Entering directory '/sources/7.9/xfconf-4.12.0/tests/reset-properties'
make[3]: Nothing to be done for 'install-exec-am'.
make[3]: Nothing to be done for 'install-data-am'.
make[3]: Leaving directory '/sources/7.9/xfconf-4.12.0/tests/reset-properties'
make[2]: Leaving directory '/sources/7.9/xfconf-4.12.0/tests/reset-properties'
Making install in property-changed-signal
make[2]: Entering directory '/sources/7.9/xfconf-4.12.0/tests/property-changed-signal'
make[3]: Entering directory '/sources/7.9/xfconf-4.12.0/tests/property-changed-signal'
make[3]: Nothing to be done for 'install-exec-am'.
make[3]: Nothing to be done for 'install-data-am'.
make[3]: Leaving directory '/sources/7.9/xfconf-4.12.0/tests/property-changed-signal'
make[2]: Leaving directory '/sources/7.9/xfconf-4.12.0/tests/property-changed-signal'
Making install in object-bindings
make[2]: Entering directory '/sources/7.9/xfconf-4.12.0/tests/object-bindings'
make[3]: Entering directory '/sources/7.9/xfconf-4.12.0/tests/object-bindings'
make[3]: Nothing to be done for 'install-exec-am'.
make[3]: Nothing to be done for 'install-data-am'.
make[3]: Leaving directory '/sources/7.9/xfconf-4.12.0/tests/object-bindings'
make[2]: Leaving directory '/sources/7.9/xfconf-4.12.0/tests/object-bindings'
make[2]: Entering directory '/sources/7.9/xfconf-4.12.0/tests'
make[3]: Entering directory '/sources/7.9/xfconf-4.12.0/tests'
make[3]: Nothing to be done for 'install-exec-am'.
make[3]: Nothing to be done for 'install-data-am'.
make[3]: Leaving directory '/sources/7.9/xfconf-4.12.0/tests'
make[2]: Leaving directory '/sources/7.9/xfconf-4.12.0/tests'
make[1]: Leaving directory '/sources/7.9/xfconf-4.12.0/tests'
make[1]: Entering directory '/sources/7.9/xfconf-4.12.0'
make[2]: Entering directory '/sources/7.9/xfconf-4.12.0'
make[2]: Nothing to be done for 'install-exec-am'.
make[2]: Nothing to be done for 'install-data-am'.
make[2]: Leaving directory '/sources/7.9/xfconf-4.12.0'
make[1]: Leaving directory '/sources/7.9/xfconf-4.12.0'
