No Cython, trying Pyrex...

The python package 'Pyrex' is not available. If the .c files are available,
they will be built, but modifying the .pyx files will not rebuild them.

running install
running build
running build_py
creating build
creating build/lib.linux-x86_64-2.7
creating build/lib.linux-x86_64-2.7/bzrlib
copying bzrlib/branchbuilder.py -> build/lib.linux-x86_64-2.7/bzrlib
copying bzrlib/merge3.py -> build/lib.linux-x86_64-2.7/bzrlib
copying bzrlib/decorators.py -> build/lib.linux-x86_64-2.7/bzrlib
copying bzrlib/help.py -> build/lib.linux-x86_64-2.7/bzrlib
copying bzrlib/lazy_import.py -> build/lib.linux-x86_64-2.7/bzrlib
copying bzrlib/globbing.py -> build/lib.linux-x86_64-2.7/bzrlib
copying bzrlib/_patiencediff_py.py -> build/lib.linux-x86_64-2.7/bzrlib
copying bzrlib/tuned_gzip.py -> build/lib.linux-x86_64-2.7/bzrlib
copying bzrlib/_known_graph_py.py -> build/lib.linux-x86_64-2.7/bzrlib
copying bzrlib/win32utils.py -> build/lib.linux-x86_64-2.7/bzrlib
copying bzrlib/cmd_version_info.py -> build/lib.linux-x86_64-2.7/bzrlib
copying bzrlib/tag.py -> build/lib.linux-x86_64-2.7/bzrlib
copying bzrlib/_btree_serializer_py.py -> build/lib.linux-x86_64-2.7/bzrlib
copying bzrlib/errors.py -> build/lib.linux-x86_64-2.7/bzrlib
copying bzrlib/log.py -> build/lib.linux-x86_64-2.7/bzrlib
copying bzrlib/static_tuple.py -> build/lib.linux-x86_64-2.7/bzrlib
copying bzrlib/counted_lock.py -> build/lib.linux-x86_64-2.7/bzrlib
copying bzrlib/inventory.py -> build/lib.linux-x86_64-2.7/bzrlib
copying bzrlib/externalcommand.py -> build/lib.linux-x86_64-2.7/bzrlib
copying bzrlib/lockable_files.py -> build/lib.linux-x86_64-2.7/bzrlib
copying bzrlib/transactions.py -> build/lib.linux-x86_64-2.7/bzrlib
copying bzrlib/revision.py -> build/lib.linux-x86_64-2.7/bzrlib
copying bzrlib/vf_repository.py -> build/lib.linux-x86_64-2.7/bzrlib
copying bzrlib/xml_serializer.py -> build/lib.linux-x86_64-2.7/bzrlib
copying bzrlib/upgrade.py -> build/lib.linux-x86_64-2.7/bzrlib
copying bzrlib/email_message.py -> build/lib.linux-x86_64-2.7/bzrlib
copying bzrlib/cleanup.py -> build/lib.linux-x86_64-2.7/bzrlib
copying bzrlib/branch.py -> build/lib.linux-x86_64-2.7/bzrlib
copying bzrlib/weave.py -> build/lib.linux-x86_64-2.7/bzrlib
copying bzrlib/registry.py -> build/lib.linux-x86_64-2.7/bzrlib
copying bzrlib/vf_search.py -> build/lib.linux-x86_64-2.7/bzrlib
copying bzrlib/workingtree_3.py -> build/lib.linux-x86_64-2.7/bzrlib
copying bzrlib/lsprof.py -> build/lib.linux-x86_64-2.7/bzrlib
copying bzrlib/foreign.py -> build/lib.linux-x86_64-2.7/bzrlib
copying bzrlib/merge.py -> build/lib.linux-x86_64-2.7/bzrlib
copying bzrlib/trace.py -> build/lib.linux-x86_64-2.7/bzrlib
copying bzrlib/weavefile.py -> build/lib.linux-x86_64-2.7/bzrlib
copying bzrlib/pack.py -> build/lib.linux-x86_64-2.7/bzrlib
copying bzrlib/annotate.py -> build/lib.linux-x86_64-2.7/bzrlib
copying bzrlib/iterablefile.py -> build/lib.linux-x86_64-2.7/bzrlib
copying bzrlib/recordcounter.py -> build/lib.linux-x86_64-2.7/bzrlib
copying bzrlib/mergetools.py -> build/lib.linux-x86_64-2.7/bzrlib
copying bzrlib/rename_map.py -> build/lib.linux-x86_64-2.7/bzrlib
copying bzrlib/config.py -> build/lib.linux-x86_64-2.7/bzrlib
copying bzrlib/inspect_for_copy.py -> build/lib.linux-x86_64-2.7/bzrlib
copying bzrlib/workingtree_4.py -> build/lib.linux-x86_64-2.7/bzrlib
copying bzrlib/_dirstate_helpers_py.py -> build/lib.linux-x86_64-2.7/bzrlib
copying bzrlib/multiparent.py -> build/lib.linux-x86_64-2.7/bzrlib
copying bzrlib/reconcile.py -> build/lib.linux-x86_64-2.7/bzrlib
copying bzrlib/rio.py -> build/lib.linux-x86_64-2.7/bzrlib
copying bzrlib/bisect_multi.py -> build/lib.linux-x86_64-2.7/bzrlib
copying bzrlib/cmdline.py -> build/lib.linux-x86_64-2.7/bzrlib
copying bzrlib/filter_tree.py -> build/lib.linux-x86_64-2.7/bzrlib
copying bzrlib/bencode.py -> build/lib.linux-x86_64-2.7/bzrlib
copying bzrlib/timestamp.py -> build/lib.linux-x86_64-2.7/bzrlib
copying bzrlib/workingtree.py -> build/lib.linux-x86_64-2.7/bzrlib
copying bzrlib/textinv.py -> build/lib.linux-x86_64-2.7/bzrlib
copying bzrlib/patches.py -> build/lib.linux-x86_64-2.7/bzrlib
copying bzrlib/osutils.py -> build/lib.linux-x86_64-2.7/bzrlib
copying bzrlib/version.py -> build/lib.linux-x86_64-2.7/bzrlib
copying bzrlib/lazy_regex.py -> build/lib.linux-x86_64-2.7/bzrlib
copying bzrlib/urlutils.py -> build/lib.linux-x86_64-2.7/bzrlib
copying bzrlib/xml6.py -> build/lib.linux-x86_64-2.7/bzrlib
copying bzrlib/groupcompress.py -> build/lib.linux-x86_64-2.7/bzrlib
copying bzrlib/pyutils.py -> build/lib.linux-x86_64-2.7/bzrlib
copying bzrlib/btree_index.py -> build/lib.linux-x86_64-2.7/bzrlib
copying bzrlib/_static_tuple_py.py -> build/lib.linux-x86_64-2.7/bzrlib
copying bzrlib/revisiontree.py -> build/lib.linux-x86_64-2.7/bzrlib
copying bzrlib/transform.py -> build/lib.linux-x86_64-2.7/bzrlib
copying bzrlib/lru_cache.py -> build/lib.linux-x86_64-2.7/bzrlib
copying bzrlib/views.py -> build/lib.linux-x86_64-2.7/bzrlib
copying bzrlib/crash.py -> build/lib.linux-x86_64-2.7/bzrlib
copying bzrlib/info.py -> build/lib.linux-x86_64-2.7/bzrlib
copying bzrlib/atomicfile.py -> build/lib.linux-x86_64-2.7/bzrlib
copying bzrlib/treebuilder.py -> build/lib.linux-x86_64-2.7/bzrlib
copying bzrlib/shelf_ui.py -> build/lib.linux-x86_64-2.7/bzrlib
copying bzrlib/rules.py -> build/lib.linux-x86_64-2.7/bzrlib
copying bzrlib/check.py -> build/lib.linux-x86_64-2.7/bzrlib
copying bzrlib/bzrdir.py -> build/lib.linux-x86_64-2.7/bzrlib
copying bzrlib/bzr_distutils.py -> build/lib.linux-x86_64-2.7/bzrlib
copying bzrlib/testament.py -> build/lib.linux-x86_64-2.7/bzrlib
copying bzrlib/revisionspec.py -> build/lib.linux-x86_64-2.7/bzrlib
copying bzrlib/graph.py -> build/lib.linux-x86_64-2.7/bzrlib
copying bzrlib/add.py -> build/lib.linux-x86_64-2.7/bzrlib
copying bzrlib/progress.py -> build/lib.linux-x86_64-2.7/bzrlib
copying bzrlib/remote.py -> build/lib.linux-x86_64-2.7/bzrlib
copying bzrlib/dirstate.py -> build/lib.linux-x86_64-2.7/bzrlib
copying bzrlib/knit.py -> build/lib.linux-x86_64-2.7/bzrlib
copying bzrlib/patiencediff.py -> build/lib.linux-x86_64-2.7/bzrlib
copying bzrlib/cethread.py -> build/lib.linux-x86_64-2.7/bzrlib
copying bzrlib/missing.py -> build/lib.linux-x86_64-2.7/bzrlib
copying bzrlib/utextwrap.py -> build/lib.linux-x86_64-2.7/bzrlib
copying bzrlib/hashcache.py -> build/lib.linux-x86_64-2.7/bzrlib
copying bzrlib/reconfigure.py -> build/lib.linux-x86_64-2.7/bzrlib
copying bzrlib/fifo_cache.py -> build/lib.linux-x86_64-2.7/bzrlib
copying bzrlib/smtp_connection.py -> build/lib.linux-x86_64-2.7/bzrlib
copying bzrlib/breakin.py -> build/lib.linux-x86_64-2.7/bzrlib
copying bzrlib/shellcomplete.py -> build/lib.linux-x86_64-2.7/bzrlib
copying bzrlib/_termcolor.py -> build/lib.linux-x86_64-2.7/bzrlib
copying bzrlib/chunk_writer.py -> build/lib.linux-x86_64-2.7/bzrlib
copying bzrlib/patch.py -> build/lib.linux-x86_64-2.7/bzrlib
copying bzrlib/ignores.py -> build/lib.linux-x86_64-2.7/bzrlib
copying bzrlib/_chunks_to_lines_py.py -> build/lib.linux-x86_64-2.7/bzrlib
copying bzrlib/i18n.py -> build/lib.linux-x86_64-2.7/bzrlib
copying bzrlib/tree.py -> build/lib.linux-x86_64-2.7/bzrlib
copying bzrlib/debug.py -> build/lib.linux-x86_64-2.7/bzrlib
copying bzrlib/clean_tree.py -> build/lib.linux-x86_64-2.7/bzrlib
copying bzrlib/_chk_map_py.py -> build/lib.linux-x86_64-2.7/bzrlib
copying bzrlib/export_pot.py -> build/lib.linux-x86_64-2.7/bzrlib
copying bzrlib/mail_client.py -> build/lib.linux-x86_64-2.7/bzrlib
copying bzrlib/controldir.py -> build/lib.linux-x86_64-2.7/bzrlib
copying bzrlib/identitymap.py -> build/lib.linux-x86_64-2.7/bzrlib
copying bzrlib/symbol_versioning.py -> build/lib.linux-x86_64-2.7/bzrlib
copying bzrlib/inter.py -> build/lib.linux-x86_64-2.7/bzrlib
copying bzrlib/_groupcompress_py.py -> build/lib.linux-x86_64-2.7/bzrlib
copying bzrlib/_knit_load_data_py.py -> build/lib.linux-x86_64-2.7/bzrlib
copying bzrlib/diff.py -> build/lib.linux-x86_64-2.7/bzrlib
copying bzrlib/tsort.py -> build/lib.linux-x86_64-2.7/bzrlib
copying bzrlib/uncommit.py -> build/lib.linux-x86_64-2.7/bzrlib
copying bzrlib/library_state.py -> build/lib.linux-x86_64-2.7/bzrlib
copying bzrlib/hooks.py -> build/lib.linux-x86_64-2.7/bzrlib
copying bzrlib/fetch.py -> build/lib.linux-x86_64-2.7/bzrlib
copying bzrlib/_readdir_py.py -> build/lib.linux-x86_64-2.7/bzrlib
copying bzrlib/xml5.py -> build/lib.linux-x86_64-2.7/bzrlib
copying bzrlib/lock.py -> build/lib.linux-x86_64-2.7/bzrlib
copying bzrlib/switch.py -> build/lib.linux-x86_64-2.7/bzrlib
copying bzrlib/url_policy_open.py -> build/lib.linux-x86_64-2.7/bzrlib
copying bzrlib/_annotator_py.py -> build/lib.linux-x86_64-2.7/bzrlib
copying bzrlib/strace.py -> build/lib.linux-x86_64-2.7/bzrlib
copying bzrlib/serializer.py -> build/lib.linux-x86_64-2.7/bzrlib
copying bzrlib/_rio_py.py -> build/lib.linux-x86_64-2.7/bzrlib
copying bzrlib/push.py -> build/lib.linux-x86_64-2.7/bzrlib
copying bzrlib/send.py -> build/lib.linux-x86_64-2.7/bzrlib
copying bzrlib/generate_ids.py -> build/lib.linux-x86_64-2.7/bzrlib
copying bzrlib/commit.py -> build/lib.linux-x86_64-2.7/bzrlib
copying bzrlib/textmerge.py -> build/lib.linux-x86_64-2.7/bzrlib
copying bzrlib/mutabletree.py -> build/lib.linux-x86_64-2.7/bzrlib
copying bzrlib/lockdir.py -> build/lib.linux-x86_64-2.7/bzrlib
copying bzrlib/builtins.py -> build/lib.linux-x86_64-2.7/bzrlib
copying bzrlib/chk_map.py -> build/lib.linux-x86_64-2.7/bzrlib
copying bzrlib/estimate_compressed_size.py -> build/lib.linux-x86_64-2.7/bzrlib
copying bzrlib/option.py -> build/lib.linux-x86_64-2.7/bzrlib
copying bzrlib/commands.py -> build/lib.linux-x86_64-2.7/bzrlib
copying bzrlib/versionedfile.py -> build/lib.linux-x86_64-2.7/bzrlib
copying bzrlib/intset.py -> build/lib.linux-x86_64-2.7/bzrlib
copying bzrlib/inventory_delta.py -> build/lib.linux-x86_64-2.7/bzrlib
copying bzrlib/merge_directive.py -> build/lib.linux-x86_64-2.7/bzrlib
copying bzrlib/commit_signature_commands.py -> build/lib.linux-x86_64-2.7/bzrlib
copying bzrlib/chk_serializer.py -> build/lib.linux-x86_64-2.7/bzrlib
copying bzrlib/delta.py -> build/lib.linux-x86_64-2.7/bzrlib
copying bzrlib/index.py -> build/lib.linux-x86_64-2.7/bzrlib
copying bzrlib/gpg.py -> build/lib.linux-x86_64-2.7/bzrlib
copying bzrlib/cache_utf8.py -> build/lib.linux-x86_64-2.7/bzrlib
copying bzrlib/status.py -> build/lib.linux-x86_64-2.7/bzrlib
copying bzrlib/xml8.py -> build/lib.linux-x86_64-2.7/bzrlib
copying bzrlib/conflicts.py -> build/lib.linux-x86_64-2.7/bzrlib
copying bzrlib/directory_service.py -> build/lib.linux-x86_64-2.7/bzrlib
copying bzrlib/shelf.py -> build/lib.linux-x86_64-2.7/bzrlib
copying bzrlib/__init__.py -> build/lib.linux-x86_64-2.7/bzrlib
copying bzrlib/api.py -> build/lib.linux-x86_64-2.7/bzrlib
copying bzrlib/xml7.py -> build/lib.linux-x86_64-2.7/bzrlib
copying bzrlib/memorytree.py -> build/lib.linux-x86_64-2.7/bzrlib
copying bzrlib/bugtracker.py -> build/lib.linux-x86_64-2.7/bzrlib
copying bzrlib/plugin.py -> build/lib.linux-x86_64-2.7/bzrlib
copying bzrlib/textfile.py -> build/lib.linux-x86_64-2.7/bzrlib
copying bzrlib/msgeditor.py -> build/lib.linux-x86_64-2.7/bzrlib
copying bzrlib/repository.py -> build/lib.linux-x86_64-2.7/bzrlib
copying bzrlib/cmd_test_script.py -> build/lib.linux-x86_64-2.7/bzrlib
creating build/lib.linux-x86_64-2.7/bzrlib/branchfmt
copying bzrlib/branchfmt/__init__.py -> build/lib.linux-x86_64-2.7/bzrlib/branchfmt
copying bzrlib/branchfmt/fullhistory.py -> build/lib.linux-x86_64-2.7/bzrlib/branchfmt
creating build/lib.linux-x86_64-2.7/bzrlib/bundle
copying bzrlib/bundle/apply_bundle.py -> build/lib.linux-x86_64-2.7/bzrlib/bundle
copying bzrlib/bundle/bundle_data.py -> build/lib.linux-x86_64-2.7/bzrlib/bundle
copying bzrlib/bundle/commands.py -> build/lib.linux-x86_64-2.7/bzrlib/bundle
copying bzrlib/bundle/__init__.py -> build/lib.linux-x86_64-2.7/bzrlib/bundle
creating build/lib.linux-x86_64-2.7/bzrlib/bundle/serializer
copying bzrlib/bundle/serializer/v08.py -> build/lib.linux-x86_64-2.7/bzrlib/bundle/serializer
copying bzrlib/bundle/serializer/v09.py -> build/lib.linux-x86_64-2.7/bzrlib/bundle/serializer
copying bzrlib/bundle/serializer/v4.py -> build/lib.linux-x86_64-2.7/bzrlib/bundle/serializer
copying bzrlib/bundle/serializer/__init__.py -> build/lib.linux-x86_64-2.7/bzrlib/bundle/serializer
creating build/lib.linux-x86_64-2.7/bzrlib/doc
copying bzrlib/doc/__init__.py -> build/lib.linux-x86_64-2.7/bzrlib/doc
creating build/lib.linux-x86_64-2.7/bzrlib/doc/api
copying bzrlib/doc/api/__init__.py -> build/lib.linux-x86_64-2.7/bzrlib/doc/api
creating build/lib.linux-x86_64-2.7/bzrlib/doc_generate
copying bzrlib/doc_generate/autodoc_man.py -> build/lib.linux-x86_64-2.7/bzrlib/doc_generate
copying bzrlib/doc_generate/autodoc_bash_completion.py -> build/lib.linux-x86_64-2.7/bzrlib/doc_generate
copying bzrlib/doc_generate/conf.py -> build/lib.linux-x86_64-2.7/bzrlib/doc_generate
copying bzrlib/doc_generate/autodoc_rstx.py -> build/lib.linux-x86_64-2.7/bzrlib/doc_generate
copying bzrlib/doc_generate/__init__.py -> build/lib.linux-x86_64-2.7/bzrlib/doc_generate
creating build/lib.linux-x86_64-2.7/bzrlib/export
copying bzrlib/export/zip_exporter.py -> build/lib.linux-x86_64-2.7/bzrlib/export
copying bzrlib/export/dir_exporter.py -> build/lib.linux-x86_64-2.7/bzrlib/export
copying bzrlib/export/tar_exporter.py -> build/lib.linux-x86_64-2.7/bzrlib/export
copying bzrlib/export/__init__.py -> build/lib.linux-x86_64-2.7/bzrlib/export
creating build/lib.linux-x86_64-2.7/bzrlib/filters
copying bzrlib/filters/eol.py -> build/lib.linux-x86_64-2.7/bzrlib/filters
copying bzrlib/filters/__init__.py -> build/lib.linux-x86_64-2.7/bzrlib/filters
creating build/lib.linux-x86_64-2.7/bzrlib/help_topics
copying bzrlib/help_topics/__init__.py -> build/lib.linux-x86_64-2.7/bzrlib/help_topics
creating build/lib.linux-x86_64-2.7/bzrlib/plugins
copying bzrlib/plugins/__init__.py -> build/lib.linux-x86_64-2.7/bzrlib/plugins
creating build/lib.linux-x86_64-2.7/bzrlib/plugins/bash_completion
copying bzrlib/plugins/bash_completion/bashcomp.py -> build/lib.linux-x86_64-2.7/bzrlib/plugins/bash_completion
copying bzrlib/plugins/bash_completion/__init__.py -> build/lib.linux-x86_64-2.7/bzrlib/plugins/bash_completion
creating build/lib.linux-x86_64-2.7/bzrlib/plugins/bash_completion/tests
copying bzrlib/plugins/bash_completion/tests/test_bashcomp.py -> build/lib.linux-x86_64-2.7/bzrlib/plugins/bash_completion/tests
copying bzrlib/plugins/bash_completion/tests/__init__.py -> build/lib.linux-x86_64-2.7/bzrlib/plugins/bash_completion/tests
creating build/lib.linux-x86_64-2.7/bzrlib/plugins/changelog_merge
copying bzrlib/plugins/changelog_merge/changelog_merge.py -> build/lib.linux-x86_64-2.7/bzrlib/plugins/changelog_merge
copying bzrlib/plugins/changelog_merge/__init__.py -> build/lib.linux-x86_64-2.7/bzrlib/plugins/changelog_merge
creating build/lib.linux-x86_64-2.7/bzrlib/plugins/changelog_merge/tests
copying bzrlib/plugins/changelog_merge/tests/test_changelog_merge.py -> build/lib.linux-x86_64-2.7/bzrlib/plugins/changelog_merge/tests
copying bzrlib/plugins/changelog_merge/tests/__init__.py -> build/lib.linux-x86_64-2.7/bzrlib/plugins/changelog_merge/tests
creating build/lib.linux-x86_64-2.7/bzrlib/plugins/grep
copying bzrlib/plugins/grep/cmds.py -> build/lib.linux-x86_64-2.7/bzrlib/plugins/grep
copying bzrlib/plugins/grep/grep.py -> build/lib.linux-x86_64-2.7/bzrlib/plugins/grep
copying bzrlib/plugins/grep/test_grep.py -> build/lib.linux-x86_64-2.7/bzrlib/plugins/grep
copying bzrlib/plugins/grep/__init__.py -> build/lib.linux-x86_64-2.7/bzrlib/plugins/grep
creating build/lib.linux-x86_64-2.7/bzrlib/plugins/launchpad
copying bzrlib/plugins/launchpad/cmds.py -> build/lib.linux-x86_64-2.7/bzrlib/plugins/launchpad
copying bzrlib/plugins/launchpad/lp_propose.py -> build/lib.linux-x86_64-2.7/bzrlib/plugins/launchpad
copying bzrlib/plugins/launchpad/test_lp_api.py -> build/lib.linux-x86_64-2.7/bzrlib/plugins/launchpad
copying bzrlib/plugins/launchpad/test_register.py -> build/lib.linux-x86_64-2.7/bzrlib/plugins/launchpad
copying bzrlib/plugins/launchpad/lp_api.py -> build/lib.linux-x86_64-2.7/bzrlib/plugins/launchpad
copying bzrlib/plugins/launchpad/account.py -> build/lib.linux-x86_64-2.7/bzrlib/plugins/launchpad
copying bzrlib/plugins/launchpad/lp_directory.py -> build/lib.linux-x86_64-2.7/bzrlib/plugins/launchpad
copying bzrlib/plugins/launchpad/test_lp_api_lite.py -> build/lib.linux-x86_64-2.7/bzrlib/plugins/launchpad
copying bzrlib/plugins/launchpad/test_lp_open.py -> build/lib.linux-x86_64-2.7/bzrlib/plugins/launchpad
copying bzrlib/plugins/launchpad/test_account.py -> build/lib.linux-x86_64-2.7/bzrlib/plugins/launchpad
copying bzrlib/plugins/launchpad/test_lp_service.py -> build/lib.linux-x86_64-2.7/bzrlib/plugins/launchpad
copying bzrlib/plugins/launchpad/test_lp_directory.py -> build/lib.linux-x86_64-2.7/bzrlib/plugins/launchpad
copying bzrlib/plugins/launchpad/lp_api_lite.py -> build/lib.linux-x86_64-2.7/bzrlib/plugins/launchpad
copying bzrlib/plugins/launchpad/__init__.py -> build/lib.linux-x86_64-2.7/bzrlib/plugins/launchpad
copying bzrlib/plugins/launchpad/test_lp_login.py -> build/lib.linux-x86_64-2.7/bzrlib/plugins/launchpad
copying bzrlib/plugins/launchpad/lp_registration.py -> build/lib.linux-x86_64-2.7/bzrlib/plugins/launchpad
creating build/lib.linux-x86_64-2.7/bzrlib/plugins/netrc_credential_store
copying bzrlib/plugins/netrc_credential_store/__init__.py -> build/lib.linux-x86_64-2.7/bzrlib/plugins/netrc_credential_store
creating build/lib.linux-x86_64-2.7/bzrlib/plugins/netrc_credential_store/tests
copying bzrlib/plugins/netrc_credential_store/tests/test_netrc.py -> build/lib.linux-x86_64-2.7/bzrlib/plugins/netrc_credential_store/tests
copying bzrlib/plugins/netrc_credential_store/tests/__init__.py -> build/lib.linux-x86_64-2.7/bzrlib/plugins/netrc_credential_store/tests
creating build/lib.linux-x86_64-2.7/bzrlib/plugins/news_merge
copying bzrlib/plugins/news_merge/parser.py -> build/lib.linux-x86_64-2.7/bzrlib/plugins/news_merge
copying bzrlib/plugins/news_merge/news_merge.py -> build/lib.linux-x86_64-2.7/bzrlib/plugins/news_merge
copying bzrlib/plugins/news_merge/__init__.py -> build/lib.linux-x86_64-2.7/bzrlib/plugins/news_merge
creating build/lib.linux-x86_64-2.7/bzrlib/plugins/news_merge/tests
copying bzrlib/plugins/news_merge/tests/test_news_merge.py -> build/lib.linux-x86_64-2.7/bzrlib/plugins/news_merge/tests
copying bzrlib/plugins/news_merge/tests/__init__.py -> build/lib.linux-x86_64-2.7/bzrlib/plugins/news_merge/tests
creating build/lib.linux-x86_64-2.7/bzrlib/plugins/po_merge
copying bzrlib/plugins/po_merge/po_merge.py -> build/lib.linux-x86_64-2.7/bzrlib/plugins/po_merge
copying bzrlib/plugins/po_merge/__init__.py -> build/lib.linux-x86_64-2.7/bzrlib/plugins/po_merge
creating build/lib.linux-x86_64-2.7/bzrlib/plugins/po_merge/tests
copying bzrlib/plugins/po_merge/tests/test_po_merge.py -> build/lib.linux-x86_64-2.7/bzrlib/plugins/po_merge/tests
copying bzrlib/plugins/po_merge/tests/__init__.py -> build/lib.linux-x86_64-2.7/bzrlib/plugins/po_merge/tests
creating build/lib.linux-x86_64-2.7/bzrlib/plugins/weave_fmt
copying bzrlib/plugins/weave_fmt/branch.py -> build/lib.linux-x86_64-2.7/bzrlib/plugins/weave_fmt
copying bzrlib/plugins/weave_fmt/test_workingtree.py -> build/lib.linux-x86_64-2.7/bzrlib/plugins/weave_fmt
copying bzrlib/plugins/weave_fmt/workingtree.py -> build/lib.linux-x86_64-2.7/bzrlib/plugins/weave_fmt
copying bzrlib/plugins/weave_fmt/bzrdir.py -> build/lib.linux-x86_64-2.7/bzrlib/plugins/weave_fmt
copying bzrlib/plugins/weave_fmt/test_repository.py -> build/lib.linux-x86_64-2.7/bzrlib/plugins/weave_fmt
copying bzrlib/plugins/weave_fmt/test_bzrdir.py -> build/lib.linux-x86_64-2.7/bzrlib/plugins/weave_fmt
copying bzrlib/plugins/weave_fmt/xml4.py -> build/lib.linux-x86_64-2.7/bzrlib/plugins/weave_fmt
copying bzrlib/plugins/weave_fmt/__init__.py -> build/lib.linux-x86_64-2.7/bzrlib/plugins/weave_fmt
copying bzrlib/plugins/weave_fmt/repository.py -> build/lib.linux-x86_64-2.7/bzrlib/plugins/weave_fmt
creating build/lib.linux-x86_64-2.7/bzrlib/repofmt
copying bzrlib/repofmt/knitpack_repo.py -> build/lib.linux-x86_64-2.7/bzrlib/repofmt
copying bzrlib/repofmt/pack_repo.py -> build/lib.linux-x86_64-2.7/bzrlib/repofmt
copying bzrlib/repofmt/knitrepo.py -> build/lib.linux-x86_64-2.7/bzrlib/repofmt
copying bzrlib/repofmt/groupcompress_repo.py -> build/lib.linux-x86_64-2.7/bzrlib/repofmt
copying bzrlib/repofmt/__init__.py -> build/lib.linux-x86_64-2.7/bzrlib/repofmt
creating build/lib.linux-x86_64-2.7/bzrlib/smart
copying bzrlib/smart/packrepository.py -> build/lib.linux-x86_64-2.7/bzrlib/smart
copying bzrlib/smart/client.py -> build/lib.linux-x86_64-2.7/bzrlib/smart
copying bzrlib/smart/protocol.py -> build/lib.linux-x86_64-2.7/bzrlib/smart
copying bzrlib/smart/branch.py -> build/lib.linux-x86_64-2.7/bzrlib/smart
copying bzrlib/smart/vfs.py -> build/lib.linux-x86_64-2.7/bzrlib/smart
copying bzrlib/smart/signals.py -> build/lib.linux-x86_64-2.7/bzrlib/smart
copying bzrlib/smart/message.py -> build/lib.linux-x86_64-2.7/bzrlib/smart
copying bzrlib/smart/medium.py -> build/lib.linux-x86_64-2.7/bzrlib/smart
copying bzrlib/smart/bzrdir.py -> build/lib.linux-x86_64-2.7/bzrlib/smart
copying bzrlib/smart/ping.py -> build/lib.linux-x86_64-2.7/bzrlib/smart
copying bzrlib/smart/request.py -> build/lib.linux-x86_64-2.7/bzrlib/smart
copying bzrlib/smart/__init__.py -> build/lib.linux-x86_64-2.7/bzrlib/smart
copying bzrlib/smart/server.py -> build/lib.linux-x86_64-2.7/bzrlib/smart
copying bzrlib/smart/repository.py -> build/lib.linux-x86_64-2.7/bzrlib/smart
creating build/lib.linux-x86_64-2.7/bzrlib/store
copying bzrlib/store/text.py -> build/lib.linux-x86_64-2.7/bzrlib/store
copying bzrlib/store/__init__.py -> build/lib.linux-x86_64-2.7/bzrlib/store
creating build/lib.linux-x86_64-2.7/bzrlib/store/versioned
copying bzrlib/store/versioned/__init__.py -> build/lib.linux-x86_64-2.7/bzrlib/store/versioned
creating build/lib.linux-x86_64-2.7/bzrlib/tests
copying bzrlib/tests/script.py -> build/lib.linux-x86_64-2.7/bzrlib/tests
copying bzrlib/tests/test_chunk_writer.py -> build/lib.linux-x86_64-2.7/bzrlib/tests
copying bzrlib/tests/test_setup.py -> build/lib.linux-x86_64-2.7/bzrlib/tests
copying bzrlib/tests/test_export_pot.py -> build/lib.linux-x86_64-2.7/bzrlib/tests
copying bzrlib/tests/lock_helpers.py -> build/lib.linux-x86_64-2.7/bzrlib/tests
copying bzrlib/tests/test_transport_log.py -> build/lib.linux-x86_64-2.7/bzrlib/tests
copying bzrlib/tests/matchers.py -> build/lib.linux-x86_64-2.7/bzrlib/tests
copying bzrlib/tests/test_matchers.py -> build/lib.linux-x86_64-2.7/bzrlib/tests
copying bzrlib/tests/test_server.py -> build/lib.linux-x86_64-2.7/bzrlib/tests
copying bzrlib/tests/test_treeshape.py -> build/lib.linux-x86_64-2.7/bzrlib/tests
copying bzrlib/tests/test_wsgi.py -> build/lib.linux-x86_64-2.7/bzrlib/tests
copying bzrlib/tests/test_merge_core.py -> build/lib.linux-x86_64-2.7/bzrlib/tests
copying bzrlib/tests/test_foreign.py -> build/lib.linux-x86_64-2.7/bzrlib/tests
copying bzrlib/tests/test_branch.py -> build/lib.linux-x86_64-2.7/bzrlib/tests
copying bzrlib/tests/test_revert.py -> build/lib.linux-x86_64-2.7/bzrlib/tests
copying bzrlib/tests/test_strace.py -> build/lib.linux-x86_64-2.7/bzrlib/tests
copying bzrlib/tests/test_missing.py -> build/lib.linux-x86_64-2.7/bzrlib/tests
copying bzrlib/tests/test_delta.py -> build/lib.linux-x86_64-2.7/bzrlib/tests
copying bzrlib/tests/test_cleanup.py -> build/lib.linux-x86_64-2.7/bzrlib/tests
copying bzrlib/tests/test_bundle.py -> build/lib.linux-x86_64-2.7/bzrlib/tests
copying bzrlib/tests/test_index.py -> build/lib.linux-x86_64-2.7/bzrlib/tests
copying bzrlib/tests/per_transport.py -> build/lib.linux-x86_64-2.7/bzrlib/tests
copying bzrlib/tests/test_status.py -> build/lib.linux-x86_64-2.7/bzrlib/tests
copying bzrlib/tests/test_diff.py -> build/lib.linux-x86_64-2.7/bzrlib/tests
copying bzrlib/tests/test_hashcache.py -> build/lib.linux-x86_64-2.7/bzrlib/tests
copying bzrlib/tests/test_version.py -> build/lib.linux-x86_64-2.7/bzrlib/tests
copying bzrlib/tests/test_sftp_transport.py -> build/lib.linux-x86_64-2.7/bzrlib/tests
copying bzrlib/tests/test_https_urllib.py -> build/lib.linux-x86_64-2.7/bzrlib/tests
copying bzrlib/tests/test__rio.py -> build/lib.linux-x86_64-2.7/bzrlib/tests
copying bzrlib/tests/test_uncommit.py -> build/lib.linux-x86_64-2.7/bzrlib/tests
copying bzrlib/tests/test__btree_serializer.py -> build/lib.linux-x86_64-2.7/bzrlib/tests
copying bzrlib/tests/test_http_response.py -> build/lib.linux-x86_64-2.7/bzrlib/tests
copying bzrlib/tests/test_config.py -> build/lib.linux-x86_64-2.7/bzrlib/tests
copying bzrlib/tests/test_merge.py -> build/lib.linux-x86_64-2.7/bzrlib/tests
copying bzrlib/tests/test_whitebox.py -> build/lib.linux-x86_64-2.7/bzrlib/tests
copying bzrlib/tests/test_serializer.py -> build/lib.linux-x86_64-2.7/bzrlib/tests
copying bzrlib/tests/test__chunks_to_lines.py -> build/lib.linux-x86_64-2.7/bzrlib/tests
copying bzrlib/tests/test_utextwrap.py -> build/lib.linux-x86_64-2.7/bzrlib/tests
copying bzrlib/tests/test_workingtree.py -> build/lib.linux-x86_64-2.7/bzrlib/tests
copying bzrlib/tests/test_transport.py -> build/lib.linux-x86_64-2.7/bzrlib/tests
copying bzrlib/tests/test_osutils.py -> build/lib.linux-x86_64-2.7/bzrlib/tests
copying bzrlib/tests/test_conflicts.py -> build/lib.linux-x86_64-2.7/bzrlib/tests
copying bzrlib/tests/features.py -> build/lib.linux-x86_64-2.7/bzrlib/tests
copying bzrlib/tests/test_info.py -> build/lib.linux-x86_64-2.7/bzrlib/tests
copying bzrlib/tests/EncodingAdapter.py -> build/lib.linux-x86_64-2.7/bzrlib/tests
copying bzrlib/tests/http_utils.py -> build/lib.linux-x86_64-2.7/bzrlib/tests
copying bzrlib/tests/test_weave.py -> build/lib.linux-x86_64-2.7/bzrlib/tests
copying bzrlib/tests/test_subsume.py -> build/lib.linux-x86_64-2.7/bzrlib/tests
copying bzrlib/tests/test_log.py -> build/lib.linux-x86_64-2.7/bzrlib/tests
copying bzrlib/tests/test_counted_lock.py -> build/lib.linux-x86_64-2.7/bzrlib/tests
copying bzrlib/tests/test_upgrade_stacked.py -> build/lib.linux-x86_64-2.7/bzrlib/tests
copying bzrlib/tests/test_http.py -> build/lib.linux-x86_64-2.7/bzrlib/tests
copying bzrlib/tests/test_workingtree_4.py -> build/lib.linux-x86_64-2.7/bzrlib/tests
copying bzrlib/tests/test__chk_map.py -> build/lib.linux-x86_64-2.7/bzrlib/tests
copying bzrlib/tests/test_inv.py -> build/lib.linux-x86_64-2.7/bzrlib/tests
copying bzrlib/tests/test_groupcompress.py -> build/lib.linux-x86_64-2.7/bzrlib/tests
copying bzrlib/tests/testui.py -> build/lib.linux-x86_64-2.7/bzrlib/tests
copying bzrlib/tests/test__walkdirs_win32.py -> build/lib.linux-x86_64-2.7/bzrlib/tests
copying bzrlib/tests/test_estimate_compressed_size.py -> build/lib.linux-x86_64-2.7/bzrlib/tests
copying bzrlib/tests/test_smart_transport.py -> build/lib.linux-x86_64-2.7/bzrlib/tests
copying bzrlib/tests/test_rules.py -> build/lib.linux-x86_64-2.7/bzrlib/tests
copying bzrlib/tests/test_extract.py -> build/lib.linux-x86_64-2.7/bzrlib/tests
copying bzrlib/tests/test_import_tariff.py -> build/lib.linux-x86_64-2.7/bzrlib/tests
copying bzrlib/tests/test_reconfigure.py -> build/lib.linux-x86_64-2.7/bzrlib/tests
copying bzrlib/tests/test_lsprof.py -> build/lib.linux-x86_64-2.7/bzrlib/tests
copying bzrlib/tests/test_pyutils.py -> build/lib.linux-x86_64-2.7/bzrlib/tests
copying bzrlib/tests/test_merge_directive.py -> build/lib.linux-x86_64-2.7/bzrlib/tests
copying bzrlib/tests/test_smtp_connection.py -> build/lib.linux-x86_64-2.7/bzrlib/tests
copying bzrlib/tests/test_multiparent.py -> build/lib.linux-x86_64-2.7/bzrlib/tests
copying bzrlib/tests/test_https_ca_bundle.py -> build/lib.linux-x86_64-2.7/bzrlib/tests
copying bzrlib/tests/test_shelf.py -> build/lib.linux-x86_64-2.7/bzrlib/tests
copying bzrlib/tests/test_sampler.py -> build/lib.linux-x86_64-2.7/bzrlib/tests
copying bzrlib/tests/test_lazy_import.py -> build/lib.linux-x86_64-2.7/bzrlib/tests
copying bzrlib/tests/test_dirstate.py -> build/lib.linux-x86_64-2.7/bzrlib/tests
copying bzrlib/tests/test_decorators.py -> build/lib.linux-x86_64-2.7/bzrlib/tests
copying bzrlib/tests/test_rio.py -> build/lib.linux-x86_64-2.7/bzrlib/tests
copying bzrlib/tests/test_generate_docs.py -> build/lib.linux-x86_64-2.7/bzrlib/tests
copying bzrlib/tests/test_features.py -> build/lib.linux-x86_64-2.7/bzrlib/tests
copying bzrlib/tests/test_graph.py -> build/lib.linux-x86_64-2.7/bzrlib/tests
copying bzrlib/tests/test_ftp_transport.py -> build/lib.linux-x86_64-2.7/bzrlib/tests
copying bzrlib/tests/test_options.py -> build/lib.linux-x86_64-2.7/bzrlib/tests
copying bzrlib/tests/test_textmerge.py -> build/lib.linux-x86_64-2.7/bzrlib/tests
copying bzrlib/tests/test_version_info.py -> build/lib.linux-x86_64-2.7/bzrlib/tests
copying bzrlib/tests/test_testament.py -> build/lib.linux-x86_64-2.7/bzrlib/tests
copying bzrlib/tests/test_fetch.py -> build/lib.linux-x86_64-2.7/bzrlib/tests
copying bzrlib/tests/test__simple_set.py -> build/lib.linux-x86_64-2.7/bzrlib/tests
copying bzrlib/tests/test_textfile.py -> build/lib.linux-x86_64-2.7/bzrlib/tests
copying bzrlib/tests/test_symbol_versioning.py -> build/lib.linux-x86_64-2.7/bzrlib/tests
copying bzrlib/tests/TestUtil.py -> build/lib.linux-x86_64-2.7/bzrlib/tests
copying bzrlib/tests/test_transform.py -> build/lib.linux-x86_64-2.7/bzrlib/tests
copying bzrlib/tests/test_revision.py -> build/lib.linux-x86_64-2.7/bzrlib/tests
copying bzrlib/tests/stub_sftp.py -> build/lib.linux-x86_64-2.7/bzrlib/tests
copying bzrlib/tests/test_gpg.py -> build/lib.linux-x86_64-2.7/bzrlib/tests
copying bzrlib/tests/test_source.py -> build/lib.linux-x86_64-2.7/bzrlib/tests
copying bzrlib/tests/test_msgeditor.py -> build/lib.linux-x86_64-2.7/bzrlib/tests
copying bzrlib/tests/test_rename_map.py -> build/lib.linux-x86_64-2.7/bzrlib/tests
copying bzrlib/tests/test_identitymap.py -> build/lib.linux-x86_64-2.7/bzrlib/tests
copying bzrlib/tests/test_nonascii.py -> build/lib.linux-x86_64-2.7/bzrlib/tests
copying bzrlib/tests/test_transactions.py -> build/lib.linux-x86_64-2.7/bzrlib/tests
copying bzrlib/tests/test_filter_tree.py -> build/lib.linux-x86_64-2.7/bzrlib/tests
copying bzrlib/tests/test__annotator.py -> build/lib.linux-x86_64-2.7/bzrlib/tests
copying bzrlib/tests/test_commit.py -> build/lib.linux-x86_64-2.7/bzrlib/tests
copying bzrlib/tests/test_cmdline.py -> build/lib.linux-x86_64-2.7/bzrlib/tests
copying bzrlib/tests/test_revisiontree.py -> build/lib.linux-x86_64-2.7/bzrlib/tests
copying bzrlib/tests/test_commands.py -> build/lib.linux-x86_64-2.7/bzrlib/tests
copying bzrlib/tests/test_lockable_files.py -> build/lib.linux-x86_64-2.7/bzrlib/tests
copying bzrlib/tests/test_shelf_ui.py -> build/lib.linux-x86_64-2.7/bzrlib/tests
copying bzrlib/tests/test_ssh_transport.py -> build/lib.linux-x86_64-2.7/bzrlib/tests
copying bzrlib/tests/test_osutils_encodings.py -> build/lib.linux-x86_64-2.7/bzrlib/tests
copying bzrlib/tests/test_tree.py -> build/lib.linux-x86_64-2.7/bzrlib/tests
copying bzrlib/tests/test_reconcile.py -> build/lib.linux-x86_64-2.7/bzrlib/tests
copying bzrlib/tests/test_store.py -> build/lib.linux-x86_64-2.7/bzrlib/tests
copying bzrlib/tests/test_btree_index.py -> build/lib.linux-x86_64-2.7/bzrlib/tests
copying bzrlib/tests/test_branchbuilder.py -> build/lib.linux-x86_64-2.7/bzrlib/tests
copying bzrlib/tests/test_url_policy_open.py -> build/lib.linux-x86_64-2.7/bzrlib/tests
copying bzrlib/tests/test_mail_client.py -> build/lib.linux-x86_64-2.7/bzrlib/tests
copying bzrlib/tests/test_chk_map.py -> build/lib.linux-x86_64-2.7/bzrlib/tests
copying bzrlib/tests/test_crash.py -> build/lib.linux-x86_64-2.7/bzrlib/tests
copying bzrlib/tests/test_controldir.py -> build/lib.linux-x86_64-2.7/bzrlib/tests
copying bzrlib/tests/test_smart_signals.py -> build/lib.linux-x86_64-2.7/bzrlib/tests
copying bzrlib/tests/test_versionedfile.py -> build/lib.linux-x86_64-2.7/bzrlib/tests
copying bzrlib/tests/test_mutabletree.py -> build/lib.linux-x86_64-2.7/bzrlib/tests
copying bzrlib/tests/test_patch.py -> build/lib.linux-x86_64-2.7/bzrlib/tests
copying bzrlib/tests/test_patches.py -> build/lib.linux-x86_64-2.7/bzrlib/tests
copying bzrlib/tests/test_email_message.py -> build/lib.linux-x86_64-2.7/bzrlib/tests
copying bzrlib/tests/test_globbing.py -> build/lib.linux-x86_64-2.7/bzrlib/tests
copying bzrlib/tests/test_mergetools.py -> build/lib.linux-x86_64-2.7/bzrlib/tests
copying bzrlib/tests/test_repository.py -> build/lib.linux-x86_64-2.7/bzrlib/tests
copying bzrlib/tests/test_inventory_delta.py -> build/lib.linux-x86_64-2.7/bzrlib/tests
copying bzrlib/tests/test_timestamp.py -> build/lib.linux-x86_64-2.7/bzrlib/tests
copying bzrlib/tests/test_fifo_cache.py -> build/lib.linux-x86_64-2.7/bzrlib/tests
copying bzrlib/tests/test_knit.py -> build/lib.linux-x86_64-2.7/bzrlib/tests
copying bzrlib/tests/test_hooks.py -> build/lib.linux-x86_64-2.7/bzrlib/tests
copying bzrlib/tests/test_export.py -> build/lib.linux-x86_64-2.7/bzrlib/tests
copying bzrlib/tests/test_vf_search.py -> build/lib.linux-x86_64-2.7/bzrlib/tests
copying bzrlib/tests/test_smart.py -> build/lib.linux-x86_64-2.7/bzrlib/tests
copying bzrlib/tests/fixtures.py -> build/lib.linux-x86_64-2.7/bzrlib/tests
copying bzrlib/tests/test_win32utils.py -> build/lib.linux-x86_64-2.7/bzrlib/tests
copying bzrlib/tests/scenarios.py -> build/lib.linux-x86_64-2.7/bzrlib/tests
copying bzrlib/tests/test_xml.py -> build/lib.linux-x86_64-2.7/bzrlib/tests
copying bzrlib/tests/test_lru_cache.py -> build/lib.linux-x86_64-2.7/bzrlib/tests
copying bzrlib/tests/test_read_bundle.py -> build/lib.linux-x86_64-2.7/bzrlib/tests
copying bzrlib/tests/https_server.py -> build/lib.linux-x86_64-2.7/bzrlib/tests
copying bzrlib/tests/test_smart_request.py -> build/lib.linux-x86_64-2.7/bzrlib/tests
copying bzrlib/tests/test_cethread.py -> build/lib.linux-x86_64-2.7/bzrlib/tests
copying bzrlib/tests/test_cache_utf8.py -> build/lib.linux-x86_64-2.7/bzrlib/tests
copying bzrlib/tests/test_bisect_multi.py -> build/lib.linux-x86_64-2.7/bzrlib/tests
copying bzrlib/tests/test_ancestry.py -> build/lib.linux-x86_64-2.7/bzrlib/tests
copying bzrlib/tests/fake_command.py -> build/lib.linux-x86_64-2.7/bzrlib/tests
copying bzrlib/tests/test_help.py -> build/lib.linux-x86_64-2.7/bzrlib/tests
copying bzrlib/tests/test_chk_serializer.py -> build/lib.linux-x86_64-2.7/bzrlib/tests
copying bzrlib/tests/test_ignores.py -> build/lib.linux-x86_64-2.7/bzrlib/tests
copying bzrlib/tests/test_eol_filters.py -> build/lib.linux-x86_64-2.7/bzrlib/tests
copying bzrlib/tests/test_ui.py -> build/lib.linux-x86_64-2.7/bzrlib/tests
copying bzrlib/tests/test_bzrdir.py -> build/lib.linux-x86_64-2.7/bzrlib/tests
copying bzrlib/tests/test_selftest.py -> build/lib.linux-x86_64-2.7/bzrlib/tests
copying bzrlib/tests/test__groupcompress.py -> build/lib.linux-x86_64-2.7/bzrlib/tests
copying bzrlib/tests/test_progress.py -> build/lib.linux-x86_64-2.7/bzrlib/tests
copying bzrlib/tests/test_plugins.py -> build/lib.linux-x86_64-2.7/bzrlib/tests
copying bzrlib/tests/test_lazy_regex.py -> build/lib.linux-x86_64-2.7/bzrlib/tests
copying bzrlib/tests/test_tsort.py -> build/lib.linux-x86_64-2.7/bzrlib/tests
copying bzrlib/tests/test_lockdir.py -> build/lib.linux-x86_64-2.7/bzrlib/tests
copying bzrlib/tests/test_library_state.py -> build/lib.linux-x86_64-2.7/bzrlib/tests
copying bzrlib/tests/test_script.py -> build/lib.linux-x86_64-2.7/bzrlib/tests
copying bzrlib/tests/test_tuned_gzip.py -> build/lib.linux-x86_64-2.7/bzrlib/tests
copying bzrlib/tests/test_memorytree.py -> build/lib.linux-x86_64-2.7/bzrlib/tests
copying bzrlib/tests/test_scenarios.py -> build/lib.linux-x86_64-2.7/bzrlib/tests
copying bzrlib/tests/test_revisionspec.py -> build/lib.linux-x86_64-2.7/bzrlib/tests
copying bzrlib/tests/file_utils.py -> build/lib.linux-x86_64-2.7/bzrlib/tests
copying bzrlib/tests/test_tag.py -> build/lib.linux-x86_64-2.7/bzrlib/tests
copying bzrlib/tests/test_upgrade.py -> build/lib.linux-x86_64-2.7/bzrlib/tests
copying bzrlib/tests/test_smart_add.py -> build/lib.linux-x86_64-2.7/bzrlib/tests
copying bzrlib/tests/test_trace.py -> build/lib.linux-x86_64-2.7/bzrlib/tests
copying bzrlib/tests/test_switch.py -> build/lib.linux-x86_64-2.7/bzrlib/tests
copying bzrlib/tests/test_filters.py -> build/lib.linux-x86_64-2.7/bzrlib/tests
copying bzrlib/tests/test_generate_ids.py -> build/lib.linux-x86_64-2.7/bzrlib/tests
copying bzrlib/tests/test__dirstate_helpers.py -> build/lib.linux-x86_64-2.7/bzrlib/tests
copying bzrlib/tests/test_bad_files.py -> build/lib.linux-x86_64-2.7/bzrlib/tests
copying bzrlib/tests/test_i18n.py -> build/lib.linux-x86_64-2.7/bzrlib/tests
copying bzrlib/tests/test_annotate.py -> build/lib.linux-x86_64-2.7/bzrlib/tests
copying bzrlib/tests/test_commit_merge.py -> build/lib.linux-x86_64-2.7/bzrlib/tests
copying bzrlib/tests/test_treebuilder.py -> build/lib.linux-x86_64-2.7/bzrlib/tests
copying bzrlib/tests/per_versionedfile.py -> build/lib.linux-x86_64-2.7/bzrlib/tests
copying bzrlib/tests/test_fixtures.py -> build/lib.linux-x86_64-2.7/bzrlib/tests
copying bzrlib/tests/test_directory_service.py -> build/lib.linux-x86_64-2.7/bzrlib/tests
copying bzrlib/tests/test__bencode.py -> build/lib.linux-x86_64-2.7/bzrlib/tests
copying bzrlib/tests/test_test_server.py -> build/lib.linux-x86_64-2.7/bzrlib/tests
copying bzrlib/tests/test__static_tuple.py -> build/lib.linux-x86_64-2.7/bzrlib/tests
copying bzrlib/tests/test_clean_tree.py -> build/lib.linux-x86_64-2.7/bzrlib/tests
copying bzrlib/tests/test_urlutils.py -> build/lib.linux-x86_64-2.7/bzrlib/tests
copying bzrlib/tests/test_debug.py -> build/lib.linux-x86_64-2.7/bzrlib/tests
copying bzrlib/tests/test_registry.py -> build/lib.linux-x86_64-2.7/bzrlib/tests
copying bzrlib/tests/test_remote.py -> build/lib.linux-x86_64-2.7/bzrlib/tests
copying bzrlib/tests/per_pack_repository.py -> build/lib.linux-x86_64-2.7/bzrlib/tests
copying bzrlib/tests/test_lock.py -> build/lib.linux-x86_64-2.7/bzrlib/tests
copying bzrlib/tests/test_bugtracker.py -> build/lib.linux-x86_64-2.7/bzrlib/tests
copying bzrlib/tests/transport_util.py -> build/lib.linux-x86_64-2.7/bzrlib/tests
copying bzrlib/tests/http_server.py -> build/lib.linux-x86_64-2.7/bzrlib/tests
copying bzrlib/tests/test_atomicfile.py -> build/lib.linux-x86_64-2.7/bzrlib/tests
copying bzrlib/tests/__init__.py -> build/lib.linux-x86_64-2.7/bzrlib/tests
copying bzrlib/tests/test__known_graph.py -> build/lib.linux-x86_64-2.7/bzrlib/tests
copying bzrlib/tests/test_api.py -> build/lib.linux-x86_64-2.7/bzrlib/tests
copying bzrlib/tests/test_errors.py -> build/lib.linux-x86_64-2.7/bzrlib/tests
copying bzrlib/tests/test_pack.py -> build/lib.linux-x86_64-2.7/bzrlib/tests
copying bzrlib/tests/test_merge3.py -> build/lib.linux-x86_64-2.7/bzrlib/tests
copying bzrlib/tests/test_permissions.py -> build/lib.linux-x86_64-2.7/bzrlib/tests
copying bzrlib/tests/treeshape.py -> build/lib.linux-x86_64-2.7/bzrlib/tests
copying bzrlib/tests/per_merger.py -> build/lib.linux-x86_64-2.7/bzrlib/tests
creating build/lib.linux-x86_64-2.7/bzrlib/tests/blackbox
copying bzrlib/tests/blackbox/test_revision_history.py -> build/lib.linux-x86_64-2.7/bzrlib/tests/blackbox
copying bzrlib/tests/blackbox/test_push.py -> build/lib.linux-x86_64-2.7/bzrlib/tests/blackbox
copying bzrlib/tests/blackbox/test_ls.py -> build/lib.linux-x86_64-2.7/bzrlib/tests/blackbox
copying bzrlib/tests/blackbox/test_split.py -> build/lib.linux-x86_64-2.7/bzrlib/tests/blackbox
copying bzrlib/tests/blackbox/test_lookup_revision.py -> build/lib.linux-x86_64-2.7/bzrlib/tests/blackbox
copying bzrlib/tests/blackbox/test_export_pot.py -> build/lib.linux-x86_64-2.7/bzrlib/tests/blackbox
copying bzrlib/tests/blackbox/test_ignored.py -> build/lib.linux-x86_64-2.7/bzrlib/tests/blackbox
copying bzrlib/tests/blackbox/test_deleted.py -> build/lib.linux-x86_64-2.7/bzrlib/tests/blackbox
copying bzrlib/tests/blackbox/test_aliases.py -> build/lib.linux-x86_64-2.7/bzrlib/tests/blackbox
copying bzrlib/tests/blackbox/test_ping.py -> build/lib.linux-x86_64-2.7/bzrlib/tests/blackbox
copying bzrlib/tests/blackbox/test_whoami.py -> build/lib.linux-x86_64-2.7/bzrlib/tests/blackbox
copying bzrlib/tests/blackbox/test_branch.py -> build/lib.linux-x86_64-2.7/bzrlib/tests/blackbox
copying bzrlib/tests/blackbox/test_revert.py -> build/lib.linux-x86_64-2.7/bzrlib/tests/blackbox
copying bzrlib/tests/blackbox/test_serve.py -> build/lib.linux-x86_64-2.7/bzrlib/tests/blackbox
copying bzrlib/tests/blackbox/test_missing.py -> build/lib.linux-x86_64-2.7/bzrlib/tests/blackbox
copying bzrlib/tests/blackbox/test_non_ascii.py -> build/lib.linux-x86_64-2.7/bzrlib/tests/blackbox
copying bzrlib/tests/blackbox/test_mv.py -> build/lib.linux-x86_64-2.7/bzrlib/tests/blackbox
copying bzrlib/tests/blackbox/test_revno.py -> build/lib.linux-x86_64-2.7/bzrlib/tests/blackbox
copying bzrlib/tests/blackbox/test_status.py -> build/lib.linux-x86_64-2.7/bzrlib/tests/blackbox
copying bzrlib/tests/blackbox/test_diff.py -> build/lib.linux-x86_64-2.7/bzrlib/tests/blackbox
copying bzrlib/tests/blackbox/test_version.py -> build/lib.linux-x86_64-2.7/bzrlib/tests/blackbox
copying bzrlib/tests/blackbox/test_nick.py -> build/lib.linux-x86_64-2.7/bzrlib/tests/blackbox
copying bzrlib/tests/blackbox/test_uncommit.py -> build/lib.linux-x86_64-2.7/bzrlib/tests/blackbox
copying bzrlib/tests/blackbox/test_config.py -> build/lib.linux-x86_64-2.7/bzrlib/tests/blackbox
copying bzrlib/tests/blackbox/test_bound_branches.py -> build/lib.linux-x86_64-2.7/bzrlib/tests/blackbox
copying bzrlib/tests/blackbox/test_unknowns.py -> build/lib.linux-x86_64-2.7/bzrlib/tests/blackbox
copying bzrlib/tests/blackbox/test_merge.py -> build/lib.linux-x86_64-2.7/bzrlib/tests/blackbox
copying bzrlib/tests/blackbox/test_outside_wt.py -> build/lib.linux-x86_64-2.7/bzrlib/tests/blackbox
copying bzrlib/tests/blackbox/test_cat.py -> build/lib.linux-x86_64-2.7/bzrlib/tests/blackbox
copying bzrlib/tests/blackbox/test_conflicts.py -> build/lib.linux-x86_64-2.7/bzrlib/tests/blackbox
copying bzrlib/tests/blackbox/test_info.py -> build/lib.linux-x86_64-2.7/bzrlib/tests/blackbox
copying bzrlib/tests/blackbox/test_update.py -> build/lib.linux-x86_64-2.7/bzrlib/tests/blackbox
copying bzrlib/tests/blackbox/test_revision_info.py -> build/lib.linux-x86_64-2.7/bzrlib/tests/blackbox
copying bzrlib/tests/blackbox/test_log.py -> build/lib.linux-x86_64-2.7/bzrlib/tests/blackbox
copying bzrlib/tests/blackbox/test_dump_btree.py -> build/lib.linux-x86_64-2.7/bzrlib/tests/blackbox
copying bzrlib/tests/blackbox/test_re_sign.py -> build/lib.linux-x86_64-2.7/bzrlib/tests/blackbox
copying bzrlib/tests/blackbox/test_filesystem_cicp.py -> build/lib.linux-x86_64-2.7/bzrlib/tests/blackbox
copying bzrlib/tests/blackbox/test_too_much.py -> build/lib.linux-x86_64-2.7/bzrlib/tests/blackbox
copying bzrlib/tests/blackbox/test_reconfigure.py -> build/lib.linux-x86_64-2.7/bzrlib/tests/blackbox
copying bzrlib/tests/blackbox/test_lsprof.py -> build/lib.linux-x86_64-2.7/bzrlib/tests/blackbox
copying bzrlib/tests/blackbox/test_merge_directive.py -> build/lib.linux-x86_64-2.7/bzrlib/tests/blackbox
copying bzrlib/tests/blackbox/test_verify_signatures.py -> build/lib.linux-x86_64-2.7/bzrlib/tests/blackbox
copying bzrlib/tests/blackbox/test_break_lock.py -> build/lib.linux-x86_64-2.7/bzrlib/tests/blackbox
copying bzrlib/tests/blackbox/test_shared_repository.py -> build/lib.linux-x86_64-2.7/bzrlib/tests/blackbox
copying bzrlib/tests/blackbox/test_sign_my_commits.py -> build/lib.linux-x86_64-2.7/bzrlib/tests/blackbox
copying bzrlib/tests/blackbox/test_shell_complete.py -> build/lib.linux-x86_64-2.7/bzrlib/tests/blackbox
copying bzrlib/tests/blackbox/test_add.py -> build/lib.linux-x86_64-2.7/bzrlib/tests/blackbox
copying bzrlib/tests/blackbox/test_added.py -> build/lib.linux-x86_64-2.7/bzrlib/tests/blackbox
copying bzrlib/tests/blackbox/test_version_info.py -> build/lib.linux-x86_64-2.7/bzrlib/tests/blackbox
copying bzrlib/tests/blackbox/test_testament.py -> build/lib.linux-x86_64-2.7/bzrlib/tests/blackbox
copying bzrlib/tests/blackbox/test_dpush.py -> build/lib.linux-x86_64-2.7/bzrlib/tests/blackbox
copying bzrlib/tests/blackbox/test_ignore.py -> build/lib.linux-x86_64-2.7/bzrlib/tests/blackbox
copying bzrlib/tests/blackbox/test_commit.py -> build/lib.linux-x86_64-2.7/bzrlib/tests/blackbox
copying bzrlib/tests/blackbox/test_mkdir.py -> build/lib.linux-x86_64-2.7/bzrlib/tests/blackbox
copying bzrlib/tests/blackbox/test_bundle_info.py -> build/lib.linux-x86_64-2.7/bzrlib/tests/blackbox
copying bzrlib/tests/blackbox/test_view.py -> build/lib.linux-x86_64-2.7/bzrlib/tests/blackbox
copying bzrlib/tests/blackbox/test_remove_tree.py -> build/lib.linux-x86_64-2.7/bzrlib/tests/blackbox
copying bzrlib/tests/blackbox/test_reconcile.py -> build/lib.linux-x86_64-2.7/bzrlib/tests/blackbox
copying bzrlib/tests/blackbox/test_checkout.py -> build/lib.linux-x86_64-2.7/bzrlib/tests/blackbox
copying bzrlib/tests/blackbox/test_cat_revision.py -> build/lib.linux-x86_64-2.7/bzrlib/tests/blackbox
copying bzrlib/tests/blackbox/test_remove.py -> build/lib.linux-x86_64-2.7/bzrlib/tests/blackbox
copying bzrlib/tests/blackbox/test_alias.py -> build/lib.linux-x86_64-2.7/bzrlib/tests/blackbox
copying bzrlib/tests/blackbox/test_init.py -> build/lib.linux-x86_64-2.7/bzrlib/tests/blackbox
copying bzrlib/tests/blackbox/test_exceptions.py -> build/lib.linux-x86_64-2.7/bzrlib/tests/blackbox
copying bzrlib/tests/blackbox/test_find_merge_base.py -> build/lib.linux-x86_64-2.7/bzrlib/tests/blackbox
copying bzrlib/tests/blackbox/test_inventory.py -> build/lib.linux-x86_64-2.7/bzrlib/tests/blackbox
copying bzrlib/tests/blackbox/test_branches.py -> build/lib.linux-x86_64-2.7/bzrlib/tests/blackbox
copying bzrlib/tests/blackbox/test_pull.py -> build/lib.linux-x86_64-2.7/bzrlib/tests/blackbox
copying bzrlib/tests/blackbox/test_modified.py -> build/lib.linux-x86_64-2.7/bzrlib/tests/blackbox
copying bzrlib/tests/blackbox/test_hooks.py -> build/lib.linux-x86_64-2.7/bzrlib/tests/blackbox
copying bzrlib/tests/blackbox/test_export.py -> build/lib.linux-x86_64-2.7/bzrlib/tests/blackbox
copying bzrlib/tests/blackbox/test_remerge.py -> build/lib.linux-x86_64-2.7/bzrlib/tests/blackbox
copying bzrlib/tests/blackbox/test_tags.py -> build/lib.linux-x86_64-2.7/bzrlib/tests/blackbox
copying bzrlib/tests/blackbox/test_remember_option.py -> build/lib.linux-x86_64-2.7/bzrlib/tests/blackbox
copying bzrlib/tests/blackbox/test_ancestry.py -> build/lib.linux-x86_64-2.7/bzrlib/tests/blackbox
copying bzrlib/tests/blackbox/test_logformats.py -> build/lib.linux-x86_64-2.7/bzrlib/tests/blackbox
copying bzrlib/tests/blackbox/test_help.py -> build/lib.linux-x86_64-2.7/bzrlib/tests/blackbox
copying bzrlib/tests/blackbox/test_rmbranch.py -> build/lib.linux-x86_64-2.7/bzrlib/tests/blackbox
copying bzrlib/tests/blackbox/test_shelve.py -> build/lib.linux-x86_64-2.7/bzrlib/tests/blackbox
copying bzrlib/tests/blackbox/test_send.py -> build/lib.linux-x86_64-2.7/bzrlib/tests/blackbox
copying bzrlib/tests/blackbox/test_selftest.py -> build/lib.linux-x86_64-2.7/bzrlib/tests/blackbox
copying bzrlib/tests/blackbox/test_versioning.py -> build/lib.linux-x86_64-2.7/bzrlib/tests/blackbox
copying bzrlib/tests/blackbox/test_script.py -> build/lib.linux-x86_64-2.7/bzrlib/tests/blackbox
copying bzrlib/tests/blackbox/test_reference.py -> build/lib.linux-x86_64-2.7/bzrlib/tests/blackbox
copying bzrlib/tests/blackbox/test_filtered_view_ops.py -> build/lib.linux-x86_64-2.7/bzrlib/tests/blackbox
copying bzrlib/tests/blackbox/test_upgrade.py -> build/lib.linux-x86_64-2.7/bzrlib/tests/blackbox
copying bzrlib/tests/blackbox/test_repair_workingtree.py -> build/lib.linux-x86_64-2.7/bzrlib/tests/blackbox
copying bzrlib/tests/blackbox/test_switch.py -> build/lib.linux-x86_64-2.7/bzrlib/tests/blackbox
copying bzrlib/tests/blackbox/test_annotate.py -> build/lib.linux-x86_64-2.7/bzrlib/tests/blackbox
copying bzrlib/tests/blackbox/test_join.py -> build/lib.linux-x86_64-2.7/bzrlib/tests/blackbox
copying bzrlib/tests/blackbox/test_command_encoding.py -> build/lib.linux-x86_64-2.7/bzrlib/tests/blackbox
copying bzrlib/tests/blackbox/test_clean_tree.py -> build/lib.linux-x86_64-2.7/bzrlib/tests/blackbox
copying bzrlib/tests/blackbox/test_check.py -> build/lib.linux-x86_64-2.7/bzrlib/tests/blackbox
copying bzrlib/tests/blackbox/test_debug.py -> build/lib.linux-x86_64-2.7/bzrlib/tests/blackbox
copying bzrlib/tests/blackbox/__init__.py -> build/lib.linux-x86_64-2.7/bzrlib/tests/blackbox
copying bzrlib/tests/blackbox/test_locale.py -> build/lib.linux-x86_64-2.7/bzrlib/tests/blackbox
copying bzrlib/tests/blackbox/test_pack.py -> build/lib.linux-x86_64-2.7/bzrlib/tests/blackbox
copying bzrlib/tests/blackbox/test_resolve.py -> build/lib.linux-x86_64-2.7/bzrlib/tests/blackbox
creating build/lib.linux-x86_64-2.7/bzrlib/tests/commands
copying bzrlib/tests/commands/test_push.py -> build/lib.linux-x86_64-2.7/bzrlib/tests/commands
copying bzrlib/tests/commands/test_init_repository.py -> build/lib.linux-x86_64-2.7/bzrlib/tests/commands
copying bzrlib/tests/commands/test_branch.py -> build/lib.linux-x86_64-2.7/bzrlib/tests/commands
copying bzrlib/tests/commands/test_revert.py -> build/lib.linux-x86_64-2.7/bzrlib/tests/commands
copying bzrlib/tests/commands/test_missing.py -> build/lib.linux-x86_64-2.7/bzrlib/tests/commands
copying bzrlib/tests/commands/test_merge.py -> build/lib.linux-x86_64-2.7/bzrlib/tests/commands
copying bzrlib/tests/commands/test_cat.py -> build/lib.linux-x86_64-2.7/bzrlib/tests/commands
copying bzrlib/tests/commands/test_update.py -> build/lib.linux-x86_64-2.7/bzrlib/tests/commands
copying bzrlib/tests/commands/test_commit.py -> build/lib.linux-x86_64-2.7/bzrlib/tests/commands
copying bzrlib/tests/commands/test_checkout.py -> build/lib.linux-x86_64-2.7/bzrlib/tests/commands
copying bzrlib/tests/commands/test_init.py -> build/lib.linux-x86_64-2.7/bzrlib/tests/commands
copying bzrlib/tests/commands/test_pull.py -> build/lib.linux-x86_64-2.7/bzrlib/tests/commands
copying bzrlib/tests/commands/__init__.py -> build/lib.linux-x86_64-2.7/bzrlib/tests/commands
creating build/lib.linux-x86_64-2.7/bzrlib/tests/ftp_server
copying bzrlib/tests/ftp_server/pyftpdlib_based.py -> build/lib.linux-x86_64-2.7/bzrlib/tests/ftp_server
copying bzrlib/tests/ftp_server/medusa_based.py -> build/lib.linux-x86_64-2.7/bzrlib/tests/ftp_server
copying bzrlib/tests/ftp_server/__init__.py -> build/lib.linux-x86_64-2.7/bzrlib/tests/ftp_server
creating build/lib.linux-x86_64-2.7/bzrlib/tests/per_branch
copying bzrlib/tests/per_branch/test_push.py -> build/lib.linux-x86_64-2.7/bzrlib/tests/per_branch
copying bzrlib/tests/per_branch/test_revision_id_to_revno.py -> build/lib.linux-x86_64-2.7/bzrlib/tests/per_branch
copying bzrlib/tests/per_branch/test_last_revision_info.py -> build/lib.linux-x86_64-2.7/bzrlib/tests/per_branch
copying bzrlib/tests/per_branch/test_branch.py -> build/lib.linux-x86_64-2.7/bzrlib/tests/per_branch
copying bzrlib/tests/per_branch/test_parent.py -> build/lib.linux-x86_64-2.7/bzrlib/tests/per_branch
copying bzrlib/tests/per_branch/test_dotted_revno_to_revision_id.py -> build/lib.linux-x86_64-2.7/bzrlib/tests/per_branch
copying bzrlib/tests/per_branch/test_uncommit.py -> build/lib.linux-x86_64-2.7/bzrlib/tests/per_branch
copying bzrlib/tests/per_branch/test_config.py -> build/lib.linux-x86_64-2.7/bzrlib/tests/per_branch
copying bzrlib/tests/per_branch/test_update.py -> build/lib.linux-x86_64-2.7/bzrlib/tests/per_branch
copying bzrlib/tests/per_branch/test_http.py -> build/lib.linux-x86_64-2.7/bzrlib/tests/per_branch
copying bzrlib/tests/per_branch/test_revision_id_to_dotted_revno.py -> build/lib.linux-x86_64-2.7/bzrlib/tests/per_branch
copying bzrlib/tests/per_branch/test_break_lock.py -> build/lib.linux-x86_64-2.7/bzrlib/tests/per_branch
copying bzrlib/tests/per_branch/test_locking.py -> build/lib.linux-x86_64-2.7/bzrlib/tests/per_branch
copying bzrlib/tests/per_branch/test_get_revision_id_to_revno_map.py -> build/lib.linux-x86_64-2.7/bzrlib/tests/per_branch
copying bzrlib/tests/per_branch/test_stacking.py -> build/lib.linux-x86_64-2.7/bzrlib/tests/per_branch
copying bzrlib/tests/per_branch/test_commit.py -> build/lib.linux-x86_64-2.7/bzrlib/tests/per_branch
copying bzrlib/tests/per_branch/test_sprout.py -> build/lib.linux-x86_64-2.7/bzrlib/tests/per_branch
copying bzrlib/tests/per_branch/test_reconcile.py -> build/lib.linux-x86_64-2.7/bzrlib/tests/per_branch
copying bzrlib/tests/per_branch/test_pull.py -> build/lib.linux-x86_64-2.7/bzrlib/tests/per_branch
copying bzrlib/tests/per_branch/test_hooks.py -> build/lib.linux-x86_64-2.7/bzrlib/tests/per_branch
copying bzrlib/tests/per_branch/test_tags.py -> build/lib.linux-x86_64-2.7/bzrlib/tests/per_branch
copying bzrlib/tests/per_branch/test_create_checkout.py -> build/lib.linux-x86_64-2.7/bzrlib/tests/per_branch
copying bzrlib/tests/per_branch/test_create_clone.py -> build/lib.linux-x86_64-2.7/bzrlib/tests/per_branch
copying bzrlib/tests/per_branch/test_iter_merge_sorted_revisions.py -> build/lib.linux-x86_64-2.7/bzrlib/tests/per_branch
copying bzrlib/tests/per_branch/test_check.py -> build/lib.linux-x86_64-2.7/bzrlib/tests/per_branch
copying bzrlib/tests/per_branch/__init__.py -> build/lib.linux-x86_64-2.7/bzrlib/tests/per_branch
copying bzrlib/tests/per_branch/test_permissions.py -> build/lib.linux-x86_64-2.7/bzrlib/tests/per_branch
creating build/lib.linux-x86_64-2.7/bzrlib/tests/per_bzrdir
copying bzrlib/tests/per_bzrdir/test_bzrdir.py -> build/lib.linux-x86_64-2.7/bzrlib/tests/per_bzrdir
copying bzrlib/tests/per_bzrdir/__init__.py -> build/lib.linux-x86_64-2.7/bzrlib/tests/per_bzrdir
creating build/lib.linux-x86_64-2.7/bzrlib/tests/per_controldir
copying bzrlib/tests/per_controldir/test_push.py -> build/lib.linux-x86_64-2.7/bzrlib/tests/per_controldir
copying bzrlib/tests/per_controldir/test_controldir.py -> build/lib.linux-x86_64-2.7/bzrlib/tests/per_controldir
copying bzrlib/tests/per_controldir/__init__.py -> build/lib.linux-x86_64-2.7/bzrlib/tests/per_controldir
copying bzrlib/tests/per_controldir/test_format.py -> build/lib.linux-x86_64-2.7/bzrlib/tests/per_controldir
creating build/lib.linux-x86_64-2.7/bzrlib/tests/per_controldir_colo
copying bzrlib/tests/per_controldir_colo/test_unsupported.py -> build/lib.linux-x86_64-2.7/bzrlib/tests/per_controldir_colo
copying bzrlib/tests/per_controldir_colo/test_supported.py -> build/lib.linux-x86_64-2.7/bzrlib/tests/per_controldir_colo
copying bzrlib/tests/per_controldir_colo/__init__.py -> build/lib.linux-x86_64-2.7/bzrlib/tests/per_controldir_colo
creating build/lib.linux-x86_64-2.7/bzrlib/tests/per_foreign_vcs
copying bzrlib/tests/per_foreign_vcs/test_branch.py -> build/lib.linux-x86_64-2.7/bzrlib/tests/per_foreign_vcs
copying bzrlib/tests/per_foreign_vcs/test_repository.py -> build/lib.linux-x86_64-2.7/bzrlib/tests/per_foreign_vcs
copying bzrlib/tests/per_foreign_vcs/__init__.py -> build/lib.linux-x86_64-2.7/bzrlib/tests/per_foreign_vcs
creating build/lib.linux-x86_64-2.7/bzrlib/tests/per_interbranch
copying bzrlib/tests/per_interbranch/test_push.py -> build/lib.linux-x86_64-2.7/bzrlib/tests/per_interbranch
copying bzrlib/tests/per_interbranch/test_fetch.py -> build/lib.linux-x86_64-2.7/bzrlib/tests/per_interbranch
copying bzrlib/tests/per_interbranch/test_get.py -> build/lib.linux-x86_64-2.7/bzrlib/tests/per_interbranch
copying bzrlib/tests/per_interbranch/test_pull.py -> build/lib.linux-x86_64-2.7/bzrlib/tests/per_interbranch
copying bzrlib/tests/per_interbranch/test_copy_content_into.py -> build/lib.linux-x86_64-2.7/bzrlib/tests/per_interbranch
copying bzrlib/tests/per_interbranch/__init__.py -> build/lib.linux-x86_64-2.7/bzrlib/tests/per_interbranch
creating build/lib.linux-x86_64-2.7/bzrlib/tests/per_interrepository
copying bzrlib/tests/per_interrepository/test_fetch.py -> build/lib.linux-x86_64-2.7/bzrlib/tests/per_interrepository
copying bzrlib/tests/per_interrepository/test_interrepository.py -> build/lib.linux-x86_64-2.7/bzrlib/tests/per_interrepository
copying bzrlib/tests/per_interrepository/__init__.py -> build/lib.linux-x86_64-2.7/bzrlib/tests/per_interrepository
creating build/lib.linux-x86_64-2.7/bzrlib/tests/per_intertree
copying bzrlib/tests/per_intertree/test_file_content_matches.py -> build/lib.linux-x86_64-2.7/bzrlib/tests/per_intertree
copying bzrlib/tests/per_intertree/test_compare.py -> build/lib.linux-x86_64-2.7/bzrlib/tests/per_intertree
copying bzrlib/tests/per_intertree/__init__.py -> build/lib.linux-x86_64-2.7/bzrlib/tests/per_intertree
creating build/lib.linux-x86_64-2.7/bzrlib/tests/per_inventory
copying bzrlib/tests/per_inventory/basics.py -> build/lib.linux-x86_64-2.7/bzrlib/tests/per_inventory
copying bzrlib/tests/per_inventory/__init__.py -> build/lib.linux-x86_64-2.7/bzrlib/tests/per_inventory
creating build/lib.linux-x86_64-2.7/bzrlib/tests/per_lock
copying bzrlib/tests/per_lock/test_temporary_write_lock.py -> build/lib.linux-x86_64-2.7/bzrlib/tests/per_lock
copying bzrlib/tests/per_lock/test_lock.py -> build/lib.linux-x86_64-2.7/bzrlib/tests/per_lock
copying bzrlib/tests/per_lock/__init__.py -> build/lib.linux-x86_64-2.7/bzrlib/tests/per_lock
creating build/lib.linux-x86_64-2.7/bzrlib/tests/per_repository
copying bzrlib/tests/per_repository/test_write_group.py -> build/lib.linux-x86_64-2.7/bzrlib/tests/per_repository
copying bzrlib/tests/per_repository/test_commit_builder.py -> build/lib.linux-x86_64-2.7/bzrlib/tests/per_repository
copying bzrlib/tests/per_repository/test_has_same_location.py -> build/lib.linux-x86_64-2.7/bzrlib/tests/per_repository
copying bzrlib/tests/per_repository/test_refresh_data.py -> build/lib.linux-x86_64-2.7/bzrlib/tests/per_repository
copying bzrlib/tests/per_repository/test_break_lock.py -> build/lib.linux-x86_64-2.7/bzrlib/tests/per_repository
copying bzrlib/tests/per_repository/test_file_graph.py -> build/lib.linux-x86_64-2.7/bzrlib/tests/per_repository
copying bzrlib/tests/per_repository/test_locking.py -> build/lib.linux-x86_64-2.7/bzrlib/tests/per_repository
copying bzrlib/tests/per_repository/test_fetch.py -> build/lib.linux-x86_64-2.7/bzrlib/tests/per_repository
copying bzrlib/tests/per_repository/test_revision.py -> build/lib.linux-x86_64-2.7/bzrlib/tests/per_repository
copying bzrlib/tests/per_repository/test_add_fallback_repository.py -> build/lib.linux-x86_64-2.7/bzrlib/tests/per_repository
copying bzrlib/tests/per_repository/test_reconcile.py -> build/lib.linux-x86_64-2.7/bzrlib/tests/per_repository
copying bzrlib/tests/per_repository/test_statistics.py -> build/lib.linux-x86_64-2.7/bzrlib/tests/per_repository
copying bzrlib/tests/per_repository/test_repository.py -> build/lib.linux-x86_64-2.7/bzrlib/tests/per_repository
copying bzrlib/tests/per_repository/test_signatures.py -> build/lib.linux-x86_64-2.7/bzrlib/tests/per_repository
copying bzrlib/tests/per_repository/test_has_revisions.py -> build/lib.linux-x86_64-2.7/bzrlib/tests/per_repository
copying bzrlib/tests/per_repository/test_check.py -> build/lib.linux-x86_64-2.7/bzrlib/tests/per_repository
copying bzrlib/tests/per_repository/__init__.py -> build/lib.linux-x86_64-2.7/bzrlib/tests/per_repository
copying bzrlib/tests/per_repository/test_get_parent_map.py -> build/lib.linux-x86_64-2.7/bzrlib/tests/per_repository
copying bzrlib/tests/per_repository/test_pack.py -> build/lib.linux-x86_64-2.7/bzrlib/tests/per_repository
creating build/lib.linux-x86_64-2.7/bzrlib/tests/per_repository_chk
copying bzrlib/tests/per_repository_chk/test_unsupported.py -> build/lib.linux-x86_64-2.7/bzrlib/tests/per_repository_chk
copying bzrlib/tests/per_repository_chk/test_supported.py -> build/lib.linux-x86_64-2.7/bzrlib/tests/per_repository_chk
copying bzrlib/tests/per_repository_chk/__init__.py -> build/lib.linux-x86_64-2.7/bzrlib/tests/per_repository_chk
creating build/lib.linux-x86_64-2.7/bzrlib/tests/per_repository_reference
copying bzrlib/tests/per_repository_reference/test__make_parents_provider.py -> build/lib.linux-x86_64-2.7/bzrlib/tests/per_repository_reference
copying bzrlib/tests/per_repository_reference/test_default_stacking.py -> build/lib.linux-x86_64-2.7/bzrlib/tests/per_repository_reference
copying bzrlib/tests/per_repository_reference/test_initialize.py -> build/lib.linux-x86_64-2.7/bzrlib/tests/per_repository_reference
copying bzrlib/tests/per_repository_reference/test_add_revision.py -> build/lib.linux-x86_64-2.7/bzrlib/tests/per_repository_reference
copying bzrlib/tests/per_repository_reference/test_get_record_stream.py -> build/lib.linux-x86_64-2.7/bzrlib/tests/per_repository_reference
copying bzrlib/tests/per_repository_reference/test_all_revision_ids.py -> build/lib.linux-x86_64-2.7/bzrlib/tests/per_repository_reference
copying bzrlib/tests/per_repository_reference/test_get_rev_id_for_revno.py -> build/lib.linux-x86_64-2.7/bzrlib/tests/per_repository_reference
copying bzrlib/tests/per_repository_reference/test_unlock.py -> build/lib.linux-x86_64-2.7/bzrlib/tests/per_repository_reference
copying bzrlib/tests/per_repository_reference/test_add_inventory.py -> build/lib.linux-x86_64-2.7/bzrlib/tests/per_repository_reference
copying bzrlib/tests/per_repository_reference/test_break_lock.py -> build/lib.linux-x86_64-2.7/bzrlib/tests/per_repository_reference
copying bzrlib/tests/per_repository_reference/test_commit_with_stacking.py -> build/lib.linux-x86_64-2.7/bzrlib/tests/per_repository_reference
copying bzrlib/tests/per_repository_reference/test_graph.py -> build/lib.linux-x86_64-2.7/bzrlib/tests/per_repository_reference
copying bzrlib/tests/per_repository_reference/test_fetch.py -> build/lib.linux-x86_64-2.7/bzrlib/tests/per_repository_reference
copying bzrlib/tests/per_repository_reference/test_add_signature_text.py -> build/lib.linux-x86_64-2.7/bzrlib/tests/per_repository_reference
copying bzrlib/tests/per_repository_reference/test_check.py -> build/lib.linux-x86_64-2.7/bzrlib/tests/per_repository_reference
copying bzrlib/tests/per_repository_reference/__init__.py -> build/lib.linux-x86_64-2.7/bzrlib/tests/per_repository_reference
creating build/lib.linux-x86_64-2.7/bzrlib/tests/per_repository_vf
copying bzrlib/tests/per_repository_vf/test_write_group.py -> build/lib.linux-x86_64-2.7/bzrlib/tests/per_repository_vf
copying bzrlib/tests/per_repository_vf/test_find_text_key_references.py -> build/lib.linux-x86_64-2.7/bzrlib/tests/per_repository_vf
copying bzrlib/tests/per_repository_vf/test_refresh_data.py -> build/lib.linux-x86_64-2.7/bzrlib/tests/per_repository_vf
copying bzrlib/tests/per_repository_vf/test_merge_directive.py -> build/lib.linux-x86_64-2.7/bzrlib/tests/per_repository_vf
copying bzrlib/tests/per_repository_vf/test_fetch.py -> build/lib.linux-x86_64-2.7/bzrlib/tests/per_repository_vf
copying bzrlib/tests/per_repository_vf/test_add_inventory_by_delta.py -> build/lib.linux-x86_64-2.7/bzrlib/tests/per_repository_vf
copying bzrlib/tests/per_repository_vf/test_reconcile.py -> build/lib.linux-x86_64-2.7/bzrlib/tests/per_repository_vf
copying bzrlib/tests/per_repository_vf/test_repository.py -> build/lib.linux-x86_64-2.7/bzrlib/tests/per_repository_vf
copying bzrlib/tests/per_repository_vf/test_check_reconcile.py -> build/lib.linux-x86_64-2.7/bzrlib/tests/per_repository_vf
copying bzrlib/tests/per_repository_vf/test__generate_text_key_index.py -> build/lib.linux-x86_64-2.7/bzrlib/tests/per_repository_vf
copying bzrlib/tests/per_repository_vf/test_fileid_involved.py -> build/lib.linux-x86_64-2.7/bzrlib/tests/per_repository_vf
copying bzrlib/tests/per_repository_vf/test_check.py -> build/lib.linux-x86_64-2.7/bzrlib/tests/per_repository_vf
copying bzrlib/tests/per_repository_vf/helpers.py -> build/lib.linux-x86_64-2.7/bzrlib/tests/per_repository_vf
copying bzrlib/tests/per_repository_vf/__init__.py -> build/lib.linux-x86_64-2.7/bzrlib/tests/per_repository_vf
creating build/lib.linux-x86_64-2.7/bzrlib/tests/per_tree
copying bzrlib/tests/per_tree/test_test_trees.py -> build/lib.linux-x86_64-2.7/bzrlib/tests/per_tree
copying bzrlib/tests/per_tree/test_get_symlink_target.py -> build/lib.linux-x86_64-2.7/bzrlib/tests/per_tree
copying bzrlib/tests/per_tree/test_get_file_mtime.py -> build/lib.linux-x86_64-2.7/bzrlib/tests/per_tree
copying bzrlib/tests/per_tree/test_inv.py -> build/lib.linux-x86_64-2.7/bzrlib/tests/per_tree
copying bzrlib/tests/per_tree/test_locking.py -> build/lib.linux-x86_64-2.7/bzrlib/tests/per_tree
copying bzrlib/tests/per_tree/test_walkdirs.py -> build/lib.linux-x86_64-2.7/bzrlib/tests/per_tree
copying bzrlib/tests/per_tree/test_is_executable.py -> build/lib.linux-x86_64-2.7/bzrlib/tests/per_tree
copying bzrlib/tests/per_tree/test_revision_tree.py -> build/lib.linux-x86_64-2.7/bzrlib/tests/per_tree
copying bzrlib/tests/per_tree/test_path_content_summary.py -> build/lib.linux-x86_64-2.7/bzrlib/tests/per_tree
copying bzrlib/tests/per_tree/test_tree.py -> build/lib.linux-x86_64-2.7/bzrlib/tests/per_tree
copying bzrlib/tests/per_tree/test_ids.py -> build/lib.linux-x86_64-2.7/bzrlib/tests/per_tree
copying bzrlib/tests/per_tree/test_export.py -> build/lib.linux-x86_64-2.7/bzrlib/tests/per_tree
copying bzrlib/tests/per_tree/test_get_root_id.py -> build/lib.linux-x86_64-2.7/bzrlib/tests/per_tree
copying bzrlib/tests/per_tree/test_list_files.py -> build/lib.linux-x86_64-2.7/bzrlib/tests/per_tree
copying bzrlib/tests/per_tree/test_iter_search_rules.py -> build/lib.linux-x86_64-2.7/bzrlib/tests/per_tree
copying bzrlib/tests/per_tree/test_annotate_iter.py -> build/lib.linux-x86_64-2.7/bzrlib/tests/per_tree
copying bzrlib/tests/per_tree/test_get_file_with_stat.py -> build/lib.linux-x86_64-2.7/bzrlib/tests/per_tree
copying bzrlib/tests/per_tree/__init__.py -> build/lib.linux-x86_64-2.7/bzrlib/tests/per_tree
creating build/lib.linux-x86_64-2.7/bzrlib/tests/per_uifactory
copying bzrlib/tests/per_uifactory/__init__.py -> build/lib.linux-x86_64-2.7/bzrlib/tests/per_uifactory
creating build/lib.linux-x86_64-2.7/bzrlib/tests/per_workingtree
copying bzrlib/tests/per_workingtree/test_rename_one.py -> build/lib.linux-x86_64-2.7/bzrlib/tests/per_workingtree
copying bzrlib/tests/per_workingtree/test_symlinks.py -> build/lib.linux-x86_64-2.7/bzrlib/tests/per_workingtree
copying bzrlib/tests/per_workingtree/test_uncommit.py -> build/lib.linux-x86_64-2.7/bzrlib/tests/per_workingtree
copying bzrlib/tests/per_workingtree/test_eol_conversion.py -> build/lib.linux-x86_64-2.7/bzrlib/tests/per_workingtree
copying bzrlib/tests/per_workingtree/test_paths2ids.py -> build/lib.linux-x86_64-2.7/bzrlib/tests/per_workingtree
copying bzrlib/tests/per_workingtree/test_workingtree.py -> build/lib.linux-x86_64-2.7/bzrlib/tests/per_workingtree
copying bzrlib/tests/per_workingtree/test_get_file_mtime.py -> build/lib.linux-x86_64-2.7/bzrlib/tests/per_workingtree
copying bzrlib/tests/per_workingtree/test_is_control_filename.py -> build/lib.linux-x86_64-2.7/bzrlib/tests/per_workingtree
copying bzrlib/tests/per_workingtree/test_inv.py -> build/lib.linux-x86_64-2.7/bzrlib/tests/per_workingtree
copying bzrlib/tests/per_workingtree/test_unversion.py -> build/lib.linux-x86_64-2.7/bzrlib/tests/per_workingtree
copying bzrlib/tests/per_workingtree/test_nested_specifics.py -> build/lib.linux-x86_64-2.7/bzrlib/tests/per_workingtree
copying bzrlib/tests/per_workingtree/test_break_lock.py -> build/lib.linux-x86_64-2.7/bzrlib/tests/per_workingtree
copying bzrlib/tests/per_workingtree/test_check_state.py -> build/lib.linux-x86_64-2.7/bzrlib/tests/per_workingtree
copying bzrlib/tests/per_workingtree/test_locking.py -> build/lib.linux-x86_64-2.7/bzrlib/tests/per_workingtree
copying bzrlib/tests/per_workingtree/test_add.py -> build/lib.linux-x86_64-2.7/bzrlib/tests/per_workingtree
copying bzrlib/tests/per_workingtree/test_walkdirs.py -> build/lib.linux-x86_64-2.7/bzrlib/tests/per_workingtree
copying bzrlib/tests/per_workingtree/test_content_filters.py -> build/lib.linux-x86_64-2.7/bzrlib/tests/per_workingtree
copying bzrlib/tests/per_workingtree/test_add_reference.py -> build/lib.linux-x86_64-2.7/bzrlib/tests/per_workingtree
copying bzrlib/tests/per_workingtree/test_commit.py -> build/lib.linux-x86_64-2.7/bzrlib/tests/per_workingtree
copying bzrlib/tests/per_workingtree/test_revision_tree.py -> build/lib.linux-x86_64-2.7/bzrlib/tests/per_workingtree
copying bzrlib/tests/per_workingtree/test_mkdir.py -> build/lib.linux-x86_64-2.7/bzrlib/tests/per_workingtree
copying bzrlib/tests/per_workingtree/test_put_file.py -> build/lib.linux-x86_64-2.7/bzrlib/tests/per_workingtree
copying bzrlib/tests/per_workingtree/test_remove.py -> build/lib.linux-x86_64-2.7/bzrlib/tests/per_workingtree
copying bzrlib/tests/per_workingtree/test_basis_tree.py -> build/lib.linux-x86_64-2.7/bzrlib/tests/per_workingtree
copying bzrlib/tests/per_workingtree/test_executable.py -> build/lib.linux-x86_64-2.7/bzrlib/tests/per_workingtree
copying bzrlib/tests/per_workingtree/test_parents.py -> build/lib.linux-x86_64-2.7/bzrlib/tests/per_workingtree
copying bzrlib/tests/per_workingtree/test_pull.py -> build/lib.linux-x86_64-2.7/bzrlib/tests/per_workingtree
copying bzrlib/tests/per_workingtree/test_changes_from.py -> build/lib.linux-x86_64-2.7/bzrlib/tests/per_workingtree
copying bzrlib/tests/per_workingtree/test_move.py -> build/lib.linux-x86_64-2.7/bzrlib/tests/per_workingtree
copying bzrlib/tests/per_workingtree/test_readonly.py -> build/lib.linux-x86_64-2.7/bzrlib/tests/per_workingtree
copying bzrlib/tests/per_workingtree/test_merge_from_branch.py -> build/lib.linux-x86_64-2.7/bzrlib/tests/per_workingtree
copying bzrlib/tests/per_workingtree/test_annotate_iter.py -> build/lib.linux-x86_64-2.7/bzrlib/tests/per_workingtree
copying bzrlib/tests/per_workingtree/test_basis_inventory.py -> build/lib.linux-x86_64-2.7/bzrlib/tests/per_workingtree
copying bzrlib/tests/per_workingtree/test_flush.py -> build/lib.linux-x86_64-2.7/bzrlib/tests/per_workingtree
copying bzrlib/tests/per_workingtree/test_views.py -> build/lib.linux-x86_64-2.7/bzrlib/tests/per_workingtree
copying bzrlib/tests/per_workingtree/test_smart_add.py -> build/lib.linux-x86_64-2.7/bzrlib/tests/per_workingtree
copying bzrlib/tests/per_workingtree/test_read_working_inventory.py -> build/lib.linux-x86_64-2.7/bzrlib/tests/per_workingtree
copying bzrlib/tests/per_workingtree/test_is_ignored.py -> build/lib.linux-x86_64-2.7/bzrlib/tests/per_workingtree
copying bzrlib/tests/per_workingtree/test_set_root_id.py -> build/lib.linux-x86_64-2.7/bzrlib/tests/per_workingtree
copying bzrlib/tests/per_workingtree/test_check.py -> build/lib.linux-x86_64-2.7/bzrlib/tests/per_workingtree
copying bzrlib/tests/per_workingtree/test_get_parent_ids.py -> build/lib.linux-x86_64-2.7/bzrlib/tests/per_workingtree
copying bzrlib/tests/per_workingtree/__init__.py -> build/lib.linux-x86_64-2.7/bzrlib/tests/per_workingtree
creating build/lib.linux-x86_64-2.7/bzrlib/tests/ssl_certs
copying bzrlib/tests/ssl_certs/create_ssls.py -> build/lib.linux-x86_64-2.7/bzrlib/tests/ssl_certs
copying bzrlib/tests/ssl_certs/__init__.py -> build/lib.linux-x86_64-2.7/bzrlib/tests/ssl_certs
creating build/lib.linux-x86_64-2.7/bzrlib/transport
copying bzrlib/transport/ssh.py -> build/lib.linux-x86_64-2.7/bzrlib/transport
copying bzrlib/transport/log.py -> build/lib.linux-x86_64-2.7/bzrlib/transport
copying bzrlib/transport/pathfilter.py -> build/lib.linux-x86_64-2.7/bzrlib/transport
copying bzrlib/transport/sftp.py -> build/lib.linux-x86_64-2.7/bzrlib/transport
copying bzrlib/transport/trace.py -> build/lib.linux-x86_64-2.7/bzrlib/transport
copying bzrlib/transport/brokenrename.py -> build/lib.linux-x86_64-2.7/bzrlib/transport
copying bzrlib/transport/chroot.py -> build/lib.linux-x86_64-2.7/bzrlib/transport
copying bzrlib/transport/fakevfat.py -> build/lib.linux-x86_64-2.7/bzrlib/transport
copying bzrlib/transport/nosmart.py -> build/lib.linux-x86_64-2.7/bzrlib/transport
copying bzrlib/transport/local.py -> build/lib.linux-x86_64-2.7/bzrlib/transport
copying bzrlib/transport/remote.py -> build/lib.linux-x86_64-2.7/bzrlib/transport
copying bzrlib/transport/gio_transport.py -> build/lib.linux-x86_64-2.7/bzrlib/transport
copying bzrlib/transport/decorator.py -> build/lib.linux-x86_64-2.7/bzrlib/transport
copying bzrlib/transport/memory.py -> build/lib.linux-x86_64-2.7/bzrlib/transport
copying bzrlib/transport/unlistable.py -> build/lib.linux-x86_64-2.7/bzrlib/transport
copying bzrlib/transport/fakenfs.py -> build/lib.linux-x86_64-2.7/bzrlib/transport
copying bzrlib/transport/readonly.py -> build/lib.linux-x86_64-2.7/bzrlib/transport
copying bzrlib/transport/__init__.py -> build/lib.linux-x86_64-2.7/bzrlib/transport
creating build/lib.linux-x86_64-2.7/bzrlib/transport/ftp
copying bzrlib/transport/ftp/_gssapi.py -> build/lib.linux-x86_64-2.7/bzrlib/transport/ftp
copying bzrlib/transport/ftp/__init__.py -> build/lib.linux-x86_64-2.7/bzrlib/transport/ftp
creating build/lib.linux-x86_64-2.7/bzrlib/transport/http
copying bzrlib/transport/http/wsgi.py -> build/lib.linux-x86_64-2.7/bzrlib/transport/http
copying bzrlib/transport/http/_urllib2_wrappers.py -> build/lib.linux-x86_64-2.7/bzrlib/transport/http
copying bzrlib/transport/http/response.py -> build/lib.linux-x86_64-2.7/bzrlib/transport/http
copying bzrlib/transport/http/_pycurl.py -> build/lib.linux-x86_64-2.7/bzrlib/transport/http
copying bzrlib/transport/http/ca_bundle.py -> build/lib.linux-x86_64-2.7/bzrlib/transport/http
copying bzrlib/transport/http/_urllib.py -> build/lib.linux-x86_64-2.7/bzrlib/transport/http
copying bzrlib/transport/http/__init__.py -> build/lib.linux-x86_64-2.7/bzrlib/transport/http
creating build/lib.linux-x86_64-2.7/bzrlib/ui
copying bzrlib/ui/text.py -> build/lib.linux-x86_64-2.7/bzrlib/ui
copying bzrlib/ui/__init__.py -> build/lib.linux-x86_64-2.7/bzrlib/ui
creating build/lib.linux-x86_64-2.7/bzrlib/util
copying bzrlib/util/simplemapi.py -> build/lib.linux-x86_64-2.7/bzrlib/util
copying bzrlib/util/_bencode_py.py -> build/lib.linux-x86_64-2.7/bzrlib/util
copying bzrlib/util/__init__.py -> build/lib.linux-x86_64-2.7/bzrlib/util
creating build/lib.linux-x86_64-2.7/bzrlib/util/configobj
copying bzrlib/util/configobj/configobj.py -> build/lib.linux-x86_64-2.7/bzrlib/util/configobj
copying bzrlib/util/configobj/__init__.py -> build/lib.linux-x86_64-2.7/bzrlib/util/configobj
creating build/lib.linux-x86_64-2.7/bzrlib/util/tests
copying bzrlib/util/tests/__init__.py -> build/lib.linux-x86_64-2.7/bzrlib/util/tests
creating build/lib.linux-x86_64-2.7/bzrlib/version_info_formats
copying bzrlib/version_info_formats/format_rio.py -> build/lib.linux-x86_64-2.7/bzrlib/version_info_formats
copying bzrlib/version_info_formats/format_custom.py -> build/lib.linux-x86_64-2.7/bzrlib/version_info_formats
copying bzrlib/version_info_formats/format_python.py -> build/lib.linux-x86_64-2.7/bzrlib/version_info_formats
copying bzrlib/version_info_formats/__init__.py -> build/lib.linux-x86_64-2.7/bzrlib/version_info_formats
copying bzrlib/doc/api/branch.txt -> build/lib.linux-x86_64-2.7/bzrlib/doc/api
copying bzrlib/doc/api/transport.txt -> build/lib.linux-x86_64-2.7/bzrlib/doc/api
creating build/lib.linux-x86_64-2.7/bzrlib/tests/test_patches_data
copying bzrlib/tests/test_patches_data/diff-5 -> build/lib.linux-x86_64-2.7/bzrlib/tests/test_patches_data
copying bzrlib/tests/test_patches_data/diff-2 -> build/lib.linux-x86_64-2.7/bzrlib/tests/test_patches_data
copying bzrlib/tests/test_patches_data/mod-4 -> build/lib.linux-x86_64-2.7/bzrlib/tests/test_patches_data
copying bzrlib/tests/test_patches_data/patchtext.patch -> build/lib.linux-x86_64-2.7/bzrlib/tests/test_patches_data
copying bzrlib/tests/test_patches_data/diff-3 -> build/lib.linux-x86_64-2.7/bzrlib/tests/test_patches_data
copying bzrlib/tests/test_patches_data/orig-5 -> build/lib.linux-x86_64-2.7/bzrlib/tests/test_patches_data
copying bzrlib/tests/test_patches_data/binary-after-normal.patch -> build/lib.linux-x86_64-2.7/bzrlib/tests/test_patches_data
copying bzrlib/tests/test_patches_data/orig-2 -> build/lib.linux-x86_64-2.7/bzrlib/tests/test_patches_data
copying bzrlib/tests/test_patches_data/mod-5 -> build/lib.linux-x86_64-2.7/bzrlib/tests/test_patches_data
copying bzrlib/tests/test_patches_data/mod-6 -> build/lib.linux-x86_64-2.7/bzrlib/tests/test_patches_data
copying bzrlib/tests/test_patches_data/insert_top.patch -> build/lib.linux-x86_64-2.7/bzrlib/tests/test_patches_data
copying bzrlib/tests/test_patches_data/mod -> build/lib.linux-x86_64-2.7/bzrlib/tests/test_patches_data
copying bzrlib/tests/test_patches_data/orig-7 -> build/lib.linux-x86_64-2.7/bzrlib/tests/test_patches_data
copying bzrlib/tests/test_patches_data/diff-4 -> build/lib.linux-x86_64-2.7/bzrlib/tests/test_patches_data
copying bzrlib/tests/test_patches_data/mod-7 -> build/lib.linux-x86_64-2.7/bzrlib/tests/test_patches_data
copying bzrlib/tests/test_patches_data/orig-4 -> build/lib.linux-x86_64-2.7/bzrlib/tests/test_patches_data
copying bzrlib/tests/test_patches_data/orig -> build/lib.linux-x86_64-2.7/bzrlib/tests/test_patches_data
copying bzrlib/tests/test_patches_data/mod-3 -> build/lib.linux-x86_64-2.7/bzrlib/tests/test_patches_data
copying bzrlib/tests/test_patches_data/orig-3 -> build/lib.linux-x86_64-2.7/bzrlib/tests/test_patches_data
copying bzrlib/tests/test_patches_data/orig-6 -> build/lib.linux-x86_64-2.7/bzrlib/tests/test_patches_data
copying bzrlib/tests/test_patches_data/binary.patch -> build/lib.linux-x86_64-2.7/bzrlib/tests/test_patches_data
copying bzrlib/tests/test_patches_data/diff-6 -> build/lib.linux-x86_64-2.7/bzrlib/tests/test_patches_data
copying bzrlib/tests/test_patches_data/mod-2 -> build/lib.linux-x86_64-2.7/bzrlib/tests/test_patches_data
copying bzrlib/tests/test_patches_data/diff-7 -> build/lib.linux-x86_64-2.7/bzrlib/tests/test_patches_data
copying bzrlib/tests/test_patches_data/diff -> build/lib.linux-x86_64-2.7/bzrlib/tests/test_patches_data
creating build/lib.linux-x86_64-2.7/bzrlib/help_topics/en
copying bzrlib/help_topics/en/debug-flags.txt -> build/lib.linux-x86_64-2.7/bzrlib/help_topics/en
copying bzrlib/help_topics/en/diverged-branches.txt -> build/lib.linux-x86_64-2.7/bzrlib/help_topics/en
copying bzrlib/help_topics/en/configuration.txt -> build/lib.linux-x86_64-2.7/bzrlib/help_topics/en
copying bzrlib/help_topics/en/url-special-chars.txt -> build/lib.linux-x86_64-2.7/bzrlib/help_topics/en
copying bzrlib/help_topics/en/patterns.txt -> build/lib.linux-x86_64-2.7/bzrlib/help_topics/en
copying bzrlib/help_topics/en/log-formats.txt -> build/lib.linux-x86_64-2.7/bzrlib/help_topics/en
copying bzrlib/help_topics/en/eol.txt -> build/lib.linux-x86_64-2.7/bzrlib/help_topics/en
copying bzrlib/help_topics/en/rules.txt -> build/lib.linux-x86_64-2.7/bzrlib/help_topics/en
copying bzrlib/help_topics/en/authentication.txt -> build/lib.linux-x86_64-2.7/bzrlib/help_topics/en
copying bzrlib/help_topics/en/content-filters.txt -> build/lib.linux-x86_64-2.7/bzrlib/help_topics/en
copying bzrlib/help_topics/en/conflict-types.txt -> build/lib.linux-x86_64-2.7/bzrlib/help_topics/en
copying bzrlib/tests/ssl_certs/ca.crt -> build/lib.linux-x86_64-2.7/bzrlib/tests/ssl_certs
copying bzrlib/tests/ssl_certs/server_without_pass.key -> build/lib.linux-x86_64-2.7/bzrlib/tests/ssl_certs
copying bzrlib/tests/ssl_certs/server_with_pass.key -> build/lib.linux-x86_64-2.7/bzrlib/tests/ssl_certs
copying bzrlib/tests/ssl_certs/server.crt -> build/lib.linux-x86_64-2.7/bzrlib/tests/ssl_certs
running build_ext
building 'bzrlib._annotator_pyx' extension
creating build/temp.linux-x86_64-2.7
creating build/temp.linux-x86_64-2.7/bzrlib
gcc -pthread -fno-strict-aliasing -g -O2 -DNDEBUG -g -fwrapv -O3 -Wall -Wstrict-prototypes -fPIC -I/usr/include/python2.7 -c bzrlib/_annotator_pyx.c -o build/temp.linux-x86_64-2.7/bzrlib/_annotator_pyx.o
gcc -pthread -shared build/temp.linux-x86_64-2.7/bzrlib/_annotator_pyx.o -L/usr/lib -lpython2.7 -o build/lib.linux-x86_64-2.7/bzrlib/_annotator_pyx.so
building 'bzrlib._bencode_pyx' extension
gcc -pthread -fno-strict-aliasing -g -O2 -DNDEBUG -g -fwrapv -O3 -Wall -Wstrict-prototypes -fPIC -I/usr/include/python2.7 -c bzrlib/_bencode_pyx.c -o build/temp.linux-x86_64-2.7/bzrlib/_bencode_pyx.o
gcc -pthread -shared build/temp.linux-x86_64-2.7/bzrlib/_bencode_pyx.o -L/usr/lib -lpython2.7 -o build/lib.linux-x86_64-2.7/bzrlib/_bencode_pyx.so
building 'bzrlib._chunks_to_lines_pyx' extension
gcc -pthread -fno-strict-aliasing -g -O2 -DNDEBUG -g -fwrapv -O3 -Wall -Wstrict-prototypes -fPIC -I/usr/include/python2.7 -c bzrlib/_chunks_to_lines_pyx.c -o build/temp.linux-x86_64-2.7/bzrlib/_chunks_to_lines_pyx.o
gcc -pthread -shared build/temp.linux-x86_64-2.7/bzrlib/_chunks_to_lines_pyx.o -L/usr/lib -lpython2.7 -o build/lib.linux-x86_64-2.7/bzrlib/_chunks_to_lines_pyx.so
building 'bzrlib._groupcompress_pyx' extension
gcc -pthread -fno-strict-aliasing -g -O2 -DNDEBUG -g -fwrapv -O3 -Wall -Wstrict-prototypes -fPIC -I/usr/include/python2.7 -c bzrlib/_groupcompress_pyx.c -o build/temp.linux-x86_64-2.7/bzrlib/_groupcompress_pyx.o
gcc -pthread -fno-strict-aliasing -g -O2 -DNDEBUG -g -fwrapv -O3 -Wall -Wstrict-prototypes -fPIC -I/usr/include/python2.7 -c bzrlib/diff-delta.c -o build/temp.linux-x86_64-2.7/bzrlib/diff-delta.o
gcc -pthread -shared build/temp.linux-x86_64-2.7/bzrlib/_groupcompress_pyx.o build/temp.linux-x86_64-2.7/bzrlib/diff-delta.o -L/usr/lib -lpython2.7 -o build/lib.linux-x86_64-2.7/bzrlib/_groupcompress_pyx.so
building 'bzrlib._knit_load_data_pyx' extension
gcc -pthread -fno-strict-aliasing -g -O2 -DNDEBUG -g -fwrapv -O3 -Wall -Wstrict-prototypes -fPIC -I/usr/include/python2.7 -c bzrlib/_knit_load_data_pyx.c -o build/temp.linux-x86_64-2.7/bzrlib/_knit_load_data_pyx.o
gcc -pthread -shared build/temp.linux-x86_64-2.7/bzrlib/_knit_load_data_pyx.o -L/usr/lib -lpython2.7 -o build/lib.linux-x86_64-2.7/bzrlib/_knit_load_data_pyx.so
building 'bzrlib._known_graph_pyx' extension
gcc -pthread -fno-strict-aliasing -g -O2 -DNDEBUG -g -fwrapv -O3 -Wall -Wstrict-prototypes -fPIC -I/usr/include/python2.7 -c bzrlib/_known_graph_pyx.c -o build/temp.linux-x86_64-2.7/bzrlib/_known_graph_pyx.o
gcc -pthread -shared build/temp.linux-x86_64-2.7/bzrlib/_known_graph_pyx.o -L/usr/lib -lpython2.7 -o build/lib.linux-x86_64-2.7/bzrlib/_known_graph_pyx.so
building 'bzrlib._rio_pyx' extension
gcc -pthread -fno-strict-aliasing -g -O2 -DNDEBUG -g -fwrapv -O3 -Wall -Wstrict-prototypes -fPIC -I/usr/include/python2.7 -c bzrlib/_rio_pyx.c -o build/temp.linux-x86_64-2.7/bzrlib/_rio_pyx.o
gcc -pthread -shared build/temp.linux-x86_64-2.7/bzrlib/_rio_pyx.o -L/usr/lib -lpython2.7 -o build/lib.linux-x86_64-2.7/bzrlib/_rio_pyx.so
building 'bzrlib._dirstate_helpers_pyx' extension
gcc -pthread -fno-strict-aliasing -g -O2 -DNDEBUG -g -fwrapv -O3 -Wall -Wstrict-prototypes -fPIC -I/usr/include/python2.7 -c bzrlib/_dirstate_helpers_pyx.c -o build/temp.linux-x86_64-2.7/bzrlib/_dirstate_helpers_pyx.o
gcc -pthread -shared build/temp.linux-x86_64-2.7/bzrlib/_dirstate_helpers_pyx.o -L/usr/lib -lpython2.7 -o build/lib.linux-x86_64-2.7/bzrlib/_dirstate_helpers_pyx.so
building 'bzrlib._readdir_pyx' extension
gcc -pthread -fno-strict-aliasing -g -O2 -DNDEBUG -g -fwrapv -O3 -Wall -Wstrict-prototypes -fPIC -I/usr/include/python2.7 -c bzrlib/_readdir_pyx.c -o build/temp.linux-x86_64-2.7/bzrlib/_readdir_pyx.o
gcc -pthread -shared build/temp.linux-x86_64-2.7/bzrlib/_readdir_pyx.o -L/usr/lib -lpython2.7 -o build/lib.linux-x86_64-2.7/bzrlib/_readdir_pyx.so
building 'bzrlib._chk_map_pyx' extension
gcc -pthread -fno-strict-aliasing -g -O2 -DNDEBUG -g -fwrapv -O3 -Wall -Wstrict-prototypes -fPIC -I/usr/include/python2.7 -c bzrlib/_chk_map_pyx.c -o build/temp.linux-x86_64-2.7/bzrlib/_chk_map_pyx.o
gcc -pthread -shared build/temp.linux-x86_64-2.7/bzrlib/_chk_map_pyx.o -L/usr/lib -lpython2.7 -o build/lib.linux-x86_64-2.7/bzrlib/_chk_map_pyx.so
building 'bzrlib._patiencediff_c' extension
gcc -pthread -fno-strict-aliasing -g -O2 -DNDEBUG -g -fwrapv -O3 -Wall -Wstrict-prototypes -fPIC -I/usr/include/python2.7 -c bzrlib/_patiencediff_c.c -o build/temp.linux-x86_64-2.7/bzrlib/_patiencediff_c.o
gcc -pthread -shared build/temp.linux-x86_64-2.7/bzrlib/_patiencediff_c.o -L/usr/lib -lpython2.7 -o build/lib.linux-x86_64-2.7/bzrlib/_patiencediff_c.so
building 'bzrlib._simple_set_pyx' extension
gcc -pthread -fno-strict-aliasing -g -O2 -DNDEBUG -g -fwrapv -O3 -Wall -Wstrict-prototypes -fPIC -I/usr/include/python2.7 -c bzrlib/_simple_set_pyx.c -o build/temp.linux-x86_64-2.7/bzrlib/_simple_set_pyx.o
gcc -pthread -shared build/temp.linux-x86_64-2.7/bzrlib/_simple_set_pyx.o -L/usr/lib -lpython2.7 -o build/lib.linux-x86_64-2.7/bzrlib/_simple_set_pyx.so
building 'bzrlib._static_tuple_c' extension
gcc -pthread -fno-strict-aliasing -g -O2 -DNDEBUG -g -fwrapv -O3 -Wall -Wstrict-prototypes -fPIC -I/usr/include/python2.7 -c bzrlib/_static_tuple_c.c -o build/temp.linux-x86_64-2.7/bzrlib/_static_tuple_c.o
gcc -pthread -shared build/temp.linux-x86_64-2.7/bzrlib/_static_tuple_c.o -L/usr/lib -lpython2.7 -o build/lib.linux-x86_64-2.7/bzrlib/_static_tuple_c.so
building 'bzrlib._btree_serializer_pyx' extension
gcc -pthread -fno-strict-aliasing -g -O2 -DNDEBUG -g -fwrapv -O3 -Wall -Wstrict-prototypes -fPIC -I/usr/include/python2.7 -c bzrlib/_btree_serializer_pyx.c -o build/temp.linux-x86_64-2.7/bzrlib/_btree_serializer_pyx.o
gcc -pthread -shared build/temp.linux-x86_64-2.7/bzrlib/_btree_serializer_pyx.o -L/usr/lib -lpython2.7 -o build/lib.linux-x86_64-2.7/bzrlib/_btree_serializer_pyx.so
running build_scripts
creating build/scripts-2.7
copying and adjusting bzr -> build/scripts-2.7
changing mode of build/scripts-2.7/bzr from 644 to 755
running build_mo
creating bzrlib/locale
creating bzrlib/locale/es
creating bzrlib/locale/es/LC_MESSAGES
Compile: po/es.po -> bzrlib/locale/es/LC_MESSAGES/bzr.mo
msgfmt -o bzrlib/locale/es/LC_MESSAGES/bzr.mo po/es.po
creating bzrlib/locale/fo
creating bzrlib/locale/fo/LC_MESSAGES
Compile: po/fo.po -> bzrlib/locale/fo/LC_MESSAGES/bzr.mo
msgfmt -o bzrlib/locale/fo/LC_MESSAGES/bzr.mo po/fo.po
creating bzrlib/locale/sv
creating bzrlib/locale/sv/LC_MESSAGES
Compile: po/sv.po -> bzrlib/locale/sv/LC_MESSAGES/bzr.mo
msgfmt -o bzrlib/locale/sv/LC_MESSAGES/bzr.mo po/sv.po
creating bzrlib/locale/my
creating bzrlib/locale/my/LC_MESSAGES
Compile: po/my.po -> bzrlib/locale/my/LC_MESSAGES/bzr.mo
msgfmt -o bzrlib/locale/my/LC_MESSAGES/bzr.mo po/my.po
creating bzrlib/locale/pl
creating bzrlib/locale/pl/LC_MESSAGES
Compile: po/pl.po -> bzrlib/locale/pl/LC_MESSAGES/bzr.mo
msgfmt -o bzrlib/locale/pl/LC_MESSAGES/bzr.mo po/pl.po
creating bzrlib/locale/sr
creating bzrlib/locale/sr/LC_MESSAGES
Compile: po/sr.po -> bzrlib/locale/sr/LC_MESSAGES/bzr.mo
msgfmt -o bzrlib/locale/sr/LC_MESSAGES/bzr.mo po/sr.po
creating bzrlib/locale/en_AU
creating bzrlib/locale/en_AU/LC_MESSAGES
Compile: po/en_AU.po -> bzrlib/locale/en_AU/LC_MESSAGES/bzr.mo
msgfmt -o bzrlib/locale/en_AU/LC_MESSAGES/bzr.mo po/en_AU.po
creating bzrlib/locale/fa
creating bzrlib/locale/fa/LC_MESSAGES
Compile: po/fa.po -> bzrlib/locale/fa/LC_MESSAGES/bzr.mo
msgfmt -o bzrlib/locale/fa/LC_MESSAGES/bzr.mo po/fa.po
creating bzrlib/locale/uk
creating bzrlib/locale/uk/LC_MESSAGES
Compile: po/uk.po -> bzrlib/locale/uk/LC_MESSAGES/bzr.mo
msgfmt -o bzrlib/locale/uk/LC_MESSAGES/bzr.mo po/uk.po
creating bzrlib/locale/ast
creating bzrlib/locale/ast/LC_MESSAGES
Compile: po/ast.po -> bzrlib/locale/ast/LC_MESSAGES/bzr.mo
msgfmt -o bzrlib/locale/ast/LC_MESSAGES/bzr.mo po/ast.po
creating bzrlib/locale/ar
creating bzrlib/locale/ar/LC_MESSAGES
Compile: po/ar.po -> bzrlib/locale/ar/LC_MESSAGES/bzr.mo
msgfmt -o bzrlib/locale/ar/LC_MESSAGES/bzr.mo po/ar.po
creating bzrlib/locale/fr
creating bzrlib/locale/fr/LC_MESSAGES
Compile: po/fr.po -> bzrlib/locale/fr/LC_MESSAGES/bzr.mo
msgfmt -o bzrlib/locale/fr/LC_MESSAGES/bzr.mo po/fr.po
creating bzrlib/locale/nl
creating bzrlib/locale/nl/LC_MESSAGES
Compile: po/nl.po -> bzrlib/locale/nl/LC_MESSAGES/bzr.mo
msgfmt -o bzrlib/locale/nl/LC_MESSAGES/bzr.mo po/nl.po
creating bzrlib/locale/sco
creating bzrlib/locale/sco/LC_MESSAGES
Compile: po/sco.po -> bzrlib/locale/sco/LC_MESSAGES/bzr.mo
msgfmt -o bzrlib/locale/sco/LC_MESSAGES/bzr.mo po/sco.po
creating bzrlib/locale/tr
creating bzrlib/locale/tr/LC_MESSAGES
Compile: po/tr.po -> bzrlib/locale/tr/LC_MESSAGES/bzr.mo
msgfmt -o bzrlib/locale/tr/LC_MESSAGES/bzr.mo po/tr.po
creating bzrlib/locale/ko
creating bzrlib/locale/ko/LC_MESSAGES
Compile: po/ko.po -> bzrlib/locale/ko/LC_MESSAGES/bzr.mo
msgfmt -o bzrlib/locale/ko/LC_MESSAGES/bzr.mo po/ko.po
creating bzrlib/locale/en_GB
creating bzrlib/locale/en_GB/LC_MESSAGES
Compile: po/en_GB.po -> bzrlib/locale/en_GB/LC_MESSAGES/bzr.mo
msgfmt -o bzrlib/locale/en_GB/LC_MESSAGES/bzr.mo po/en_GB.po
creating bzrlib/locale/cs
creating bzrlib/locale/cs/LC_MESSAGES
Compile: po/cs.po -> bzrlib/locale/cs/LC_MESSAGES/bzr.mo
msgfmt -o bzrlib/locale/cs/LC_MESSAGES/bzr.mo po/cs.po
creating bzrlib/locale/nb
creating bzrlib/locale/nb/LC_MESSAGES
Compile: po/nb.po -> bzrlib/locale/nb/LC_MESSAGES/bzr.mo
msgfmt -o bzrlib/locale/nb/LC_MESSAGES/bzr.mo po/nb.po
creating bzrlib/locale/ro
creating bzrlib/locale/ro/LC_MESSAGES
Compile: po/ro.po -> bzrlib/locale/ro/LC_MESSAGES/bzr.mo
msgfmt -o bzrlib/locale/ro/LC_MESSAGES/bzr.mo po/ro.po
creating bzrlib/locale/ru
creating bzrlib/locale/ru/LC_MESSAGES
Compile: po/ru.po -> bzrlib/locale/ru/LC_MESSAGES/bzr.mo
msgfmt -o bzrlib/locale/ru/LC_MESSAGES/bzr.mo po/ru.po
creating bzrlib/locale/ms
creating bzrlib/locale/ms/LC_MESSAGES
Compile: po/ms.po -> bzrlib/locale/ms/LC_MESSAGES/bzr.mo
msgfmt -o bzrlib/locale/ms/LC_MESSAGES/bzr.mo po/ms.po
creating bzrlib/locale/he
creating bzrlib/locale/he/LC_MESSAGES
Compile: po/he.po -> bzrlib/locale/he/LC_MESSAGES/bzr.mo
msgfmt -o bzrlib/locale/he/LC_MESSAGES/bzr.mo po/he.po
creating bzrlib/locale/ca
creating bzrlib/locale/ca/LC_MESSAGES
Compile: po/ca.po -> bzrlib/locale/ca/LC_MESSAGES/bzr.mo
msgfmt -o bzrlib/locale/ca/LC_MESSAGES/bzr.mo po/ca.po
creating bzrlib/locale/sk
creating bzrlib/locale/sk/LC_MESSAGES
Compile: po/sk.po -> bzrlib/locale/sk/LC_MESSAGES/bzr.mo
msgfmt -o bzrlib/locale/sk/LC_MESSAGES/bzr.mo po/sk.po
creating bzrlib/locale/pt_BR
creating bzrlib/locale/pt_BR/LC_MESSAGES
Compile: po/pt_BR.po -> bzrlib/locale/pt_BR/LC_MESSAGES/bzr.mo
msgfmt -o bzrlib/locale/pt_BR/LC_MESSAGES/bzr.mo po/pt_BR.po
creating bzrlib/locale/ja
creating bzrlib/locale/ja/LC_MESSAGES
Compile: po/ja.po -> bzrlib/locale/ja/LC_MESSAGES/bzr.mo
msgfmt -o bzrlib/locale/ja/LC_MESSAGES/bzr.mo po/ja.po
creating bzrlib/locale/gl
creating bzrlib/locale/gl/LC_MESSAGES
Compile: po/gl.po -> bzrlib/locale/gl/LC_MESSAGES/bzr.mo
msgfmt -o bzrlib/locale/gl/LC_MESSAGES/bzr.mo po/gl.po
creating bzrlib/locale/zh_CN
creating bzrlib/locale/zh_CN/LC_MESSAGES
Compile: po/zh_CN.po -> bzrlib/locale/zh_CN/LC_MESSAGES/bzr.mo
msgfmt -o bzrlib/locale/zh_CN/LC_MESSAGES/bzr.mo po/zh_CN.po
creating bzrlib/locale/de
creating bzrlib/locale/de/LC_MESSAGES
Compile: po/de.po -> bzrlib/locale/de/LC_MESSAGES/bzr.mo
msgfmt -o bzrlib/locale/de/LC_MESSAGES/bzr.mo po/de.po
creating bzrlib/locale/it
creating bzrlib/locale/it/LC_MESSAGES
Compile: po/it.po -> bzrlib/locale/it/LC_MESSAGES/bzr.mo
msgfmt -o bzrlib/locale/it/LC_MESSAGES/bzr.mo po/it.po
creating bzrlib/locale/id
creating bzrlib/locale/id/LC_MESSAGES
Compile: po/id.po -> bzrlib/locale/id/LC_MESSAGES/bzr.mo
msgfmt -o bzrlib/locale/id/LC_MESSAGES/bzr.mo po/id.po
creating bzrlib/locale/ug
creating bzrlib/locale/ug/LC_MESSAGES
Compile: po/ug.po -> bzrlib/locale/ug/LC_MESSAGES/bzr.mo
msgfmt -o bzrlib/locale/ug/LC_MESSAGES/bzr.mo po/ug.po
creating bzrlib/locale/el
creating bzrlib/locale/el/LC_MESSAGES
Compile: po/el.po -> bzrlib/locale/el/LC_MESSAGES/bzr.mo
msgfmt -o bzrlib/locale/el/LC_MESSAGES/bzr.mo po/el.po
creating bzrlib/locale/si
creating bzrlib/locale/si/LC_MESSAGES
Compile: po/si.po -> bzrlib/locale/si/LC_MESSAGES/bzr.mo
msgfmt -o bzrlib/locale/si/LC_MESSAGES/bzr.mo po/si.po
creating bzrlib/locale/vi
creating bzrlib/locale/vi/LC_MESSAGES
Compile: po/vi.po -> bzrlib/locale/vi/LC_MESSAGES/bzr.mo
msgfmt -o bzrlib/locale/vi/LC_MESSAGES/bzr.mo po/vi.po
creating bzrlib/locale/oc
creating bzrlib/locale/oc/LC_MESSAGES
Compile: po/oc.po -> bzrlib/locale/oc/LC_MESSAGES/bzr.mo
msgfmt -o bzrlib/locale/oc/LC_MESSAGES/bzr.mo po/oc.po
creating bzrlib/locale/bs
creating bzrlib/locale/bs/LC_MESSAGES
Compile: po/bs.po -> bzrlib/locale/bs/LC_MESSAGES/bzr.mo
msgfmt -o bzrlib/locale/bs/LC_MESSAGES/bzr.mo po/bs.po
running install_lib
copying build/lib.linux-x86_64-2.7/bzrlib/_chunks_to_lines_pyx.so -> /usr/lib/python2.7/site-packages/bzrlib
copying build/lib.linux-x86_64-2.7/bzrlib/_dirstate_helpers_pyx.so -> /usr/lib/python2.7/site-packages/bzrlib
copying build/lib.linux-x86_64-2.7/bzrlib/_static_tuple_c.so -> /usr/lib/python2.7/site-packages/bzrlib
copying build/lib.linux-x86_64-2.7/bzrlib/_btree_serializer_pyx.so -> /usr/lib/python2.7/site-packages/bzrlib
copying build/lib.linux-x86_64-2.7/bzrlib/_groupcompress_pyx.so -> /usr/lib/python2.7/site-packages/bzrlib
copying build/lib.linux-x86_64-2.7/bzrlib/_patiencediff_c.so -> /usr/lib/python2.7/site-packages/bzrlib
copying build/lib.linux-x86_64-2.7/bzrlib/_known_graph_pyx.so -> /usr/lib/python2.7/site-packages/bzrlib
copying build/lib.linux-x86_64-2.7/bzrlib/_rio_pyx.so -> /usr/lib/python2.7/site-packages/bzrlib
copying build/lib.linux-x86_64-2.7/bzrlib/_simple_set_pyx.so -> /usr/lib/python2.7/site-packages/bzrlib
copying build/lib.linux-x86_64-2.7/bzrlib/_chk_map_pyx.so -> /usr/lib/python2.7/site-packages/bzrlib
copying build/lib.linux-x86_64-2.7/bzrlib/_knit_load_data_pyx.so -> /usr/lib/python2.7/site-packages/bzrlib
copying build/lib.linux-x86_64-2.7/bzrlib/_readdir_pyx.so -> /usr/lib/python2.7/site-packages/bzrlib
copying build/lib.linux-x86_64-2.7/bzrlib/_annotator_pyx.so -> /usr/lib/python2.7/site-packages/bzrlib
copying build/lib.linux-x86_64-2.7/bzrlib/_bencode_pyx.so -> /usr/lib/python2.7/site-packages/bzrlib
running install_scripts
copying build/scripts-2.7/bzr -> /usr/bin
changing mode of /usr/bin/bzr to 755
running install_data
copying bzr.1 -> /usr/man/man1
running install_egg_info
Removing /usr/lib/python2.7/site-packages/bzr-2.7.0-py2.7.egg-info
Writing /usr/lib/python2.7/site-packages/bzr-2.7.0-py2.7.egg-info
