checking whether make sets $(MAKE)... yes
checking for a BSD-compatible install... /usr/bin/install -c
checking whether build environment is sane... yes
checking for a thread-safe mkdir -p... /bin/mkdir -p
checking for gawk... gawk
checking whether make supports nested variables... yes
checking whether UID '1000' is supported by ustar format... yes
checking whether GID '1000' is supported by ustar format... yes
checking how to create a ustar tar archive... gnutar
checking whether to enable maintainer-specific portions of Makefiles... no
checking whether make supports nested variables... (cached) yes
checking for style of include used by make... GNU
checking for gcc... gcc
checking whether the C compiler works... yes
checking for C compiler default output file name... a.out
checking for suffix of executables... 
checking whether we are cross compiling... no
checking for suffix of object files... o
checking whether we are using the GNU C compiler... yes
checking whether gcc accepts -g... yes
checking for gcc option to accept ISO C89... none needed
checking whether gcc understands -c and -o together... yes
checking dependency style of gcc... gcc3
checking how to run the C preprocessor... gcc -E
checking for grep that handles long lines and -e... /bin/grep
checking for egrep... /bin/grep -E
checking for ANSI C header files... yes
checking for sys/types.h... yes
checking for sys/stat.h... yes
checking for stdlib.h... yes
checking for string.h... yes
checking for memory.h... yes
checking for strings.h... yes
checking for inttypes.h... yes
checking for stdint.h... yes
checking for unistd.h... yes
checking minix/config.h usability... no
checking minix/config.h presence... no
checking for minix/config.h... no
checking whether it is safe to define __EXTENSIONS__... yes
checking for gawk... (cached) gawk
checking for gcc... (cached) gcc
checking whether we are using the GNU C compiler... (cached) yes
checking whether gcc accepts -g... (cached) yes
checking for gcc option to accept ISO C89... (cached) none needed
checking whether gcc understands -c and -o together... (cached) yes
checking dependency style of gcc... (cached) gcc3
checking whether ln -s works... yes
checking whether make sets $(MAKE)... (cached) yes
checking whether NLS is requested... yes
checking for intltool >= 0.31... 0.51.0 found
checking for intltool-update... /usr/bin/intltool-update
checking for intltool-merge... /usr/bin/intltool-merge
checking for intltool-extract... /usr/bin/intltool-extract
checking for xgettext... /usr/bin/xgettext
checking for msgmerge... /usr/bin/msgmerge
checking for msgfmt... /usr/bin/msgfmt
checking for gmsgfmt... /usr/bin/msgfmt
checking for perl... /usr/bin/perl
checking for perl >= 5.8.1... 5.22.1
checking for a sed that does not truncate output... /bin/sed
checking build system type... x86_64-unknown-linux-gnu
checking host system type... x86_64-unknown-linux-gnu
checking how to print strings... printf
checking for a sed that does not truncate output... (cached) /bin/sed
checking for fgrep... /bin/grep -F
checking for ld used by gcc... /usr/bin/ld
checking if the linker (/usr/bin/ld) is GNU ld... yes
checking for BSD- or MS-compatible name lister (nm)... /usr/bin/nm -B
checking the name lister (/usr/bin/nm -B) interface... BSD nm
checking the maximum length of command line arguments... 1572864
checking how to convert x86_64-unknown-linux-gnu file names to x86_64-unknown-linux-gnu format... func_convert_file_noop
checking how to convert x86_64-unknown-linux-gnu file names to toolchain format... func_convert_file_noop
checking for /usr/bin/ld option to reload object files... -r
checking for objdump... objdump
checking how to recognize dependent libraries... pass_all
checking for dlltool... no
checking how to associate runtime and link libraries... printf %s\n
checking for ar... ar
checking for archiver @FILE support... @
checking for strip... strip
checking for ranlib... ranlib
checking command to parse /usr/bin/nm -B output from gcc object... ok
checking for sysroot... no
checking for a working dd... /bin/dd
checking how to truncate binary pipes... /bin/dd bs=4096 count=1
checking for mt... no
checking if : is a manifest tool... no
checking for dlfcn.h... yes
checking for objdir... .libs
checking if gcc supports -fno-rtti -fno-exceptions... no
checking for gcc option to produce PIC... -fPIC -DPIC
checking if gcc PIC flag -fPIC -DPIC works... yes
checking if gcc static flag -static works... yes
checking if gcc supports -c -o file.o... yes
checking if gcc supports -c -o file.o... (cached) yes
checking whether the gcc linker (/usr/bin/ld -m elf_x86_64) supports shared libraries... yes
checking whether -lc should be explicitly linked in... no
checking dynamic linker characteristics... GNU/Linux ld.so
checking how to hardcode library paths into programs... immediate
checking whether stripping libraries is possible... yes
checking if libtool supports shared libraries... yes
checking whether to build shared libraries... yes
checking whether to build static libraries... no
checking for ANSI C header files... (cached) yes
checking asm/unistd.h usability... yes
checking asm/unistd.h presence... yes
checking for asm/unistd.h... yes
checking errno.h usability... yes
checking errno.h presence... yes
checking for errno.h... yes
checking fcntl.h usability... yes
checking fcntl.h presence... yes
checking for fcntl.h... yes
checking limits.h usability... yes
checking limits.h presence... yes
checking for limits.h... yes
checking netdb.h usability... yes
checking netdb.h presence... yes
checking for netdb.h... yes
checking pwd.h usability... yes
checking pwd.h presence... yes
checking for pwd.h... yes
checking signal.h usability... yes
checking signal.h presence... yes
checking for signal.h... yes
checking stdarg.h usability... yes
checking stdarg.h presence... yes
checking for stdarg.h... yes
checking sys/param.h usability... yes
checking sys/param.h presence... yes
checking for sys/param.h... yes
checking sys/resource.h usability... yes
checking sys/resource.h presence... yes
checking for sys/resource.h... yes
checking sys/socket.h usability... yes
checking sys/socket.h presence... yes
checking for sys/socket.h... yes
checking sys/time.h usability... yes
checking sys/time.h presence... yes
checking for sys/time.h... yes
checking sys/wait.h usability... yes
checking sys/wait.h presence... yes
checking for sys/wait.h... yes
checking sys/utsname.h usability... yes
checking sys/utsname.h presence... yes
checking for sys/utsname.h... yes
checking time.h usability... yes
checking time.h presence... yes
checking for time.h... yes
checking for unistd.h... (cached) yes
checking for sys/param.h... (cached) yes
checking sys/user.h usability... yes
checking sys/user.h presence... yes
checking for sys/user.h... yes
checking sys/sysctl.h usability... yes
checking sys/sysctl.h presence... yes
checking for sys/sysctl.h... yes
checking math.h usability... yes
checking math.h presence... yes
checking for math.h... yes
checking for sys/types.h... (cached) yes
checking for getaddrinfo... yes
checking for gethostbyname... yes
checking for gethostname... yes
checking for getpwuid... yes
checking for setsid... yes
checking for sigaction... yes
checking for strdup... yes
checking for sync... yes
checking for vfork... yes
checking for inline... inline
checking for mode_t... yes
checking for pid_t... yes
checking for size_t... yes
checking for stdlib.h... (cached) yes
checking for GNU libc compatible malloc... yes
checking for cos in -lm... yes
checking for X... libraries , headers 
checking for gethostbyname... (cached) yes
checking for connect... yes
checking for remove... yes
checking for shmat... yes
checking for IceConnectionNumber in -lICE... yes
checking for main in -lX11... yes
checking for SmcSaveYourselfDone in -lSM... yes
checking for _IceTransNoListen... yes
checking locale.h usability... yes
checking locale.h presence... yes
checking for locale.h... yes
checking for LC_MESSAGES... yes
checking libintl.h usability... yes
checking libintl.h presence... yes
checking for libintl.h... yes
checking for ngettext in libc... yes
checking for dgettext in libc... yes
checking for bind_textdomain_codeset... yes
checking for msgfmt... (cached) /usr/bin/msgfmt
checking for dcgettext... yes
checking if msgfmt accepts -c... yes
checking for gmsgfmt... (cached) /usr/bin/msgfmt
checking for xgettext... (cached) /usr/bin/xgettext
checking for catalogs to be installed...  am ar ast be bg bn ca cs da de el en_AU en_GB eo es et eu fi fr gl he hr hu id is it ja kk ko lt lv ms nb nl nn oc pa pl pt_BR pt ro ru si sk sl sq sr sv te th tr ug uk ur_PK ur vi zh_CN zh_HK zh_TW
checking for bind_textdomain_codeset... (cached) yes
checking for locales directory... ${datarootdir}/locale
checking for additional xgettext flags... --keyword=Q_ --from-code=UTF-8
checking for pkg-config... /usr/bin/pkg-config
checking pkg-config is at least version 0.9.0... yes
checking for libxfce4util-1.0 >= 4.9.0... 4.12.1
checking LIBXFCE4UTIL_CFLAGS... -I/usr/include/xfce4 -I/usr/include/glib-2.0 -I/usr/lib/glib-2.0/include
checking LIBXFCE4UTIL_LIBS... -lxfce4util -lglib-2.0
checking for pkg-config... (cached) /usr/bin/pkg-config
checking pkg-config is at least version 0.9.0... yes
checking for libxfce4ui-1 >= 4.12.1... 4.12.1
checking LIBXFCE4UI_CFLAGS... -pthread -I/usr/include/xfce4/libxfce4ui-1 -I/usr/include/gtk-2.0 -I/usr/lib/gtk-2.0/include -I/usr/include/pango-1.0 -I/usr/include/atk-1.0 -I/usr/include/cairo -I/usr/include/pixman-1 -I/usr/include/gdk-pixbuf-2.0 -I/usr/include/libpng16 -I/usr/include/pango-1.0 -I/usr/include/freetype2 -I/usr/include/libpng16 -I/usr/include/harfbuzz -I/usr/include/glib-2.0 -I/usr/lib/glib-2.0/include -I/usr/include/freetype2 -I/usr/include/libpng16 -I/usr/include/harfbuzz -I/usr/include/xfce4 -I/usr/include/glib-2.0 -I/usr/lib/glib-2.0/include
checking LIBXFCE4UI_LIBS... -lxfce4ui-1 -lgtk-x11-2.0 -lgdk-x11-2.0 -lpangocairo-1.0 -latk-1.0 -lcairo -lgdk_pixbuf-2.0 -lgio-2.0 -lpangoft2-1.0 -lpango-1.0 -lgobject-2.0 -lfontconfig -lfreetype -lxfce4util -lglib-2.0
checking for pkg-config... (cached) /usr/bin/pkg-config
checking pkg-config is at least version 0.9.0... yes
checking for gtk+-2.0 >= 2.20.0... 2.24.29
checking GTK_CFLAGS... -pthread -I/usr/include/gtk-2.0 -I/usr/lib/gtk-2.0/include -I/usr/include/pango-1.0 -I/usr/include/atk-1.0 -I/usr/include/cairo -I/usr/include/pixman-1 -I/usr/include/gdk-pixbuf-2.0 -I/usr/include/libpng16 -I/usr/include/pango-1.0 -I/usr/include/freetype2 -I/usr/include/libpng16 -I/usr/include/harfbuzz -I/usr/include/glib-2.0 -I/usr/lib/glib-2.0/include -I/usr/include/freetype2 -I/usr/include/libpng16 -I/usr/include/harfbuzz -I/usr/include/glib-2.0 -I/usr/lib/glib-2.0/include
checking GTK_LIBS... -lgtk-x11-2.0 -lgdk-x11-2.0 -lpangocairo-1.0 -latk-1.0 -lcairo -lgdk_pixbuf-2.0 -lgio-2.0 -lpangoft2-1.0 -lpango-1.0 -lgobject-2.0 -lglib-2.0 -lfontconfig -lfreetype
checking for pkg-config... (cached) /usr/bin/pkg-config
checking pkg-config is at least version 0.9.0... yes
checking for gmodule-2.0 >= 2.24.0... 2.46.2
checking GMODULE_CFLAGS... -pthread -I/usr/include/glib-2.0 -I/usr/lib/glib-2.0/include
checking GMODULE_LIBS... -Wl,--export-dynamic -lgmodule-2.0 -pthread -lglib-2.0
checking for pkg-config... (cached) /usr/bin/pkg-config
checking pkg-config is at least version 0.9.0... yes
checking for libwnck-1.0 >= 2.30... 2.30.7
checking LIBWNCK_CFLAGS... -pthread -I/usr/include/libwnck-1.0 -I/usr/include/startup-notification-1.0 -I/usr/include/gtk-2.0 -I/usr/lib/gtk-2.0/include -I/usr/include/pango-1.0 -I/usr/include/atk-1.0 -I/usr/include/cairo -I/usr/include/pixman-1 -I/usr/include/gdk-pixbuf-2.0 -I/usr/include/libpng16 -I/usr/include/pango-1.0 -I/usr/include/freetype2 -I/usr/include/libpng16 -I/usr/include/harfbuzz -I/usr/include/glib-2.0 -I/usr/lib/glib-2.0/include -I/usr/include/freetype2 -I/usr/include/libpng16 -I/usr/include/harfbuzz -I/usr/include/glib-2.0 -I/usr/lib/glib-2.0/include
checking LIBWNCK_LIBS... -lwnck-1 -lgtk-x11-2.0 -lgdk-x11-2.0 -lpangocairo-1.0 -latk-1.0 -lcairo -lgdk_pixbuf-2.0 -lgio-2.0 -lpangoft2-1.0 -lpango-1.0 -lgobject-2.0 -lglib-2.0 -lfontconfig -lfreetype
checking for pkg-config... (cached) /usr/bin/pkg-config
checking pkg-config is at least version 0.9.0... yes
checking for dbus-1 >= 1.1.0... 1.10.6
checking DBUS_CFLAGS... -I/usr/include/dbus-1.0 -I/usr/lib/dbus-1.0/include
checking DBUS_LIBS... -ldbus-1
checking for pkg-config... (cached) /usr/bin/pkg-config
checking pkg-config is at least version 0.9.0... yes
checking for dbus-glib-1 >= 0.84... 0.106
checking DBUS_GLIB_CFLAGS... -I/usr/include/dbus-1.0 -I/usr/lib/dbus-1.0/include -I/usr/include/glib-2.0 -I/usr/lib/glib-2.0/include
checking DBUS_GLIB_LIBS... -ldbus-glib-1 -ldbus-1 -lgobject-2.0 -lglib-2.0
checking for pkg-config... (cached) /usr/bin/pkg-config
checking pkg-config is at least version 0.9.0... yes
checking for libxfconf-0 >= 4.9.0... 4.12.0
checking XFCONF_CFLAGS... -I/usr/include/xfce4/xfconf-0 -I/usr/include/dbus-1.0 -I/usr/lib/dbus-1.0/include -I/usr/include/glib-2.0 -I/usr/lib/glib-2.0/include
checking XFCONF_LIBS... -lxfconf-0 -ldbus-glib-1 -ldbus-1 -lgobject-2.0 -lglib-2.0
checking for pkg-config... (cached) /usr/bin/pkg-config
checking pkg-config is at least version 0.9.0... yes
checking for polkit-gobject-1 >= 0.102... 0.113
checking POLKIT_CFLAGS... -pthread -I/usr/include/polkit-1 -I/usr/include/glib-2.0 -I/usr/lib/glib-2.0/include
checking POLKIT_LIBS... -lpolkit-gobject-1 -lgio-2.0 -lgobject-2.0 -lglib-2.0
checking for pkg-config... (cached) /usr/bin/pkg-config
checking pkg-config is at least version 0.9.0... yes
checking for upower-glib >= 0.9.7... 0.9.23
checking UPOWER_CFLAGS... -pthread -I/usr/include/libupower-glib -I/usr/include/dbus-1.0 -I/usr/lib/dbus-1.0/include -I/usr/include/glib-2.0 -I/usr/lib/glib-2.0/include
checking UPOWER_LIBS... -lupower-glib -lgobject-2.0 -lglib-2.0
checking whether to build with debugging support... minimum
checking whether /usr/bin/ld -m elf_x86_64 accepts --as-needed... yes
checking whether /usr/bin/ld -m elf_x86_64 accepts -O1... yes
checking for iceauth... /usr/bin/iceauth
checking what xsession-prefix to use... /usr
checking for rm... /bin/rm
checking whether to enable X11R5 session management... no
checking whether linux/ioprio.h exists and actually works... no
checking that generated files are newer than configure... done
configure: creating ./config.status
config.status: creating Makefile
config.status: creating doc/Makefile
config.status: creating engines/Makefile
config.status: creating engines/balou/Makefile
config.status: creating engines/balou/scripts/Makefile
config.status: creating engines/balou/themes/Makefile
config.status: creating engines/balou/themes/Default/Makefile
config.status: creating engines/mice/Makefile
config.status: creating engines/simple/Makefile
config.status: creating icons/Makefile
config.status: creating icons/48x48/Makefile
config.status: creating icons/128x128/Makefile
config.status: creating icons/scalable/Makefile
config.status: creating libxfsm/Makefile
config.status: creating libxfsm/xfce4-session-2.0.pc
config.status: creating po/Makefile.in
config.status: creating settings/Makefile
config.status: creating scripts/Makefile
config.status: creating scripts/xinitrc.in
config.status: creating xfce4-session/Makefile
config.status: creating xfce4-session-logout/Makefile
config.status: creating xfsm-shutdown-helper/Makefile
config.status: creating config.h
config.status: executing depfiles commands
config.status: executing libtool commands
config.status: executing default-1 commands
config.status: executing po/stamp-it commands

Build Configuration:

 * Debugging support:              minimum
 * Legacy session management:      no
 * Backend:                        linux

make  all-recursive
make[1]: Entering directory '/sources/7.9/xfce4-session-4.12.1'
Making all in libxfsm
make[2]: Entering directory '/sources/7.9/xfce4-session-4.12.1/libxfsm'
  CC       libxfsm_4_6_la-xfsm-splash-rc.lo
  CC       libxfsm_4_6_la-xfsm-util.lo
  CCLD     libxfsm-4.6.la
make[2]: Leaving directory '/sources/7.9/xfce4-session-4.12.1/libxfsm'
Making all in doc
make[2]: Entering directory '/sources/7.9/xfce4-session-4.12.1/doc'
make[2]: Nothing to be done for 'all'.
make[2]: Leaving directory '/sources/7.9/xfce4-session-4.12.1/doc'
Making all in engines
make[2]: Entering directory '/sources/7.9/xfce4-session-4.12.1/engines'
Making all in balou
make[3]: Entering directory '/sources/7.9/xfce4-session-4.12.1/engines/balou'
Making all in scripts
make[4]: Entering directory '/sources/7.9/xfce4-session-4.12.1/engines/balou/scripts'
make[4]: Nothing to be done for 'all'.
make[4]: Leaving directory '/sources/7.9/xfce4-session-4.12.1/engines/balou/scripts'
Making all in themes
make[4]: Entering directory '/sources/7.9/xfce4-session-4.12.1/engines/balou/themes'
Making all in Default
make[5]: Entering directory '/sources/7.9/xfce4-session-4.12.1/engines/balou/themes/Default'
make[5]: Nothing to be done for 'all'.
make[5]: Leaving directory '/sources/7.9/xfce4-session-4.12.1/engines/balou/themes/Default'
make[5]: Entering directory '/sources/7.9/xfce4-session-4.12.1/engines/balou/themes'
make[5]: Nothing to be done for 'all-am'.
make[5]: Leaving directory '/sources/7.9/xfce4-session-4.12.1/engines/balou/themes'
make[4]: Leaving directory '/sources/7.9/xfce4-session-4.12.1/engines/balou/themes'
make[4]: Entering directory '/sources/7.9/xfce4-session-4.12.1/engines/balou'
  CC       libbalou_la-balou-theme.lo
  CC       libbalou_la-balou.lo
  CC       libbalou_la-config.lo
  CC       libbalou_la-engine.lo
  CC       libbalou_la-gnome-uri.lo
  CCLD     libbalou.la
make[4]: Leaving directory '/sources/7.9/xfce4-session-4.12.1/engines/balou'
make[3]: Leaving directory '/sources/7.9/xfce4-session-4.12.1/engines/balou'
Making all in mice
make[3]: Entering directory '/sources/7.9/xfce4-session-4.12.1/engines/mice'
make  all-am
make[4]: Entering directory '/sources/7.9/xfce4-session-4.12.1/engines/mice'
  CC       libmice_la-mice.lo
  CCLD     libmice.la
  CC       generate-generate.o
  CCLD     generate
make[4]: Leaving directory '/sources/7.9/xfce4-session-4.12.1/engines/mice'
make[3]: Leaving directory '/sources/7.9/xfce4-session-4.12.1/engines/mice'
Making all in simple
make[3]: Entering directory '/sources/7.9/xfce4-session-4.12.1/engines/simple'
make  all-am
make[4]: Entering directory '/sources/7.9/xfce4-session-4.12.1/engines/simple'
  CC       libsimple_la-simple.lo
  CCLD     libsimple.la
make[4]: Leaving directory '/sources/7.9/xfce4-session-4.12.1/engines/simple'
make[3]: Leaving directory '/sources/7.9/xfce4-session-4.12.1/engines/simple'
make[3]: Entering directory '/sources/7.9/xfce4-session-4.12.1/engines'
make[3]: Nothing to be done for 'all-am'.
make[3]: Leaving directory '/sources/7.9/xfce4-session-4.12.1/engines'
make[2]: Leaving directory '/sources/7.9/xfce4-session-4.12.1/engines'
Making all in icons
make[2]: Entering directory '/sources/7.9/xfce4-session-4.12.1/icons'
Making all in 48x48
make[3]: Entering directory '/sources/7.9/xfce4-session-4.12.1/icons/48x48'
make[3]: Nothing to be done for 'all'.
make[3]: Leaving directory '/sources/7.9/xfce4-session-4.12.1/icons/48x48'
Making all in 128x128
make[3]: Entering directory '/sources/7.9/xfce4-session-4.12.1/icons/128x128'
make[3]: Nothing to be done for 'all'.
make[3]: Leaving directory '/sources/7.9/xfce4-session-4.12.1/icons/128x128'
Making all in scalable
make[3]: Entering directory '/sources/7.9/xfce4-session-4.12.1/icons/scalable'
make[3]: Nothing to be done for 'all'.
make[3]: Leaving directory '/sources/7.9/xfce4-session-4.12.1/icons/scalable'
make[3]: Entering directory '/sources/7.9/xfce4-session-4.12.1/icons'
make[3]: Nothing to be done for 'all-am'.
make[3]: Leaving directory '/sources/7.9/xfce4-session-4.12.1/icons'
make[2]: Leaving directory '/sources/7.9/xfce4-session-4.12.1/icons'
Making all in po
make[2]: Entering directory '/sources/7.9/xfce4-session-4.12.1/po'
  MSGFMT am.gmo
  MSGFMT ar.gmo
  MSGFMT ast.gmo
  MSGFMT be.gmo
  MSGFMT bg.gmo
  MSGFMT bn.gmo
  MSGFMT ca.gmo
  MSGFMT cs.gmo
  MSGFMT da.gmo
  MSGFMT de.gmo
  MSGFMT el.gmo
  MSGFMT en_AU.gmo
  MSGFMT en_GB.gmo
  MSGFMT eo.gmo
  MSGFMT es.gmo
  MSGFMT et.gmo
  MSGFMT eu.gmo
  MSGFMT fi.gmo
  MSGFMT fr.gmo
  MSGFMT gl.gmo
  MSGFMT he.gmo
  MSGFMT hr.gmo
  MSGFMT hu.gmo
  MSGFMT id.gmo
  MSGFMT is.gmo
  MSGFMT it.gmo
  MSGFMT ja.gmo
  MSGFMT kk.gmo
  MSGFMT ko.gmo
  MSGFMT lt.gmo
  MSGFMT lv.gmo
  MSGFMT ms.gmo
  MSGFMT nb.gmo
  MSGFMT nl.gmo
  MSGFMT nn.gmo
  MSGFMT oc.gmo
  MSGFMT pa.gmo
  MSGFMT pl.gmo
  MSGFMT pt_BR.gmo
  MSGFMT pt.gmo
  MSGFMT ro.gmo
  MSGFMT ru.gmo
  MSGFMT si.gmo
  MSGFMT sk.gmo
  MSGFMT sl.gmo
  MSGFMT sq.gmo
  MSGFMT sr.gmo
  MSGFMT sv.gmo
  MSGFMT te.gmo
  MSGFMT th.gmo
  MSGFMT tr.gmo
  MSGFMT ug.gmo
  MSGFMT uk.gmo
  MSGFMT ur_PK.gmo
  MSGFMT ur.gmo
  MSGFMT vi.gmo
  MSGFMT zh_CN.gmo
  MSGFMT zh_HK.gmo
  MSGFMT zh_TW.gmo
make[2]: Leaving directory '/sources/7.9/xfce4-session-4.12.1/po'
Making all in settings
make[2]: Entering directory '/sources/7.9/xfce4-session-4.12.1/settings'
make  all-am
make[3]: Entering directory '/sources/7.9/xfce4-session-4.12.1/settings'
  CC       xfce4_session_settings-main.o
  CC       xfce4_session_settings-module.o
  CC       xfce4_session_settings-session-editor.o
  CC       xfce4_session_settings-splash-settings.o
  CC       xfce4_session_settings-xfae-dialog.o
  CC       xfce4_session_settings-xfae-model.o
  CC       xfce4_session_settings-xfae-window.o
  CC       xfce4_session_settings-xfce4-session-marshal.o
  CCLD     xfce4-session-settings
  ITMRG  xfce-session-settings.desktop
make[3]: Leaving directory '/sources/7.9/xfce4-session-4.12.1/settings'
make[2]: Leaving directory '/sources/7.9/xfce4-session-4.12.1/settings'
Making all in scripts
make[2]: Entering directory '/sources/7.9/xfce4-session-4.12.1/scripts'
rm -f startxfce4 startxfce4.tmp
/bin/sed -e "s,@_datadir_\@,/usr/share,g" -e "s,@_libdir_\@,/usr/lib,g" -e "s,@_docdir_\@,$(dirname /usr/share/doc/xfce4-session),g" -e "s,@_sysconfdir_\@,/etc,g" ./startxfce4.in >startxfce4.tmp
mv startxfce4.tmp startxfce4
  ITMRG  xscreensaver.desktop
rm -f xinitrc xinitrc.tmp
/bin/sed -e "s,@_datadir_\@,/usr/share,g" -e "s,@_libdir_\@,/usr/lib,g" -e "s,@_docdir_\@,$(dirname /usr/share/doc/xfce4-session),g" -e "s,@_sysconfdir_\@,/etc,g" xinitrc.in >xinitrc.tmp
mv xinitrc.tmp xinitrc
make[2]: Leaving directory '/sources/7.9/xfce4-session-4.12.1/scripts'
Making all in xfce4-session
make[2]: Entering directory '/sources/7.9/xfce4-session-4.12.1/xfce4-session'
make  all-am
make[3]: Entering directory '/sources/7.9/xfce4-session-4.12.1/xfce4-session'
  CC       xfce4_session-xfsm-marshal.o
  CC       xfce4_session-ice-layer.o
  CC       xfce4_session-main.o
  CC       xfce4_session-sm-layer.o
  CC       xfce4_session-xfsm-chooser.o
  CC       xfce4_session-xfsm-client.o
  CC       xfce4_session-xfsm-compat-gnome.o
  CC       xfce4_session-xfsm-compat-kde.o
  CC       xfce4_session-xfsm-consolekit.o
  CC       xfce4_session-xfsm-dns.o
  CC       xfce4_session-xfsm-error.o
  CC       xfce4_session-xfsm-fadeout.o
  CC       xfce4_session-xfsm-global.o
  CC       xfce4_session-xfsm-legacy.o
  CC       xfce4_session-xfsm-logout-dialog.o
  CC       xfce4_session-xfsm-manager.o
  CC       xfce4_session-xfsm-properties.o
  CC       xfce4_session-xfsm-shutdown-fallback.o
  CC       xfce4_session-xfsm-shutdown.o
  CC       xfce4_session-xfsm-splash-screen.o
  CC       xfce4_session-xfsm-startup.o
  CC       xfce4_session-xfsm-upower.o
  CC       xfce4_session-xfsm-systemd.o
  CCLD     xfce4-session
sed "s|[@]HELPER_PATH_PREFIX@|/usr/lib|" org.xfce.session.policy.in2 > org.xfce.session.policy.in
  ITMRG  org.xfce.session.policy
rm org.xfce.session.policy.in
make[3]: Leaving directory '/sources/7.9/xfce4-session-4.12.1/xfce4-session'
make[2]: Leaving directory '/sources/7.9/xfce4-session-4.12.1/xfce4-session'
Making all in xfce4-session-logout
make[2]: Entering directory '/sources/7.9/xfce4-session-4.12.1/xfce4-session-logout'
  CC       xfce4_session_logout-main.o
  CCLD     xfce4-session-logout
  ITMRG  xfce4-session-logout.desktop
make[2]: Leaving directory '/sources/7.9/xfce4-session-4.12.1/xfce4-session-logout'
Making all in xfsm-shutdown-helper
make[2]: Entering directory '/sources/7.9/xfce4-session-4.12.1/xfsm-shutdown-helper'
  CC       xfsm_shutdown_helper-main.o
  CCLD     xfsm-shutdown-helper
make[2]: Leaving directory '/sources/7.9/xfce4-session-4.12.1/xfsm-shutdown-helper'
make[2]: Entering directory '/sources/7.9/xfce4-session-4.12.1'
  ITMRG  xfce.desktop
make[2]: Leaving directory '/sources/7.9/xfce4-session-4.12.1'
make[1]: Leaving directory '/sources/7.9/xfce4-session-4.12.1'
Making install in libxfsm
make[1]: Entering directory '/sources/7.9/xfce4-session-4.12.1/libxfsm'
make[2]: Entering directory '/sources/7.9/xfce4-session-4.12.1/libxfsm'
 /bin/mkdir -p '/usr/lib'
 /bin/sh ../libtool   --mode=install /usr/bin/install -c   libxfsm-4.6.la '/usr/lib'
libtool: install: /usr/bin/install -c .libs/libxfsm-4.6.so.0.0.0 /usr/lib/libxfsm-4.6.so.0.0.0
libtool: install: (cd /usr/lib && { ln -s -f libxfsm-4.6.so.0.0.0 libxfsm-4.6.so.0 || { rm -f libxfsm-4.6.so.0 && ln -s libxfsm-4.6.so.0.0.0 libxfsm-4.6.so.0; }; })
libtool: install: (cd /usr/lib && { ln -s -f libxfsm-4.6.so.0.0.0 libxfsm-4.6.so || { rm -f libxfsm-4.6.so && ln -s libxfsm-4.6.so.0.0.0 libxfsm-4.6.so; }; })
libtool: install: /usr/bin/install -c .libs/libxfsm-4.6.lai /usr/lib/libxfsm-4.6.la
libtool: finish: PATH="/bin:/usr/ucb:/usr/bin:/usr/sbin:/sbin:/usr/etc:/etc:/sbin" ldconfig -n /usr/lib
----------------------------------------------------------------------
Libraries have been installed in:
   /usr/lib

If you ever happen to want to link against installed libraries
in a given directory, LIBDIR, you must either use libtool, and
specify the full pathname of the library, or use the '-LLIBDIR'
flag during linking and do at least one of the following:
   - add LIBDIR to the 'LD_LIBRARY_PATH' environment variable
     during execution
   - add LIBDIR to the 'LD_RUN_PATH' environment variable
     during linking
   - use the '-Wl,-rpath -Wl,LIBDIR' linker flag
   - have your system administrator add LIBDIR to '/etc/ld.so.conf'

See any operating system documentation about shared libraries for
more information, such as the ld(1) and ld.so(8) manual pages.
----------------------------------------------------------------------
 /bin/mkdir -p '/usr/include/xfce4/xfce4-session-4.6/libxfsm'
 /usr/bin/install -c -m 644 xfsm-splash-engine.h xfsm-splash-rc.h '/usr/include/xfce4/xfce4-session-4.6/libxfsm'
 /bin/mkdir -p '/usr/lib/pkgconfig'
 /usr/bin/install -c -m 644 xfce4-session-2.0.pc '/usr/lib/pkgconfig'
make[2]: Leaving directory '/sources/7.9/xfce4-session-4.12.1/libxfsm'
make[1]: Leaving directory '/sources/7.9/xfce4-session-4.12.1/libxfsm'
Making install in doc
make[1]: Entering directory '/sources/7.9/xfce4-session-4.12.1/doc'
make[2]: Entering directory '/sources/7.9/xfce4-session-4.12.1/doc'
make[2]: Nothing to be done for 'install-exec-am'.
make[2]: Nothing to be done for 'install-data-am'.
make[2]: Leaving directory '/sources/7.9/xfce4-session-4.12.1/doc'
make[1]: Leaving directory '/sources/7.9/xfce4-session-4.12.1/doc'
Making install in engines
make[1]: Entering directory '/sources/7.9/xfce4-session-4.12.1/engines'
Making install in balou
make[2]: Entering directory '/sources/7.9/xfce4-session-4.12.1/engines/balou'
Making install in scripts
make[3]: Entering directory '/sources/7.9/xfce4-session-4.12.1/engines/balou/scripts'
make[4]: Entering directory '/sources/7.9/xfce4-session-4.12.1/engines/balou/scripts'
make[4]: Nothing to be done for 'install-exec-am'.
 /bin/mkdir -p '/usr/lib/xfce4/session'
 /usr/bin/install -c balou-export-theme balou-install-theme '/usr/lib/xfce4/session'
make[4]: Leaving directory '/sources/7.9/xfce4-session-4.12.1/engines/balou/scripts'
make[3]: Leaving directory '/sources/7.9/xfce4-session-4.12.1/engines/balou/scripts'
Making install in themes
make[3]: Entering directory '/sources/7.9/xfce4-session-4.12.1/engines/balou/themes'
Making install in Default
make[4]: Entering directory '/sources/7.9/xfce4-session-4.12.1/engines/balou/themes/Default'
make[5]: Entering directory '/sources/7.9/xfce4-session-4.12.1/engines/balou/themes/Default'
make[5]: Nothing to be done for 'install-exec-am'.
 /bin/mkdir -p '/usr/share/themes/Default/balou'
 /usr/bin/install -c -m 644 logo.png themerc '/usr/share/themes/Default/balou'
make[5]: Leaving directory '/sources/7.9/xfce4-session-4.12.1/engines/balou/themes/Default'
make[4]: Leaving directory '/sources/7.9/xfce4-session-4.12.1/engines/balou/themes/Default'
make[4]: Entering directory '/sources/7.9/xfce4-session-4.12.1/engines/balou/themes'
make[5]: Entering directory '/sources/7.9/xfce4-session-4.12.1/engines/balou/themes'
make[5]: Nothing to be done for 'install-exec-am'.
make[5]: Nothing to be done for 'install-data-am'.
make[5]: Leaving directory '/sources/7.9/xfce4-session-4.12.1/engines/balou/themes'
make[4]: Leaving directory '/sources/7.9/xfce4-session-4.12.1/engines/balou/themes'
make[3]: Leaving directory '/sources/7.9/xfce4-session-4.12.1/engines/balou/themes'
make[3]: Entering directory '/sources/7.9/xfce4-session-4.12.1/engines/balou'
make[4]: Entering directory '/sources/7.9/xfce4-session-4.12.1/engines/balou'
make[4]: Nothing to be done for 'install-exec-am'.
 /bin/mkdir -p '/usr/lib/xfce4/session/splash-engines'
 /bin/sh ../../libtool   --mode=install /usr/bin/install -c   libbalou.la '/usr/lib/xfce4/session/splash-engines'
libtool: install: (cd /sources/7.9/xfce4-session-4.12.1/engines/balou; /bin/sh "/sources/7.9/xfce4-session-4.12.1/libtool"  --silent --tag CC --mode=relink gcc -I../.. -pthread -I/usr/include/xfce4/libxfce4ui-1 -I/usr/include/gtk-2.0 -I/usr/lib/gtk-2.0/include -I/usr/include/pango-1.0 -I/usr/include/atk-1.0 -I/usr/include/cairo -I/usr/include/pixman-1 -I/usr/include/gdk-pixbuf-2.0 -I/usr/include/libpng16 -I/usr/include/pango-1.0 -I/usr/include/freetype2 -I/usr/include/libpng16 -I/usr/include/harfbuzz -I/usr/include/glib-2.0 -I/usr/lib/glib-2.0/include -I/usr/include/freetype2 -I/usr/include/libpng16 -I/usr/include/harfbuzz -I/usr/include/xfce4 -I/usr/include/glib-2.0 -I/usr/lib/glib-2.0/include -I/usr/include/xfce4/xfconf-0 -I/usr/include/dbus-1.0 -I/usr/lib/dbus-1.0/include -I/usr/include/glib-2.0 -I/usr/lib/glib-2.0/include -DBALOU_EXPORT_THEME=\"/usr/lib/xfce4/session/balou-export-theme\" -DBALOU_INSTALL_THEME=\"/usr/lib/xfce4/session/balou-install-theme\" -g -O2 -avoid-version -no-undefined -module -Wl,--as-needed -Wl,-O1 -o libbalou.la -rpath /usr/lib/xfce4/session/splash-engines libbalou_la-balou-theme.lo libbalou_la-balou.lo libbalou_la-config.lo libbalou_la-engine.lo libbalou_la-gnome-uri.lo ../../libxfsm/libxfsm-4.6.la -lxfce4ui-1 -lgtk-x11-2.0 -lgdk-x11-2.0 -lpangocairo-1.0 -latk-1.0 -lcairo -lgdk_pixbuf-2.0 -lgio-2.0 -lpangoft2-1.0 -lpango-1.0 -lgobject-2.0 -lfontconfig -lfreetype -lxfce4util -lglib-2.0 -lxfconf-0 -ldbus-glib-1 -ldbus-1 -lgobject-2.0 -lglib-2.0 -lm )
libtool: install: /usr/bin/install -c .libs/libbalou.soT /usr/lib/xfce4/session/splash-engines/libbalou.so
libtool: install: /usr/bin/install -c .libs/libbalou.lai /usr/lib/xfce4/session/splash-engines/libbalou.la
libtool: finish: PATH="/bin:/usr/ucb:/usr/bin:/usr/sbin:/sbin:/usr/etc:/etc:/sbin" ldconfig -n /usr/lib/xfce4/session/splash-engines
----------------------------------------------------------------------
Libraries have been installed in:
   /usr/lib/xfce4/session/splash-engines

If you ever happen to want to link against installed libraries
in a given directory, LIBDIR, you must either use libtool, and
specify the full pathname of the library, or use the '-LLIBDIR'
flag during linking and do at least one of the following:
   - add LIBDIR to the 'LD_LIBRARY_PATH' environment variable
     during execution
   - add LIBDIR to the 'LD_RUN_PATH' environment variable
     during linking
   - use the '-Wl,-rpath -Wl,LIBDIR' linker flag
   - have your system administrator add LIBDIR to '/etc/ld.so.conf'

See any operating system documentation about shared libraries for
more information, such as the ld(1) and ld.so(8) manual pages.
----------------------------------------------------------------------
make[4]: Leaving directory '/sources/7.9/xfce4-session-4.12.1/engines/balou'
make[3]: Leaving directory '/sources/7.9/xfce4-session-4.12.1/engines/balou'
make[2]: Leaving directory '/sources/7.9/xfce4-session-4.12.1/engines/balou'
Making install in mice
make[2]: Entering directory '/sources/7.9/xfce4-session-4.12.1/engines/mice'
make  install-am
make[3]: Entering directory '/sources/7.9/xfce4-session-4.12.1/engines/mice'
make[4]: Entering directory '/sources/7.9/xfce4-session-4.12.1/engines/mice'
make[4]: Nothing to be done for 'install-exec-am'.
 /bin/mkdir -p '/usr/lib/xfce4/session/splash-engines'
 /bin/sh ../../libtool   --mode=install /usr/bin/install -c   libmice.la '/usr/lib/xfce4/session/splash-engines'
libtool: install: (cd /sources/7.9/xfce4-session-4.12.1/engines/mice; /bin/sh "/sources/7.9/xfce4-session-4.12.1/libtool"  --silent --tag CC --mode=relink gcc -I../.. -pthread -I/usr/include/xfce4/libxfce4ui-1 -I/usr/include/gtk-2.0 -I/usr/lib/gtk-2.0/include -I/usr/include/pango-1.0 -I/usr/include/atk-1.0 -I/usr/include/cairo -I/usr/include/pixman-1 -I/usr/include/gdk-pixbuf-2.0 -I/usr/include/libpng16 -I/usr/include/pango-1.0 -I/usr/include/freetype2 -I/usr/include/libpng16 -I/usr/include/harfbuzz -I/usr/include/glib-2.0 -I/usr/lib/glib-2.0/include -I/usr/include/freetype2 -I/usr/include/libpng16 -I/usr/include/harfbuzz -I/usr/include/xfce4 -I/usr/include/glib-2.0 -I/usr/lib/glib-2.0/include -I/usr/include/xfce4/xfconf-0 -I/usr/include/dbus-1.0 -I/usr/lib/dbus-1.0/include -I/usr/include/glib-2.0 -I/usr/lib/glib-2.0/include -g -O2 -avoid-version -no-undefined -module -Wl,--as-needed -Wl,-O1 -o libmice.la -rpath /usr/lib/xfce4/session/splash-engines libmice_la-mice.lo ../../libxfsm/libxfsm-4.6.la -lxfce4ui-1 -lgtk-x11-2.0 -lgdk-x11-2.0 -lpangocairo-1.0 -latk-1.0 -lcairo -lgdk_pixbuf-2.0 -lgio-2.0 -lpangoft2-1.0 -lpango-1.0 -lgobject-2.0 -lfontconfig -lfreetype -lxfce4util -lglib-2.0 -lxfconf-0 -ldbus-glib-1 -ldbus-1 -lgobject-2.0 -lglib-2.0 )
libtool: install: /usr/bin/install -c .libs/libmice.soT /usr/lib/xfce4/session/splash-engines/libmice.so
libtool: install: /usr/bin/install -c .libs/libmice.lai /usr/lib/xfce4/session/splash-engines/libmice.la
libtool: finish: PATH="/bin:/usr/ucb:/usr/bin:/usr/sbin:/sbin:/usr/etc:/etc:/sbin" ldconfig -n /usr/lib/xfce4/session/splash-engines
----------------------------------------------------------------------
Libraries have been installed in:
   /usr/lib/xfce4/session/splash-engines

If you ever happen to want to link against installed libraries
in a given directory, LIBDIR, you must either use libtool, and
specify the full pathname of the library, or use the '-LLIBDIR'
flag during linking and do at least one of the following:
   - add LIBDIR to the 'LD_LIBRARY_PATH' environment variable
     during execution
   - add LIBDIR to the 'LD_RUN_PATH' environment variable
     during linking
   - use the '-Wl,-rpath -Wl,LIBDIR' linker flag
   - have your system administrator add LIBDIR to '/etc/ld.so.conf'

See any operating system documentation about shared libraries for
more information, such as the ld(1) and ld.so(8) manual pages.
----------------------------------------------------------------------
make[4]: Leaving directory '/sources/7.9/xfce4-session-4.12.1/engines/mice'
make[3]: Leaving directory '/sources/7.9/xfce4-session-4.12.1/engines/mice'
make[2]: Leaving directory '/sources/7.9/xfce4-session-4.12.1/engines/mice'
Making install in simple
make[2]: Entering directory '/sources/7.9/xfce4-session-4.12.1/engines/simple'
make  install-am
make[3]: Entering directory '/sources/7.9/xfce4-session-4.12.1/engines/simple'
make[4]: Entering directory '/sources/7.9/xfce4-session-4.12.1/engines/simple'
make[4]: Nothing to be done for 'install-exec-am'.
 /bin/mkdir -p '/usr/lib/xfce4/session/splash-engines'
 /bin/sh ../../libtool   --mode=install /usr/bin/install -c   libsimple.la '/usr/lib/xfce4/session/splash-engines'
libtool: install: (cd /sources/7.9/xfce4-session-4.12.1/engines/simple; /bin/sh "/sources/7.9/xfce4-session-4.12.1/libtool"  --silent --tag CC --mode=relink gcc -I../.. -pthread -I/usr/include/xfce4/libxfce4ui-1 -I/usr/include/gtk-2.0 -I/usr/lib/gtk-2.0/include -I/usr/include/pango-1.0 -I/usr/include/atk-1.0 -I/usr/include/cairo -I/usr/include/pixman-1 -I/usr/include/gdk-pixbuf-2.0 -I/usr/include/libpng16 -I/usr/include/pango-1.0 -I/usr/include/freetype2 -I/usr/include/libpng16 -I/usr/include/harfbuzz -I/usr/include/glib-2.0 -I/usr/lib/glib-2.0/include -I/usr/include/freetype2 -I/usr/include/libpng16 -I/usr/include/harfbuzz -I/usr/include/xfce4 -I/usr/include/glib-2.0 -I/usr/lib/glib-2.0/include -I/usr/include/xfce4/xfconf-0 -I/usr/include/dbus-1.0 -I/usr/lib/dbus-1.0/include -I/usr/include/glib-2.0 -I/usr/lib/glib-2.0/include -g -O2 -avoid-version -no-undefined -module -Wl,--as-needed -Wl,-O1 -o libsimple.la -rpath /usr/lib/xfce4/session/splash-engines libsimple_la-simple.lo ../../libxfsm/libxfsm-4.6.la -lSM -lICE -lX11 -lxfce4ui-1 -lgtk-x11-2.0 -lgdk-x11-2.0 -lpangocairo-1.0 -latk-1.0 -lcairo -lgdk_pixbuf-2.0 -lgio-2.0 -lpangoft2-1.0 -lpango-1.0 -lgobject-2.0 -lfontconfig -lfreetype -lxfce4util -lglib-2.0 -lxfconf-0 -ldbus-glib-1 -ldbus-1 -lgobject-2.0 -lglib-2.0 )
libtool: install: /usr/bin/install -c .libs/libsimple.soT /usr/lib/xfce4/session/splash-engines/libsimple.so
libtool: install: /usr/bin/install -c .libs/libsimple.lai /usr/lib/xfce4/session/splash-engines/libsimple.la
libtool: finish: PATH="/bin:/usr/ucb:/usr/bin:/usr/sbin:/sbin:/usr/etc:/etc:/sbin" ldconfig -n /usr/lib/xfce4/session/splash-engines
----------------------------------------------------------------------
Libraries have been installed in:
   /usr/lib/xfce4/session/splash-engines

If you ever happen to want to link against installed libraries
in a given directory, LIBDIR, you must either use libtool, and
specify the full pathname of the library, or use the '-LLIBDIR'
flag during linking and do at least one of the following:
   - add LIBDIR to the 'LD_LIBRARY_PATH' environment variable
     during execution
   - add LIBDIR to the 'LD_RUN_PATH' environment variable
     during linking
   - use the '-Wl,-rpath -Wl,LIBDIR' linker flag
   - have your system administrator add LIBDIR to '/etc/ld.so.conf'

See any operating system documentation about shared libraries for
more information, such as the ld(1) and ld.so(8) manual pages.
----------------------------------------------------------------------
make[4]: Leaving directory '/sources/7.9/xfce4-session-4.12.1/engines/simple'
make[3]: Leaving directory '/sources/7.9/xfce4-session-4.12.1/engines/simple'
make[2]: Leaving directory '/sources/7.9/xfce4-session-4.12.1/engines/simple'
make[2]: Entering directory '/sources/7.9/xfce4-session-4.12.1/engines'
make[3]: Entering directory '/sources/7.9/xfce4-session-4.12.1/engines'
make[3]: Nothing to be done for 'install-exec-am'.
make[3]: Nothing to be done for 'install-data-am'.
make[3]: Leaving directory '/sources/7.9/xfce4-session-4.12.1/engines'
make[2]: Leaving directory '/sources/7.9/xfce4-session-4.12.1/engines'
make[1]: Leaving directory '/sources/7.9/xfce4-session-4.12.1/engines'
Making install in icons
make[1]: Entering directory '/sources/7.9/xfce4-session-4.12.1/icons'
Making install in 48x48
make[2]: Entering directory '/sources/7.9/xfce4-session-4.12.1/icons/48x48'
make[3]: Entering directory '/sources/7.9/xfce4-session-4.12.1/icons/48x48'
make[3]: Nothing to be done for 'install-exec-am'.
 /bin/mkdir -p '/usr/share/icons/hicolor/48x48/apps'
 /usr/bin/install -c -m 644 xfce4-session.png xfce4-splash.png system-hibernate.png system-log-out.png system-reboot.png system-shutdown.png system-suspend.png xfsm-hibernate.png xfsm-logout.png xfsm-reboot.png xfsm-shutdown.png xfsm-suspend.png '/usr/share/icons/hicolor/48x48/apps'
make[3]: Leaving directory '/sources/7.9/xfce4-session-4.12.1/icons/48x48'
make[2]: Leaving directory '/sources/7.9/xfce4-session-4.12.1/icons/48x48'
Making install in 128x128
make[2]: Entering directory '/sources/7.9/xfce4-session-4.12.1/icons/128x128'
make[3]: Entering directory '/sources/7.9/xfce4-session-4.12.1/icons/128x128'
make[3]: Nothing to be done for 'install-exec-am'.
 /bin/mkdir -p '/usr/share/icons/hicolor/128x128/apps'
 /usr/bin/install -c -m 644 xfce4-session.png '/usr/share/icons/hicolor/128x128/apps'
make[3]: Leaving directory '/sources/7.9/xfce4-session-4.12.1/icons/128x128'
make[2]: Leaving directory '/sources/7.9/xfce4-session-4.12.1/icons/128x128'
Making install in scalable
make[2]: Entering directory '/sources/7.9/xfce4-session-4.12.1/icons/scalable'
make[3]: Entering directory '/sources/7.9/xfce4-session-4.12.1/icons/scalable'
make[3]: Nothing to be done for 'install-exec-am'.
 /bin/mkdir -p '/usr/share/icons/hicolor/scalable/apps'
 /usr/bin/install -c -m 644 xfce4-session.svg system-shutdown.svg xfsm-shutdown.svg '/usr/share/icons/hicolor/scalable/apps'
make[3]: Leaving directory '/sources/7.9/xfce4-session-4.12.1/icons/scalable'
make[2]: Leaving directory '/sources/7.9/xfce4-session-4.12.1/icons/scalable'
make[2]: Entering directory '/sources/7.9/xfce4-session-4.12.1/icons'
make[3]: Entering directory '/sources/7.9/xfce4-session-4.12.1/icons'
make[3]: Nothing to be done for 'install-exec-am'.
make  install-data-hook
make[4]: Entering directory '/sources/7.9/xfce4-session-4.12.1/icons'
Updating Gtk icon cache.
make[4]: Leaving directory '/sources/7.9/xfce4-session-4.12.1/icons'
make[3]: Leaving directory '/sources/7.9/xfce4-session-4.12.1/icons'
make[2]: Leaving directory '/sources/7.9/xfce4-session-4.12.1/icons'
make[1]: Leaving directory '/sources/7.9/xfce4-session-4.12.1/icons'
Making install in po
make[1]: Entering directory '/sources/7.9/xfce4-session-4.12.1/po'
linguas="am ar ast be bg bn ca cs da de el en_AU en_GB eo es et eu fi fr gl he hr hu id is it ja kk ko lt lv ms nb nl nn oc pa pl pt_BR pt ro ru si sk sl sq sr sv te th tr ug uk ur_PK ur vi zh_CN zh_HK zh_TW "; \
for lang in $linguas; do \
  dir=/usr/share/locale/$lang/LC_MESSAGES; \
  /bin/sh /sources/7.9/xfce4-session-4.12.1/install-sh -d $dir; \
  if test -r $lang.gmo; then \
    /usr/bin/install -c -m 644 $lang.gmo $dir/xfce4-session.mo; \
    echo "installing $lang.gmo as $dir/xfce4-session.mo"; \
  else \
    /usr/bin/install -c -m 644 ./$lang.gmo $dir/xfce4-session.mo; \
    echo "installing ./$lang.gmo as" \
	 "$dir/xfce4-session.mo"; \
  fi; \
  if test -r $lang.gmo.m; then \
    /usr/bin/install -c -m 644 $lang.gmo.m $dir/xfce4-session.mo.m; \
    echo "installing $lang.gmo.m as $dir/xfce4-session.mo.m"; \
  else \
    if test -r ./$lang.gmo.m ; then \
      /usr/bin/install -c -m 644 ./$lang.gmo.m \
	$dir/xfce4-session.mo.m; \
      echo "installing ./$lang.gmo.m as" \
	   "$dir/xfce4-session.mo.m"; \
    else \
      true; \
    fi; \
  fi; \
done
installing am.gmo as /usr/share/locale/am/LC_MESSAGES/xfce4-session.mo
installing ar.gmo as /usr/share/locale/ar/LC_MESSAGES/xfce4-session.mo
installing ast.gmo as /usr/share/locale/ast/LC_MESSAGES/xfce4-session.mo
installing be.gmo as /usr/share/locale/be/LC_MESSAGES/xfce4-session.mo
installing bg.gmo as /usr/share/locale/bg/LC_MESSAGES/xfce4-session.mo
installing bn.gmo as /usr/share/locale/bn/LC_MESSAGES/xfce4-session.mo
installing ca.gmo as /usr/share/locale/ca/LC_MESSAGES/xfce4-session.mo
installing cs.gmo as /usr/share/locale/cs/LC_MESSAGES/xfce4-session.mo
installing da.gmo as /usr/share/locale/da/LC_MESSAGES/xfce4-session.mo
installing de.gmo as /usr/share/locale/de/LC_MESSAGES/xfce4-session.mo
installing el.gmo as /usr/share/locale/el/LC_MESSAGES/xfce4-session.mo
installing en_AU.gmo as /usr/share/locale/en_AU/LC_MESSAGES/xfce4-session.mo
installing en_GB.gmo as /usr/share/locale/en_GB/LC_MESSAGES/xfce4-session.mo
installing eo.gmo as /usr/share/locale/eo/LC_MESSAGES/xfce4-session.mo
installing es.gmo as /usr/share/locale/es/LC_MESSAGES/xfce4-session.mo
installing et.gmo as /usr/share/locale/et/LC_MESSAGES/xfce4-session.mo
installing eu.gmo as /usr/share/locale/eu/LC_MESSAGES/xfce4-session.mo
installing fi.gmo as /usr/share/locale/fi/LC_MESSAGES/xfce4-session.mo
installing fr.gmo as /usr/share/locale/fr/LC_MESSAGES/xfce4-session.mo
installing gl.gmo as /usr/share/locale/gl/LC_MESSAGES/xfce4-session.mo
installing he.gmo as /usr/share/locale/he/LC_MESSAGES/xfce4-session.mo
installing hr.gmo as /usr/share/locale/hr/LC_MESSAGES/xfce4-session.mo
installing hu.gmo as /usr/share/locale/hu/LC_MESSAGES/xfce4-session.mo
installing id.gmo as /usr/share/locale/id/LC_MESSAGES/xfce4-session.mo
installing is.gmo as /usr/share/locale/is/LC_MESSAGES/xfce4-session.mo
installing it.gmo as /usr/share/locale/it/LC_MESSAGES/xfce4-session.mo
installing ja.gmo as /usr/share/locale/ja/LC_MESSAGES/xfce4-session.mo
installing kk.gmo as /usr/share/locale/kk/LC_MESSAGES/xfce4-session.mo
installing ko.gmo as /usr/share/locale/ko/LC_MESSAGES/xfce4-session.mo
installing lt.gmo as /usr/share/locale/lt/LC_MESSAGES/xfce4-session.mo
installing lv.gmo as /usr/share/locale/lv/LC_MESSAGES/xfce4-session.mo
installing ms.gmo as /usr/share/locale/ms/LC_MESSAGES/xfce4-session.mo
installing nb.gmo as /usr/share/locale/nb/LC_MESSAGES/xfce4-session.mo
installing nl.gmo as /usr/share/locale/nl/LC_MESSAGES/xfce4-session.mo
installing nn.gmo as /usr/share/locale/nn/LC_MESSAGES/xfce4-session.mo
installing oc.gmo as /usr/share/locale/oc/LC_MESSAGES/xfce4-session.mo
installing pa.gmo as /usr/share/locale/pa/LC_MESSAGES/xfce4-session.mo
installing pl.gmo as /usr/share/locale/pl/LC_MESSAGES/xfce4-session.mo
installing pt_BR.gmo as /usr/share/locale/pt_BR/LC_MESSAGES/xfce4-session.mo
installing pt.gmo as /usr/share/locale/pt/LC_MESSAGES/xfce4-session.mo
installing ro.gmo as /usr/share/locale/ro/LC_MESSAGES/xfce4-session.mo
installing ru.gmo as /usr/share/locale/ru/LC_MESSAGES/xfce4-session.mo
installing si.gmo as /usr/share/locale/si/LC_MESSAGES/xfce4-session.mo
installing sk.gmo as /usr/share/locale/sk/LC_MESSAGES/xfce4-session.mo
installing sl.gmo as /usr/share/locale/sl/LC_MESSAGES/xfce4-session.mo
installing sq.gmo as /usr/share/locale/sq/LC_MESSAGES/xfce4-session.mo
installing sr.gmo as /usr/share/locale/sr/LC_MESSAGES/xfce4-session.mo
installing sv.gmo as /usr/share/locale/sv/LC_MESSAGES/xfce4-session.mo
installing te.gmo as /usr/share/locale/te/LC_MESSAGES/xfce4-session.mo
installing th.gmo as /usr/share/locale/th/LC_MESSAGES/xfce4-session.mo
installing tr.gmo as /usr/share/locale/tr/LC_MESSAGES/xfce4-session.mo
installing ug.gmo as /usr/share/locale/ug/LC_MESSAGES/xfce4-session.mo
installing uk.gmo as /usr/share/locale/uk/LC_MESSAGES/xfce4-session.mo
installing ur_PK.gmo as /usr/share/locale/ur_PK/LC_MESSAGES/xfce4-session.mo
installing ur.gmo as /usr/share/locale/ur/LC_MESSAGES/xfce4-session.mo
installing vi.gmo as /usr/share/locale/vi/LC_MESSAGES/xfce4-session.mo
installing zh_CN.gmo as /usr/share/locale/zh_CN/LC_MESSAGES/xfce4-session.mo
installing zh_HK.gmo as /usr/share/locale/zh_HK/LC_MESSAGES/xfce4-session.mo
installing zh_TW.gmo as /usr/share/locale/zh_TW/LC_MESSAGES/xfce4-session.mo
make[1]: Leaving directory '/sources/7.9/xfce4-session-4.12.1/po'
Making install in settings
make[1]: Entering directory '/sources/7.9/xfce4-session-4.12.1/settings'
make  install-am
make[2]: Entering directory '/sources/7.9/xfce4-session-4.12.1/settings'
make[3]: Entering directory '/sources/7.9/xfce4-session-4.12.1/settings'
 /bin/mkdir -p '/usr/bin'
  /bin/sh ../libtool   --mode=install /usr/bin/install -c xfce4-session-settings '/usr/bin'
libtool: install: /usr/bin/install -c .libs/xfce4-session-settings /usr/bin/xfce4-session-settings
 /bin/mkdir -p '/usr/share/applications'
 /usr/bin/install -c -m 644 xfce-session-settings.desktop '/usr/share/applications'
 /bin/mkdir -p '/etc/xdg/xfce4/xfconf/xfce-perchannel-xml'
 /usr/bin/install -c -m 644 xfce4-session.xml '/etc/xdg/xfce4/xfconf/xfce-perchannel-xml'
make[3]: Leaving directory '/sources/7.9/xfce4-session-4.12.1/settings'
make[2]: Leaving directory '/sources/7.9/xfce4-session-4.12.1/settings'
make[1]: Leaving directory '/sources/7.9/xfce4-session-4.12.1/settings'
Making install in scripts
make[1]: Entering directory '/sources/7.9/xfce4-session-4.12.1/scripts'
make[2]: Entering directory '/sources/7.9/xfce4-session-4.12.1/scripts'
 /bin/mkdir -p '/usr/bin'
 /usr/bin/install -c startxfce4 xflock4 '/usr/bin'
 /bin/mkdir -p '/etc/xdg/autostart'
 /usr/bin/install -c -m 644 xscreensaver.desktop '/etc/xdg/autostart'
 /bin/mkdir -p '/etc/xdg/xfce4'
 /usr/bin/install -c -m 644 xinitrc Xft.xrdb '/etc/xdg/xfce4'
make[2]: Leaving directory '/sources/7.9/xfce4-session-4.12.1/scripts'
make[1]: Leaving directory '/sources/7.9/xfce4-session-4.12.1/scripts'
Making install in xfce4-session
make[1]: Entering directory '/sources/7.9/xfce4-session-4.12.1/xfce4-session'
make  install-am
make[2]: Entering directory '/sources/7.9/xfce4-session-4.12.1/xfce4-session'
make[3]: Entering directory '/sources/7.9/xfce4-session-4.12.1/xfce4-session'
 /bin/mkdir -p '/usr/bin'
  /bin/sh ../libtool   --mode=install /usr/bin/install -c xfce4-session '/usr/bin'
libtool: install: /usr/bin/install -c .libs/xfce4-session /usr/bin/xfce4-session
 /bin/mkdir -p '/usr/share/man/man1'
 /usr/bin/install -c -m 644 xfce4-session.1 '/usr/share/man/man1'
 /bin/mkdir -p '/usr/share/polkit-1/actions'
 /usr/bin/install -c -m 644 org.xfce.session.policy '/usr/share/polkit-1/actions'
make[3]: Leaving directory '/sources/7.9/xfce4-session-4.12.1/xfce4-session'
make[2]: Leaving directory '/sources/7.9/xfce4-session-4.12.1/xfce4-session'
make[1]: Leaving directory '/sources/7.9/xfce4-session-4.12.1/xfce4-session'
Making install in xfce4-session-logout
make[1]: Entering directory '/sources/7.9/xfce4-session-4.12.1/xfce4-session-logout'
make[2]: Entering directory '/sources/7.9/xfce4-session-4.12.1/xfce4-session-logout'
 /bin/mkdir -p '/usr/bin'
  /bin/sh ../libtool   --mode=install /usr/bin/install -c xfce4-session-logout '/usr/bin'
libtool: install: /usr/bin/install -c xfce4-session-logout /usr/bin/xfce4-session-logout
 /bin/mkdir -p '/usr/share/applications'
 /usr/bin/install -c -m 644 xfce4-session-logout.desktop '/usr/share/applications'
 /bin/mkdir -p '/usr/share/man/man1'
 /usr/bin/install -c -m 644 xfce4-session-logout.1 '/usr/share/man/man1'
make[2]: Leaving directory '/sources/7.9/xfce4-session-4.12.1/xfce4-session-logout'
make[1]: Leaving directory '/sources/7.9/xfce4-session-4.12.1/xfce4-session-logout'
Making install in xfsm-shutdown-helper
make[1]: Entering directory '/sources/7.9/xfce4-session-4.12.1/xfsm-shutdown-helper'
make[2]: Entering directory '/sources/7.9/xfce4-session-4.12.1/xfsm-shutdown-helper'
make[2]: Nothing to be done for 'install-exec-am'.
 /bin/mkdir -p '/usr/lib/xfce4/session'
  /bin/sh ../libtool   --mode=install /usr/bin/install -c xfsm-shutdown-helper '/usr/lib/xfce4/session'
libtool: install: /usr/bin/install -c xfsm-shutdown-helper /usr/lib/xfce4/session/xfsm-shutdown-helper
make[2]: Leaving directory '/sources/7.9/xfce4-session-4.12.1/xfsm-shutdown-helper'
make[1]: Leaving directory '/sources/7.9/xfce4-session-4.12.1/xfsm-shutdown-helper'
make[1]: Entering directory '/sources/7.9/xfce4-session-4.12.1'
make[2]: Entering directory '/sources/7.9/xfce4-session-4.12.1'
make[2]: Nothing to be done for 'install-exec-am'.
 /bin/mkdir -p '/usr/share/xsessions'
 /usr/bin/install -c -m 644 xfce.desktop '/usr/share/xsessions'
make[2]: Leaving directory '/sources/7.9/xfce4-session-4.12.1'
make[1]: Leaving directory '/sources/7.9/xfce4-session-4.12.1'
