tar: : Cannot open: No such file or directory
tar: Error is not recoverable: exiting now
Created 024dc131.pem
Created e113c810.pem
Created 6f2c1157.pem
Created 5620c4aa.pem
Created 812e17de.pem
Created c0ff1f52.pem
Created bb2d49a0.pem
Created 2251b13a.pem
Created 76cb8f92.pem
Created ca6e4ad9.pem
Created 65b876bd.pem
Created cfa1c2ee.pem
Created 3b2716e5.pem
Created 8d86cdd1.pem
Created bd1910d4.pem
Created 57bbd831.pem
Created e2799e36.pem
Created c089bbbd.pem
Created ba89ed3b.pem
Created 116bf586.pem
Created c01cdfa2.pem
Created 7d0b38bd.pem
Created 988a38cb.pem
Created 5c44d531.pem
Created aee5f10d.pem
Created fcac10e3.pem
Created 3e45d192.pem
Created 18856ac4.pem
Created 381ce4dd.pem
Created 24ad0b63.pem
Created 8160b96c.pem
Created 062cdee6.pem
Created 3bde41ac.pem
Created cc450945.pem
Created c47d9980.pem
Created 0c4c9b6c.pem
Created 653b494a.pem
Certificate 1bc668cc is not trusted!  Removing...
Certificate 72de6920 is not trusted!  Removing...
Certificate 6a680ea5 is not trusted!  Removing...
Certificate 476182b1 is not trusted!  Removing...
Certificate eeaa6d5c is not trusted!  Removing...
Certificate c75dd286 is not trusted!  Removing...
Created ef2f636c.pem
Certificate c75dd286 is not trusted!  Removing...
Certificate c75dd286 is not trusted!  Removing...
Certificate 804c2a3a is not trusted!  Removing...
Created cbf06781.pem
Created 4bfab552.pem
Created 09789157.pem
Created 2b349938.pem
Created 93bc0acc.pem
Created 79ad8b43.pem
Created b727005e.pem
Created 9c8dfbd4.pem
Created 48bec511.pem
Created d957f522.pem
Created 0810ba98.pem
Created b7a5b843.pem
Certificate 46f053f0 is not trusted!  Removing...
Certificate 20533f91 is not trusted!  Removing...
Created 861a399d.pem
Certificate 84009bc3 is not trusted!  Removing...
Certificate cc154c6e is not trusted!  Removing...
Certificate cee8e824 is not trusted!  Removing...
Certificate 856583ec is not trusted!  Removing...
Certificate ce486240 is not trusted!  Removing...
Certificate 94010abc is not trusted!  Removing...
Created cd58d51e.pem
Created 349f2832.pem
Created 1636090b.pem
Created 157753a5.pem
Created 930ac5d2.pem
Created d853d49e.pem
Created ae8153b9.pem
Created 876f1e28.pem
Created 54657681.pem
Created e8de2f56.pem
Created 5443e9e3.pem
Created 128805a3.pem
Created 8b59b1ad.pem
Created 592c0a9a.pem
Created c28a8a30.pem
Created d4dae3dd.pem
Created c5d3212a.pem
Created 1874d4aa.pem
Created 415660c1.pem
Created 3efd4dc0.pem
Created 034868d6.pem
Created 9007ae68.pem
Created 2ae6433e.pem
Created e536d871.pem
Created a94d09e5.pem
Created 5f15c80c.pem
Created 5cd81ad7.pem
Created 5273a94c.pem
Created 1e09d511.pem
Created e36a6752.pem
Created 749e9e03.pem
Created 064e0aa9.pem
Created e18bfb83.pem
Created 6b99d060.pem
Created 9d04f354.pem
Created 7f3d5d1d.pem
Created 607986c7.pem
Created dd8e9d41.pem
Created 75d1b2ed.pem
Created 8096d0a9.pem
Created 5d63b0ae.pem
Created d6325660.pem
Created fc5a8f99.pem
Created f30dd6ad.pem
Created b0e59380.pem
Created c99398f3.pem
Created 1d3472b9.pem
Created eb99629b.pem
Created 5a4d6896.pem
Created 03179a64.pem
Created ef954a4e.pem
Created 1e08bfd1.pem
Created 19c1fa33.pem
Created 02265526.pem
Created 2c543cd1.pem
Created 106f3e4d.pem
Created 0b1b94ef.pem
Certificate 73881aed is not trusted!  Removing...
Created 7992b8bb.pem
Created c679bc3f.pem
Created 9f0f5fd6.pem
Created e73d606e.pem
Created f38a011e.pem
Created cbeee9e2.pem
Created 26eaad2f.pem
Created fe8a2cd8.pem
Created 40193066.pem
Created ad088e1d.pem
Created 8867006a.pem
Created a760e1bd.pem
Created cb357862.pem
Created 442adcac.pem
Created ee64a828.pem
Created c9f83a1c.pem
Created 56657bde.pem
Created 080911ac.pem
Created d7e8dc79.pem
Created 76faf6c0.pem
Created f3377b1b.pem
Created 67d559d1.pem
Created 9c2e7d30.pem
Created 5ad8a5d6.pem
Created c5e082db.pem
Created b13cc6df.pem
Created 2c3e3f84.pem
Created f90208f7.pem
Created cb59f961.pem
Created 706f604c.pem
Created f081611a.pem
Created f387163d.pem
Created ae8153b9.pem
Created 4a6481c9.pem
Created 6410666e.pem
Created 667c66d4.pem
Created b1159c4c.pem
Created 3513523f.pem
Created 244b5494.pem
Created f060240e.pem
Created 2e5ac55d.pem
Created 790a7190.pem
Created 578d5c04.pem
Created ee1365c0.pem
Created a8dee976.pem
Created 4f316efb.pem
Created 57bcb2da.pem
Created 480720ec.pem
Created 2e4eed3c.pem
Created b204d74a.pem
Created f39fc864.pem
Created b66938e9.pem
Created 40547a79.pem
Created 4304c5e5.pem
Created 7d5a75e4.pem
Created dc45b0bd.pem
Created eed8c118.pem
Certificate 8f111d69 is not trusted!  Removing...
Created 3ee7e181.pem
Created 9d520b32.pem
Created b1b8a7f3.pem
Created 0d1b923b.pem
'certs/02265526.pem' -> '/etc/ssl/certs/02265526.pem'
'certs/024dc131.pem' -> '/etc/ssl/certs/024dc131.pem'
'certs/03179a64.pem' -> '/etc/ssl/certs/03179a64.pem'
'certs/034868d6.pem' -> '/etc/ssl/certs/034868d6.pem'
'certs/062cdee6.pem' -> '/etc/ssl/certs/062cdee6.pem'
'certs/064e0aa9.pem' -> '/etc/ssl/certs/064e0aa9.pem'
'certs/080911ac.pem' -> '/etc/ssl/certs/080911ac.pem'
'certs/0810ba98.pem' -> '/etc/ssl/certs/0810ba98.pem'
'certs/09789157.pem' -> '/etc/ssl/certs/09789157.pem'
'certs/0b1b94ef.pem' -> '/etc/ssl/certs/0b1b94ef.pem'
'certs/0c4c9b6c.pem' -> '/etc/ssl/certs/0c4c9b6c.pem'
'certs/0d1b923b.pem' -> '/etc/ssl/certs/0d1b923b.pem'
'certs/106f3e4d.pem' -> '/etc/ssl/certs/106f3e4d.pem'
'certs/116bf586.pem' -> '/etc/ssl/certs/116bf586.pem'
'certs/128805a3.pem' -> '/etc/ssl/certs/128805a3.pem'
'certs/157753a5.pem' -> '/etc/ssl/certs/157753a5.pem'
'certs/1636090b.pem' -> '/etc/ssl/certs/1636090b.pem'
'certs/1874d4aa.pem' -> '/etc/ssl/certs/1874d4aa.pem'
'certs/18856ac4.pem' -> '/etc/ssl/certs/18856ac4.pem'
'certs/19c1fa33.pem' -> '/etc/ssl/certs/19c1fa33.pem'
'certs/1d3472b9.pem' -> '/etc/ssl/certs/1d3472b9.pem'
'certs/1e08bfd1.pem' -> '/etc/ssl/certs/1e08bfd1.pem'
'certs/1e09d511.pem' -> '/etc/ssl/certs/1e09d511.pem'
'certs/2251b13a.pem' -> '/etc/ssl/certs/2251b13a.pem'
'certs/244b5494.pem' -> '/etc/ssl/certs/244b5494.pem'
'certs/24ad0b63.pem' -> '/etc/ssl/certs/24ad0b63.pem'
'certs/26eaad2f.pem' -> '/etc/ssl/certs/26eaad2f.pem'
'certs/2ae6433e.pem' -> '/etc/ssl/certs/2ae6433e.pem'
'certs/2b349938.pem' -> '/etc/ssl/certs/2b349938.pem'
'certs/2c3e3f84.pem' -> '/etc/ssl/certs/2c3e3f84.pem'
'certs/2c543cd1.pem' -> '/etc/ssl/certs/2c543cd1.pem'
'certs/2e4eed3c.pem' -> '/etc/ssl/certs/2e4eed3c.pem'
'certs/2e5ac55d.pem' -> '/etc/ssl/certs/2e5ac55d.pem'
'certs/349f2832.pem' -> '/etc/ssl/certs/349f2832.pem'
'certs/3513523f.pem' -> '/etc/ssl/certs/3513523f.pem'
'certs/381ce4dd.pem' -> '/etc/ssl/certs/381ce4dd.pem'
'certs/3b2716e5.pem' -> '/etc/ssl/certs/3b2716e5.pem'
'certs/3bde41ac.pem' -> '/etc/ssl/certs/3bde41ac.pem'
'certs/3e45d192.pem' -> '/etc/ssl/certs/3e45d192.pem'
'certs/3ee7e181.pem' -> '/etc/ssl/certs/3ee7e181.pem'
'certs/3efd4dc0.pem' -> '/etc/ssl/certs/3efd4dc0.pem'
'certs/40193066.pem' -> '/etc/ssl/certs/40193066.pem'
'certs/40547a79.pem' -> '/etc/ssl/certs/40547a79.pem'
'certs/415660c1.pem' -> '/etc/ssl/certs/415660c1.pem'
'certs/4304c5e5.pem' -> '/etc/ssl/certs/4304c5e5.pem'
'certs/442adcac.pem' -> '/etc/ssl/certs/442adcac.pem'
'certs/480720ec.pem' -> '/etc/ssl/certs/480720ec.pem'
'certs/48bec511.pem' -> '/etc/ssl/certs/48bec511.pem'
'certs/4a6481c9.pem' -> '/etc/ssl/certs/4a6481c9.pem'
'certs/4bfab552.pem' -> '/etc/ssl/certs/4bfab552.pem'
'certs/4f316efb.pem' -> '/etc/ssl/certs/4f316efb.pem'
'certs/5273a94c.pem' -> '/etc/ssl/certs/5273a94c.pem'
'certs/5443e9e3.pem' -> '/etc/ssl/certs/5443e9e3.pem'
'certs/54657681.pem' -> '/etc/ssl/certs/54657681.pem'
'certs/5620c4aa.pem' -> '/etc/ssl/certs/5620c4aa.pem'
'certs/56657bde.pem' -> '/etc/ssl/certs/56657bde.pem'
'certs/578d5c04.pem' -> '/etc/ssl/certs/578d5c04.pem'
'certs/57bbd831.pem' -> '/etc/ssl/certs/57bbd831.pem'
'certs/57bcb2da.pem' -> '/etc/ssl/certs/57bcb2da.pem'
'certs/592c0a9a.pem' -> '/etc/ssl/certs/592c0a9a.pem'
'certs/5a4d6896.pem' -> '/etc/ssl/certs/5a4d6896.pem'
'certs/5ad8a5d6.pem' -> '/etc/ssl/certs/5ad8a5d6.pem'
'certs/5c44d531.pem' -> '/etc/ssl/certs/5c44d531.pem'
'certs/5cd81ad7.pem' -> '/etc/ssl/certs/5cd81ad7.pem'
'certs/5d63b0ae.pem' -> '/etc/ssl/certs/5d63b0ae.pem'
'certs/5f15c80c.pem' -> '/etc/ssl/certs/5f15c80c.pem'
'certs/607986c7.pem' -> '/etc/ssl/certs/607986c7.pem'
'certs/6410666e.pem' -> '/etc/ssl/certs/6410666e.pem'
'certs/653b494a.pem' -> '/etc/ssl/certs/653b494a.pem'
'certs/65b876bd.pem' -> '/etc/ssl/certs/65b876bd.pem'
'certs/667c66d4.pem' -> '/etc/ssl/certs/667c66d4.pem'
'certs/67d559d1.pem' -> '/etc/ssl/certs/67d559d1.pem'
'certs/6b99d060.pem' -> '/etc/ssl/certs/6b99d060.pem'
'certs/6f2c1157.pem' -> '/etc/ssl/certs/6f2c1157.pem'
'certs/706f604c.pem' -> '/etc/ssl/certs/706f604c.pem'
'certs/749e9e03.pem' -> '/etc/ssl/certs/749e9e03.pem'
'certs/75d1b2ed.pem' -> '/etc/ssl/certs/75d1b2ed.pem'
'certs/76cb8f92.pem' -> '/etc/ssl/certs/76cb8f92.pem'
'certs/76faf6c0.pem' -> '/etc/ssl/certs/76faf6c0.pem'
'certs/790a7190.pem' -> '/etc/ssl/certs/790a7190.pem'
'certs/7992b8bb.pem' -> '/etc/ssl/certs/7992b8bb.pem'
'certs/79ad8b43.pem' -> '/etc/ssl/certs/79ad8b43.pem'
'certs/7d0b38bd.pem' -> '/etc/ssl/certs/7d0b38bd.pem'
'certs/7d5a75e4.pem' -> '/etc/ssl/certs/7d5a75e4.pem'
'certs/7f3d5d1d.pem' -> '/etc/ssl/certs/7f3d5d1d.pem'
'certs/8096d0a9.pem' -> '/etc/ssl/certs/8096d0a9.pem'
'certs/812e17de.pem' -> '/etc/ssl/certs/812e17de.pem'
'certs/8160b96c.pem' -> '/etc/ssl/certs/8160b96c.pem'
'certs/861a399d.pem' -> '/etc/ssl/certs/861a399d.pem'
'certs/876f1e28.pem' -> '/etc/ssl/certs/876f1e28.pem'
'certs/8867006a.pem' -> '/etc/ssl/certs/8867006a.pem'
'certs/8b59b1ad.pem' -> '/etc/ssl/certs/8b59b1ad.pem'
'certs/8d86cdd1.pem' -> '/etc/ssl/certs/8d86cdd1.pem'
'certs/9007ae68.pem' -> '/etc/ssl/certs/9007ae68.pem'
'certs/930ac5d2.pem' -> '/etc/ssl/certs/930ac5d2.pem'
'certs/93bc0acc.pem' -> '/etc/ssl/certs/93bc0acc.pem'
'certs/988a38cb.pem' -> '/etc/ssl/certs/988a38cb.pem'
'certs/9c2e7d30.pem' -> '/etc/ssl/certs/9c2e7d30.pem'
'certs/9c8dfbd4.pem' -> '/etc/ssl/certs/9c8dfbd4.pem'
'certs/9d04f354.pem' -> '/etc/ssl/certs/9d04f354.pem'
'certs/9d520b32.pem' -> '/etc/ssl/certs/9d520b32.pem'
'certs/9f0f5fd6.pem' -> '/etc/ssl/certs/9f0f5fd6.pem'
'certs/a760e1bd.pem' -> '/etc/ssl/certs/a760e1bd.pem'
'certs/a8dee976.pem' -> '/etc/ssl/certs/a8dee976.pem'
'certs/a94d09e5.pem' -> '/etc/ssl/certs/a94d09e5.pem'
'certs/ad088e1d.pem' -> '/etc/ssl/certs/ad088e1d.pem'
'certs/ae8153b9.pem' -> '/etc/ssl/certs/ae8153b9.pem'
'certs/aee5f10d.pem' -> '/etc/ssl/certs/aee5f10d.pem'
'certs/b0e59380.pem' -> '/etc/ssl/certs/b0e59380.pem'
'certs/b1159c4c.pem' -> '/etc/ssl/certs/b1159c4c.pem'
'certs/b13cc6df.pem' -> '/etc/ssl/certs/b13cc6df.pem'
'certs/b1b8a7f3.pem' -> '/etc/ssl/certs/b1b8a7f3.pem'
'certs/b204d74a.pem' -> '/etc/ssl/certs/b204d74a.pem'
'certs/b66938e9.pem' -> '/etc/ssl/certs/b66938e9.pem'
'certs/b727005e.pem' -> '/etc/ssl/certs/b727005e.pem'
'certs/b7a5b843.pem' -> '/etc/ssl/certs/b7a5b843.pem'
'certs/ba89ed3b.pem' -> '/etc/ssl/certs/ba89ed3b.pem'
'certs/bb2d49a0.pem' -> '/etc/ssl/certs/bb2d49a0.pem'
'certs/bd1910d4.pem' -> '/etc/ssl/certs/bd1910d4.pem'
'certs/c01cdfa2.pem' -> '/etc/ssl/certs/c01cdfa2.pem'
'certs/c089bbbd.pem' -> '/etc/ssl/certs/c089bbbd.pem'
'certs/c0ff1f52.pem' -> '/etc/ssl/certs/c0ff1f52.pem'
'certs/c28a8a30.pem' -> '/etc/ssl/certs/c28a8a30.pem'
'certs/c47d9980.pem' -> '/etc/ssl/certs/c47d9980.pem'
'certs/c5d3212a.pem' -> '/etc/ssl/certs/c5d3212a.pem'
'certs/c5e082db.pem' -> '/etc/ssl/certs/c5e082db.pem'
'certs/c679bc3f.pem' -> '/etc/ssl/certs/c679bc3f.pem'
'certs/c99398f3.pem' -> '/etc/ssl/certs/c99398f3.pem'
'certs/c9f83a1c.pem' -> '/etc/ssl/certs/c9f83a1c.pem'
'certs/ca6e4ad9.pem' -> '/etc/ssl/certs/ca6e4ad9.pem'
'certs/cb357862.pem' -> '/etc/ssl/certs/cb357862.pem'
'certs/cb59f961.pem' -> '/etc/ssl/certs/cb59f961.pem'
'certs/cbeee9e2.pem' -> '/etc/ssl/certs/cbeee9e2.pem'
'certs/cbf06781.pem' -> '/etc/ssl/certs/cbf06781.pem'
'certs/cc450945.pem' -> '/etc/ssl/certs/cc450945.pem'
'certs/cd58d51e.pem' -> '/etc/ssl/certs/cd58d51e.pem'
'certs/cfa1c2ee.pem' -> '/etc/ssl/certs/cfa1c2ee.pem'
'certs/d4dae3dd.pem' -> '/etc/ssl/certs/d4dae3dd.pem'
'certs/d6325660.pem' -> '/etc/ssl/certs/d6325660.pem'
'certs/d7e8dc79.pem' -> '/etc/ssl/certs/d7e8dc79.pem'
'certs/d853d49e.pem' -> '/etc/ssl/certs/d853d49e.pem'
'certs/d957f522.pem' -> '/etc/ssl/certs/d957f522.pem'
'certs/dc45b0bd.pem' -> '/etc/ssl/certs/dc45b0bd.pem'
'certs/dd8e9d41.pem' -> '/etc/ssl/certs/dd8e9d41.pem'
'certs/e113c810.pem' -> '/etc/ssl/certs/e113c810.pem'
'certs/e18bfb83.pem' -> '/etc/ssl/certs/e18bfb83.pem'
'certs/e2799e36.pem' -> '/etc/ssl/certs/e2799e36.pem'
'certs/e36a6752.pem' -> '/etc/ssl/certs/e36a6752.pem'
'certs/e536d871.pem' -> '/etc/ssl/certs/e536d871.pem'
'certs/e73d606e.pem' -> '/etc/ssl/certs/e73d606e.pem'
'certs/e8de2f56.pem' -> '/etc/ssl/certs/e8de2f56.pem'
'certs/eb99629b.pem' -> '/etc/ssl/certs/eb99629b.pem'
'certs/ee1365c0.pem' -> '/etc/ssl/certs/ee1365c0.pem'
'certs/ee64a828.pem' -> '/etc/ssl/certs/ee64a828.pem'
'certs/eed8c118.pem' -> '/etc/ssl/certs/eed8c118.pem'
'certs/ef2f636c.pem' -> '/etc/ssl/certs/ef2f636c.pem'
'certs/ef954a4e.pem' -> '/etc/ssl/certs/ef954a4e.pem'
'certs/f060240e.pem' -> '/etc/ssl/certs/f060240e.pem'
'certs/f081611a.pem' -> '/etc/ssl/certs/f081611a.pem'
'certs/f30dd6ad.pem' -> '/etc/ssl/certs/f30dd6ad.pem'
'certs/f3377b1b.pem' -> '/etc/ssl/certs/f3377b1b.pem'
'certs/f387163d.pem' -> '/etc/ssl/certs/f387163d.pem'
'certs/f38a011e.pem' -> '/etc/ssl/certs/f38a011e.pem'
'certs/f39fc864.pem' -> '/etc/ssl/certs/f39fc864.pem'
'certs/f90208f7.pem' -> '/etc/ssl/certs/f90208f7.pem'
'certs/fc5a8f99.pem' -> '/etc/ssl/certs/fc5a8f99.pem'
'certs/fcac10e3.pem' -> '/etc/ssl/certs/fcac10e3.pem'
'certs/fe8a2cd8.pem' -> '/etc/ssl/certs/fe8a2cd8.pem'
Doing /etc/ssl/certs
'/etc/ssl/certs/ca-certificates.crt' -> '../ca-bundle.crt'
