checking for a BSD-compatible install... /usr/bin/install -c
checking whether build environment is sane... yes
checking for a thread-safe mkdir -p... /bin/mkdir -p
checking for gawk... gawk
checking whether make sets $(MAKE)... yes
checking whether to enable maintainer-specific portions of Makefiles... no
checking whether NLS is requested... yes
checking for style of include used by make... GNU
checking for gcc... gcc
checking whether the C compiler works... yes
checking for C compiler default output file name... a.out
checking for suffix of executables... 
checking whether we are cross compiling... no
checking for suffix of object files... o
checking whether we are using the GNU C compiler... yes
checking whether gcc accepts -g... yes
checking for gcc option to accept ISO C89... none needed
checking dependency style of gcc... gcc3
checking for intltool >= 0.40.0... 0.51.0 found
checking for intltool-update... /usr/bin/intltool-update
checking for intltool-merge... /usr/bin/intltool-merge
checking for intltool-extract... /usr/bin/intltool-extract
checking for xgettext... /usr/bin/xgettext
checking for msgmerge... /usr/bin/msgmerge
checking for msgfmt... /usr/bin/msgfmt
checking for gmsgfmt... /usr/bin/msgfmt
checking for perl... /usr/bin/perl
checking for perl >= 5.8.1... 5.22.1
checking for XML::Parser... ok
checking for gcc... (cached) gcc
checking whether we are using the GNU C compiler... (cached) yes
checking whether gcc accepts -g... (cached) yes
checking for gcc option to accept ISO C89... (cached) none needed
checking dependency style of gcc... (cached) gcc3
checking for library containing strerror... none required
checking how to run the C preprocessor... gcc -E
checking for grep that handles long lines and -e... /bin/grep
checking for egrep... /bin/grep -E
checking for ANSI C header files... yes
checking build system type... x86_64-unknown-linux-gnu
checking host system type... x86_64-unknown-linux-gnu
checking for a sed that does not truncate output... /bin/sed
checking for fgrep... /bin/grep -F
checking for ld used by gcc... /usr/bin/ld
checking if the linker (/usr/bin/ld) is GNU ld... yes
checking for BSD- or MS-compatible name lister (nm)... /usr/bin/nm -B
checking the name lister (/usr/bin/nm -B) interface... BSD nm
checking whether ln -s works... yes
checking the maximum length of command line arguments... 1572864
checking whether the shell understands some XSI constructs... yes
checking whether the shell understands "+="... yes
checking for /usr/bin/ld option to reload object files... -r
checking for objdump... objdump
checking how to recognize dependent libraries... pass_all
checking for ar... ar
checking for strip... strip
checking for ranlib... ranlib
checking command to parse /usr/bin/nm -B output from gcc object... ok
checking for sys/types.h... yes
checking for sys/stat.h... yes
checking for stdlib.h... yes
checking for string.h... yes
checking for memory.h... yes
checking for strings.h... yes
checking for inttypes.h... yes
checking for stdint.h... yes
checking for unistd.h... yes
checking for dlfcn.h... yes
checking for objdir... .libs
checking if gcc supports -fno-rtti -fno-exceptions... no
checking for gcc option to produce PIC... -fPIC -DPIC
checking if gcc PIC flag -fPIC -DPIC works... yes
checking if gcc static flag -static works... yes
checking if gcc supports -c -o file.o... yes
checking if gcc supports -c -o file.o... (cached) yes
checking whether the gcc linker (/usr/bin/ld -m elf_x86_64) supports shared libraries... yes
checking whether -lc should be explicitly linked in... no
checking dynamic linker characteristics... GNU/Linux ld.so
checking how to hardcode library paths into programs... immediate
checking whether stripping libraries is possible... yes
checking if libtool supports shared libraries... yes
checking whether to build shared libraries... yes
checking whether to build static libraries... no
checking whether gcc understands -Wno-sign-compare... yes
checking what warning flags to pass to the C compiler... -Wall -Wmissing-prototypes -Wnested-externs -Wpointer-arith -Wno-sign-compare
checking what language compliance flags to pass to the C compiler... 
checking locale.h usability... yes
checking locale.h presence... yes
checking for locale.h... yes
checking for LC_MESSAGES... yes
checking libintl.h usability... yes
checking libintl.h presence... yes
checking for libintl.h... yes
checking for ngettext in libc... yes
checking for dgettext in libc... yes
checking for bind_textdomain_codeset... yes
checking for msgfmt... (cached) /usr/bin/msgfmt
checking for dcgettext... yes
checking if msgfmt accepts -c... yes
checking for gmsgfmt... (cached) /usr/bin/msgfmt
checking for xgettext... (cached) /usr/bin/xgettext
checking for pkg-config... /usr/bin/pkg-config
checking for cos in -lm... yes
checking pkg-config is at least version 0.9.0... yes
checking for STARTUP_NOTIFICATION... yes
checking for X... libraries , headers 
checking for XLIB... yes
checking if building with X Resource Information Extension Library... yes
checking for LIBWNCK... yes
checking for gdk-pixbuf-csource... /usr/bin/gdk-pixbuf-csource
checking for gtkdoc-check... no
checking for gtkdoc-rebase... no
checking for gtkdoc-mkpdf... no
checking whether to build gtk-doc documentation... no
checking for gobject-introspection... yes
configure: creating ./config.status
config.status: creating Makefile
config.status: creating doc/Makefile
config.status: creating po/Makefile.in
config.status: creating libwnck/Makefile
config.status: creating libwnck-1.0.pc
config.status: creating libwnck-1.0-uninstalled.pc
config.status: creating config.h
config.status: executing depfiles commands
config.status: executing libtool commands
config.status: executing default-1 commands
config.status: executing po/stamp-it commands

              libwnck 2.30.7
              ==============

        prefix:                       /usr
        exec_prefix:                  ${prefix}
        libdir:                       ${exec_prefix}/lib
        bindir:                       ${exec_prefix}/bin
        sbindir:                      ${exec_prefix}/sbin
        sysconfdir:                   ${prefix}/etc
        localstatedir:                ${prefix}/var
        datadir:                      ${datarootdir}
        source code location:         .
        compiler:                     gcc
        cflags:                       -g -O2 -Wall
        Maintainer mode:              no
        Use *_DISABLE_DEPRECATED:     no

        Startup notification support: yes
        XRes support:                 yes
        Build introspection support:  yes
        Build gtk-doc documentation:  no


make  all-recursive
make[1]: Entering directory '/sources/7.9/libwnck-2.30.7'
Making all in libwnck
make[2]: Entering directory '/sources/7.9/libwnck-2.30.7/libwnck'
  CC     libwnck_1_la-wnck-enum-types.lo
  CC     libwnck_1_la-wnck-marshal.lo
  CC     libwnck_1_la-application.lo
  CC     libwnck_1_la-class-group.lo
  CC     libwnck_1_la-pager.lo
  CC     libwnck_1_la-screen.lo
  CC     libwnck_1_la-selector.lo
  CC     libwnck_1_la-tasklist.lo
  CC     libwnck_1_la-util.lo
  CC     libwnck_1_la-window.lo
  CC     libwnck_1_la-window-action-menu.lo
  CC     libwnck_1_la-workspace.lo
  CC     libwnck_1_la-xutils.lo
  CC     libwnck_1_la-pager-accessible.lo
  CC     libwnck_1_la-pager-accessible-factory.lo
  CC     libwnck_1_la-workspace-accessible.lo
  CC     libwnck_1_la-workspace-accessible-factory.lo
  CCLD   libwnck-1.la
  CC     wnckprop.o
  CCLD   wnckprop
  CC     wnck-urgency-monitor.o
  CCLD   wnck-urgency-monitor
  CC     test-pager.o
  CCLD   test-pager
  CC     test-wnck.o
  CCLD   test-wnck
  CC     test-selector.o
  CCLD   test-selector
  CC     test-tasklist.o
  CCLD   test-tasklist
  CC     test-urgent.o
  CCLD   test-urgent
  GISCAN   Wnck-1.0.gir
  GICOMP   Wnck-1.0.gir
make[2]: Leaving directory '/sources/7.9/libwnck-2.30.7/libwnck'
Making all in doc
make[2]: Entering directory '/sources/7.9/libwnck-2.30.7/doc'
make[2]: Nothing to be done for 'all'.
make[2]: Leaving directory '/sources/7.9/libwnck-2.30.7/doc'
Making all in po
make[2]: Entering directory '/sources/7.9/libwnck-2.30.7/po'
file=`echo am | sed 's,.*/,,'`.gmo \
  && rm -f $file && /usr/bin/msgfmt -o $file am.po
file=`echo ar | sed 's,.*/,,'`.gmo \
  && rm -f $file && /usr/bin/msgfmt -o $file ar.po
file=`echo as | sed 's,.*/,,'`.gmo \
  && rm -f $file && /usr/bin/msgfmt -o $file as.po
file=`echo ast | sed 's,.*/,,'`.gmo \
  && rm -f $file && /usr/bin/msgfmt -o $file ast.po
file=`echo az | sed 's,.*/,,'`.gmo \
  && rm -f $file && /usr/bin/msgfmt -o $file az.po
file=`echo be | sed 's,.*/,,'`.gmo \
  && rm -f $file && /usr/bin/msgfmt -o $file be.po
file=`echo be@latin | sed 's,.*/,,'`.gmo \
  && rm -f $file && /usr/bin/msgfmt -o $file be@latin.po
file=`echo bg | sed 's,.*/,,'`.gmo \
  && rm -f $file && /usr/bin/msgfmt -o $file bg.po
file=`echo bn | sed 's,.*/,,'`.gmo \
  && rm -f $file && /usr/bin/msgfmt -o $file bn.po
file=`echo bn_IN | sed 's,.*/,,'`.gmo \
  && rm -f $file && /usr/bin/msgfmt -o $file bn_IN.po
file=`echo br | sed 's,.*/,,'`.gmo \
  && rm -f $file && /usr/bin/msgfmt -o $file br.po
file=`echo bs | sed 's,.*/,,'`.gmo \
  && rm -f $file && /usr/bin/msgfmt -o $file bs.po
file=`echo ca | sed 's,.*/,,'`.gmo \
  && rm -f $file && /usr/bin/msgfmt -o $file ca.po
file=`echo ca@valencia | sed 's,.*/,,'`.gmo \
  && rm -f $file && /usr/bin/msgfmt -o $file ca@valencia.po
file=`echo crh | sed 's,.*/,,'`.gmo \
  && rm -f $file && /usr/bin/msgfmt -o $file crh.po
file=`echo cs | sed 's,.*/,,'`.gmo \
  && rm -f $file && /usr/bin/msgfmt -o $file cs.po
file=`echo cy | sed 's,.*/,,'`.gmo \
  && rm -f $file && /usr/bin/msgfmt -o $file cy.po
file=`echo da | sed 's,.*/,,'`.gmo \
  && rm -f $file && /usr/bin/msgfmt -o $file da.po
file=`echo de | sed 's,.*/,,'`.gmo \
  && rm -f $file && /usr/bin/msgfmt -o $file de.po
file=`echo dz | sed 's,.*/,,'`.gmo \
  && rm -f $file && /usr/bin/msgfmt -o $file dz.po
file=`echo el | sed 's,.*/,,'`.gmo \
  && rm -f $file && /usr/bin/msgfmt -o $file el.po
file=`echo en_CA | sed 's,.*/,,'`.gmo \
  && rm -f $file && /usr/bin/msgfmt -o $file en_CA.po
file=`echo en_GB | sed 's,.*/,,'`.gmo \
  && rm -f $file && /usr/bin/msgfmt -o $file en_GB.po
file=`echo en@shaw | sed 's,.*/,,'`.gmo \
  && rm -f $file && /usr/bin/msgfmt -o $file en@shaw.po
file=`echo eo | sed 's,.*/,,'`.gmo \
  && rm -f $file && /usr/bin/msgfmt -o $file eo.po
file=`echo es | sed 's,.*/,,'`.gmo \
  && rm -f $file && /usr/bin/msgfmt -o $file es.po
file=`echo et | sed 's,.*/,,'`.gmo \
  && rm -f $file && /usr/bin/msgfmt -o $file et.po
file=`echo eu | sed 's,.*/,,'`.gmo \
  && rm -f $file && /usr/bin/msgfmt -o $file eu.po
file=`echo fa | sed 's,.*/,,'`.gmo \
  && rm -f $file && /usr/bin/msgfmt -o $file fa.po
file=`echo fi | sed 's,.*/,,'`.gmo \
  && rm -f $file && /usr/bin/msgfmt -o $file fi.po
file=`echo fr | sed 's,.*/,,'`.gmo \
  && rm -f $file && /usr/bin/msgfmt -o $file fr.po
file=`echo ga | sed 's,.*/,,'`.gmo \
  && rm -f $file && /usr/bin/msgfmt -o $file ga.po
file=`echo gl | sed 's,.*/,,'`.gmo \
  && rm -f $file && /usr/bin/msgfmt -o $file gl.po
file=`echo gu | sed 's,.*/,,'`.gmo \
  && rm -f $file && /usr/bin/msgfmt -o $file gu.po
file=`echo he | sed 's,.*/,,'`.gmo \
  && rm -f $file && /usr/bin/msgfmt -o $file he.po
file=`echo hi | sed 's,.*/,,'`.gmo \
  && rm -f $file && /usr/bin/msgfmt -o $file hi.po
file=`echo hr | sed 's,.*/,,'`.gmo \
  && rm -f $file && /usr/bin/msgfmt -o $file hr.po
file=`echo hu | sed 's,.*/,,'`.gmo \
  && rm -f $file && /usr/bin/msgfmt -o $file hu.po
file=`echo id | sed 's,.*/,,'`.gmo \
  && rm -f $file && /usr/bin/msgfmt -o $file id.po
file=`echo is | sed 's,.*/,,'`.gmo \
  && rm -f $file && /usr/bin/msgfmt -o $file is.po
file=`echo it | sed 's,.*/,,'`.gmo \
  && rm -f $file && /usr/bin/msgfmt -o $file it.po
file=`echo ja | sed 's,.*/,,'`.gmo \
  && rm -f $file && /usr/bin/msgfmt -o $file ja.po
file=`echo ka | sed 's,.*/,,'`.gmo \
  && rm -f $file && /usr/bin/msgfmt -o $file ka.po
file=`echo kk | sed 's,.*/,,'`.gmo \
  && rm -f $file && /usr/bin/msgfmt -o $file kk.po
file=`echo kn | sed 's,.*/,,'`.gmo \
  && rm -f $file && /usr/bin/msgfmt -o $file kn.po
file=`echo ko | sed 's,.*/,,'`.gmo \
  && rm -f $file && /usr/bin/msgfmt -o $file ko.po
file=`echo ku | sed 's,.*/,,'`.gmo \
  && rm -f $file && /usr/bin/msgfmt -o $file ku.po
file=`echo ky | sed 's,.*/,,'`.gmo \
  && rm -f $file && /usr/bin/msgfmt -o $file ky.po
file=`echo li | sed 's,.*/,,'`.gmo \
  && rm -f $file && /usr/bin/msgfmt -o $file li.po
file=`echo lt | sed 's,.*/,,'`.gmo \
  && rm -f $file && /usr/bin/msgfmt -o $file lt.po
file=`echo lv | sed 's,.*/,,'`.gmo \
  && rm -f $file && /usr/bin/msgfmt -o $file lv.po
file=`echo mai | sed 's,.*/,,'`.gmo \
  && rm -f $file && /usr/bin/msgfmt -o $file mai.po
file=`echo mi | sed 's,.*/,,'`.gmo \
  && rm -f $file && /usr/bin/msgfmt -o $file mi.po
file=`echo mk | sed 's,.*/,,'`.gmo \
  && rm -f $file && /usr/bin/msgfmt -o $file mk.po
file=`echo ml | sed 's,.*/,,'`.gmo \
  && rm -f $file && /usr/bin/msgfmt -o $file ml.po
file=`echo mn | sed 's,.*/,,'`.gmo \
  && rm -f $file && /usr/bin/msgfmt -o $file mn.po
file=`echo mr | sed 's,.*/,,'`.gmo \
  && rm -f $file && /usr/bin/msgfmt -o $file mr.po
file=`echo ms | sed 's,.*/,,'`.gmo \
  && rm -f $file && /usr/bin/msgfmt -o $file ms.po
file=`echo nb | sed 's,.*/,,'`.gmo \
  && rm -f $file && /usr/bin/msgfmt -o $file nb.po
file=`echo ne | sed 's,.*/,,'`.gmo \
  && rm -f $file && /usr/bin/msgfmt -o $file ne.po
file=`echo nl | sed 's,.*/,,'`.gmo \
  && rm -f $file && /usr/bin/msgfmt -o $file nl.po
file=`echo nn | sed 's,.*/,,'`.gmo \
  && rm -f $file && /usr/bin/msgfmt -o $file nn.po
file=`echo oc | sed 's,.*/,,'`.gmo \
  && rm -f $file && /usr/bin/msgfmt -o $file oc.po
file=`echo or | sed 's,.*/,,'`.gmo \
  && rm -f $file && /usr/bin/msgfmt -o $file or.po
file=`echo pa | sed 's,.*/,,'`.gmo \
  && rm -f $file && /usr/bin/msgfmt -o $file pa.po
file=`echo pl | sed 's,.*/,,'`.gmo \
  && rm -f $file && /usr/bin/msgfmt -o $file pl.po
file=`echo pt | sed 's,.*/,,'`.gmo \
  && rm -f $file && /usr/bin/msgfmt -o $file pt.po
file=`echo pt_BR | sed 's,.*/,,'`.gmo \
  && rm -f $file && /usr/bin/msgfmt -o $file pt_BR.po
file=`echo ro | sed 's,.*/,,'`.gmo \
  && rm -f $file && /usr/bin/msgfmt -o $file ro.po
file=`echo ru | sed 's,.*/,,'`.gmo \
  && rm -f $file && /usr/bin/msgfmt -o $file ru.po
file=`echo rw | sed 's,.*/,,'`.gmo \
  && rm -f $file && /usr/bin/msgfmt -o $file rw.po
file=`echo si | sed 's,.*/,,'`.gmo \
  && rm -f $file && /usr/bin/msgfmt -o $file si.po
file=`echo sk | sed 's,.*/,,'`.gmo \
  && rm -f $file && /usr/bin/msgfmt -o $file sk.po
file=`echo sl | sed 's,.*/,,'`.gmo \
  && rm -f $file && /usr/bin/msgfmt -o $file sl.po
file=`echo sq | sed 's,.*/,,'`.gmo \
  && rm -f $file && /usr/bin/msgfmt -o $file sq.po
file=`echo sr | sed 's,.*/,,'`.gmo \
  && rm -f $file && /usr/bin/msgfmt -o $file sr.po
file=`echo sr@latin | sed 's,.*/,,'`.gmo \
  && rm -f $file && /usr/bin/msgfmt -o $file sr@latin.po
file=`echo sv | sed 's,.*/,,'`.gmo \
  && rm -f $file && /usr/bin/msgfmt -o $file sv.po
file=`echo ta | sed 's,.*/,,'`.gmo \
  && rm -f $file && /usr/bin/msgfmt -o $file ta.po
file=`echo te | sed 's,.*/,,'`.gmo \
  && rm -f $file && /usr/bin/msgfmt -o $file te.po
file=`echo th | sed 's,.*/,,'`.gmo \
  && rm -f $file && /usr/bin/msgfmt -o $file th.po
file=`echo tr | sed 's,.*/,,'`.gmo \
  && rm -f $file && /usr/bin/msgfmt -o $file tr.po
file=`echo ug | sed 's,.*/,,'`.gmo \
  && rm -f $file && /usr/bin/msgfmt -o $file ug.po
file=`echo uk | sed 's,.*/,,'`.gmo \
  && rm -f $file && /usr/bin/msgfmt -o $file uk.po
file=`echo vi | sed 's,.*/,,'`.gmo \
  && rm -f $file && /usr/bin/msgfmt -o $file vi.po
file=`echo wa | sed 's,.*/,,'`.gmo \
  && rm -f $file && /usr/bin/msgfmt -o $file wa.po
file=`echo xh | sed 's,.*/,,'`.gmo \
  && rm -f $file && /usr/bin/msgfmt -o $file xh.po
file=`echo zh_CN | sed 's,.*/,,'`.gmo \
  && rm -f $file && /usr/bin/msgfmt -o $file zh_CN.po
file=`echo zh_HK | sed 's,.*/,,'`.gmo \
  && rm -f $file && /usr/bin/msgfmt -o $file zh_HK.po
file=`echo zh_TW | sed 's,.*/,,'`.gmo \
  && rm -f $file && /usr/bin/msgfmt -o $file zh_TW.po
make[2]: Leaving directory '/sources/7.9/libwnck-2.30.7/po'
make[2]: Entering directory '/sources/7.9/libwnck-2.30.7'
make[2]: Leaving directory '/sources/7.9/libwnck-2.30.7'
make[1]: Leaving directory '/sources/7.9/libwnck-2.30.7'
Making install in libwnck
make[1]: Entering directory '/sources/7.9/libwnck-2.30.7/libwnck'
make[2]: Entering directory '/sources/7.9/libwnck-2.30.7/libwnck'
test -z "/usr/lib" || /bin/mkdir -p "/usr/lib"
 /bin/sh ../libtool   --mode=install /usr/bin/install -c   libwnck-1.la '/usr/lib'
libtool: install: /usr/bin/install -c .libs/libwnck-1.so.22.3.31 /usr/lib/libwnck-1.so.22.3.31
libtool: install: (cd /usr/lib && { ln -s -f libwnck-1.so.22.3.31 libwnck-1.so.22 || { rm -f libwnck-1.so.22 && ln -s libwnck-1.so.22.3.31 libwnck-1.so.22; }; })
libtool: install: (cd /usr/lib && { ln -s -f libwnck-1.so.22.3.31 libwnck-1.so || { rm -f libwnck-1.so && ln -s libwnck-1.so.22.3.31 libwnck-1.so; }; })
libtool: install: /usr/bin/install -c .libs/libwnck-1.lai /usr/lib/libwnck-1.la
libtool: finish: PATH="/bin:/usr/ucb:/usr/bin:/usr/sbin:/sbin:/usr/etc:/etc:/sbin" ldconfig -n /usr/lib
----------------------------------------------------------------------
Libraries have been installed in:
   /usr/lib

If you ever happen to want to link against installed libraries
in a given directory, LIBDIR, you must either use libtool, and
specify the full pathname of the library, or use the `-LLIBDIR'
flag during linking and do at least one of the following:
   - add LIBDIR to the `LD_LIBRARY_PATH' environment variable
     during execution
   - add LIBDIR to the `LD_RUN_PATH' environment variable
     during linking
   - use the `-Wl,-rpath -Wl,LIBDIR' linker flag
   - have your system administrator add LIBDIR to `/etc/ld.so.conf'

See any operating system documentation about shared libraries for
more information, such as the ld(1) and ld.so(8) manual pages.
----------------------------------------------------------------------
test -z "/usr/bin" || /bin/mkdir -p "/usr/bin"
  /bin/sh ../libtool   --mode=install /usr/bin/install -c wnckprop '/usr/bin/./wnckprop-1'
libtool: install: /usr/bin/install -c .libs/wnckprop /usr/bin/./wnckprop-1
  /bin/sh ../libtool   --mode=install /usr/bin/install -c wnck-urgency-monitor '/usr/bin/./wnck-urgency-monitor-1'
libtool: install: /usr/bin/install -c .libs/wnck-urgency-monitor /usr/bin/./wnck-urgency-monitor-1
test -z "/usr/share/gir-1.0" || /bin/mkdir -p "/usr/share/gir-1.0"
 /usr/bin/install -c -m 644 Wnck-1.0.gir '/usr/share/gir-1.0'
test -z "/usr/include/libwnck-1.0/libwnck" || /bin/mkdir -p "/usr/include/libwnck-1.0/libwnck"
 /usr/bin/install -c -m 644 libwnck.h pager.h application.h class-group.h screen.h selector.h tasklist.h util.h window.h window-action-menu.h workspace.h wnck-enum-types.h '/usr/include/libwnck-1.0/libwnck'
test -z "/usr/lib/girepository-1.0" || /bin/mkdir -p "/usr/lib/girepository-1.0"
 /usr/bin/install -c -m 644 Wnck-1.0.typelib '/usr/lib/girepository-1.0'
make[2]: Leaving directory '/sources/7.9/libwnck-2.30.7/libwnck'
make[1]: Leaving directory '/sources/7.9/libwnck-2.30.7/libwnck'
Making install in doc
make[1]: Entering directory '/sources/7.9/libwnck-2.30.7/doc'
make[2]: Entering directory '/sources/7.9/libwnck-2.30.7/doc'
make[2]: Nothing to be done for 'install-exec-am'.
mkdir -p -- /usr/share/gtk-doc/html/libwnck
-- Installing ./html/core.html
-- Installing ./html/home.png
-- Installing ./html/indexes.html
-- Installing ./html/index.html
-- Installing ./html/index.sgml
-- Installing ./html/intro.html
-- Installing ./html/ix01.html
-- Installing ./html/ix02.html
-- Installing ./html/ix03.html
-- Installing ./html/ix04.html
-- Installing ./html/ix05.html
-- Installing ./html/ix06.html
-- Installing ./html/ix07.html
-- Installing ./html/ix08.html
-- Installing ./html/ix09.html
-- Installing ./html/ix10.html
-- Installing ./html/ix11.html
-- Installing ./html/ix12.html
-- Installing ./html/left.png
-- Installing ./html/libwnck.devhelp
-- Installing ./html/libwnck.devhelp2
-- Installing ./html/libwnck-Miscellaneous-Functions.html
-- Installing ./html/libwnck-Resource-Usage-of-X-Clients.html
-- Installing ./html/libwnck-Window-Action-Menu.html
-- Installing ./html/right.png
-- Installing ./html/style.css
-- Installing ./html/up.png
-- Installing ./html/utils.html
-- Installing ./html/widgets.html
-- Installing ./html/WnckApplication.html
-- Installing ./html/WnckClassGroup.html
-- Installing ./html/WnckPager.html
-- Installing ./html/WnckScreen.html
-- Installing ./html/WnckSelector.html
-- Installing ./html/WnckTasklist.html
-- Installing ./html/WnckWindow.html
-- Installing ./html/WnckWorkspace.html
make[2]: Leaving directory '/sources/7.9/libwnck-2.30.7/doc'
make[1]: Leaving directory '/sources/7.9/libwnck-2.30.7/doc'
Making install in po
make[1]: Entering directory '/sources/7.9/libwnck-2.30.7/po'
linguas="am ar as ast az be be@latin bg bn bn_IN br bs ca ca@valencia crh cs cy da de dz el en_CA en_GB en@shaw eo es et eu fa fi fr ga gl gu he hi hr hu id is it ja ka kk kn ko ku ky li lt lv mai mi mk ml mn mr ms nb ne nl nn oc or pa pl pt pt_BR ro ru rw si sk sl sq sr sr@latin sv ta te th tr ug uk vi wa xh zh_CN zh_HK zh_TW "; \
for lang in $linguas; do \
  dir=/usr/share/locale/$lang/LC_MESSAGES; \
  /bin/sh /sources/7.9/libwnck-2.30.7/install-sh -d $dir; \
  if test -r $lang.gmo; then \
    /usr/bin/install -c -m 644 $lang.gmo $dir/libwnck-1.mo; \
    echo "installing $lang.gmo as $dir/libwnck-1.mo"; \
  else \
    /usr/bin/install -c -m 644 ./$lang.gmo $dir/libwnck-1.mo; \
    echo "installing ./$lang.gmo as" \
	 "$dir/libwnck-1.mo"; \
  fi; \
  if test -r $lang.gmo.m; then \
    /usr/bin/install -c -m 644 $lang.gmo.m $dir/libwnck-1.mo.m; \
    echo "installing $lang.gmo.m as $dir/libwnck-1.mo.m"; \
  else \
    if test -r ./$lang.gmo.m ; then \
      /usr/bin/install -c -m 644 ./$lang.gmo.m \
	$dir/libwnck-1.mo.m; \
      echo "installing ./$lang.gmo.m as" \
	   "$dir/libwnck-1.mo.m"; \
    else \
      true; \
    fi; \
  fi; \
done
installing am.gmo as /usr/share/locale/am/LC_MESSAGES/libwnck-1.mo
installing ar.gmo as /usr/share/locale/ar/LC_MESSAGES/libwnck-1.mo
installing as.gmo as /usr/share/locale/as/LC_MESSAGES/libwnck-1.mo
installing ast.gmo as /usr/share/locale/ast/LC_MESSAGES/libwnck-1.mo
installing az.gmo as /usr/share/locale/az/LC_MESSAGES/libwnck-1.mo
installing be.gmo as /usr/share/locale/be/LC_MESSAGES/libwnck-1.mo
installing be@latin.gmo as /usr/share/locale/be@latin/LC_MESSAGES/libwnck-1.mo
installing bg.gmo as /usr/share/locale/bg/LC_MESSAGES/libwnck-1.mo
installing bn.gmo as /usr/share/locale/bn/LC_MESSAGES/libwnck-1.mo
installing bn_IN.gmo as /usr/share/locale/bn_IN/LC_MESSAGES/libwnck-1.mo
installing br.gmo as /usr/share/locale/br/LC_MESSAGES/libwnck-1.mo
installing bs.gmo as /usr/share/locale/bs/LC_MESSAGES/libwnck-1.mo
installing ca.gmo as /usr/share/locale/ca/LC_MESSAGES/libwnck-1.mo
installing ca@valencia.gmo as /usr/share/locale/ca@valencia/LC_MESSAGES/libwnck-1.mo
installing crh.gmo as /usr/share/locale/crh/LC_MESSAGES/libwnck-1.mo
installing cs.gmo as /usr/share/locale/cs/LC_MESSAGES/libwnck-1.mo
installing cy.gmo as /usr/share/locale/cy/LC_MESSAGES/libwnck-1.mo
installing da.gmo as /usr/share/locale/da/LC_MESSAGES/libwnck-1.mo
installing de.gmo as /usr/share/locale/de/LC_MESSAGES/libwnck-1.mo
installing dz.gmo as /usr/share/locale/dz/LC_MESSAGES/libwnck-1.mo
installing el.gmo as /usr/share/locale/el/LC_MESSAGES/libwnck-1.mo
installing en_CA.gmo as /usr/share/locale/en_CA/LC_MESSAGES/libwnck-1.mo
installing en_GB.gmo as /usr/share/locale/en_GB/LC_MESSAGES/libwnck-1.mo
installing en@shaw.gmo as /usr/share/locale/en@shaw/LC_MESSAGES/libwnck-1.mo
installing eo.gmo as /usr/share/locale/eo/LC_MESSAGES/libwnck-1.mo
installing es.gmo as /usr/share/locale/es/LC_MESSAGES/libwnck-1.mo
installing et.gmo as /usr/share/locale/et/LC_MESSAGES/libwnck-1.mo
installing eu.gmo as /usr/share/locale/eu/LC_MESSAGES/libwnck-1.mo
installing fa.gmo as /usr/share/locale/fa/LC_MESSAGES/libwnck-1.mo
installing fi.gmo as /usr/share/locale/fi/LC_MESSAGES/libwnck-1.mo
installing fr.gmo as /usr/share/locale/fr/LC_MESSAGES/libwnck-1.mo
installing ga.gmo as /usr/share/locale/ga/LC_MESSAGES/libwnck-1.mo
installing gl.gmo as /usr/share/locale/gl/LC_MESSAGES/libwnck-1.mo
installing gu.gmo as /usr/share/locale/gu/LC_MESSAGES/libwnck-1.mo
installing he.gmo as /usr/share/locale/he/LC_MESSAGES/libwnck-1.mo
installing hi.gmo as /usr/share/locale/hi/LC_MESSAGES/libwnck-1.mo
installing hr.gmo as /usr/share/locale/hr/LC_MESSAGES/libwnck-1.mo
installing hu.gmo as /usr/share/locale/hu/LC_MESSAGES/libwnck-1.mo
installing id.gmo as /usr/share/locale/id/LC_MESSAGES/libwnck-1.mo
installing is.gmo as /usr/share/locale/is/LC_MESSAGES/libwnck-1.mo
installing it.gmo as /usr/share/locale/it/LC_MESSAGES/libwnck-1.mo
installing ja.gmo as /usr/share/locale/ja/LC_MESSAGES/libwnck-1.mo
installing ka.gmo as /usr/share/locale/ka/LC_MESSAGES/libwnck-1.mo
installing kk.gmo as /usr/share/locale/kk/LC_MESSAGES/libwnck-1.mo
installing kn.gmo as /usr/share/locale/kn/LC_MESSAGES/libwnck-1.mo
installing ko.gmo as /usr/share/locale/ko/LC_MESSAGES/libwnck-1.mo
installing ku.gmo as /usr/share/locale/ku/LC_MESSAGES/libwnck-1.mo
installing ky.gmo as /usr/share/locale/ky/LC_MESSAGES/libwnck-1.mo
installing li.gmo as /usr/share/locale/li/LC_MESSAGES/libwnck-1.mo
installing lt.gmo as /usr/share/locale/lt/LC_MESSAGES/libwnck-1.mo
installing lv.gmo as /usr/share/locale/lv/LC_MESSAGES/libwnck-1.mo
installing mai.gmo as /usr/share/locale/mai/LC_MESSAGES/libwnck-1.mo
installing mi.gmo as /usr/share/locale/mi/LC_MESSAGES/libwnck-1.mo
installing mk.gmo as /usr/share/locale/mk/LC_MESSAGES/libwnck-1.mo
installing ml.gmo as /usr/share/locale/ml/LC_MESSAGES/libwnck-1.mo
installing mn.gmo as /usr/share/locale/mn/LC_MESSAGES/libwnck-1.mo
installing mr.gmo as /usr/share/locale/mr/LC_MESSAGES/libwnck-1.mo
installing ms.gmo as /usr/share/locale/ms/LC_MESSAGES/libwnck-1.mo
installing nb.gmo as /usr/share/locale/nb/LC_MESSAGES/libwnck-1.mo
installing ne.gmo as /usr/share/locale/ne/LC_MESSAGES/libwnck-1.mo
installing nl.gmo as /usr/share/locale/nl/LC_MESSAGES/libwnck-1.mo
installing nn.gmo as /usr/share/locale/nn/LC_MESSAGES/libwnck-1.mo
installing oc.gmo as /usr/share/locale/oc/LC_MESSAGES/libwnck-1.mo
installing or.gmo as /usr/share/locale/or/LC_MESSAGES/libwnck-1.mo
installing pa.gmo as /usr/share/locale/pa/LC_MESSAGES/libwnck-1.mo
installing pl.gmo as /usr/share/locale/pl/LC_MESSAGES/libwnck-1.mo
installing pt.gmo as /usr/share/locale/pt/LC_MESSAGES/libwnck-1.mo
installing pt_BR.gmo as /usr/share/locale/pt_BR/LC_MESSAGES/libwnck-1.mo
installing ro.gmo as /usr/share/locale/ro/LC_MESSAGES/libwnck-1.mo
installing ru.gmo as /usr/share/locale/ru/LC_MESSAGES/libwnck-1.mo
installing rw.gmo as /usr/share/locale/rw/LC_MESSAGES/libwnck-1.mo
installing si.gmo as /usr/share/locale/si/LC_MESSAGES/libwnck-1.mo
installing sk.gmo as /usr/share/locale/sk/LC_MESSAGES/libwnck-1.mo
installing sl.gmo as /usr/share/locale/sl/LC_MESSAGES/libwnck-1.mo
installing sq.gmo as /usr/share/locale/sq/LC_MESSAGES/libwnck-1.mo
installing sr.gmo as /usr/share/locale/sr/LC_MESSAGES/libwnck-1.mo
installing sr@latin.gmo as /usr/share/locale/sr@latin/LC_MESSAGES/libwnck-1.mo
installing sv.gmo as /usr/share/locale/sv/LC_MESSAGES/libwnck-1.mo
installing ta.gmo as /usr/share/locale/ta/LC_MESSAGES/libwnck-1.mo
installing te.gmo as /usr/share/locale/te/LC_MESSAGES/libwnck-1.mo
installing th.gmo as /usr/share/locale/th/LC_MESSAGES/libwnck-1.mo
installing tr.gmo as /usr/share/locale/tr/LC_MESSAGES/libwnck-1.mo
installing ug.gmo as /usr/share/locale/ug/LC_MESSAGES/libwnck-1.mo
installing uk.gmo as /usr/share/locale/uk/LC_MESSAGES/libwnck-1.mo
installing vi.gmo as /usr/share/locale/vi/LC_MESSAGES/libwnck-1.mo
installing wa.gmo as /usr/share/locale/wa/LC_MESSAGES/libwnck-1.mo
installing xh.gmo as /usr/share/locale/xh/LC_MESSAGES/libwnck-1.mo
installing zh_CN.gmo as /usr/share/locale/zh_CN/LC_MESSAGES/libwnck-1.mo
installing zh_HK.gmo as /usr/share/locale/zh_HK/LC_MESSAGES/libwnck-1.mo
installing zh_TW.gmo as /usr/share/locale/zh_TW/LC_MESSAGES/libwnck-1.mo
make[1]: Leaving directory '/sources/7.9/libwnck-2.30.7/po'
make[1]: Entering directory '/sources/7.9/libwnck-2.30.7'
make[2]: Entering directory '/sources/7.9/libwnck-2.30.7'
make[2]: Nothing to be done for 'install-exec-am'.
test -z "/usr/lib/pkgconfig" || /bin/mkdir -p "/usr/lib/pkgconfig"
 /usr/bin/install -c -m 644 libwnck-1.0.pc '/usr/lib/pkgconfig'
make[2]: Leaving directory '/sources/7.9/libwnck-2.30.7'
make[1]: Leaving directory '/sources/7.9/libwnck-2.30.7'
