checking for a BSD-compatible install... /usr/bin/install -c
checking whether build environment is sane... yes
checking for a thread-safe mkdir -p... /bin/mkdir -p
checking for gawk... gawk
checking whether make sets $(MAKE)... yes
checking whether make supports nested variables... yes
checking how to create a pax tar archive... gnutar
checking whether make supports nested variables... (cached) yes
checking whether to enable maintainer-specific portions of Makefiles... no
checking whether make supports GNU make features... yes
checking for g++... g++
checking whether the C++ compiler works... yes
checking for C++ compiler default output file name... a.out
checking for suffix of executables... 
checking whether we are cross compiling... no
checking for suffix of object files... o
checking whether we are using the GNU C++ compiler... yes
checking whether g++ accepts -g... yes
checking for style of include used by make... GNU
checking dependency style of g++... gcc3
checking whether g++ supports C++11 features by default... no
checking whether g++ supports C++11 features with -std=c++11... yes
checking build system type... x86_64-unknown-linux-gnu
checking host system type... x86_64-unknown-linux-gnu
checking how to print strings... printf
checking for gcc... gcc
checking whether we are using the GNU C compiler... yes
checking whether gcc accepts -g... yes
checking for gcc option to accept ISO C89... none needed
checking whether gcc understands -c and -o together... yes
checking dependency style of gcc... gcc3
checking for a sed that does not truncate output... /bin/sed
checking for grep that handles long lines and -e... /bin/grep
checking for egrep... /bin/grep -E
checking for fgrep... /bin/grep -F
checking for ld used by gcc... /usr/bin/ld
checking if the linker (/usr/bin/ld) is GNU ld... yes
checking for BSD- or MS-compatible name lister (nm)... /usr/bin/nm -B
checking the name lister (/usr/bin/nm -B) interface... BSD nm
checking whether ln -s works... yes
checking the maximum length of command line arguments... 1572864
checking whether the shell understands some XSI constructs... yes
checking whether the shell understands "+="... yes
checking how to convert x86_64-unknown-linux-gnu file names to x86_64-unknown-linux-gnu format... func_convert_file_noop
checking how to convert x86_64-unknown-linux-gnu file names to toolchain format... func_convert_file_noop
checking for /usr/bin/ld option to reload object files... -r
checking for objdump... objdump
checking how to recognize dependent libraries... pass_all
checking for dlltool... dlltool
checking how to associate runtime and link libraries... printf %s\n
checking for ar... ar
checking for archiver @FILE support... @
checking for strip... strip
checking for ranlib... ranlib
checking command to parse /usr/bin/nm -B output from gcc object... ok
checking for sysroot... no
checking for mt... no
checking if : is a manifest tool... no
checking how to run the C preprocessor... gcc -E
checking for ANSI C header files... yes
checking for sys/types.h... yes
checking for sys/stat.h... yes
checking for stdlib.h... yes
checking for string.h... yes
checking for memory.h... yes
checking for strings.h... yes
checking for inttypes.h... yes
checking for stdint.h... yes
checking for unistd.h... yes
checking for dlfcn.h... yes
checking for objdir... .libs
checking if gcc supports -fno-rtti -fno-exceptions... no
checking for gcc option to produce PIC... -fPIC -DPIC
checking if gcc PIC flag -fPIC -DPIC works... yes
checking if gcc static flag -static works... yes
checking if gcc supports -c -o file.o... yes
checking if gcc supports -c -o file.o... (cached) yes
checking whether the gcc linker (/usr/bin/ld -m elf_x86_64) supports shared libraries... yes
checking whether -lc should be explicitly linked in... no
checking dynamic linker characteristics... GNU/Linux ld.so
checking how to hardcode library paths into programs... immediate
checking whether stripping libraries is possible... yes
checking if libtool supports shared libraries... yes
checking whether to build shared libraries... yes
checking whether to build static libraries... no
checking how to run the C++ preprocessor... g++ -E
checking for ld used by g++... /usr/bin/ld -m elf_x86_64
checking if the linker (/usr/bin/ld -m elf_x86_64) is GNU ld... yes
checking whether the g++ linker (/usr/bin/ld -m elf_x86_64) supports shared libraries... yes
checking for g++ option to produce PIC... -fPIC -DPIC
checking if g++ PIC flag -fPIC -DPIC works... yes
checking if g++ static flag -static works... yes
checking if g++ supports -c -o file.o... yes
checking if g++ supports -c -o file.o... (cached) yes
checking whether the g++ linker (/usr/bin/ld -m elf_x86_64) supports shared libraries... yes
checking dynamic linker characteristics... (cached) GNU/Linux ld.so
checking how to hardcode library paths into programs... immediate
checking for pkg-config... /usr/bin/pkg-config
checking pkg-config is at least version 0.9.0... yes
checking for CAIROMM... yes
checking for perl... /usr/bin/perl
checking for dot... dot
checking for doxygen... doxygen
checking for xsltproc... /usr/bin/xsltproc
checking for libstdc documentation... libstdc++.tag@
checking for libsigc documentation... /usr/share/doc/libsigc++-2.0/reference/libsigc++-2.0.tag@file:///usr/share/doc/libsigc++-2.0/reference/html
checking which C++ compiler warning flags to use... -Wall
configure: disabled support of automated tests
checking that generated files are newer than configure... done
configure: creating ./config.status
config.status: creating Makefile
config.status: creating cairomm/Makefile
config.status: creating tests/Makefile
config.status: creating examples/Makefile
config.status: creating docs/Makefile
config.status: creating docs/reference/Doxyfile
config.status: creating data/cairomm-1.0.pc
config.status: creating data/cairomm-ft-1.0.pc
config.status: creating data/cairomm-pdf-1.0.pc
config.status: creating data/cairomm-png-1.0.pc
config.status: creating data/cairomm-ps-1.0.pc
config.status: creating data/cairomm-quartz-1.0.pc
config.status: creating data/cairomm-quartz-font-1.0.pc
config.status: creating data/cairomm-quartz-image-1.0.pc
config.status: creating data/cairomm-svg-1.0.pc
config.status: creating data/cairomm-win32-1.0.pc
config.status: creating data/cairomm-win32-font-1.0.pc
config.status: creating data/cairomm-xlib-1.0.pc
config.status: creating data/cairomm-xlib-xrender-1.0.pc
config.status: creating MSVC_Net2013/cairomm/cairomm.rc
config.status: creating build/config.h
config.status: creating cairommconfig.h
config.status: executing depfiles commands
config.status: executing libtool commands
config.status: executing MSVC_Net2013/cairomm/cairommconfig.h commands
make  all-recursive
make[1]: Entering directory '/sources/7.9/cairomm-1.12.0'
Making all in cairomm
make[2]: Entering directory '/sources/7.9/cairomm-1.12.0/cairomm'
/bin/sh ../libtool  --tag=CXX   --mode=compile g++ -DHAVE_CONFIG_H   -I.. -I.. -I. -I/usr/include/sigc++-2.0 -I/usr/lib/sigc++-2.0/include -I/usr/include/cairo -I/usr/include/pixman-1 -I/usr/include/freetype2 -I/usr/include/libpng16 -I/usr/include/harfbuzz -I/usr/include/glib-2.0 -I/usr/lib/glib-2.0/include -I/usr/include/freetype2 -I/usr/include/harfbuzz -I/usr/include/glib-2.0 -I/usr/lib/glib-2.0/include -I/usr/include/libpng16  -Wall -g -O2 -std=c++11 -MT context.lo -MD -MP -MF .deps/context.Tpo -c -o context.lo context.cc
libtool: compile:  g++ -DHAVE_CONFIG_H -I.. -I.. -I. -I/usr/include/sigc++-2.0 -I/usr/lib/sigc++-2.0/include -I/usr/include/cairo -I/usr/include/pixman-1 -I/usr/include/freetype2 -I/usr/include/libpng16 -I/usr/include/harfbuzz -I/usr/include/glib-2.0 -I/usr/lib/glib-2.0/include -I/usr/include/freetype2 -I/usr/include/harfbuzz -I/usr/include/glib-2.0 -I/usr/lib/glib-2.0/include -I/usr/include/libpng16 -Wall -g -O2 -std=c++11 -MT context.lo -MD -MP -MF .deps/context.Tpo -c context.cc  -fPIC -DPIC -o .libs/context.o
mv -f .deps/context.Tpo .deps/context.Plo
/bin/sh ../libtool  --tag=CXX   --mode=compile g++ -DHAVE_CONFIG_H   -I.. -I.. -I. -I/usr/include/sigc++-2.0 -I/usr/lib/sigc++-2.0/include -I/usr/include/cairo -I/usr/include/pixman-1 -I/usr/include/freetype2 -I/usr/include/libpng16 -I/usr/include/harfbuzz -I/usr/include/glib-2.0 -I/usr/lib/glib-2.0/include -I/usr/include/freetype2 -I/usr/include/harfbuzz -I/usr/include/glib-2.0 -I/usr/lib/glib-2.0/include -I/usr/include/libpng16  -Wall -g -O2 -std=c++11 -MT context_surface_quartz.lo -MD -MP -MF .deps/context_surface_quartz.Tpo -c -o context_surface_quartz.lo context_surface_quartz.cc
libtool: compile:  g++ -DHAVE_CONFIG_H -I.. -I.. -I. -I/usr/include/sigc++-2.0 -I/usr/lib/sigc++-2.0/include -I/usr/include/cairo -I/usr/include/pixman-1 -I/usr/include/freetype2 -I/usr/include/libpng16 -I/usr/include/harfbuzz -I/usr/include/glib-2.0 -I/usr/lib/glib-2.0/include -I/usr/include/freetype2 -I/usr/include/harfbuzz -I/usr/include/glib-2.0 -I/usr/lib/glib-2.0/include -I/usr/include/libpng16 -Wall -g -O2 -std=c++11 -MT context_surface_quartz.lo -MD -MP -MF .deps/context_surface_quartz.Tpo -c context_surface_quartz.cc  -fPIC -DPIC -o .libs/context_surface_quartz.o
mv -f .deps/context_surface_quartz.Tpo .deps/context_surface_quartz.Plo
/bin/sh ../libtool  --tag=CXX   --mode=compile g++ -DHAVE_CONFIG_H   -I.. -I.. -I. -I/usr/include/sigc++-2.0 -I/usr/lib/sigc++-2.0/include -I/usr/include/cairo -I/usr/include/pixman-1 -I/usr/include/freetype2 -I/usr/include/libpng16 -I/usr/include/harfbuzz -I/usr/include/glib-2.0 -I/usr/lib/glib-2.0/include -I/usr/include/freetype2 -I/usr/include/harfbuzz -I/usr/include/glib-2.0 -I/usr/lib/glib-2.0/include -I/usr/include/libpng16  -Wall -g -O2 -std=c++11 -MT context_surface_win32.lo -MD -MP -MF .deps/context_surface_win32.Tpo -c -o context_surface_win32.lo context_surface_win32.cc
libtool: compile:  g++ -DHAVE_CONFIG_H -I.. -I.. -I. -I/usr/include/sigc++-2.0 -I/usr/lib/sigc++-2.0/include -I/usr/include/cairo -I/usr/include/pixman-1 -I/usr/include/freetype2 -I/usr/include/libpng16 -I/usr/include/harfbuzz -I/usr/include/glib-2.0 -I/usr/lib/glib-2.0/include -I/usr/include/freetype2 -I/usr/include/harfbuzz -I/usr/include/glib-2.0 -I/usr/lib/glib-2.0/include -I/usr/include/libpng16 -Wall -g -O2 -std=c++11 -MT context_surface_win32.lo -MD -MP -MF .deps/context_surface_win32.Tpo -c context_surface_win32.cc  -fPIC -DPIC -o .libs/context_surface_win32.o
mv -f .deps/context_surface_win32.Tpo .deps/context_surface_win32.Plo
/bin/sh ../libtool  --tag=CXX   --mode=compile g++ -DHAVE_CONFIG_H   -I.. -I.. -I. -I/usr/include/sigc++-2.0 -I/usr/lib/sigc++-2.0/include -I/usr/include/cairo -I/usr/include/pixman-1 -I/usr/include/freetype2 -I/usr/include/libpng16 -I/usr/include/harfbuzz -I/usr/include/glib-2.0 -I/usr/lib/glib-2.0/include -I/usr/include/freetype2 -I/usr/include/harfbuzz -I/usr/include/glib-2.0 -I/usr/lib/glib-2.0/include -I/usr/include/libpng16  -Wall -g -O2 -std=c++11 -MT context_surface_xlib.lo -MD -MP -MF .deps/context_surface_xlib.Tpo -c -o context_surface_xlib.lo context_surface_xlib.cc
libtool: compile:  g++ -DHAVE_CONFIG_H -I.. -I.. -I. -I/usr/include/sigc++-2.0 -I/usr/lib/sigc++-2.0/include -I/usr/include/cairo -I/usr/include/pixman-1 -I/usr/include/freetype2 -I/usr/include/libpng16 -I/usr/include/harfbuzz -I/usr/include/glib-2.0 -I/usr/lib/glib-2.0/include -I/usr/include/freetype2 -I/usr/include/harfbuzz -I/usr/include/glib-2.0 -I/usr/lib/glib-2.0/include -I/usr/include/libpng16 -Wall -g -O2 -std=c++11 -MT context_surface_xlib.lo -MD -MP -MF .deps/context_surface_xlib.Tpo -c context_surface_xlib.cc  -fPIC -DPIC -o .libs/context_surface_xlib.o
mv -f .deps/context_surface_xlib.Tpo .deps/context_surface_xlib.Plo
/bin/sh ../libtool  --tag=CXX   --mode=compile g++ -DHAVE_CONFIG_H   -I.. -I.. -I. -I/usr/include/sigc++-2.0 -I/usr/lib/sigc++-2.0/include -I/usr/include/cairo -I/usr/include/pixman-1 -I/usr/include/freetype2 -I/usr/include/libpng16 -I/usr/include/harfbuzz -I/usr/include/glib-2.0 -I/usr/lib/glib-2.0/include -I/usr/include/freetype2 -I/usr/include/harfbuzz -I/usr/include/glib-2.0 -I/usr/lib/glib-2.0/include -I/usr/include/libpng16  -Wall -g -O2 -std=c++11 -MT device.lo -MD -MP -MF .deps/device.Tpo -c -o device.lo device.cc
libtool: compile:  g++ -DHAVE_CONFIG_H -I.. -I.. -I. -I/usr/include/sigc++-2.0 -I/usr/lib/sigc++-2.0/include -I/usr/include/cairo -I/usr/include/pixman-1 -I/usr/include/freetype2 -I/usr/include/libpng16 -I/usr/include/harfbuzz -I/usr/include/glib-2.0 -I/usr/lib/glib-2.0/include -I/usr/include/freetype2 -I/usr/include/harfbuzz -I/usr/include/glib-2.0 -I/usr/lib/glib-2.0/include -I/usr/include/libpng16 -Wall -g -O2 -std=c++11 -MT device.lo -MD -MP -MF .deps/device.Tpo -c device.cc  -fPIC -DPIC -o .libs/device.o
mv -f .deps/device.Tpo .deps/device.Plo
/bin/sh ../libtool  --tag=CXX   --mode=compile g++ -DHAVE_CONFIG_H   -I.. -I.. -I. -I/usr/include/sigc++-2.0 -I/usr/lib/sigc++-2.0/include -I/usr/include/cairo -I/usr/include/pixman-1 -I/usr/include/freetype2 -I/usr/include/libpng16 -I/usr/include/harfbuzz -I/usr/include/glib-2.0 -I/usr/lib/glib-2.0/include -I/usr/include/freetype2 -I/usr/include/harfbuzz -I/usr/include/glib-2.0 -I/usr/lib/glib-2.0/include -I/usr/include/libpng16  -Wall -g -O2 -std=c++11 -MT exception.lo -MD -MP -MF .deps/exception.Tpo -c -o exception.lo exception.cc
libtool: compile:  g++ -DHAVE_CONFIG_H -I.. -I.. -I. -I/usr/include/sigc++-2.0 -I/usr/lib/sigc++-2.0/include -I/usr/include/cairo -I/usr/include/pixman-1 -I/usr/include/freetype2 -I/usr/include/libpng16 -I/usr/include/harfbuzz -I/usr/include/glib-2.0 -I/usr/lib/glib-2.0/include -I/usr/include/freetype2 -I/usr/include/harfbuzz -I/usr/include/glib-2.0 -I/usr/lib/glib-2.0/include -I/usr/include/libpng16 -Wall -g -O2 -std=c++11 -MT exception.lo -MD -MP -MF .deps/exception.Tpo -c exception.cc  -fPIC -DPIC -o .libs/exception.o
mv -f .deps/exception.Tpo .deps/exception.Plo
/bin/sh ../libtool  --tag=CXX   --mode=compile g++ -DHAVE_CONFIG_H   -I.. -I.. -I. -I/usr/include/sigc++-2.0 -I/usr/lib/sigc++-2.0/include -I/usr/include/cairo -I/usr/include/pixman-1 -I/usr/include/freetype2 -I/usr/include/libpng16 -I/usr/include/harfbuzz -I/usr/include/glib-2.0 -I/usr/lib/glib-2.0/include -I/usr/include/freetype2 -I/usr/include/harfbuzz -I/usr/include/glib-2.0 -I/usr/lib/glib-2.0/include -I/usr/include/libpng16  -Wall -g -O2 -std=c++11 -MT fontface.lo -MD -MP -MF .deps/fontface.Tpo -c -o fontface.lo fontface.cc
libtool: compile:  g++ -DHAVE_CONFIG_H -I.. -I.. -I. -I/usr/include/sigc++-2.0 -I/usr/lib/sigc++-2.0/include -I/usr/include/cairo -I/usr/include/pixman-1 -I/usr/include/freetype2 -I/usr/include/libpng16 -I/usr/include/harfbuzz -I/usr/include/glib-2.0 -I/usr/lib/glib-2.0/include -I/usr/include/freetype2 -I/usr/include/harfbuzz -I/usr/include/glib-2.0 -I/usr/lib/glib-2.0/include -I/usr/include/libpng16 -Wall -g -O2 -std=c++11 -MT fontface.lo -MD -MP -MF .deps/fontface.Tpo -c fontface.cc  -fPIC -DPIC -o .libs/fontface.o
mv -f .deps/fontface.Tpo .deps/fontface.Plo
/bin/sh ../libtool  --tag=CXX   --mode=compile g++ -DHAVE_CONFIG_H   -I.. -I.. -I. -I/usr/include/sigc++-2.0 -I/usr/lib/sigc++-2.0/include -I/usr/include/cairo -I/usr/include/pixman-1 -I/usr/include/freetype2 -I/usr/include/libpng16 -I/usr/include/harfbuzz -I/usr/include/glib-2.0 -I/usr/lib/glib-2.0/include -I/usr/include/freetype2 -I/usr/include/harfbuzz -I/usr/include/glib-2.0 -I/usr/lib/glib-2.0/include -I/usr/include/libpng16  -Wall -g -O2 -std=c++11 -MT fontoptions.lo -MD -MP -MF .deps/fontoptions.Tpo -c -o fontoptions.lo fontoptions.cc
libtool: compile:  g++ -DHAVE_CONFIG_H -I.. -I.. -I. -I/usr/include/sigc++-2.0 -I/usr/lib/sigc++-2.0/include -I/usr/include/cairo -I/usr/include/pixman-1 -I/usr/include/freetype2 -I/usr/include/libpng16 -I/usr/include/harfbuzz -I/usr/include/glib-2.0 -I/usr/lib/glib-2.0/include -I/usr/include/freetype2 -I/usr/include/harfbuzz -I/usr/include/glib-2.0 -I/usr/lib/glib-2.0/include -I/usr/include/libpng16 -Wall -g -O2 -std=c++11 -MT fontoptions.lo -MD -MP -MF .deps/fontoptions.Tpo -c fontoptions.cc  -fPIC -DPIC -o .libs/fontoptions.o
mv -f .deps/fontoptions.Tpo .deps/fontoptions.Plo
/bin/sh ../libtool  --tag=CXX   --mode=compile g++ -DHAVE_CONFIG_H   -I.. -I.. -I. -I/usr/include/sigc++-2.0 -I/usr/lib/sigc++-2.0/include -I/usr/include/cairo -I/usr/include/pixman-1 -I/usr/include/freetype2 -I/usr/include/libpng16 -I/usr/include/harfbuzz -I/usr/include/glib-2.0 -I/usr/lib/glib-2.0/include -I/usr/include/freetype2 -I/usr/include/harfbuzz -I/usr/include/glib-2.0 -I/usr/lib/glib-2.0/include -I/usr/include/libpng16  -Wall -g -O2 -std=c++11 -MT matrix.lo -MD -MP -MF .deps/matrix.Tpo -c -o matrix.lo matrix.cc
libtool: compile:  g++ -DHAVE_CONFIG_H -I.. -I.. -I. -I/usr/include/sigc++-2.0 -I/usr/lib/sigc++-2.0/include -I/usr/include/cairo -I/usr/include/pixman-1 -I/usr/include/freetype2 -I/usr/include/libpng16 -I/usr/include/harfbuzz -I/usr/include/glib-2.0 -I/usr/lib/glib-2.0/include -I/usr/include/freetype2 -I/usr/include/harfbuzz -I/usr/include/glib-2.0 -I/usr/lib/glib-2.0/include -I/usr/include/libpng16 -Wall -g -O2 -std=c++11 -MT matrix.lo -MD -MP -MF .deps/matrix.Tpo -c matrix.cc  -fPIC -DPIC -o .libs/matrix.o
mv -f .deps/matrix.Tpo .deps/matrix.Plo
/bin/sh ../libtool  --tag=CXX   --mode=compile g++ -DHAVE_CONFIG_H   -I.. -I.. -I. -I/usr/include/sigc++-2.0 -I/usr/lib/sigc++-2.0/include -I/usr/include/cairo -I/usr/include/pixman-1 -I/usr/include/freetype2 -I/usr/include/libpng16 -I/usr/include/harfbuzz -I/usr/include/glib-2.0 -I/usr/lib/glib-2.0/include -I/usr/include/freetype2 -I/usr/include/harfbuzz -I/usr/include/glib-2.0 -I/usr/lib/glib-2.0/include -I/usr/include/libpng16  -Wall -g -O2 -std=c++11 -MT path.lo -MD -MP -MF .deps/path.Tpo -c -o path.lo path.cc
libtool: compile:  g++ -DHAVE_CONFIG_H -I.. -I.. -I. -I/usr/include/sigc++-2.0 -I/usr/lib/sigc++-2.0/include -I/usr/include/cairo -I/usr/include/pixman-1 -I/usr/include/freetype2 -I/usr/include/libpng16 -I/usr/include/harfbuzz -I/usr/include/glib-2.0 -I/usr/lib/glib-2.0/include -I/usr/include/freetype2 -I/usr/include/harfbuzz -I/usr/include/glib-2.0 -I/usr/lib/glib-2.0/include -I/usr/include/libpng16 -Wall -g -O2 -std=c++11 -MT path.lo -MD -MP -MF .deps/path.Tpo -c path.cc  -fPIC -DPIC -o .libs/path.o
mv -f .deps/path.Tpo .deps/path.Plo
/bin/sh ../libtool  --tag=CXX   --mode=compile g++ -DHAVE_CONFIG_H   -I.. -I.. -I. -I/usr/include/sigc++-2.0 -I/usr/lib/sigc++-2.0/include -I/usr/include/cairo -I/usr/include/pixman-1 -I/usr/include/freetype2 -I/usr/include/libpng16 -I/usr/include/harfbuzz -I/usr/include/glib-2.0 -I/usr/lib/glib-2.0/include -I/usr/include/freetype2 -I/usr/include/harfbuzz -I/usr/include/glib-2.0 -I/usr/lib/glib-2.0/include -I/usr/include/libpng16  -Wall -g -O2 -std=c++11 -MT pattern.lo -MD -MP -MF .deps/pattern.Tpo -c -o pattern.lo pattern.cc
libtool: compile:  g++ -DHAVE_CONFIG_H -I.. -I.. -I. -I/usr/include/sigc++-2.0 -I/usr/lib/sigc++-2.0/include -I/usr/include/cairo -I/usr/include/pixman-1 -I/usr/include/freetype2 -I/usr/include/libpng16 -I/usr/include/harfbuzz -I/usr/include/glib-2.0 -I/usr/lib/glib-2.0/include -I/usr/include/freetype2 -I/usr/include/harfbuzz -I/usr/include/glib-2.0 -I/usr/lib/glib-2.0/include -I/usr/include/libpng16 -Wall -g -O2 -std=c++11 -MT pattern.lo -MD -MP -MF .deps/pattern.Tpo -c pattern.cc  -fPIC -DPIC -o .libs/pattern.o
mv -f .deps/pattern.Tpo .deps/pattern.Plo
/bin/sh ../libtool  --tag=CXX   --mode=compile g++ -DHAVE_CONFIG_H   -I.. -I.. -I. -I/usr/include/sigc++-2.0 -I/usr/lib/sigc++-2.0/include -I/usr/include/cairo -I/usr/include/pixman-1 -I/usr/include/freetype2 -I/usr/include/libpng16 -I/usr/include/harfbuzz -I/usr/include/glib-2.0 -I/usr/lib/glib-2.0/include -I/usr/include/freetype2 -I/usr/include/harfbuzz -I/usr/include/glib-2.0 -I/usr/lib/glib-2.0/include -I/usr/include/libpng16  -Wall -g -O2 -std=c++11 -MT private.lo -MD -MP -MF .deps/private.Tpo -c -o private.lo private.cc
libtool: compile:  g++ -DHAVE_CONFIG_H -I.. -I.. -I. -I/usr/include/sigc++-2.0 -I/usr/lib/sigc++-2.0/include -I/usr/include/cairo -I/usr/include/pixman-1 -I/usr/include/freetype2 -I/usr/include/libpng16 -I/usr/include/harfbuzz -I/usr/include/glib-2.0 -I/usr/lib/glib-2.0/include -I/usr/include/freetype2 -I/usr/include/harfbuzz -I/usr/include/glib-2.0 -I/usr/lib/glib-2.0/include -I/usr/include/libpng16 -Wall -g -O2 -std=c++11 -MT private.lo -MD -MP -MF .deps/private.Tpo -c private.cc  -fPIC -DPIC -o .libs/private.o
mv -f .deps/private.Tpo .deps/private.Plo
/bin/sh ../libtool  --tag=CXX   --mode=compile g++ -DHAVE_CONFIG_H   -I.. -I.. -I. -I/usr/include/sigc++-2.0 -I/usr/lib/sigc++-2.0/include -I/usr/include/cairo -I/usr/include/pixman-1 -I/usr/include/freetype2 -I/usr/include/libpng16 -I/usr/include/harfbuzz -I/usr/include/glib-2.0 -I/usr/lib/glib-2.0/include -I/usr/include/freetype2 -I/usr/include/harfbuzz -I/usr/include/glib-2.0 -I/usr/lib/glib-2.0/include -I/usr/include/libpng16  -Wall -g -O2 -std=c++11 -MT quartz_font.lo -MD -MP -MF .deps/quartz_font.Tpo -c -o quartz_font.lo quartz_font.cc
libtool: compile:  g++ -DHAVE_CONFIG_H -I.. -I.. -I. -I/usr/include/sigc++-2.0 -I/usr/lib/sigc++-2.0/include -I/usr/include/cairo -I/usr/include/pixman-1 -I/usr/include/freetype2 -I/usr/include/libpng16 -I/usr/include/harfbuzz -I/usr/include/glib-2.0 -I/usr/lib/glib-2.0/include -I/usr/include/freetype2 -I/usr/include/harfbuzz -I/usr/include/glib-2.0 -I/usr/lib/glib-2.0/include -I/usr/include/libpng16 -Wall -g -O2 -std=c++11 -MT quartz_font.lo -MD -MP -MF .deps/quartz_font.Tpo -c quartz_font.cc  -fPIC -DPIC -o .libs/quartz_font.o
mv -f .deps/quartz_font.Tpo .deps/quartz_font.Plo
/bin/sh ../libtool  --tag=CXX   --mode=compile g++ -DHAVE_CONFIG_H   -I.. -I.. -I. -I/usr/include/sigc++-2.0 -I/usr/lib/sigc++-2.0/include -I/usr/include/cairo -I/usr/include/pixman-1 -I/usr/include/freetype2 -I/usr/include/libpng16 -I/usr/include/harfbuzz -I/usr/include/glib-2.0 -I/usr/lib/glib-2.0/include -I/usr/include/freetype2 -I/usr/include/harfbuzz -I/usr/include/glib-2.0 -I/usr/lib/glib-2.0/include -I/usr/include/libpng16  -Wall -g -O2 -std=c++11 -MT quartz_surface.lo -MD -MP -MF .deps/quartz_surface.Tpo -c -o quartz_surface.lo quartz_surface.cc
libtool: compile:  g++ -DHAVE_CONFIG_H -I.. -I.. -I. -I/usr/include/sigc++-2.0 -I/usr/lib/sigc++-2.0/include -I/usr/include/cairo -I/usr/include/pixman-1 -I/usr/include/freetype2 -I/usr/include/libpng16 -I/usr/include/harfbuzz -I/usr/include/glib-2.0 -I/usr/lib/glib-2.0/include -I/usr/include/freetype2 -I/usr/include/harfbuzz -I/usr/include/glib-2.0 -I/usr/lib/glib-2.0/include -I/usr/include/libpng16 -Wall -g -O2 -std=c++11 -MT quartz_surface.lo -MD -MP -MF .deps/quartz_surface.Tpo -c quartz_surface.cc  -fPIC -DPIC -o .libs/quartz_surface.o
mv -f .deps/quartz_surface.Tpo .deps/quartz_surface.Plo
/bin/sh ../libtool  --tag=CXX   --mode=compile g++ -DHAVE_CONFIG_H   -I.. -I.. -I. -I/usr/include/sigc++-2.0 -I/usr/lib/sigc++-2.0/include -I/usr/include/cairo -I/usr/include/pixman-1 -I/usr/include/freetype2 -I/usr/include/libpng16 -I/usr/include/harfbuzz -I/usr/include/glib-2.0 -I/usr/lib/glib-2.0/include -I/usr/include/freetype2 -I/usr/include/harfbuzz -I/usr/include/glib-2.0 -I/usr/lib/glib-2.0/include -I/usr/include/libpng16  -Wall -g -O2 -std=c++11 -MT region.lo -MD -MP -MF .deps/region.Tpo -c -o region.lo region.cc
libtool: compile:  g++ -DHAVE_CONFIG_H -I.. -I.. -I. -I/usr/include/sigc++-2.0 -I/usr/lib/sigc++-2.0/include -I/usr/include/cairo -I/usr/include/pixman-1 -I/usr/include/freetype2 -I/usr/include/libpng16 -I/usr/include/harfbuzz -I/usr/include/glib-2.0 -I/usr/lib/glib-2.0/include -I/usr/include/freetype2 -I/usr/include/harfbuzz -I/usr/include/glib-2.0 -I/usr/lib/glib-2.0/include -I/usr/include/libpng16 -Wall -g -O2 -std=c++11 -MT region.lo -MD -MP -MF .deps/region.Tpo -c region.cc  -fPIC -DPIC -o .libs/region.o
mv -f .deps/region.Tpo .deps/region.Plo
/bin/sh ../libtool  --tag=CXX   --mode=compile g++ -DHAVE_CONFIG_H   -I.. -I.. -I. -I/usr/include/sigc++-2.0 -I/usr/lib/sigc++-2.0/include -I/usr/include/cairo -I/usr/include/pixman-1 -I/usr/include/freetype2 -I/usr/include/libpng16 -I/usr/include/harfbuzz -I/usr/include/glib-2.0 -I/usr/lib/glib-2.0/include -I/usr/include/freetype2 -I/usr/include/harfbuzz -I/usr/include/glib-2.0 -I/usr/lib/glib-2.0/include -I/usr/include/libpng16  -Wall -g -O2 -std=c++11 -MT scaledfont.lo -MD -MP -MF .deps/scaledfont.Tpo -c -o scaledfont.lo scaledfont.cc
libtool: compile:  g++ -DHAVE_CONFIG_H -I.. -I.. -I. -I/usr/include/sigc++-2.0 -I/usr/lib/sigc++-2.0/include -I/usr/include/cairo -I/usr/include/pixman-1 -I/usr/include/freetype2 -I/usr/include/libpng16 -I/usr/include/harfbuzz -I/usr/include/glib-2.0 -I/usr/lib/glib-2.0/include -I/usr/include/freetype2 -I/usr/include/harfbuzz -I/usr/include/glib-2.0 -I/usr/lib/glib-2.0/include -I/usr/include/libpng16 -Wall -g -O2 -std=c++11 -MT scaledfont.lo -MD -MP -MF .deps/scaledfont.Tpo -c scaledfont.cc  -fPIC -DPIC -o .libs/scaledfont.o
mv -f .deps/scaledfont.Tpo .deps/scaledfont.Plo
/bin/sh ../libtool  --tag=CXX   --mode=compile g++ -DHAVE_CONFIG_H   -I.. -I.. -I. -I/usr/include/sigc++-2.0 -I/usr/lib/sigc++-2.0/include -I/usr/include/cairo -I/usr/include/pixman-1 -I/usr/include/freetype2 -I/usr/include/libpng16 -I/usr/include/harfbuzz -I/usr/include/glib-2.0 -I/usr/lib/glib-2.0/include -I/usr/include/freetype2 -I/usr/include/harfbuzz -I/usr/include/glib-2.0 -I/usr/lib/glib-2.0/include -I/usr/include/libpng16  -Wall -g -O2 -std=c++11 -MT script.lo -MD -MP -MF .deps/script.Tpo -c -o script.lo script.cc
libtool: compile:  g++ -DHAVE_CONFIG_H -I.. -I.. -I. -I/usr/include/sigc++-2.0 -I/usr/lib/sigc++-2.0/include -I/usr/include/cairo -I/usr/include/pixman-1 -I/usr/include/freetype2 -I/usr/include/libpng16 -I/usr/include/harfbuzz -I/usr/include/glib-2.0 -I/usr/lib/glib-2.0/include -I/usr/include/freetype2 -I/usr/include/harfbuzz -I/usr/include/glib-2.0 -I/usr/lib/glib-2.0/include -I/usr/include/libpng16 -Wall -g -O2 -std=c++11 -MT script.lo -MD -MP -MF .deps/script.Tpo -c script.cc  -fPIC -DPIC -o .libs/script.o
mv -f .deps/script.Tpo .deps/script.Plo
/bin/sh ../libtool  --tag=CXX   --mode=compile g++ -DHAVE_CONFIG_H   -I.. -I.. -I. -I/usr/include/sigc++-2.0 -I/usr/lib/sigc++-2.0/include -I/usr/include/cairo -I/usr/include/pixman-1 -I/usr/include/freetype2 -I/usr/include/libpng16 -I/usr/include/harfbuzz -I/usr/include/glib-2.0 -I/usr/lib/glib-2.0/include -I/usr/include/freetype2 -I/usr/include/harfbuzz -I/usr/include/glib-2.0 -I/usr/lib/glib-2.0/include -I/usr/include/libpng16  -Wall -g -O2 -std=c++11 -MT script_surface.lo -MD -MP -MF .deps/script_surface.Tpo -c -o script_surface.lo script_surface.cc
libtool: compile:  g++ -DHAVE_CONFIG_H -I.. -I.. -I. -I/usr/include/sigc++-2.0 -I/usr/lib/sigc++-2.0/include -I/usr/include/cairo -I/usr/include/pixman-1 -I/usr/include/freetype2 -I/usr/include/libpng16 -I/usr/include/harfbuzz -I/usr/include/glib-2.0 -I/usr/lib/glib-2.0/include -I/usr/include/freetype2 -I/usr/include/harfbuzz -I/usr/include/glib-2.0 -I/usr/lib/glib-2.0/include -I/usr/include/libpng16 -Wall -g -O2 -std=c++11 -MT script_surface.lo -MD -MP -MF .deps/script_surface.Tpo -c script_surface.cc  -fPIC -DPIC -o .libs/script_surface.o
mv -f .deps/script_surface.Tpo .deps/script_surface.Plo
/bin/sh ../libtool  --tag=CXX   --mode=compile g++ -DHAVE_CONFIG_H   -I.. -I.. -I. -I/usr/include/sigc++-2.0 -I/usr/lib/sigc++-2.0/include -I/usr/include/cairo -I/usr/include/pixman-1 -I/usr/include/freetype2 -I/usr/include/libpng16 -I/usr/include/harfbuzz -I/usr/include/glib-2.0 -I/usr/lib/glib-2.0/include -I/usr/include/freetype2 -I/usr/include/harfbuzz -I/usr/include/glib-2.0 -I/usr/lib/glib-2.0/include -I/usr/include/libpng16  -Wall -g -O2 -std=c++11 -MT surface.lo -MD -MP -MF .deps/surface.Tpo -c -o surface.lo surface.cc
libtool: compile:  g++ -DHAVE_CONFIG_H -I.. -I.. -I. -I/usr/include/sigc++-2.0 -I/usr/lib/sigc++-2.0/include -I/usr/include/cairo -I/usr/include/pixman-1 -I/usr/include/freetype2 -I/usr/include/libpng16 -I/usr/include/harfbuzz -I/usr/include/glib-2.0 -I/usr/lib/glib-2.0/include -I/usr/include/freetype2 -I/usr/include/harfbuzz -I/usr/include/glib-2.0 -I/usr/lib/glib-2.0/include -I/usr/include/libpng16 -Wall -g -O2 -std=c++11 -MT surface.lo -MD -MP -MF .deps/surface.Tpo -c surface.cc  -fPIC -DPIC -o .libs/surface.o
mv -f .deps/surface.Tpo .deps/surface.Plo
/bin/sh ../libtool  --tag=CXX   --mode=compile g++ -DHAVE_CONFIG_H   -I.. -I.. -I. -I/usr/include/sigc++-2.0 -I/usr/lib/sigc++-2.0/include -I/usr/include/cairo -I/usr/include/pixman-1 -I/usr/include/freetype2 -I/usr/include/libpng16 -I/usr/include/harfbuzz -I/usr/include/glib-2.0 -I/usr/lib/glib-2.0/include -I/usr/include/freetype2 -I/usr/include/harfbuzz -I/usr/include/glib-2.0 -I/usr/lib/glib-2.0/include -I/usr/include/libpng16  -Wall -g -O2 -std=c++11 -MT win32_font.lo -MD -MP -MF .deps/win32_font.Tpo -c -o win32_font.lo win32_font.cc
libtool: compile:  g++ -DHAVE_CONFIG_H -I.. -I.. -I. -I/usr/include/sigc++-2.0 -I/usr/lib/sigc++-2.0/include -I/usr/include/cairo -I/usr/include/pixman-1 -I/usr/include/freetype2 -I/usr/include/libpng16 -I/usr/include/harfbuzz -I/usr/include/glib-2.0 -I/usr/lib/glib-2.0/include -I/usr/include/freetype2 -I/usr/include/harfbuzz -I/usr/include/glib-2.0 -I/usr/lib/glib-2.0/include -I/usr/include/libpng16 -Wall -g -O2 -std=c++11 -MT win32_font.lo -MD -MP -MF .deps/win32_font.Tpo -c win32_font.cc  -fPIC -DPIC -o .libs/win32_font.o
mv -f .deps/win32_font.Tpo .deps/win32_font.Plo
/bin/sh ../libtool  --tag=CXX   --mode=compile g++ -DHAVE_CONFIG_H   -I.. -I.. -I. -I/usr/include/sigc++-2.0 -I/usr/lib/sigc++-2.0/include -I/usr/include/cairo -I/usr/include/pixman-1 -I/usr/include/freetype2 -I/usr/include/libpng16 -I/usr/include/harfbuzz -I/usr/include/glib-2.0 -I/usr/lib/glib-2.0/include -I/usr/include/freetype2 -I/usr/include/harfbuzz -I/usr/include/glib-2.0 -I/usr/lib/glib-2.0/include -I/usr/include/libpng16  -Wall -g -O2 -std=c++11 -MT win32_surface.lo -MD -MP -MF .deps/win32_surface.Tpo -c -o win32_surface.lo win32_surface.cc
libtool: compile:  g++ -DHAVE_CONFIG_H -I.. -I.. -I. -I/usr/include/sigc++-2.0 -I/usr/lib/sigc++-2.0/include -I/usr/include/cairo -I/usr/include/pixman-1 -I/usr/include/freetype2 -I/usr/include/libpng16 -I/usr/include/harfbuzz -I/usr/include/glib-2.0 -I/usr/lib/glib-2.0/include -I/usr/include/freetype2 -I/usr/include/harfbuzz -I/usr/include/glib-2.0 -I/usr/lib/glib-2.0/include -I/usr/include/libpng16 -Wall -g -O2 -std=c++11 -MT win32_surface.lo -MD -MP -MF .deps/win32_surface.Tpo -c win32_surface.cc  -fPIC -DPIC -o .libs/win32_surface.o
mv -f .deps/win32_surface.Tpo .deps/win32_surface.Plo
/bin/sh ../libtool  --tag=CXX   --mode=compile g++ -DHAVE_CONFIG_H   -I.. -I.. -I. -I/usr/include/sigc++-2.0 -I/usr/lib/sigc++-2.0/include -I/usr/include/cairo -I/usr/include/pixman-1 -I/usr/include/freetype2 -I/usr/include/libpng16 -I/usr/include/harfbuzz -I/usr/include/glib-2.0 -I/usr/lib/glib-2.0/include -I/usr/include/freetype2 -I/usr/include/harfbuzz -I/usr/include/glib-2.0 -I/usr/lib/glib-2.0/include -I/usr/include/libpng16  -Wall -g -O2 -std=c++11 -MT xlib_surface.lo -MD -MP -MF .deps/xlib_surface.Tpo -c -o xlib_surface.lo xlib_surface.cc
libtool: compile:  g++ -DHAVE_CONFIG_H -I.. -I.. -I. -I/usr/include/sigc++-2.0 -I/usr/lib/sigc++-2.0/include -I/usr/include/cairo -I/usr/include/pixman-1 -I/usr/include/freetype2 -I/usr/include/libpng16 -I/usr/include/harfbuzz -I/usr/include/glib-2.0 -I/usr/lib/glib-2.0/include -I/usr/include/freetype2 -I/usr/include/harfbuzz -I/usr/include/glib-2.0 -I/usr/lib/glib-2.0/include -I/usr/include/libpng16 -Wall -g -O2 -std=c++11 -MT xlib_surface.lo -MD -MP -MF .deps/xlib_surface.Tpo -c xlib_surface.cc  -fPIC -DPIC -o .libs/xlib_surface.o
mv -f .deps/xlib_surface.Tpo .deps/xlib_surface.Plo
/bin/sh ../libtool  --tag=CXX   --mode=link g++ -Wall -g -O2 -std=c++11 -no-undefined -version-info 5:0:4  -o libcairomm-1.0.la -rpath /usr/lib context.lo context_surface_quartz.lo context_surface_win32.lo context_surface_xlib.lo device.lo exception.lo fontface.lo fontoptions.lo matrix.lo path.lo pattern.lo private.lo quartz_font.lo quartz_surface.lo region.lo scaledfont.lo script.lo script_surface.lo surface.lo win32_font.lo win32_surface.lo xlib_surface.lo  -lsigc-2.0 -lfreetype -lz -lpng16 -lz -lcairo -lXext -lXrender -lX11 
libtool: link: g++  -fPIC -DPIC -shared -nostdlib /usr/lib/gcc/x86_64-unknown-linux-gnu/5.3.0/../../../../lib64/crti.o /usr/lib/gcc/x86_64-unknown-linux-gnu/5.3.0/crtbeginS.o  .libs/context.o .libs/context_surface_quartz.o .libs/context_surface_win32.o .libs/context_surface_xlib.o .libs/device.o .libs/exception.o .libs/fontface.o .libs/fontoptions.o .libs/matrix.o .libs/path.o .libs/pattern.o .libs/private.o .libs/quartz_font.o .libs/quartz_surface.o .libs/region.o .libs/scaledfont.o .libs/script.o .libs/script_surface.o .libs/surface.o .libs/win32_font.o .libs/win32_surface.o .libs/xlib_surface.o   -Wl,-rpath -Wl,/usr/lib/../lib64 -Wl,-rpath -Wl,/usr/lib/../lib64 /usr/lib/libsigc-2.0.so /usr/lib/libfreetype.so /usr/lib/libpng16.so -lz /usr/lib/libcairo.so /usr/lib/libXext.so /usr/lib/libXrender.so /usr/lib/libX11.so -L/usr/lib/gcc/x86_64-unknown-linux-gnu/5.3.0 -L/usr/lib/gcc/x86_64-unknown-linux-gnu/5.3.0/../../../../lib64 -L/lib/../lib64 -L/usr/lib/../lib64 -L/usr/lib/gcc/x86_64-unknown-linux-gnu/5.3.0/../../.. /usr/lib/../lib64/libstdc++.so -lm -lc -lgcc_s /usr/lib/gcc/x86_64-unknown-linux-gnu/5.3.0/crtendS.o /usr/lib/gcc/x86_64-unknown-linux-gnu/5.3.0/../../../../lib64/crtn.o  -O2   -pthread -Wl,-soname -Wl,libcairomm-1.0.so.1 -o .libs/libcairomm-1.0.so.1.4.0
libtool: link: (cd ".libs" && rm -f "libcairomm-1.0.so.1" && ln -s "libcairomm-1.0.so.1.4.0" "libcairomm-1.0.so.1")
libtool: link: (cd ".libs" && rm -f "libcairomm-1.0.so" && ln -s "libcairomm-1.0.so.1.4.0" "libcairomm-1.0.so")
libtool: link: ( cd ".libs" && rm -f "libcairomm-1.0.la" && ln -s "../libcairomm-1.0.la" "libcairomm-1.0.la" )
make[2]: Leaving directory '/sources/7.9/cairomm-1.12.0/cairomm'
Making all in examples
make[2]: Entering directory '/sources/7.9/cairomm-1.12.0/examples'
make[2]: Nothing to be done for 'all'.
make[2]: Leaving directory '/sources/7.9/cairomm-1.12.0/examples'
Making all in tests
make[2]: Entering directory '/sources/7.9/cairomm-1.12.0/tests'
make[2]: Nothing to be done for 'all'.
make[2]: Leaving directory '/sources/7.9/cairomm-1.12.0/tests'
Making all in docs
make[2]: Entering directory '/sources/7.9/cairomm-1.12.0/docs'
make[2]: Nothing to be done for 'all'.
make[2]: Leaving directory '/sources/7.9/cairomm-1.12.0/docs'
make[2]: Entering directory '/sources/7.9/cairomm-1.12.0'
make[2]: Leaving directory '/sources/7.9/cairomm-1.12.0'
make[1]: Leaving directory '/sources/7.9/cairomm-1.12.0'
Making install in cairomm
make[1]: Entering directory '/sources/7.9/cairomm-1.12.0/cairomm'
make[2]: Entering directory '/sources/7.9/cairomm-1.12.0/cairomm'
 /bin/mkdir -p '/usr/lib'
 /bin/sh ../libtool   --mode=install /usr/bin/install -c   libcairomm-1.0.la '/usr/lib'
libtool: install: /usr/bin/install -c .libs/libcairomm-1.0.so.1.4.0 /usr/lib/libcairomm-1.0.so.1.4.0
libtool: install: (cd /usr/lib && { ln -s -f libcairomm-1.0.so.1.4.0 libcairomm-1.0.so.1 || { rm -f libcairomm-1.0.so.1 && ln -s libcairomm-1.0.so.1.4.0 libcairomm-1.0.so.1; }; })
libtool: install: (cd /usr/lib && { ln -s -f libcairomm-1.0.so.1.4.0 libcairomm-1.0.so || { rm -f libcairomm-1.0.so && ln -s libcairomm-1.0.so.1.4.0 libcairomm-1.0.so; }; })
libtool: install: /usr/bin/install -c .libs/libcairomm-1.0.lai /usr/lib/libcairomm-1.0.la
libtool: finish: PATH="/bin:/usr/ucb:/usr/bin:/usr/sbin:/sbin:/usr/etc:/etc:/sbin" ldconfig -n /usr/lib
----------------------------------------------------------------------
Libraries have been installed in:
   /usr/lib

If you ever happen to want to link against installed libraries
in a given directory, LIBDIR, you must either use libtool, and
specify the full pathname of the library, or use the `-LLIBDIR'
flag during linking and do at least one of the following:
   - add LIBDIR to the `LD_LIBRARY_PATH' environment variable
     during execution
   - add LIBDIR to the `LD_RUN_PATH' environment variable
     during linking
   - use the `-Wl,-rpath -Wl,LIBDIR' linker flag
   - have your system administrator add LIBDIR to `/etc/ld.so.conf'

See any operating system documentation about shared libraries for
more information, such as the ld(1) and ld.so(8) manual pages.
----------------------------------------------------------------------
 /bin/mkdir -p '/usr/include/cairomm-1.0/cairomm'
 /usr/bin/install -c -m 644 cairomm.h context.h device.h enums.h exception.h fontface.h fontoptions.h matrix.h path.h pattern.h quartz_font.h quartz_surface.h refptr.h region.h scaledfont.h script.h script_surface.h surface.h types.h win32_font.h win32_surface.h xlib_surface.h '/usr/include/cairomm-1.0/cairomm'
make[2]: Leaving directory '/sources/7.9/cairomm-1.12.0/cairomm'
make[1]: Leaving directory '/sources/7.9/cairomm-1.12.0/cairomm'
Making install in examples
make[1]: Entering directory '/sources/7.9/cairomm-1.12.0/examples'
make[2]: Entering directory '/sources/7.9/cairomm-1.12.0/examples'
make[2]: Nothing to be done for 'install-exec-am'.
make[2]: Nothing to be done for 'install-data-am'.
make[2]: Leaving directory '/sources/7.9/cairomm-1.12.0/examples'
make[1]: Leaving directory '/sources/7.9/cairomm-1.12.0/examples'
Making install in tests
make[1]: Entering directory '/sources/7.9/cairomm-1.12.0/tests'
make[2]: Entering directory '/sources/7.9/cairomm-1.12.0/tests'
make[2]: Nothing to be done for 'install-exec-am'.
make[2]: Nothing to be done for 'install-data-am'.
make[2]: Leaving directory '/sources/7.9/cairomm-1.12.0/tests'
make[1]: Leaving directory '/sources/7.9/cairomm-1.12.0/tests'
Making install in docs
make[1]: Entering directory '/sources/7.9/cairomm-1.12.0/docs'
make[2]: Entering directory '/sources/7.9/cairomm-1.12.0/docs'
make[2]: Nothing to be done for 'install-exec-am'.
/bin/mkdir -p '/usr/share/doc/cairomm-1.12.0/reference/html'
/usr/bin/perl -- "../docs/doc-install.pl" --verbose --mode=0644 -l 'libsigc++-2.0.tag@../../../libsigc++-2.0/reference/html/' -t '/usr/share/doc/cairomm-1.12.0/reference/html' --glob -- 'reference/html/*.css' 'reference/html/*.gif' 'reference/html/*.html' 'reference/html/*.js' 'reference/html/*.png'
doc-install: Using base path ../../../libsigc++-2.0/reference/html/ for tag file libsigc++-2.0.tag
doc-install: Copying tabs.css
doc-install: Copying doxygen.css
doc-install: Translating pages.html (no references)
doc-install: Translating functions_p.html (no references)
doc-install: Translating classCairo_1_1XlibSurface-members.html (no references)
doc-install: Translating classCairo_1_1logic__error-members.html (rewrote 0 of 2 references)
doc-install: Translating functions_b.html (no references)
doc-install: Translating namespacemembers_eval.html (no references)
doc-install: Translating classCairo_1_1PsSurface-members.html (no references)
doc-install: Translating classCairo_1_1Matrix-members.html (no references)
doc-install: Translating functions_h.html (no references)
doc-install: Translating annotated.html (no references)
doc-install: Translating classCairo_1_1LinearGradient.html (rewrote 0 of 1 references)
doc-install: Translating classCairo_1_1QuartzSurface.html (rewrote 3 of 7 references)
doc-install: Translating namespacemembers_func.html (no references)
doc-install: Translating functions_e.html (no references)
doc-install: Translating functions_t.html (no references)
doc-install: Translating classCairo_1_1UserFontFace-members.html (no references)
doc-install: Translating functions_func_g.html (no references)
doc-install: Translating classCairo_1_1Win32PrintingSurface-members.html (no references)
doc-install: Translating functions_func_h.html (no references)
doc-install: Translating classCairo_1_1Context.html (rewrote 0 of 35 references)
doc-install: Translating functions_f.html (no references)
doc-install: Translating functions_m.html (no references)
doc-install: Translating classCairo_1_1LinearGradient-members.html (no references)
doc-install: Translating classlu__counter__policy__base.html (no references)
doc-install: Translating classCairo_1_1SolidPattern-members.html (no references)
doc-install: Translating functions_func_v.html (no references)
doc-install: Translating classCairo_1_1ScaledFont.html (rewrote 0 of 14 references)
doc-install: Translating classCairo_1_1Surface-members.html (no references)
doc-install: Translating hierarchy.html (rewrote 0 of 2 references)
doc-install: Translating classCairo_1_1Surface.html (rewrote 6 of 14 references)
doc-install: Translating classCairo_1_1SurfacePattern.html (no references)
doc-install: Translating classCairo_1_1FontOptions.html (no references)
doc-install: Translating classCairo_1_1Pattern.html (no references)
doc-install: Translating classCairo_1_1ToyFontFace-members.html (no references)
doc-install: Translating dir_bb3f961a6e48ec963ccb871d16b6e3d7.html (no references)
doc-install: Translating classCairo_1_1SvgSurface-members.html (no references)
doc-install: Translating classCairo_1_1Path-members.html (no references)
doc-install: Translating functions_w.html (no references)
doc-install: Translating user-font_8cc-example.html (rewrote 0 of 5 references)
doc-install: Translating classCairo_1_1Context-members.html (no references)
doc-install: Translating functions_x.html (no references)
doc-install: Translating classCairo_1_1RadialGradient-members.html (no references)
doc-install: Translating classCairo_1_1QuartzFontFace.html (no references)
doc-install: Translating svg-surface_8cc-example.html (rewrote 0 of 3 references)
doc-install: Translating functions_func_w.html (no references)
doc-install: Translating index.html (no references)
doc-install: Translating classCairo_1_1ImageSurface-members.html (no references)
doc-install: Translating classCairo_1_1FtFontFace.html (no references)
doc-install: Translating classCairo_1_1XlibSurface.html (rewrote 3 of 7 references)
doc-install: Translating classCairo_1_1GlitzSurface-members.html (no references)
doc-install: Translating toy-text_8cc-example.html (no references)
doc-install: Translating functions_o.html (no references)
doc-install: Translating functions_d.html (no references)
doc-install: Translating functions_func_t.html (no references)
doc-install: Translating structCairo_1_1ColorStop-members.html (no references)
doc-install: Translating classCairo_1_1Matrix.html (no references)
doc-install: Translating classCairo_1_1PdfSurface-members.html (no references)
doc-install: Translating classCairo_1_1ImageSurface.html (rewrote 3 of 11 references)
doc-install: Translating functions_s.html (no references)
doc-install: Translating classCairo_1_1QuartzSurface-members.html (no references)
doc-install: Translating functions_func_p.html (no references)
doc-install: Translating functions_func_~.html (no references)
doc-install: Translating classCairo_1_1Device-members.html (no references)
doc-install: Translating namespaceCairo.html (no references)
doc-install: Translating classCairo_1_1ToyFontFace.html (rewrote 0 of 6 references)
doc-install: Translating classCairo_1_1Win32ScaledFont-members.html (no references)
doc-install: Translating functions_func_f.html (no references)
doc-install: Translating ps-surface_8cc-example.html (rewrote 0 of 3 references)
doc-install: Translating functions_func_i.html (no references)
doc-install: Translating classcairo__matrix__t.html (no references)
doc-install: Translating classCairo_1_1Gradient.html (rewrote 0 of 2 references)
doc-install: Translating classCairo_1_1FontOptions-members.html (no references)
doc-install: Translating classCairo_1_1Path.html (no references)
doc-install: Translating classCairo_1_1GlitzSurface.html (rewrote 3 of 7 references)
doc-install: Translating functions_l.html (no references)
doc-install: Translating functions_r.html (no references)
doc-install: Translating classCairo_1_1PsSurface.html (rewrote 3 of 15 references)
doc-install: Translating classCairo_1_1logic__error.html (rewrote 0 of 4 references)
doc-install: Translating classCairo_1_1ScaledFont-members.html (no references)
doc-install: Translating classCairo_1_1Win32Surface.html (rewrote 3 of 7 references)
doc-install: Translating inherits.html (rewrote 0 of 2 references)
doc-install: Translating namespacemembers.html (no references)
doc-install: Translating functions_func_e.html (no references)
doc-install: Translating classCairo_1_1Region.html (rewrote 0 of 3 references)
doc-install: Translating classCairo_1_1Win32PrintingSurface.html (rewrote 3 of 7 references)
doc-install: Translating functions_func_d.html (no references)
doc-install: Translating classCairo_1_1FtFontFace-members.html (no references)
doc-install: Translating classCairo_1_1RefPtr-members.html (no references)
doc-install: Translating functions_func_o.html (no references)
doc-install: Translating classCairo_1_1SvgSurface.html (rewrote 3 of 13 references)
doc-install: Translating functions_q.html (no references)
doc-install: Translating classCairo_1_1FtScaledFont.html (rewrote 0 of 7 references)
doc-install: Translating structCairo_1_1ColorStop.html (no references)
doc-install: Translating classCairo_1_1Device.html (no references)
doc-install: Translating classCairo_1_1RefPtr.html (rewrote 0 of 1 references)
doc-install: Translating deprecated.html (rewrote 0 of 1 references)
doc-install: Translating functions_func.html (no references)
doc-install: Translating classCairo_1_1FtScaledFont-members.html (no references)
doc-install: Translating classCairo_1_1UserFontFace.html (rewrote 0 of 6 references)
doc-install: Translating classCairo_1_1Region-members.html (no references)
doc-install: Translating image-surface_8cc-example.html (rewrote 0 of 3 references)
doc-install: Translating classCairo_1_1SurfacePattern-members.html (no references)
doc-install: Translating classCairo_1_1Win32FontFace.html (no references)
doc-install: Translating functions_func_c.html (no references)
doc-install: Translating classCairo_1_1FontFace.html (no references)
doc-install: Translating classCairo_1_1Win32ScaledFont.html (rewrote 0 of 7 references)
doc-install: Translating functions_c.html (no references)
doc-install: Translating functions_~.html (no references)
doc-install: Translating classCairo_1_1SolidPattern.html (no references)
doc-install: Translating functions_v.html (no references)
doc-install: Translating classCairo_1_1Device_1_1Lock.html (rewrote 0 of 1 references)
doc-install: Translating classCairo_1_1FontFace-members.html (no references)
doc-install: Translating namespaces.html (no references)
doc-install: Translating classCairo_1_1RadialGradient.html (rewrote 0 of 1 references)
doc-install: Translating classCairo_1_1Win32Surface-members.html (no references)
doc-install: Translating functions_func_m.html (no references)
doc-install: Translating classes.html (no references)
doc-install: Translating functions_func_b.html (no references)
doc-install: Translating namespacemembers_type.html (no references)
doc-install: Translating functions.html (no references)
doc-install: Translating functions_vars.html (no references)
doc-install: Translating pdf-surface_8cc-example.html (rewrote 0 of 3 references)
doc-install: Translating classCairo_1_1Win32FontFace-members.html (no references)
doc-install: Translating functions_u.html (no references)
doc-install: Translating functions_func_x.html (no references)
doc-install: Translating classCairo_1_1Device_1_1Lock-members.html (no references)
doc-install: Translating functions_i.html (no references)
doc-install: Translating classCairo_1_1Gradient-members.html (no references)
doc-install: Translating functions_func_q.html (no references)
doc-install: Translating classhash__load__check__resize__trigger__size__base.html (no references)
doc-install: Translating examples.html (no references)
doc-install: Translating namespacemembers_enum.html (no references)
doc-install: Translating classCairo_1_1QuartzFontFace-members.html (no references)
doc-install: Translating functions_func_r.html (no references)
doc-install: Translating graph_legend.html (no references)
doc-install: Translating functions_type.html (no references)
doc-install: Translating classCairo_1_1PdfSurface.html (rewrote 3 of 13 references)
doc-install: Translating functions_g.html (no references)
doc-install: Translating functions_func_s.html (no references)
doc-install: Translating functions_func_u.html (no references)
doc-install: Translating functions_func_l.html (no references)
doc-install: Translating classCairo_1_1Pattern-members.html (no references)
doc-install: Copying jquery.js
doc-install: Copying dynsections.js
doc-install: Copying classCairo_1_1Win32PrintingSurface__inherit__graph.png
doc-install: Copying inherit_graph_8.png
doc-install: Copying classCairo_1_1GlitzSurface__inherit__graph.png
doc-install: Copying nav_g.png
doc-install: Copying sync_off.png
doc-install: Copying classCairo_1_1Win32FontFace__inherit__graph.png
doc-install: Copying arrowright.png
doc-install: Copying inherit_graph_12.png
doc-install: Copying nav_f.png
doc-install: Copying classCairo_1_1ImageSurface__inherit__graph.png
doc-install: Copying bc_s.png
doc-install: Copying nav_h.png
doc-install: Copying classCairo_1_1RadialGradient__inherit__graph.png
doc-install: Copying open.png
doc-install: Copying doc.png
doc-install: Copying tab_s.png
doc-install: Copying classCairo_1_1Matrix__inherit__graph.png
doc-install: Copying classCairo_1_1XlibSurface__inherit__graph.png
doc-install: Copying tab_a.png
doc-install: Copying classCairo_1_1ScaledFont__inherit__graph.png
doc-install: Copying folderopen.png
doc-install: Copying classCairo_1_1FontFace__inherit__graph.png
doc-install: Copying sync_on.png
doc-install: Copying classhash__load__check__resize__trigger__size__base__inherit__graph.png
doc-install: Copying inherit_graph_9.png
doc-install: Copying classCairo_1_1Win32Surface__inherit__graph.png
doc-install: Copying inherit_graph_6.png
doc-install: Copying classCairo_1_1FtScaledFont__inherit__graph.png
doc-install: Copying bdwn.png
doc-install: Copying inherit_graph_13.png
doc-install: Copying classCairo_1_1Gradient__inherit__graph.png
doc-install: Copying doxygen.png
doc-install: Copying inherit_graph_10.png
doc-install: Copying splitbar.png
doc-install: Copying inherit_graph_5.png
doc-install: Copying classCairo_1_1SolidPattern__inherit__graph.png
doc-install: Copying classCairo_1_1LinearGradient__inherit__graph.png
doc-install: Copying inherit_graph_0.png
doc-install: Copying inherit_graph_2.png
doc-install: Copying classCairo_1_1SurfacePattern__inherit__graph.png
doc-install: Copying arrowdown.png
doc-install: Copying classCairo_1_1logic__error__inherit__graph.png
doc-install: Copying tab_b.png
doc-install: Copying classCairo_1_1FtFontFace__inherit__graph.png
doc-install: Copying classlu__counter__policy__base__inherit__graph.png
doc-install: Copying inherit_graph_11.png
doc-install: Copying classCairo_1_1Win32ScaledFont__inherit__graph.png
doc-install: Copying inherit_graph_3.png
doc-install: Copying classCairo_1_1SvgSurface__inherit__graph.png
doc-install: Copying inherit_graph_1.png
doc-install: Copying classCairo_1_1PsSurface__inherit__graph.png
doc-install: Copying inherit_graph_7.png
doc-install: Copying inherit_graph_15.png
doc-install: Copying inherit_graph_16.png
doc-install: Copying closed.png
doc-install: Copying classcairo__matrix__t__inherit__graph.png
doc-install: Copying classCairo_1_1ToyFontFace__inherit__graph.png
doc-install: Copying graph_legend.png
doc-install: Copying classCairo_1_1QuartzSurface__inherit__graph.png
doc-install: Copying classCairo_1_1QuartzFontFace__inherit__graph.png
doc-install: Copying classCairo_1_1RefPtr__inherit__graph.png
doc-install: Copying inherit_graph_14.png
doc-install: Copying folderclosed.png
doc-install: Copying classCairo_1_1Pattern__inherit__graph.png
doc-install: Copying classCairo_1_1UserFontFace__inherit__graph.png
doc-install: Copying classCairo_1_1PdfSurface__inherit__graph.png
doc-install: Copying tab_h.png
doc-install: Copying classCairo_1_1Surface__inherit__graph.png
doc-install: Copying inherit_graph_4.png
/bin/mkdir -p '/usr/share/devhelp/books/cairomm-1.0'
/usr/bin/perl -- "../docs/doc-install.pl" --verbose --mode=0644 --book-base='/usr/share/doc/cairomm-1.12.0/reference/html' -t '/usr/share/devhelp/books/cairomm-1.0' -- reference/cairomm-1.0.devhelp2
doc-install: Using base path /usr/share/doc/cairomm-1.12.0/reference/html for Devhelp book
doc-install: Translating cairomm-1.0.devhelp2 (rewrote base path)
 /bin/mkdir -p '/usr/share/doc/cairomm-1.12.0/reference'
 /usr/bin/install -c -m 644 reference/cairomm-1.0.tag '/usr/share/doc/cairomm-1.12.0/reference'
make[2]: Leaving directory '/sources/7.9/cairomm-1.12.0/docs'
make[1]: Leaving directory '/sources/7.9/cairomm-1.12.0/docs'
make[1]: Entering directory '/sources/7.9/cairomm-1.12.0'
make[2]: Entering directory '/sources/7.9/cairomm-1.12.0'
make[2]: Nothing to be done for 'install-exec-am'.
 /bin/mkdir -p '/usr/lib/cairomm-1.0/include'
 /usr/bin/install -c -m 644 cairommconfig.h '/usr/lib/cairomm-1.0/include'
 /bin/mkdir -p '/usr/lib/pkgconfig'
 /usr/bin/install -c -m 644 data/cairomm-1.0.pc data/cairomm-ft-1.0.pc data/cairomm-pdf-1.0.pc data/cairomm-png-1.0.pc data/cairomm-ps-1.0.pc data/cairomm-svg-1.0.pc data/cairomm-xlib-1.0.pc data/cairomm-xlib-xrender-1.0.pc '/usr/lib/pkgconfig'
make[2]: Leaving directory '/sources/7.9/cairomm-1.12.0'
make[1]: Leaving directory '/sources/7.9/cairomm-1.12.0'
