checking build system type... x86_64-unknown-linux-gnu
checking host system type... x86_64-unknown-linux-gnu
checking target system type... x86_64-unknown-linux-gnu
checking for a BSD-compatible install... /usr/bin/install -c
checking whether build environment is sane... yes
checking for a thread-safe mkdir -p... /bin/mkdir -p
checking for gawk... gawk
checking whether make sets $(MAKE)... yes
checking whether make supports nested variables... yes
checking whether UID '1000' is supported by ustar format... yes
checking whether GID '1000' is supported by ustar format... yes
checking how to create a ustar tar archive... gnutar
checking whether to enable maintainer-specific portions of Makefiles... no
checking whether make supports nested variables... (cached) yes
checking for style of include used by make... GNU
checking for gcc... gcc
checking whether the C compiler works... yes
checking for C compiler default output file name... a.out
checking for suffix of executables... 
checking whether we are cross compiling... no
checking for suffix of object files... o
checking whether we are using the GNU C compiler... yes
checking whether gcc accepts -g... yes
checking for gcc option to accept ISO C89... none needed
checking whether gcc understands -c and -o together... yes
checking dependency style of gcc... gcc3
checking how to run the C preprocessor... gcc -E
checking for grep that handles long lines and -e... /bin/grep
checking for egrep... /bin/grep -E
checking for ANSI C header files... yes
checking for sys/types.h... yes
checking for sys/stat.h... yes
checking for stdlib.h... yes
checking for string.h... yes
checking for memory.h... yes
checking for strings.h... yes
checking for inttypes.h... yes
checking for stdint.h... yes
checking for unistd.h... yes
checking minix/config.h usability... no
checking minix/config.h presence... no
checking for minix/config.h... no
checking whether it is safe to define __EXTENSIONS__... yes
checking for library containing strerror... none required
checking if building for some Win32 platform... no
checking how to print strings... printf
checking for a sed that does not truncate output... /bin/sed
checking for fgrep... /bin/grep -F
checking for ld used by gcc... /usr/bin/ld
checking if the linker (/usr/bin/ld) is GNU ld... yes
checking for BSD- or MS-compatible name lister (nm)... /usr/bin/nm -B
checking the name lister (/usr/bin/nm -B) interface... BSD nm
checking whether ln -s works... yes
checking the maximum length of command line arguments... 1572864
checking whether the shell understands some XSI constructs... yes
checking whether the shell understands "+="... yes
checking how to convert x86_64-unknown-linux-gnu file names to x86_64-unknown-linux-gnu format... func_convert_file_noop
checking how to convert x86_64-unknown-linux-gnu file names to toolchain format... func_convert_file_noop
checking for /usr/bin/ld option to reload object files... -r
checking for objdump... objdump
checking how to recognize dependent libraries... pass_all
checking for dlltool... no
checking how to associate runtime and link libraries... printf %s\n
checking for ar... ar
checking for archiver @FILE support... @
checking for strip... strip
checking for ranlib... ranlib
checking command to parse /usr/bin/nm -B output from gcc object... ok
checking for sysroot... no
checking for mt... no
checking if : is a manifest tool... no
checking for dlfcn.h... yes
checking for objdir... .libs
checking if gcc supports -fno-rtti -fno-exceptions... no
checking for gcc option to produce PIC... -fPIC -DPIC
checking if gcc PIC flag -fPIC -DPIC works... yes
checking if gcc static flag -static works... yes
checking if gcc supports -c -o file.o... yes
checking if gcc supports -c -o file.o... (cached) yes
checking whether the gcc linker (/usr/bin/ld -m elf_x86_64) supports shared libraries... yes
checking whether -lc should be explicitly linked in... no
checking dynamic linker characteristics... GNU/Linux ld.so
checking how to hardcode library paths into programs... immediate
checking whether stripping libraries is possible... yes
checking if libtool supports shared libraries... yes
checking whether to build shared libraries... yes
checking whether to build static libraries... no
checking dependency style of gcc... gcc3
checking for gcc... (cached) gcc
checking whether we are using the GNU C compiler... (cached) yes
checking whether gcc accepts -g... (cached) yes
checking for gcc option to accept ISO C89... (cached) none needed
checking whether gcc understands -c and -o together... (cached) yes
checking dependency style of gcc... (cached) gcc3
checking whether NLS is requested... yes
checking for intltool >= 0.35... 0.51.0 found
checking for intltool-update... /usr/bin/intltool-update
checking for intltool-merge... /usr/bin/intltool-merge
checking for intltool-extract... /usr/bin/intltool-extract
checking for xgettext... /usr/bin/xgettext
checking for msgmerge... /usr/bin/msgmerge
checking for msgfmt... /usr/bin/msgfmt
checking for gmsgfmt... /usr/bin/msgfmt
checking for perl... /usr/bin/perl
checking for perl >= 5.8.1... 5.22.1
checking for perl5... no
checking for perl... perl
checking for perl module URI::Escape... ok
checking for perl module URI::file... ok
checking for perl module URI::URL... ok
checking for ANSI C header files... (cached) yes
checking assert.h usability... yes
checking assert.h presence... yes
checking for assert.h... yes
checking errno.h usability... yes
checking errno.h presence... yes
checking for errno.h... yes
checking fcntl.h usability... yes
checking fcntl.h presence... yes
checking for fcntl.h... yes
checking fnmatch.h usability... yes
checking fnmatch.h presence... yes
checking for fnmatch.h... yes
checking libintl.h usability... yes
checking libintl.h presence... yes
checking for libintl.h... yes
checking locale.h usability... yes
checking locale.h presence... yes
checking for locale.h... yes
checking math.h usability... yes
checking math.h presence... yes
checking for math.h... yes
checking mmintrin.h usability... yes
checking mmintrin.h presence... yes
checking for mmintrin.h... yes
checking paths.h usability... yes
checking paths.h presence... yes
checking for paths.h... yes
checking regex.h usability... yes
checking regex.h presence... yes
checking for regex.h... yes
checking signal.h usability... yes
checking signal.h presence... yes
checking for signal.h... yes
checking stdarg.h usability... yes
checking stdarg.h presence... yes
checking for stdarg.h... yes
checking for string.h... (cached) yes
checking sys/mman.h usability... yes
checking sys/mman.h presence... yes
checking for sys/mman.h... yes
checking for sys/stat.h... (cached) yes
checking sys/time.h usability... yes
checking sys/time.h presence... yes
checking for sys/time.h... yes
checking for sys/types.h... (cached) yes
checking sys/wait.h usability... yes
checking sys/wait.h presence... yes
checking for sys/wait.h... yes
checking time.h usability... yes
checking time.h presence... yes
checking for time.h... yes
checking for stdlib.h... (cached) yes
checking for unistd.h... (cached) yes
checking for sys/param.h... yes
checking for getpagesize... yes
checking for working mmap... yes
checking for locale.h... (cached) yes
checking for LC_MESSAGES... yes
checking for libintl.h... (cached) yes
checking for ngettext in libc... yes
checking for dgettext in libc... yes
checking for bind_textdomain_codeset... yes
checking for msgfmt... (cached) /usr/bin/msgfmt
checking for dcgettext... yes
checking if msgfmt accepts -c... yes
checking for gmsgfmt... (cached) /usr/bin/msgfmt
checking for xgettext... (cached) /usr/bin/xgettext
checking for catalogs to be installed...  ar ast be bg bn ca cs da de el en_AU en_GB es et eu fi fr gl he hr hu id is it ja kk ko lt lv ms nb nl nn oc pa pl pt_BR pt ro ru si sk sl sq sr sv te th tr ug uk ur_PK ur vi zh_CN zh_HK zh_TW
checking for bind_textdomain_codeset... (cached) yes
checking for locales directory... ${datarootdir}/locale
checking for additional xgettext flags... --keyword=Q_ --from-code=UTF-8
checking for pkg-config... /usr/bin/pkg-config
checking pkg-config is at least version 0.9.0... yes
checking for glib-2.0 >= 2.30.0... 2.46.2
checking GLIB_CFLAGS... -I/usr/include/glib-2.0 -I/usr/lib/glib-2.0/include
checking GLIB_LIBS... -lglib-2.0
checking for pkg-config... (cached) /usr/bin/pkg-config
checking pkg-config is at least version 0.9.0... yes
checking for gio-2.0 >= 2.30.0... 2.46.2
checking GIO_CFLAGS... -pthread -I/usr/include/glib-2.0 -I/usr/lib/glib-2.0/include
checking GIO_LIBS... -lgio-2.0 -lgobject-2.0 -lglib-2.0
checking for pkg-config... (cached) /usr/bin/pkg-config
checking pkg-config is at least version 0.9.0... yes
checking for gtk+-2.0 >= 2.24.0... 2.24.29
checking GTK_CFLAGS... -pthread -I/usr/include/gtk-2.0 -I/usr/lib/gtk-2.0/include -I/usr/include/pango-1.0 -I/usr/include/atk-1.0 -I/usr/include/cairo -I/usr/include/pixman-1 -I/usr/include/gdk-pixbuf-2.0 -I/usr/include/libpng16 -I/usr/include/pango-1.0 -I/usr/include/freetype2 -I/usr/include/libpng16 -I/usr/include/harfbuzz -I/usr/include/glib-2.0 -I/usr/lib/glib-2.0/include -I/usr/include/freetype2 -I/usr/include/libpng16 -I/usr/include/harfbuzz -I/usr/include/glib-2.0 -I/usr/lib/glib-2.0/include
checking GTK_LIBS... -lgtk-x11-2.0 -lgdk-x11-2.0 -lpangocairo-1.0 -latk-1.0 -lcairo -lgdk_pixbuf-2.0 -lgio-2.0 -lpangoft2-1.0 -lpango-1.0 -lgobject-2.0 -lglib-2.0 -lfontconfig -lfreetype
checking for pkg-config... (cached) /usr/bin/pkg-config
checking pkg-config is at least version 0.9.0... yes
checking for gthread-2.0 >= 2.30.0... 2.46.2
checking GTHREAD_CFLAGS... -pthread -I/usr/include/glib-2.0 -I/usr/lib/glib-2.0/include
checking GTHREAD_LIBS... -lgthread-2.0 -pthread -lglib-2.0
checking for pkg-config... (cached) /usr/bin/pkg-config
checking pkg-config is at least version 0.9.0... yes
checking for libxfce4util-1.0 >= 4.10.0... 4.12.1
checking LIBXFCE4UTIL_CFLAGS... -I/usr/include/xfce4 -I/usr/include/glib-2.0 -I/usr/lib/glib-2.0/include
checking LIBXFCE4UTIL_LIBS... -lxfce4util -lglib-2.0
checking for pkg-config... (cached) /usr/bin/pkg-config
checking pkg-config is at least version 0.9.0... yes
checking for libxfce4ui-1 >= 4.10.0... 4.12.1
checking LIBXFCE4UI_CFLAGS... -pthread -I/usr/include/xfce4/libxfce4ui-1 -I/usr/include/gtk-2.0 -I/usr/lib/gtk-2.0/include -I/usr/include/pango-1.0 -I/usr/include/atk-1.0 -I/usr/include/cairo -I/usr/include/pixman-1 -I/usr/include/gdk-pixbuf-2.0 -I/usr/include/libpng16 -I/usr/include/pango-1.0 -I/usr/include/freetype2 -I/usr/include/libpng16 -I/usr/include/harfbuzz -I/usr/include/glib-2.0 -I/usr/lib/glib-2.0/include -I/usr/include/freetype2 -I/usr/include/libpng16 -I/usr/include/harfbuzz -I/usr/include/xfce4 -I/usr/include/glib-2.0 -I/usr/lib/glib-2.0/include
checking LIBXFCE4UI_LIBS... -lxfce4ui-1 -lgtk-x11-2.0 -lgdk-x11-2.0 -lpangocairo-1.0 -latk-1.0 -lcairo -lgdk_pixbuf-2.0 -lgio-2.0 -lpangoft2-1.0 -lpango-1.0 -lgobject-2.0 -lfontconfig -lfreetype -lxfce4util -lglib-2.0
checking for pkg-config... (cached) /usr/bin/pkg-config
checking pkg-config is at least version 0.9.0... yes
checking for gio-unix-2.0 >= 2.30.0... 2.46.2
checking GIO_UNIX_CFLAGS... -pthread -I/usr/include/gio-unix-2.0/ -I/usr/include/glib-2.0 -I/usr/lib/glib-2.0/include
checking GIO_UNIX_LIBS... -lgio-2.0 -lgobject-2.0 -lglib-2.0
checking for X... libraries , headers 
checking for gethostbyname... yes
checking for connect... yes
checking for remove... yes
checking for shmat... yes
checking for IceConnectionNumber in -lICE... yes
checking for main in -lX11... yes
checking for gtk-doc... no
checking for gtkdoc-check... no
checking for gtkdoc-check... no
checking for gtkdoc-rebase... no
checking for gtkdoc-mkpdf... no
checking whether to build gtk-doc documentation... no
checking for GTKDOC_DEPS... yes
checking whether to build with debugging support... minimum
checking whether /usr/bin/ld -m elf_x86_64 accepts --as-needed... yes
checking whether /usr/bin/ld -m elf_x86_64 accepts -O1... yes
checking whether gcc supports the GNUC visibility attribute... yes
checking if gcc supports -Wno-sign-compare... yes
checking that generated files are newer than configure... done
configure: creating ./config.status
config.status: creating Makefile
config.status: creating docs/Makefile
config.status: creating docs/reference/Makefile
config.status: creating docs/reference/version.xml
config.status: creating exo/Makefile
config.status: creating exo/exo-1.pc
config.status: creating exo/exo-config.h
config.status: creating exo-csource/Makefile
config.status: creating exo-desktop-item-edit/Makefile
config.status: creating exo-helper/Makefile
config.status: creating exo-helper/helpers/Makefile
config.status: creating exo-open/Makefile
config.status: creating icons/Makefile
config.status: creating icons/24x24/Makefile
config.status: creating icons/48x48/Makefile
config.status: creating pixmaps/Makefile
config.status: creating po/Makefile.in
config.status: creating tests/Makefile
config.status: creating tests/data/Makefile
config.status: creating config.h
config.status: executing depfiles commands
config.status: executing libtool commands
config.status: executing default-1 commands
config.status: executing po/stamp-it commands

Build Configuration:

* Debug Support:        minimum
* GNU Visibility:       yes

make  all-recursive
make[1]: Entering directory '/sources/7.9/exo-0.10.7'
Making all in exo
make[2]: Entering directory '/sources/7.9/exo-0.10.7/exo'
make  all-am
make[3]: Entering directory '/sources/7.9/exo-0.10.7/exo'
  CC       libexo_1_la-exo-aliasdef.lo
  CC       libexo_1_la-exo-enum-types.lo
  CC       libexo_1_la-exo-marshal.lo
  CC       libexo_1_la-exo-binding.lo
  CC       libexo_1_la-exo-cell-renderer-ellipsized-text.lo
  CC       libexo_1_la-exo-cell-renderer-icon.lo
  CC       libexo_1_la-exo-config.lo
  CC       libexo_1_la-exo-execute.lo
  CC       libexo_1_la-exo-gdk-pixbuf-extensions.lo
  CC       libexo_1_la-exo-gtk-extensions.lo
  CC       libexo_1_la-exo-gobject-extensions.lo
  CC       libexo_1_la-exo-icon-bar.lo
  CC       libexo_1_la-exo-icon-chooser-dialog.lo
  CC       libexo_1_la-exo-icon-chooser-model.lo
  CC       libexo_1_la-exo-icon-view.lo
  CC       libexo_1_la-exo-job.lo
  CC       libexo_1_la-exo-simple-job.lo
  CC       libexo_1_la-exo-private.lo
  CC       libexo_1_la-exo-string.lo
  CC       libexo_1_la-exo-thumbnail-preview.lo
  CC       libexo_1_la-exo-thumbnail.lo
  CC       libexo_1_la-exo-toolbars-editor-dialog.lo
  CC       libexo_1_la-exo-toolbars-editor.lo
  CC       libexo_1_la-exo-toolbars-model.lo
  CC       libexo_1_la-exo-toolbars-private.lo
  CC       libexo_1_la-exo-toolbars-view.lo
  CC       libexo_1_la-exo-tree-view.lo
  CC       libexo_1_la-exo-utils.lo
  CC       libexo_1_la-exo-wrap-table.lo
  CC       libexo_1_la-exo-xsession-client.lo
  CCLD     libexo-1.la
make[3]: Leaving directory '/sources/7.9/exo-0.10.7/exo'
make[2]: Leaving directory '/sources/7.9/exo-0.10.7/exo'
Making all in exo-csource
make[2]: Entering directory '/sources/7.9/exo-0.10.7/exo-csource'
  CC       exo_csource-main.o
  CCLD     exo-csource
make[2]: Leaving directory '/sources/7.9/exo-0.10.7/exo-csource'
Making all in exo-desktop-item-edit
make[2]: Entering directory '/sources/7.9/exo-0.10.7/exo-desktop-item-edit'
  CC       exo_desktop_item_edit-exo-die-command-entry.o
  CC       exo_desktop_item_edit-exo-die-command-model.o
  CC       exo_desktop_item_edit-exo-die-desktop-model.o
  CC       exo_desktop_item_edit-exo-die-editor.o
  CC       exo_desktop_item_edit-exo-die-enum-types.o
  CC       exo_desktop_item_edit-exo-die-utils.o
  CC       exo_desktop_item_edit-main.o
  CCLD     exo-desktop-item-edit
make[2]: Leaving directory '/sources/7.9/exo-0.10.7/exo-desktop-item-edit'
Making all in exo-helper
make[2]: Entering directory '/sources/7.9/exo-0.10.7/exo-helper'
make  all-recursive
make[3]: Entering directory '/sources/7.9/exo-0.10.7/exo-helper'
Making all in helpers
make[4]: Entering directory '/sources/7.9/exo-0.10.7/exo-helper/helpers'
sed -e 's,\@HELPERDIR\@,/usr/lib/xfce4/exo-1,g' < aterm.desktop.in.in > aterm.desktop.in
  ITMRG  aterm.desktop
sed -e 's,\@HELPERDIR\@,/usr/lib/xfce4/exo-1,g' < balsa.desktop.in.in > balsa.desktop.in
  ITMRG  balsa.desktop
sed -e 's,\@HELPERDIR\@,/usr/lib/xfce4/exo-1,g' < caja.desktop.in.in > caja.desktop.in
  ITMRG  caja.desktop
sed -e 's,\@HELPERDIR\@,/usr/lib/xfce4/exo-1,g' < chromium.desktop.in.in > chromium.desktop.in
  ITMRG  chromium.desktop
sed -e 's,\@HELPERDIR\@,/usr/lib/xfce4/exo-1,g' < debian-sensible-browser.desktop.in.in > debian-sensible-browser.desktop.in
  ITMRG  debian-sensible-browser.desktop
sed -e 's,\@HELPERDIR\@,/usr/lib/xfce4/exo-1,g' < debian-x-terminal-emulator.desktop.in.in > debian-x-terminal-emulator.desktop.in
  ITMRG  debian-x-terminal-emulator.desktop
sed -e 's,\@HELPERDIR\@,/usr/lib/xfce4/exo-1,g' < dillo.desktop.in.in > dillo.desktop.in
  ITMRG  dillo.desktop
sed -e 's,\@HELPERDIR\@,/usr/lib/xfce4/exo-1,g' < encompass.desktop.in.in > encompass.desktop.in
  ITMRG  encompass.desktop
sed -e 's,\@HELPERDIR\@,/usr/lib/xfce4/exo-1,g' < epiphany.desktop.in.in > epiphany.desktop.in
  ITMRG  epiphany.desktop
sed -e 's,\@HELPERDIR\@,/usr/lib/xfce4/exo-1,g' < eterm.desktop.in.in > eterm.desktop.in
  ITMRG  eterm.desktop
sed -e 's,\@HELPERDIR\@,/usr/lib/xfce4/exo-1,g' < evolution.desktop.in.in > evolution.desktop.in
  ITMRG  evolution.desktop
sed -e 's,\@HELPERDIR\@,/usr/lib/xfce4/exo-1,g' < firefox.desktop.in.in > firefox.desktop.in
  ITMRG  firefox.desktop
sed -e 's,\@HELPERDIR\@,/usr/lib/xfce4/exo-1,g' < galeon.desktop.in.in > galeon.desktop.in
  ITMRG  galeon.desktop
sed -e 's,\@HELPERDIR\@,/usr/lib/xfce4/exo-1,g' < gnome-terminal.desktop.in.in > gnome-terminal.desktop.in
  ITMRG  gnome-terminal.desktop
sed -e 's,\@HELPERDIR\@,/usr/lib/xfce4/exo-1,g' < icecat.desktop.in.in > icecat.desktop.in
  ITMRG  icecat.desktop
sed -e 's,\@HELPERDIR\@,/usr/lib/xfce4/exo-1,g' < icedove.desktop.in.in > icedove.desktop.in
  ITMRG  icedove.desktop
sed -e 's,\@HELPERDIR\@,/usr/lib/xfce4/exo-1,g' < iceweasel.desktop.in.in > iceweasel.desktop.in
  ITMRG  iceweasel.desktop
sed -e 's,\@HELPERDIR\@,/usr/lib/xfce4/exo-1,g' < jumanji.desktop.in.in > jumanji.desktop.in
  ITMRG  jumanji.desktop
sed -e 's,\@HELPERDIR\@,/usr/lib/xfce4/exo-1,g' < kmail.desktop.in.in > kmail.desktop.in
  ITMRG  kmail.desktop
sed -e 's,\@HELPERDIR\@,/usr/lib/xfce4/exo-1,g' < konqueror.desktop.in.in > konqueror.desktop.in
  ITMRG  konqueror.desktop
sed -e 's,\@HELPERDIR\@,/usr/lib/xfce4/exo-1,g' < links.desktop.in.in > links.desktop.in
  ITMRG  links.desktop
sed -e 's,\@HELPERDIR\@,/usr/lib/xfce4/exo-1,g' < lynx.desktop.in.in > lynx.desktop.in
  ITMRG  lynx.desktop
sed -e 's,\@HELPERDIR\@,/usr/lib/xfce4/exo-1,g' < midori.desktop.in.in > midori.desktop.in
  ITMRG  midori.desktop
sed -e 's,\@HELPERDIR\@,/usr/lib/xfce4/exo-1,g' < mozilla-browser.desktop.in.in > mozilla-browser.desktop.in
  ITMRG  mozilla-browser.desktop
sed -e 's,\@HELPERDIR\@,/usr/lib/xfce4/exo-1,g' < mozilla-mailer.desktop.in.in > mozilla-mailer.desktop.in
  ITMRG  mozilla-mailer.desktop
sed -e 's,\@HELPERDIR\@,/usr/lib/xfce4/exo-1,g' < mutt.desktop.in.in > mutt.desktop.in
  ITMRG  mutt.desktop
sed -e 's,\@HELPERDIR\@,/usr/lib/xfce4/exo-1,g' < nautilus.desktop.in.in > nautilus.desktop.in
  ITMRG  nautilus.desktop
sed -e 's,\@HELPERDIR\@,/usr/lib/xfce4/exo-1,g' < netscape-navigator.desktop.in.in > netscape-navigator.desktop.in
  ITMRG  netscape-navigator.desktop
sed -e 's,\@HELPERDIR\@,/usr/lib/xfce4/exo-1,g' < nxterm.desktop.in.in > nxterm.desktop.in
  ITMRG  nxterm.desktop
sed -e 's,\@HELPERDIR\@,/usr/lib/xfce4/exo-1,g' < opera-browser.desktop.in.in > opera-browser.desktop.in
  ITMRG  opera-browser.desktop
sed -e 's,\@HELPERDIR\@,/usr/lib/xfce4/exo-1,g' < opera-mailer.desktop.in.in > opera-mailer.desktop.in
  ITMRG  opera-mailer.desktop
sed -e 's,\@HELPERDIR\@,/usr/lib/xfce4/exo-1,g' < pcmanfm.desktop.in.in > pcmanfm.desktop.in
  ITMRG  pcmanfm.desktop
sed -e 's,\@HELPERDIR\@,/usr/lib/xfce4/exo-1,g' < qterminal.desktop.in.in > qterminal.desktop.in
  ITMRG  qterminal.desktop
sed -e 's,\@HELPERDIR\@,/usr/lib/xfce4/exo-1,g' < qtfm.desktop.in.in > qtfm.desktop.in
  ITMRG  qtfm.desktop
sed -e 's,\@HELPERDIR\@,/usr/lib/xfce4/exo-1,g' < qupzilla.desktop.in.in > qupzilla.desktop.in
  ITMRG  qupzilla.desktop
sed -e 's,\@HELPERDIR\@,/usr/lib/xfce4/exo-1,g' < rodent.desktop.in.in > rodent.desktop.in
  ITMRG  rodent.desktop
sed -e 's,\@HELPERDIR\@,/usr/lib/xfce4/exo-1,g' < rox-filer.desktop.in.in > rox-filer.desktop.in
  ITMRG  rox-filer.desktop
sed -e 's,\@HELPERDIR\@,/usr/lib/xfce4/exo-1,g' < sakura.desktop.in.in > sakura.desktop.in
  ITMRG  sakura.desktop
sed -e 's,\@HELPERDIR\@,/usr/lib/xfce4/exo-1,g' < surf.desktop.in.in > surf.desktop.in
  ITMRG  surf.desktop
sed -e 's,\@HELPERDIR\@,/usr/lib/xfce4/exo-1,g' < sylpheed.desktop.in.in > sylpheed.desktop.in
  ITMRG  sylpheed.desktop
sed -e 's,\@HELPERDIR\@,/usr/lib/xfce4/exo-1,g' < sylpheed-claws.desktop.in.in > sylpheed-claws.desktop.in
  ITMRG  sylpheed-claws.desktop
sed -e 's,\@HELPERDIR\@,/usr/lib/xfce4/exo-1,g' < Thunar.desktop.in.in > Thunar.desktop.in
  ITMRG  Thunar.desktop
sed -e 's,\@HELPERDIR\@,/usr/lib/xfce4/exo-1,g' < thunderbird.desktop.in.in > thunderbird.desktop.in
  ITMRG  thunderbird.desktop
sed -e 's,\@HELPERDIR\@,/usr/lib/xfce4/exo-1,g' < urxvt.desktop.in.in > urxvt.desktop.in
  ITMRG  urxvt.desktop
sed -e 's,\@HELPERDIR\@,/usr/lib/xfce4/exo-1,g' < vimprobable2.desktop.in.in > vimprobable2.desktop.in
  ITMRG  vimprobable2.desktop
sed -e 's,\@HELPERDIR\@,/usr/lib/xfce4/exo-1,g' < w3m.desktop.in.in > w3m.desktop.in
  ITMRG  w3m.desktop
sed -e 's,\@HELPERDIR\@,/usr/lib/xfce4/exo-1,g' < xfce4-terminal.desktop.in.in > xfce4-terminal.desktop.in
  ITMRG  xfce4-terminal.desktop
sed -e 's,\@HELPERDIR\@,/usr/lib/xfce4/exo-1,g' < xfe.desktop.in.in > xfe.desktop.in
  ITMRG  xfe.desktop
sed -e 's,\@HELPERDIR\@,/usr/lib/xfce4/exo-1,g' < xterm.desktop.in.in > xterm.desktop.in
  ITMRG  xterm.desktop
rm aterm.desktop.in iceweasel.desktop.in jumanji.desktop.in epiphany.desktop.in rox-filer.desktop.in sylpheed-claws.desktop.in dillo.desktop.in qtfm.desktop.in icedove.desktop.in vimprobable2.desktop.in icecat.desktop.in pcmanfm.desktop.in qterminal.desktop.in galeon.desktop.in thunderbird.desktop.in midori.desktop.in netscape-navigator.desktop.in konqueror.desktop.in mozilla-browser.desktop.in debian-sensible-browser.desktop.in Thunar.desktop.in mutt.desktop.in xfce4-terminal.desktop.in w3m.desktop.in sylpheed.desktop.in opera-mailer.desktop.in sakura.desktop.in debian-x-terminal-emulator.desktop.in urxvt.desktop.in links.desktop.in balsa.desktop.in opera-browser.desktop.in eterm.desktop.in gnome-terminal.desktop.in chromium.desktop.in caja.desktop.in evolution.desktop.in mozilla-mailer.desktop.in xfe.desktop.in nxterm.desktop.in surf.desktop.in nautilus.desktop.in qupzilla.desktop.in encompass.desktop.in xterm.desktop.in kmail.desktop.in firefox.desktop.in lynx.desktop.in rodent.desktop.in
make[4]: Leaving directory '/sources/7.9/exo-0.10.7/exo-helper/helpers'
make[4]: Entering directory '/sources/7.9/exo-0.10.7/exo-helper'
  CC       exo_helper_1-exo-helper-enum-types.o
  CC       exo_helper_1-exo-helper-chooser-dialog.o
  CC       exo_helper_1-exo-helper-chooser.o
  CC       exo_helper_1-exo-helper-launcher-dialog.o
  CC       exo_helper_1-exo-helper-utils.o
  CC       exo_helper_1-exo-helper.o
  CC       exo_helper_1-main.o
  CCLD     exo-helper-1
sed -e 's,@HELPERDIR\@,/usr/lib/xfce4/exo-1,g' \
    -e 's,@LIBEXO_VERSION_API\@,1,g' 	\
    < ./exo-preferred-applications.in			\
    > exo-preferred-applications
  ITMRG  exo-preferred-applications.desktop
make[4]: Leaving directory '/sources/7.9/exo-0.10.7/exo-helper'
make[3]: Leaving directory '/sources/7.9/exo-0.10.7/exo-helper'
make[2]: Leaving directory '/sources/7.9/exo-0.10.7/exo-helper'
Making all in exo-open
make[2]: Entering directory '/sources/7.9/exo-0.10.7/exo-open'
  CC       exo_open-main.o
  CCLD     exo-open
  ITMRG  exo-file-manager.desktop
  ITMRG  exo-mail-reader.desktop
  ITMRG  exo-terminal-emulator.desktop
  ITMRG  exo-web-browser.desktop
make[2]: Leaving directory '/sources/7.9/exo-0.10.7/exo-open'
Making all in docs
make[2]: Entering directory '/sources/7.9/exo-0.10.7/docs'
Making all in reference
make[3]: Entering directory '/sources/7.9/exo-0.10.7/docs/reference'
make[3]: Nothing to be done for 'all'.
make[3]: Leaving directory '/sources/7.9/exo-0.10.7/docs/reference'
make[3]: Entering directory '/sources/7.9/exo-0.10.7/docs'
make[3]: Nothing to be done for 'all-am'.
make[3]: Leaving directory '/sources/7.9/exo-0.10.7/docs'
make[2]: Leaving directory '/sources/7.9/exo-0.10.7/docs'
Making all in icons
make[2]: Entering directory '/sources/7.9/exo-0.10.7/icons'
Making all in 24x24
make[3]: Entering directory '/sources/7.9/exo-0.10.7/icons/24x24'
make[3]: Nothing to be done for 'all'.
make[3]: Leaving directory '/sources/7.9/exo-0.10.7/icons/24x24'
Making all in 48x48
make[3]: Entering directory '/sources/7.9/exo-0.10.7/icons/48x48'
make[3]: Nothing to be done for 'all'.
make[3]: Leaving directory '/sources/7.9/exo-0.10.7/icons/48x48'
make[3]: Entering directory '/sources/7.9/exo-0.10.7/icons'
make[3]: Nothing to be done for 'all-am'.
make[3]: Leaving directory '/sources/7.9/exo-0.10.7/icons'
make[2]: Leaving directory '/sources/7.9/exo-0.10.7/icons'
Making all in pixmaps
make[2]: Entering directory '/sources/7.9/exo-0.10.7/pixmaps'
make[2]: Nothing to be done for 'all'.
make[2]: Leaving directory '/sources/7.9/exo-0.10.7/pixmaps'
Making all in po
make[2]: Entering directory '/sources/7.9/exo-0.10.7/po'
  MSGFMT ar.gmo
  MSGFMT ast.gmo
  MSGFMT be.gmo
  MSGFMT bg.gmo
  MSGFMT bn.gmo
  MSGFMT ca.gmo
  MSGFMT cs.gmo
  MSGFMT da.gmo
  MSGFMT de.gmo
  MSGFMT el.gmo
  MSGFMT en_AU.gmo
  MSGFMT en_GB.gmo
  MSGFMT es.gmo
  MSGFMT et.gmo
  MSGFMT eu.gmo
  MSGFMT fi.gmo
  MSGFMT fr.gmo
  MSGFMT gl.gmo
  MSGFMT he.gmo
  MSGFMT hr.gmo
  MSGFMT hu.gmo
  MSGFMT id.gmo
  MSGFMT is.gmo
  MSGFMT it.gmo
  MSGFMT ja.gmo
  MSGFMT kk.gmo
  MSGFMT ko.gmo
  MSGFMT lt.gmo
  MSGFMT lv.gmo
  MSGFMT ms.gmo
  MSGFMT nb.gmo
  MSGFMT nl.gmo
  MSGFMT nn.gmo
  MSGFMT oc.gmo
  MSGFMT pa.gmo
  MSGFMT pl.gmo
  MSGFMT pt_BR.gmo
  MSGFMT pt.gmo
  MSGFMT ro.gmo
  MSGFMT ru.gmo
  MSGFMT si.gmo
  MSGFMT sk.gmo
  MSGFMT sl.gmo
  MSGFMT sq.gmo
  MSGFMT sr.gmo
  MSGFMT sv.gmo
  MSGFMT te.gmo
  MSGFMT th.gmo
  MSGFMT tr.gmo
  MSGFMT ug.gmo
  MSGFMT uk.gmo
  MSGFMT ur_PK.gmo
  MSGFMT ur.gmo
  MSGFMT vi.gmo
  MSGFMT zh_CN.gmo
  MSGFMT zh_HK.gmo
  MSGFMT zh_TW.gmo
make[2]: Leaving directory '/sources/7.9/exo-0.10.7/po'
Making all in tests
make[2]: Entering directory '/sources/7.9/exo-0.10.7/tests'
../exo-csource/exo-csource --extern --build-list data_bin ./data/data.bin data_txt ./data/data.txt > test-exo-csource-data.c
make  all-recursive
make[3]: Entering directory '/sources/7.9/exo-0.10.7/tests'
Making all in data
make[4]: Entering directory '/sources/7.9/exo-0.10.7/tests/data'
make[4]: Nothing to be done for 'all'.
make[4]: Leaving directory '/sources/7.9/exo-0.10.7/tests/data'
make[4]: Entering directory '/sources/7.9/exo-0.10.7/tests'
make[4]: Nothing to be done for 'all-am'.
make[4]: Leaving directory '/sources/7.9/exo-0.10.7/tests'
make[3]: Leaving directory '/sources/7.9/exo-0.10.7/tests'
make[2]: Leaving directory '/sources/7.9/exo-0.10.7/tests'
make[2]: Entering directory '/sources/7.9/exo-0.10.7'
make[2]: Leaving directory '/sources/7.9/exo-0.10.7'
make[1]: Leaving directory '/sources/7.9/exo-0.10.7'
Making check in exo
make[1]: Entering directory '/sources/7.9/exo-0.10.7/exo'
make  check-am
make[2]: Entering directory '/sources/7.9/exo-0.10.7/exo'
make  check-TESTS
make[3]: Entering directory '/sources/7.9/exo-0.10.7/exo'
make[4]: Entering directory '/sources/7.9/exo-0.10.7/exo'
PASS: abicheck.sh
============================================================================
Testsuite summary for exo 0.10.7
============================================================================
# TOTAL: 1
# PASS:  1
# SKIP:  0
# XFAIL: 0
# FAIL:  0
# XPASS: 0
# ERROR: 0
============================================================================
make[4]: Leaving directory '/sources/7.9/exo-0.10.7/exo'
make[3]: Leaving directory '/sources/7.9/exo-0.10.7/exo'
make[2]: Leaving directory '/sources/7.9/exo-0.10.7/exo'
make[1]: Leaving directory '/sources/7.9/exo-0.10.7/exo'
Making check in exo-csource
make[1]: Entering directory '/sources/7.9/exo-0.10.7/exo-csource'
make[1]: Nothing to be done for 'check'.
make[1]: Leaving directory '/sources/7.9/exo-0.10.7/exo-csource'
Making check in exo-desktop-item-edit
make[1]: Entering directory '/sources/7.9/exo-0.10.7/exo-desktop-item-edit'
make[1]: Nothing to be done for 'check'.
make[1]: Leaving directory '/sources/7.9/exo-0.10.7/exo-desktop-item-edit'
Making check in exo-helper
make[1]: Entering directory '/sources/7.9/exo-0.10.7/exo-helper'
make  check-recursive
make[2]: Entering directory '/sources/7.9/exo-0.10.7/exo-helper'
Making check in helpers
make[3]: Entering directory '/sources/7.9/exo-0.10.7/exo-helper/helpers'
make[3]: Nothing to be done for 'check'.
make[3]: Leaving directory '/sources/7.9/exo-0.10.7/exo-helper/helpers'
make[3]: Entering directory '/sources/7.9/exo-0.10.7/exo-helper'
make[3]: Nothing to be done for 'check-am'.
make[3]: Leaving directory '/sources/7.9/exo-0.10.7/exo-helper'
make[2]: Leaving directory '/sources/7.9/exo-0.10.7/exo-helper'
make[1]: Leaving directory '/sources/7.9/exo-0.10.7/exo-helper'
Making check in exo-open
make[1]: Entering directory '/sources/7.9/exo-0.10.7/exo-open'
make[1]: Nothing to be done for 'check'.
make[1]: Leaving directory '/sources/7.9/exo-0.10.7/exo-open'
Making check in docs
make[1]: Entering directory '/sources/7.9/exo-0.10.7/docs'
Making check in reference
make[2]: Entering directory '/sources/7.9/exo-0.10.7/docs/reference'
make[2]: Nothing to be done for 'check'.
make[2]: Leaving directory '/sources/7.9/exo-0.10.7/docs/reference'
make[2]: Entering directory '/sources/7.9/exo-0.10.7/docs'
make[2]: Nothing to be done for 'check-am'.
make[2]: Leaving directory '/sources/7.9/exo-0.10.7/docs'
make[1]: Leaving directory '/sources/7.9/exo-0.10.7/docs'
Making check in icons
make[1]: Entering directory '/sources/7.9/exo-0.10.7/icons'
Making check in 24x24
make[2]: Entering directory '/sources/7.9/exo-0.10.7/icons/24x24'
make[2]: Nothing to be done for 'check'.
make[2]: Leaving directory '/sources/7.9/exo-0.10.7/icons/24x24'
Making check in 48x48
make[2]: Entering directory '/sources/7.9/exo-0.10.7/icons/48x48'
make[2]: Nothing to be done for 'check'.
make[2]: Leaving directory '/sources/7.9/exo-0.10.7/icons/48x48'
make[2]: Entering directory '/sources/7.9/exo-0.10.7/icons'
make[2]: Nothing to be done for 'check-am'.
make[2]: Leaving directory '/sources/7.9/exo-0.10.7/icons'
make[1]: Leaving directory '/sources/7.9/exo-0.10.7/icons'
Making check in pixmaps
make[1]: Entering directory '/sources/7.9/exo-0.10.7/pixmaps'
make[1]: Nothing to be done for 'check'.
make[1]: Leaving directory '/sources/7.9/exo-0.10.7/pixmaps'
Making check in po
make[1]: Entering directory '/sources/7.9/exo-0.10.7/po'
XGETTEXT_ARGS="--keyword=Q_ --from-code=UTF-8" INTLTOOL_EXTRACT="/usr/bin/intltool-extract" XGETTEXT="/usr/bin/xgettext --keyword=Q_ --from-code=UTF-8" srcdir=. /usr/bin/intltool-update --gettext-package exo-1 --pot
rm -f missing notexist
srcdir=. /usr/bin/intltool-update -m
if [ -r missing -o -r notexist ]; then \
  exit 1; \
fi
make[1]: Leaving directory '/sources/7.9/exo-0.10.7/po'
Making check in tests
make[1]: Entering directory '/sources/7.9/exo-0.10.7/tests'
make  check-recursive
make[2]: Entering directory '/sources/7.9/exo-0.10.7/tests'
Making check in data
make[3]: Entering directory '/sources/7.9/exo-0.10.7/tests/data'
make[3]: Nothing to be done for 'check'.
make[3]: Leaving directory '/sources/7.9/exo-0.10.7/tests/data'
make[3]: Entering directory '/sources/7.9/exo-0.10.7/tests'
make  test-exo-csource test-exo-noop test-exo-string test-exo-icon-chooser-dialog test-exo-wrap-table
make[4]: Entering directory '/sources/7.9/exo-0.10.7/tests'
  CC       test_exo_csource-test-exo-csource.o
  CC       test_exo_csource-test-exo-csource-data.o
  CCLD     test-exo-csource
  CC       test_exo_noop-test-exo-noop.o
  CCLD     test-exo-noop
  CC       test_exo_string-test-exo-string.o
  CCLD     test-exo-string
  CC       test_exo_icon_chooser_dialog-test-exo-icon-chooser-dialog.o
  CCLD     test-exo-icon-chooser-dialog
  CC       test_exo_wrap_table-test-exo-wrap-table.o
  CCLD     test-exo-wrap-table
make[4]: Leaving directory '/sources/7.9/exo-0.10.7/tests'
make  check-TESTS
make[4]: Entering directory '/sources/7.9/exo-0.10.7/tests'
make[5]: Entering directory '/sources/7.9/exo-0.10.7/tests'
PASS: test-exo-csource
PASS: test-exo-noop
PASS: test-exo-string
============================================================================
Testsuite summary for exo 0.10.7
============================================================================
# TOTAL: 3
# PASS:  3
# SKIP:  0
# XFAIL: 0
# FAIL:  0
# XPASS: 0
# ERROR: 0
============================================================================
make[5]: Leaving directory '/sources/7.9/exo-0.10.7/tests'
make[4]: Leaving directory '/sources/7.9/exo-0.10.7/tests'
make[3]: Leaving directory '/sources/7.9/exo-0.10.7/tests'
make[2]: Leaving directory '/sources/7.9/exo-0.10.7/tests'
make[1]: Leaving directory '/sources/7.9/exo-0.10.7/tests'
make[1]: Entering directory '/sources/7.9/exo-0.10.7'
make[1]: Leaving directory '/sources/7.9/exo-0.10.7'
Making install in exo
make[1]: Entering directory '/sources/7.9/exo-0.10.7/exo'
make  install-am
make[2]: Entering directory '/sources/7.9/exo-0.10.7/exo'
make[3]: Entering directory '/sources/7.9/exo-0.10.7/exo'
 /bin/mkdir -p '/usr/lib'
 /bin/sh ../libtool   --mode=install /usr/bin/install -c   libexo-1.la '/usr/lib'
libtool: install: /usr/bin/install -c .libs/libexo-1.so.0.1.0 /usr/lib/libexo-1.so.0.1.0
libtool: install: (cd /usr/lib && { ln -s -f libexo-1.so.0.1.0 libexo-1.so.0 || { rm -f libexo-1.so.0 && ln -s libexo-1.so.0.1.0 libexo-1.so.0; }; })
libtool: install: (cd /usr/lib && { ln -s -f libexo-1.so.0.1.0 libexo-1.so || { rm -f libexo-1.so && ln -s libexo-1.so.0.1.0 libexo-1.so; }; })
libtool: install: /usr/bin/install -c .libs/libexo-1.lai /usr/lib/libexo-1.la
libtool: finish: PATH="/bin:/usr/ucb:/usr/bin:/usr/sbin:/sbin:/usr/etc:/etc:/sbin" ldconfig -n /usr/lib
----------------------------------------------------------------------
Libraries have been installed in:
   /usr/lib

If you ever happen to want to link against installed libraries
in a given directory, LIBDIR, you must either use libtool, and
specify the full pathname of the library, or use the `-LLIBDIR'
flag during linking and do at least one of the following:
   - add LIBDIR to the `LD_LIBRARY_PATH' environment variable
     during execution
   - add LIBDIR to the `LD_RUN_PATH' environment variable
     during linking
   - use the `-Wl,-rpath -Wl,LIBDIR' linker flag
   - have your system administrator add LIBDIR to `/etc/ld.so.conf'

See any operating system documentation about shared libraries for
more information, such as the ld(1) and ld.so(8) manual pages.
----------------------------------------------------------------------
 /bin/mkdir -p '/usr/include/exo-1/exo'
 /usr/bin/install -c -m 644 exo-enum-types.h exo-binding.h exo-cell-renderer-ellipsized-text.h exo-cell-renderer-icon.h exo-execute.h exo-gdk-pixbuf-extensions.h exo-gtk-extensions.h exo-gobject-extensions.h exo-icon-bar.h exo-icon-chooser-dialog.h exo-icon-view.h exo-job.h exo-simple-job.h exo-string.h exo-toolbars-editor-dialog.h exo-toolbars-editor.h exo-toolbars-model.h exo-toolbars-view.h exo-tree-view.h exo-utils.h exo-wrap-table.h exo-xsession-client.h exo.h exo-config.h '/usr/include/exo-1/exo'
 /bin/mkdir -p '/usr/lib/pkgconfig'
 /usr/bin/install -c -m 644 exo-1.pc '/usr/lib/pkgconfig'
make[3]: Leaving directory '/sources/7.9/exo-0.10.7/exo'
make[2]: Leaving directory '/sources/7.9/exo-0.10.7/exo'
make[1]: Leaving directory '/sources/7.9/exo-0.10.7/exo'
Making install in exo-csource
make[1]: Entering directory '/sources/7.9/exo-0.10.7/exo-csource'
make[2]: Entering directory '/sources/7.9/exo-0.10.7/exo-csource'
 /bin/mkdir -p '/usr/bin'
  /bin/sh ../libtool   --mode=install /usr/bin/install -c exo-csource '/usr/bin'
libtool: install: /usr/bin/install -c exo-csource /usr/bin/exo-csource
make[2]: Nothing to be done for 'install-data-am'.
make[2]: Leaving directory '/sources/7.9/exo-0.10.7/exo-csource'
make[1]: Leaving directory '/sources/7.9/exo-0.10.7/exo-csource'
Making install in exo-desktop-item-edit
make[1]: Entering directory '/sources/7.9/exo-0.10.7/exo-desktop-item-edit'
make[2]: Entering directory '/sources/7.9/exo-0.10.7/exo-desktop-item-edit'
 /bin/mkdir -p '/usr/bin'
  /bin/sh ../libtool   --mode=install /usr/bin/install -c exo-desktop-item-edit '/usr/bin'
libtool: install: /usr/bin/install -c .libs/exo-desktop-item-edit /usr/bin/exo-desktop-item-edit
make[2]: Nothing to be done for 'install-data-am'.
make[2]: Leaving directory '/sources/7.9/exo-0.10.7/exo-desktop-item-edit'
make[1]: Leaving directory '/sources/7.9/exo-0.10.7/exo-desktop-item-edit'
Making install in exo-helper
make[1]: Entering directory '/sources/7.9/exo-0.10.7/exo-helper'
make  install-recursive
make[2]: Entering directory '/sources/7.9/exo-0.10.7/exo-helper'
Making install in helpers
make[3]: Entering directory '/sources/7.9/exo-0.10.7/exo-helper/helpers'
make[4]: Entering directory '/sources/7.9/exo-0.10.7/exo-helper/helpers'
make[4]: Nothing to be done for 'install-exec-am'.
 /bin/mkdir -p '/etc/xdg/xfce4'
 /usr/bin/install -c -m 644 helpers.rc '/etc/xdg/xfce4'
 /bin/mkdir -p '/usr/share/xfce4/helpers'
 /usr/bin/install -c -m 644 aterm.desktop balsa.desktop caja.desktop chromium.desktop debian-sensible-browser.desktop debian-x-terminal-emulator.desktop dillo.desktop encompass.desktop epiphany.desktop eterm.desktop evolution.desktop firefox.desktop galeon.desktop gnome-terminal.desktop icecat.desktop icedove.desktop iceweasel.desktop jumanji.desktop kmail.desktop konqueror.desktop links.desktop lynx.desktop midori.desktop mozilla-browser.desktop mozilla-mailer.desktop mutt.desktop nautilus.desktop netscape-navigator.desktop nxterm.desktop opera-browser.desktop opera-mailer.desktop pcmanfm.desktop qterminal.desktop qtfm.desktop qupzilla.desktop rodent.desktop rox-filer.desktop sakura.desktop surf.desktop sylpheed.desktop '/usr/share/xfce4/helpers'
 /usr/bin/install -c -m 644 sylpheed-claws.desktop Thunar.desktop thunderbird.desktop urxvt.desktop vimprobable2.desktop w3m.desktop xfce4-terminal.desktop xfe.desktop xterm.desktop '/usr/share/xfce4/helpers'
 /bin/mkdir -p '/usr/lib/xfce4/exo-1'
 /usr/bin/install -c exo-compose-mail-1 '/usr/lib/xfce4/exo-1'
make[4]: Leaving directory '/sources/7.9/exo-0.10.7/exo-helper/helpers'
make[3]: Leaving directory '/sources/7.9/exo-0.10.7/exo-helper/helpers'
make[3]: Entering directory '/sources/7.9/exo-0.10.7/exo-helper'
make[4]: Entering directory '/sources/7.9/exo-0.10.7/exo-helper'
 /bin/mkdir -p '/usr/bin'
 /usr/bin/install -c exo-preferred-applications '/usr/bin'
 /bin/mkdir -p '/usr/share/applications'
 /usr/bin/install -c -m 644 exo-preferred-applications.desktop '/usr/share/applications'
 /bin/mkdir -p '/usr/lib/xfce4/exo-1'
  /bin/sh ../libtool   --mode=install /usr/bin/install -c exo-helper-1 '/usr/lib/xfce4/exo-1'
libtool: install: /usr/bin/install -c .libs/exo-helper-1 /usr/lib/xfce4/exo-1/exo-helper-1
make[4]: Leaving directory '/sources/7.9/exo-0.10.7/exo-helper'
make[3]: Leaving directory '/sources/7.9/exo-0.10.7/exo-helper'
make[2]: Leaving directory '/sources/7.9/exo-0.10.7/exo-helper'
make[1]: Leaving directory '/sources/7.9/exo-0.10.7/exo-helper'
Making install in exo-open
make[1]: Entering directory '/sources/7.9/exo-0.10.7/exo-open'
make[2]: Entering directory '/sources/7.9/exo-0.10.7/exo-open'
 /bin/mkdir -p '/usr/bin'
  /bin/sh ../libtool   --mode=install /usr/bin/install -c exo-open '/usr/bin'
libtool: install: /usr/bin/install -c .libs/exo-open /usr/bin/exo-open
 /bin/mkdir -p '/usr/share/applications'
 /usr/bin/install -c -m 644 exo-file-manager.desktop exo-mail-reader.desktop exo-terminal-emulator.desktop exo-web-browser.desktop '/usr/share/applications'
make[2]: Leaving directory '/sources/7.9/exo-0.10.7/exo-open'
make[1]: Leaving directory '/sources/7.9/exo-0.10.7/exo-open'
Making install in docs
make[1]: Entering directory '/sources/7.9/exo-0.10.7/docs'
Making install in reference
make[2]: Entering directory '/sources/7.9/exo-0.10.7/docs/reference'
make[3]: Entering directory '/sources/7.9/exo-0.10.7/docs/reference'
make[3]: Nothing to be done for 'install-exec-am'.
 /usr/bin/install -c -m 644 ./html/ch01.html
 /usr/bin/install -c -m 644 ./html/exo-Binding-Properties-Functions.html
 /usr/bin/install -c -m 644 ./html/ExoCellRendererEllipsizedText.html
 /usr/bin/install -c -m 644 ./html/ExoCellRendererIcon.html
 /usr/bin/install -c -m 644 ./html/exo-cell-renderers.html
 /usr/bin/install -c -m 644 ./html/exo-csource.html
 /usr/bin/install -c -m 644 ./html/exo.devhelp2
 /usr/bin/install -c -m 644 ./html/exo-Executing-Applications.html
 /usr/bin/install -c -m 644 ./html/exo-extensions.html
 /usr/bin/install -c -m 644 ./html/exo-Extensions-to-gdk-pixbuf.html
 /usr/bin/install -c -m 644 ./html/exo-Extensions-to-GObject.html
 /usr/bin/install -c -m 644 ./html/exo-Extensions-to-Gtk.html
 /usr/bin/install -c -m 644 ./html/exo-gtk-file-chooser-add-thumbnail-preview.png
 /usr/bin/install -c -m 644 ./html/ExoIconBar.html
 /usr/bin/install -c -m 644 ./html/ExoIconChooserDialog.html
 /usr/bin/install -c -m 644 ./html/exo-icon-chooser-dialog.png
 /usr/bin/install -c -m 644 ./html/ExoIconView.html
 /usr/bin/install -c -m 644 ./html/ExoJob.html
 /usr/bin/install -c -m 644 ./html/exo-jobs.html
 /usr/bin/install -c -m 644 ./html/exo-Miscellaneous-Utility-Functions.html
 /usr/bin/install -c -m 644 ./html/exo-miscelleanous.html
 /usr/bin/install -c -m 644 ./html/exo-overview.html
 /usr/bin/install -c -m 644 ./html/ExoSimpleJob.html
 /usr/bin/install -c -m 644 ./html/exo-String-Utility-Functions.html
 /usr/bin/install -c -m 644 ./html/ExoToolbarsEditorDialog.html
 /usr/bin/install -c -m 644 ./html/exo-toolbars-editor-dialog.png
 /usr/bin/install -c -m 644 ./html/ExoToolbarsEditor.html
 /usr/bin/install -c -m 644 ./html/exo-toolbars-editor.png
 /usr/bin/install -c -m 644 ./html/exo-toolbars.html
 /usr/bin/install -c -m 644 ./html/ExoToolbarsModel.html
 /usr/bin/install -c -m 644 ./html/ExoToolbarsView.html
 /usr/bin/install -c -m 644 ./html/exo-toolbars-view.png
 /usr/bin/install -c -m 644 ./html/exo-tools.html
 /usr/bin/install -c -m 644 ./html/ExoTreeView.html
 /usr/bin/install -c -m 644 ./html/exo-Version-Information.html
 /usr/bin/install -c -m 644 ./html/exo-widgets.html
 /usr/bin/install -c -m 644 ./html/ExoWrapTable.html
 /usr/bin/install -c -m 644 ./html/exo-wrap-table.png
 /usr/bin/install -c -m 644 ./html/ExoXsessionClient.html
 /usr/bin/install -c -m 644 ./html/home.png
 /usr/bin/install -c -m 644 ./html/index.html
 /usr/bin/install -c -m 644 ./html/index.sgml
 /usr/bin/install -c -m 644 ./html/ix01.html
 /usr/bin/install -c -m 644 ./html/left-insensitive.png
 /usr/bin/install -c -m 644 ./html/left.png
 /usr/bin/install -c -m 644 ./html/right-insensitive.png
 /usr/bin/install -c -m 644 ./html/right.png
 /usr/bin/install -c -m 644 ./html/style.css
 /usr/bin/install -c -m 644 ./html/up-insensitive.png
 /usr/bin/install -c -m 644 ./html/up.png
 /bin/mkdir -p '/usr/share/man/man1'
 /usr/bin/install -c -m 644 exo-csource.1 exo-open.1 '/usr/share/man/man1'
make[3]: Leaving directory '/sources/7.9/exo-0.10.7/docs/reference'
make[2]: Leaving directory '/sources/7.9/exo-0.10.7/docs/reference'
make[2]: Entering directory '/sources/7.9/exo-0.10.7/docs'
make[3]: Entering directory '/sources/7.9/exo-0.10.7/docs'
make[3]: Nothing to be done for 'install-exec-am'.
make[3]: Nothing to be done for 'install-data-am'.
make[3]: Leaving directory '/sources/7.9/exo-0.10.7/docs'
make[2]: Leaving directory '/sources/7.9/exo-0.10.7/docs'
make[1]: Leaving directory '/sources/7.9/exo-0.10.7/docs'
Making install in icons
make[1]: Entering directory '/sources/7.9/exo-0.10.7/icons'
Making install in 24x24
make[2]: Entering directory '/sources/7.9/exo-0.10.7/icons/24x24'
make[3]: Entering directory '/sources/7.9/exo-0.10.7/icons/24x24'
make[3]: Nothing to be done for 'install-exec-am'.
 /bin/mkdir -p '/usr/share/icons/hicolor/24x24/apps'
 /usr/bin/install -c -m 644 preferences-desktop-default-applications.png '/usr/share/icons/hicolor/24x24/apps'
make[3]: Leaving directory '/sources/7.9/exo-0.10.7/icons/24x24'
make[2]: Leaving directory '/sources/7.9/exo-0.10.7/icons/24x24'
Making install in 48x48
make[2]: Entering directory '/sources/7.9/exo-0.10.7/icons/48x48'
make[3]: Entering directory '/sources/7.9/exo-0.10.7/icons/48x48'
make[3]: Nothing to be done for 'install-exec-am'.
 /bin/mkdir -p '/usr/share/icons/hicolor/48x48/apps'
 /usr/bin/install -c -m 644 preferences-desktop-default-applications.png '/usr/share/icons/hicolor/48x48/apps'
 /bin/mkdir -p '/usr/share/icons/hicolor/48x48/categories'
 /usr/bin/install -c -m 644 applications-internet.png applications-other.png '/usr/share/icons/hicolor/48x48/categories'
make[3]: Leaving directory '/sources/7.9/exo-0.10.7/icons/48x48'
make[2]: Leaving directory '/sources/7.9/exo-0.10.7/icons/48x48'
make[2]: Entering directory '/sources/7.9/exo-0.10.7/icons'
make[3]: Entering directory '/sources/7.9/exo-0.10.7/icons'
make[3]: Nothing to be done for 'install-exec-am'.
make  install-data-hook
make[4]: Entering directory '/sources/7.9/exo-0.10.7/icons'
Updating Gtk icon cache.
make[4]: Leaving directory '/sources/7.9/exo-0.10.7/icons'
make[3]: Leaving directory '/sources/7.9/exo-0.10.7/icons'
make[2]: Leaving directory '/sources/7.9/exo-0.10.7/icons'
make[1]: Leaving directory '/sources/7.9/exo-0.10.7/icons'
Making install in pixmaps
make[1]: Entering directory '/sources/7.9/exo-0.10.7/pixmaps'
make[2]: Entering directory '/sources/7.9/exo-0.10.7/pixmaps'
make[2]: Nothing to be done for 'install-exec-am'.
 /bin/mkdir -p '/usr/share/pixmaps/exo-1'
 /usr/bin/install -c -m 644 exo-thumbnail-frame.png '/usr/share/pixmaps/exo-1'
make[2]: Leaving directory '/sources/7.9/exo-0.10.7/pixmaps'
make[1]: Leaving directory '/sources/7.9/exo-0.10.7/pixmaps'
Making install in po
make[1]: Entering directory '/sources/7.9/exo-0.10.7/po'
linguas="ar ast be bg bn ca cs da de el en_AU en_GB es et eu fi fr gl he hr hu id is it ja kk ko lt lv ms nb nl nn oc pa pl pt_BR pt ro ru si sk sl sq sr sv te th tr ug uk ur_PK ur vi zh_CN zh_HK zh_TW "; \
for lang in $linguas; do \
  dir=/usr/share/locale/$lang/LC_MESSAGES; \
  /bin/sh /sources/7.9/exo-0.10.7/install-sh -d $dir; \
  if test -r $lang.gmo; then \
    /usr/bin/install -c -m 644 $lang.gmo $dir/exo-1.mo; \
    echo "installing $lang.gmo as $dir/exo-1.mo"; \
  else \
    /usr/bin/install -c -m 644 ./$lang.gmo $dir/exo-1.mo; \
    echo "installing ./$lang.gmo as" \
	 "$dir/exo-1.mo"; \
  fi; \
  if test -r $lang.gmo.m; then \
    /usr/bin/install -c -m 644 $lang.gmo.m $dir/exo-1.mo.m; \
    echo "installing $lang.gmo.m as $dir/exo-1.mo.m"; \
  else \
    if test -r ./$lang.gmo.m ; then \
      /usr/bin/install -c -m 644 ./$lang.gmo.m \
	$dir/exo-1.mo.m; \
      echo "installing ./$lang.gmo.m as" \
	   "$dir/exo-1.mo.m"; \
    else \
      true; \
    fi; \
  fi; \
done
installing ar.gmo as /usr/share/locale/ar/LC_MESSAGES/exo-1.mo
installing ast.gmo as /usr/share/locale/ast/LC_MESSAGES/exo-1.mo
installing be.gmo as /usr/share/locale/be/LC_MESSAGES/exo-1.mo
installing bg.gmo as /usr/share/locale/bg/LC_MESSAGES/exo-1.mo
installing bn.gmo as /usr/share/locale/bn/LC_MESSAGES/exo-1.mo
installing ca.gmo as /usr/share/locale/ca/LC_MESSAGES/exo-1.mo
installing cs.gmo as /usr/share/locale/cs/LC_MESSAGES/exo-1.mo
installing da.gmo as /usr/share/locale/da/LC_MESSAGES/exo-1.mo
installing de.gmo as /usr/share/locale/de/LC_MESSAGES/exo-1.mo
installing el.gmo as /usr/share/locale/el/LC_MESSAGES/exo-1.mo
installing en_AU.gmo as /usr/share/locale/en_AU/LC_MESSAGES/exo-1.mo
installing en_GB.gmo as /usr/share/locale/en_GB/LC_MESSAGES/exo-1.mo
installing es.gmo as /usr/share/locale/es/LC_MESSAGES/exo-1.mo
installing et.gmo as /usr/share/locale/et/LC_MESSAGES/exo-1.mo
installing eu.gmo as /usr/share/locale/eu/LC_MESSAGES/exo-1.mo
installing fi.gmo as /usr/share/locale/fi/LC_MESSAGES/exo-1.mo
installing fr.gmo as /usr/share/locale/fr/LC_MESSAGES/exo-1.mo
installing gl.gmo as /usr/share/locale/gl/LC_MESSAGES/exo-1.mo
installing he.gmo as /usr/share/locale/he/LC_MESSAGES/exo-1.mo
installing hr.gmo as /usr/share/locale/hr/LC_MESSAGES/exo-1.mo
installing hu.gmo as /usr/share/locale/hu/LC_MESSAGES/exo-1.mo
installing id.gmo as /usr/share/locale/id/LC_MESSAGES/exo-1.mo
installing is.gmo as /usr/share/locale/is/LC_MESSAGES/exo-1.mo
installing it.gmo as /usr/share/locale/it/LC_MESSAGES/exo-1.mo
installing ja.gmo as /usr/share/locale/ja/LC_MESSAGES/exo-1.mo
installing kk.gmo as /usr/share/locale/kk/LC_MESSAGES/exo-1.mo
installing ko.gmo as /usr/share/locale/ko/LC_MESSAGES/exo-1.mo
installing lt.gmo as /usr/share/locale/lt/LC_MESSAGES/exo-1.mo
installing lv.gmo as /usr/share/locale/lv/LC_MESSAGES/exo-1.mo
installing ms.gmo as /usr/share/locale/ms/LC_MESSAGES/exo-1.mo
installing nb.gmo as /usr/share/locale/nb/LC_MESSAGES/exo-1.mo
installing nl.gmo as /usr/share/locale/nl/LC_MESSAGES/exo-1.mo
installing nn.gmo as /usr/share/locale/nn/LC_MESSAGES/exo-1.mo
installing oc.gmo as /usr/share/locale/oc/LC_MESSAGES/exo-1.mo
installing pa.gmo as /usr/share/locale/pa/LC_MESSAGES/exo-1.mo
installing pl.gmo as /usr/share/locale/pl/LC_MESSAGES/exo-1.mo
installing pt_BR.gmo as /usr/share/locale/pt_BR/LC_MESSAGES/exo-1.mo
installing pt.gmo as /usr/share/locale/pt/LC_MESSAGES/exo-1.mo
installing ro.gmo as /usr/share/locale/ro/LC_MESSAGES/exo-1.mo
installing ru.gmo as /usr/share/locale/ru/LC_MESSAGES/exo-1.mo
installing si.gmo as /usr/share/locale/si/LC_MESSAGES/exo-1.mo
installing sk.gmo as /usr/share/locale/sk/LC_MESSAGES/exo-1.mo
installing sl.gmo as /usr/share/locale/sl/LC_MESSAGES/exo-1.mo
installing sq.gmo as /usr/share/locale/sq/LC_MESSAGES/exo-1.mo
installing sr.gmo as /usr/share/locale/sr/LC_MESSAGES/exo-1.mo
installing sv.gmo as /usr/share/locale/sv/LC_MESSAGES/exo-1.mo
installing te.gmo as /usr/share/locale/te/LC_MESSAGES/exo-1.mo
installing th.gmo as /usr/share/locale/th/LC_MESSAGES/exo-1.mo
installing tr.gmo as /usr/share/locale/tr/LC_MESSAGES/exo-1.mo
installing ug.gmo as /usr/share/locale/ug/LC_MESSAGES/exo-1.mo
installing uk.gmo as /usr/share/locale/uk/LC_MESSAGES/exo-1.mo
installing ur_PK.gmo as /usr/share/locale/ur_PK/LC_MESSAGES/exo-1.mo
installing ur.gmo as /usr/share/locale/ur/LC_MESSAGES/exo-1.mo
installing vi.gmo as /usr/share/locale/vi/LC_MESSAGES/exo-1.mo
installing zh_CN.gmo as /usr/share/locale/zh_CN/LC_MESSAGES/exo-1.mo
installing zh_HK.gmo as /usr/share/locale/zh_HK/LC_MESSAGES/exo-1.mo
installing zh_TW.gmo as /usr/share/locale/zh_TW/LC_MESSAGES/exo-1.mo
make[1]: Leaving directory '/sources/7.9/exo-0.10.7/po'
Making install in tests
make[1]: Entering directory '/sources/7.9/exo-0.10.7/tests'
make  install-recursive
make[2]: Entering directory '/sources/7.9/exo-0.10.7/tests'
Making install in data
make[3]: Entering directory '/sources/7.9/exo-0.10.7/tests/data'
make[4]: Entering directory '/sources/7.9/exo-0.10.7/tests/data'
make[4]: Nothing to be done for 'install-exec-am'.
make[4]: Nothing to be done for 'install-data-am'.
make[4]: Leaving directory '/sources/7.9/exo-0.10.7/tests/data'
make[3]: Leaving directory '/sources/7.9/exo-0.10.7/tests/data'
make[3]: Entering directory '/sources/7.9/exo-0.10.7/tests'
make[4]: Entering directory '/sources/7.9/exo-0.10.7/tests'
make[4]: Nothing to be done for 'install-exec-am'.
make[4]: Nothing to be done for 'install-data-am'.
make[4]: Leaving directory '/sources/7.9/exo-0.10.7/tests'
make[3]: Leaving directory '/sources/7.9/exo-0.10.7/tests'
make[2]: Leaving directory '/sources/7.9/exo-0.10.7/tests'
make[1]: Leaving directory '/sources/7.9/exo-0.10.7/tests'
make[1]: Entering directory '/sources/7.9/exo-0.10.7'
make[2]: Entering directory '/sources/7.9/exo-0.10.7'
make[2]: Nothing to be done for 'install-exec-am'.
make[2]: Nothing to be done for 'install-data-am'.
make[2]: Leaving directory '/sources/7.9/exo-0.10.7'
make[1]: Leaving directory '/sources/7.9/exo-0.10.7'
