Making check in src
make[1]: Entering directory '/sources/7.9/mesa_with_wayland-11.1.2/src'
Making check in .
make[2]: Entering directory '/sources/7.9/mesa_with_wayland-11.1.2/src'
make[2]: Nothing to be done for 'check-am'.
make[2]: Leaving directory '/sources/7.9/mesa_with_wayland-11.1.2/src'
Making check in gtest
make[2]: Entering directory '/sources/7.9/mesa_with_wayland-11.1.2/src/gtest'
make  libgtest.la
make[3]: Entering directory '/sources/7.9/mesa_with_wayland-11.1.2/src/gtest'
  CXX      src/gtest-all.lo
  CXX      src/gtest_main.lo
  CXXLD    libgtest.la
make[3]: Leaving directory '/sources/7.9/mesa_with_wayland-11.1.2/src/gtest'
make[2]: Leaving directory '/sources/7.9/mesa_with_wayland-11.1.2/src/gtest'
Making check in util
make[2]: Entering directory '/sources/7.9/mesa_with_wayland-11.1.2/src/util'
make  check-recursive
make[3]: Entering directory '/sources/7.9/mesa_with_wayland-11.1.2/src/util'
Making check in .
make[4]: Entering directory '/sources/7.9/mesa_with_wayland-11.1.2/src/util'
make  u_atomic_test roundeven_test
make[5]: Entering directory '/sources/7.9/mesa_with_wayland-11.1.2/src/util'
  CC       u_atomic_test.o
  CCLD     u_atomic_test
  CC       roundeven_test.o
  CCLD     roundeven_test
make[5]: Leaving directory '/sources/7.9/mesa_with_wayland-11.1.2/src/util'
make  check-TESTS
make[5]: Entering directory '/sources/7.9/mesa_with_wayland-11.1.2/src/util'
make[6]: Entering directory '/sources/7.9/mesa_with_wayland-11.1.2/src/util'
PASS: u_atomic_test
PASS: roundeven_test
============================================================================
Testsuite summary for Mesa 11.1.2
============================================================================
# TOTAL: 2
# PASS:  2
# SKIP:  0
# XFAIL: 0
# FAIL:  0
# XPASS: 0
# ERROR: 0
============================================================================
make[6]: Leaving directory '/sources/7.9/mesa_with_wayland-11.1.2/src/util'
make[5]: Leaving directory '/sources/7.9/mesa_with_wayland-11.1.2/src/util'
make[4]: Leaving directory '/sources/7.9/mesa_with_wayland-11.1.2/src/util'
Making check in tests/hash_table
make[4]: Entering directory '/sources/7.9/mesa_with_wayland-11.1.2/src/util/tests/hash_table'
make  collision delete_and_lookup delete_management destroy_callback insert_and_lookup insert_many null_destroy random_entry remove_null replacement
make[5]: Entering directory '/sources/7.9/mesa_with_wayland-11.1.2/src/util/tests/hash_table'
  CC       collision.o
  CCLD     collision
  CC       delete_and_lookup.o
  CCLD     delete_and_lookup
  CC       delete_management.o
  CCLD     delete_management
  CC       destroy_callback.o
  CCLD     destroy_callback
  CC       insert_and_lookup.o
  CCLD     insert_and_lookup
  CC       insert_many.o
  CCLD     insert_many
  CC       null_destroy.o
  CCLD     null_destroy
  CC       random_entry.o
  CCLD     random_entry
  CC       remove_null.o
  CCLD     remove_null
  CC       replacement.o
  CCLD     replacement
make[5]: Leaving directory '/sources/7.9/mesa_with_wayland-11.1.2/src/util/tests/hash_table'
make  check-TESTS
make[5]: Entering directory '/sources/7.9/mesa_with_wayland-11.1.2/src/util/tests/hash_table'
make[6]: Entering directory '/sources/7.9/mesa_with_wayland-11.1.2/src/util/tests/hash_table'
PASS: collision
PASS: delete_and_lookup
PASS: delete_management
PASS: destroy_callback
PASS: insert_and_lookup
PASS: insert_many
PASS: null_destroy
PASS: random_entry
PASS: remove_null
PASS: replacement
============================================================================
Testsuite summary for Mesa 11.1.2
============================================================================
# TOTAL: 10
# PASS:  10
# SKIP:  0
# XFAIL: 0
# FAIL:  0
# XPASS: 0
# ERROR: 0
============================================================================
make[6]: Leaving directory '/sources/7.9/mesa_with_wayland-11.1.2/src/util/tests/hash_table'
make[5]: Leaving directory '/sources/7.9/mesa_with_wayland-11.1.2/src/util/tests/hash_table'
make[4]: Leaving directory '/sources/7.9/mesa_with_wayland-11.1.2/src/util/tests/hash_table'
make[3]: Leaving directory '/sources/7.9/mesa_with_wayland-11.1.2/src/util'
make[2]: Leaving directory '/sources/7.9/mesa_with_wayland-11.1.2/src/util'
Making check in mapi/glapi/gen
make[2]: Entering directory '/sources/7.9/mesa_with_wayland-11.1.2/src/mapi/glapi/gen'
make  check-am
make[3]: Entering directory '/sources/7.9/mesa_with_wayland-11.1.2/src/mapi/glapi/gen'
make[3]: Nothing to be done for 'check-am'.
make[3]: Leaving directory '/sources/7.9/mesa_with_wayland-11.1.2/src/mapi/glapi/gen'
make[2]: Leaving directory '/sources/7.9/mesa_with_wayland-11.1.2/src/mapi/glapi/gen'
Making check in mapi
make[2]: Entering directory '/sources/7.9/mesa_with_wayland-11.1.2/src/mapi'
make  check-recursive
make[3]: Entering directory '/sources/7.9/mesa_with_wayland-11.1.2/src/mapi'
make[4]: Entering directory '/sources/7.9/mesa_with_wayland-11.1.2/src/mapi'
make  shared-glapi-test 
make[5]: Entering directory '/sources/7.9/mesa_with_wayland-11.1.2/src/mapi'
  CXX      shared-glapi/tests/shared_glapi_test-check_table.o
  CXXLD    shared-glapi-test
make[5]: Leaving directory '/sources/7.9/mesa_with_wayland-11.1.2/src/mapi'
make  check-TESTS
make[5]: Entering directory '/sources/7.9/mesa_with_wayland-11.1.2/src/mapi'
make[6]: Entering directory '/sources/7.9/mesa_with_wayland-11.1.2/src/mapi'
PASS: shared-glapi-test
PASS: es1api/ABI-check
PASS: es2api/ABI-check
============================================================================
Testsuite summary for Mesa 11.1.2
============================================================================
# TOTAL: 3
# PASS:  3
# SKIP:  0
# XFAIL: 0
# FAIL:  0
# XPASS: 0
# ERROR: 0
============================================================================
make[6]: Leaving directory '/sources/7.9/mesa_with_wayland-11.1.2/src/mapi'
make[5]: Leaving directory '/sources/7.9/mesa_with_wayland-11.1.2/src/mapi'
make[4]: Leaving directory '/sources/7.9/mesa_with_wayland-11.1.2/src/mapi'
make[3]: Leaving directory '/sources/7.9/mesa_with_wayland-11.1.2/src/mapi'
make[2]: Leaving directory '/sources/7.9/mesa_with_wayland-11.1.2/src/mapi'
Making check in glsl
make[2]: Entering directory '/sources/7.9/mesa_with_wayland-11.1.2/src/glsl'
make  check-am
make[3]: Entering directory '/sources/7.9/mesa_with_wayland-11.1.2/src/glsl'
make  glcpp/glcpp glsl_test nir/tests/control_flow_tests tests/blob-test tests/general-ir-test tests/sampler-types-test tests/uniform-initializer-test
make[4]: Entering directory '/sources/7.9/mesa_with_wayland-11.1.2/src/glsl'
  CC       glcpp/glcpp.o
  CCLD     glcpp/glcpp
  CXX      test.o
  CXX      test_optpass.o
  CXXLD    glsl_test
  CXX      nir/tests/control_flow_tests.o
  CXXLD    nir/tests/control_flow_tests
  CC       tests/blob_test.o
  CCLD     tests/blob-test
  CXX      tests/builtin_variable_test.o
  CXX      tests/invalidate_locations_test.o
  CXX      tests/general_ir_test.o
  CXX      tests/varyings_test.o
  CXXLD    tests/general-ir-test
  CXX      tests/sampler_types_test.o
  CXXLD    tests/sampler-types-test
  CXX      tests/copy_constant_to_storage_tests.o
  CXX      tests/set_uniform_initializer_tests.o
  CXX      tests/uniform_initializer_utils.o
  CXXLD    tests/uniform-initializer-test
make[4]: Leaving directory '/sources/7.9/mesa_with_wayland-11.1.2/src/glsl'
make  check-TESTS
make[4]: Entering directory '/sources/7.9/mesa_with_wayland-11.1.2/src/glsl'
make[5]: Entering directory '/sources/7.9/mesa_with_wayland-11.1.2/src/glsl'
PASS: glcpp/tests/glcpp-test
PASS: glcpp/tests/glcpp-test-cr-lf
PASS: nir/tests/control_flow_tests
PASS: tests/blob-test
PASS: tests/general-ir-test
PASS: tests/optimization-test
PASS: tests/sampler-types-test
PASS: tests/uniform-initializer-test
============================================================================
Testsuite summary for Mesa 11.1.2
============================================================================
# TOTAL: 8
# PASS:  8
# SKIP:  0
# XFAIL: 0
# FAIL:  0
# XPASS: 0
# ERROR: 0
============================================================================
make[5]: Leaving directory '/sources/7.9/mesa_with_wayland-11.1.2/src/glsl'
make[4]: Leaving directory '/sources/7.9/mesa_with_wayland-11.1.2/src/glsl'
make[3]: Leaving directory '/sources/7.9/mesa_with_wayland-11.1.2/src/glsl'
make[2]: Leaving directory '/sources/7.9/mesa_with_wayland-11.1.2/src/glsl'
Making check in mesa
make[2]: Entering directory '/sources/7.9/mesa_with_wayland-11.1.2/src/mesa'
updating main/git_sha1.h
make  check-recursive
make[3]: Entering directory '/sources/7.9/mesa_with_wayland-11.1.2/src/mesa'
Making check in .
make[4]: Entering directory '/sources/7.9/mesa_with_wayland-11.1.2/src/mesa'
updating main/git_sha1.h
make  
make[5]: Entering directory '/sources/7.9/mesa_with_wayland-11.1.2/src/mesa'
updating main/git_sha1.h
make  all-recursive
make[6]: Entering directory '/sources/7.9/mesa_with_wayland-11.1.2/src/mesa'
Making all in .
make[7]: Entering directory '/sources/7.9/mesa_with_wayland-11.1.2/src/mesa'
updating main/git_sha1.h
make[7]: Leaving directory '/sources/7.9/mesa_with_wayland-11.1.2/src/mesa'
Making all in main/tests
make[7]: Entering directory '/sources/7.9/mesa_with_wayland-11.1.2/src/mesa/main/tests'
make[7]: Nothing to be done for 'all'.
make[7]: Leaving directory '/sources/7.9/mesa_with_wayland-11.1.2/src/mesa/main/tests'
Making all in drivers/dri
make[7]: Entering directory '/sources/7.9/mesa_with_wayland-11.1.2/src/mesa/drivers/dri'
Making all in common
make[8]: Entering directory '/sources/7.9/mesa_with_wayland-11.1.2/src/mesa/drivers/dri/common'
Making all in xmlpool
make[9]: Entering directory '/sources/7.9/mesa_with_wayland-11.1.2/src/mesa/drivers/dri/common/xmlpool'
make  all-am
make[10]: Entering directory '/sources/7.9/mesa_with_wayland-11.1.2/src/mesa/drivers/dri/common/xmlpool'
make[10]: Nothing to be done for 'all-am'.
make[10]: Leaving directory '/sources/7.9/mesa_with_wayland-11.1.2/src/mesa/drivers/dri/common/xmlpool'
make[9]: Leaving directory '/sources/7.9/mesa_with_wayland-11.1.2/src/mesa/drivers/dri/common/xmlpool'
make[9]: Entering directory '/sources/7.9/mesa_with_wayland-11.1.2/src/mesa/drivers/dri/common'
make[9]: Nothing to be done for 'all-am'.
make[9]: Leaving directory '/sources/7.9/mesa_with_wayland-11.1.2/src/mesa/drivers/dri/common'
make[8]: Leaving directory '/sources/7.9/mesa_with_wayland-11.1.2/src/mesa/drivers/dri/common'
Making all in i915
make[8]: Entering directory '/sources/7.9/mesa_with_wayland-11.1.2/src/mesa/drivers/dri/i915'
make[8]: Nothing to be done for 'all'.
make[8]: Leaving directory '/sources/7.9/mesa_with_wayland-11.1.2/src/mesa/drivers/dri/i915'
Making all in i965
make[8]: Entering directory '/sources/7.9/mesa_with_wayland-11.1.2/src/mesa/drivers/dri/i965'
make[8]: Nothing to be done for 'all'.
make[8]: Leaving directory '/sources/7.9/mesa_with_wayland-11.1.2/src/mesa/drivers/dri/i965'
Making all in nouveau
make[8]: Entering directory '/sources/7.9/mesa_with_wayland-11.1.2/src/mesa/drivers/dri/nouveau'
make[8]: Nothing to be done for 'all'.
make[8]: Leaving directory '/sources/7.9/mesa_with_wayland-11.1.2/src/mesa/drivers/dri/nouveau'
Making all in r200
make[8]: Entering directory '/sources/7.9/mesa_with_wayland-11.1.2/src/mesa/drivers/dri/r200'
make[8]: Nothing to be done for 'all'.
make[8]: Leaving directory '/sources/7.9/mesa_with_wayland-11.1.2/src/mesa/drivers/dri/r200'
Making all in radeon
make[8]: Entering directory '/sources/7.9/mesa_with_wayland-11.1.2/src/mesa/drivers/dri/radeon'
make[8]: Nothing to be done for 'all'.
make[8]: Leaving directory '/sources/7.9/mesa_with_wayland-11.1.2/src/mesa/drivers/dri/radeon'
Making all in swrast
make[8]: Entering directory '/sources/7.9/mesa_with_wayland-11.1.2/src/mesa/drivers/dri/swrast'
make[8]: Nothing to be done for 'all'.
make[8]: Leaving directory '/sources/7.9/mesa_with_wayland-11.1.2/src/mesa/drivers/dri/swrast'
make[8]: Entering directory '/sources/7.9/mesa_with_wayland-11.1.2/src/mesa/drivers/dri'
  GEN      all-local
  GEN      all-local
make[8]: Leaving directory '/sources/7.9/mesa_with_wayland-11.1.2/src/mesa/drivers/dri'
make[7]: Leaving directory '/sources/7.9/mesa_with_wayland-11.1.2/src/mesa/drivers/dri'
Making all in drivers/osmesa
make[7]: Entering directory '/sources/7.9/mesa_with_wayland-11.1.2/src/mesa/drivers/osmesa'
make[7]: Nothing to be done for 'all'.
make[7]: Leaving directory '/sources/7.9/mesa_with_wayland-11.1.2/src/mesa/drivers/osmesa'
make[6]: Leaving directory '/sources/7.9/mesa_with_wayland-11.1.2/src/mesa'
make[5]: Leaving directory '/sources/7.9/mesa_with_wayland-11.1.2/src/mesa'
make[4]: Leaving directory '/sources/7.9/mesa_with_wayland-11.1.2/src/mesa'
Making check in main/tests
make[4]: Entering directory '/sources/7.9/mesa_with_wayland-11.1.2/src/mesa/main/tests'
make  main-test
make[5]: Entering directory '/sources/7.9/mesa_with_wayland-11.1.2/src/mesa/main/tests'
  CXX      enum_strings.o
  CXX      dispatch_sanity.o
  CXX      mesa_formats.o
  CXX      mesa_extensions.o
  CXX      program_state_string.o
  CXXLD    main-test
make[5]: Leaving directory '/sources/7.9/mesa_with_wayland-11.1.2/src/mesa/main/tests'
make  check-TESTS
make[5]: Entering directory '/sources/7.9/mesa_with_wayland-11.1.2/src/mesa/main/tests'
make[6]: Entering directory '/sources/7.9/mesa_with_wayland-11.1.2/src/mesa/main/tests'
PASS: main-test
============================================================================
Testsuite summary for Mesa 11.1.2
============================================================================
# TOTAL: 1
# PASS:  1
# SKIP:  0
# XFAIL: 0
# FAIL:  0
# XPASS: 0
# ERROR: 0
============================================================================
make[6]: Leaving directory '/sources/7.9/mesa_with_wayland-11.1.2/src/mesa/main/tests'
make[5]: Leaving directory '/sources/7.9/mesa_with_wayland-11.1.2/src/mesa/main/tests'
make[4]: Leaving directory '/sources/7.9/mesa_with_wayland-11.1.2/src/mesa/main/tests'
Making check in drivers/dri
make[4]: Entering directory '/sources/7.9/mesa_with_wayland-11.1.2/src/mesa/drivers/dri'
Making check in common
make[5]: Entering directory '/sources/7.9/mesa_with_wayland-11.1.2/src/mesa/drivers/dri/common'
Making check in xmlpool
make[6]: Entering directory '/sources/7.9/mesa_with_wayland-11.1.2/src/mesa/drivers/dri/common/xmlpool'
make  check-am
make[7]: Entering directory '/sources/7.9/mesa_with_wayland-11.1.2/src/mesa/drivers/dri/common/xmlpool'
make[7]: Nothing to be done for 'check-am'.
make[7]: Leaving directory '/sources/7.9/mesa_with_wayland-11.1.2/src/mesa/drivers/dri/common/xmlpool'
make[6]: Leaving directory '/sources/7.9/mesa_with_wayland-11.1.2/src/mesa/drivers/dri/common/xmlpool'
make[6]: Entering directory '/sources/7.9/mesa_with_wayland-11.1.2/src/mesa/drivers/dri/common'
make[6]: Nothing to be done for 'check-am'.
make[6]: Leaving directory '/sources/7.9/mesa_with_wayland-11.1.2/src/mesa/drivers/dri/common'
make[5]: Leaving directory '/sources/7.9/mesa_with_wayland-11.1.2/src/mesa/drivers/dri/common'
Making check in i915
make[5]: Entering directory '/sources/7.9/mesa_with_wayland-11.1.2/src/mesa/drivers/dri/i915'
make[5]: Nothing to be done for 'check'.
make[5]: Leaving directory '/sources/7.9/mesa_with_wayland-11.1.2/src/mesa/drivers/dri/i915'
Making check in i965
make[5]: Entering directory '/sources/7.9/mesa_with_wayland-11.1.2/src/mesa/drivers/dri/i965'
make  test_fs_cmod_propagation test_fs_saturate_propagation test_eu_compact test_vf_float_conversions test_vec4_cmod_propagation test_vec4_copy_propagation test_vec4_register_coalesce
make[6]: Entering directory '/sources/7.9/mesa_with_wayland-11.1.2/src/mesa/drivers/dri/i965'
  CXX      test_fs_cmod_propagation.o
  CXXLD    test_fs_cmod_propagation
  CXX      test_fs_saturate_propagation.o
  CXXLD    test_fs_saturate_propagation
  CC       test_eu_compact.o
  CXXLD    test_eu_compact
  CXX      test_vf_float_conversions.o
  CXXLD    test_vf_float_conversions
  CXX      test_vec4_cmod_propagation.o
  CXXLD    test_vec4_cmod_propagation
  CXX      test_vec4_copy_propagation.o
  CXXLD    test_vec4_copy_propagation
  CXX      test_vec4_register_coalesce.o
  CXXLD    test_vec4_register_coalesce
make[6]: Leaving directory '/sources/7.9/mesa_with_wayland-11.1.2/src/mesa/drivers/dri/i965'
make  check-TESTS
make[6]: Entering directory '/sources/7.9/mesa_with_wayland-11.1.2/src/mesa/drivers/dri/i965'
make[7]: Entering directory '/sources/7.9/mesa_with_wayland-11.1.2/src/mesa/drivers/dri/i965'
PASS: test_fs_cmod_propagation
PASS: test_fs_saturate_propagation
PASS: test_eu_compact
PASS: test_vf_float_conversions
PASS: test_vec4_cmod_propagation
PASS: test_vec4_copy_propagation
PASS: test_vec4_register_coalesce
============================================================================
Testsuite summary for Mesa 11.1.2
============================================================================
# TOTAL: 7
# PASS:  7
# SKIP:  0
# XFAIL: 0
# FAIL:  0
# XPASS: 0
# ERROR: 0
============================================================================
make[7]: Leaving directory '/sources/7.9/mesa_with_wayland-11.1.2/src/mesa/drivers/dri/i965'
make[6]: Leaving directory '/sources/7.9/mesa_with_wayland-11.1.2/src/mesa/drivers/dri/i965'
make[5]: Leaving directory '/sources/7.9/mesa_with_wayland-11.1.2/src/mesa/drivers/dri/i965'
Making check in nouveau
make[5]: Entering directory '/sources/7.9/mesa_with_wayland-11.1.2/src/mesa/drivers/dri/nouveau'
make[5]: Nothing to be done for 'check'.
make[5]: Leaving directory '/sources/7.9/mesa_with_wayland-11.1.2/src/mesa/drivers/dri/nouveau'
Making check in r200
make[5]: Entering directory '/sources/7.9/mesa_with_wayland-11.1.2/src/mesa/drivers/dri/r200'
make[5]: Nothing to be done for 'check'.
make[5]: Leaving directory '/sources/7.9/mesa_with_wayland-11.1.2/src/mesa/drivers/dri/r200'
Making check in radeon
make[5]: Entering directory '/sources/7.9/mesa_with_wayland-11.1.2/src/mesa/drivers/dri/radeon'
make[5]: Nothing to be done for 'check'.
make[5]: Leaving directory '/sources/7.9/mesa_with_wayland-11.1.2/src/mesa/drivers/dri/radeon'
Making check in swrast
make[5]: Entering directory '/sources/7.9/mesa_with_wayland-11.1.2/src/mesa/drivers/dri/swrast'
make[5]: Nothing to be done for 'check'.
make[5]: Leaving directory '/sources/7.9/mesa_with_wayland-11.1.2/src/mesa/drivers/dri/swrast'
make[5]: Entering directory '/sources/7.9/mesa_with_wayland-11.1.2/src/mesa/drivers/dri'
  GEN      all-local
  GEN      all-local
make[5]: Leaving directory '/sources/7.9/mesa_with_wayland-11.1.2/src/mesa/drivers/dri'
make[4]: Leaving directory '/sources/7.9/mesa_with_wayland-11.1.2/src/mesa/drivers/dri'
Making check in drivers/osmesa
make[4]: Entering directory '/sources/7.9/mesa_with_wayland-11.1.2/src/mesa/drivers/osmesa'
make[4]: Nothing to be done for 'check'.
make[4]: Leaving directory '/sources/7.9/mesa_with_wayland-11.1.2/src/mesa/drivers/osmesa'
make[3]: Leaving directory '/sources/7.9/mesa_with_wayland-11.1.2/src/mesa'
make[2]: Leaving directory '/sources/7.9/mesa_with_wayland-11.1.2/src/mesa'
Making check in loader
make[2]: Entering directory '/sources/7.9/mesa_with_wayland-11.1.2/src/loader'
make[2]: Nothing to be done for 'check'.
make[2]: Leaving directory '/sources/7.9/mesa_with_wayland-11.1.2/src/loader'
Making check in glx
make[2]: Entering directory '/sources/7.9/mesa_with_wayland-11.1.2/src/glx'
Making check in .
make[3]: Entering directory '/sources/7.9/mesa_with_wayland-11.1.2/src/glx'
make[3]: Nothing to be done for 'check-am'.
make[3]: Leaving directory '/sources/7.9/mesa_with_wayland-11.1.2/src/glx'
Making check in tests
make[3]: Entering directory '/sources/7.9/mesa_with_wayland-11.1.2/src/glx/tests'
make  glx-test
make[4]: Entering directory '/sources/7.9/mesa_with_wayland-11.1.2/src/glx/tests'
  CXX      clientinfo_unittest.o
  CXX      create_context_unittest.o
  CXX      enum_sizes.o
  CXX      fake_glx_screen.o
  CXX      indirect_api.o
  CXX      query_renderer_unittest.o
  CXX      query_renderer_implementation_unittest.o
  CXXLD    glx-test
make[4]: Leaving directory '/sources/7.9/mesa_with_wayland-11.1.2/src/glx/tests'
make  check-TESTS
make[4]: Entering directory '/sources/7.9/mesa_with_wayland-11.1.2/src/glx/tests'
make[5]: Entering directory '/sources/7.9/mesa_with_wayland-11.1.2/src/glx/tests'
PASS: glx-test
============================================================================
Testsuite summary for Mesa 11.1.2
============================================================================
# TOTAL: 1
# PASS:  1
# SKIP:  0
# XFAIL: 0
# FAIL:  0
# XPASS: 0
# ERROR: 0
============================================================================
make[5]: Leaving directory '/sources/7.9/mesa_with_wayland-11.1.2/src/glx/tests'
make[4]: Leaving directory '/sources/7.9/mesa_with_wayland-11.1.2/src/glx/tests'
make[3]: Leaving directory '/sources/7.9/mesa_with_wayland-11.1.2/src/glx/tests'
make[2]: Leaving directory '/sources/7.9/mesa_with_wayland-11.1.2/src/glx'
Making check in egl/wayland/wayland-egl
make[2]: Entering directory '/sources/7.9/mesa_with_wayland-11.1.2/src/egl/wayland/wayland-egl'
make  check-TESTS
make[3]: Entering directory '/sources/7.9/mesa_with_wayland-11.1.2/src/egl/wayland/wayland-egl'
make[4]: Entering directory '/sources/7.9/mesa_with_wayland-11.1.2/src/egl/wayland/wayland-egl'
PASS: wayland-egl-symbols-check
============================================================================
Testsuite summary for Mesa 11.1.2
============================================================================
# TOTAL: 1
# PASS:  1
# SKIP:  0
# XFAIL: 0
# FAIL:  0
# XPASS: 0
# ERROR: 0
============================================================================
make[4]: Leaving directory '/sources/7.9/mesa_with_wayland-11.1.2/src/egl/wayland/wayland-egl'
make[3]: Leaving directory '/sources/7.9/mesa_with_wayland-11.1.2/src/egl/wayland/wayland-egl'
make[2]: Leaving directory '/sources/7.9/mesa_with_wayland-11.1.2/src/egl/wayland/wayland-egl'
Making check in egl/wayland/wayland-drm
make[2]: Entering directory '/sources/7.9/mesa_with_wayland-11.1.2/src/egl/wayland/wayland-drm'
make  check-am
make[3]: Entering directory '/sources/7.9/mesa_with_wayland-11.1.2/src/egl/wayland/wayland-drm'
make[3]: Nothing to be done for 'check-am'.
make[3]: Leaving directory '/sources/7.9/mesa_with_wayland-11.1.2/src/egl/wayland/wayland-drm'
make[2]: Leaving directory '/sources/7.9/mesa_with_wayland-11.1.2/src/egl/wayland/wayland-drm'
Making check in gbm
make[2]: Entering directory '/sources/7.9/mesa_with_wayland-11.1.2/src/gbm'
make  check-TESTS
make[3]: Entering directory '/sources/7.9/mesa_with_wayland-11.1.2/src/gbm'
make[4]: Entering directory '/sources/7.9/mesa_with_wayland-11.1.2/src/gbm'
PASS: gbm-symbols-check
============================================================================
Testsuite summary for Mesa 11.1.2
============================================================================
# TOTAL: 1
# PASS:  1
# SKIP:  0
# XFAIL: 0
# FAIL:  0
# XPASS: 0
# ERROR: 0
============================================================================
make[4]: Leaving directory '/sources/7.9/mesa_with_wayland-11.1.2/src/gbm'
make[3]: Leaving directory '/sources/7.9/mesa_with_wayland-11.1.2/src/gbm'
make[2]: Leaving directory '/sources/7.9/mesa_with_wayland-11.1.2/src/gbm'
Making check in egl
make[2]: Entering directory '/sources/7.9/mesa_with_wayland-11.1.2/src/egl'
make  check-TESTS
make[3]: Entering directory '/sources/7.9/mesa_with_wayland-11.1.2/src/egl'
make[4]: Entering directory '/sources/7.9/mesa_with_wayland-11.1.2/src/egl'
PASS: egl-symbols-check
============================================================================
Testsuite summary for Mesa 11.1.2
============================================================================
# TOTAL: 1
# PASS:  1
# SKIP:  0
# XFAIL: 0
# FAIL:  0
# XPASS: 0
# ERROR: 0
============================================================================
make[4]: Leaving directory '/sources/7.9/mesa_with_wayland-11.1.2/src/egl'
make[3]: Leaving directory '/sources/7.9/mesa_with_wayland-11.1.2/src/egl'
make[2]: Leaving directory '/sources/7.9/mesa_with_wayland-11.1.2/src/egl'
Making check in gallium
make[2]: Entering directory '/sources/7.9/mesa_with_wayland-11.1.2/src/gallium'
Making check in auxiliary
make[3]: Entering directory '/sources/7.9/mesa_with_wayland-11.1.2/src/gallium/auxiliary'
make[3]: Nothing to be done for 'check'.
make[3]: Leaving directory '/sources/7.9/mesa_with_wayland-11.1.2/src/gallium/auxiliary'
Making check in auxiliary/pipe-loader
make[3]: Entering directory '/sources/7.9/mesa_with_wayland-11.1.2/src/gallium/auxiliary/pipe-loader'
make[3]: Nothing to be done for 'check'.
make[3]: Leaving directory '/sources/7.9/mesa_with_wayland-11.1.2/src/gallium/auxiliary/pipe-loader'
Making check in drivers/ddebug
make[3]: Entering directory '/sources/7.9/mesa_with_wayland-11.1.2/src/gallium/drivers/ddebug'
make[3]: Nothing to be done for 'check'.
make[3]: Leaving directory '/sources/7.9/mesa_with_wayland-11.1.2/src/gallium/drivers/ddebug'
Making check in drivers/noop
make[3]: Entering directory '/sources/7.9/mesa_with_wayland-11.1.2/src/gallium/drivers/noop'
make[3]: Nothing to be done for 'check'.
make[3]: Leaving directory '/sources/7.9/mesa_with_wayland-11.1.2/src/gallium/drivers/noop'
Making check in drivers/trace
make[3]: Entering directory '/sources/7.9/mesa_with_wayland-11.1.2/src/gallium/drivers/trace'
make[3]: Nothing to be done for 'check'.
make[3]: Leaving directory '/sources/7.9/mesa_with_wayland-11.1.2/src/gallium/drivers/trace'
Making check in drivers/rbug
make[3]: Entering directory '/sources/7.9/mesa_with_wayland-11.1.2/src/gallium/drivers/rbug'
make[3]: Nothing to be done for 'check'.
make[3]: Leaving directory '/sources/7.9/mesa_with_wayland-11.1.2/src/gallium/drivers/rbug'
Making check in drivers/nouveau
make[3]: Entering directory '/sources/7.9/mesa_with_wayland-11.1.2/src/gallium/drivers/nouveau'
make[3]: Nothing to be done for 'check'.
make[3]: Leaving directory '/sources/7.9/mesa_with_wayland-11.1.2/src/gallium/drivers/nouveau'
Making check in winsys/nouveau/drm
make[3]: Entering directory '/sources/7.9/mesa_with_wayland-11.1.2/src/gallium/winsys/nouveau/drm'
make[3]: Nothing to be done for 'check'.
make[3]: Leaving directory '/sources/7.9/mesa_with_wayland-11.1.2/src/gallium/winsys/nouveau/drm'
Making check in drivers/svga
make[3]: Entering directory '/sources/7.9/mesa_with_wayland-11.1.2/src/gallium/drivers/svga'
make[3]: Nothing to be done for 'check'.
make[3]: Leaving directory '/sources/7.9/mesa_with_wayland-11.1.2/src/gallium/drivers/svga'
Making check in winsys/svga/drm
make[3]: Entering directory '/sources/7.9/mesa_with_wayland-11.1.2/src/gallium/winsys/svga/drm'
make[3]: Nothing to be done for 'check'.
make[3]: Leaving directory '/sources/7.9/mesa_with_wayland-11.1.2/src/gallium/winsys/svga/drm'
Making check in drivers/r300
make[3]: Entering directory '/sources/7.9/mesa_with_wayland-11.1.2/src/gallium/drivers/r300'
make  r300_compiler_tests
make[4]: Entering directory '/sources/7.9/mesa_with_wayland-11.1.2/src/gallium/drivers/r300'
  CC       compiler/tests/r300_compiler_tests-r300_compiler_tests.o
  CC       compiler/tests/r300_compiler_tests-radeon_compiler_optimize_tests.o
  CC       compiler/tests/r300_compiler_tests-radeon_compiler_regalloc_tests.o
  CC       compiler/tests/r300_compiler_tests-radeon_compiler_util_tests.o
  CC       compiler/tests/r300_compiler_tests-rc_test_helpers.o
  CC       compiler/tests/r300_compiler_tests-unit_test.o
  CCLD     r300_compiler_tests
make[4]: Leaving directory '/sources/7.9/mesa_with_wayland-11.1.2/src/gallium/drivers/r300'
make  check-TESTS
make[4]: Entering directory '/sources/7.9/mesa_with_wayland-11.1.2/src/gallium/drivers/r300'
make[5]: Entering directory '/sources/7.9/mesa_with_wayland-11.1.2/src/gallium/drivers/r300'
PASS: r300_compiler_tests
============================================================================
Testsuite summary for Mesa 11.1.2
============================================================================
# TOTAL: 1
# PASS:  1
# SKIP:  0
# XFAIL: 0
# FAIL:  0
# XPASS: 0
# ERROR: 0
============================================================================
make[5]: Leaving directory '/sources/7.9/mesa_with_wayland-11.1.2/src/gallium/drivers/r300'
make[4]: Leaving directory '/sources/7.9/mesa_with_wayland-11.1.2/src/gallium/drivers/r300'
make[3]: Leaving directory '/sources/7.9/mesa_with_wayland-11.1.2/src/gallium/drivers/r300'
Making check in drivers/radeon
make[3]: Entering directory '/sources/7.9/mesa_with_wayland-11.1.2/src/gallium/drivers/radeon'
make[3]: Nothing to be done for 'check'.
make[3]: Leaving directory '/sources/7.9/mesa_with_wayland-11.1.2/src/gallium/drivers/radeon'
Making check in drivers/r600
make[3]: Entering directory '/sources/7.9/mesa_with_wayland-11.1.2/src/gallium/drivers/r600'
make[3]: Nothing to be done for 'check'.
make[3]: Leaving directory '/sources/7.9/mesa_with_wayland-11.1.2/src/gallium/drivers/r600'
Making check in drivers/radeonsi
make[3]: Entering directory '/sources/7.9/mesa_with_wayland-11.1.2/src/gallium/drivers/radeonsi'
make  check-am
make[4]: Entering directory '/sources/7.9/mesa_with_wayland-11.1.2/src/gallium/drivers/radeonsi'
make[4]: Nothing to be done for 'check-am'.
make[4]: Leaving directory '/sources/7.9/mesa_with_wayland-11.1.2/src/gallium/drivers/radeonsi'
make[3]: Leaving directory '/sources/7.9/mesa_with_wayland-11.1.2/src/gallium/drivers/radeonsi'
Making check in winsys/amdgpu/drm
make[3]: Entering directory '/sources/7.9/mesa_with_wayland-11.1.2/src/gallium/winsys/amdgpu/drm'
make[3]: Nothing to be done for 'check'.
make[3]: Leaving directory '/sources/7.9/mesa_with_wayland-11.1.2/src/gallium/winsys/amdgpu/drm'
Making check in winsys/radeon/drm
make[3]: Entering directory '/sources/7.9/mesa_with_wayland-11.1.2/src/gallium/winsys/radeon/drm'
make[3]: Nothing to be done for 'check'.
make[3]: Leaving directory '/sources/7.9/mesa_with_wayland-11.1.2/src/gallium/winsys/radeon/drm'
Making check in drivers/softpipe
make[3]: Entering directory '/sources/7.9/mesa_with_wayland-11.1.2/src/gallium/drivers/softpipe'
make[3]: Nothing to be done for 'check'.
make[3]: Leaving directory '/sources/7.9/mesa_with_wayland-11.1.2/src/gallium/drivers/softpipe'
Making check in drivers/llvmpipe
make[3]: Entering directory '/sources/7.9/mesa_with_wayland-11.1.2/src/gallium/drivers/llvmpipe'
make  lp_test_format lp_test_arit lp_test_blend lp_test_conv lp_test_printf
make[4]: Entering directory '/sources/7.9/mesa_with_wayland-11.1.2/src/gallium/drivers/llvmpipe'
  CC       lp_test_format.o
  CC       lp_test_main.o
  CXXLD    lp_test_format
  CC       lp_test_arit.o
  CXXLD    lp_test_arit
  CC       lp_test_blend.o
  CXXLD    lp_test_blend
  CC       lp_test_conv.o
  CXXLD    lp_test_conv
  CC       lp_test_printf.o
  CXXLD    lp_test_printf
make[4]: Leaving directory '/sources/7.9/mesa_with_wayland-11.1.2/src/gallium/drivers/llvmpipe'
make  check-TESTS
make[4]: Entering directory '/sources/7.9/mesa_with_wayland-11.1.2/src/gallium/drivers/llvmpipe'
make[5]: Entering directory '/sources/7.9/mesa_with_wayland-11.1.2/src/gallium/drivers/llvmpipe'
PASS: lp_test_format
PASS: lp_test_arit
PASS: lp_test_blend
PASS: lp_test_conv
PASS: lp_test_printf
============================================================================
Testsuite summary for Mesa 11.1.2
============================================================================
# TOTAL: 5
# PASS:  5
# SKIP:  0
# XFAIL: 0
# FAIL:  0
# XPASS: 0
# ERROR: 0
============================================================================
make[5]: Leaving directory '/sources/7.9/mesa_with_wayland-11.1.2/src/gallium/drivers/llvmpipe'
make[4]: Leaving directory '/sources/7.9/mesa_with_wayland-11.1.2/src/gallium/drivers/llvmpipe'
make[3]: Leaving directory '/sources/7.9/mesa_with_wayland-11.1.2/src/gallium/drivers/llvmpipe'
Making check in winsys/sw/null
make[3]: Entering directory '/sources/7.9/mesa_with_wayland-11.1.2/src/gallium/winsys/sw/null'
make[3]: Nothing to be done for 'check'.
make[3]: Leaving directory '/sources/7.9/mesa_with_wayland-11.1.2/src/gallium/winsys/sw/null'
Making check in winsys/sw/dri
make[3]: Entering directory '/sources/7.9/mesa_with_wayland-11.1.2/src/gallium/winsys/sw/dri'
make[3]: Nothing to be done for 'check'.
make[3]: Leaving directory '/sources/7.9/mesa_with_wayland-11.1.2/src/gallium/winsys/sw/dri'
Making check in winsys/sw/kms-dri
make[3]: Entering directory '/sources/7.9/mesa_with_wayland-11.1.2/src/gallium/winsys/sw/kms-dri'
make[3]: Nothing to be done for 'check'.
make[3]: Leaving directory '/sources/7.9/mesa_with_wayland-11.1.2/src/gallium/winsys/sw/kms-dri'
Making check in winsys/sw/wrapper
make[3]: Entering directory '/sources/7.9/mesa_with_wayland-11.1.2/src/gallium/winsys/sw/wrapper'
make[3]: Nothing to be done for 'check'.
make[3]: Leaving directory '/sources/7.9/mesa_with_wayland-11.1.2/src/gallium/winsys/sw/wrapper'
Making check in state_trackers/dri
make[3]: Entering directory '/sources/7.9/mesa_with_wayland-11.1.2/src/gallium/state_trackers/dri'
make[3]: Nothing to be done for 'check'.
make[3]: Leaving directory '/sources/7.9/mesa_with_wayland-11.1.2/src/gallium/state_trackers/dri'
Making check in targets/dri
make[3]: Entering directory '/sources/7.9/mesa_with_wayland-11.1.2/src/gallium/targets/dri'
  GEN      all-local
make[3]: Leaving directory '/sources/7.9/mesa_with_wayland-11.1.2/src/gallium/targets/dri'
Making check in state_trackers/vdpau
make[3]: Entering directory '/sources/7.9/mesa_with_wayland-11.1.2/src/gallium/state_trackers/vdpau'
make[3]: Nothing to be done for 'check'.
make[3]: Leaving directory '/sources/7.9/mesa_with_wayland-11.1.2/src/gallium/state_trackers/vdpau'
Making check in targets/vdpau
make[3]: Entering directory '/sources/7.9/mesa_with_wayland-11.1.2/src/gallium/targets/vdpau'
  GEN      all-local
make[3]: Leaving directory '/sources/7.9/mesa_with_wayland-11.1.2/src/gallium/targets/vdpau'
Making check in state_trackers/xa
make[3]: Entering directory '/sources/7.9/mesa_with_wayland-11.1.2/src/gallium/state_trackers/xa'
make[3]: Nothing to be done for 'check'.
make[3]: Leaving directory '/sources/7.9/mesa_with_wayland-11.1.2/src/gallium/state_trackers/xa'
Making check in targets/xa
make[3]: Entering directory '/sources/7.9/mesa_with_wayland-11.1.2/src/gallium/targets/xa'
make[3]: Nothing to be done for 'check'.
make[3]: Leaving directory '/sources/7.9/mesa_with_wayland-11.1.2/src/gallium/targets/xa'
Making check in state_trackers/xvmc
make[3]: Entering directory '/sources/7.9/mesa_with_wayland-11.1.2/src/gallium/state_trackers/xvmc'
make[3]: Nothing to be done for 'check'.
make[3]: Leaving directory '/sources/7.9/mesa_with_wayland-11.1.2/src/gallium/state_trackers/xvmc'
Making check in targets/xvmc
make[3]: Entering directory '/sources/7.9/mesa_with_wayland-11.1.2/src/gallium/targets/xvmc'
make[3]: Nothing to be done for 'check'.
make[3]: Leaving directory '/sources/7.9/mesa_with_wayland-11.1.2/src/gallium/targets/xvmc'
make[3]: Entering directory '/sources/7.9/mesa_with_wayland-11.1.2/src/gallium'
make[3]: Nothing to be done for 'check-am'.
make[3]: Leaving directory '/sources/7.9/mesa_with_wayland-11.1.2/src/gallium'
make[2]: Leaving directory '/sources/7.9/mesa_with_wayland-11.1.2/src/gallium'
make[1]: Leaving directory '/sources/7.9/mesa_with_wayland-11.1.2/src'
make[1]: Entering directory '/sources/7.9/mesa_with_wayland-11.1.2'
make[1]: Nothing to be done for 'check-am'.
make[1]: Leaving directory '/sources/7.9/mesa_with_wayland-11.1.2'
