checking for a BSD-compatible install... /usr/bin/install -c
checking whether build environment is sane... yes
checking for a thread-safe mkdir -p... /bin/mkdir -p
checking for gawk... gawk
checking whether make sets $(MAKE)... yes
checking whether make supports nested variables... yes
checking for style of include used by make... GNU
checking for gcc... gcc
checking whether the C compiler works... yes
checking for C compiler default output file name... a.out
checking for suffix of executables... 
checking whether we are cross compiling... no
checking for suffix of object files... o
checking whether we are using the GNU C compiler... yes
checking whether gcc accepts -g... yes
checking for gcc option to accept ISO C89... none needed
checking whether gcc understands -c and -o together... yes
checking dependency style of gcc... gcc3
checking how to run the C preprocessor... gcc -E
checking for grep that handles long lines and -e... /bin/grep
checking for egrep... /bin/grep -E
checking for ANSI C header files... yes
checking for sys/types.h... yes
checking for sys/stat.h... yes
checking for stdlib.h... yes
checking for string.h... yes
checking for memory.h... yes
checking for strings.h... yes
checking for inttypes.h... yes
checking for stdint.h... yes
checking for unistd.h... yes
checking minix/config.h usability... no
checking minix/config.h presence... no
checking for minix/config.h... no
checking whether it is safe to define __EXTENSIONS__... yes
checking whether to enable maintainer-specific portions of Makefiles... no
checking build system type... x86_64-unknown-linux-gnu
checking host system type... x86_64-unknown-linux-gnu
checking whether make sets $(MAKE)... (cached) yes
checking whether build environment is sane... yes
checking for gcc... (cached) gcc
checking whether we are using the GNU C compiler... (cached) yes
checking whether gcc accepts -g... (cached) yes
checking for gcc option to accept ISO C89... (cached) none needed
checking whether gcc understands -c and -o together... (cached) yes
checking dependency style of gcc... (cached) gcc3
checking how to run the C preprocessor... gcc -E
checking for ranlib... ranlib
checking for g++... g++
checking whether we are using the GNU C++ compiler... yes
checking whether g++ accepts -g... yes
checking dependency style of g++... gcc3
checking whether ln -s works... yes
checking for windres... no
checking for gitlog-to-changelog... no
checking if gcc ignores unknown -Wno-* options... yes
checking if gcc supports -Wpointer-arith... yes
checking for ANSI C header files... (cached) yes
checking for string.h... (cached) yes
checking for unistd.h... (cached) yes
checking langinfo.h usability... yes
checking langinfo.h presence... yes
checking for langinfo.h... yes
checking termio.h usability... yes
checking termio.h presence... yes
checking for termio.h... yes
checking locale.h usability... yes
checking locale.h presence... yes
checking for locale.h... yes
checking utime.h usability... yes
checking utime.h presence... yes
checking for utime.h... yes
checking wchar.h usability... yes
checking wchar.h presence... yes
checking for wchar.h... yes
checking for seteuid... yes
checking for stpcpy... yes
checking for mmap... yes
checking for mlock... yes
checking whether mlock is broken... no
checking for uint32_t... yes
checking for gpg-error-config... /usr/bin/gpg-error-config
checking for GPG Error - version >= 1.16... yes (1.21)
checking for libassuan-config... /usr/bin/libassuan-config
checking for LIBASSUAN - version >= 2.1.0... yes (2.4.2)
checking LIBASSUAN API version... okay
checking for byte typedef... no
checking for ulong typedef... yes
checking for setcap... /sbin/setcap
checking for cap_set_proc in -lcap... yes
checking for pkg-config... /usr/bin/pkg-config
checking pkg-config is at least version 0.9.0... yes
checking for ncursesw... yes
checking for ncurses include dir... none
checking for ld used by gcc... /usr/bin/ld
checking if the linker (/usr/bin/ld) is GNU ld... yes
checking for shared library run path origin... done
checking for iconv... yes
checking for iconv declaration... 
         extern size_t iconv (iconv_t cd, char * *inbuf, size_t *inbytesleft, char * *outbuf, size_t *outbytesleft);
checking if Unix domain socket is supported... yes
checking for pkg-config... /usr/bin/pkg-config
checking for gtk+-2... yes
checking gtk+-2 version >= 2.4.0... 2.24.29
checking for gcr... no
checking for pkg-config... (cached) /usr/bin/pkg-config
checking for libsecret... yes
checking for Qt5Core >= 5.0.0 Qt5Gui >= 5.0.0 Qt5Widgets >= 5.0.0... no
checking for QtCore >= 4.4.0 QtGui >= 4.4.0... no
checking that generated files are newer than configure... done
checking that generated files are newer than configure... done
configure: creating ./config.status
config.status: creating m4/Makefile
config.status: creating secmem/Makefile
config.status: creating pinentry/Makefile
config.status: creating curses/Makefile
config.status: creating tty/Makefile
config.status: creating emacs/Makefile
config.status: creating gtk+-2/Makefile
config.status: creating gnome3/Makefile
config.status: creating qt/Makefile
config.status: creating w32/Makefile
config.status: creating doc/Makefile
config.status: creating Makefile
config.status: creating config.h
config.status: executing depfiles commands
configure:

	Pinentry v0.9.7 has been configured as follows:

	Revision:  97b6ea5  (38838)
	Platform:  x86_64-unknown-linux-gnu

	Curses Pinentry ..: yes
	TTY Pinentry .....: maybe
	Emacs Pinentry ...: no
	GTK+-2 Pinentry ..: yes
	GNOME 3 Pinentry .: no
	Qt Pinentry ......: no 
	W32 Pinentry .....: no

	Fallback to Curses: yes
	Emacs integration : yes

	libsecret ........: yes

	Default Pinentry .: pinentry-gtk-2

make  all-recursive
make[1]: Entering directory '/sources/7.9/pinentry-0.9.7'
Making all in m4
make[2]: Entering directory '/sources/7.9/pinentry-0.9.7/m4'
make[2]: Nothing to be done for 'all'.
make[2]: Leaving directory '/sources/7.9/pinentry-0.9.7/m4'
Making all in secmem
make[2]: Entering directory '/sources/7.9/pinentry-0.9.7/secmem'
gcc -DHAVE_CONFIG_H -I. -I..   -Wall  -g -O2 -Wall -Wno-pointer-sign -Wpointer-arith -MT secmem.o -MD -MP -MF .deps/secmem.Tpo -c -o secmem.o secmem.c
mv -f .deps/secmem.Tpo .deps/secmem.Po
gcc -DHAVE_CONFIG_H -I. -I..   -Wall  -g -O2 -Wall -Wno-pointer-sign -Wpointer-arith -MT util.o -MD -MP -MF .deps/util.Tpo -c -o util.o util.c
mv -f .deps/util.Tpo .deps/util.Po
rm -f libsecmem.a
ar cru libsecmem.a secmem.o util.o 
ranlib libsecmem.a
make[2]: Leaving directory '/sources/7.9/pinentry-0.9.7/secmem'
Making all in pinentry
make[2]: Entering directory '/sources/7.9/pinentry-0.9.7/pinentry'
gcc -DHAVE_CONFIG_H -I. -I..  -pthread -I/usr/include/libsecret-1 -I/usr/include/glib-2.0 -I/usr/lib/glib-2.0/include    -I../secmem -Wall  -g -O2 -Wall -Wno-pointer-sign -Wpointer-arith -MT pinentry.o -MD -MP -MF .deps/pinentry.Tpo -c -o pinentry.o pinentry.c
mv -f .deps/pinentry.Tpo .deps/pinentry.Po
gcc -DHAVE_CONFIG_H -I. -I..  -pthread -I/usr/include/libsecret-1 -I/usr/include/glib-2.0 -I/usr/lib/glib-2.0/include    -I../secmem -Wall  -g -O2 -Wall -Wno-pointer-sign -Wpointer-arith -MT argparse.o -MD -MP -MF .deps/argparse.Tpo -c -o argparse.o argparse.c
mv -f .deps/argparse.Tpo .deps/argparse.Po
gcc -DHAVE_CONFIG_H -I. -I..  -pthread -I/usr/include/libsecret-1 -I/usr/include/glib-2.0 -I/usr/lib/glib-2.0/include    -I../secmem -Wall  -g -O2 -Wall -Wno-pointer-sign -Wpointer-arith -MT password-cache.o -MD -MP -MF .deps/password-cache.Tpo -c -o password-cache.o password-cache.c
mv -f .deps/password-cache.Tpo .deps/password-cache.Po
gcc -DHAVE_CONFIG_H -I. -I..  -pthread -I/usr/include/libsecret-1 -I/usr/include/glib-2.0 -I/usr/lib/glib-2.0/include    -I../secmem -Wall  -g -O2 -Wall -Wno-pointer-sign -Wpointer-arith -MT pinentry-emacs.o -MD -MP -MF .deps/pinentry-emacs.Tpo -c -o pinentry-emacs.o pinentry-emacs.c
mv -f .deps/pinentry-emacs.Tpo .deps/pinentry-emacs.Po
rm -f libpinentry.a
ar cru libpinentry.a pinentry.o argparse.o password-cache.o pinentry-emacs.o 
ranlib libpinentry.a
gcc -DHAVE_CONFIG_H -I. -I..  -pthread -I/usr/include/libsecret-1 -I/usr/include/glib-2.0 -I/usr/lib/glib-2.0/include    -I../secmem -Wall  -g -O2 -Wall -Wno-pointer-sign -Wpointer-arith -MT pinentry-curses.o -MD -MP -MF .deps/pinentry-curses.Tpo -c -o pinentry-curses.o pinentry-curses.c
mv -f .deps/pinentry-curses.Tpo .deps/pinentry-curses.Po
rm -f libpinentry-curses.a
ar cru libpinentry-curses.a pinentry-curses.o 
ranlib libpinentry-curses.a
make[2]: Leaving directory '/sources/7.9/pinentry-0.9.7/pinentry'
Making all in curses
make[2]: Entering directory '/sources/7.9/pinentry-0.9.7/curses'
gcc -DHAVE_CONFIG_H -I. -I..  -pthread -I/usr/include/libsecret-1 -I/usr/include/glib-2.0 -I/usr/lib/glib-2.0/include     -I../pinentry -Wall  -g -O2 -Wall -Wno-pointer-sign -Wpointer-arith -MT pinentry-curses.o -MD -MP -MF .deps/pinentry-curses.Tpo -c -o pinentry-curses.o pinentry-curses.c
mv -f .deps/pinentry-curses.Tpo .deps/pinentry-curses.Po
gcc  -g -O2 -Wall -Wno-pointer-sign -Wpointer-arith   -o pinentry-curses pinentry-curses.o ../pinentry/libpinentry.a ../pinentry/libpinentry-curses.a ../secmem/libsecmem.a -lsecret-1 -lgio-2.0 -lgobject-2.0 -lglib-2.0 -lassuan -lgpg-error -lgpg-error  -lcap -lncursesw  
make[2]: Leaving directory '/sources/7.9/pinentry-0.9.7/curses'
Making all in gtk+-2
make[2]: Entering directory '/sources/7.9/pinentry-0.9.7/gtk+-2'
gcc -DHAVE_CONFIG_H -I. -I..  -pthread -I/usr/include/libsecret-1 -I/usr/include/glib-2.0 -I/usr/lib/glib-2.0/include    -pthread -I/usr/include/gtk-2.0 -I/usr/lib/gtk-2.0/include -I/usr/include/pango-1.0 -I/usr/include/atk-1.0 -I/usr/include/cairo -I/usr/include/pixman-1 -I/usr/include/gdk-pixbuf-2.0 -I/usr/include/libpng16 -I/usr/include/pango-1.0 -I/usr/include/freetype2 -I/usr/include/libpng16 -I/usr/include/harfbuzz -I/usr/include/glib-2.0 -I/usr/lib/glib-2.0/include -I/usr/include/freetype2 -I/usr/include/libpng16 -I/usr/include/harfbuzz -I/usr/include/glib-2.0 -I/usr/lib/glib-2.0/include  -I../secmem -I../pinentry -Wall  -g -O2 -Wall -Wno-pointer-sign -Wpointer-arith -MT pinentry-gtk-2.o -MD -MP -MF .deps/pinentry-gtk-2.Tpo -c -o pinentry-gtk-2.o pinentry-gtk-2.c
mv -f .deps/pinentry-gtk-2.Tpo .deps/pinentry-gtk-2.Po
gcc  -g -O2 -Wall -Wno-pointer-sign -Wpointer-arith   -o pinentry-gtk-2 pinentry-gtk-2.o ../pinentry/libpinentry.a ../secmem/libsecmem.a -lsecret-1 -lgio-2.0 -lgobject-2.0 -lglib-2.0 -lassuan -lgpg-error -lgpg-error  -lcap -lgtk-x11-2.0 -lgdk-x11-2.0 -lpangocairo-1.0 -latk-1.0 -lcairo -lgdk_pixbuf-2.0 -lgio-2.0 -lpangoft2-1.0 -lpango-1.0 -lgobject-2.0 -lglib-2.0 -lfontconfig -lfreetype ../pinentry/libpinentry-curses.a -lncursesw  
make[2]: Leaving directory '/sources/7.9/pinentry-0.9.7/gtk+-2'
Making all in doc
make[2]: Entering directory '/sources/7.9/pinentry-0.9.7/doc'
make[2]: Nothing to be done for 'all'.
make[2]: Leaving directory '/sources/7.9/pinentry-0.9.7/doc'
make[2]: Entering directory '/sources/7.9/pinentry-0.9.7'
make[2]: Leaving directory '/sources/7.9/pinentry-0.9.7'
make[1]: Leaving directory '/sources/7.9/pinentry-0.9.7'
Making install in m4
make[1]: Entering directory '/sources/7.9/pinentry-0.9.7/m4'
make[2]: Entering directory '/sources/7.9/pinentry-0.9.7/m4'
make[2]: Nothing to be done for 'install-exec-am'.
make[2]: Nothing to be done for 'install-data-am'.
make[2]: Leaving directory '/sources/7.9/pinentry-0.9.7/m4'
make[1]: Leaving directory '/sources/7.9/pinentry-0.9.7/m4'
Making install in secmem
make[1]: Entering directory '/sources/7.9/pinentry-0.9.7/secmem'
make[2]: Entering directory '/sources/7.9/pinentry-0.9.7/secmem'
make[2]: Nothing to be done for 'install-exec-am'.
make[2]: Nothing to be done for 'install-data-am'.
make[2]: Leaving directory '/sources/7.9/pinentry-0.9.7/secmem'
make[1]: Leaving directory '/sources/7.9/pinentry-0.9.7/secmem'
Making install in pinentry
make[1]: Entering directory '/sources/7.9/pinentry-0.9.7/pinentry'
make[2]: Entering directory '/sources/7.9/pinentry-0.9.7/pinentry'
make[2]: Nothing to be done for 'install-exec-am'.
make[2]: Nothing to be done for 'install-data-am'.
make[2]: Leaving directory '/sources/7.9/pinentry-0.9.7/pinentry'
make[1]: Leaving directory '/sources/7.9/pinentry-0.9.7/pinentry'
Making install in curses
make[1]: Entering directory '/sources/7.9/pinentry-0.9.7/curses'
make[2]: Entering directory '/sources/7.9/pinentry-0.9.7/curses'
 /bin/mkdir -p '/usr/bin'
  /usr/bin/install -c pinentry-curses '/usr/bin'
make[2]: Nothing to be done for 'install-data-am'.
make[2]: Leaving directory '/sources/7.9/pinentry-0.9.7/curses'
make[1]: Leaving directory '/sources/7.9/pinentry-0.9.7/curses'
Making install in gtk+-2
make[1]: Entering directory '/sources/7.9/pinentry-0.9.7/gtk+-2'
make[2]: Entering directory '/sources/7.9/pinentry-0.9.7/gtk+-2'
 /bin/mkdir -p '/usr/bin'
  /usr/bin/install -c pinentry-gtk-2 '/usr/bin'
make[2]: Nothing to be done for 'install-data-am'.
make[2]: Leaving directory '/sources/7.9/pinentry-0.9.7/gtk+-2'
make[1]: Leaving directory '/sources/7.9/pinentry-0.9.7/gtk+-2'
Making install in doc
make[1]: Entering directory '/sources/7.9/pinentry-0.9.7/doc'
make[2]: Entering directory '/sources/7.9/pinentry-0.9.7/doc'
make[2]: Nothing to be done for 'install-exec-am'.
 /bin/mkdir -p '/usr/share/info'
 /usr/bin/install -c -m 644 ./pinentry.info '/usr/share/info'
 install-info --info-dir='/usr/share/info' '/usr/share/info/pinentry.info'
make[2]: Leaving directory '/sources/7.9/pinentry-0.9.7/doc'
make[1]: Leaving directory '/sources/7.9/pinentry-0.9.7/doc'
make[1]: Entering directory '/sources/7.9/pinentry-0.9.7'
make[2]: Entering directory '/sources/7.9/pinentry-0.9.7'
(cd /usr/bin; \
rm -f pinentry; \
ln -s pinentry-gtk-2 pinentry)
make[2]: Nothing to be done for 'install-data-am'.
make[2]: Leaving directory '/sources/7.9/pinentry-0.9.7'
make[1]: Leaving directory '/sources/7.9/pinentry-0.9.7'
