checking for a BSD-compatible install... /usr/bin/install -c
checking whether build environment is sane... yes
checking for a thread-safe mkdir -p... /bin/mkdir -p
checking for gawk... gawk
checking whether make sets $(MAKE)... yes
checking whether make supports nested variables... yes
checking for style of include used by make... GNU
checking for gcc... gcc
checking whether the C compiler works... yes
checking for C compiler default output file name... a.out
checking for suffix of executables... 
checking whether we are cross compiling... no
checking for suffix of object files... o
checking whether we are using the GNU C compiler... yes
checking whether gcc accepts -g... yes
checking for gcc option to accept ISO C89... none needed
checking whether gcc understands -c and -o together... yes
checking dependency style of gcc... gcc3
checking for gcc option to accept ISO C99... none needed
checking how to run the C preprocessor... gcc -E
checking for grep that handles long lines and -e... /bin/grep
checking for egrep... /bin/grep -E
checking for ANSI C header files... yes
checking for sys/types.h... yes
checking for sys/stat.h... yes
checking for stdlib.h... yes
checking for string.h... yes
checking for memory.h... yes
checking for strings.h... yes
checking for inttypes.h... yes
checking for stdint.h... yes
checking for unistd.h... yes
checking whether __clang__ is declared... no
checking whether __INTEL_COMPILER is declared... no
checking whether __SUNPRO_C is declared... no
checking for pkg-config... /usr/bin/pkg-config
checking pkg-config is at least version 0.9.0... yes
checking build system type... x86_64-unknown-linux-gnu
checking host system type... x86_64-unknown-linux-gnu
checking for a sed that does not truncate output... /bin/sed
checking if gcc supports -Werror=unknown-warning-option... no
checking if gcc supports -Werror=unused-command-line-argument... no
checking if gcc supports -Wall... yes
checking if gcc supports -Wpointer-arith... yes
checking if gcc supports -Wmissing-declarations... yes
checking if gcc supports -Wformat=2... yes
checking if gcc supports -Wstrict-prototypes... yes
checking if gcc supports -Wmissing-prototypes... yes
checking if gcc supports -Wnested-externs... yes
checking if gcc supports -Wbad-function-cast... yes
checking if gcc supports -Wold-style-definition... yes
checking if gcc supports -Wdeclaration-after-statement... yes
checking if gcc supports -Wunused... yes
checking if gcc supports -Wuninitialized... yes
checking if gcc supports -Wshadow... yes
checking if gcc supports -Wmissing-noreturn... yes
checking if gcc supports -Wmissing-format-attribute... yes
checking if gcc supports -Wredundant-decls... yes
checking if gcc supports -Wlogical-op... yes
checking if gcc supports -Werror=implicit... yes
checking if gcc supports -Werror=nonnull... yes
checking if gcc supports -Werror=init-self... yes
checking if gcc supports -Werror=main... yes
checking if gcc supports -Werror=missing-braces... yes
checking if gcc supports -Werror=sequence-point... yes
checking if gcc supports -Werror=return-type... yes
checking if gcc supports -Werror=trigraphs... yes
checking if gcc supports -Werror=array-bounds... yes
checking if gcc supports -Werror=write-strings... yes
checking if gcc supports -Werror=address... yes
checking if gcc supports -Werror=int-to-pointer-cast... yes
checking if gcc supports -Werror=pointer-to-int-cast... yes
checking if gcc supports -pedantic... yes
checking if gcc supports -Werror... yes
checking if gcc supports -Werror=attributes... yes
checking whether make supports nested variables... (cached) yes
checking for cpp... /usr/bin/cpp
checking if /usr/bin/cpp requires -undef... yes
checking if /usr/bin/cpp requires -traditional... yes
checking for launchd... no
checking for XINIT... yes
checking for mcookie... /usr/bin/mcookie
configure: startx will depend on "/usr/bin/mcookie" to generate xauth cookies
checking that generated files are newer than configure... done
configure: creating ./config.status
config.status: creating Makefile
config.status: creating man/Makefile
config.status: creating launchd/Makefile
config.status: creating launchd/privileged_startx/Makefile
config.status: creating launchd/user_startx/Makefile
config.status: creating config.h
config.status: executing depfiles commands
make  all-recursive
make[1]: Entering directory '/sources/7.9/xinit-1.3.4'
Making all in man
make[2]: Entering directory '/sources/7.9/xinit-1.3.4/man'
  GEN      startx.1
  GEN      xinit.1
make[2]: Leaving directory '/sources/7.9/xinit-1.3.4/man'
make[2]: Entering directory '/sources/7.9/xinit-1.3.4'
  CC       xinit.o
  CCLD     xinit
  GEN      startx
  GEN      xinitrc
make[2]: Leaving directory '/sources/7.9/xinit-1.3.4'
make[1]: Leaving directory '/sources/7.9/xinit-1.3.4'
Making install in man
make[1]: Entering directory '/sources/7.9/xinit-1.3.4/man'
make[2]: Entering directory '/sources/7.9/xinit-1.3.4/man'
make[2]: Nothing to be done for 'install-exec-am'.
 /bin/mkdir -p '/usr/share/man/man1'
 /usr/bin/install -c -m 644 startx.1 xinit.1 '/usr/share/man/man1'
make[2]: Leaving directory '/sources/7.9/xinit-1.3.4/man'
make[1]: Leaving directory '/sources/7.9/xinit-1.3.4/man'
make[1]: Entering directory '/sources/7.9/xinit-1.3.4'
make[2]: Entering directory '/sources/7.9/xinit-1.3.4'
 /bin/mkdir -p '/usr/bin'
  /usr/bin/install -c xinit '/usr/bin'
 /bin/mkdir -p '/usr/bin'
 /usr/bin/install -c startx '/usr/bin'
 /bin/mkdir -p '/etc/X11/app-defaults'
 /usr/bin/install -c -m 644 xinitrc '/etc/X11/app-defaults'
make[2]: Leaving directory '/sources/7.9/xinit-1.3.4'
make[1]: Leaving directory '/sources/7.9/xinit-1.3.4'
