checking for a BSD-compatible install... /usr/bin/install -c
checking whether build environment is sane... yes
checking for a thread-safe mkdir -p... /bin/mkdir -p
checking for gawk... gawk
checking whether make sets $(MAKE)... yes
checking whether make supports nested variables... yes
checking whether UID '1000' is supported by ustar format... yes
checking whether GID '1000' is supported by ustar format... yes
checking how to create a ustar tar archive... gnutar
checking for pkg-config... /usr/bin/pkg-config
checking pkg-config is at least version 0.19... yes
checking whether NLS is requested... yes
checking for intltool >= 0.40.0... 0.51.0 found
checking for intltool-update... /usr/bin/intltool-update
checking for intltool-merge... /usr/bin/intltool-merge
checking for intltool-extract... /usr/bin/intltool-extract
checking for xgettext... /usr/bin/xgettext
checking for msgmerge... /usr/bin/msgmerge
checking for msgfmt... /usr/bin/msgfmt
checking for gmsgfmt... /usr/bin/msgfmt
checking for perl... /usr/bin/perl
checking for perl >= 5.8.1... 5.22.1
checking for XML::Parser... ok
checking whether ln -s works... yes
checking for gtk-update-icon-cache... /usr/bin/gtk-update-icon-cache
checking for git... false
checking for icontool-render... false
checking for inkscape... false
checking for gtk-encode-symbolic-svg... false
checking that generated files are newer than configure... done
configure: creating ./config.status
config.status: creating Makefile
config.status: creating adwaita-icon-theme.pc
config.status: creating po/Makefile.in
config.status: creating src/Makefile
config.status: creating src/fullcolor/Makefile
config.status: creating src/symbolic/Makefile
config.status: creating src/spinner/Makefile
config.status: executing po/stamp-it commands
Making all in po
make[1]: Entering directory '/sources/7.9/adwaita-icon-theme-3.18.0/po'
file=`echo af | sed 's,.*/,,'`.gmo \
  && rm -f $file && /usr/bin/msgfmt -o $file af.po
file=`echo am | sed 's,.*/,,'`.gmo \
  && rm -f $file && /usr/bin/msgfmt -o $file am.po
file=`echo an | sed 's,.*/,,'`.gmo \
  && rm -f $file && /usr/bin/msgfmt -o $file an.po
file=`echo ar | sed 's,.*/,,'`.gmo \
  && rm -f $file && /usr/bin/msgfmt -o $file ar.po
file=`echo as | sed 's,.*/,,'`.gmo \
  && rm -f $file && /usr/bin/msgfmt -o $file as.po
file=`echo ast | sed 's,.*/,,'`.gmo \
  && rm -f $file && /usr/bin/msgfmt -o $file ast.po
file=`echo az | sed 's,.*/,,'`.gmo \
  && rm -f $file && /usr/bin/msgfmt -o $file az.po
file=`echo be | sed 's,.*/,,'`.gmo \
  && rm -f $file && /usr/bin/msgfmt -o $file be.po
file=`echo be@latin | sed 's,.*/,,'`.gmo \
  && rm -f $file && /usr/bin/msgfmt -o $file be@latin.po
file=`echo bg | sed 's,.*/,,'`.gmo \
  && rm -f $file && /usr/bin/msgfmt -o $file bg.po
file=`echo bn | sed 's,.*/,,'`.gmo \
  && rm -f $file && /usr/bin/msgfmt -o $file bn.po
file=`echo bn_IN | sed 's,.*/,,'`.gmo \
  && rm -f $file && /usr/bin/msgfmt -o $file bn_IN.po
file=`echo br | sed 's,.*/,,'`.gmo \
  && rm -f $file && /usr/bin/msgfmt -o $file br.po
file=`echo bs | sed 's,.*/,,'`.gmo \
  && rm -f $file && /usr/bin/msgfmt -o $file bs.po
file=`echo ca | sed 's,.*/,,'`.gmo \
  && rm -f $file && /usr/bin/msgfmt -o $file ca.po
file=`echo ca@valencia | sed 's,.*/,,'`.gmo \
  && rm -f $file && /usr/bin/msgfmt -o $file ca@valencia.po
file=`echo crh | sed 's,.*/,,'`.gmo \
  && rm -f $file && /usr/bin/msgfmt -o $file crh.po
file=`echo cs | sed 's,.*/,,'`.gmo \
  && rm -f $file && /usr/bin/msgfmt -o $file cs.po
file=`echo csb | sed 's,.*/,,'`.gmo \
  && rm -f $file && /usr/bin/msgfmt -o $file csb.po
file=`echo cy | sed 's,.*/,,'`.gmo \
  && rm -f $file && /usr/bin/msgfmt -o $file cy.po
file=`echo da | sed 's,.*/,,'`.gmo \
  && rm -f $file && /usr/bin/msgfmt -o $file da.po
file=`echo de | sed 's,.*/,,'`.gmo \
  && rm -f $file && /usr/bin/msgfmt -o $file de.po
file=`echo dz | sed 's,.*/,,'`.gmo \
  && rm -f $file && /usr/bin/msgfmt -o $file dz.po
file=`echo el | sed 's,.*/,,'`.gmo \
  && rm -f $file && /usr/bin/msgfmt -o $file el.po
file=`echo en_CA | sed 's,.*/,,'`.gmo \
  && rm -f $file && /usr/bin/msgfmt -o $file en_CA.po
file=`echo en_GB | sed 's,.*/,,'`.gmo \
  && rm -f $file && /usr/bin/msgfmt -o $file en_GB.po
file=`echo en@shaw | sed 's,.*/,,'`.gmo \
  && rm -f $file && /usr/bin/msgfmt -o $file en@shaw.po
file=`echo eo | sed 's,.*/,,'`.gmo \
  && rm -f $file && /usr/bin/msgfmt -o $file eo.po
file=`echo es | sed 's,.*/,,'`.gmo \
  && rm -f $file && /usr/bin/msgfmt -o $file es.po
file=`echo et | sed 's,.*/,,'`.gmo \
  && rm -f $file && /usr/bin/msgfmt -o $file et.po
file=`echo eu | sed 's,.*/,,'`.gmo \
  && rm -f $file && /usr/bin/msgfmt -o $file eu.po
file=`echo fa | sed 's,.*/,,'`.gmo \
  && rm -f $file && /usr/bin/msgfmt -o $file fa.po
file=`echo fi | sed 's,.*/,,'`.gmo \
  && rm -f $file && /usr/bin/msgfmt -o $file fi.po
file=`echo fr | sed 's,.*/,,'`.gmo \
  && rm -f $file && /usr/bin/msgfmt -o $file fr.po
file=`echo fur | sed 's,.*/,,'`.gmo \
  && rm -f $file && /usr/bin/msgfmt -o $file fur.po
file=`echo fy | sed 's,.*/,,'`.gmo \
  && rm -f $file && /usr/bin/msgfmt -o $file fy.po
file=`echo ga | sed 's,.*/,,'`.gmo \
  && rm -f $file && /usr/bin/msgfmt -o $file ga.po
file=`echo gd | sed 's,.*/,,'`.gmo \
  && rm -f $file && /usr/bin/msgfmt -o $file gd.po
file=`echo gl | sed 's,.*/,,'`.gmo \
  && rm -f $file && /usr/bin/msgfmt -o $file gl.po
file=`echo gu | sed 's,.*/,,'`.gmo \
  && rm -f $file && /usr/bin/msgfmt -o $file gu.po
file=`echo he | sed 's,.*/,,'`.gmo \
  && rm -f $file && /usr/bin/msgfmt -o $file he.po
file=`echo hi | sed 's,.*/,,'`.gmo \
  && rm -f $file && /usr/bin/msgfmt -o $file hi.po
file=`echo hr | sed 's,.*/,,'`.gmo \
  && rm -f $file && /usr/bin/msgfmt -o $file hr.po
file=`echo hu | sed 's,.*/,,'`.gmo \
  && rm -f $file && /usr/bin/msgfmt -o $file hu.po
file=`echo id | sed 's,.*/,,'`.gmo \
  && rm -f $file && /usr/bin/msgfmt -o $file id.po
file=`echo is | sed 's,.*/,,'`.gmo \
  && rm -f $file && /usr/bin/msgfmt -o $file is.po
file=`echo it | sed 's,.*/,,'`.gmo \
  && rm -f $file && /usr/bin/msgfmt -o $file it.po
file=`echo ja | sed 's,.*/,,'`.gmo \
  && rm -f $file && /usr/bin/msgfmt -o $file ja.po
file=`echo ka | sed 's,.*/,,'`.gmo \
  && rm -f $file && /usr/bin/msgfmt -o $file ka.po
file=`echo kk | sed 's,.*/,,'`.gmo \
  && rm -f $file && /usr/bin/msgfmt -o $file kk.po
file=`echo km | sed 's,.*/,,'`.gmo \
  && rm -f $file && /usr/bin/msgfmt -o $file km.po
file=`echo kn | sed 's,.*/,,'`.gmo \
  && rm -f $file && /usr/bin/msgfmt -o $file kn.po
file=`echo ko | sed 's,.*/,,'`.gmo \
  && rm -f $file && /usr/bin/msgfmt -o $file ko.po
file=`echo ku | sed 's,.*/,,'`.gmo \
  && rm -f $file && /usr/bin/msgfmt -o $file ku.po
file=`echo li | sed 's,.*/,,'`.gmo \
  && rm -f $file && /usr/bin/msgfmt -o $file li.po
file=`echo lt | sed 's,.*/,,'`.gmo \
  && rm -f $file && /usr/bin/msgfmt -o $file lt.po
file=`echo lv | sed 's,.*/,,'`.gmo \
  && rm -f $file && /usr/bin/msgfmt -o $file lv.po
file=`echo mai | sed 's,.*/,,'`.gmo \
  && rm -f $file && /usr/bin/msgfmt -o $file mai.po
file=`echo mg | sed 's,.*/,,'`.gmo \
  && rm -f $file && /usr/bin/msgfmt -o $file mg.po
file=`echo mk | sed 's,.*/,,'`.gmo \
  && rm -f $file && /usr/bin/msgfmt -o $file mk.po
file=`echo ml | sed 's,.*/,,'`.gmo \
  && rm -f $file && /usr/bin/msgfmt -o $file ml.po
file=`echo mn | sed 's,.*/,,'`.gmo \
  && rm -f $file && /usr/bin/msgfmt -o $file mn.po
file=`echo mr | sed 's,.*/,,'`.gmo \
  && rm -f $file && /usr/bin/msgfmt -o $file mr.po
file=`echo ms | sed 's,.*/,,'`.gmo \
  && rm -f $file && /usr/bin/msgfmt -o $file ms.po
file=`echo nb | sed 's,.*/,,'`.gmo \
  && rm -f $file && /usr/bin/msgfmt -o $file nb.po
file=`echo nds | sed 's,.*/,,'`.gmo \
  && rm -f $file && /usr/bin/msgfmt -o $file nds.po
file=`echo ne | sed 's,.*/,,'`.gmo \
  && rm -f $file && /usr/bin/msgfmt -o $file ne.po
file=`echo nhn | sed 's,.*/,,'`.gmo \
  && rm -f $file && /usr/bin/msgfmt -o $file nhn.po
file=`echo nl | sed 's,.*/,,'`.gmo \
  && rm -f $file && /usr/bin/msgfmt -o $file nl.po
file=`echo nn | sed 's,.*/,,'`.gmo \
  && rm -f $file && /usr/bin/msgfmt -o $file nn.po
file=`echo oc | sed 's,.*/,,'`.gmo \
  && rm -f $file && /usr/bin/msgfmt -o $file oc.po
file=`echo or | sed 's,.*/,,'`.gmo \
  && rm -f $file && /usr/bin/msgfmt -o $file or.po
file=`echo pa | sed 's,.*/,,'`.gmo \
  && rm -f $file && /usr/bin/msgfmt -o $file pa.po
file=`echo pl | sed 's,.*/,,'`.gmo \
  && rm -f $file && /usr/bin/msgfmt -o $file pl.po
file=`echo ps | sed 's,.*/,,'`.gmo \
  && rm -f $file && /usr/bin/msgfmt -o $file ps.po
file=`echo pt | sed 's,.*/,,'`.gmo \
  && rm -f $file && /usr/bin/msgfmt -o $file pt.po
file=`echo pt_BR | sed 's,.*/,,'`.gmo \
  && rm -f $file && /usr/bin/msgfmt -o $file pt_BR.po
file=`echo ro | sed 's,.*/,,'`.gmo \
  && rm -f $file && /usr/bin/msgfmt -o $file ro.po
file=`echo ru | sed 's,.*/,,'`.gmo \
  && rm -f $file && /usr/bin/msgfmt -o $file ru.po
file=`echo rw | sed 's,.*/,,'`.gmo \
  && rm -f $file && /usr/bin/msgfmt -o $file rw.po
file=`echo si | sed 's,.*/,,'`.gmo \
  && rm -f $file && /usr/bin/msgfmt -o $file si.po
file=`echo sk | sed 's,.*/,,'`.gmo \
  && rm -f $file && /usr/bin/msgfmt -o $file sk.po
file=`echo sl | sed 's,.*/,,'`.gmo \
  && rm -f $file && /usr/bin/msgfmt -o $file sl.po
file=`echo sq | sed 's,.*/,,'`.gmo \
  && rm -f $file && /usr/bin/msgfmt -o $file sq.po
file=`echo sr | sed 's,.*/,,'`.gmo \
  && rm -f $file && /usr/bin/msgfmt -o $file sr.po
file=`echo sr@latin | sed 's,.*/,,'`.gmo \
  && rm -f $file && /usr/bin/msgfmt -o $file sr@latin.po
file=`echo sv | sed 's,.*/,,'`.gmo \
  && rm -f $file && /usr/bin/msgfmt -o $file sv.po
file=`echo ta | sed 's,.*/,,'`.gmo \
  && rm -f $file && /usr/bin/msgfmt -o $file ta.po
file=`echo te | sed 's,.*/,,'`.gmo \
  && rm -f $file && /usr/bin/msgfmt -o $file te.po
file=`echo tg | sed 's,.*/,,'`.gmo \
  && rm -f $file && /usr/bin/msgfmt -o $file tg.po
file=`echo th | sed 's,.*/,,'`.gmo \
  && rm -f $file && /usr/bin/msgfmt -o $file th.po
file=`echo tk | sed 's,.*/,,'`.gmo \
  && rm -f $file && /usr/bin/msgfmt -o $file tk.po
file=`echo tr | sed 's,.*/,,'`.gmo \
  && rm -f $file && /usr/bin/msgfmt -o $file tr.po
file=`echo ug | sed 's,.*/,,'`.gmo \
  && rm -f $file && /usr/bin/msgfmt -o $file ug.po
file=`echo uk | sed 's,.*/,,'`.gmo \
  && rm -f $file && /usr/bin/msgfmt -o $file uk.po
file=`echo uz | sed 's,.*/,,'`.gmo \
  && rm -f $file && /usr/bin/msgfmt -o $file uz.po
file=`echo uz@cyrillic | sed 's,.*/,,'`.gmo \
  && rm -f $file && /usr/bin/msgfmt -o $file uz@cyrillic.po
file=`echo vi | sed 's,.*/,,'`.gmo \
  && rm -f $file && /usr/bin/msgfmt -o $file vi.po
file=`echo wa | sed 's,.*/,,'`.gmo \
  && rm -f $file && /usr/bin/msgfmt -o $file wa.po
file=`echo xh | sed 's,.*/,,'`.gmo \
  && rm -f $file && /usr/bin/msgfmt -o $file xh.po
file=`echo zh_CN | sed 's,.*/,,'`.gmo \
  && rm -f $file && /usr/bin/msgfmt -o $file zh_CN.po
file=`echo zh_HK | sed 's,.*/,,'`.gmo \
  && rm -f $file && /usr/bin/msgfmt -o $file zh_HK.po
file=`echo zh_TW | sed 's,.*/,,'`.gmo \
  && rm -f $file && /usr/bin/msgfmt -o $file zh_TW.po
make[1]: Leaving directory '/sources/7.9/adwaita-icon-theme-3.18.0/po'
Making all in src
make[1]: Entering directory '/sources/7.9/adwaita-icon-theme-3.18.0/src'
Making all in fullcolor
make[2]: Entering directory '/sources/7.9/adwaita-icon-theme-3.18.0/src/fullcolor'
make[2]: Nothing to be done for 'all'.
make[2]: Leaving directory '/sources/7.9/adwaita-icon-theme-3.18.0/src/fullcolor'
Making all in symbolic
make[2]: Entering directory '/sources/7.9/adwaita-icon-theme-3.18.0/src/symbolic'
make[2]: Nothing to be done for 'all'.
make[2]: Leaving directory '/sources/7.9/adwaita-icon-theme-3.18.0/src/symbolic'
Making all in spinner
make[2]: Entering directory '/sources/7.9/adwaita-icon-theme-3.18.0/src/spinner'
make[2]: Nothing to be done for 'all'.
make[2]: Leaving directory '/sources/7.9/adwaita-icon-theme-3.18.0/src/spinner'
make[2]: Entering directory '/sources/7.9/adwaita-icon-theme-3.18.0/src'
make[2]: Nothing to be done for 'all-am'.
make[2]: Leaving directory '/sources/7.9/adwaita-icon-theme-3.18.0/src'
make[1]: Leaving directory '/sources/7.9/adwaita-icon-theme-3.18.0/src'
make[1]: Entering directory '/sources/7.9/adwaita-icon-theme-3.18.0'
dirs="`echo ./Adwaita/8x8/emblems,./Adwaita/16x16/actions,./Adwaita/16x16/apps,./Adwaita/16x16/categories,./Adwaita/16x16/devices,./Adwaita/16x16/emblems,./Adwaita/16x16/emotes,./Adwaita/16x16/mimetypes,./Adwaita/16x16/places,./Adwaita/16x16/status,./Adwaita/22x22/actions,./Adwaita/22x22/apps,./Adwaita/22x22/categories,./Adwaita/22x22/devices,./Adwaita/22x22/emblems,./Adwaita/22x22/emotes,./Adwaita/22x22/mimetypes,./Adwaita/22x22/places,./Adwaita/22x22/status,./Adwaita/24x24/actions,./Adwaita/24x24/apps,./Adwaita/24x24/categories,./Adwaita/24x24/devices,./Adwaita/24x24/emblems,./Adwaita/24x24/emotes,./Adwaita/24x24/mimetypes,./Adwaita/24x24/places,./Adwaita/24x24/status,./Adwaita/32x32/actions,./Adwaita/32x32/apps,./Adwaita/32x32/categories,./Adwaita/32x32/devices,./Adwaita/32x32/emblems,./Adwaita/32x32/emotes,./Adwaita/32x32/mimetypes,./Adwaita/32x32/places,./Adwaita/32x32/status,./Adwaita/48x48/actions,./Adwaita/48x48/apps,./Adwaita/48x48/categories,./Adwaita/48x48/devices,./Adwaita/48x48/emblems,./Adwaita/48x48/emotes,./Adwaita/48x48/mimetypes,./Adwaita/48x48/places,./Adwaita/48x48/status,./Adwaita/64x64/actions,./Adwaita/64x64/apps,./Adwaita/64x64/categories,./Adwaita/64x64/devices,./Adwaita/64x64/emblems,./Adwaita/64x64/emotes,./Adwaita/64x64/mimetypes,./Adwaita/64x64/places,./Adwaita/64x64/status,./Adwaita/96x96/actions,./Adwaita/96x96/apps,./Adwaita/96x96/categories,./Adwaita/96x96/devices,./Adwaita/96x96/emblems,./Adwaita/96x96/emotes,./Adwaita/96x96/mimetypes,./Adwaita/96x96/places,./Adwaita/96x96/status,./Adwaita/256x256/actions,./Adwaita/256x256/apps,./Adwaita/256x256/categories,./Adwaita/256x256/devices,./Adwaita/256x256/emblems,./Adwaita/256x256/emotes,./Adwaita/256x256/mimetypes,./Adwaita/256x256/places,./Adwaita/256x256/status,scalable/actions,scalable/apps,scalable/categories,scalable/devices,scalable/emblems,scalable/emotes,scalable/mimetypes,scalable/places,scalable/status,scalable-up-to-32/status, | sed -e 's#./Adwaita/##g'`"; \
sed -e "s|\@THEME_DIRS\@|$dirs|g" < index.theme.in.in > index.theme.in; \
for dir in `echo $dirs | sed -e "s/,/ /g"`; do \
	sizefull="`dirname $dir`"; \
	if test "$sizefull" = "scalable"; then \
		size="16"; \
	elif test "$sizefull" = "scalable-up-to-32"; then \
		size="16"; \
	else \
		size="`echo $sizefull | sed -e 's/x.*$//g'`"; \
	fi; \
	context="`basename $dir`"; \
	echo "[$dir]" >> index.theme.in; \
	if test "$context" = "actions"; then \
		echo "Context=Actions" >> index.theme.in; \
	fi; \
	if test "$context" = "animations"; then \
		echo "Context=Animations" >> index.theme.in; \
	fi; \
	if test "$context" = "apps"; then \
		echo "Context=Applications" >> index.theme.in; \
	fi; \
	if test "$context" = "categories"; then \
		echo "Context=Categories" >> index.theme.in; \
	fi; \
	if test "$context" = "devices"; then \
		echo "Context=Devices" >> index.theme.in; \
	fi; \
	if test "$context" = "emblems"; then \
		echo "Context=Emblems" >> index.theme.in; \
	fi; \
	if test "$context" = "emotes"; then \
		echo "Context=Emotes" >> index.theme.in; \
	fi; \
	if test "$context" = "intl"; then \
		echo "Context=International" >> index.theme.in; \
	fi; \
	if test "$context" = "mimetypes"; then \
		echo "Context=MimeTypes" >> index.theme.in; \
	fi; \
	if test "$context" = "places"; then \
		echo "Context=Places" >> index.theme.in; \
	fi; \
	if test "$context" = "status"; then \
		echo "Context=Status" >> index.theme.in; \
	fi; \
	echo "Size=$size" >> index.theme.in; \
	if test "$sizefull" = "scalable"; then \
		echo "MinSize=8" >> index.theme.in; \
		echo "MaxSize=512" >> index.theme.in; \
		echo "Type=Scalable" >> index.theme.in; \
	elif test "$sizefull" = "scalable-up-to-32"; then \
		echo "MinSize=16" >> index.theme.in; \
		echo "MaxSize=32" >> index.theme.in; \
		echo "Type=Scalable" >> index.theme.in; \
	elif test "$size" = "256"; then \
		echo "MinSize=56" >> index.theme.in; \
		echo "MaxSize=512" >> index.theme.in; \
		echo "Type=Scalable" >> index.theme.in; \
	else \
		echo "Type=Fixed" >> index.theme.in; \
	fi; \
	echo "" >> index.theme.in; \
done
LC_ALL=C /usr/bin/intltool-merge  -d -u -c ./po/.intltool-merge-cache ./po index.theme.in index.theme
Generating and caching the translation database
Merging translations into index.theme.
rm index.theme.in
make[1]: Leaving directory '/sources/7.9/adwaita-icon-theme-3.18.0'
Making install in po
make[1]: Entering directory '/sources/7.9/adwaita-icon-theme-3.18.0/po'
linguas="af am an ar as ast az be be@latin bg bn bn_IN br bs ca ca@valencia crh cs csb cy da de dz el en_CA en_GB en@shaw eo es et eu fa fi fr fur fy ga gd gl gu he hi hr hu id is it ja ka kk km kn ko ku li lt lv mai mg mk ml mn mr ms nb nds ne nhn nl nn oc or pa pl ps pt pt_BR ro ru rw si sk sl sq sr sr@latin sv ta te tg th tk tr ug uk uz uz@cyrillic vi wa xh zh_CN zh_HK zh_TW "; \
for lang in $linguas; do \
  dir=/usr/share/locale/$lang/LC_MESSAGES; \
  /bin/sh /sources/7.9/adwaita-icon-theme-3.18.0/install-sh -d $dir; \
  if test -r $lang.gmo; then \
    /usr/bin/install -c -m 644 $lang.gmo $dir/adwaita-icon-theme.mo; \
    echo "installing $lang.gmo as $dir/adwaita-icon-theme.mo"; \
  else \
    /usr/bin/install -c -m 644 ./$lang.gmo $dir/adwaita-icon-theme.mo; \
    echo "installing ./$lang.gmo as" \
	 "$dir/adwaita-icon-theme.mo"; \
  fi; \
  if test -r $lang.gmo.m; then \
    /usr/bin/install -c -m 644 $lang.gmo.m $dir/adwaita-icon-theme.mo.m; \
    echo "installing $lang.gmo.m as $dir/adwaita-icon-theme.mo.m"; \
  else \
    if test -r ./$lang.gmo.m ; then \
      /usr/bin/install -c -m 644 ./$lang.gmo.m \
	$dir/adwaita-icon-theme.mo.m; \
      echo "installing ./$lang.gmo.m as" \
	   "$dir/adwaita-icon-theme.mo.m"; \
    else \
      true; \
    fi; \
  fi; \
done
installing af.gmo as /usr/share/locale/af/LC_MESSAGES/adwaita-icon-theme.mo
installing am.gmo as /usr/share/locale/am/LC_MESSAGES/adwaita-icon-theme.mo
installing an.gmo as /usr/share/locale/an/LC_MESSAGES/adwaita-icon-theme.mo
installing ar.gmo as /usr/share/locale/ar/LC_MESSAGES/adwaita-icon-theme.mo
installing as.gmo as /usr/share/locale/as/LC_MESSAGES/adwaita-icon-theme.mo
installing ast.gmo as /usr/share/locale/ast/LC_MESSAGES/adwaita-icon-theme.mo
installing az.gmo as /usr/share/locale/az/LC_MESSAGES/adwaita-icon-theme.mo
installing be.gmo as /usr/share/locale/be/LC_MESSAGES/adwaita-icon-theme.mo
installing be@latin.gmo as /usr/share/locale/be@latin/LC_MESSAGES/adwaita-icon-theme.mo
installing bg.gmo as /usr/share/locale/bg/LC_MESSAGES/adwaita-icon-theme.mo
installing bn.gmo as /usr/share/locale/bn/LC_MESSAGES/adwaita-icon-theme.mo
installing bn_IN.gmo as /usr/share/locale/bn_IN/LC_MESSAGES/adwaita-icon-theme.mo
installing br.gmo as /usr/share/locale/br/LC_MESSAGES/adwaita-icon-theme.mo
installing bs.gmo as /usr/share/locale/bs/LC_MESSAGES/adwaita-icon-theme.mo
installing ca.gmo as /usr/share/locale/ca/LC_MESSAGES/adwaita-icon-theme.mo
installing ca@valencia.gmo as /usr/share/locale/ca@valencia/LC_MESSAGES/adwaita-icon-theme.mo
installing crh.gmo as /usr/share/locale/crh/LC_MESSAGES/adwaita-icon-theme.mo
installing cs.gmo as /usr/share/locale/cs/LC_MESSAGES/adwaita-icon-theme.mo
installing csb.gmo as /usr/share/locale/csb/LC_MESSAGES/adwaita-icon-theme.mo
installing cy.gmo as /usr/share/locale/cy/LC_MESSAGES/adwaita-icon-theme.mo
installing da.gmo as /usr/share/locale/da/LC_MESSAGES/adwaita-icon-theme.mo
installing de.gmo as /usr/share/locale/de/LC_MESSAGES/adwaita-icon-theme.mo
installing dz.gmo as /usr/share/locale/dz/LC_MESSAGES/adwaita-icon-theme.mo
installing el.gmo as /usr/share/locale/el/LC_MESSAGES/adwaita-icon-theme.mo
installing en_CA.gmo as /usr/share/locale/en_CA/LC_MESSAGES/adwaita-icon-theme.mo
installing en_GB.gmo as /usr/share/locale/en_GB/LC_MESSAGES/adwaita-icon-theme.mo
installing en@shaw.gmo as /usr/share/locale/en@shaw/LC_MESSAGES/adwaita-icon-theme.mo
installing eo.gmo as /usr/share/locale/eo/LC_MESSAGES/adwaita-icon-theme.mo
installing es.gmo as /usr/share/locale/es/LC_MESSAGES/adwaita-icon-theme.mo
installing et.gmo as /usr/share/locale/et/LC_MESSAGES/adwaita-icon-theme.mo
installing eu.gmo as /usr/share/locale/eu/LC_MESSAGES/adwaita-icon-theme.mo
installing fa.gmo as /usr/share/locale/fa/LC_MESSAGES/adwaita-icon-theme.mo
installing fi.gmo as /usr/share/locale/fi/LC_MESSAGES/adwaita-icon-theme.mo
installing fr.gmo as /usr/share/locale/fr/LC_MESSAGES/adwaita-icon-theme.mo
installing fur.gmo as /usr/share/locale/fur/LC_MESSAGES/adwaita-icon-theme.mo
installing fy.gmo as /usr/share/locale/fy/LC_MESSAGES/adwaita-icon-theme.mo
installing ga.gmo as /usr/share/locale/ga/LC_MESSAGES/adwaita-icon-theme.mo
installing gd.gmo as /usr/share/locale/gd/LC_MESSAGES/adwaita-icon-theme.mo
installing gl.gmo as /usr/share/locale/gl/LC_MESSAGES/adwaita-icon-theme.mo
installing gu.gmo as /usr/share/locale/gu/LC_MESSAGES/adwaita-icon-theme.mo
installing he.gmo as /usr/share/locale/he/LC_MESSAGES/adwaita-icon-theme.mo
installing hi.gmo as /usr/share/locale/hi/LC_MESSAGES/adwaita-icon-theme.mo
installing hr.gmo as /usr/share/locale/hr/LC_MESSAGES/adwaita-icon-theme.mo
installing hu.gmo as /usr/share/locale/hu/LC_MESSAGES/adwaita-icon-theme.mo
installing id.gmo as /usr/share/locale/id/LC_MESSAGES/adwaita-icon-theme.mo
installing is.gmo as /usr/share/locale/is/LC_MESSAGES/adwaita-icon-theme.mo
installing it.gmo as /usr/share/locale/it/LC_MESSAGES/adwaita-icon-theme.mo
installing ja.gmo as /usr/share/locale/ja/LC_MESSAGES/adwaita-icon-theme.mo
installing ka.gmo as /usr/share/locale/ka/LC_MESSAGES/adwaita-icon-theme.mo
installing kk.gmo as /usr/share/locale/kk/LC_MESSAGES/adwaita-icon-theme.mo
installing km.gmo as /usr/share/locale/km/LC_MESSAGES/adwaita-icon-theme.mo
installing kn.gmo as /usr/share/locale/kn/LC_MESSAGES/adwaita-icon-theme.mo
installing ko.gmo as /usr/share/locale/ko/LC_MESSAGES/adwaita-icon-theme.mo
installing ku.gmo as /usr/share/locale/ku/LC_MESSAGES/adwaita-icon-theme.mo
installing li.gmo as /usr/share/locale/li/LC_MESSAGES/adwaita-icon-theme.mo
installing lt.gmo as /usr/share/locale/lt/LC_MESSAGES/adwaita-icon-theme.mo
installing lv.gmo as /usr/share/locale/lv/LC_MESSAGES/adwaita-icon-theme.mo
installing mai.gmo as /usr/share/locale/mai/LC_MESSAGES/adwaita-icon-theme.mo
installing mg.gmo as /usr/share/locale/mg/LC_MESSAGES/adwaita-icon-theme.mo
installing mk.gmo as /usr/share/locale/mk/LC_MESSAGES/adwaita-icon-theme.mo
installing ml.gmo as /usr/share/locale/ml/LC_MESSAGES/adwaita-icon-theme.mo
installing mn.gmo as /usr/share/locale/mn/LC_MESSAGES/adwaita-icon-theme.mo
installing mr.gmo as /usr/share/locale/mr/LC_MESSAGES/adwaita-icon-theme.mo
installing ms.gmo as /usr/share/locale/ms/LC_MESSAGES/adwaita-icon-theme.mo
installing nb.gmo as /usr/share/locale/nb/LC_MESSAGES/adwaita-icon-theme.mo
installing nds.gmo as /usr/share/locale/nds/LC_MESSAGES/adwaita-icon-theme.mo
installing ne.gmo as /usr/share/locale/ne/LC_MESSAGES/adwaita-icon-theme.mo
installing nhn.gmo as /usr/share/locale/nhn/LC_MESSAGES/adwaita-icon-theme.mo
installing nl.gmo as /usr/share/locale/nl/LC_MESSAGES/adwaita-icon-theme.mo
installing nn.gmo as /usr/share/locale/nn/LC_MESSAGES/adwaita-icon-theme.mo
installing oc.gmo as /usr/share/locale/oc/LC_MESSAGES/adwaita-icon-theme.mo
installing or.gmo as /usr/share/locale/or/LC_MESSAGES/adwaita-icon-theme.mo
installing pa.gmo as /usr/share/locale/pa/LC_MESSAGES/adwaita-icon-theme.mo
installing pl.gmo as /usr/share/locale/pl/LC_MESSAGES/adwaita-icon-theme.mo
installing ps.gmo as /usr/share/locale/ps/LC_MESSAGES/adwaita-icon-theme.mo
installing pt.gmo as /usr/share/locale/pt/LC_MESSAGES/adwaita-icon-theme.mo
installing pt_BR.gmo as /usr/share/locale/pt_BR/LC_MESSAGES/adwaita-icon-theme.mo
installing ro.gmo as /usr/share/locale/ro/LC_MESSAGES/adwaita-icon-theme.mo
installing ru.gmo as /usr/share/locale/ru/LC_MESSAGES/adwaita-icon-theme.mo
installing rw.gmo as /usr/share/locale/rw/LC_MESSAGES/adwaita-icon-theme.mo
installing si.gmo as /usr/share/locale/si/LC_MESSAGES/adwaita-icon-theme.mo
installing sk.gmo as /usr/share/locale/sk/LC_MESSAGES/adwaita-icon-theme.mo
installing sl.gmo as /usr/share/locale/sl/LC_MESSAGES/adwaita-icon-theme.mo
installing sq.gmo as /usr/share/locale/sq/LC_MESSAGES/adwaita-icon-theme.mo
installing sr.gmo as /usr/share/locale/sr/LC_MESSAGES/adwaita-icon-theme.mo
installing sr@latin.gmo as /usr/share/locale/sr@latin/LC_MESSAGES/adwaita-icon-theme.mo
installing sv.gmo as /usr/share/locale/sv/LC_MESSAGES/adwaita-icon-theme.mo
installing ta.gmo as /usr/share/locale/ta/LC_MESSAGES/adwaita-icon-theme.mo
installing te.gmo as /usr/share/locale/te/LC_MESSAGES/adwaita-icon-theme.mo
installing tg.gmo as /usr/share/locale/tg/LC_MESSAGES/adwaita-icon-theme.mo
installing th.gmo as /usr/share/locale/th/LC_MESSAGES/adwaita-icon-theme.mo
installing tk.gmo as /usr/share/locale/tk/LC_MESSAGES/adwaita-icon-theme.mo
installing tr.gmo as /usr/share/locale/tr/LC_MESSAGES/adwaita-icon-theme.mo
installing ug.gmo as /usr/share/locale/ug/LC_MESSAGES/adwaita-icon-theme.mo
installing uk.gmo as /usr/share/locale/uk/LC_MESSAGES/adwaita-icon-theme.mo
installing uz.gmo as /usr/share/locale/uz/LC_MESSAGES/adwaita-icon-theme.mo
installing uz@cyrillic.gmo as /usr/share/locale/uz@cyrillic/LC_MESSAGES/adwaita-icon-theme.mo
installing vi.gmo as /usr/share/locale/vi/LC_MESSAGES/adwaita-icon-theme.mo
installing wa.gmo as /usr/share/locale/wa/LC_MESSAGES/adwaita-icon-theme.mo
installing xh.gmo as /usr/share/locale/xh/LC_MESSAGES/adwaita-icon-theme.mo
installing zh_CN.gmo as /usr/share/locale/zh_CN/LC_MESSAGES/adwaita-icon-theme.mo
installing zh_HK.gmo as /usr/share/locale/zh_HK/LC_MESSAGES/adwaita-icon-theme.mo
installing zh_TW.gmo as /usr/share/locale/zh_TW/LC_MESSAGES/adwaita-icon-theme.mo
make[1]: Leaving directory '/sources/7.9/adwaita-icon-theme-3.18.0/po'
Making install in src
make[1]: Entering directory '/sources/7.9/adwaita-icon-theme-3.18.0/src'
Making install in fullcolor
make[2]: Entering directory '/sources/7.9/adwaita-icon-theme-3.18.0/src/fullcolor'
make[3]: Entering directory '/sources/7.9/adwaita-icon-theme-3.18.0/src/fullcolor'
make[3]: Nothing to be done for 'install-exec-am'.
for size in 8x8 16x16 22x22 24x24 32x32 48x48 256x256; do \
	echo -e "Going to copy files for $size"; \
	for file in `cd ../../Adwaita/$size && find . -name "*.png"`; do \
		context="`dirname $file`"; \
		/bin/mkdir -p /usr/share/icons/Adwaita/$size/$context; \
		/bin/sh /sources/7.9/adwaita-icon-theme-3.18.0/install-sh -c -m 644 ../../Adwaita/$size/$file /usr/share/icons/Adwaita/$size/$file; \
	done; \
done;
Going to copy files for 8x8
Going to copy files for 16x16
Going to copy files for 22x22
Going to copy files for 24x24
Going to copy files for 32x32
Going to copy files for 48x48
Going to copy files for 256x256
make[3]: Leaving directory '/sources/7.9/adwaita-icon-theme-3.18.0/src/fullcolor'
make[2]: Leaving directory '/sources/7.9/adwaita-icon-theme-3.18.0/src/fullcolor'
Making install in symbolic
make[2]: Entering directory '/sources/7.9/adwaita-icon-theme-3.18.0/src/symbolic'
make[3]: Entering directory '/sources/7.9/adwaita-icon-theme-3.18.0/src/symbolic'
make[3]: Nothing to be done for 'install-exec-am'.
for size in ; do \
	for file in `cd ../../Adwaita/$size; find . -name "*.png"`; do \
		context="`dirname $file`"; \
		/bin/mkdir -p /usr/share/icons/Adwaita/$size/$context; \
		/bin/sh /sources/7.9/adwaita-icon-theme-3.18.0/install-sh -c -m 644 ../../Adwaita/$size/$file /usr/share/icons/Adwaita/$size/$file; \
	done; \
done
for file in `cd ../../Adwaita/scalable; find . -name "*.svg"`; do \
	context="`dirname $file`"; \
	/bin/mkdir -p /usr/share/icons/Adwaita/scalable/$context; \
	/bin/sh /sources/7.9/adwaita-icon-theme-3.18.0/install-sh -c -m 644 ../../Adwaita/scalable/$file /usr/share/icons/Adwaita/scalable/$file; \
	for size in ; do \
		/bin/mkdir -p /usr/share/icons/Adwaita/$size/$context; \
		false ../../Adwaita/scalable/$file $size -o /usr/share/icons/Adwaita/$size/$context; \
	done \
done
make[3]: Leaving directory '/sources/7.9/adwaita-icon-theme-3.18.0/src/symbolic'
make[2]: Leaving directory '/sources/7.9/adwaita-icon-theme-3.18.0/src/symbolic'
Making install in spinner
make[2]: Entering directory '/sources/7.9/adwaita-icon-theme-3.18.0/src/spinner'
make[3]: Entering directory '/sources/7.9/adwaita-icon-theme-3.18.0/src/spinner'
make[3]: Nothing to be done for 'install-exec-am'.
size='scalable-up-to-32'
for file in `cd ../../Adwaita/$size; find . -name "*.png"`; do \
	      context="`dirname $file`"; \
	      /bin/mkdir -p /usr/share/icons/Adwaita/$size/$context; \
	      /bin/sh /sources/7.9/adwaita-icon-theme-3.18.0/install-sh -c -m 644 ../../Adwaita/$size/$file /usr/share/icons/Adwaita/$size/$file; \
      done; \
for file in `cd ../../Adwaita/scalable-up-to-32; find . -name "*.svg"`; do \
	context="`dirname $file`"; \
	/bin/mkdir -p /usr/share/icons/Adwaita/scalable-up-to-32/$context; \
	/bin/sh /sources/7.9/adwaita-icon-theme-3.18.0/install-sh -c -m 644 ../../Adwaita/scalable-up-to-32/$file /usr/share/icons/Adwaita/scalable-up-to-32/$file; \
done
make[3]: Leaving directory '/sources/7.9/adwaita-icon-theme-3.18.0/src/spinner'
make[2]: Leaving directory '/sources/7.9/adwaita-icon-theme-3.18.0/src/spinner'
make[2]: Entering directory '/sources/7.9/adwaita-icon-theme-3.18.0/src'
make[3]: Entering directory '/sources/7.9/adwaita-icon-theme-3.18.0/src'
make[3]: Nothing to be done for 'install-exec-am'.
make[3]: Nothing to be done for 'install-data-am'.
make[3]: Leaving directory '/sources/7.9/adwaita-icon-theme-3.18.0/src'
make[2]: Leaving directory '/sources/7.9/adwaita-icon-theme-3.18.0/src'
make[1]: Leaving directory '/sources/7.9/adwaita-icon-theme-3.18.0/src'
make[1]: Entering directory '/sources/7.9/adwaita-icon-theme-3.18.0'
make[2]: Entering directory '/sources/7.9/adwaita-icon-theme-3.18.0'
make[2]: Nothing to be done for 'install-exec-am'.
 /bin/mkdir -p '/usr/share/icons/Adwaita/cursors'
 /usr/bin/install -c -m 644 ./Adwaita/cursors/fd_double_arrow ./Adwaita/cursors/crosshair ./Adwaita/cursors/ne-resize ./Adwaita/cursors/00008160000006810000408080010102 ./Adwaita/cursors/4498f0e0c1937ffe01fd06f973665830 ./Adwaita/cursors/pirate ./Adwaita/cursors/zoom-in ./Adwaita/cursors/right_tee ./Adwaita/cursors/text ./Adwaita/cursors/hand2 ./Adwaita/cursors/size_hor ./Adwaita/cursors/right_side ./Adwaita/cursors/s-resize ./Adwaita/cursors/link ./Adwaita/cursors/size_all ./Adwaita/cursors/vertical-text ./Adwaita/cursors/grab ./Adwaita/cursors/028006030e0e7ebffc7f7070c0600140 ./Adwaita/cursors/not-allowed ./Adwaita/cursors/crossed_circle ./Adwaita/cursors/question_arrow ./Adwaita/cursors/e-resize ./Adwaita/cursors/X_cursor ./Adwaita/cursors/lr_angle ./Adwaita/cursors/draft_small ./Adwaita/cursors/progress ./Adwaita/cursors/alias ./Adwaita/cursors/dnd-link ./Adwaita/cursors/sb_right_arrow ./Adwaita/cursors/sb_up_arrow ./Adwaita/cursors/arrow ./Adwaita/cursors/row-resize ./Adwaita/cursors/cross_reverse ./Adwaita/cursors/no-drop ./Adwaita/cursors/sb_down_arrow ./Adwaita/cursors/h_double_arrow ./Adwaita/cursors/dotbox ./Adwaita/cursors/col-resize ./Adwaita/cursors/double_arrow ./Adwaita/cursors/ns-resize '/usr/share/icons/Adwaita/cursors'
 /usr/bin/install -c -m 644 ./Adwaita/cursors/dnd-copy ./Adwaita/cursors/d9ce0ab605698f320427677b458ad60b ./Adwaita/cursors/fleur ./Adwaita/cursors/left_ptr_help ./Adwaita/cursors/bd_double_arrow ./Adwaita/cursors/nesw-resize ./Adwaita/cursors/circle ./Adwaita/cursors/bottom_right_corner ./Adwaita/cursors/5c6cd98b3f3ebcb1f9c7f1c204630408 ./Adwaita/cursors/e29285e634086352946a0e7090d73106 ./Adwaita/cursors/se-resize ./Adwaita/cursors/640fb0e74195791501fd1ed57b41487f ./Adwaita/cursors/cross ./Adwaita/cursors/3ecb610c1bf2410f44200f48c40d3599 ./Adwaita/cursors/size_fdiag ./Adwaita/cursors/top_right_corner ./Adwaita/cursors/hand ./Adwaita/cursors/target ./Adwaita/cursors/1081e37283d90000800003c07f3ef6bf ./Adwaita/cursors/top_left_corner ./Adwaita/cursors/watch ./Adwaita/cursors/dnd-none ./Adwaita/cursors/left_ptr ./Adwaita/cursors/xterm ./Adwaita/cursors/size_bdiag ./Adwaita/cursors/9081237383d90e509aa00f00170e968f ./Adwaita/cursors/03b6e0fcb3499374a867c041f52298f0 ./Adwaita/cursors/grabbing ./Adwaita/cursors/wait ./Adwaita/cursors/sb_h_double_arrow ./Adwaita/cursors/c7088f0f3e6c8088236ef8e1e3e70000 ./Adwaita/cursors/ew-resize ./Adwaita/cursors/w-resize ./Adwaita/cursors/pointer ./Adwaita/cursors/v_double_arrow ./Adwaita/cursors/copy ./Adwaita/cursors/move ./Adwaita/cursors/top_tee ./Adwaita/cursors/all-scroll ./Adwaita/cursors/fcf1c3c7cd4491d801f1e1c78f100000 '/usr/share/icons/Adwaita/cursors'
 /usr/bin/install -c -m 644 ./Adwaita/cursors/default ./Adwaita/cursors/nwse-resize ./Adwaita/cursors/help ./Adwaita/cursors/pointer-move ./Adwaita/cursors/n-resize ./Adwaita/cursors/left_ptr_watch ./Adwaita/cursors/08e8e1c95fe2fc01f976f1e063a24ccd ./Adwaita/cursors/2870a09082c103050810ffdffffe0204 ./Adwaita/cursors/bottom_left_corner ./Adwaita/cursors/ll_angle ./Adwaita/cursors/size_ver ./Adwaita/cursors/dnd-move ./Adwaita/cursors/pencil ./Adwaita/cursors/nw-resize ./Adwaita/cursors/dot_box_mask ./Adwaita/cursors/icon ./Adwaita/cursors/draft_large ./Adwaita/cursors/sb_v_double_arrow ./Adwaita/cursors/tcross ./Adwaita/cursors/dnd-ask ./Adwaita/cursors/14fef782d02440884392942c11205230 ./Adwaita/cursors/hand1 ./Adwaita/cursors/sb_left_arrow ./Adwaita/cursors/bottom_tee ./Adwaita/cursors/zoom-out ./Adwaita/cursors/ul_angle ./Adwaita/cursors/draped_box ./Adwaita/cursors/right_ptr ./Adwaita/cursors/top_side ./Adwaita/cursors/ur_angle ./Adwaita/cursors/bottom_side ./Adwaita/cursors/plus ./Adwaita/cursors/diamond_cross ./Adwaita/cursors/sw-resize ./Adwaita/cursors/left_tee ./Adwaita/cursors/6407b0e94181790501fd1e167b474872 ./Adwaita/cursors/top_left_arrow ./Adwaita/cursors/3085a0e285430894940527032f8b26df ./Adwaita/cursors/left_side ./Adwaita/cursors/9d800788f1b08800ae810202380a0822 '/usr/share/icons/Adwaita/cursors'
 /usr/bin/install -c -m 644 ./Adwaita/cursors/cell '/usr/share/icons/Adwaita/cursors'
make -C po uninstall
make[3]: Entering directory '/sources/7.9/adwaita-icon-theme-3.18.0/po'
linguas="af am an ar as ast az be be@latin bg bn bn_IN br bs ca ca@valencia crh cs csb cy da de dz el en_CA en_GB en@shaw eo es et eu fa fi fr fur fy ga gd gl gu he hi hr hu id is it ja ka kk km kn ko ku li lt lv mai mg mk ml mn mr ms nb nds ne nhn nl nn oc or pa pl ps pt pt_BR ro ru rw si sk sl sq sr sr@latin sv ta te tg th tk tr ug uk uz uz@cyrillic vi wa xh zh_CN zh_HK zh_TW "; \
for lang in $linguas; do \
  rm -f /usr/share/locale/$lang/LC_MESSAGES/adwaita-icon-theme.mo; \
  rm -f /usr/share/locale/$lang/LC_MESSAGES/adwaita-icon-theme.mo.m; \
done
make[3]: Leaving directory '/sources/7.9/adwaita-icon-theme-3.18.0/po'
if [ -h /usr/share/icons/Adwaita ]; then \
	rm -f /usr/share/icons/Adwaita; \
fi
if [ -d /usr/share/icons/Adwaita ]; then \
	touch /usr/share/icons/Adwaita; \
fi
 /bin/mkdir -p '/usr/share/pkgconfig'
 /usr/bin/install -c -m 644 adwaita-icon-theme.pc '/usr/share/pkgconfig'
 /bin/mkdir -p '/usr/share/icons/Adwaita'
 /usr/bin/install -c -m 644 index.theme '/usr/share/icons/Adwaita'
make  install-data-hook
make[3]: Entering directory '/sources/7.9/adwaita-icon-theme-3.18.0'
cd /usr/share/icons/Adwaita/cursors && \
if test "xno" = "xyes"; \
then \
	cur=.cur && \
	ani=.ani; \
else \
	cur= && \
	ani= ; \
fi; \
if test "xno" = "xyes"; \
then \
	themedirs="/usr/share/icons/Adwaita/cursors  "; \
else \
	themedirs="/usr/share/icons/Adwaita/cursors"; \
fi; \
for d in $themedirs; \
do \
	cd $d && \
	echo Creating symlinks in $d && \
	ln -s -f  dotbox$cur			draped_box$cur && \
	ln -s -f  dotbox$cur			icon$cur && \
	ln -s -f  dotbox$cur			target$cur && \
	ln -s -f  dotbox$cur			dot_box_mask$cur && \
	ln -s -f  X_cursor$cur		pirate$cur && \
	ln -s -f  left_ptr_watch$ani		08e8e1c95fe2fc01f976f1e063a24ccd$ani && \
	ln -s -f  left_ptr_watch$ani		3ecb610c1bf2410f44200f48c40d3599$ani && \
	ln -s -f  left_ptr$cur		arrow$cur && \
	ln -s -f  left_ptr$cur		top_left_arrow$cur && \
	ln -s -f  right_ptr$cur		draft_large$cur && \
	ln -s -f  right_ptr$cur		draft_small$cur && \
	ln -s -f  move$cur			4498f0e0c1937ffe01fd06f973665830$cur && \
	ln -s -f  move$cur			9081237383d90e509aa00f00170e968f$cur && \
	ln -s -f  copy$cur			1081e37283d90000800003c07f3ef6bf$cur && \
	ln -s -f  copy$cur			6407b0e94181790501fd1e167b474872$cur && \
	ln -s -f  cross$cur			cross_reverse$cur && \
	ln -s -f  cross$cur			diamond_cross$cur && \
	ln -s -f  hand1$cur			grab$cur && \
	ln -s -f  hand2$cur			9d800788f1b08800ae810202380a0822$cur && \
	ln -s -f  hand2$cur			e29285e634086352946a0e7090d73106$cur && \
	ln -s -f  hand2$cur			hand$cur && \
	ln -s -f  grabbing$cur		fleur$cur && \
	ln -s -f  question_arrow$cur		d9ce0ab605698f320427677b458ad60b$cur && \
	ln -s -f  question_arrow$cur		5c6cd98b3f3ebcb1f9c7f1c204630408$cur && \
	ln -s -f  question_arrow$cur		help$cur && \
	ln -s -f  question_arrow$cur		left_ptr_help$cur && \
	ln -s -f  link$cur			3085a0e285430894940527032f8b26df$cur && \
	ln -s -f  link$cur			640fb0e74195791501fd1ed57b41487f$cur && \
	ln -s -f  crossed_circle$cur		03b6e0fcb3499374a867c041f52298f0$cur && \
	ln -s -f  fd_double_arrow$cur	fcf1c3c7cd4491d801f1e1c78f100000$cur && \
	ln -s -f  bd_double_arrow$cur	c7088f0f3e6c8088236ef8e1e3e70000$cur && \
	ln -s -f  sb_h_double_arrow$cur 	h_double_arrow$cur && \
	ln -s -f  sb_h_double_arrow$cur	14fef782d02440884392942c11205230$cur && \
	ln -s -f  h_double_arrow$cur		028006030e0e7ebffc7f7070c0600140$cur && \
	ln -s -f  sb_v_double_arrow$cur 	double_arrow$cur && \
	ln -s -f  sb_v_double_arrow$cur 	v_double_arrow$cur && \
	ln -s -f  sb_v_double_arrow$cur	2870a09082c103050810ffdffffe0204$cur && \
	ln -s -f  v_double_arrow$cur		00008160000006810000408080010102$cur && \
	ln -s -f  left_ptr$cur		default$cur && \
	ln -s -f  hand$cur			pointer$cur && \
	ln -s -f  left_ptr_watch$ani		progress$ani && \
	ln -s -f  watch$ani			wait$ani && \
	ln -s -f  cross$cur			crosshair$cur && \
	ln -s -f  xterm$cur			text$cur && \
	ln -s -f  dnd-link$cur		alias$cur && \
	ln -s -f  dnd-copy$cur		copy$cur && \
	ln -s -f  dnd-none$cur		no-drop$cur && \
	ln -s -f  crossed_circle$cur		not-allowed$cur && \
	ln -s -f  sb_h_double_arrow$cur	col-resize$cur && \
	ln -s -f  sb_v_double_arrow$cur	row-resize$cur && \
	ln -s -f  top_side$cur		n-resize$cur && \
	ln -s -f  right_side$cur		e-resize$cur && \
	ln -s -f  bottom_side$cur		s-resize$cur && \
	ln -s -f  left_side$cur		w-resize$cur && \
	ln -s -f  top_right_corner$cur	ne-resize$cur && \
	ln -s -f  top_left_corner$cur	nw-resize$cur && \
	ln -s -f  bottom_right_corner$cur	se-resize$cur && \
	ln -s -f  bottom_left_corner$cur	sw-resize$cur && \
	ln -s -f  sb_h_double_arrow$cur	ew-resize$cur && \
	ln -s -f  sb_v_double_arrow$cur	ns-resize$cur && \
	ln -s -f  fd_double_arrow$cur	nesw-resize$cur && \
	ln -s -f  bd_double_arrow$cur	nwse-resize$cur; \
done
Creating symlinks in /usr/share/icons/Adwaita/cursors
if test -z "" && test -n "/usr/bin/gtk-update-icon-cache" ; then \
	/usr/bin/gtk-update-icon-cache -q /usr/share/icons/Adwaita; \
fi
make[3]: Leaving directory '/sources/7.9/adwaita-icon-theme-3.18.0'
make[2]: Leaving directory '/sources/7.9/adwaita-icon-theme-3.18.0'
make[1]: Leaving directory '/sources/7.9/adwaita-icon-theme-3.18.0'
