checking for a BSD-compatible install... /usr/bin/install -c
checking whether build environment is sane... yes
checking for a thread-safe mkdir -p... /bin/mkdir -p
checking for gawk... gawk
checking whether make sets $(MAKE)... yes
checking whether make supports nested variables... yes
checking whether make supports nested variables... (cached) yes
checking for style of include used by make... GNU
checking for gcc... gcc
checking whether the C compiler works... yes
checking for C compiler default output file name... a.out
checking for suffix of executables... 
checking whether we are cross compiling... no
checking for suffix of object files... o
checking whether we are using the GNU C compiler... yes
checking whether gcc accepts -g... yes
checking for gcc option to accept ISO C89... none needed
checking whether gcc understands -c and -o together... yes
checking dependency style of gcc... gcc3
checking for ar... ar
checking the archiver (ar) interface... ar
checking build system type... x86_64-unknown-linux-gnu
checking host system type... x86_64-unknown-linux-gnu
checking how to print strings... printf
checking for a sed that does not truncate output... /bin/sed
checking for grep that handles long lines and -e... /bin/grep
checking for egrep... /bin/grep -E
checking for fgrep... /bin/grep -F
checking for ld used by gcc... /usr/bin/ld
checking if the linker (/usr/bin/ld) is GNU ld... yes
checking for BSD- or MS-compatible name lister (nm)... /usr/bin/nm -B
checking the name lister (/usr/bin/nm -B) interface... BSD nm
checking whether ln -s works... yes
checking the maximum length of command line arguments... 1572864
checking how to convert x86_64-unknown-linux-gnu file names to x86_64-unknown-linux-gnu format... func_convert_file_noop
checking how to convert x86_64-unknown-linux-gnu file names to toolchain format... func_convert_file_noop
checking for /usr/bin/ld option to reload object files... -r
checking for objdump... objdump
checking how to recognize dependent libraries... pass_all
checking for dlltool... no
checking how to associate runtime and link libraries... printf %s\n
checking for archiver @FILE support... @
checking for strip... strip
checking for ranlib... ranlib
checking command to parse /usr/bin/nm -B output from gcc object... ok
checking for sysroot... no
checking for a working dd... /bin/dd
checking how to truncate binary pipes... /bin/dd bs=4096 count=1
checking for mt... no
checking if : is a manifest tool... no
checking how to run the C preprocessor... gcc -E
checking for ANSI C header files... yes
checking for sys/types.h... yes
checking for sys/stat.h... yes
checking for stdlib.h... yes
checking for string.h... yes
checking for memory.h... yes
checking for strings.h... yes
checking for inttypes.h... yes
checking for stdint.h... yes
checking for unistd.h... yes
checking for dlfcn.h... yes
checking for objdir... .libs
checking if gcc supports -fno-rtti -fno-exceptions... no
checking for gcc option to produce PIC... -fPIC -DPIC
checking if gcc PIC flag -fPIC -DPIC works... yes
checking if gcc static flag -static works... yes
checking if gcc supports -c -o file.o... yes
checking if gcc supports -c -o file.o... (cached) yes
checking whether the gcc linker (/usr/bin/ld -m elf_x86_64) supports shared libraries... yes
checking whether -lc should be explicitly linked in... no
checking dynamic linker characteristics... GNU/Linux ld.so
checking how to hardcode library paths into programs... immediate
checking whether stripping libraries is possible... yes
checking if libtool supports shared libraries... yes
checking whether to build shared libraries... yes
checking whether to build static libraries... no
checking for gcc... (cached) gcc
checking whether we are using the GNU C compiler... (cached) yes
checking whether gcc accepts -g... (cached) yes
checking for gcc option to accept ISO C89... (cached) none needed
checking whether gcc understands -c and -o together... (cached) yes
checking dependency style of gcc... (cached) gcc3
checking for pkg-config... /usr/bin/pkg-config
checking pkg-config is at least version 0.9.0... yes
checking for native Win32... no
checking for some Win32 platform... no
checking for ANSI C header files... (cached) yes
checking for stdlib.h... (cached) yes
checking for string.h... (cached) yes
checking for strings.h... (cached) yes
checking for inttypes.h... (cached) yes
checking wchar.h usability... yes
checking wchar.h presence... yes
checking for wchar.h... yes
checking asm/page.h usability... no
checking asm/page.h presence... no
checking for asm/page.h... no
checking sys/times.h usability... yes
checking sys/times.h presence... yes
checking for sys/times.h... yes
checking for an ANSI C-conforming const... yes
checking for preprocessor stringizing operator... yes
checking size of int... 4
checking size of short... 2
checking size of void *... 8
checking size of wchar_t... 4
checking for memmove... yes
checking for memset... yes
checking for strdup... yes
checking return type of signal handlers... void
checking for GLIB... yes
checking that generated files are newer than configure... done
configure: creating ./config.status
config.status: creating fribidi.pc
config.status: creating lib/fribidi-config.h
config.status: creating Makefile
config.status: creating charset/Makefile
config.status: creating gen.tab/Makefile
config.status: creating lib/Makefile
config.status: creating bin/Makefile
config.status: creating doc/Makefile
config.status: creating test/Makefile
config.status: creating config.h
config.status: executing depfiles commands
config.status: executing libtool commands
make  all-recursive
make[1]: Entering directory '/sources/7.9/fribidi-0.19.7'
Making all in gen.tab
make[2]: Entering directory '/sources/7.9/fribidi-0.19.7/gen.tab'
make[2]: Nothing to be done for 'all'.
make[2]: Leaving directory '/sources/7.9/fribidi-0.19.7/gen.tab'
Making all in charset
make[2]: Entering directory '/sources/7.9/fribidi-0.19.7/charset'
  CC       fribidi-char-sets.lo
  CC       fribidi-char-sets-cap-rtl.lo
  CC       fribidi-char-sets-cp1255.lo
  CC       fribidi-char-sets-cp1256.lo
  CC       fribidi-char-sets-iso8859-6.lo
  CC       fribidi-char-sets-iso8859-8.lo
  CC       fribidi-char-sets-utf8.lo
  CCLD     libfribidi-char-sets.la
make[2]: Leaving directory '/sources/7.9/fribidi-0.19.7/charset'
Making all in lib
make[2]: Entering directory '/sources/7.9/fribidi-0.19.7/lib'
make  all-am
make[3]: Entering directory '/sources/7.9/fribidi-0.19.7/lib'
  CC       fribidi.lo
  CC       fribidi-arabic.lo
  CC       fribidi-bidi.lo
  CC       fribidi-bidi-types.lo
  CC       fribidi-deprecated.lo
  CC       fribidi-joining.lo
  CC       fribidi-joining-types.lo
  CC       fribidi-mem.lo
  CC       fribidi-mirroring.lo
  CC       fribidi-run.lo
  CC       fribidi-shape.lo
  CCLD     libfribidi.la
make[3]: Leaving directory '/sources/7.9/fribidi-0.19.7/lib'
make[2]: Leaving directory '/sources/7.9/fribidi-0.19.7/lib'
Making all in bin
make[2]: Entering directory '/sources/7.9/fribidi-0.19.7/bin'
  CC       fribidi-main.o
  CC       getopt.o
  CC       getopt1.o
  CCLD     fribidi
  CC       fribidi-benchmark.o
  CCLD     fribidi-benchmark
  CC       fribidi-bidi-types.o
  CCLD     fribidi-bidi-types
  CC       fribidi-caprtl2utf8.o
  CCLD     fribidi-caprtl2utf8
make[2]: Leaving directory '/sources/7.9/fribidi-0.19.7/bin'
Making all in doc
make[2]: Entering directory '/sources/7.9/fribidi-0.19.7/doc'
make[2]: Nothing to be done for 'all'.
make[2]: Leaving directory '/sources/7.9/fribidi-0.19.7/doc'
Making all in test
make[2]: Entering directory '/sources/7.9/fribidi-0.19.7/test'
make[2]: Nothing to be done for 'all'.
make[2]: Leaving directory '/sources/7.9/fribidi-0.19.7/test'
make[2]: Entering directory '/sources/7.9/fribidi-0.19.7'
make[2]: Leaving directory '/sources/7.9/fribidi-0.19.7'
make[1]: Leaving directory '/sources/7.9/fribidi-0.19.7'
make  check-recursive
make[1]: Entering directory '/sources/7.9/fribidi-0.19.7'
Making check in gen.tab
make[2]: Entering directory '/sources/7.9/fribidi-0.19.7/gen.tab'
make[2]: Nothing to be done for 'check'.
make[2]: Leaving directory '/sources/7.9/fribidi-0.19.7/gen.tab'
Making check in charset
make[2]: Entering directory '/sources/7.9/fribidi-0.19.7/charset'
make[2]: Nothing to be done for 'check'.
make[2]: Leaving directory '/sources/7.9/fribidi-0.19.7/charset'
Making check in lib
make[2]: Entering directory '/sources/7.9/fribidi-0.19.7/lib'
make  check-am
make[3]: Entering directory '/sources/7.9/fribidi-0.19.7/lib'
make[3]: Nothing to be done for 'check-am'.
make[3]: Leaving directory '/sources/7.9/fribidi-0.19.7/lib'
make[2]: Leaving directory '/sources/7.9/fribidi-0.19.7/lib'
Making check in bin
make[2]: Entering directory '/sources/7.9/fribidi-0.19.7/bin'
make[2]: Nothing to be done for 'check'.
make[2]: Leaving directory '/sources/7.9/fribidi-0.19.7/bin'
Making check in doc
make[2]: Entering directory '/sources/7.9/fribidi-0.19.7/doc'
make[2]: Nothing to be done for 'check'.
make[2]: Leaving directory '/sources/7.9/fribidi-0.19.7/doc'
Making check in test
make[2]: Entering directory '/sources/7.9/fribidi-0.19.7/test'
make  run.tests
make[3]: Entering directory '/sources/7.9/fribidi-0.19.7/test'
make[3]: Nothing to be done for 'run.tests'.
make[3]: Leaving directory '/sources/7.9/fribidi-0.19.7/test'
make  check-TESTS
make[3]: Entering directory '/sources/7.9/fribidi-0.19.7/test'
make[4]: Entering directory '/sources/7.9/fribidi-0.19.7/test'
PASS: run.tests
============================================================================
Testsuite summary for GNU FriBidi 0.19.7
============================================================================
# TOTAL: 1
# PASS:  1
# SKIP:  0
# XFAIL: 0
# FAIL:  0
# XPASS: 0
# ERROR: 0
============================================================================
make[4]: Leaving directory '/sources/7.9/fribidi-0.19.7/test'
make[3]: Leaving directory '/sources/7.9/fribidi-0.19.7/test'
make[2]: Leaving directory '/sources/7.9/fribidi-0.19.7/test'
make[2]: Entering directory '/sources/7.9/fribidi-0.19.7'
make[2]: Leaving directory '/sources/7.9/fribidi-0.19.7'
make[1]: Leaving directory '/sources/7.9/fribidi-0.19.7'
make  install-recursive
make[1]: Entering directory '/sources/7.9/fribidi-0.19.7'
Making install in gen.tab
make[2]: Entering directory '/sources/7.9/fribidi-0.19.7/gen.tab'
make[3]: Entering directory '/sources/7.9/fribidi-0.19.7/gen.tab'
make[3]: Nothing to be done for 'install-exec-am'.
make[3]: Nothing to be done for 'install-data-am'.
make[3]: Leaving directory '/sources/7.9/fribidi-0.19.7/gen.tab'
make[2]: Leaving directory '/sources/7.9/fribidi-0.19.7/gen.tab'
Making install in charset
make[2]: Entering directory '/sources/7.9/fribidi-0.19.7/charset'
make[3]: Entering directory '/sources/7.9/fribidi-0.19.7/charset'
make[3]: Nothing to be done for 'install-exec-am'.
 /bin/mkdir -p '/usr/include/fribidi'
 /usr/bin/install -c -m 644 fribidi-char-sets.h fribidi-char-sets-list.h '/usr/include/fribidi'
make[3]: Leaving directory '/sources/7.9/fribidi-0.19.7/charset'
make[2]: Leaving directory '/sources/7.9/fribidi-0.19.7/charset'
Making install in lib
make[2]: Entering directory '/sources/7.9/fribidi-0.19.7/lib'
make  install-am
make[3]: Entering directory '/sources/7.9/fribidi-0.19.7/lib'
make[4]: Entering directory '/sources/7.9/fribidi-0.19.7/lib'
 /bin/mkdir -p '/usr/lib'
 /bin/sh ../libtool   --mode=install /usr/bin/install -c   libfribidi.la '/usr/lib'
libtool: install: /usr/bin/install -c .libs/libfribidi.so.0.3.6 /usr/lib/libfribidi.so.0.3.6
libtool: install: (cd /usr/lib && { ln -s -f libfribidi.so.0.3.6 libfribidi.so.0 || { rm -f libfribidi.so.0 && ln -s libfribidi.so.0.3.6 libfribidi.so.0; }; })
libtool: install: (cd /usr/lib && { ln -s -f libfribidi.so.0.3.6 libfribidi.so || { rm -f libfribidi.so && ln -s libfribidi.so.0.3.6 libfribidi.so; }; })
libtool: install: /usr/bin/install -c .libs/libfribidi.lai /usr/lib/libfribidi.la
libtool: finish: PATH="/bin:/usr/ucb:/usr/bin:/usr/sbin:/sbin:/usr/etc:/etc:/sbin" ldconfig -n /usr/lib
----------------------------------------------------------------------
Libraries have been installed in:
   /usr/lib

If you ever happen to want to link against installed libraries
in a given directory, LIBDIR, you must either use libtool, and
specify the full pathname of the library, or use the '-LLIBDIR'
flag during linking and do at least one of the following:
   - add LIBDIR to the 'LD_LIBRARY_PATH' environment variable
     during execution
   - add LIBDIR to the 'LD_RUN_PATH' environment variable
     during linking
   - use the '-Wl,-rpath -Wl,LIBDIR' linker flag
   - have your system administrator add LIBDIR to '/etc/ld.so.conf'

See any operating system documentation about shared libraries for
more information, such as the ld(1) and ld.so(8) manual pages.
----------------------------------------------------------------------
 /bin/mkdir -p '/usr/include/fribidi'
 /usr/bin/install -c -m 644 fribidi-config.h '/usr/include/fribidi'
 /bin/mkdir -p '/usr/include/fribidi'
 /usr/bin/install -c -m 644 fribidi-arabic.h fribidi-begindecls.h fribidi-bidi.h fribidi-bidi-types.h fribidi-bidi-types-list.h fribidi-common.h fribidi-deprecated.h fribidi-enddecls.h fribidi-flags.h fribidi-joining.h fribidi-joining-types.h fribidi-joining-types-list.h fribidi-mirroring.h fribidi-shape.h fribidi-types.h fribidi-unicode.h fribidi-unicode-version.h fribidi.h '/usr/include/fribidi'
make[4]: Leaving directory '/sources/7.9/fribidi-0.19.7/lib'
make[3]: Leaving directory '/sources/7.9/fribidi-0.19.7/lib'
make[2]: Leaving directory '/sources/7.9/fribidi-0.19.7/lib'
Making install in bin
make[2]: Entering directory '/sources/7.9/fribidi-0.19.7/bin'
make[3]: Entering directory '/sources/7.9/fribidi-0.19.7/bin'
 /bin/mkdir -p '/usr/bin'
  /bin/sh ../libtool   --mode=install /usr/bin/install -c fribidi '/usr/bin'
libtool: install: /usr/bin/install -c .libs/fribidi /usr/bin/fribidi
make[3]: Nothing to be done for 'install-data-am'.
make[3]: Leaving directory '/sources/7.9/fribidi-0.19.7/bin'
make[2]: Leaving directory '/sources/7.9/fribidi-0.19.7/bin'
Making install in doc
make[2]: Entering directory '/sources/7.9/fribidi-0.19.7/doc'
make[3]: Entering directory '/sources/7.9/fribidi-0.19.7/doc'
make[3]: Nothing to be done for 'install-exec-am'.
 /bin/mkdir -p '/usr/share/man/man3'
 /usr/bin/install -c -m 644 fribidi_charset_to_unicode.3 fribidi_unicode_to_charset.3 fribidi_parse_charset.3 fribidi_debug_status.3 fribidi_get_bidi_type.3 fribidi_get_bidi_type_name.3 fribidi_get_bidi_types.3 fribidi_get_joining_type.3 fribidi_get_joining_type_name.3 fribidi_get_joining_types.3 fribidi_get_mirror_char.3 fribidi_get_par_direction.3 fribidi_get_par_embedding_levels.3 fribidi_get_type.3 fribidi_get_type_internal.3 fribidi_join_arabic.3 fribidi_log2vis.3 fribidi_log2vis_get_embedding_levels.3 fribidi_mirroring_status.3 fribidi_remove_bidi_marks.3 fribidi_reorder_line.3 fribidi_reorder_nsm_status.3 fribidi_set_debug.3 fribidi_set_mirroring.3 fribidi_set_reorder_nsm.3 fribidi_shape.3 fribidi_shape_mirroring.3 fribidi_unicode_version.3 fribidi_version_info.3 '/usr/share/man/man3'
make[3]: Leaving directory '/sources/7.9/fribidi-0.19.7/doc'
make[2]: Leaving directory '/sources/7.9/fribidi-0.19.7/doc'
Making install in test
make[2]: Entering directory '/sources/7.9/fribidi-0.19.7/test'
make[3]: Entering directory '/sources/7.9/fribidi-0.19.7/test'
make[3]: Nothing to be done for 'install-exec-am'.
make[3]: Nothing to be done for 'install-data-am'.
make[3]: Leaving directory '/sources/7.9/fribidi-0.19.7/test'
make[2]: Leaving directory '/sources/7.9/fribidi-0.19.7/test'
make[2]: Entering directory '/sources/7.9/fribidi-0.19.7'
make[3]: Entering directory '/sources/7.9/fribidi-0.19.7'
make[3]: Nothing to be done for 'install-exec-am'.
 /bin/mkdir -p '/usr/lib/pkgconfig'
 /usr/bin/install -c -m 644 fribidi.pc '/usr/lib/pkgconfig'
make[3]: Leaving directory '/sources/7.9/fribidi-0.19.7'
make[2]: Leaving directory '/sources/7.9/fribidi-0.19.7'
make[1]: Leaving directory '/sources/7.9/fribidi-0.19.7'
