Making check in fontconfig
make[1]: Entering directory '/sources/7.9/fontconfig-2.11.1/fontconfig'
make[1]: Nothing to be done for 'check'.
make[1]: Leaving directory '/sources/7.9/fontconfig-2.11.1/fontconfig'
Making check in fc-case
make[1]: Entering directory '/sources/7.9/fontconfig-2.11.1/fc-case'
make  check-am
make[2]: Entering directory '/sources/7.9/fontconfig-2.11.1/fc-case'
make[2]: Nothing to be done for 'check-am'.
make[2]: Leaving directory '/sources/7.9/fontconfig-2.11.1/fc-case'
make[1]: Leaving directory '/sources/7.9/fontconfig-2.11.1/fc-case'
Making check in fc-lang
make[1]: Entering directory '/sources/7.9/fontconfig-2.11.1/fc-lang'
make  check-am
make[2]: Entering directory '/sources/7.9/fontconfig-2.11.1/fc-lang'
make[2]: Nothing to be done for 'check-am'.
make[2]: Leaving directory '/sources/7.9/fontconfig-2.11.1/fc-lang'
make[1]: Leaving directory '/sources/7.9/fontconfig-2.11.1/fc-lang'
Making check in fc-glyphname
make[1]: Entering directory '/sources/7.9/fontconfig-2.11.1/fc-glyphname'
make  check-am
make[2]: Entering directory '/sources/7.9/fontconfig-2.11.1/fc-glyphname'
make[2]: Nothing to be done for 'check-am'.
make[2]: Leaving directory '/sources/7.9/fontconfig-2.11.1/fc-glyphname'
make[1]: Leaving directory '/sources/7.9/fontconfig-2.11.1/fc-glyphname'
Making check in src
make[1]: Entering directory '/sources/7.9/fontconfig-2.11.1/src'
make  check-am
make[2]: Entering directory '/sources/7.9/fontconfig-2.11.1/src'
make[2]: Nothing to be done for 'check-am'.
make[2]: Leaving directory '/sources/7.9/fontconfig-2.11.1/src'
make[1]: Leaving directory '/sources/7.9/fontconfig-2.11.1/src'
Making check in fc-cache
make[1]: Entering directory '/sources/7.9/fontconfig-2.11.1/fc-cache'
make[1]: Nothing to be done for 'check'.
make[1]: Leaving directory '/sources/7.9/fontconfig-2.11.1/fc-cache'
Making check in fc-cat
make[1]: Entering directory '/sources/7.9/fontconfig-2.11.1/fc-cat'
make[1]: Nothing to be done for 'check'.
make[1]: Leaving directory '/sources/7.9/fontconfig-2.11.1/fc-cat'
Making check in fc-list
make[1]: Entering directory '/sources/7.9/fontconfig-2.11.1/fc-list'
make[1]: Nothing to be done for 'check'.
make[1]: Leaving directory '/sources/7.9/fontconfig-2.11.1/fc-list'
Making check in fc-match
make[1]: Entering directory '/sources/7.9/fontconfig-2.11.1/fc-match'
make[1]: Nothing to be done for 'check'.
make[1]: Leaving directory '/sources/7.9/fontconfig-2.11.1/fc-match'
Making check in fc-pattern
make[1]: Entering directory '/sources/7.9/fontconfig-2.11.1/fc-pattern'
make[1]: Nothing to be done for 'check'.
make[1]: Leaving directory '/sources/7.9/fontconfig-2.11.1/fc-pattern'
Making check in fc-query
make[1]: Entering directory '/sources/7.9/fontconfig-2.11.1/fc-query'
make[1]: Nothing to be done for 'check'.
make[1]: Leaving directory '/sources/7.9/fontconfig-2.11.1/fc-query'
Making check in fc-scan
make[1]: Entering directory '/sources/7.9/fontconfig-2.11.1/fc-scan'
make[1]: Nothing to be done for 'check'.
make[1]: Leaving directory '/sources/7.9/fontconfig-2.11.1/fc-scan'
Making check in fc-validate
make[1]: Entering directory '/sources/7.9/fontconfig-2.11.1/fc-validate'
make[1]: Nothing to be done for 'check'.
make[1]: Leaving directory '/sources/7.9/fontconfig-2.11.1/fc-validate'
Making check in conf.d
make[1]: Entering directory '/sources/7.9/fontconfig-2.11.1/conf.d'
make  check-am
make[2]: Entering directory '/sources/7.9/fontconfig-2.11.1/conf.d'
make[2]: Nothing to be done for 'check-am'.
make[2]: Leaving directory '/sources/7.9/fontconfig-2.11.1/conf.d'
make[1]: Leaving directory '/sources/7.9/fontconfig-2.11.1/conf.d'
Making check in test
make[1]: Entering directory '/sources/7.9/fontconfig-2.11.1/test'
make  test-pthread test-migration run-test.sh
make[2]: Entering directory '/sources/7.9/fontconfig-2.11.1/test'
make[2]: 'test-pthread' is up to date.
make[2]: 'test-migration' is up to date.
make[2]: Nothing to be done for 'run-test.sh'.
make[2]: Leaving directory '/sources/7.9/fontconfig-2.11.1/test'
make  check-TESTS
make[2]: Entering directory '/sources/7.9/fontconfig-2.11.1/test'
make[3]: Entering directory '/sources/7.9/fontconfig-2.11.1/test'
PASS: run-test.sh
make[4]: Entering directory '/sources/7.9/fontconfig-2.11.1/test'
make[4]: Nothing to be done for 'all'.
make[4]: Leaving directory '/sources/7.9/fontconfig-2.11.1/test'
============================================================================
Testsuite summary for fontconfig 2.11.1
============================================================================
# TOTAL: 1
# PASS:  1
# SKIP:  0
# XFAIL: 0
# FAIL:  0
# XPASS: 0
# ERROR: 0
============================================================================
make[3]: Leaving directory '/sources/7.9/fontconfig-2.11.1/test'
make[2]: Leaving directory '/sources/7.9/fontconfig-2.11.1/test'
make[1]: Leaving directory '/sources/7.9/fontconfig-2.11.1/test'
make[1]: Entering directory '/sources/7.9/fontconfig-2.11.1'
make[1]: Leaving directory '/sources/7.9/fontconfig-2.11.1'
