checking for a BSD-compatible install... /usr/bin/install -c
checking whether build environment is sane... yes
checking for a thread-safe mkdir -p... /bin/mkdir -p
checking for gawk... gawk
checking whether make sets $(MAKE)... yes
checking whether make supports nested variables... yes
checking whether make supports nested variables... (cached) yes
checking for style of include used by make... GNU
checking for gcc... gcc
checking whether the C compiler works... yes
checking for C compiler default output file name... a.out
checking for suffix of executables... 
checking whether we are cross compiling... no
checking for suffix of object files... o
checking whether we are using the GNU C compiler... yes
checking whether gcc accepts -g... yes
checking for gcc option to accept ISO C89... none needed
checking whether gcc understands -c and -o together... yes
checking dependency style of gcc... gcc3
checking how to run the C preprocessor... gcc -E
checking for grep that handles long lines and -e... /bin/grep
checking for egrep... /bin/grep -E
checking for ANSI C header files... yes
checking for sys/types.h... yes
checking for sys/stat.h... yes
checking for stdlib.h... yes
checking for string.h... yes
checking for memory.h... yes
checking for strings.h... yes
checking for inttypes.h... yes
checking for stdint.h... yes
checking for unistd.h... yes
checking minix/config.h usability... no
checking minix/config.h presence... no
checking for minix/config.h... no
checking whether it is safe to define __EXTENSIONS__... yes
checking for gcc option to accept ISO C99... none needed
checking for g++... g++
checking whether we are using the GNU C++ compiler... yes
checking whether g++ accepts -g... yes
checking dependency style of g++... gcc3
checking for grep that handles long lines and -e... (cached) /bin/grep
checking build system type... x86_64-unknown-linux-gnu
checking host system type... x86_64-unknown-linux-gnu
checking how to print strings... printf
checking for a sed that does not truncate output... /bin/sed
checking for fgrep... /bin/grep -F
checking for ld used by gcc... /usr/bin/ld
checking if the linker (/usr/bin/ld) is GNU ld... yes
checking for BSD- or MS-compatible name lister (nm)... /usr/bin/nm -B
checking the name lister (/usr/bin/nm -B) interface... BSD nm
checking whether ln -s works... yes
checking the maximum length of command line arguments... 1572864
checking how to convert x86_64-unknown-linux-gnu file names to x86_64-unknown-linux-gnu format... func_convert_file_noop
checking how to convert x86_64-unknown-linux-gnu file names to toolchain format... func_convert_file_noop
checking for /usr/bin/ld option to reload object files... -r
checking for objdump... objdump
checking how to recognize dependent libraries... pass_all
checking for dlltool... no
checking how to associate runtime and link libraries... printf %s\n
checking for ar... ar
checking for archiver @FILE support... @
checking for strip... strip
checking for ranlib... ranlib
checking command to parse /usr/bin/nm -B output from gcc object... ok
checking for sysroot... no
checking for a working dd... /bin/dd
checking how to truncate binary pipes... /bin/dd bs=4096 count=1
checking for mt... no
checking if : is a manifest tool... no
checking for dlfcn.h... yes
checking for objdir... .libs
checking if gcc supports -fno-rtti -fno-exceptions... no
checking for gcc option to produce PIC... -fPIC -DPIC
checking if gcc PIC flag -fPIC -DPIC works... yes
checking if gcc static flag -static works... yes
checking if gcc supports -c -o file.o... yes
checking if gcc supports -c -o file.o... (cached) yes
checking whether the gcc linker (/usr/bin/ld -m elf_x86_64) supports shared libraries... yes
checking whether -lc should be explicitly linked in... no
checking dynamic linker characteristics... GNU/Linux ld.so
checking how to hardcode library paths into programs... immediate
checking whether stripping libraries is possible... yes
checking if libtool supports shared libraries... yes
checking whether to build shared libraries... yes
checking whether to build static libraries... no
checking how to run the C++ preprocessor... g++ -E
checking for ld used by g++... /usr/bin/ld -m elf_x86_64
checking if the linker (/usr/bin/ld -m elf_x86_64) is GNU ld... yes
checking whether the g++ linker (/usr/bin/ld -m elf_x86_64) supports shared libraries... yes
checking for g++ option to produce PIC... -fPIC -DPIC
checking if g++ PIC flag -fPIC -DPIC works... yes
checking if g++ static flag -static works... yes
checking if g++ supports -c -o file.o... yes
checking if g++ supports -c -o file.o... (cached) yes
checking whether the g++ linker (/usr/bin/ld -m elf_x86_64) supports shared libraries... yes
checking dynamic linker characteristics... (cached) GNU/Linux ld.so
checking how to hardcode library paths into programs... immediate
checking whether EPOLL_CLOEXEC is declared... yes
checking whether TFD_CLOEXEC is declared... yes
checking whether CLOCK_MONOTONIC is declared... yes
checking for pkg-config... /usr/bin/pkg-config
checking pkg-config is at least version 0.9.0... yes
checking for MTDEV... yes
checking for LIBUDEV... yes
checking for LIBEVDEV... yes
checking for LIBUNWIND... no
checking for addr2line... /usr/bin/addr2line
checking for atan2 in -lm... yes
checking for clock_gettime in -lrt... yes
checking for doxygen... no
checking for dot... no
checking for CHECK... no
checking for sed... (cached) /bin/sed
checking that generated files are newer than configure... done
configure: creating ./config.status
config.status: creating Makefile
config.status: creating doc/Makefile
config.status: creating doc/libinput.doxygen
config.status: creating src/Makefile
config.status: creating src/libinput.pc
config.status: creating src/libinput-version.h
config.status: creating test/Makefile
config.status: creating tools/Makefile
config.status: creating udev/Makefile
config.status: creating udev/80-libinput-device-groups.rules
config.status: creating udev/90-libinput-model-quirks.rules
config.status: creating test/symbols-leak-test
config.status: creating config.h
config.status: executing depfiles commands
config.status: executing libtool commands

	Prefix			/usr
	udev base dir		/lib/udev

	Build documentation	no
	Build tests		no
	Tests use valgrind	
	Tests use libunwind	no
	Build GUI event tool	no
	
make  all-recursive
make[1]: Entering directory '/sources/7.9/libinput-1.1.8'
Making all in src
make[2]: Entering directory '/sources/7.9/libinput-1.1.8/src'
  CC       libinput_la-libinput.lo
  CC       libinput_la-evdev.lo
  CC       libinput_la-evdev-middle-button.lo
  CC       libinput_la-evdev-mt-touchpad.lo
  CC       libinput_la-evdev-mt-touchpad-tap.lo
  CC       libinput_la-evdev-mt-touchpad-buttons.lo
  CC       libinput_la-evdev-mt-touchpad-edge-scroll.lo
  CC       libinput_la-evdev-mt-touchpad-gestures.lo
  CC       libinput_la-filter.lo
  CC       libinput_la-path.lo
  CC       libinput_la-udev-seat.lo
  CC       libinput_la-timer.lo
  CC       libinput_util_la-libinput-util.lo
  CCLD     libinput-util.la
  CCLD     libinput.la
  CC       libfilter_la-filter.lo
  CCLD     libfilter.la
make[2]: Leaving directory '/sources/7.9/libinput-1.1.8/src'
Making all in doc
make[2]: Entering directory '/sources/7.9/libinput-1.1.8/doc'
make[2]: Nothing to be done for 'all'.
make[2]: Leaving directory '/sources/7.9/libinput-1.1.8/doc'
Making all in test
make[2]: Entering directory '/sources/7.9/libinput-1.1.8/test'
make[2]: Nothing to be done for 'all'.
make[2]: Leaving directory '/sources/7.9/libinput-1.1.8/test'
Making all in tools
make[2]: Entering directory '/sources/7.9/libinput-1.1.8/tools'
  CC       libshared_la-shared.lo
  CCLD     libshared.la
  CC       libinput_list_devices-libinput-list-devices.o
  CCLD     libinput-list-devices
  CC       libinput_debug_events-event-debug.o
  CCLD     libinput-debug-events
  CC       event_debug-event-debug.o
  CCLD     event-debug
  CC       ptraccel-debug.o
  CCLD     ptraccel-debug
make[2]: Leaving directory '/sources/7.9/libinput-1.1.8/tools'
Making all in udev
make[2]: Entering directory '/sources/7.9/libinput-1.1.8/udev'
  CC       libinput_device_group-libinput-device-group.o
  CCLD     libinput-device-group
  CC       libinput_model_quirks-libinput-model-quirks.o
  CCLD     libinput-model-quirks
/bin/sed -e "s|\@UDEV_TEST_PATH\@|/sources/7.9/libinput-1.1.8/udev/|" < 80-libinput-device-groups.rules.in > 80-libinput-device-groups-litest.rules
/bin/sed -e "s|\@UDEV_TEST_PATH\@|/sources/7.9/libinput-1.1.8/udev/|" < 90-libinput-model-quirks.rules.in > 90-libinput-model-quirks-litest.rules
make[2]: Leaving directory '/sources/7.9/libinput-1.1.8/udev'
make[2]: Entering directory '/sources/7.9/libinput-1.1.8'
make[2]: Leaving directory '/sources/7.9/libinput-1.1.8'
make[1]: Leaving directory '/sources/7.9/libinput-1.1.8'
Making install in src
make[1]: Entering directory '/sources/7.9/libinput-1.1.8/src'
make[2]: Entering directory '/sources/7.9/libinput-1.1.8/src'
 /bin/mkdir -p '/usr/lib'
 /bin/sh ../libtool   --mode=install /usr/bin/install -c   libinput.la '/usr/lib'
libtool: install: /usr/bin/install -c .libs/libinput.so.10.6.8 /usr/lib/libinput.so.10.6.8
libtool: install: (cd /usr/lib && { ln -s -f libinput.so.10.6.8 libinput.so.10 || { rm -f libinput.so.10 && ln -s libinput.so.10.6.8 libinput.so.10; }; })
libtool: install: (cd /usr/lib && { ln -s -f libinput.so.10.6.8 libinput.so || { rm -f libinput.so && ln -s libinput.so.10.6.8 libinput.so; }; })
libtool: install: /usr/bin/install -c .libs/libinput.lai /usr/lib/libinput.la
libtool: finish: PATH="/bin:/usr/ucb:/usr/bin:/usr/sbin:/sbin:/usr/etc:/etc:/sbin" ldconfig -n /usr/lib
----------------------------------------------------------------------
Libraries have been installed in:
   /usr/lib

If you ever happen to want to link against installed libraries
in a given directory, LIBDIR, you must either use libtool, and
specify the full pathname of the library, or use the '-LLIBDIR'
flag during linking and do at least one of the following:
   - add LIBDIR to the 'LD_LIBRARY_PATH' environment variable
     during execution
   - add LIBDIR to the 'LD_RUN_PATH' environment variable
     during linking
   - use the '-Wl,-rpath -Wl,LIBDIR' linker flag
   - have your system administrator add LIBDIR to '/etc/ld.so.conf'

See any operating system documentation about shared libraries for
more information, such as the ld(1) and ld.so(8) manual pages.
----------------------------------------------------------------------
 /bin/mkdir -p '/usr/include'
 /usr/bin/install -c -m 644 libinput.h '/usr/include'
 /bin/mkdir -p '/usr/lib/pkgconfig'
 /usr/bin/install -c -m 644 libinput.pc '/usr/lib/pkgconfig'
make[2]: Leaving directory '/sources/7.9/libinput-1.1.8/src'
make[1]: Leaving directory '/sources/7.9/libinput-1.1.8/src'
Making install in doc
make[1]: Entering directory '/sources/7.9/libinput-1.1.8/doc'
make[2]: Entering directory '/sources/7.9/libinput-1.1.8/doc'
make[2]: Nothing to be done for 'install-exec-am'.
make[2]: Nothing to be done for 'install-data-am'.
make[2]: Leaving directory '/sources/7.9/libinput-1.1.8/doc'
make[1]: Leaving directory '/sources/7.9/libinput-1.1.8/doc'
Making install in test
make[1]: Entering directory '/sources/7.9/libinput-1.1.8/test'
make[2]: Entering directory '/sources/7.9/libinput-1.1.8/test'
make[2]: Nothing to be done for 'install-exec-am'.
make[2]: Nothing to be done for 'install-data-am'.
make[2]: Leaving directory '/sources/7.9/libinput-1.1.8/test'
make[1]: Leaving directory '/sources/7.9/libinput-1.1.8/test'
Making install in tools
make[1]: Entering directory '/sources/7.9/libinput-1.1.8/tools'
make[2]: Entering directory '/sources/7.9/libinput-1.1.8/tools'
 /bin/mkdir -p '/usr/bin'
  /bin/sh ../libtool   --mode=install /usr/bin/install -c libinput-list-devices libinput-debug-events '/usr/bin'
libtool: install: /usr/bin/install -c .libs/libinput-list-devices /usr/bin/libinput-list-devices
libtool: install: /usr/bin/install -c .libs/libinput-debug-events /usr/bin/libinput-debug-events
 /bin/mkdir -p '/usr/share/man/man1'
 /usr/bin/install -c -m 644 'libinput-list-devices.man' '/usr/share/man/man1/libinput-list-devices.1'
 /usr/bin/install -c -m 644 'libinput-debug-events.man' '/usr/share/man/man1/libinput-debug-events.1'
make[2]: Leaving directory '/sources/7.9/libinput-1.1.8/tools'
make[1]: Leaving directory '/sources/7.9/libinput-1.1.8/tools'
Making install in udev
make[1]: Entering directory '/sources/7.9/libinput-1.1.8/udev'
make[2]: Entering directory '/sources/7.9/libinput-1.1.8/udev'
make[2]: Nothing to be done for 'install-exec-am'.
 /bin/mkdir -p '/lib/udev/hwdb.d'
 /usr/bin/install -c -m 644 90-libinput-model-quirks.hwdb '/lib/udev/hwdb.d'
 /bin/mkdir -p '/lib/udev/rules.d'
 /usr/bin/install -c -m 644 80-libinput-device-groups.rules 90-libinput-model-quirks.rules '/lib/udev/rules.d'
 /bin/mkdir -p '/lib/udev'
  /bin/sh ../libtool   --mode=install /usr/bin/install -c libinput-device-group libinput-model-quirks '/lib/udev'
libtool: install: /usr/bin/install -c libinput-device-group /lib/udev/libinput-device-group
libtool: install: /usr/bin/install -c libinput-model-quirks /lib/udev/libinput-model-quirks
make[2]: Leaving directory '/sources/7.9/libinput-1.1.8/udev'
make[1]: Leaving directory '/sources/7.9/libinput-1.1.8/udev'
make[1]: Entering directory '/sources/7.9/libinput-1.1.8'
make[2]: Entering directory '/sources/7.9/libinput-1.1.8'
make[2]: Nothing to be done for 'install-exec-am'.
make[2]: Nothing to be done for 'install-data-am'.
make[2]: Leaving directory '/sources/7.9/libinput-1.1.8'
make[1]: Leaving directory '/sources/7.9/libinput-1.1.8'
