checking for a BSD-compatible install... /usr/bin/install -c
checking whether build environment is sane... yes
checking for a thread-safe mkdir -p... /bin/mkdir -p
checking for gawk... gawk
checking whether make sets $(MAKE)... yes
checking whether make supports nested variables... yes
checking whether make supports nested variables... (cached) yes
checking for gcc... gcc
checking whether the C compiler works... yes
checking for C compiler default output file name... a.out
checking for suffix of executables... 
checking whether we are cross compiling... no
checking for suffix of object files... o
checking whether we are using the GNU C compiler... yes
checking whether gcc accepts -g... yes
checking for gcc option to accept ISO C89... none needed
checking whether gcc understands -c and -o together... yes
checking for style of include used by make... GNU
checking dependency style of gcc... gcc3
checking for g++... g++
checking whether we are using the GNU C++ compiler... yes
checking whether g++ accepts -g... yes
checking dependency style of g++... gcc3
checking for grep that handles long lines and -e... /bin/grep
checking dependency style of gcc... gcc3
checking build system type... x86_64-unknown-linux-gnu
checking host system type... x86_64-unknown-linux-gnu
checking how to print strings... printf
checking for a sed that does not truncate output... /bin/sed
checking for egrep... /bin/grep -E
checking for fgrep... /bin/grep -F
checking for ld used by gcc... /usr/bin/ld
checking if the linker (/usr/bin/ld) is GNU ld... yes
checking for BSD- or MS-compatible name lister (nm)... /usr/bin/nm -B
checking the name lister (/usr/bin/nm -B) interface... BSD nm
checking whether ln -s works... yes
checking the maximum length of command line arguments... 1572864
checking whether the shell understands some XSI constructs... yes
checking whether the shell understands "+="... yes
checking how to convert x86_64-unknown-linux-gnu file names to x86_64-unknown-linux-gnu format... func_convert_file_noop
checking how to convert x86_64-unknown-linux-gnu file names to toolchain format... func_convert_file_noop
checking for /usr/bin/ld option to reload object files... -r
checking for objdump... objdump
checking how to recognize dependent libraries... pass_all
checking for dlltool... no
checking how to associate runtime and link libraries... printf %s\n
checking for ar... ar
checking for archiver @FILE support... @
checking for strip... strip
checking for ranlib... ranlib
checking command to parse /usr/bin/nm -B output from gcc object... ok
checking for sysroot... no
checking for mt... no
checking if : is a manifest tool... no
checking how to run the C preprocessor... gcc -E
checking for ANSI C header files... yes
checking for sys/types.h... yes
checking for sys/stat.h... yes
checking for stdlib.h... yes
checking for string.h... yes
checking for memory.h... yes
checking for strings.h... yes
checking for inttypes.h... yes
checking for stdint.h... yes
checking for unistd.h... yes
checking for dlfcn.h... yes
checking for objdir... .libs
checking if gcc supports -fno-rtti -fno-exceptions... no
checking for gcc option to produce PIC... -fPIC -DPIC
checking if gcc PIC flag -fPIC -DPIC works... yes
checking if gcc static flag -static works... yes
checking if gcc supports -c -o file.o... yes
checking if gcc supports -c -o file.o... (cached) yes
checking whether the gcc linker (/usr/bin/ld -m elf_x86_64) supports shared libraries... yes
checking whether -lc should be explicitly linked in... no
checking dynamic linker characteristics... GNU/Linux ld.so
checking how to hardcode library paths into programs... immediate
checking whether stripping libraries is possible... yes
checking if libtool supports shared libraries... yes
checking whether to build shared libraries... yes
checking whether to build static libraries... no
checking how to run the C++ preprocessor... g++ -E
checking for ld used by g++... /usr/bin/ld -m elf_x86_64
checking if the linker (/usr/bin/ld -m elf_x86_64) is GNU ld... yes
checking whether the g++ linker (/usr/bin/ld -m elf_x86_64) supports shared libraries... yes
checking for g++ option to produce PIC... -fPIC -DPIC
checking if g++ PIC flag -fPIC -DPIC works... yes
checking if g++ static flag -static works... yes
checking if g++ supports -c -o file.o... yes
checking if g++ supports -c -o file.o... (cached) yes
checking whether the g++ linker (/usr/bin/ld -m elf_x86_64) supports shared libraries... yes
checking dynamic linker characteristics... (cached) GNU/Linux ld.so
checking how to hardcode library paths into programs... immediate
checking for pkg-config... /usr/bin/pkg-config
checking pkg-config is at least version 0.9.0... yes
checking for accept4... yes
checking for mkostemp... yes
checking for posix_fallocate... yes
checking for FFI... yes
checking whether SFD_CLOEXEC is declared... yes
checking whether TFD_CLOEXEC is declared... yes
checking whether CLOCK_MONOTONIC is declared... yes
checking execinfo.h usability... yes
checking execinfo.h presence... yes
checking for execinfo.h... yes
checking for EXPAT... yes
checking for LIBXML... yes
checking for xsltproc... no
checking for docbook manpages stylesheet... no
checking that generated files are newer than configure... done
configure: creating ./config.status
config.status: creating Makefile
config.status: creating cursor/wayland-cursor.pc
config.status: creating cursor/wayland-cursor-uninstalled.pc
config.status: creating doc/Makefile
config.status: creating doc/publican/Makefile
config.status: creating doc/doxygen/Makefile
config.status: creating doc/man/Makefile
config.status: creating src/wayland-server-uninstalled.pc
config.status: creating src/wayland-client-uninstalled.pc
config.status: creating src/wayland-scanner-uninstalled.pc
config.status: creating src/wayland-server.pc
config.status: creating src/wayland-client.pc
config.status: creating src/wayland-scanner.pc
config.status: creating src/wayland-version.h
config.status: creating config.h
config.status: linking protocol/wayland.dtd to src/wayland.dtd.embed
config.status: executing depfiles commands
config.status: executing libtool commands
  CC       src/wayland_scanner-scanner.o
  CPPAS    src/dtddata.o
  CC       src/libwayland_util_la-wayland-util.lo
  CCLD     libwayland-util.la
  CCLD     wayland-scanner
  GEN      protocol/wayland-server-protocol.h
  GEN      protocol/wayland-protocol.c
  GEN      protocol/wayland-client-protocol.h
  GEN      protocol/wayland-server-protocol-core.h
  GEN      protocol/wayland-client-protocol-core.h
make  all-recursive
make[1]: Entering directory '/sources/7.9/wayland-1.10.0'
make[2]: Entering directory '/sources/7.9/wayland-1.10.0'
  CC       src/libwayland_server_la-wayland-server.lo
  CC       src/libwayland_server_la-wayland-shm.lo
  CC       src/libwayland_server_la-event-loop.lo
  CC       protocol/libwayland_server_la-wayland-protocol.lo
  CC       src/libwayland_private_la-connection.lo
  CC       src/libwayland_private_la-wayland-os.lo
  CCLD     libwayland-private.la
  CCLD     libwayland-server.la
  CC       src/libwayland_client_la-wayland-client.lo
  CC       protocol/libwayland_client_la-wayland-protocol.lo
  CCLD     libwayland-client.la
  CC       cursor/libwayland_cursor_la-wayland-cursor.lo
  CC       cursor/libwayland_cursor_la-os-compatibility.lo
  CC       cursor/libwayland_cursor_la-xcursor.lo
  CCLD     libwayland-cursor.la
  CC       tests/fixed-benchmark.o
  CC       tests/test-runner.lo
  CC       tests/test-helpers.lo
  CC       tests/test-compositor.lo
  CCLD     libtest-runner.la
  CCLD     fixed-benchmark
make[2]: Leaving directory '/sources/7.9/wayland-1.10.0'
make[1]: Leaving directory '/sources/7.9/wayland-1.10.0'
make  check-recursive
make[1]: Entering directory '/sources/7.9/wayland-1.10.0'
make[2]: Entering directory '/sources/7.9/wayland-1.10.0'
make  libtest-runner.la array-test client-test display-test connection-test event-loop-test fixed-test list-test map-test os-wrappers-test sanity-test socket-test queue-test signal-test resources-test message-test headers-test cpp-compile-test exec-fd-leak-checker
make[3]: Entering directory '/sources/7.9/wayland-1.10.0'
  CC       tests/array-test.o
  CCLD     array-test
  CC       tests/client-test.o
  CCLD     client-test
  CC       tests/display-test.o
  CCLD     display-test
  CC       tests/connection-test.o
  CCLD     connection-test
  CC       tests/event-loop-test.o
  CCLD     event-loop-test
  CC       tests/fixed-test.o
  CCLD     fixed-test
  CC       tests/list-test.o
  CCLD     list-test
  CC       tests/map-test.o
  CCLD     map-test
  CC       tests/os-wrappers-test.o
  CCLD     os-wrappers-test
  CC       tests/sanity-test.o
  CCLD     sanity-test
  CC       tests/socket-test.o
  CCLD     socket-test
  CC       tests/queue-test.o
  CCLD     queue-test
  CC       tests/signal-test.o
  CCLD     signal-test
  CC       tests/resources-test.o
  CCLD     resources-test
  CC       tests/message-test.o
  CCLD     message-test
  CC       tests/headers-test.o
  CC       tests/headers-protocol-test.o
  CC       tests/headers-protocol-core-test.o
  CCLD     headers-test
  CXX      tests/cpp-compile-test.o
  CXXLD    cpp-compile-test
  CC       tests/exec-fd-leak-checker.o
  CCLD     exec-fd-leak-checker
make[3]: Leaving directory '/sources/7.9/wayland-1.10.0'
make  check-TESTS
make[3]: Entering directory '/sources/7.9/wayland-1.10.0'
make[4]: Entering directory '/sources/7.9/wayland-1.10.0'
PASS: array-test
PASS: client-test
PASS: display-test
PASS: connection-test
PASS: event-loop-test
PASS: fixed-test
PASS: list-test
PASS: map-test
PASS: os-wrappers-test
PASS: sanity-test
PASS: socket-test
PASS: queue-test
PASS: signal-test
PASS: resources-test
PASS: message-test
PASS: headers-test
PASS: cpp-compile-test
make[5]: Entering directory '/sources/7.9/wayland-1.10.0'
make  all-recursive
make[6]: Entering directory '/sources/7.9/wayland-1.10.0'
make[7]: Entering directory '/sources/7.9/wayland-1.10.0'
make[7]: Leaving directory '/sources/7.9/wayland-1.10.0'
make[6]: Leaving directory '/sources/7.9/wayland-1.10.0'
make[5]: Leaving directory '/sources/7.9/wayland-1.10.0'
============================================================================
Testsuite summary for wayland 1.10.0
============================================================================
# TOTAL: 17
# PASS:  17
# SKIP:  0
# XFAIL: 0
# FAIL:  0
# XPASS: 0
# ERROR: 0
============================================================================
make[4]: Leaving directory '/sources/7.9/wayland-1.10.0'
make[3]: Leaving directory '/sources/7.9/wayland-1.10.0'
make[2]: Leaving directory '/sources/7.9/wayland-1.10.0'
make[1]: Leaving directory '/sources/7.9/wayland-1.10.0'
make  install-recursive
make[1]: Entering directory '/sources/7.9/wayland-1.10.0'
make[2]: Entering directory '/sources/7.9/wayland-1.10.0'
make[3]: Entering directory '/sources/7.9/wayland-1.10.0'
 /bin/mkdir -p '/usr/lib'
 /bin/sh ./libtool   --mode=install /usr/bin/install -c   libwayland-server.la libwayland-client.la libwayland-cursor.la '/usr/lib'
libtool: install: /usr/bin/install -c .libs/libwayland-server.so.0.1.0 /usr/lib/libwayland-server.so.0.1.0
libtool: install: (cd /usr/lib && { ln -s -f libwayland-server.so.0.1.0 libwayland-server.so.0 || { rm -f libwayland-server.so.0 && ln -s libwayland-server.so.0.1.0 libwayland-server.so.0; }; })
libtool: install: (cd /usr/lib && { ln -s -f libwayland-server.so.0.1.0 libwayland-server.so || { rm -f libwayland-server.so && ln -s libwayland-server.so.0.1.0 libwayland-server.so; }; })
libtool: install: /usr/bin/install -c .libs/libwayland-server.lai /usr/lib/libwayland-server.la
libtool: install: /usr/bin/install -c .libs/libwayland-client.so.0.3.0 /usr/lib/libwayland-client.so.0.3.0
libtool: install: (cd /usr/lib && { ln -s -f libwayland-client.so.0.3.0 libwayland-client.so.0 || { rm -f libwayland-client.so.0 && ln -s libwayland-client.so.0.3.0 libwayland-client.so.0; }; })
libtool: install: (cd /usr/lib && { ln -s -f libwayland-client.so.0.3.0 libwayland-client.so || { rm -f libwayland-client.so && ln -s libwayland-client.so.0.3.0 libwayland-client.so; }; })
libtool: install: /usr/bin/install -c .libs/libwayland-client.lai /usr/lib/libwayland-client.la
libtool: install: (cd /sources/7.9/wayland-1.10.0; /bin/sh /sources/7.9/wayland-1.10.0/libtool  --silent --tag CC --mode=relink gcc -Wall -Wextra -Wno-unused-parameter -g -Wstrict-prototypes -Wmissing-prototypes -fvisibility=hidden -I./src -I./src -DICONDIR=\"/usr/share/icons\" -g -O2 -o libwayland-cursor.la -rpath /usr/lib cursor/libwayland_cursor_la-wayland-cursor.lo cursor/libwayland_cursor_la-os-compatibility.lo cursor/libwayland_cursor_la-xcursor.lo libwayland-client.la )
libtool: install: /usr/bin/install -c .libs/libwayland-cursor.so.0.0.0T /usr/lib/libwayland-cursor.so.0.0.0
libtool: install: (cd /usr/lib && { ln -s -f libwayland-cursor.so.0.0.0 libwayland-cursor.so.0 || { rm -f libwayland-cursor.so.0 && ln -s libwayland-cursor.so.0.0.0 libwayland-cursor.so.0; }; })
libtool: install: (cd /usr/lib && { ln -s -f libwayland-cursor.so.0.0.0 libwayland-cursor.so || { rm -f libwayland-cursor.so && ln -s libwayland-cursor.so.0.0.0 libwayland-cursor.so; }; })
libtool: install: /usr/bin/install -c .libs/libwayland-cursor.lai /usr/lib/libwayland-cursor.la
libtool: finish: PATH="/bin:/usr/ucb:/usr/bin:/usr/sbin:/sbin:/usr/etc:/etc:/sbin" ldconfig -n /usr/lib
----------------------------------------------------------------------
Libraries have been installed in:
   /usr/lib

If you ever happen to want to link against installed libraries
in a given directory, LIBDIR, you must either use libtool, and
specify the full pathname of the library, or use the `-LLIBDIR'
flag during linking and do at least one of the following:
   - add LIBDIR to the `LD_LIBRARY_PATH' environment variable
     during execution
   - add LIBDIR to the `LD_RUN_PATH' environment variable
     during linking
   - use the `-Wl,-rpath -Wl,LIBDIR' linker flag
   - have your system administrator add LIBDIR to `/etc/ld.so.conf'

See any operating system documentation about shared libraries for
more information, such as the ld(1) and ld.so(8) manual pages.
----------------------------------------------------------------------
 /bin/mkdir -p '/usr/bin'
  /bin/sh ./libtool   --mode=install /usr/bin/install -c wayland-scanner '/usr/bin'
libtool: install: /usr/bin/install -c wayland-scanner /usr/bin/wayland-scanner
 /bin/mkdir -p '/usr/share/aclocal'
 /usr/bin/install -c -m 644 wayland-scanner.m4 '/usr/share/aclocal'
 /bin/mkdir -p '/usr/share/wayland'
 /usr/bin/install -c -m 644 wayland-scanner.mk protocol/wayland.xml protocol/wayland.dtd '/usr/share/wayland'
 /bin/mkdir -p '/usr/include'
 /usr/bin/install -c -m 644 src/wayland-util.h src/wayland-server.h src/wayland-server-core.h src/wayland-client.h src/wayland-client-core.h src/wayland-egl.h src/wayland-egl-core.h src/wayland-version.h cursor/wayland-cursor.h '/usr/include'
 /bin/mkdir -p '/usr/include'
 /usr/bin/install -c -m 644 protocol/wayland-server-protocol.h protocol/wayland-client-protocol.h '/usr/include'
 /bin/mkdir -p '/usr/lib/pkgconfig'
 /usr/bin/install -c -m 644 src/wayland-scanner.pc src/wayland-client.pc src/wayland-server.pc cursor/wayland-cursor.pc '/usr/lib/pkgconfig'
make[3]: Leaving directory '/sources/7.9/wayland-1.10.0'
make[2]: Leaving directory '/sources/7.9/wayland-1.10.0'
make[1]: Leaving directory '/sources/7.9/wayland-1.10.0'
