checking for a BSD-compatible install... /usr/bin/install -c
checking whether build environment is sane... yes
checking for a thread-safe mkdir -p... /bin/mkdir -p
checking for gawk... gawk
checking whether make sets $(MAKE)... yes
checking whether make supports nested variables... yes
checking whether to enable maintainer-specific portions of Makefiles... yes
checking for style of include used by make... GNU
checking for gcc... gcc
checking whether the C compiler works... yes
checking for C compiler default output file name... a.out
checking for suffix of executables... 
checking whether we are cross compiling... no
checking for suffix of object files... o
checking whether we are using the GNU C compiler... yes
checking whether gcc accepts -g... yes
checking for gcc option to accept ISO C89... none needed
checking whether gcc understands -c and -o together... yes
checking dependency style of gcc... gcc3
checking how to run the C preprocessor... gcc -E
checking for grep that handles long lines and -e... /bin/grep
checking for egrep... /bin/grep -E
checking for ANSI C header files... yes
checking for sys/types.h... yes
checking for sys/stat.h... yes
checking for stdlib.h... yes
checking for string.h... yes
checking for memory.h... yes
checking for strings.h... yes
checking for inttypes.h... yes
checking for stdint.h... yes
checking for unistd.h... yes
checking minix/config.h usability... no
checking minix/config.h presence... no
checking for minix/config.h... no
checking whether it is safe to define __EXTENSIONS__... yes
checking build system type... x86_64-unknown-linux-gnu
checking host system type... x86_64-unknown-linux-gnu
checking how to print strings... printf
checking for a sed that does not truncate output... /bin/sed
checking for fgrep... /bin/grep -F
checking for ld used by gcc... /usr/bin/ld
checking if the linker (/usr/bin/ld) is GNU ld... yes
checking for BSD- or MS-compatible name lister (nm)... /usr/bin/nm -B
checking the name lister (/usr/bin/nm -B) interface... BSD nm
checking whether ln -s works... yes
checking the maximum length of command line arguments... 1572864
checking whether the shell understands some XSI constructs... yes
checking whether the shell understands "+="... yes
checking how to convert x86_64-unknown-linux-gnu file names to x86_64-unknown-linux-gnu format... func_convert_file_noop
checking how to convert x86_64-unknown-linux-gnu file names to toolchain format... func_convert_file_noop
checking for /usr/bin/ld option to reload object files... -r
checking for objdump... objdump
checking how to recognize dependent libraries... pass_all
checking for dlltool... no
checking how to associate runtime and link libraries... printf %s\n
checking for ar... ar
checking for archiver @FILE support... @
checking for strip... strip
checking for ranlib... ranlib
checking command to parse /usr/bin/nm -B output from gcc object... ok
checking for sysroot... no
checking for mt... no
checking if : is a manifest tool... no
checking for dlfcn.h... yes
checking for objdir... .libs
checking if gcc supports -fno-rtti -fno-exceptions... no
checking for gcc option to produce PIC... -fPIC -DPIC
checking if gcc PIC flag -fPIC -DPIC works... yes
checking if gcc static flag -static works... yes
checking if gcc supports -c -o file.o... yes
checking if gcc supports -c -o file.o... (cached) yes
checking whether the gcc linker (/usr/bin/ld -m elf_x86_64) supports shared libraries... yes
checking whether -lc should be explicitly linked in... no
checking dynamic linker characteristics... GNU/Linux ld.so
checking how to hardcode library paths into programs... immediate
checking whether stripping libraries is possible... yes
checking if libtool supports shared libraries... yes
checking whether to build shared libraries... yes
checking whether to build static libraries... no
checking for gcc option to accept ISO C99... none needed
checking whether __clang__ is declared... no
checking whether __INTEL_COMPILER is declared... no
checking whether __SUNPRO_C is declared... no
checking for pkg-config... /usr/bin/pkg-config
checking pkg-config is at least version 0.9.0... yes
checking if gcc supports -Werror=unknown-warning-option... no
checking if gcc supports -Werror=unused-command-line-argument... no
checking if gcc supports -Wall... yes
checking if gcc supports -Wpointer-arith... yes
checking if gcc supports -Wmissing-declarations... yes
checking if gcc supports -Wformat=2... yes
checking if gcc supports -Wstrict-prototypes... yes
checking if gcc supports -Wmissing-prototypes... yes
checking if gcc supports -Wnested-externs... yes
checking if gcc supports -Wbad-function-cast... yes
checking if gcc supports -Wold-style-definition... yes
checking if gcc supports -Wdeclaration-after-statement... yes
checking if gcc supports -Wunused... yes
checking if gcc supports -Wuninitialized... yes
checking if gcc supports -Wshadow... yes
checking if gcc supports -Wmissing-noreturn... yes
checking if gcc supports -Wmissing-format-attribute... yes
checking if gcc supports -Wredundant-decls... yes
checking if gcc supports -Wlogical-op... yes
checking if gcc supports -Werror=implicit... yes
checking if gcc supports -Werror=nonnull... yes
checking if gcc supports -Werror=init-self... yes
checking if gcc supports -Werror=main... yes
checking if gcc supports -Werror=missing-braces... yes
checking if gcc supports -Werror=sequence-point... yes
checking if gcc supports -Werror=return-type... yes
checking if gcc supports -Werror=trigraphs... yes
checking if gcc supports -Werror=array-bounds... yes
checking if gcc supports -Werror=write-strings... yes
checking if gcc supports -Werror=address... yes
checking if gcc supports -Werror=int-to-pointer-cast... yes
checking if gcc supports -Werror=pointer-to-int-cast... yes
checking if gcc supports -pedantic... yes
checking if gcc supports -Werror... yes
checking if gcc supports -Werror=attributes... yes
checking whether make supports nested variables... (cached) yes
checking whether to build documentation... yes
checking for doxygen... no
checking for inline... inline
checking for pkg-config... (cached) /usr/bin/pkg-config
checking pkg-config is at least version 0.9.0... yes
checking for bison... bison -y
checking for bison... /usr/bin/bison
checking for strcasecmp... yes
checking for strncasecmp... yes
checking for eaccess... yes
checking for euidaccess... yes
checking for mmap... yes
checking for secure_getenv... yes
checking for __secure_getenv... no
checking for __builtin_expect... yes
checking linux/input.h usability... yes
checking linux/input.h presence... yes
checking for linux/input.h... yes
checking if gcc supports -fvisibility=hidden... yes
checking if gcc supports -Wextra -Wno-unused-parameter -Wno-missing-field-initializers... yes
checking if gcc supports -Wdocumentation... no
checking whether the linker accepts -Wl,--no-undefined... yes
checking for clock_gettime in -lrt... yes
checking for XCB_XKB... yes
checking that generated files are newer than configure... done
configure: creating ./config.status
config.status: creating Makefile
config.status: creating xkbcommon-uninstalled.pc
config.status: creating xkbcommon.pc
config.status: creating xkbcommon-x11.pc
config.status: creating xkbcommon-x11-uninstalled.pc
config.status: creating doc/Doxyfile
config.status: creating src/config.h
config.status: executing depfiles commands
config.status: executing libtool commands

        libxkbcommon 0.5.0

        libxkbcommon:            yes
        libxkbcommon-x11:        yes
        documentation:           yes

        default XKB rules:       evdev
        default XKB model:       pc105
        default XKB layout:      us
        default XKB variant:     
        default XKB options:     

        prefix:                  /usr
        includedir:              ${prefix}/include
        lib dir:                 ${exec_prefix}/lib
        XKB config root:         /usr/share/X11/xkb
        X11 locale root:         ${datarootdir}/X11/locale

  YACC     src/xkbcomp/parser.c
updating src/xkbcomp/parser.h
make  all-am
make[1]: Entering directory '/sources/7.9/libxkbcommon-0.5.0'
  CC       src/compose/parser.lo
  CC       src/compose/paths.lo
  CC       src/compose/state.lo
  CC       src/compose/table.lo
  CC       src/xkbcomp/action.lo
  CC       src/xkbcomp/ast-build.lo
  CC       src/xkbcomp/compat.lo
  CC       src/xkbcomp/expr.lo
  CC       src/xkbcomp/include.lo
  CC       src/xkbcomp/keycodes.lo
  CC       src/xkbcomp/keymap.lo
  CC       src/xkbcomp/keymap-dump.lo
  CC       src/xkbcomp/keywords.lo
  CC       src/xkbcomp/parser.lo
  CC       src/xkbcomp/rules.lo
  CC       src/xkbcomp/scanner.lo
  CC       src/xkbcomp/symbols.lo
  CC       src/xkbcomp/types.lo
  CC       src/xkbcomp/vmod.lo
  CC       src/xkbcomp/xkbcomp.lo
  CC       src/atom.lo
  CC       src/context.lo
  CC       src/context-priv.lo
  CC       src/keysym.lo
  CC       src/keysym-utf.lo
  CC       src/keymap.lo
  CC       src/keymap-priv.lo
  CC       src/state.lo
  CC       src/text.lo
  CC       src/utf8.lo
  CC       src/utils.lo
  CCLD     libxkbcommon.la
  CC       src/x11/libxkbcommon_x11_la-keymap.lo
  CC       src/x11/libxkbcommon_x11_la-state.lo
  CC       src/x11/libxkbcommon_x11_la-util.lo
  CC       src/libxkbcommon_x11_la-context-priv.lo
  CC       src/libxkbcommon_x11_la-keymap-priv.lo
  CC       src/libxkbcommon_x11_la-atom.lo
  CCLD     libxkbcommon-x11.la
make[1]: Leaving directory '/sources/7.9/libxkbcommon-0.5.0'
make  check-am
make[1]: Entering directory '/sources/7.9/libxkbcommon-0.5.0'
make  libtest.la test/rmlvo-to-kccgst test/print-compiled-keymap test/interactive-evdev test/interactive-x11 test/keysym test/filecomp test/context test/rules-file test/stringcomp test/buffercomp test/log test/atom test/utf8 test/state test/keyseq test/rulescomp test/compose test/x11 test/x11comp bench/key-proc bench/rules bench/rulescomp bench/compose
make[2]: Entering directory '/sources/7.9/libxkbcommon-0.5.0'
  CC       test/common.lo
  CCLD     libtest.la
copying selected object files to avoid basename conflicts...
  CC       test/rmlvo-to-kccgst.o
  CCLD     test/rmlvo-to-kccgst
  CC       test/print-compiled-keymap.o
  CCLD     test/print-compiled-keymap
  CC       test/interactive-evdev.o
  CCLD     test/interactive-evdev
  CC       test/test_interactive_x11-interactive-x11.o
  CCLD     test/interactive-x11
  CC       test/keysym.o
  CCLD     test/keysym
  CC       test/filecomp.o
  CCLD     test/filecomp
  CC       test/context.o
  CCLD     test/context
  CC       test/test_rules_file-rules-file.o
  CCLD     test/rules-file
  CC       test/stringcomp.o
  CCLD     test/stringcomp
  CC       test/buffercomp.o
  CCLD     test/buffercomp
  CC       test/log.o
  CCLD     test/log
  CC       test/atom.o
  CCLD     test/atom
  CC       test/utf8.o
  CCLD     test/utf8
  CC       test/state.o
  CCLD     test/state
  CC       test/keyseq.o
  CCLD     test/keyseq
  CC       test/rulescomp.o
  CCLD     test/rulescomp
  CC       test/compose.o
  CCLD     test/compose
  CC       test/test_x11-x11.o
  CCLD     test/x11
  CC       test/test_x11comp-x11comp.o
  CCLD     test/x11comp
  CC       bench/key-proc.o
  CCLD     bench/key-proc
  CC       bench/rules.o
  CCLD     bench/rules
  CC       bench/rulescomp.o
  CCLD     bench/rulescomp
  CC       bench/compose.o
  CCLD     bench/compose
make[2]: Leaving directory '/sources/7.9/libxkbcommon-0.5.0'
make  check-TESTS
make[2]: Entering directory '/sources/7.9/libxkbcommon-0.5.0'
make[3]: Entering directory '/sources/7.9/libxkbcommon-0.5.0'
PASS: test/keysym
PASS: test/filecomp
PASS: test/context
PASS: test/rules-file
PASS: test/stringcomp
PASS: test/buffercomp
PASS: test/log
PASS: test/atom
PASS: test/utf8
PASS: test/state
PASS: test/keyseq
PASS: test/rulescomp
PASS: test/compose
PASS: test/x11
FAIL: test/x11comp
make[4]: Entering directory '/sources/7.9/libxkbcommon-0.5.0'
make  all-am
make[5]: Entering directory '/sources/7.9/libxkbcommon-0.5.0'
make[5]: Leaving directory '/sources/7.9/libxkbcommon-0.5.0'
make[4]: Leaving directory '/sources/7.9/libxkbcommon-0.5.0'
============================================================================
Testsuite summary for libxkbcommon 0.5.0
============================================================================
# TOTAL: 15
# PASS:  14
# SKIP:  0
# XFAIL: 0
# FAIL:  1
# XPASS: 0
# ERROR: 0
============================================================================
See ./test-suite.log
Please report to https://bugs.freedesktop.org/enter_bug.cgi?product=libxkbcommon
============================================================================
Makefile:1676: recipe for target 'test-suite.log' failed
make[3]: Leaving directory '/sources/7.9/libxkbcommon-0.5.0'
Makefile:1782: recipe for target 'check-TESTS' failed
make[2]: Leaving directory '/sources/7.9/libxkbcommon-0.5.0'
Makefile:2091: recipe for target 'check-am' failed
make[1]: Leaving directory '/sources/7.9/libxkbcommon-0.5.0'
Makefile:2094: recipe for target 'check' failed
make  install-am
make[1]: Entering directory '/sources/7.9/libxkbcommon-0.5.0'
make[2]: Entering directory '/sources/7.9/libxkbcommon-0.5.0'
 /bin/mkdir -p '/usr/lib'
 /bin/sh ./libtool   --mode=install /usr/bin/install -c   libxkbcommon.la libxkbcommon-x11.la '/usr/lib'
libtool: install: /usr/bin/install -c .libs/libxkbcommon.so.0.0.0 /usr/lib/libxkbcommon.so.0.0.0
libtool: install: (cd /usr/lib && { ln -s -f libxkbcommon.so.0.0.0 libxkbcommon.so.0 || { rm -f libxkbcommon.so.0 && ln -s libxkbcommon.so.0.0.0 libxkbcommon.so.0; }; })
libtool: install: (cd /usr/lib && { ln -s -f libxkbcommon.so.0.0.0 libxkbcommon.so || { rm -f libxkbcommon.so && ln -s libxkbcommon.so.0.0.0 libxkbcommon.so; }; })
libtool: install: /usr/bin/install -c .libs/libxkbcommon.lai /usr/lib/libxkbcommon.la
libtool: install: (cd /sources/7.9/libxkbcommon-0.5.0; /bin/sh /sources/7.9/libxkbcommon-0.5.0/libtool  --silent --tag CC --mode=relink gcc -Wall -Wpointer-arith -Wmissing-declarations -Wformat=2 -Wstrict-prototypes -Wmissing-prototypes -Wnested-externs -Wbad-function-cast -Wold-style-definition -Wdeclaration-after-statement -Wunused -Wuninitialized -Wshadow -Wmissing-noreturn -Wmissing-format-attribute -Wredundant-decls -Wlogical-op -Werror=implicit -Werror=nonnull -Werror=init-self -Werror=main -Werror=missing-braces -Werror=sequence-point -Werror=return-type -Werror=trigraphs -Werror=array-bounds -Werror=write-strings -Werror=address -Werror=int-to-pointer-cast -Werror=pointer-to-int-cast -fvisibility=hidden -Wextra -Wno-unused-parameter -Wno-missing-field-initializers -g -O2 -Wl,--version-script=./xkbcommon-x11.map -o libxkbcommon-x11.la -rpath /usr/lib src/x11/libxkbcommon_x11_la-keymap.lo src/x11/libxkbcommon_x11_la-state.lo src/x11/libxkbcommon_x11_la-util.lo src/libxkbcommon_x11_la-context-priv.lo src/libxkbcommon_x11_la-keymap-priv.lo src/libxkbcommon_x11_la-atom.lo libxkbcommon.la -lxcb-xkb -lxcb )
libtool: install: /usr/bin/install -c .libs/libxkbcommon-x11.so.0.0.0T /usr/lib/libxkbcommon-x11.so.0.0.0
libtool: install: (cd /usr/lib && { ln -s -f libxkbcommon-x11.so.0.0.0 libxkbcommon-x11.so.0 || { rm -f libxkbcommon-x11.so.0 && ln -s libxkbcommon-x11.so.0.0.0 libxkbcommon-x11.so.0; }; })
libtool: install: (cd /usr/lib && { ln -s -f libxkbcommon-x11.so.0.0.0 libxkbcommon-x11.so || { rm -f libxkbcommon-x11.so && ln -s libxkbcommon-x11.so.0.0.0 libxkbcommon-x11.so; }; })
libtool: install: /usr/bin/install -c .libs/libxkbcommon-x11.lai /usr/lib/libxkbcommon-x11.la
libtool: finish: PATH="/bin:/usr/ucb:/usr/bin:/usr/sbin:/sbin:/usr/etc:/etc:/sbin" ldconfig -n /usr/lib
----------------------------------------------------------------------
Libraries have been installed in:
   /usr/lib

If you ever happen to want to link against installed libraries
in a given directory, LIBDIR, you must either use libtool, and
specify the full pathname of the library, or use the `-LLIBDIR'
flag during linking and do at least one of the following:
   - add LIBDIR to the `LD_LIBRARY_PATH' environment variable
     during execution
   - add LIBDIR to the `LD_RUN_PATH' environment variable
     during linking
   - use the `-Wl,-rpath -Wl,LIBDIR' linker flag
   - have your system administrator add LIBDIR to `/etc/ld.so.conf'

See any operating system documentation about shared libraries for
more information, such as the ld(1) and ld.so(8) manual pages.
----------------------------------------------------------------------
 /bin/mkdir -p '/usr/lib/pkgconfig'
 /usr/bin/install -c -m 644 xkbcommon.pc xkbcommon-x11.pc '/usr/lib/pkgconfig'
 /bin/mkdir -p '/usr/include/xkbcommon'
 /usr/bin/install -c -m 644 xkbcommon/xkbcommon-x11.h '/usr/include/xkbcommon'
 /bin/mkdir -p '/usr/include/xkbcommon'
 /usr/bin/install -c -m 644 xkbcommon/xkbcommon.h xkbcommon/xkbcommon-compat.h xkbcommon/xkbcommon-compose.h xkbcommon/xkbcommon-keysyms.h xkbcommon/xkbcommon-names.h '/usr/include/xkbcommon'
make[2]: Leaving directory '/sources/7.9/libxkbcommon-0.5.0'
make[1]: Leaving directory '/sources/7.9/libxkbcommon-0.5.0'
