checking build system type... x86_64-unknown-linux-gnu
checking host system type... x86_64-unknown-linux-gnu
checking for a BSD-compatible install... /usr/bin/install -c
checking whether build environment is sane... yes
checking for a thread-safe mkdir -p... /bin/mkdir -p
checking for gawk... gawk
checking whether make sets $(MAKE)... yes
checking whether to enable maintainer-specific portions of Makefiles... yes
checking whether make supports nested variables... yes
checking for gcc... gcc
checking whether the C compiler works... yes
checking for C compiler default output file name... a.out
checking for suffix of executables... 
checking whether we are cross compiling... no
checking for suffix of object files... o
checking whether we are using the GNU C compiler... yes
checking whether gcc accepts -g... yes
checking for gcc option to accept ISO C89... none needed
checking for style of include used by make... GNU
checking dependency style of gcc... gcc3
checking how to run the C preprocessor... gcc -E
checking for grep that handles long lines and -e... /bin/grep
checking for egrep... /bin/grep -E
checking for ANSI C header files... yes
checking for sys/types.h... yes
checking for sys/stat.h... yes
checking for stdlib.h... yes
checking for string.h... yes
checking for memory.h... yes
checking for strings.h... yes
checking for inttypes.h... yes
checking for stdint.h... yes
checking for unistd.h... yes
checking minix/config.h usability... no
checking minix/config.h presence... no
checking for minix/config.h... no
checking whether it is safe to define __EXTENSIONS__... yes
checking whether ln -s works... yes
checking how to print strings... printf
checking for a sed that does not truncate output... /bin/sed
checking for fgrep... /bin/grep -F
checking for ld used by gcc... /usr/bin/ld
checking if the linker (/usr/bin/ld) is GNU ld... yes
checking for BSD- or MS-compatible name lister (nm)... /usr/bin/nm -B
checking the name lister (/usr/bin/nm -B) interface... BSD nm
checking the maximum length of command line arguments... 1572864
checking whether the shell understands some XSI constructs... yes
checking whether the shell understands "+="... yes
checking how to convert x86_64-unknown-linux-gnu file names to x86_64-unknown-linux-gnu format... func_convert_file_noop
checking how to convert x86_64-unknown-linux-gnu file names to toolchain format... func_convert_file_noop
checking for /usr/bin/ld option to reload object files... -r
checking for objdump... objdump
checking how to recognize dependent libraries... pass_all
checking for dlltool... no
checking how to associate runtime and link libraries... printf %s\n
checking for ar... ar
checking for archiver @FILE support... @
checking for strip... strip
checking for ranlib... ranlib
checking command to parse /usr/bin/nm -B output from gcc object... ok
checking for sysroot... no
checking for mt... no
checking if : is a manifest tool... no
checking for dlfcn.h... yes
checking for objdir... .libs
checking if gcc supports -fno-rtti -fno-exceptions... no
checking for gcc option to produce PIC... -fPIC -DPIC
checking if gcc PIC flag -fPIC -DPIC works... yes
checking if gcc static flag -static works... yes
checking if gcc supports -c -o file.o... yes
checking if gcc supports -c -o file.o... (cached) yes
checking whether the gcc linker (/usr/bin/ld -m elf_x86_64) supports shared libraries... yes
checking whether -lc should be explicitly linked in... no
checking dynamic linker characteristics... GNU/Linux ld.so
checking how to hardcode library paths into programs... immediate
checking for shl_load... no
checking for shl_load in -ldld... no
checking for dlopen... no
checking for dlopen in -ldl... yes
checking whether a program can dlopen itself... yes
checking whether a statically linked program can dlopen itself... no
checking whether stripping libraries is possible... yes
checking if libtool supports shared libraries... yes
checking whether to build shared libraries... yes
checking whether to build static libraries... no
checking for ANSI C header files... (cached) yes
checking for an ANSI C-conforming const... yes
checking for inline... inline
checking whether time.h and sys/time.h may both be included... yes
checking whether gcc needs -traditional... no
checking for uselocale... yes
checking for library version... major 1 minor 1 subminor 0 extrastr  extraver 1000000
checking for versioned symbols... yes
checking for symbolic-functions... no
checking for custom symbol prefixes... 
checking for debug... yes
checking for debug assert... no
checking for tmpdir... /tmp
checking for softfloat... no
checking for libdl... checking for dlsym in -ldl... yes
checking for pthread... checking for pthread_join in -lpthread... yes
checking for __thread... yes
checking for librt... checking for clock_gettime in -lrt... yes
checking wordexp.h usability... yes
checking wordexp.h presence... yes
checking for wordexp.h... yes
checking endian.h usability... yes
checking endian.h presence... yes
checking for endian.h... yes
checking sys/endian.h usability... no
checking sys/endian.h presence... no
checking for sys/endian.h... no
checking sys/shm.h usability... yes
checking sys/shm.h presence... yes
checking for sys/shm.h... yes
checking for resmgr support... no
checking for aload* support... yes
checking for ALSA device file directory... /dev/snd/
checking for aload* device file directory... /dev/
checking whether GCC supports builtin atomic intrinsics... yes
checking for max number of cards... 32
checking that generated files are newer than configure... done
configure: creating ./config.status
config.status: creating Makefile
config.status: creating doc/Makefile
config.status: creating doc/pictures/Makefile
config.status: creating doc/doxygen.cfg
config.status: creating include/Makefile
config.status: creating include/sound/Makefile
config.status: creating src/Versions
config.status: creating src/Makefile
config.status: creating src/control/Makefile
config.status: creating src/mixer/Makefile
config.status: creating src/pcm/Makefile
config.status: creating src/pcm/scopes/Makefile
config.status: creating src/rawmidi/Makefile
config.status: creating src/timer/Makefile
config.status: creating src/hwdep/Makefile
config.status: creating src/seq/Makefile
config.status: creating src/ucm/Makefile
config.status: creating src/alisp/Makefile
config.status: creating src/topology/Makefile
config.status: creating src/conf/Makefile
config.status: creating src/conf/alsa.conf.d/Makefile
config.status: creating src/conf/cards/Makefile
config.status: creating src/conf/pcm/Makefile
config.status: creating src/conf/ucm/Makefile
config.status: creating src/conf/ucm/DAISY-I2S/Makefile
config.status: creating src/conf/ucm/PandaBoard/Makefile
config.status: creating src/conf/ucm/PandaBoardES/Makefile
config.status: creating src/conf/ucm/SDP4430/Makefile
config.status: creating src/conf/ucm/tegraalc5632/Makefile
config.status: creating src/conf/ucm/PAZ00/Makefile
config.status: creating src/conf/ucm/GoogleNyan/Makefile
config.status: creating src/conf/ucm/broadwell-rt286/Makefile
config.status: creating src/conf/topology/Makefile
config.status: creating src/conf/topology/broadwell/Makefile
config.status: creating modules/Makefile
config.status: creating modules/mixer/Makefile
config.status: creating modules/mixer/simple/Makefile
config.status: creating alsalisp/Makefile
config.status: creating aserver/Makefile
config.status: creating test/Makefile
config.status: creating test/lsb/Makefile
config.status: creating utils/Makefile
config.status: creating utils/alsa-lib.spec
config.status: creating utils/alsa.pc
config.status: creating include/config.h
config.status: executing depfiles commands
config.status: executing libtool commands
Creating asoundlib.h...
Making all in doc
make[1]: Entering directory '/sources/7.9/alsa-lib-1.1.0/doc'
Making all in pictures
make[2]: Entering directory '/sources/7.9/alsa-lib-1.1.0/doc/pictures'
make[2]: Nothing to be done for 'all'.
make[2]: Leaving directory '/sources/7.9/alsa-lib-1.1.0/doc/pictures'
make[2]: Entering directory '/sources/7.9/alsa-lib-1.1.0/doc'
make[2]: Nothing to be done for 'all-am'.
make[2]: Leaving directory '/sources/7.9/alsa-lib-1.1.0/doc'
make[1]: Leaving directory '/sources/7.9/alsa-lib-1.1.0/doc'
Making all in include
make[1]: Entering directory '/sources/7.9/alsa-lib-1.1.0/include'
make  all-recursive
make[2]: Entering directory '/sources/7.9/alsa-lib-1.1.0/include'
Making all in sound
make[3]: Entering directory '/sources/7.9/alsa-lib-1.1.0/include/sound'
make[3]: Nothing to be done for 'all'.
make[3]: Leaving directory '/sources/7.9/alsa-lib-1.1.0/include/sound'
make[3]: Entering directory '/sources/7.9/alsa-lib-1.1.0/include'
make[3]: Leaving directory '/sources/7.9/alsa-lib-1.1.0/include'
make[2]: Leaving directory '/sources/7.9/alsa-lib-1.1.0/include'
make[1]: Leaving directory '/sources/7.9/alsa-lib-1.1.0/include'
Making all in src
make[1]: Entering directory '/sources/7.9/alsa-lib-1.1.0/src'
Making all in control
make[2]: Entering directory '/sources/7.9/alsa-lib-1.1.0/src/control'
  CC       cards.lo
  CC       tlv.lo
  CC       namehint.lo
  CC       hcontrol.lo
  CC       control.lo
  CC       control_hw.lo
  CC       setup.lo
  CC       ctlparse.lo
  CC       control_symbols.lo
  CC       control_shm.lo
  CC       control_ext.lo
  CCLD     libcontrol.la
make[2]: Leaving directory '/sources/7.9/alsa-lib-1.1.0/src/control'
Making all in mixer
make[2]: Entering directory '/sources/7.9/alsa-lib-1.1.0/src/mixer'
  CC       bag.lo
  CC       mixer.lo
  CC       simple.lo
  CC       simple_none.lo
  CC       simple_abst.lo
  CCLD     libmixer.la
make[2]: Leaving directory '/sources/7.9/alsa-lib-1.1.0/src/mixer'
Making all in pcm
make[2]: Entering directory '/sources/7.9/alsa-lib-1.1.0/src/pcm'
make[3]: Entering directory '/sources/7.9/alsa-lib-1.1.0/src/pcm'
make[3]: Nothing to be done for 'all-am'.
make[3]: Leaving directory '/sources/7.9/alsa-lib-1.1.0/src/pcm'
  CC       atomic.lo
  CC       mask.lo
  CC       interval.lo
  CC       pcm.lo
  CC       pcm_params.lo
  CC       pcm_simple.lo
  CC       pcm_hw.lo
  CC       pcm_misc.lo
  CC       pcm_mmap.lo
  CC       pcm_symbols.lo
  CC       pcm_generic.lo
  CC       pcm_plugin.lo
  CC       pcm_copy.lo
  CC       pcm_linear.lo
  CC       pcm_route.lo
  CC       pcm_mulaw.lo
  CC       pcm_alaw.lo
  CC       pcm_adpcm.lo
  CC       pcm_rate.lo
  CC       pcm_rate_linear.lo
  CC       pcm_plug.lo
  CC       pcm_multi.lo
  CC       pcm_shm.lo
  CC       pcm_file.lo
  CC       pcm_null.lo
  CC       pcm_empty.lo
  CC       pcm_share.lo
  CC       pcm_meter.lo
  CC       pcm_hooks.lo
  CC       pcm_lfloat.lo
  CC       pcm_ladspa.lo
  CC       pcm_dmix.lo
  CC       pcm_dshare.lo
  CC       pcm_dsnoop.lo
  CC       pcm_direct.lo
  CC       pcm_asym.lo
  CC       pcm_iec958.lo
  CC       pcm_softvol.lo
  CC       pcm_extplug.lo
  CC       pcm_ioplug.lo
  CC       pcm_mmap_emul.lo
  CCLD     libpcm.la
make[2]: Leaving directory '/sources/7.9/alsa-lib-1.1.0/src/pcm'
Making all in timer
make[2]: Entering directory '/sources/7.9/alsa-lib-1.1.0/src/timer'
  CC       timer.lo
  CC       timer_hw.lo
  CC       timer_query.lo
  CC       timer_query_hw.lo
  CC       timer_symbols.lo
  CCLD     libtimer.la
make[2]: Leaving directory '/sources/7.9/alsa-lib-1.1.0/src/timer'
Making all in rawmidi
make[2]: Entering directory '/sources/7.9/alsa-lib-1.1.0/src/rawmidi'
  CC       rawmidi.lo
  CC       rawmidi_hw.lo
  CC       rawmidi_symbols.lo
  CC       rawmidi_virt.lo
  CCLD     librawmidi.la
make[2]: Leaving directory '/sources/7.9/alsa-lib-1.1.0/src/rawmidi'
Making all in hwdep
make[2]: Entering directory '/sources/7.9/alsa-lib-1.1.0/src/hwdep'
  CC       hwdep.lo
  CC       hwdep_hw.lo
  CC       hwdep_symbols.lo
  CCLD     libhwdep.la
make[2]: Leaving directory '/sources/7.9/alsa-lib-1.1.0/src/hwdep'
Making all in seq
make[2]: Entering directory '/sources/7.9/alsa-lib-1.1.0/src/seq'
  CC       seq_hw.lo
  CC       seq.lo
  CC       seq_event.lo
  CC       seqmid.lo
  CC       seq_midi_event.lo
  CC       seq_symbols.lo
  CC       seq_old.lo
  CCLD     libseq.la
make[2]: Leaving directory '/sources/7.9/alsa-lib-1.1.0/src/seq'
Making all in ucm
make[2]: Entering directory '/sources/7.9/alsa-lib-1.1.0/src/ucm'
  CC       utils.lo
  CC       parser.lo
  CC       main.lo
  CCLD     libucm.la
make[2]: Leaving directory '/sources/7.9/alsa-lib-1.1.0/src/ucm'
Making all in topology
make[2]: Entering directory '/sources/7.9/alsa-lib-1.1.0/src/topology'
  CC       parser.lo
  CC       builder.lo
  CC       ctl.lo
  CC       dapm.lo
  CC       pcm.lo
  CC       data.lo
  CC       text.lo
  CC       channel.lo
  CC       ops.lo
  CC       elem.lo
  CCLD     libtopology.la
make[2]: Leaving directory '/sources/7.9/alsa-lib-1.1.0/src/topology'
Making all in alisp
make[2]: Entering directory '/sources/7.9/alsa-lib-1.1.0/src/alisp'
  CC       alisp.lo
  CCLD     libalisp.la
make[2]: Leaving directory '/sources/7.9/alsa-lib-1.1.0/src/alisp'
Making all in conf
make[2]: Entering directory '/sources/7.9/alsa-lib-1.1.0/src/conf'
Making all in cards
make[3]: Entering directory '/sources/7.9/alsa-lib-1.1.0/src/conf/cards'
make[3]: Nothing to be done for 'all'.
make[3]: Leaving directory '/sources/7.9/alsa-lib-1.1.0/src/conf/cards'
Making all in pcm
make[3]: Entering directory '/sources/7.9/alsa-lib-1.1.0/src/conf/pcm'
make[3]: Nothing to be done for 'all'.
make[3]: Leaving directory '/sources/7.9/alsa-lib-1.1.0/src/conf/pcm'
Making all in alsa.conf.d
make[3]: Entering directory '/sources/7.9/alsa-lib-1.1.0/src/conf/alsa.conf.d'
make[3]: Nothing to be done for 'all'.
make[3]: Leaving directory '/sources/7.9/alsa-lib-1.1.0/src/conf/alsa.conf.d'
Making all in ucm
make[3]: Entering directory '/sources/7.9/alsa-lib-1.1.0/src/conf/ucm'
Making all in DAISY-I2S
make[4]: Entering directory '/sources/7.9/alsa-lib-1.1.0/src/conf/ucm/DAISY-I2S'
make[4]: Nothing to be done for 'all'.
make[4]: Leaving directory '/sources/7.9/alsa-lib-1.1.0/src/conf/ucm/DAISY-I2S'
Making all in PandaBoard
make[4]: Entering directory '/sources/7.9/alsa-lib-1.1.0/src/conf/ucm/PandaBoard'
make[4]: Nothing to be done for 'all'.
make[4]: Leaving directory '/sources/7.9/alsa-lib-1.1.0/src/conf/ucm/PandaBoard'
Making all in PandaBoardES
make[4]: Entering directory '/sources/7.9/alsa-lib-1.1.0/src/conf/ucm/PandaBoardES'
make[4]: Nothing to be done for 'all'.
make[4]: Leaving directory '/sources/7.9/alsa-lib-1.1.0/src/conf/ucm/PandaBoardES'
Making all in SDP4430
make[4]: Entering directory '/sources/7.9/alsa-lib-1.1.0/src/conf/ucm/SDP4430'
make[4]: Nothing to be done for 'all'.
make[4]: Leaving directory '/sources/7.9/alsa-lib-1.1.0/src/conf/ucm/SDP4430'
Making all in tegraalc5632
make[4]: Entering directory '/sources/7.9/alsa-lib-1.1.0/src/conf/ucm/tegraalc5632'
make[4]: Nothing to be done for 'all'.
make[4]: Leaving directory '/sources/7.9/alsa-lib-1.1.0/src/conf/ucm/tegraalc5632'
Making all in PAZ00
make[4]: Entering directory '/sources/7.9/alsa-lib-1.1.0/src/conf/ucm/PAZ00'
make[4]: Nothing to be done for 'all'.
make[4]: Leaving directory '/sources/7.9/alsa-lib-1.1.0/src/conf/ucm/PAZ00'
Making all in GoogleNyan
make[4]: Entering directory '/sources/7.9/alsa-lib-1.1.0/src/conf/ucm/GoogleNyan'
make[4]: Nothing to be done for 'all'.
make[4]: Leaving directory '/sources/7.9/alsa-lib-1.1.0/src/conf/ucm/GoogleNyan'
Making all in broadwell-rt286
make[4]: Entering directory '/sources/7.9/alsa-lib-1.1.0/src/conf/ucm/broadwell-rt286'
make[4]: Nothing to be done for 'all'.
make[4]: Leaving directory '/sources/7.9/alsa-lib-1.1.0/src/conf/ucm/broadwell-rt286'
make[4]: Entering directory '/sources/7.9/alsa-lib-1.1.0/src/conf/ucm'
make[4]: Nothing to be done for 'all-am'.
make[4]: Leaving directory '/sources/7.9/alsa-lib-1.1.0/src/conf/ucm'
make[3]: Leaving directory '/sources/7.9/alsa-lib-1.1.0/src/conf/ucm'
Making all in topology
make[3]: Entering directory '/sources/7.9/alsa-lib-1.1.0/src/conf/topology'
Making all in broadwell
make[4]: Entering directory '/sources/7.9/alsa-lib-1.1.0/src/conf/topology/broadwell'
make[4]: Nothing to be done for 'all'.
make[4]: Leaving directory '/sources/7.9/alsa-lib-1.1.0/src/conf/topology/broadwell'
make[4]: Entering directory '/sources/7.9/alsa-lib-1.1.0/src/conf/topology'
make[4]: Nothing to be done for 'all-am'.
make[4]: Leaving directory '/sources/7.9/alsa-lib-1.1.0/src/conf/topology'
make[3]: Leaving directory '/sources/7.9/alsa-lib-1.1.0/src/conf/topology'
make[3]: Entering directory '/sources/7.9/alsa-lib-1.1.0/src/conf'
make[3]: Nothing to be done for 'all-am'.
make[3]: Leaving directory '/sources/7.9/alsa-lib-1.1.0/src/conf'
make[2]: Leaving directory '/sources/7.9/alsa-lib-1.1.0/src/conf'
make[2]: Entering directory '/sources/7.9/alsa-lib-1.1.0/src'
  CC       conf.lo
  CC       confmisc.lo
  CC       input.lo
  CC       output.lo
  CC       async.lo
  CC       error.lo
  CC       dlmisc.lo
  CC       socket.lo
  CC       shmarea.lo
  CC       userfile.lo
  CC       names.lo
  CCLD     libasound.la
make[2]: Leaving directory '/sources/7.9/alsa-lib-1.1.0/src'
make[1]: Leaving directory '/sources/7.9/alsa-lib-1.1.0/src'
Making all in modules
make[1]: Entering directory '/sources/7.9/alsa-lib-1.1.0/modules'
Making all in mixer
make[2]: Entering directory '/sources/7.9/alsa-lib-1.1.0/modules/mixer'
Making all in simple
make[3]: Entering directory '/sources/7.9/alsa-lib-1.1.0/modules/mixer/simple'
  CC       sbase.lo
  CCLD     smixer-sbase.la
  CC       ac97.lo
  CC       sbasedl.lo
  CCLD     smixer-ac97.la
  CC       hda.lo
  CCLD     smixer-hda.la
  CC       smixer_python_la-python.lo
  CCLD     smixer-python.la
make[3]: Leaving directory '/sources/7.9/alsa-lib-1.1.0/modules/mixer/simple'
make[3]: Entering directory '/sources/7.9/alsa-lib-1.1.0/modules/mixer'
make[3]: Nothing to be done for 'all-am'.
make[3]: Leaving directory '/sources/7.9/alsa-lib-1.1.0/modules/mixer'
make[2]: Leaving directory '/sources/7.9/alsa-lib-1.1.0/modules/mixer'
make[2]: Entering directory '/sources/7.9/alsa-lib-1.1.0/modules'
make[2]: Nothing to be done for 'all-am'.
make[2]: Leaving directory '/sources/7.9/alsa-lib-1.1.0/modules'
make[1]: Leaving directory '/sources/7.9/alsa-lib-1.1.0/modules'
Making all in aserver
make[1]: Entering directory '/sources/7.9/alsa-lib-1.1.0/aserver'
  CC       aserver.o
  CCLD     aserver
make[1]: Leaving directory '/sources/7.9/alsa-lib-1.1.0/aserver'
Making all in alsalisp
make[1]: Entering directory '/sources/7.9/alsa-lib-1.1.0/alsalisp'
  CC       alsalisp.o
  CCLD     alsalisp
make[1]: Leaving directory '/sources/7.9/alsa-lib-1.1.0/alsalisp'
Making all in test
make[1]: Entering directory '/sources/7.9/alsa-lib-1.1.0/test'
Making all in .
make[2]: Entering directory '/sources/7.9/alsa-lib-1.1.0/test'
make[2]: Nothing to be done for 'all-am'.
make[2]: Leaving directory '/sources/7.9/alsa-lib-1.1.0/test'
Making all in lsb
make[2]: Entering directory '/sources/7.9/alsa-lib-1.1.0/test/lsb'
make[2]: Nothing to be done for 'all'.
make[2]: Leaving directory '/sources/7.9/alsa-lib-1.1.0/test/lsb'
make[1]: Leaving directory '/sources/7.9/alsa-lib-1.1.0/test'
Making all in utils
make[1]: Entering directory '/sources/7.9/alsa-lib-1.1.0/utils'
make[1]: Nothing to be done for 'all'.
make[1]: Leaving directory '/sources/7.9/alsa-lib-1.1.0/utils'
make[1]: Entering directory '/sources/7.9/alsa-lib-1.1.0'
make[1]: Nothing to be done for 'all-am'.
make[1]: Leaving directory '/sources/7.9/alsa-lib-1.1.0'
Making check in doc
make[1]: Entering directory '/sources/7.9/alsa-lib-1.1.0/doc'
Making check in pictures
make[2]: Entering directory '/sources/7.9/alsa-lib-1.1.0/doc/pictures'
make[2]: Nothing to be done for 'check'.
make[2]: Leaving directory '/sources/7.9/alsa-lib-1.1.0/doc/pictures'
make[2]: Entering directory '/sources/7.9/alsa-lib-1.1.0/doc'
make[2]: Nothing to be done for 'check-am'.
make[2]: Leaving directory '/sources/7.9/alsa-lib-1.1.0/doc'
make[1]: Leaving directory '/sources/7.9/alsa-lib-1.1.0/doc'
Making check in include
make[1]: Entering directory '/sources/7.9/alsa-lib-1.1.0/include'
Making check in sound
make[2]: Entering directory '/sources/7.9/alsa-lib-1.1.0/include/sound'
make[2]: Nothing to be done for 'check'.
make[2]: Leaving directory '/sources/7.9/alsa-lib-1.1.0/include/sound'
make[2]: Entering directory '/sources/7.9/alsa-lib-1.1.0/include'
make[2]: Leaving directory '/sources/7.9/alsa-lib-1.1.0/include'
make[1]: Leaving directory '/sources/7.9/alsa-lib-1.1.0/include'
Making check in src
make[1]: Entering directory '/sources/7.9/alsa-lib-1.1.0/src'
Making check in control
make[2]: Entering directory '/sources/7.9/alsa-lib-1.1.0/src/control'
make[2]: Nothing to be done for 'check'.
make[2]: Leaving directory '/sources/7.9/alsa-lib-1.1.0/src/control'
Making check in mixer
make[2]: Entering directory '/sources/7.9/alsa-lib-1.1.0/src/mixer'
make[2]: Nothing to be done for 'check'.
make[2]: Leaving directory '/sources/7.9/alsa-lib-1.1.0/src/mixer'
Making check in pcm
make[2]: Entering directory '/sources/7.9/alsa-lib-1.1.0/src/pcm'
make[3]: Entering directory '/sources/7.9/alsa-lib-1.1.0/src/pcm'
make[3]: Nothing to be done for 'check-am'.
make[3]: Leaving directory '/sources/7.9/alsa-lib-1.1.0/src/pcm'
make[2]: Leaving directory '/sources/7.9/alsa-lib-1.1.0/src/pcm'
Making check in timer
make[2]: Entering directory '/sources/7.9/alsa-lib-1.1.0/src/timer'
make[2]: Nothing to be done for 'check'.
make[2]: Leaving directory '/sources/7.9/alsa-lib-1.1.0/src/timer'
Making check in rawmidi
make[2]: Entering directory '/sources/7.9/alsa-lib-1.1.0/src/rawmidi'
make[2]: Nothing to be done for 'check'.
make[2]: Leaving directory '/sources/7.9/alsa-lib-1.1.0/src/rawmidi'
Making check in hwdep
make[2]: Entering directory '/sources/7.9/alsa-lib-1.1.0/src/hwdep'
make[2]: Nothing to be done for 'check'.
make[2]: Leaving directory '/sources/7.9/alsa-lib-1.1.0/src/hwdep'
Making check in seq
make[2]: Entering directory '/sources/7.9/alsa-lib-1.1.0/src/seq'
make[2]: Nothing to be done for 'check'.
make[2]: Leaving directory '/sources/7.9/alsa-lib-1.1.0/src/seq'
Making check in ucm
make[2]: Entering directory '/sources/7.9/alsa-lib-1.1.0/src/ucm'
make[2]: Nothing to be done for 'check'.
make[2]: Leaving directory '/sources/7.9/alsa-lib-1.1.0/src/ucm'
Making check in topology
make[2]: Entering directory '/sources/7.9/alsa-lib-1.1.0/src/topology'
make[2]: Nothing to be done for 'check'.
make[2]: Leaving directory '/sources/7.9/alsa-lib-1.1.0/src/topology'
Making check in alisp
make[2]: Entering directory '/sources/7.9/alsa-lib-1.1.0/src/alisp'
make[2]: Nothing to be done for 'check'.
make[2]: Leaving directory '/sources/7.9/alsa-lib-1.1.0/src/alisp'
Making check in conf
make[2]: Entering directory '/sources/7.9/alsa-lib-1.1.0/src/conf'
Making check in cards
make[3]: Entering directory '/sources/7.9/alsa-lib-1.1.0/src/conf/cards'
make[3]: Nothing to be done for 'check'.
make[3]: Leaving directory '/sources/7.9/alsa-lib-1.1.0/src/conf/cards'
Making check in pcm
make[3]: Entering directory '/sources/7.9/alsa-lib-1.1.0/src/conf/pcm'
make[3]: Nothing to be done for 'check'.
make[3]: Leaving directory '/sources/7.9/alsa-lib-1.1.0/src/conf/pcm'
Making check in alsa.conf.d
make[3]: Entering directory '/sources/7.9/alsa-lib-1.1.0/src/conf/alsa.conf.d'
make[3]: Nothing to be done for 'check'.
make[3]: Leaving directory '/sources/7.9/alsa-lib-1.1.0/src/conf/alsa.conf.d'
Making check in ucm
make[3]: Entering directory '/sources/7.9/alsa-lib-1.1.0/src/conf/ucm'
Making check in DAISY-I2S
make[4]: Entering directory '/sources/7.9/alsa-lib-1.1.0/src/conf/ucm/DAISY-I2S'
make[4]: Nothing to be done for 'check'.
make[4]: Leaving directory '/sources/7.9/alsa-lib-1.1.0/src/conf/ucm/DAISY-I2S'
Making check in PandaBoard
make[4]: Entering directory '/sources/7.9/alsa-lib-1.1.0/src/conf/ucm/PandaBoard'
make[4]: Nothing to be done for 'check'.
make[4]: Leaving directory '/sources/7.9/alsa-lib-1.1.0/src/conf/ucm/PandaBoard'
Making check in PandaBoardES
make[4]: Entering directory '/sources/7.9/alsa-lib-1.1.0/src/conf/ucm/PandaBoardES'
make[4]: Nothing to be done for 'check'.
make[4]: Leaving directory '/sources/7.9/alsa-lib-1.1.0/src/conf/ucm/PandaBoardES'
Making check in SDP4430
make[4]: Entering directory '/sources/7.9/alsa-lib-1.1.0/src/conf/ucm/SDP4430'
make[4]: Nothing to be done for 'check'.
make[4]: Leaving directory '/sources/7.9/alsa-lib-1.1.0/src/conf/ucm/SDP4430'
Making check in tegraalc5632
make[4]: Entering directory '/sources/7.9/alsa-lib-1.1.0/src/conf/ucm/tegraalc5632'
make[4]: Nothing to be done for 'check'.
make[4]: Leaving directory '/sources/7.9/alsa-lib-1.1.0/src/conf/ucm/tegraalc5632'
Making check in PAZ00
make[4]: Entering directory '/sources/7.9/alsa-lib-1.1.0/src/conf/ucm/PAZ00'
make[4]: Nothing to be done for 'check'.
make[4]: Leaving directory '/sources/7.9/alsa-lib-1.1.0/src/conf/ucm/PAZ00'
Making check in GoogleNyan
make[4]: Entering directory '/sources/7.9/alsa-lib-1.1.0/src/conf/ucm/GoogleNyan'
make[4]: Nothing to be done for 'check'.
make[4]: Leaving directory '/sources/7.9/alsa-lib-1.1.0/src/conf/ucm/GoogleNyan'
Making check in broadwell-rt286
make[4]: Entering directory '/sources/7.9/alsa-lib-1.1.0/src/conf/ucm/broadwell-rt286'
make[4]: Nothing to be done for 'check'.
make[4]: Leaving directory '/sources/7.9/alsa-lib-1.1.0/src/conf/ucm/broadwell-rt286'
make[4]: Entering directory '/sources/7.9/alsa-lib-1.1.0/src/conf/ucm'
make[4]: Nothing to be done for 'check-am'.
make[4]: Leaving directory '/sources/7.9/alsa-lib-1.1.0/src/conf/ucm'
make[3]: Leaving directory '/sources/7.9/alsa-lib-1.1.0/src/conf/ucm'
Making check in topology
make[3]: Entering directory '/sources/7.9/alsa-lib-1.1.0/src/conf/topology'
Making check in broadwell
make[4]: Entering directory '/sources/7.9/alsa-lib-1.1.0/src/conf/topology/broadwell'
make[4]: Nothing to be done for 'check'.
make[4]: Leaving directory '/sources/7.9/alsa-lib-1.1.0/src/conf/topology/broadwell'
make[4]: Entering directory '/sources/7.9/alsa-lib-1.1.0/src/conf/topology'
make[4]: Nothing to be done for 'check-am'.
make[4]: Leaving directory '/sources/7.9/alsa-lib-1.1.0/src/conf/topology'
make[3]: Leaving directory '/sources/7.9/alsa-lib-1.1.0/src/conf/topology'
make[3]: Entering directory '/sources/7.9/alsa-lib-1.1.0/src/conf'
make[3]: Nothing to be done for 'check-am'.
make[3]: Leaving directory '/sources/7.9/alsa-lib-1.1.0/src/conf'
make[2]: Leaving directory '/sources/7.9/alsa-lib-1.1.0/src/conf'
make[2]: Entering directory '/sources/7.9/alsa-lib-1.1.0/src'
make[2]: Nothing to be done for 'check-am'.
make[2]: Leaving directory '/sources/7.9/alsa-lib-1.1.0/src'
make[1]: Leaving directory '/sources/7.9/alsa-lib-1.1.0/src'
Making check in modules
make[1]: Entering directory '/sources/7.9/alsa-lib-1.1.0/modules'
Making check in mixer
make[2]: Entering directory '/sources/7.9/alsa-lib-1.1.0/modules/mixer'
Making check in simple
make[3]: Entering directory '/sources/7.9/alsa-lib-1.1.0/modules/mixer/simple'
make[3]: Nothing to be done for 'check'.
make[3]: Leaving directory '/sources/7.9/alsa-lib-1.1.0/modules/mixer/simple'
make[3]: Entering directory '/sources/7.9/alsa-lib-1.1.0/modules/mixer'
make[3]: Nothing to be done for 'check-am'.
make[3]: Leaving directory '/sources/7.9/alsa-lib-1.1.0/modules/mixer'
make[2]: Leaving directory '/sources/7.9/alsa-lib-1.1.0/modules/mixer'
make[2]: Entering directory '/sources/7.9/alsa-lib-1.1.0/modules'
make[2]: Nothing to be done for 'check-am'.
make[2]: Leaving directory '/sources/7.9/alsa-lib-1.1.0/modules'
make[1]: Leaving directory '/sources/7.9/alsa-lib-1.1.0/modules'
Making check in aserver
make[1]: Entering directory '/sources/7.9/alsa-lib-1.1.0/aserver'
make[1]: Nothing to be done for 'check'.
make[1]: Leaving directory '/sources/7.9/alsa-lib-1.1.0/aserver'
Making check in alsalisp
make[1]: Entering directory '/sources/7.9/alsa-lib-1.1.0/alsalisp'
make[1]: Nothing to be done for 'check'.
make[1]: Leaving directory '/sources/7.9/alsa-lib-1.1.0/alsalisp'
Making check in test
make[1]: Entering directory '/sources/7.9/alsa-lib-1.1.0/test'
Making check in .
make[2]: Entering directory '/sources/7.9/alsa-lib-1.1.0/test'
make  control pcm pcm_min latency seq playmidi1 timer rawmidi midiloop oldapi queue_timer namehint client_event_filter chmap audio_time
make[3]: Entering directory '/sources/7.9/alsa-lib-1.1.0/test'
  CC       control.o
  CCLD     control
  CC       pcm.o
  CCLD     pcm
  CC       pcm_min.o
  CCLD     pcm_min
  CC       latency.o
  CCLD     latency
  CC       seq.o
  CCLD     seq
  CC       playmidi1.o
  CCLD     playmidi1
  CC       timer.o
  CCLD     timer
  CC       rawmidi.o
  CCLD     rawmidi
  CC       midiloop.o
  CCLD     midiloop
  CC       oldapi.o
  CCLD     oldapi
  CC       queue_timer.o
  CCLD     queue_timer
  CC       namehint.o
  CCLD     namehint
  CC       client_event_filter.o
  CCLD     client_event_filter
  CC       chmap.o
  CCLD     chmap
  CC       audio_time.o
  CCLD     audio_time
make[3]: Leaving directory '/sources/7.9/alsa-lib-1.1.0/test'
make[2]: Leaving directory '/sources/7.9/alsa-lib-1.1.0/test'
Making check in lsb
make[2]: Entering directory '/sources/7.9/alsa-lib-1.1.0/test/lsb'
make  config midi_event
make[3]: Entering directory '/sources/7.9/alsa-lib-1.1.0/test/lsb'
  CC       config.o
  CCLD     config
  CC       midi_event.o
  CCLD     midi_event
make[3]: Leaving directory '/sources/7.9/alsa-lib-1.1.0/test/lsb'
make  check-TESTS
make[3]: Entering directory '/sources/7.9/alsa-lib-1.1.0/test/lsb'
PASS: config
PASS: midi_event
==================
All 2 tests passed
==================
make[3]: Leaving directory '/sources/7.9/alsa-lib-1.1.0/test/lsb'
make[2]: Leaving directory '/sources/7.9/alsa-lib-1.1.0/test/lsb'
make[1]: Leaving directory '/sources/7.9/alsa-lib-1.1.0/test'
Making check in utils
make[1]: Entering directory '/sources/7.9/alsa-lib-1.1.0/utils'
make[1]: Nothing to be done for 'check'.
make[1]: Leaving directory '/sources/7.9/alsa-lib-1.1.0/utils'
make[1]: Entering directory '/sources/7.9/alsa-lib-1.1.0'
make[1]: Nothing to be done for 'check-am'.
make[1]: Leaving directory '/sources/7.9/alsa-lib-1.1.0'
Making install in doc
make[1]: Entering directory '/sources/7.9/alsa-lib-1.1.0/doc'
Making install in pictures
make[2]: Entering directory '/sources/7.9/alsa-lib-1.1.0/doc/pictures'
make[3]: Entering directory '/sources/7.9/alsa-lib-1.1.0/doc/pictures'
make[3]: Nothing to be done for 'install-exec-am'.
make[3]: Nothing to be done for 'install-data-am'.
make[3]: Leaving directory '/sources/7.9/alsa-lib-1.1.0/doc/pictures'
make[2]: Leaving directory '/sources/7.9/alsa-lib-1.1.0/doc/pictures'
make[2]: Entering directory '/sources/7.9/alsa-lib-1.1.0/doc'
make[3]: Entering directory '/sources/7.9/alsa-lib-1.1.0/doc'
make[3]: Nothing to be done for 'install-exec-am'.
make[3]: Nothing to be done for 'install-data-am'.
make[3]: Leaving directory '/sources/7.9/alsa-lib-1.1.0/doc'
make[2]: Leaving directory '/sources/7.9/alsa-lib-1.1.0/doc'
make[1]: Leaving directory '/sources/7.9/alsa-lib-1.1.0/doc'
Making install in include
make[1]: Entering directory '/sources/7.9/alsa-lib-1.1.0/include'
Making install in sound
make[2]: Entering directory '/sources/7.9/alsa-lib-1.1.0/include/sound'
make[3]: Entering directory '/sources/7.9/alsa-lib-1.1.0/include/sound'
make[3]: Nothing to be done for 'install-exec-am'.
 /bin/mkdir -p '/usr/include/alsa/sound'
 /usr/bin/install -c -m 644 asound_fm.h hdsp.h hdspm.h sb16_csp.h sscape_ioctl.h emu10k1.h type_compat.h asoc.h tlv.h '/usr/include/alsa/sound'
make[3]: Leaving directory '/sources/7.9/alsa-lib-1.1.0/include/sound'
make[2]: Leaving directory '/sources/7.9/alsa-lib-1.1.0/include/sound'
make[2]: Entering directory '/sources/7.9/alsa-lib-1.1.0/include'
make[3]: Entering directory '/sources/7.9/alsa-lib-1.1.0/include'
make[3]: Nothing to be done for 'install-exec-am'.
 /bin/mkdir -p '/usr/include/alsa'
 /usr/bin/install -c -m 644 asoundlib.h asoundef.h version.h global.h input.h output.h error.h conf.h control.h iatomic.h control_external.h pcm.h pcm_old.h timer.h pcm_plugin.h pcm_rate.h pcm_external.h pcm_extplug.h pcm_ioplug.h rawmidi.h hwdep.h mixer.h mixer_abst.h seq_event.h seq.h seqmid.h seq_midi_event.h use-case.h topology.h alisp.h '/usr/include/alsa'
make  install-data-hook
make[4]: Entering directory '/sources/7.9/alsa-lib-1.1.0/include'
test -d /usr/include/sys || mkdir -p /usr/include/sys
/usr/bin/install -c -m 644 ./sys.h /usr/include/sys/asoundlib.h
make[4]: Leaving directory '/sources/7.9/alsa-lib-1.1.0/include'
make[3]: Leaving directory '/sources/7.9/alsa-lib-1.1.0/include'
make[2]: Leaving directory '/sources/7.9/alsa-lib-1.1.0/include'
make[1]: Leaving directory '/sources/7.9/alsa-lib-1.1.0/include'
Making install in src
make[1]: Entering directory '/sources/7.9/alsa-lib-1.1.0/src'
Making install in control
make[2]: Entering directory '/sources/7.9/alsa-lib-1.1.0/src/control'
make[3]: Entering directory '/sources/7.9/alsa-lib-1.1.0/src/control'
make[3]: Nothing to be done for 'install-exec-am'.
make[3]: Nothing to be done for 'install-data-am'.
make[3]: Leaving directory '/sources/7.9/alsa-lib-1.1.0/src/control'
make[2]: Leaving directory '/sources/7.9/alsa-lib-1.1.0/src/control'
Making install in mixer
make[2]: Entering directory '/sources/7.9/alsa-lib-1.1.0/src/mixer'
make[3]: Entering directory '/sources/7.9/alsa-lib-1.1.0/src/mixer'
make[3]: Nothing to be done for 'install-exec-am'.
make[3]: Nothing to be done for 'install-data-am'.
make[3]: Leaving directory '/sources/7.9/alsa-lib-1.1.0/src/mixer'
make[2]: Leaving directory '/sources/7.9/alsa-lib-1.1.0/src/mixer'
Making install in pcm
make[2]: Entering directory '/sources/7.9/alsa-lib-1.1.0/src/pcm'
make[3]: Entering directory '/sources/7.9/alsa-lib-1.1.0/src/pcm'
make[4]: Entering directory '/sources/7.9/alsa-lib-1.1.0/src/pcm'
make[4]: Nothing to be done for 'install-exec-am'.
make[4]: Nothing to be done for 'install-data-am'.
make[4]: Leaving directory '/sources/7.9/alsa-lib-1.1.0/src/pcm'
make[3]: Leaving directory '/sources/7.9/alsa-lib-1.1.0/src/pcm'
make[2]: Leaving directory '/sources/7.9/alsa-lib-1.1.0/src/pcm'
Making install in timer
make[2]: Entering directory '/sources/7.9/alsa-lib-1.1.0/src/timer'
make[3]: Entering directory '/sources/7.9/alsa-lib-1.1.0/src/timer'
make[3]: Nothing to be done for 'install-exec-am'.
make[3]: Nothing to be done for 'install-data-am'.
make[3]: Leaving directory '/sources/7.9/alsa-lib-1.1.0/src/timer'
make[2]: Leaving directory '/sources/7.9/alsa-lib-1.1.0/src/timer'
Making install in rawmidi
make[2]: Entering directory '/sources/7.9/alsa-lib-1.1.0/src/rawmidi'
make[3]: Entering directory '/sources/7.9/alsa-lib-1.1.0/src/rawmidi'
make[3]: Nothing to be done for 'install-exec-am'.
make[3]: Nothing to be done for 'install-data-am'.
make[3]: Leaving directory '/sources/7.9/alsa-lib-1.1.0/src/rawmidi'
make[2]: Leaving directory '/sources/7.9/alsa-lib-1.1.0/src/rawmidi'
Making install in hwdep
make[2]: Entering directory '/sources/7.9/alsa-lib-1.1.0/src/hwdep'
make[3]: Entering directory '/sources/7.9/alsa-lib-1.1.0/src/hwdep'
make[3]: Nothing to be done for 'install-exec-am'.
make[3]: Nothing to be done for 'install-data-am'.
make[3]: Leaving directory '/sources/7.9/alsa-lib-1.1.0/src/hwdep'
make[2]: Leaving directory '/sources/7.9/alsa-lib-1.1.0/src/hwdep'
Making install in seq
make[2]: Entering directory '/sources/7.9/alsa-lib-1.1.0/src/seq'
make[3]: Entering directory '/sources/7.9/alsa-lib-1.1.0/src/seq'
make[3]: Nothing to be done for 'install-exec-am'.
make[3]: Nothing to be done for 'install-data-am'.
make[3]: Leaving directory '/sources/7.9/alsa-lib-1.1.0/src/seq'
make[2]: Leaving directory '/sources/7.9/alsa-lib-1.1.0/src/seq'
Making install in ucm
make[2]: Entering directory '/sources/7.9/alsa-lib-1.1.0/src/ucm'
make[3]: Entering directory '/sources/7.9/alsa-lib-1.1.0/src/ucm'
make[3]: Nothing to be done for 'install-exec-am'.
make[3]: Nothing to be done for 'install-data-am'.
make[3]: Leaving directory '/sources/7.9/alsa-lib-1.1.0/src/ucm'
make[2]: Leaving directory '/sources/7.9/alsa-lib-1.1.0/src/ucm'
Making install in topology
make[2]: Entering directory '/sources/7.9/alsa-lib-1.1.0/src/topology'
make[3]: Entering directory '/sources/7.9/alsa-lib-1.1.0/src/topology'
make[3]: Nothing to be done for 'install-exec-am'.
make[3]: Nothing to be done for 'install-data-am'.
make[3]: Leaving directory '/sources/7.9/alsa-lib-1.1.0/src/topology'
make[2]: Leaving directory '/sources/7.9/alsa-lib-1.1.0/src/topology'
Making install in alisp
make[2]: Entering directory '/sources/7.9/alsa-lib-1.1.0/src/alisp'
make[3]: Entering directory '/sources/7.9/alsa-lib-1.1.0/src/alisp'
make[3]: Nothing to be done for 'install-exec-am'.
make[3]: Nothing to be done for 'install-data-am'.
make[3]: Leaving directory '/sources/7.9/alsa-lib-1.1.0/src/alisp'
make[2]: Leaving directory '/sources/7.9/alsa-lib-1.1.0/src/alisp'
Making install in conf
make[2]: Entering directory '/sources/7.9/alsa-lib-1.1.0/src/conf'
Making install in cards
make[3]: Entering directory '/sources/7.9/alsa-lib-1.1.0/src/conf/cards'
make[4]: Entering directory '/sources/7.9/alsa-lib-1.1.0/src/conf/cards'
make[4]: Nothing to be done for 'install-exec-am'.
 /bin/mkdir -p '/usr/share/alsa/cards/SI7018'
 /usr/bin/install -c -m 644 SI7018/sndoc-mixer.alisp SI7018/sndop-mixer.alisp '/usr/share/alsa/cards/SI7018'
 /bin/mkdir -p '/usr/share/alsa/cards'
 /usr/bin/install -c -m 644 aliases.conf AACI.conf ATIIXP.conf ATIIXP-SPDMA.conf ATIIXP-MODEM.conf AU8810.conf AU8820.conf AU8830.conf Audigy.conf Audigy2.conf Aureon51.conf Aureon71.conf CA0106.conf CMI8338.conf CMI8338-SWIEC.conf CMI8738-MC6.conf CMI8738-MC8.conf CMI8788.conf CS46xx.conf Echo_Echo3G.conf EMU10K1.conf EMU10K1X.conf ENS1370.conf ENS1371.conf ES1968.conf FM801.conf FWSpeakers.conf FireWave.conf GUS.conf HDA-Intel.conf ICE1712.conf ICE1724.conf ICH.conf ICH4.conf ICH-MODEM.conf Loopback.conf Maestro3.conf NFORCE.conf PC-Speaker.conf PMac.conf '/usr/share/alsa/cards'
 /usr/bin/install -c -m 644 PMacToonie.conf PS3.conf RME9636.conf RME9652.conf SI7018.conf SB-XFi.conf TRID4DWAVENX.conf USB-Audio.conf YMF744.conf VIA686A.conf VIA8233.conf VIA8233A.conf VIA8237.conf VX222.conf VXPocket.conf VXPocket440.conf aliases.alisp '/usr/share/alsa/cards'
make[4]: Leaving directory '/sources/7.9/alsa-lib-1.1.0/src/conf/cards'
make[3]: Leaving directory '/sources/7.9/alsa-lib-1.1.0/src/conf/cards'
Making install in pcm
make[3]: Entering directory '/sources/7.9/alsa-lib-1.1.0/src/conf/pcm'
make[4]: Entering directory '/sources/7.9/alsa-lib-1.1.0/src/conf/pcm'
make[4]: Nothing to be done for 'install-exec-am'.
 /bin/mkdir -p '/usr/share/alsa/pcm'
 /usr/bin/install -c -m 644 default.conf front.conf rear.conf center_lfe.conf side.conf surround21.conf surround40.conf surround41.conf surround50.conf surround51.conf surround71.conf iec958.conf hdmi.conf modem.conf dmix.conf dsnoop.conf dpl.conf '/usr/share/alsa/pcm'
make[4]: Leaving directory '/sources/7.9/alsa-lib-1.1.0/src/conf/pcm'
make[3]: Leaving directory '/sources/7.9/alsa-lib-1.1.0/src/conf/pcm'
Making install in alsa.conf.d
make[3]: Entering directory '/sources/7.9/alsa-lib-1.1.0/src/conf/alsa.conf.d'
make[4]: Entering directory '/sources/7.9/alsa-lib-1.1.0/src/conf/alsa.conf.d'
make[4]: Nothing to be done for 'install-exec-am'.
 /bin/mkdir -p '/usr/share/alsa/alsa.conf.d'
 /usr/bin/install -c -m 644 README '/usr/share/alsa/alsa.conf.d'
make[4]: Leaving directory '/sources/7.9/alsa-lib-1.1.0/src/conf/alsa.conf.d'
make[3]: Leaving directory '/sources/7.9/alsa-lib-1.1.0/src/conf/alsa.conf.d'
Making install in ucm
make[3]: Entering directory '/sources/7.9/alsa-lib-1.1.0/src/conf/ucm'
Making install in DAISY-I2S
make[4]: Entering directory '/sources/7.9/alsa-lib-1.1.0/src/conf/ucm/DAISY-I2S'
make[5]: Entering directory '/sources/7.9/alsa-lib-1.1.0/src/conf/ucm/DAISY-I2S'
make[5]: Nothing to be done for 'install-exec-am'.
 /bin/mkdir -p '/usr/share/alsa/ucm/DAISY-I2S'
 /usr/bin/install -c -m 644 DAISY-I2S.conf HiFi.conf '/usr/share/alsa/ucm/DAISY-I2S'
make[5]: Leaving directory '/sources/7.9/alsa-lib-1.1.0/src/conf/ucm/DAISY-I2S'
make[4]: Leaving directory '/sources/7.9/alsa-lib-1.1.0/src/conf/ucm/DAISY-I2S'
Making install in PandaBoard
make[4]: Entering directory '/sources/7.9/alsa-lib-1.1.0/src/conf/ucm/PandaBoard'
make[5]: Entering directory '/sources/7.9/alsa-lib-1.1.0/src/conf/ucm/PandaBoard'
make[5]: Nothing to be done for 'install-exec-am'.
 /bin/mkdir -p '/usr/share/alsa/ucm/PandaBoard'
 /usr/bin/install -c -m 644 FMAnalog hifi hifiLP PandaBoard.conf record voice voiceCall '/usr/share/alsa/ucm/PandaBoard'
make[5]: Leaving directory '/sources/7.9/alsa-lib-1.1.0/src/conf/ucm/PandaBoard'
make[4]: Leaving directory '/sources/7.9/alsa-lib-1.1.0/src/conf/ucm/PandaBoard'
Making install in PandaBoardES
make[4]: Entering directory '/sources/7.9/alsa-lib-1.1.0/src/conf/ucm/PandaBoardES'
make[5]: Entering directory '/sources/7.9/alsa-lib-1.1.0/src/conf/ucm/PandaBoardES'
make[5]: Nothing to be done for 'install-exec-am'.
 /bin/mkdir -p '/usr/share/alsa/ucm/PandaBoardES'
 /usr/bin/install -c -m 644 FMAnalog hifi hifiLP PandaBoardES.conf record voice voiceCall '/usr/share/alsa/ucm/PandaBoardES'
make[5]: Leaving directory '/sources/7.9/alsa-lib-1.1.0/src/conf/ucm/PandaBoardES'
make[4]: Leaving directory '/sources/7.9/alsa-lib-1.1.0/src/conf/ucm/PandaBoardES'
Making install in SDP4430
make[4]: Entering directory '/sources/7.9/alsa-lib-1.1.0/src/conf/ucm/SDP4430'
make[5]: Entering directory '/sources/7.9/alsa-lib-1.1.0/src/conf/ucm/SDP4430'
make[5]: Nothing to be done for 'install-exec-am'.
 /bin/mkdir -p '/usr/share/alsa/ucm/SDP4430'
 /usr/bin/install -c -m 644 FMAnalog hifi hifiLP record SDP4430.conf voice voiceCall '/usr/share/alsa/ucm/SDP4430'
make[5]: Leaving directory '/sources/7.9/alsa-lib-1.1.0/src/conf/ucm/SDP4430'
make[4]: Leaving directory '/sources/7.9/alsa-lib-1.1.0/src/conf/ucm/SDP4430'
Making install in tegraalc5632
make[4]: Entering directory '/sources/7.9/alsa-lib-1.1.0/src/conf/ucm/tegraalc5632'
make[5]: Entering directory '/sources/7.9/alsa-lib-1.1.0/src/conf/ucm/tegraalc5632'
make[5]: Nothing to be done for 'install-exec-am'.
 /bin/mkdir -p '/usr/share/alsa/ucm/tegraalc5632'
 /usr/bin/install -c -m 644 tegraalc5632.conf '/usr/share/alsa/ucm/tegraalc5632'
make[5]: Leaving directory '/sources/7.9/alsa-lib-1.1.0/src/conf/ucm/tegraalc5632'
make[4]: Leaving directory '/sources/7.9/alsa-lib-1.1.0/src/conf/ucm/tegraalc5632'
Making install in PAZ00
make[4]: Entering directory '/sources/7.9/alsa-lib-1.1.0/src/conf/ucm/PAZ00'
make[5]: Entering directory '/sources/7.9/alsa-lib-1.1.0/src/conf/ucm/PAZ00'
make[5]: Nothing to be done for 'install-exec-am'.
 /bin/mkdir -p '/usr/share/alsa/ucm/PAZ00'
 /usr/bin/install -c -m 644 PAZ00.conf HiFi.conf Record.conf '/usr/share/alsa/ucm/PAZ00'
make[5]: Leaving directory '/sources/7.9/alsa-lib-1.1.0/src/conf/ucm/PAZ00'
make[4]: Leaving directory '/sources/7.9/alsa-lib-1.1.0/src/conf/ucm/PAZ00'
Making install in GoogleNyan
make[4]: Entering directory '/sources/7.9/alsa-lib-1.1.0/src/conf/ucm/GoogleNyan'
make[5]: Entering directory '/sources/7.9/alsa-lib-1.1.0/src/conf/ucm/GoogleNyan'
make[5]: Nothing to be done for 'install-exec-am'.
 /bin/mkdir -p '/usr/share/alsa/ucm/GoogleNyan'
 /usr/bin/install -c -m 644 GoogleNyan.conf HiFi.conf '/usr/share/alsa/ucm/GoogleNyan'
make[5]: Leaving directory '/sources/7.9/alsa-lib-1.1.0/src/conf/ucm/GoogleNyan'
make[4]: Leaving directory '/sources/7.9/alsa-lib-1.1.0/src/conf/ucm/GoogleNyan'
Making install in broadwell-rt286
make[4]: Entering directory '/sources/7.9/alsa-lib-1.1.0/src/conf/ucm/broadwell-rt286'
make[5]: Entering directory '/sources/7.9/alsa-lib-1.1.0/src/conf/ucm/broadwell-rt286'
make[5]: Nothing to be done for 'install-exec-am'.
 /bin/mkdir -p '/usr/share/alsa/ucm/broadwell-rt286'
 /usr/bin/install -c -m 644 broadwell-rt286.conf HiFi '/usr/share/alsa/ucm/broadwell-rt286'
make[5]: Leaving directory '/sources/7.9/alsa-lib-1.1.0/src/conf/ucm/broadwell-rt286'
make[4]: Leaving directory '/sources/7.9/alsa-lib-1.1.0/src/conf/ucm/broadwell-rt286'
make[4]: Entering directory '/sources/7.9/alsa-lib-1.1.0/src/conf/ucm'
make[5]: Entering directory '/sources/7.9/alsa-lib-1.1.0/src/conf/ucm'
make[5]: Nothing to be done for 'install-exec-am'.
make[5]: Nothing to be done for 'install-data-am'.
make[5]: Leaving directory '/sources/7.9/alsa-lib-1.1.0/src/conf/ucm'
make[4]: Leaving directory '/sources/7.9/alsa-lib-1.1.0/src/conf/ucm'
make[3]: Leaving directory '/sources/7.9/alsa-lib-1.1.0/src/conf/ucm'
Making install in topology
make[3]: Entering directory '/sources/7.9/alsa-lib-1.1.0/src/conf/topology'
Making install in broadwell
make[4]: Entering directory '/sources/7.9/alsa-lib-1.1.0/src/conf/topology/broadwell'
make[5]: Entering directory '/sources/7.9/alsa-lib-1.1.0/src/conf/topology/broadwell'
make[5]: Nothing to be done for 'install-exec-am'.
 /bin/mkdir -p '/usr/share/alsa/topology/broadwell'
 /usr/bin/install -c -m 644 broadwell.conf '/usr/share/alsa/topology/broadwell'
make[5]: Leaving directory '/sources/7.9/alsa-lib-1.1.0/src/conf/topology/broadwell'
make[4]: Leaving directory '/sources/7.9/alsa-lib-1.1.0/src/conf/topology/broadwell'
make[4]: Entering directory '/sources/7.9/alsa-lib-1.1.0/src/conf/topology'
make[5]: Entering directory '/sources/7.9/alsa-lib-1.1.0/src/conf/topology'
make[5]: Nothing to be done for 'install-exec-am'.
make[5]: Nothing to be done for 'install-data-am'.
make[5]: Leaving directory '/sources/7.9/alsa-lib-1.1.0/src/conf/topology'
make[4]: Leaving directory '/sources/7.9/alsa-lib-1.1.0/src/conf/topology'
make[3]: Leaving directory '/sources/7.9/alsa-lib-1.1.0/src/conf/topology'
make[3]: Entering directory '/sources/7.9/alsa-lib-1.1.0/src/conf'
make[4]: Entering directory '/sources/7.9/alsa-lib-1.1.0/src/conf'
make[4]: Nothing to be done for 'install-exec-am'.
 /bin/mkdir -p '/usr/share/alsa'
 /usr/bin/install -c -m 644 alsa.conf sndo-mixer.alisp smixer.conf '/usr/share/alsa'
make[4]: Leaving directory '/sources/7.9/alsa-lib-1.1.0/src/conf'
make[3]: Leaving directory '/sources/7.9/alsa-lib-1.1.0/src/conf'
make[2]: Leaving directory '/sources/7.9/alsa-lib-1.1.0/src/conf'
make[2]: Entering directory '/sources/7.9/alsa-lib-1.1.0/src'
make[3]: Entering directory '/sources/7.9/alsa-lib-1.1.0/src'
 /bin/mkdir -p '/usr/lib'
 /bin/sh ../libtool   --mode=install /usr/bin/install -c   libasound.la '/usr/lib'
libtool: install: /usr/bin/install -c .libs/libasound.so.2.0.0 /usr/lib/libasound.so.2.0.0
libtool: install: (cd /usr/lib && { ln -s -f libasound.so.2.0.0 libasound.so.2 || { rm -f libasound.so.2 && ln -s libasound.so.2.0.0 libasound.so.2; }; })
libtool: install: (cd /usr/lib && { ln -s -f libasound.so.2.0.0 libasound.so || { rm -f libasound.so && ln -s libasound.so.2.0.0 libasound.so; }; })
libtool: install: /usr/bin/install -c .libs/libasound.lai /usr/lib/libasound.la
libtool: finish: PATH="/bin:/usr/ucb:/usr/bin:/usr/sbin:/sbin:/usr/etc:/etc:/sbin" ldconfig -n /usr/lib
----------------------------------------------------------------------
Libraries have been installed in:
   /usr/lib

If you ever happen to want to link against installed libraries
in a given directory, LIBDIR, you must either use libtool, and
specify the full pathname of the library, or use the `-LLIBDIR'
flag during linking and do at least one of the following:
   - add LIBDIR to the `LD_LIBRARY_PATH' environment variable
     during execution
   - add LIBDIR to the `LD_RUN_PATH' environment variable
     during linking
   - use the `-Wl,-rpath -Wl,LIBDIR' linker flag
   - have your system administrator add LIBDIR to `/etc/ld.so.conf'

See any operating system documentation about shared libraries for
more information, such as the ld(1) and ld.so(8) manual pages.
----------------------------------------------------------------------
make[3]: Nothing to be done for 'install-data-am'.
make[3]: Leaving directory '/sources/7.9/alsa-lib-1.1.0/src'
make[2]: Leaving directory '/sources/7.9/alsa-lib-1.1.0/src'
make[1]: Leaving directory '/sources/7.9/alsa-lib-1.1.0/src'
Making install in modules
make[1]: Entering directory '/sources/7.9/alsa-lib-1.1.0/modules'
Making install in mixer
make[2]: Entering directory '/sources/7.9/alsa-lib-1.1.0/modules/mixer'
Making install in simple
make[3]: Entering directory '/sources/7.9/alsa-lib-1.1.0/modules/mixer/simple'
make[4]: Entering directory '/sources/7.9/alsa-lib-1.1.0/modules/mixer/simple'
 /bin/mkdir -p '/usr/lib/alsa-lib/smixer'
 /bin/sh ../../../libtool   --mode=install /usr/bin/install -c   smixer-sbase.la smixer-ac97.la smixer-hda.la smixer-python.la '/usr/lib/alsa-lib/smixer'
libtool: install: (cd /sources/7.9/alsa-lib-1.1.0/modules/mixer/simple; /bin/sh /sources/7.9/alsa-lib-1.1.0/libtool  --silent --tag CC --mode=relink gcc -g -O2 -W -Wall -g -O2 -module -avoid-version -o smixer-sbase.la -rpath /usr/lib/alsa-lib/smixer sbase.lo ../../../src/libasound.la )
libtool: install: /usr/bin/install -c .libs/smixer-sbase.soT /usr/lib/alsa-lib/smixer/smixer-sbase.so
libtool: install: /usr/bin/install -c .libs/smixer-sbase.lai /usr/lib/alsa-lib/smixer/smixer-sbase.la
libtool: install: (cd /sources/7.9/alsa-lib-1.1.0/modules/mixer/simple; /bin/sh /sources/7.9/alsa-lib-1.1.0/libtool  --silent --tag CC --mode=relink gcc -g -O2 -W -Wall -g -O2 -module -avoid-version -o smixer-ac97.la -rpath /usr/lib/alsa-lib/smixer ac97.lo sbasedl.lo ../../../src/libasound.la -ldl )
libtool: install: /usr/bin/install -c .libs/smixer-ac97.soT /usr/lib/alsa-lib/smixer/smixer-ac97.so
libtool: install: /usr/bin/install -c .libs/smixer-ac97.lai /usr/lib/alsa-lib/smixer/smixer-ac97.la
libtool: install: (cd /sources/7.9/alsa-lib-1.1.0/modules/mixer/simple; /bin/sh /sources/7.9/alsa-lib-1.1.0/libtool  --silent --tag CC --mode=relink gcc -g -O2 -W -Wall -g -O2 -module -avoid-version -o smixer-hda.la -rpath /usr/lib/alsa-lib/smixer hda.lo sbasedl.lo ../../../src/libasound.la -ldl )
libtool: install: /usr/bin/install -c .libs/smixer-hda.soT /usr/lib/alsa-lib/smixer/smixer-hda.so
libtool: install: /usr/bin/install -c .libs/smixer-hda.lai /usr/lib/alsa-lib/smixer/smixer-hda.la
libtool: install: (cd /sources/7.9/alsa-lib-1.1.0/modules/mixer/simple; /bin/sh /sources/7.9/alsa-lib-1.1.0/libtool  --silent --tag CC --mode=relink gcc -I/usr/include/python2.7 -I/usr/include/python2.7 -g -O2 -module -avoid-version -o smixer-python.la -rpath /usr/lib/alsa-lib/smixer smixer_python_la-python.lo ../../../src/libasound.la -lpython2.7 -lpthread -ldl -lutil -lm )
libtool: install: /usr/bin/install -c .libs/smixer-python.soT /usr/lib/alsa-lib/smixer/smixer-python.so
libtool: install: /usr/bin/install -c .libs/smixer-python.lai /usr/lib/alsa-lib/smixer/smixer-python.la
libtool: finish: PATH="/bin:/usr/ucb:/usr/bin:/usr/sbin:/sbin:/usr/etc:/etc:/sbin" ldconfig -n /usr/lib/alsa-lib/smixer
----------------------------------------------------------------------
Libraries have been installed in:
   /usr/lib/alsa-lib/smixer

If you ever happen to want to link against installed libraries
in a given directory, LIBDIR, you must either use libtool, and
specify the full pathname of the library, or use the `-LLIBDIR'
flag during linking and do at least one of the following:
   - add LIBDIR to the `LD_LIBRARY_PATH' environment variable
     during execution
   - add LIBDIR to the `LD_RUN_PATH' environment variable
     during linking
   - use the `-Wl,-rpath -Wl,LIBDIR' linker flag
   - have your system administrator add LIBDIR to `/etc/ld.so.conf'

See any operating system documentation about shared libraries for
more information, such as the ld(1) and ld.so(8) manual pages.
----------------------------------------------------------------------
make[4]: Nothing to be done for 'install-data-am'.
make[4]: Leaving directory '/sources/7.9/alsa-lib-1.1.0/modules/mixer/simple'
make[3]: Leaving directory '/sources/7.9/alsa-lib-1.1.0/modules/mixer/simple'
make[3]: Entering directory '/sources/7.9/alsa-lib-1.1.0/modules/mixer'
make[4]: Entering directory '/sources/7.9/alsa-lib-1.1.0/modules/mixer'
make[4]: Nothing to be done for 'install-exec-am'.
make[4]: Nothing to be done for 'install-data-am'.
make[4]: Leaving directory '/sources/7.9/alsa-lib-1.1.0/modules/mixer'
make[3]: Leaving directory '/sources/7.9/alsa-lib-1.1.0/modules/mixer'
make[2]: Leaving directory '/sources/7.9/alsa-lib-1.1.0/modules/mixer'
make[2]: Entering directory '/sources/7.9/alsa-lib-1.1.0/modules'
make[3]: Entering directory '/sources/7.9/alsa-lib-1.1.0/modules'
make[3]: Nothing to be done for 'install-exec-am'.
make[3]: Nothing to be done for 'install-data-am'.
make[3]: Leaving directory '/sources/7.9/alsa-lib-1.1.0/modules'
make[2]: Leaving directory '/sources/7.9/alsa-lib-1.1.0/modules'
make[1]: Leaving directory '/sources/7.9/alsa-lib-1.1.0/modules'
Making install in aserver
make[1]: Entering directory '/sources/7.9/alsa-lib-1.1.0/aserver'
make[2]: Entering directory '/sources/7.9/alsa-lib-1.1.0/aserver'
 /bin/mkdir -p '/usr/bin'
  /bin/sh ../libtool   --mode=install /usr/bin/install -c aserver '/usr/bin'
libtool: install: /usr/bin/install -c .libs/aserver /usr/bin/aserver
make[2]: Nothing to be done for 'install-data-am'.
make[2]: Leaving directory '/sources/7.9/alsa-lib-1.1.0/aserver'
make[1]: Leaving directory '/sources/7.9/alsa-lib-1.1.0/aserver'
Making install in alsalisp
make[1]: Entering directory '/sources/7.9/alsa-lib-1.1.0/alsalisp'
make[2]: Entering directory '/sources/7.9/alsa-lib-1.1.0/alsalisp'
make[2]: Nothing to be done for 'install-exec-am'.
make[2]: Nothing to be done for 'install-data-am'.
make[2]: Leaving directory '/sources/7.9/alsa-lib-1.1.0/alsalisp'
make[1]: Leaving directory '/sources/7.9/alsa-lib-1.1.0/alsalisp'
Making install in test
make[1]: Entering directory '/sources/7.9/alsa-lib-1.1.0/test'
Making install in .
make[2]: Entering directory '/sources/7.9/alsa-lib-1.1.0/test'
make[3]: Entering directory '/sources/7.9/alsa-lib-1.1.0/test'
make[3]: Nothing to be done for 'install-exec-am'.
make[3]: Nothing to be done for 'install-data-am'.
make[3]: Leaving directory '/sources/7.9/alsa-lib-1.1.0/test'
make[2]: Leaving directory '/sources/7.9/alsa-lib-1.1.0/test'
Making install in lsb
make[2]: Entering directory '/sources/7.9/alsa-lib-1.1.0/test/lsb'
make[3]: Entering directory '/sources/7.9/alsa-lib-1.1.0/test/lsb'
make[3]: Nothing to be done for 'install-exec-am'.
make[3]: Nothing to be done for 'install-data-am'.
make[3]: Leaving directory '/sources/7.9/alsa-lib-1.1.0/test/lsb'
make[2]: Leaving directory '/sources/7.9/alsa-lib-1.1.0/test/lsb'
make[1]: Leaving directory '/sources/7.9/alsa-lib-1.1.0/test'
Making install in utils
make[1]: Entering directory '/sources/7.9/alsa-lib-1.1.0/utils'
make[2]: Entering directory '/sources/7.9/alsa-lib-1.1.0/utils'
make[2]: Nothing to be done for 'install-exec-am'.
 /bin/mkdir -p '/usr/share/aclocal'
 /usr/bin/install -c -m 644 alsa.m4 '/usr/share/aclocal'
 /bin/mkdir -p '/usr/lib/pkgconfig'
 /usr/bin/install -c -m 644 alsa.pc '/usr/lib/pkgconfig'
make[2]: Leaving directory '/sources/7.9/alsa-lib-1.1.0/utils'
make[1]: Leaving directory '/sources/7.9/alsa-lib-1.1.0/utils'
make[1]: Entering directory '/sources/7.9/alsa-lib-1.1.0'
make[2]: Entering directory '/sources/7.9/alsa-lib-1.1.0'
make[2]: Nothing to be done for 'install-exec-am'.
make[2]: Nothing to be done for 'install-data-am'.
make[2]: Leaving directory '/sources/7.9/alsa-lib-1.1.0'
make[1]: Leaving directory '/sources/7.9/alsa-lib-1.1.0'
