checking for a BSD-compatible install... /usr/bin/install -c
checking whether build environment is sane... yes
checking for a thread-safe mkdir -p... /bin/mkdir -p
checking for gawk... gawk
checking whether make sets $(MAKE)... yes
checking whether make supports nested variables... yes
checking whether UID '1000' is supported by ustar format... yes
checking whether GID '1000' is supported by ustar format... yes
checking how to create a ustar tar archive... gnutar
checking whether make supports nested variables... (cached) yes
checking for pkg-config... /usr/bin/pkg-config
checking pkg-config is at least version 0.19... yes
checking for a sed that does not truncate output... /bin/sed
checking for gcc... gcc
checking whether the C compiler works... yes
checking for C compiler default output file name... a.out
checking for suffix of executables... 
checking whether we are cross compiling... no
checking for suffix of object files... o
checking whether we are using the GNU C compiler... yes
checking whether gcc accepts -g... yes
checking for gcc option to accept ISO C89... none needed
checking whether gcc understands -c and -o together... yes
checking for style of include used by make... GNU
checking dependency style of gcc... gcc3
checking whether make sets $(MAKE)... (cached) yes
checking for pkg-config... (cached) /usr/bin/pkg-config
checking pkg-config is at least version 0.16... yes
checking for GLIB - version >= 2.0.0... yes (version 2.46.2)
checking build system type... x86_64-unknown-linux-gnu
checking host system type... x86_64-unknown-linux-gnu
checking how to print strings... printf
checking for a sed that does not truncate output... (cached) /bin/sed
checking for grep that handles long lines and -e... /bin/grep
checking for egrep... /bin/grep -E
checking for fgrep... /bin/grep -F
checking for ld used by gcc... /usr/bin/ld
checking if the linker (/usr/bin/ld) is GNU ld... yes
checking for BSD- or MS-compatible name lister (nm)... /usr/bin/nm -B
checking the name lister (/usr/bin/nm -B) interface... BSD nm
checking whether ln -s works... yes
checking the maximum length of command line arguments... 1572864
checking whether the shell understands some XSI constructs... yes
checking whether the shell understands "+="... yes
checking how to convert x86_64-unknown-linux-gnu file names to x86_64-unknown-linux-gnu format... func_convert_file_noop
checking how to convert x86_64-unknown-linux-gnu file names to toolchain format... func_convert_file_noop
checking for /usr/bin/ld option to reload object files... -r
checking for objdump... objdump
checking how to recognize dependent libraries... pass_all
checking for dlltool... dlltool
checking how to associate runtime and link libraries... printf %s\n
checking for ar... ar
checking for archiver @FILE support... @
checking for strip... strip
checking for ranlib... ranlib
checking command to parse /usr/bin/nm -B output from gcc object... ok
checking for sysroot... no
checking for mt... no
checking if : is a manifest tool... no
checking how to run the C preprocessor... gcc -E
checking for ANSI C header files... yes
checking for sys/types.h... yes
checking for sys/stat.h... yes
checking for stdlib.h... yes
checking for string.h... yes
checking for memory.h... yes
checking for strings.h... yes
checking for inttypes.h... yes
checking for stdint.h... yes
checking for unistd.h... yes
checking for dlfcn.h... yes
checking for objdir... .libs
checking if gcc supports -fno-rtti -fno-exceptions... no
checking for gcc option to produce PIC... -fPIC -DPIC
checking if gcc PIC flag -fPIC -DPIC works... yes
checking if gcc static flag -static works... yes
checking if gcc supports -c -o file.o... yes
checking if gcc supports -c -o file.o... (cached) yes
checking whether the gcc linker (/usr/bin/ld -m elf_x86_64) supports shared libraries... yes
checking whether -lc should be explicitly linked in... no
checking dynamic linker characteristics... GNU/Linux ld.so
checking how to hardcode library paths into programs... immediate
checking whether stripping libraries is possible... yes
checking if libtool supports shared libraries... yes
checking whether to build shared libraries... yes
checking whether to build static libraries... no
checking whether NLS is requested... yes
checking for intltool >= 0.40.0... 0.51.0 found
checking for intltool-update... /usr/bin/intltool-update
checking for intltool-merge... /usr/bin/intltool-merge
checking for intltool-extract... /usr/bin/intltool-extract
checking for xgettext... /usr/bin/xgettext
checking for msgmerge... /usr/bin/msgmerge
checking for msgfmt... /usr/bin/msgfmt
checking for gmsgfmt... /usr/bin/msgfmt
checking for perl... /usr/bin/perl
checking for perl >= 5.8.1... 5.22.1
checking for XML::Parser... ok
checking building gtk3 engine... yes
checking for GTK3_ENGINE... yes
checking for HIGHCONTRAST... yes
checking building gtk2 engine... yes
checking for GTK2_ENGINE... yes
checking for gtk-update-icon-cache... /usr/bin/gtk-update-icon-cache
checking that generated files are newer than configure... done
configure: creating ./config.status
config.status: creating Makefile
config.status: creating themes/Makefile
config.status: creating themes/Adwaita/Makefile
config.status: creating themes/Adwaita/gtk-2.0/Makefile
config.status: creating themes/Adwaita/gtk-3.0/Makefile
config.status: creating themes/HighContrast/Makefile
config.status: creating themes/HighContrast/gtk-2.0/Makefile
config.status: creating themes/HighContrast/gtk-3.0/Makefile
config.status: creating themes/HighContrast/icons/Makefile
config.status: creating po/Makefile.in
config.status: executing depfiles commands
config.status: executing libtool commands
config.status: executing po/stamp-it commands
Making all in themes
make[1]: Entering directory '/sources/7.9/gnome-themes-standard-3.18.0/themes'
Making all in Adwaita
make[2]: Entering directory '/sources/7.9/gnome-themes-standard-3.18.0/themes/Adwaita'
Making all in gtk-3.0
make[3]: Entering directory '/sources/7.9/gnome-themes-standard-3.18.0/themes/Adwaita/gtk-3.0'
make[3]: Nothing to be done for 'all'.
make[3]: Leaving directory '/sources/7.9/gnome-themes-standard-3.18.0/themes/Adwaita/gtk-3.0'
Making all in gtk-2.0
make[3]: Entering directory '/sources/7.9/gnome-themes-standard-3.18.0/themes/Adwaita/gtk-2.0'
  CC       libadwaita_la-adwaita_engine.lo
  CCLD     libadwaita.la
make[3]: Leaving directory '/sources/7.9/gnome-themes-standard-3.18.0/themes/Adwaita/gtk-2.0'
make[3]: Entering directory '/sources/7.9/gnome-themes-standard-3.18.0/themes/Adwaita'
/usr/bin/intltool-merge ../../po index.theme.in index.theme -d -u -c ../../po/.intltool-merge-cache
Generating and caching the translation database
Merging translations into index.theme.
make[3]: Leaving directory '/sources/7.9/gnome-themes-standard-3.18.0/themes/Adwaita'
make[2]: Leaving directory '/sources/7.9/gnome-themes-standard-3.18.0/themes/Adwaita'
Making all in HighContrast
make[2]: Entering directory '/sources/7.9/gnome-themes-standard-3.18.0/themes/HighContrast'
Making all in gtk-3.0
make[3]: Entering directory '/sources/7.9/gnome-themes-standard-3.18.0/themes/HighContrast/gtk-3.0'
make[3]: Nothing to be done for 'all'.
make[3]: Leaving directory '/sources/7.9/gnome-themes-standard-3.18.0/themes/HighContrast/gtk-3.0'
Making all in gtk-2.0
make[3]: Entering directory '/sources/7.9/gnome-themes-standard-3.18.0/themes/HighContrast/gtk-2.0'
make[3]: Nothing to be done for 'all'.
make[3]: Leaving directory '/sources/7.9/gnome-themes-standard-3.18.0/themes/HighContrast/gtk-2.0'
Making all in icons
make[3]: Entering directory '/sources/7.9/gnome-themes-standard-3.18.0/themes/HighContrast/icons'
dirs="`echo ./16x16/actions,./16x16/apps,./16x16/categories,./16x16/devices,./16x16/emblems,./16x16/emotes,./16x16/mimetypes,./16x16/places,./16x16/status,./16x16/stock,./22x22/actions,./22x22/apps,./22x22/categories,./22x22/devices,./22x22/emblems,./22x22/emotes,./22x22/mimetypes,./22x22/places,./22x22/status,./22x22/stock,./24x24/actions,./24x24/apps,./24x24/categories,./24x24/devices,./24x24/emblems,./24x24/emotes,./24x24/mimetypes,./24x24/places,./24x24/status,./24x24/stock,./32x32/actions,./32x32/apps,./32x32/categories,./32x32/devices,./32x32/emblems,./32x32/emotes,./32x32/mimetypes,./32x32/places,./32x32/status,./32x32/stock,./48x48/actions,./48x48/animations,./48x48/apps,./48x48/categories,./48x48/devices,./48x48/emblems,./48x48/emotes,./48x48/mimetypes,./48x48/places,./48x48/status,./48x48/stock,./256x256/actions,./256x256/apps,./256x256/categories,./256x256/devices,./256x256/emblems,./256x256/emotes,./256x256/mimetypes,./256x256/places,./256x256/status,./256x256/stock,./scalable/actions,./scalable/actions-extra,./scalable/apps,./scalable/apps-extra,./scalable/categories,./scalable/devices,./scalable/emblems,./scalable/mimetypes,./scalable/places,./scalable/places-extra,./scalable/status,./scalable/status-extra, | sed -e 's#\./##g'`"; \
sed -e "s|\@THEME_DIRS\@|$dirs|g" < index.theme.in > index.theme; \
echo "" >> index.theme; \
for dir in `echo $dirs | sed -e "s/,/ /g"`; do \
	sizefull="`dirname $dir`"; \
	if test "$sizefull" = "scalable"; then \
		size="16"; \
	else \
		size="`echo $sizefull | sed -e 's/x.*$//g'`"; \
	fi; \
	context="`basename $dir`"; \
	echo "[$dir]" >> index.theme; \
	if test "$context" = "actions"; then \
		echo "Context=Actions" >> index.theme; \
	fi; \
	if test "$context" = "animations"; then \
		echo "Context=Animations" >> index.theme; \
	fi; \
	if test "$context" = "apps"; then \
		echo "Context=Applications" >> index.theme; \
	fi; \
	if test "$context" = "categories"; then \
		echo "Context=Categories" >> index.theme; \
	fi; \
	if test "$context" = "devices"; then \
		echo "Context=Devices" >> index.theme; \
	fi; \
	if test "$context" = "emblems"; then \
		echo "Context=Emblems" >> index.theme; \
	fi; \
	if test "$context" = "emotes"; then \
		echo "Context=Emotes" >> index.theme; \
	fi; \
	if test "$context" = "intl"; then \
		echo "Context=International" >> index.theme; \
	fi; \
	if test "$context" = "mimetypes"; then \
		echo "Context=MimeTypes" >> index.theme; \
	fi; \
	if test "$context" = "places"; then \
		echo "Context=Places" >> index.theme; \
	fi; \
	if test "$context" = "status"; then \
		echo "Context=Status" >> index.theme; \
	fi; \
	if test "$context" = "stock"; then \
		echo "Context=Stock" >> index.theme; \
	fi; \
	echo "Size=$size" >> index.theme; \
	if test "$sizefull" = "scalable"; then \
		echo "MinSize=8" >> index.theme; \
		echo "MaxSize=512" >> index.theme; \
		echo "Type=Scalable" >> index.theme; \
	elif test "$size" = "256"; then \
		echo "MinSize=56" >> index.theme; \
		echo "MaxSize=512" >> index.theme; \
		echo "Type=Scalable" >> index.theme; \
	elif test "$context" = "stock"; then \
		echo "Type=Scalable" >> index.theme; \
	else \
		echo "Type=Fixed" >> index.theme; \
	fi; \
	echo "" >> index.theme; \
done
make[3]: Leaving directory '/sources/7.9/gnome-themes-standard-3.18.0/themes/HighContrast/icons'
make[3]: Entering directory '/sources/7.9/gnome-themes-standard-3.18.0/themes/HighContrast'
  CC       create_highcontrast-create-highcontrast.o
  CCLD     create-highcontrast
/usr/bin/intltool-merge ../../po index.theme.in index.theme -d -u -c ../../po/.intltool-merge-cache
Found cached translation database
Merging translations into index.theme.
make[3]: Leaving directory '/sources/7.9/gnome-themes-standard-3.18.0/themes/HighContrast'
make[2]: Leaving directory '/sources/7.9/gnome-themes-standard-3.18.0/themes/HighContrast'
make[2]: Entering directory '/sources/7.9/gnome-themes-standard-3.18.0/themes'
make[2]: Nothing to be done for 'all-am'.
make[2]: Leaving directory '/sources/7.9/gnome-themes-standard-3.18.0/themes'
make[1]: Leaving directory '/sources/7.9/gnome-themes-standard-3.18.0/themes'
Making all in po
make[1]: Entering directory '/sources/7.9/gnome-themes-standard-3.18.0/po'
  MSGFMT af.gmo
  MSGFMT an.gmo
  MSGFMT ar.gmo
  MSGFMT as.gmo
  MSGFMT be.gmo
  MSGFMT bg.gmo
  MSGFMT bn_IN.gmo
  MSGFMT bs.gmo
  MSGFMT ca.gmo
  MSGFMT ca@valencia.gmo
  MSGFMT cs.gmo
  MSGFMT da.gmo
  MSGFMT de.gmo
  MSGFMT el.gmo
  MSGFMT en_CA.gmo
  MSGFMT en_GB.gmo
  MSGFMT eo.gmo
  MSGFMT es.gmo
  MSGFMT et.gmo
  MSGFMT eu.gmo
  MSGFMT fa.gmo
  MSGFMT fi.gmo
  MSGFMT fr.gmo
  MSGFMT fur.gmo
  MSGFMT fy.gmo
  MSGFMT ga.gmo
  MSGFMT gl.gmo
  MSGFMT gu.gmo
  MSGFMT he.gmo
  MSGFMT hi.gmo
  MSGFMT hu.gmo
  MSGFMT id.gmo
  MSGFMT is.gmo
  MSGFMT it.gmo
  MSGFMT ja.gmo
  MSGFMT kk.gmo
  MSGFMT km.gmo
  MSGFMT kn.gmo
  MSGFMT ko.gmo
  MSGFMT lv.gmo
  MSGFMT lt.gmo
  MSGFMT ml.gmo
  MSGFMT mr.gmo
  MSGFMT nb.gmo
  MSGFMT nl.gmo
  MSGFMT oc.gmo
  MSGFMT or.gmo
  MSGFMT pa.gmo
  MSGFMT pl.gmo
  MSGFMT pt.gmo
  MSGFMT pt_BR.gmo
  MSGFMT ro.gmo
  MSGFMT ru.gmo
  MSGFMT sk.gmo
  MSGFMT sl.gmo
  MSGFMT sr.gmo
  MSGFMT sr@latin.gmo
  MSGFMT sv.gmo
  MSGFMT ta.gmo
  MSGFMT te.gmo
  MSGFMT tg.gmo
  MSGFMT th.gmo
  MSGFMT tr.gmo
  MSGFMT ug.gmo
  MSGFMT uk.gmo
  MSGFMT uz@cyrillic.gmo
  MSGFMT vi.gmo
  MSGFMT zh_CN.gmo
  MSGFMT zh_HK.gmo
  MSGFMT zh_TW.gmo
make[1]: Leaving directory '/sources/7.9/gnome-themes-standard-3.18.0/po'
make[1]: Entering directory '/sources/7.9/gnome-themes-standard-3.18.0'
make[1]: Nothing to be done for 'all-am'.
make[1]: Leaving directory '/sources/7.9/gnome-themes-standard-3.18.0'
Making install in themes
make[1]: Entering directory '/sources/7.9/gnome-themes-standard-3.18.0/themes'
Making install in Adwaita
make[2]: Entering directory '/sources/7.9/gnome-themes-standard-3.18.0/themes/Adwaita'
Making install in gtk-3.0
make[3]: Entering directory '/sources/7.9/gnome-themes-standard-3.18.0/themes/Adwaita/gtk-3.0'
make[4]: Entering directory '/sources/7.9/gnome-themes-standard-3.18.0/themes/Adwaita/gtk-3.0'
make[4]: Nothing to be done for 'install-exec-am'.
 /bin/mkdir -p '/usr/share/themes/Adwaita/gtk-3.0'
 /usr/bin/install -c -m 644 gtk.css '/usr/share/themes/Adwaita/gtk-3.0'
make[4]: Leaving directory '/sources/7.9/gnome-themes-standard-3.18.0/themes/Adwaita/gtk-3.0'
make[3]: Leaving directory '/sources/7.9/gnome-themes-standard-3.18.0/themes/Adwaita/gtk-3.0'
Making install in gtk-2.0
make[3]: Entering directory '/sources/7.9/gnome-themes-standard-3.18.0/themes/Adwaita/gtk-2.0'
make[4]: Entering directory '/sources/7.9/gnome-themes-standard-3.18.0/themes/Adwaita/gtk-2.0'
make[4]: Nothing to be done for 'install-exec-am'.
for dir in "Arrows" "Buttons" "Check-Radio" "Entry" "Expanders" "Handles" "Lines" "Menu-Menubar" "Others" "ProgressBar" "Range" "Scrollbars" "Shadows" "Spin" "Tabs" "Toolbar"; do \
	for file in `cd ./$dir && find . -maxdepth 1 \( -name "*.png" \)`; do \
		/bin/mkdir -p /usr/share/themes/Adwaita/gtk-2.0/$dir; \
		/bin/sh /sources/7.9/gnome-themes-standard-3.18.0/install-sh -c -m 644 ./$dir/$file /usr/share/themes/Adwaita/gtk-2.0/$dir/$file; \
	done; \
done
 /bin/mkdir -p '/usr/lib/gtk-2.0/2.10.0/engines'
 /bin/sh ../../../libtool   --mode=install /usr/bin/install -c   libadwaita.la '/usr/lib/gtk-2.0/2.10.0/engines'
libtool: install: /usr/bin/install -c .libs/libadwaita.so /usr/lib/gtk-2.0/2.10.0/engines/libadwaita.so
libtool: install: /usr/bin/install -c .libs/libadwaita.lai /usr/lib/gtk-2.0/2.10.0/engines/libadwaita.la
libtool: finish: PATH="/bin:/usr/ucb:/usr/bin:/usr/sbin:/sbin:/usr/etc:/etc:/sbin" ldconfig -n /usr/lib/gtk-2.0/2.10.0/engines
----------------------------------------------------------------------
Libraries have been installed in:
   /usr/lib/gtk-2.0/2.10.0/engines

If you ever happen to want to link against installed libraries
in a given directory, LIBDIR, you must either use libtool, and
specify the full pathname of the library, or use the `-LLIBDIR'
flag during linking and do at least one of the following:
   - add LIBDIR to the `LD_LIBRARY_PATH' environment variable
     during execution
   - add LIBDIR to the `LD_RUN_PATH' environment variable
     during linking
   - use the `-Wl,-rpath -Wl,LIBDIR' linker flag
   - have your system administrator add LIBDIR to `/etc/ld.so.conf'

See any operating system documentation about shared libraries for
more information, such as the ld(1) and ld.so(8) manual pages.
----------------------------------------------------------------------
 /bin/mkdir -p '/usr/share/themes/Adwaita/gtk-2.0'
 /usr/bin/install -c -m 644 gtkrc '/usr/share/themes/Adwaita/gtk-2.0'
make[4]: Leaving directory '/sources/7.9/gnome-themes-standard-3.18.0/themes/Adwaita/gtk-2.0'
make[3]: Leaving directory '/sources/7.9/gnome-themes-standard-3.18.0/themes/Adwaita/gtk-2.0'
make[3]: Entering directory '/sources/7.9/gnome-themes-standard-3.18.0/themes/Adwaita'
make[4]: Entering directory '/sources/7.9/gnome-themes-standard-3.18.0/themes/Adwaita'
make[4]: Nothing to be done for 'install-exec-am'.
 /bin/mkdir -p '/usr/share/themes/Adwaita'
 /usr/bin/install -c -m 644 index.theme '/usr/share/themes/Adwaita'
make[4]: Leaving directory '/sources/7.9/gnome-themes-standard-3.18.0/themes/Adwaita'
make[3]: Leaving directory '/sources/7.9/gnome-themes-standard-3.18.0/themes/Adwaita'
make[2]: Leaving directory '/sources/7.9/gnome-themes-standard-3.18.0/themes/Adwaita'
Making install in HighContrast
make[2]: Entering directory '/sources/7.9/gnome-themes-standard-3.18.0/themes/HighContrast'
Making install in gtk-3.0
make[3]: Entering directory '/sources/7.9/gnome-themes-standard-3.18.0/themes/HighContrast/gtk-3.0'
make[4]: Entering directory '/sources/7.9/gnome-themes-standard-3.18.0/themes/HighContrast/gtk-3.0'
make[4]: Nothing to be done for 'install-exec-am'.
 /bin/mkdir -p '/usr/share/themes/HighContrast/gtk-3.0'
 /usr/bin/install -c -m 644 gtk.css '/usr/share/themes/HighContrast/gtk-3.0'
make[4]: Leaving directory '/sources/7.9/gnome-themes-standard-3.18.0/themes/HighContrast/gtk-3.0'
make[3]: Leaving directory '/sources/7.9/gnome-themes-standard-3.18.0/themes/HighContrast/gtk-3.0'
Making install in gtk-2.0
make[3]: Entering directory '/sources/7.9/gnome-themes-standard-3.18.0/themes/HighContrast/gtk-2.0'
make[4]: Entering directory '/sources/7.9/gnome-themes-standard-3.18.0/themes/HighContrast/gtk-2.0'
make[4]: Nothing to be done for 'install-exec-am'.
 /bin/mkdir -p '/usr/share/themes/HighContrast/gtk-2.0'
 /usr/bin/install -c -m 644 gtkrc '/usr/share/themes/HighContrast/gtk-2.0'
make[4]: Leaving directory '/sources/7.9/gnome-themes-standard-3.18.0/themes/HighContrast/gtk-2.0'
make[3]: Leaving directory '/sources/7.9/gnome-themes-standard-3.18.0/themes/HighContrast/gtk-2.0'
Making install in icons
make[3]: Entering directory '/sources/7.9/gnome-themes-standard-3.18.0/themes/HighContrast/icons'
make[4]: Entering directory '/sources/7.9/gnome-themes-standard-3.18.0/themes/HighContrast/icons'
make[4]: Nothing to be done for 'install-exec-am'.
for size in "16x16" "22x22" "24x24" "32x32" "48x48" "256x256" "scalable"; do \
	echo -e "Going to copy files for $size"; \
	for file in `cd ./$size && find . \( -name "*.png" -or -name "*.svg" \)`; do \
		context="`dirname $file`"; \
		/bin/mkdir -p /usr/share/icons/HighContrast/$size/$context; \
		/bin/sh /sources/7.9/gnome-themes-standard-3.18.0/install-sh -c -m 644 ./$size/$file /usr/share/icons/HighContrast/$size/$file; \
	done; \
done
Going to copy files for 16x16
Going to copy files for 22x22
Going to copy files for 24x24
Going to copy files for 32x32
Going to copy files for 48x48
Going to copy files for 256x256
Going to copy files for scalable
 /bin/mkdir -p '/usr/share/icons/HighContrast'
 /usr/bin/install -c -m 644 index.theme '/usr/share/icons/HighContrast'
make  install-data-hook
make[5]: Entering directory '/sources/7.9/gnome-themes-standard-3.18.0/themes/HighContrast/icons'
Updating Gtk icon cache.
make[5]: Leaving directory '/sources/7.9/gnome-themes-standard-3.18.0/themes/HighContrast/icons'
make[4]: Leaving directory '/sources/7.9/gnome-themes-standard-3.18.0/themes/HighContrast/icons'
make[3]: Leaving directory '/sources/7.9/gnome-themes-standard-3.18.0/themes/HighContrast/icons'
make[3]: Entering directory '/sources/7.9/gnome-themes-standard-3.18.0/themes/HighContrast'
make[4]: Entering directory '/sources/7.9/gnome-themes-standard-3.18.0/themes/HighContrast'
make[4]: Nothing to be done for 'install-exec-am'.
 /bin/mkdir -p '/usr/share/themes/HighContrast'
 /usr/bin/install -c -m 644 index.theme '/usr/share/themes/HighContrast'
make[4]: Leaving directory '/sources/7.9/gnome-themes-standard-3.18.0/themes/HighContrast'
make[3]: Leaving directory '/sources/7.9/gnome-themes-standard-3.18.0/themes/HighContrast'
make[2]: Leaving directory '/sources/7.9/gnome-themes-standard-3.18.0/themes/HighContrast'
make[2]: Entering directory '/sources/7.9/gnome-themes-standard-3.18.0/themes'
make[3]: Entering directory '/sources/7.9/gnome-themes-standard-3.18.0/themes'
make[3]: Nothing to be done for 'install-exec-am'.
make[3]: Nothing to be done for 'install-data-am'.
make[3]: Leaving directory '/sources/7.9/gnome-themes-standard-3.18.0/themes'
make[2]: Leaving directory '/sources/7.9/gnome-themes-standard-3.18.0/themes'
make[1]: Leaving directory '/sources/7.9/gnome-themes-standard-3.18.0/themes'
Making install in po
make[1]: Entering directory '/sources/7.9/gnome-themes-standard-3.18.0/po'
linguas="af an ar as be bg bn_IN bs ca ca@valencia cs da de el en_CA en_GB eo es et eu fa fi fr fur fy ga gl gu he hi hu id is it ja kk km kn ko lv lt ml mr nb nl oc or pa pl pt pt_BR ro ru sk sl sr sr@latin sv ta te tg th tr ug uk uz@cyrillic vi zh_CN zh_HK zh_TW "; \
for lang in $linguas; do \
  dir=/usr/share/locale/$lang/LC_MESSAGES; \
  /bin/sh /sources/7.9/gnome-themes-standard-3.18.0/install-sh -d $dir; \
  if test -r $lang.gmo; then \
    /usr/bin/install -c -m 644 $lang.gmo $dir/gnome-themes-standard.mo; \
    echo "installing $lang.gmo as $dir/gnome-themes-standard.mo"; \
  else \
    /usr/bin/install -c -m 644 ./$lang.gmo $dir/gnome-themes-standard.mo; \
    echo "installing ./$lang.gmo as" \
	 "$dir/gnome-themes-standard.mo"; \
  fi; \
  if test -r $lang.gmo.m; then \
    /usr/bin/install -c -m 644 $lang.gmo.m $dir/gnome-themes-standard.mo.m; \
    echo "installing $lang.gmo.m as $dir/gnome-themes-standard.mo.m"; \
  else \
    if test -r ./$lang.gmo.m ; then \
      /usr/bin/install -c -m 644 ./$lang.gmo.m \
	$dir/gnome-themes-standard.mo.m; \
      echo "installing ./$lang.gmo.m as" \
	   "$dir/gnome-themes-standard.mo.m"; \
    else \
      true; \
    fi; \
  fi; \
done
installing af.gmo as /usr/share/locale/af/LC_MESSAGES/gnome-themes-standard.mo
installing an.gmo as /usr/share/locale/an/LC_MESSAGES/gnome-themes-standard.mo
installing ar.gmo as /usr/share/locale/ar/LC_MESSAGES/gnome-themes-standard.mo
installing as.gmo as /usr/share/locale/as/LC_MESSAGES/gnome-themes-standard.mo
installing be.gmo as /usr/share/locale/be/LC_MESSAGES/gnome-themes-standard.mo
installing bg.gmo as /usr/share/locale/bg/LC_MESSAGES/gnome-themes-standard.mo
installing bn_IN.gmo as /usr/share/locale/bn_IN/LC_MESSAGES/gnome-themes-standard.mo
installing bs.gmo as /usr/share/locale/bs/LC_MESSAGES/gnome-themes-standard.mo
installing ca.gmo as /usr/share/locale/ca/LC_MESSAGES/gnome-themes-standard.mo
installing ca@valencia.gmo as /usr/share/locale/ca@valencia/LC_MESSAGES/gnome-themes-standard.mo
installing cs.gmo as /usr/share/locale/cs/LC_MESSAGES/gnome-themes-standard.mo
installing da.gmo as /usr/share/locale/da/LC_MESSAGES/gnome-themes-standard.mo
installing de.gmo as /usr/share/locale/de/LC_MESSAGES/gnome-themes-standard.mo
installing el.gmo as /usr/share/locale/el/LC_MESSAGES/gnome-themes-standard.mo
installing en_CA.gmo as /usr/share/locale/en_CA/LC_MESSAGES/gnome-themes-standard.mo
installing en_GB.gmo as /usr/share/locale/en_GB/LC_MESSAGES/gnome-themes-standard.mo
installing eo.gmo as /usr/share/locale/eo/LC_MESSAGES/gnome-themes-standard.mo
installing es.gmo as /usr/share/locale/es/LC_MESSAGES/gnome-themes-standard.mo
installing et.gmo as /usr/share/locale/et/LC_MESSAGES/gnome-themes-standard.mo
installing eu.gmo as /usr/share/locale/eu/LC_MESSAGES/gnome-themes-standard.mo
installing fa.gmo as /usr/share/locale/fa/LC_MESSAGES/gnome-themes-standard.mo
installing fi.gmo as /usr/share/locale/fi/LC_MESSAGES/gnome-themes-standard.mo
installing fr.gmo as /usr/share/locale/fr/LC_MESSAGES/gnome-themes-standard.mo
installing fur.gmo as /usr/share/locale/fur/LC_MESSAGES/gnome-themes-standard.mo
installing fy.gmo as /usr/share/locale/fy/LC_MESSAGES/gnome-themes-standard.mo
installing ga.gmo as /usr/share/locale/ga/LC_MESSAGES/gnome-themes-standard.mo
installing gl.gmo as /usr/share/locale/gl/LC_MESSAGES/gnome-themes-standard.mo
installing gu.gmo as /usr/share/locale/gu/LC_MESSAGES/gnome-themes-standard.mo
installing he.gmo as /usr/share/locale/he/LC_MESSAGES/gnome-themes-standard.mo
installing hi.gmo as /usr/share/locale/hi/LC_MESSAGES/gnome-themes-standard.mo
installing hu.gmo as /usr/share/locale/hu/LC_MESSAGES/gnome-themes-standard.mo
installing id.gmo as /usr/share/locale/id/LC_MESSAGES/gnome-themes-standard.mo
installing is.gmo as /usr/share/locale/is/LC_MESSAGES/gnome-themes-standard.mo
installing it.gmo as /usr/share/locale/it/LC_MESSAGES/gnome-themes-standard.mo
installing ja.gmo as /usr/share/locale/ja/LC_MESSAGES/gnome-themes-standard.mo
installing kk.gmo as /usr/share/locale/kk/LC_MESSAGES/gnome-themes-standard.mo
installing km.gmo as /usr/share/locale/km/LC_MESSAGES/gnome-themes-standard.mo
installing kn.gmo as /usr/share/locale/kn/LC_MESSAGES/gnome-themes-standard.mo
installing ko.gmo as /usr/share/locale/ko/LC_MESSAGES/gnome-themes-standard.mo
installing lv.gmo as /usr/share/locale/lv/LC_MESSAGES/gnome-themes-standard.mo
installing lt.gmo as /usr/share/locale/lt/LC_MESSAGES/gnome-themes-standard.mo
installing ml.gmo as /usr/share/locale/ml/LC_MESSAGES/gnome-themes-standard.mo
installing mr.gmo as /usr/share/locale/mr/LC_MESSAGES/gnome-themes-standard.mo
installing nb.gmo as /usr/share/locale/nb/LC_MESSAGES/gnome-themes-standard.mo
installing nl.gmo as /usr/share/locale/nl/LC_MESSAGES/gnome-themes-standard.mo
installing oc.gmo as /usr/share/locale/oc/LC_MESSAGES/gnome-themes-standard.mo
installing or.gmo as /usr/share/locale/or/LC_MESSAGES/gnome-themes-standard.mo
installing pa.gmo as /usr/share/locale/pa/LC_MESSAGES/gnome-themes-standard.mo
installing pl.gmo as /usr/share/locale/pl/LC_MESSAGES/gnome-themes-standard.mo
installing pt.gmo as /usr/share/locale/pt/LC_MESSAGES/gnome-themes-standard.mo
installing pt_BR.gmo as /usr/share/locale/pt_BR/LC_MESSAGES/gnome-themes-standard.mo
installing ro.gmo as /usr/share/locale/ro/LC_MESSAGES/gnome-themes-standard.mo
installing ru.gmo as /usr/share/locale/ru/LC_MESSAGES/gnome-themes-standard.mo
installing sk.gmo as /usr/share/locale/sk/LC_MESSAGES/gnome-themes-standard.mo
installing sl.gmo as /usr/share/locale/sl/LC_MESSAGES/gnome-themes-standard.mo
installing sr.gmo as /usr/share/locale/sr/LC_MESSAGES/gnome-themes-standard.mo
installing sr@latin.gmo as /usr/share/locale/sr@latin/LC_MESSAGES/gnome-themes-standard.mo
installing sv.gmo as /usr/share/locale/sv/LC_MESSAGES/gnome-themes-standard.mo
installing ta.gmo as /usr/share/locale/ta/LC_MESSAGES/gnome-themes-standard.mo
installing te.gmo as /usr/share/locale/te/LC_MESSAGES/gnome-themes-standard.mo
installing tg.gmo as /usr/share/locale/tg/LC_MESSAGES/gnome-themes-standard.mo
installing th.gmo as /usr/share/locale/th/LC_MESSAGES/gnome-themes-standard.mo
installing tr.gmo as /usr/share/locale/tr/LC_MESSAGES/gnome-themes-standard.mo
installing ug.gmo as /usr/share/locale/ug/LC_MESSAGES/gnome-themes-standard.mo
installing uk.gmo as /usr/share/locale/uk/LC_MESSAGES/gnome-themes-standard.mo
installing uz@cyrillic.gmo as /usr/share/locale/uz@cyrillic/LC_MESSAGES/gnome-themes-standard.mo
installing vi.gmo as /usr/share/locale/vi/LC_MESSAGES/gnome-themes-standard.mo
installing zh_CN.gmo as /usr/share/locale/zh_CN/LC_MESSAGES/gnome-themes-standard.mo
installing zh_HK.gmo as /usr/share/locale/zh_HK/LC_MESSAGES/gnome-themes-standard.mo
installing zh_TW.gmo as /usr/share/locale/zh_TW/LC_MESSAGES/gnome-themes-standard.mo
make[1]: Leaving directory '/sources/7.9/gnome-themes-standard-3.18.0/po'
make[1]: Entering directory '/sources/7.9/gnome-themes-standard-3.18.0'
make[2]: Entering directory '/sources/7.9/gnome-themes-standard-3.18.0'
make[2]: Nothing to be done for 'install-exec-am'.
make -C po uninstall
make[3]: Entering directory '/sources/7.9/gnome-themes-standard-3.18.0/po'
linguas="af an ar as be bg bn_IN bs ca ca@valencia cs da de el en_CA en_GB eo es et eu fa fi fr fur fy ga gl gu he hi hu id is it ja kk km kn ko lv lt ml mr nb nl oc or pa pl pt pt_BR ro ru sk sl sr sr@latin sv ta te tg th tr ug uk uz@cyrillic vi zh_CN zh_HK zh_TW "; \
for lang in $linguas; do \
  rm -f /usr/share/locale/$lang/LC_MESSAGES/gnome-themes-standard.mo; \
  rm -f /usr/share/locale/$lang/LC_MESSAGES/gnome-themes-standard.mo.m; \
done
make[3]: Leaving directory '/sources/7.9/gnome-themes-standard-3.18.0/po'
make[2]: Leaving directory '/sources/7.9/gnome-themes-standard-3.18.0'
make[1]: Leaving directory '/sources/7.9/gnome-themes-standard-3.18.0'
