checking for ICU version numbers... release 56.1, library 56.1, unicode version 8.0
checking build system type... x86_64-unknown-linux-gnu
checking host system type... x86_64-unknown-linux-gnu
checking whether to build debug libraries... no
checking whether to build release libraries... yes
checking for clang... no
checking for gcc... gcc
checking whether the C compiler works... yes
checking for C compiler default output file name... a.out
checking for suffix of executables... 
checking whether we are cross compiling... no
checking for suffix of object files... o
checking whether we are using the GNU C compiler... yes
checking whether gcc accepts -g... yes
checking for gcc option to accept ISO C89... none needed
checking for clang++... no
checking for g++... g++
checking whether we are using the GNU C++ compiler... yes
checking whether g++ accepts -g... yes
checking for pkg-config... /usr/bin/pkg-config
checking pkg-config is at least version 0.20... yes
checking for ICULEHB... no
checking how to run the C preprocessor... gcc -E
checking for a BSD-compatible install... /usr/bin/install -c
checking for gmake... no
checking for gnumake... no
checking for doxygen... no
checking checking for executable suffix... 
checking whether strict compiling is on... yes
checking for grep that handles long lines and -e... /bin/grep
checking for egrep... /bin/grep -E
checking for ANSI C header files... yes
checking for sys/types.h... yes
checking for sys/stat.h... yes
checking for stdlib.h... yes
checking for string.h... yes
checking for memory.h... yes
checking for strings.h... yes
checking for inttypes.h... yes
checking for stdint.h... yes
checking for unistd.h... yes
checking size of void *... 8
checking whether runnable 64 bit binaries are built by default... yes
checking which Makefile fragment to use for x86_64-unknown-linux-gnu... mh-linux
checking for floor in -lm... yes
checking whether to build shared libraries... yes
checking whether to build static libraries... no
checking whether to enable auto cleanup of libraries... no
checking whether to enable draft APIs... yes
checking for ranlib... ranlib
checking for ar... ar
checking whether to enable renaming of symbols... yes
checking whether to enable function and data tracing... no
checking elf.h usability... yes
checking elf.h presence... yes
checking for elf.h... yes
checking whether to enable dynamic loading of plugins. Ignored if plugins disabled.... yes
checking dlfcn.h usability... yes
checking dlfcn.h presence... yes
checking for dlfcn.h... yes
checking for library containing dlopen... -ldl
checking for dlopen... yes
checking for gettimeofday... yes
checking if we have a C++ compiler... Good
checking if we have a C++11 compiler... yes
configure: Adding CXXFLAGS option --std=c++0x
checking if #include <string> works... yes
checking if #include <atomic> works... yes
checking for pthread_attr_init in -lpthread... yes
checking for mmap... yes
checking for genccode assembly... -a gcc
checking for inttypes.h... (cached) yes
checking dirent.h usability... yes
checking dirent.h presence... yes
checking for dirent.h... yes
checking whether byte ordering is bigendian... no
checking for nl_langinfo... yes
checking for nl_langinfo's argument to obtain the codeset... CODESET
checking for namespace support... yes
checking for properly overriding new and delete... yes
checking for placement new and delete... yes
checking for popen... yes
checking for tzset... yes
checking for tzname... yes
checking for timezone... no
checking for __timezone... yes
checking for int8_t... yes
checking for uint8_t... yes
checking for int16_t... yes
checking for uint16_t... yes
checking for int32_t... yes
checking for uint32_t... yes
checking for int64_t... yes
checking for uint64_t... yes
checking wchar.h usability... yes
checking wchar.h presence... yes
checking for wchar.h... yes
checking for library containing wcscpy... none required
checking size of wchar_t... 4
checking for UTF-16 string literal support... C++ only
checking for a library suffix to use... none
CPPFLAGS= $(THREADSCPPFLAGS)  -DU_HAVE_ELF_H=1 -DU_HAVE_ATOMIC=1 
CFLAGS= -O2 -std=c99 -Wall -pedantic -Wshadow -Wpointer-arith -Wmissing-prototypes -Wwrite-strings $(THREADSCFLAGS) 
CXXFLAGS= -O2 -W -Wall -pedantic -Wpointer-arith -Wwrite-strings -Wno-long-long --std=c++0x $(THREADSCXXFLAGS) 
configure: creating ./config.status
config.status: creating icudefs.mk
config.status: creating Makefile
config.status: creating data/pkgdataMakefile
config.status: creating config/Makefile.inc
config.status: creating config/icu.pc
config.status: creating config/pkgdataMakefile
config.status: creating data/Makefile
config.status: creating stubdata/Makefile
config.status: creating common/Makefile
config.status: creating i18n/Makefile
config.status: creating layout/Makefile
config.status: creating layoutex/Makefile
config.status: creating io/Makefile
config.status: creating extra/Makefile
config.status: creating extra/uconv/Makefile
config.status: creating extra/uconv/pkgdataMakefile
config.status: creating extra/scrptrun/Makefile
config.status: creating tools/Makefile
config.status: creating tools/ctestfw/Makefile
config.status: creating tools/toolutil/Makefile
config.status: creating tools/makeconv/Makefile
config.status: creating tools/genrb/Makefile
config.status: creating tools/genccode/Makefile
config.status: creating tools/gencmn/Makefile
config.status: creating tools/gencnval/Makefile
config.status: creating tools/gendict/Makefile
config.status: creating tools/gentest/Makefile
config.status: creating tools/gennorm2/Makefile
config.status: creating tools/genbrk/Makefile
config.status: creating tools/gensprep/Makefile
config.status: creating tools/icuinfo/Makefile
config.status: creating tools/icupkg/Makefile
config.status: creating tools/icuswap/Makefile
config.status: creating tools/pkgdata/Makefile
config.status: creating tools/tzcode/Makefile
config.status: creating tools/gencfu/Makefile
config.status: creating test/Makefile
config.status: creating test/compat/Makefile
config.status: creating test/testdata/Makefile
config.status: creating test/testdata/pkgdataMakefile
config.status: creating test/hdrtst/Makefile
config.status: creating test/intltest/Makefile
config.status: creating test/cintltst/Makefile
config.status: creating test/iotest/Makefile
config.status: creating test/letest/Makefile
config.status: creating test/perf/Makefile
config.status: creating test/perf/collationperf/Makefile
config.status: creating test/perf/collperf/Makefile
config.status: creating test/perf/collperf2/Makefile
config.status: creating test/perf/dicttrieperf/Makefile
config.status: creating test/perf/ubrkperf/Makefile
config.status: creating test/perf/charperf/Makefile
config.status: creating test/perf/convperf/Makefile
config.status: creating test/perf/normperf/Makefile
config.status: creating test/perf/DateFmtPerf/Makefile
config.status: creating test/perf/howExpensiveIs/Makefile
config.status: creating test/perf/strsrchperf/Makefile
config.status: creating test/perf/unisetperf/Makefile
config.status: creating test/perf/usetperf/Makefile
config.status: creating test/perf/ustrperf/Makefile
config.status: creating test/perf/utfperf/Makefile
config.status: creating test/perf/utrie2perf/Makefile
config.status: creating test/perf/leperf/Makefile
config.status: creating samples/Makefile
config.status: creating samples/date/Makefile
config.status: creating samples/cal/Makefile
config.status: creating samples/layout/Makefile

ICU for C/C++ 56.1 is ready to be built.
=== Important Notes: ===
Data Packaging: library
 This means: ICU data will be linked with ICU. A shared data library will be built. 
 To locate data: ICU will use the linked data library. If linked with the stub library located in stubdata/, the application can use udata_setCommonData() or set a data path to override.
Building ICU: Use a GNU make such as make to build ICU.
checking the version of "make"... 4.1 (we wanted at least 3.80)
ok
C++ apps may want to build with CXXFLAGS =  --std=c++0x
rebuilding config/icucross.mk
rebuilding config/icucross.inc
cd ./config; \
	make -f pkgdataMakefile
make[1]: Entering directory '/sources/7.9/icu-56.1/source/config'
rm -rf pkgdata.inc
make[1]: Leaving directory '/sources/7.9/icu-56.1/source/config'
rm -rf config/icu-config
/usr/bin/install -c ./config/icu-config-top config/icu-config
chmod u+w config/icu-config
LC_ALL=C sed -f ./config/make2sh.sed < ./config/Makefile.inc | grep -v '#M#' | uniq >> config/icu-config
LC_ALL=C sed -f ./config/make2sh.sed < ./config/mh-linux | grep -v '#M#' | uniq >> config/icu-config
cat ./config/icu-config-bottom >> config/icu-config
chmod u-w config/icu-config
config/icu-uc.pc updated.
config/icu-i18n.pc updated.
config/icu-le.pc updated.
config/icu-lx.pc updated.
config/icu-io.pc updated.
Note: rebuild with "make VERBOSE=1 " to show all compiler parameters.
/bin/sh ./mkinstalldirs lib
mkdir lib
/bin/sh ./mkinstalldirs bin
mkdir bin
make[0]: Making `all' in `stubdata'
make[1]: Entering directory '/sources/7.9/icu-56.1/source/stubdata'
   (deps)	 stubdata.c
   gcc	 ...  stubdata.c
gcc -O2 -std=c99 -Wall -pedantic -Wshadow -Wpointer-arith -Wmissing-prototypes -Wwrite-strings    -nodefaultlibs -nostdlib -shared -Wl,-Bsymbolic -Wl,-soname -Wl,libicudata.so.56 -o libicudata.so.56.1 stubdata.o 
rm -f libicudata.so.56 && ln -s libicudata.so.56.1 libicudata.so.56
rm -f libicudata.so && ln -s libicudata.so.56.1 libicudata.so
make[1]: Leaving directory '/sources/7.9/icu-56.1/source/stubdata'
make[0]: Making `all' in `common'
make[1]: Entering directory '/sources/7.9/icu-56.1/source/common'
   (deps)	 pluralmap.cpp
   (deps)	 uloc_keytype.cpp
   (deps)	 unifiedcache.cpp
   (deps)	 simplepatternformatter.cpp
   (deps)	 sharedobject.cpp
   (deps)	 ulistformatter.cpp
   (deps)	 listformatter.cpp
   (deps)	 icuplug.cpp
   (deps)	 icudataver.c
   (deps)	 uloc_tag.c
   (deps)	 ulist.c
   (deps)	 propsvec.c
   (deps)	 ucnvsel.cpp
   (deps)	 dtintrv.cpp
   (deps)	 wintz.c
   (deps)	 cwchar.c
   (deps)	 locbased.cpp
   (deps)	 parsepos.cpp
   (deps)	 util_props.cpp
   (deps)	 util.cpp
   (deps)	 punycode.cpp
   (deps)	 uts46.cpp
   (deps)	 usprep.cpp
   (deps)	 uidna.cpp
   (deps)	 servslkf.cpp
   (deps)	 servrbf.cpp
   (deps)	 servlkf.cpp
   (deps)	 servlk.cpp
   (deps)	 servls.cpp
   (deps)	 servnotf.cpp
   (deps)	 serv.cpp
   (deps)	 rbbitblb.cpp
   (deps)	 rbbistbl.cpp
   (deps)	 rbbisetb.cpp
   (deps)	 rbbiscan.cpp
   (deps)	 rbbirb.cpp
   (deps)	 rbbinode.cpp
   (deps)	 rbbidata.cpp
   (deps)	 rbbi.cpp
   (deps)	 filteredbrk.cpp
   (deps)	 dictbe.cpp
   (deps)	 brkeng.cpp
   (deps)	 ubrk.cpp
   (deps)	 brkiter.cpp
   (deps)	 uarrsort.c
   (deps)	 unifunct.cpp
   (deps)	 unifilt.cpp
   (deps)	 caniter.cpp
   (deps)	 ruleiter.cpp
   (deps)	 usetiter.cpp
   (deps)	 uniset.cpp
   (deps)	 uset.cpp
   (deps)	 uniset_closure.cpp
   (deps)	 uniset_props.cpp
   (deps)	 uset_props.cpp
   (deps)	 unisetspan.cpp
   (deps)	 bmpset.cpp
   (deps)	 utrie2_builder.cpp
   (deps)	 utrie2.cpp
   (deps)	 utrie.cpp
   (deps)	 unames.cpp
   (deps)	 usc_impl.c
   (deps)	 uscript_props.cpp
   (deps)	 uscript.c
   (deps)	 ushape.cpp
   (deps)	 ubidiln.c
   (deps)	 ubidiwrt.c
   (deps)	 ubidi.c
   (deps)	 ubidi_props.c
   (deps)	 propname.cpp
   (deps)	 ucase.cpp
   (deps)	 uprops.cpp
   (deps)	 uchar.c
   (deps)	 patternprops.cpp
   (deps)	 uiter.cpp
   (deps)	 uchriter.cpp
   (deps)	 schriter.cpp
   (deps)	 chariter.cpp
   (deps)	 loadednormalizer2impl.cpp
   (deps)	 unormcmp.cpp
   (deps)	 unorm.cpp
   (deps)	 normlzr.cpp
   (deps)	 filterednormalizer2.cpp
   (deps)	 normalizer2.cpp
   (deps)	 normalizer2impl.cpp
   (deps)	 ustr_titlecase_brkiter.cpp
   (deps)	 unistr_titlecase_brkiter.cpp
   (deps)	 ustrcase_locale.cpp
   (deps)	 unistr_case_locale.cpp
   (deps)	 utext.cpp
   (deps)	 ustr_wcs.cpp
   (deps)	 ustrtrns.cpp
   (deps)	 ustrfmt.c
   (deps)	 cstring.c
   (deps)	 ucasemap_titlecase_brkiter.cpp
   (deps)	 ucasemap.cpp
   (deps)	 ustrcase.cpp
   (deps)	 ustring.cpp
   (deps)	 utf_impl.c
   (deps)	 unistr_props.cpp
   (deps)	 unistr_case.cpp
   (deps)	 unistr.cpp
   (deps)	 unistr_cnv.cpp
   (deps)	 ustr_cnv.cpp
   (deps)	 appendable.cpp
   (deps)	 dictionarydata.cpp
   (deps)	 ucharstrieiterator.cpp
   (deps)	 ucharstriebuilder.cpp
   (deps)	 ucharstrie.cpp
   (deps)	 bytestrieiterator.cpp
   (deps)	 bytestrie.cpp
   (deps)	 bytestriebuilder.cpp
   (deps)	 stringtriebuilder.cpp
   (deps)	 stringpiece.cpp
   (deps)	 bytestream.cpp
   (deps)	 locresdata.cpp
   (deps)	 loclikely.cpp
   (deps)	 locdispnames.cpp
   (deps)	 locavailable.cpp
   (deps)	 locutil.cpp
   (deps)	 locid.cpp
   (deps)	 uloc.cpp
   (deps)	 locmap.c
   (deps)	 ucat.c
   (deps)	 messagepattern.cpp
   (deps)	 resbund_cnv.cpp
   (deps)	 resbund.cpp
   (deps)	 uresdata.c
   (deps)	 ures_cnv.c
   (deps)	 uresbund.cpp
   (deps)	 ucnv_ct.c
   (deps)	 ucnv_set.c
   (deps)	 ucnvdisp.c
   (deps)	 ucnvisci.c
   (deps)	 ucnv_lmb.c
   (deps)	 ucnvhz.c
   (deps)	 ucnv2022.cpp
   (deps)	 ucnvmbcs.cpp
   (deps)	 ucnv_ext.cpp
   (deps)	 ucnvbocu.cpp
   (deps)	 ucnvscsu.c
   (deps)	 ucnv_u32.c
   (deps)	 ucnv_u16.c
   (deps)	 ucnv_u8.c
   (deps)	 ucnv_u7.c
   (deps)	 ucnvlat1.c
   (deps)	 ucnv_err.c
   (deps)	 ucnv_cb.c
   (deps)	 ucnv_io.cpp
   (deps)	 ucnv_cnv.c
   (deps)	 ucnv_bld.cpp
   (deps)	 ucnv.c
   (deps)	 uvectr64.cpp
   (deps)	 uvectr32.cpp
   (deps)	 ustack.cpp
   (deps)	 uvector.cpp
   (deps)	 ustrenum.cpp
   (deps)	 uenum.c
   (deps)	 uhash_us.cpp
   (deps)	 uhash.c
   (deps)	 utrace.c
   (deps)	 ucol_swp.cpp
   (deps)	 udataswp.c
   (deps)	 umapfile.c
   (deps)	 udatamem.c
   (deps)	 ucmndata.c
   (deps)	 udata.cpp
   (deps)	 charstr.cpp
   (deps)	 cmemory.c
   (deps)	 uobject.cpp
   (deps)	 uinit.cpp
   (deps)	 ucln_cmn.cpp
   (deps)	 umutex.cpp
   (deps)	 uinvchar.c
   (deps)	 utypes.c
   (deps)	 umath.c
   (deps)	 putil.cpp
   (deps)	 errorcode.cpp
generating ../common/svchook.mk
cd .. \
 && CONFIG_FILES=common/Makefile CONFIG_HEADERS= /bin/sh ./config.status
config.status: creating common/Makefile
   g++	 ...  errorcode.cpp
   g++	 ...  putil.cpp
   gcc	 ...  umath.c
   gcc	 ...  utypes.c
   gcc	 ...  uinvchar.c
   g++	 ...  umutex.cpp
   g++	 ...  ucln_cmn.cpp
   g++	 ...  uinit.cpp
   g++	 ...  uobject.cpp
   gcc	 ...  cmemory.c
   g++	 ...  charstr.cpp
   g++	 ...  udata.cpp
   gcc	 ...  ucmndata.c
   gcc	 ...  udatamem.c
   gcc	 ...  umapfile.c
   gcc	 ...  udataswp.c
   g++	 ...  ucol_swp.cpp
   gcc	 ...  utrace.c
   gcc	 ...  uhash.c
   g++	 ...  uhash_us.cpp
   gcc	 ...  uenum.c
   g++	 ...  ustrenum.cpp
   g++	 ...  uvector.cpp
   g++	 ...  ustack.cpp
   g++	 ...  uvectr32.cpp
   g++	 ...  uvectr64.cpp
   gcc	 ...  ucnv.c
   g++	 ...  ucnv_bld.cpp
   gcc	 ...  ucnv_cnv.c
   g++	 ...  ucnv_io.cpp
   gcc	 ...  ucnv_cb.c
   gcc	 ...  ucnv_err.c
   gcc	 ...  ucnvlat1.c
   gcc	 ...  ucnv_u7.c
   gcc	 ...  ucnv_u8.c
   gcc	 ...  ucnv_u16.c
   gcc	 ...  ucnv_u32.c
   gcc	 ...  ucnvscsu.c
   g++	 ...  ucnvbocu.cpp
   g++	 ...  ucnv_ext.cpp
   g++	 ...  ucnvmbcs.cpp
   g++	 ...  ucnv2022.cpp
   gcc	 ...  ucnvhz.c
   gcc	 ...  ucnv_lmb.c
   gcc	 ...  ucnvisci.c
   gcc	 ...  ucnvdisp.c
   gcc	 ...  ucnv_set.c
   gcc	 ...  ucnv_ct.c
   g++	 ...  uresbund.cpp
   gcc	 ...  ures_cnv.c
   gcc	 ...  uresdata.c
   g++	 ...  resbund.cpp
   g++	 ...  resbund_cnv.cpp
   g++	 ...  messagepattern.cpp
   gcc	 ...  ucat.c
   gcc	 ...  locmap.c
   g++	 ...  uloc.cpp
   g++	 ...  locid.cpp
   g++	 ...  locutil.cpp
   g++	 ...  locavailable.cpp
   g++	 ...  locdispnames.cpp
   g++	 ...  loclikely.cpp
   g++	 ...  locresdata.cpp
   g++	 ...  bytestream.cpp
   g++	 ...  stringpiece.cpp
   g++	 ...  stringtriebuilder.cpp
   g++	 ...  bytestriebuilder.cpp
   g++	 ...  bytestrie.cpp
   g++	 ...  bytestrieiterator.cpp
   g++	 ...  ucharstrie.cpp
   g++	 ...  ucharstriebuilder.cpp
   g++	 ...  ucharstrieiterator.cpp
   g++	 ...  dictionarydata.cpp
   g++	 ...  appendable.cpp
   g++	 ...  ustr_cnv.cpp
   g++	 ...  unistr_cnv.cpp
   g++	 ...  unistr.cpp
   g++	 ...  unistr_case.cpp
   g++	 ...  unistr_props.cpp
   gcc	 ...  utf_impl.c
   g++	 ...  ustring.cpp
   g++	 ...  ustrcase.cpp
   g++	 ...  ucasemap.cpp
   g++	 ...  ucasemap_titlecase_brkiter.cpp
   gcc	 ...  cstring.c
   gcc	 ...  ustrfmt.c
   g++	 ...  ustrtrns.cpp
   g++	 ...  ustr_wcs.cpp
   g++	 ...  utext.cpp
   g++	 ...  unistr_case_locale.cpp
   g++	 ...  ustrcase_locale.cpp
   g++	 ...  unistr_titlecase_brkiter.cpp
   g++	 ...  ustr_titlecase_brkiter.cpp
   g++	 ...  normalizer2impl.cpp
   g++	 ...  normalizer2.cpp
   g++	 ...  filterednormalizer2.cpp
   g++	 ...  normlzr.cpp
   g++	 ...  unorm.cpp
   g++	 ...  unormcmp.cpp
   g++	 ...  loadednormalizer2impl.cpp
   g++	 ...  chariter.cpp
   g++	 ...  schriter.cpp
   g++	 ...  uchriter.cpp
   g++	 ...  uiter.cpp
   g++	 ...  patternprops.cpp
   gcc	 ...  uchar.c
   g++	 ...  uprops.cpp
   g++	 ...  ucase.cpp
   g++	 ...  propname.cpp
   gcc	 ...  ubidi_props.c
   gcc	 ...  ubidi.c
   gcc	 ...  ubidiwrt.c
   gcc	 ...  ubidiln.c
   g++	 ...  ushape.cpp
   gcc	 ...  uscript.c
   g++	 ...  uscript_props.cpp
   gcc	 ...  usc_impl.c
   g++	 ...  unames.cpp
   g++	 ...  utrie.cpp
   g++	 ...  utrie2.cpp
   g++	 ...  utrie2_builder.cpp
   g++	 ...  bmpset.cpp
   g++	 ...  unisetspan.cpp
   g++	 ...  uset_props.cpp
   g++	 ...  uniset_props.cpp
   g++	 ...  uniset_closure.cpp
   g++	 ...  uset.cpp
   g++	 ...  uniset.cpp
   g++	 ...  usetiter.cpp
   g++	 ...  ruleiter.cpp
   g++	 ...  caniter.cpp
   g++	 ...  unifilt.cpp
   g++	 ...  unifunct.cpp
   gcc	 ...  uarrsort.c
   g++	 ...  brkiter.cpp
   g++	 ...  ubrk.cpp
   g++	 ...  brkeng.cpp
   g++	 ...  dictbe.cpp
   g++	 ...  filteredbrk.cpp
   g++	 ...  rbbi.cpp
   g++	 ...  rbbidata.cpp
   g++	 ...  rbbinode.cpp
   g++	 ...  rbbirb.cpp
   g++	 ...  rbbiscan.cpp
   g++	 ...  rbbisetb.cpp
   g++	 ...  rbbistbl.cpp
   g++	 ...  rbbitblb.cpp
   g++	 ...  serv.cpp
   g++	 ...  servnotf.cpp
   g++	 ...  servls.cpp
   g++	 ...  servlk.cpp
   g++	 ...  servlkf.cpp
   g++	 ...  servrbf.cpp
   g++	 ...  servslkf.cpp
   g++	 ...  uidna.cpp
   g++	 ...  usprep.cpp
   g++	 ...  uts46.cpp
   g++	 ...  punycode.cpp
   g++	 ...  util.cpp
   g++	 ...  util_props.cpp
   g++	 ...  parsepos.cpp
   g++	 ...  locbased.cpp
   gcc	 ...  cwchar.c
   gcc	 ...  wintz.c
   g++	 ...  dtintrv.cpp
   g++	 ...  ucnvsel.cpp
   gcc	 ...  propsvec.c
   gcc	 ...  ulist.c
   gcc	 ...  uloc_tag.c
   gcc	 ...  icudataver.c
   g++	 ...  icuplug.cpp
   g++	 ...  listformatter.cpp
   g++	 ...  ulistformatter.cpp
   g++	 ...  sharedobject.cpp
   g++	 ...  simplepatternformatter.cpp
   g++	 ...  unifiedcache.cpp
   g++	 ...  uloc_keytype.cpp
   g++	 ...  pluralmap.cpp
g++ -O2 -W -Wall -pedantic -Wpointer-arith -Wwrite-strings -Wno-long-long --std=c++0x      -shared -Wl,-Bsymbolic -Wl,-soname -Wl,libicuuc.so.56 -o ../lib/libicuuc.so.56.1 errorcode.o putil.o umath.o utypes.o uinvchar.o umutex.o ucln_cmn.o uinit.o uobject.o cmemory.o charstr.o udata.o ucmndata.o udatamem.o umapfile.o udataswp.o ucol_swp.o utrace.o uhash.o uhash_us.o uenum.o ustrenum.o uvector.o ustack.o uvectr32.o uvectr64.o ucnv.o ucnv_bld.o ucnv_cnv.o ucnv_io.o ucnv_cb.o ucnv_err.o ucnvlat1.o ucnv_u7.o ucnv_u8.o ucnv_u16.o ucnv_u32.o ucnvscsu.o ucnvbocu.o ucnv_ext.o ucnvmbcs.o ucnv2022.o ucnvhz.o ucnv_lmb.o ucnvisci.o ucnvdisp.o ucnv_set.o ucnv_ct.o uresbund.o ures_cnv.o uresdata.o resbund.o resbund_cnv.o messagepattern.o ucat.o locmap.o uloc.o locid.o locutil.o locavailable.o locdispnames.o loclikely.o locresdata.o bytestream.o stringpiece.o stringtriebuilder.o bytestriebuilder.o bytestrie.o bytestrieiterator.o ucharstrie.o ucharstriebuilder.o ucharstrieiterator.o dictionarydata.o appendable.o ustr_cnv.o unistr_cnv.o unistr.o unistr_case.o unistr_props.o utf_impl.o ustring.o ustrcase.o ucasemap.o ucasemap_titlecase_brkiter.o cstring.o ustrfmt.o ustrtrns.o ustr_wcs.o utext.o unistr_case_locale.o ustrcase_locale.o unistr_titlecase_brkiter.o ustr_titlecase_brkiter.o normalizer2impl.o normalizer2.o filterednormalizer2.o normlzr.o unorm.o unormcmp.o loadednormalizer2impl.o chariter.o schriter.o uchriter.o uiter.o patternprops.o uchar.o uprops.o ucase.o propname.o ubidi_props.o ubidi.o ubidiwrt.o ubidiln.o ushape.o uscript.o uscript_props.o usc_impl.o unames.o utrie.o utrie2.o utrie2_builder.o bmpset.o unisetspan.o uset_props.o uniset_props.o uniset_closure.o uset.o uniset.o usetiter.o ruleiter.o caniter.o unifilt.o unifunct.o uarrsort.o brkiter.o ubrk.o brkeng.o dictbe.o filteredbrk.o rbbi.o rbbidata.o rbbinode.o rbbirb.o rbbiscan.o rbbisetb.o rbbistbl.o rbbitblb.o serv.o servnotf.o servls.o servlk.o servlkf.o servrbf.o servslkf.o uidna.o usprep.o uts46.o punycode.o util.o util_props.o parsepos.o locbased.o cwchar.o wintz.o dtintrv.o ucnvsel.o propsvec.o ulist.o uloc_tag.o icudataver.o icuplug.o listformatter.o ulistformatter.o sharedobject.o simplepatternformatter.o unifiedcache.o uloc_keytype.o pluralmap.o -L../lib -L../stubdata -licudata -lpthread -ldl -lm 
rm -f ../lib/libicuuc.so.56 && ln -s libicuuc.so.56.1 ../lib/libicuuc.so.56
rm -f ../lib/libicuuc.so && ln -s libicuuc.so.56.1 ../lib/libicuuc.so
make[1]: Leaving directory '/sources/7.9/icu-56.1/source/common'
make[0]: Making `all' in `i18n'
make[1]: Entering directory '/sources/7.9/icu-56.1/source/i18n'
   (deps)	 visibledigits.cpp
   (deps)	 decimfmtimpl.cpp
   (deps)	 smallintformatter.cpp
   (deps)	 affixpatternparser.cpp
   (deps)	 precision.cpp
   (deps)	 pluralaffix.cpp
   (deps)	 digitaffixesandpadding.cpp
   (deps)	 valueformatter.cpp
   (deps)	 digitaffix.cpp
   (deps)	 digitformatter.cpp
   (deps)	 digitinterval.cpp
   (deps)	 digitgrouping.cpp
   (deps)	 scientificnumberformatter.cpp
   (deps)	 sharedbreakiterator.cpp
   (deps)	 measunit.cpp
   (deps)	 quantityformatter.cpp
   (deps)	 reldatefmt.cpp
   (deps)	 uregion.cpp
   (deps)	 identifier_info.cpp
   (deps)	 scriptset.cpp
   (deps)	 region.cpp
   (deps)	 gender.cpp
   (deps)	 compactdecimalformat.cpp
   (deps)	 tzfmt.cpp
   (deps)	 tzgnames.cpp
   (deps)	 tznames_impl.cpp
   (deps)	 tznames.cpp
   (deps)	 alphaindex.cpp
   (deps)	 decContext.c
   (deps)	 decNumber.c
   (deps)	 locdspnm.cpp
   (deps)	 ufieldpositer.cpp
   (deps)	 fpositer.cpp
   (deps)	 fphdlimp.cpp
   (deps)	 vzone.cpp
   (deps)	 zrule.cpp
   (deps)	 ztrans.cpp
   (deps)	 smpdtfst.cpp
   (deps)	 decfmtst.cpp
   (deps)	 uspoof_wsconf.cpp
   (deps)	 uspoof_conf.cpp
   (deps)	 uspoof_build.cpp
   (deps)	 uspoof_impl.cpp
   (deps)	 uspoof.cpp
   (deps)	 currpinf.cpp
   (deps)	 tmutfmt.cpp
   (deps)	 tmutamt.cpp
   (deps)	 tmunit.cpp
   (deps)	 udateintervalformat.cpp
   (deps)	 dtitvinf.cpp
   (deps)	 dtitvfmt.cpp
   (deps)	 selfmt.cpp
   (deps)	 plurfmt.cpp
   (deps)	 plurrule.cpp
   (deps)	 upluralrules.cpp
   (deps)	 zonemeta.cpp
   (deps)	 vtzone.cpp
   (deps)	 tztrans.cpp
   (deps)	 tzrule.cpp
   (deps)	 rbtz.cpp
   (deps)	 dtrule.cpp
   (deps)	 basictz.cpp
   (deps)	 winnmfmt.cpp
   (deps)	 windtfmt.cpp
   (deps)	 wintzimpl.cpp
   (deps)	 inputext.cpp
   (deps)	 csrutf8.cpp
   (deps)	 csrucode.cpp
   (deps)	 csrsbcs.cpp
   (deps)	 csrmbcs.cpp
   (deps)	 csrecog.cpp
   (deps)	 csr2022.cpp
   (deps)	 csmatch.cpp
   (deps)	 csdetect.cpp
   (deps)	 utmscale.c
   (deps)	 measure.cpp
   (deps)	 currunit.cpp
   (deps)	 curramt.cpp
   (deps)	 currfmt.cpp
   (deps)	 measfmt.cpp
   (deps)	 ulocdata.c
   (deps)	 uregexc.cpp
   (deps)	 uregex.cpp
   (deps)	 regeximp.cpp
   (deps)	 regextxt.cpp
   (deps)	 regexst.cpp
   (deps)	 repattrn.cpp
   (deps)	 rematch.cpp
   (deps)	 regexcmp.cpp
   (deps)	 brktrans.cpp
   (deps)	 transreg.cpp
   (deps)	 quant.cpp
   (deps)	 nortrans.cpp
   (deps)	 uni2name.cpp
   (deps)	 name2uni.cpp
   (deps)	 anytrans.cpp
   (deps)	 toupptrn.cpp
   (deps)	 tolowtrn.cpp
   (deps)	 titletrn.cpp
   (deps)	 casetrn.cpp
   (deps)	 remtrans.cpp
   (deps)	 nultrans.cpp
   (deps)	 rbt_set.cpp
   (deps)	 rbt_rule.cpp
   (deps)	 rbt_pars.cpp
   (deps)	 rbt_data.cpp
   (deps)	 rbt.cpp
   (deps)	 cpdtrans.cpp
   (deps)	 tridpars.cpp
   (deps)	 strrepl.cpp
   (deps)	 funcrepl.cpp
   (deps)	 unesctrn.cpp
   (deps)	 esctrn.cpp
   (deps)	 utrans.cpp
   (deps)	 translit.cpp
   (deps)	 stsearch.cpp
   (deps)	 search.cpp
   (deps)	 usearch.cpp
   (deps)	 strmatch.cpp
   (deps)	 collationfastlatinbuilder.cpp
   (deps)	 collationbuilder.cpp
   (deps)	 collationruleparser.cpp
   (deps)	 collationweights.cpp
   (deps)	 collationdatabuilder.cpp
   (deps)	 collationrootelements.cpp
   (deps)	 collationroot.cpp
   (deps)	 rulebasedcollator.cpp
   (deps)	 collationkeys.cpp
   (deps)	 collationfastlatin.cpp
   (deps)	 collationcompare.cpp
   (deps)	 collationsets.cpp
   (deps)	 uitercollationiterator.cpp
   (deps)	 utf8collationiterator.cpp
   (deps)	 utf16collationiterator.cpp
   (deps)	 collationiterator.cpp
   (deps)	 collationfcd.cpp
   (deps)	 collationdatawriter.cpp
   (deps)	 collationdatareader.cpp
   (deps)	 collationtailoring.cpp
   (deps)	 collationdata.cpp
   (deps)	 collationsettings.cpp
   (deps)	 collation.cpp
   (deps)	 ucol_sit.cpp
   (deps)	 ucol_res.cpp
   (deps)	 ucol.cpp
   (deps)	 ucoleitr.cpp
   (deps)	 bocsu.cpp
   (deps)	 sortkey.cpp
   (deps)	 coll.cpp
   (deps)	 coleitr.cpp
   (deps)	 ethpccal.cpp
   (deps)	 dangical.cpp
   (deps)	 coptccal.cpp
   (deps)	 cecal.cpp
   (deps)	 chnsecal.cpp
   (deps)	 indiancal.cpp
   (deps)	 hebrwcal.cpp
   (deps)	 gregoimp.cpp
   (deps)	 japancal.cpp
   (deps)	 islamcal.cpp
   (deps)	 persncal.cpp
   (deps)	 buddhcal.cpp
   (deps)	 taiwncal.cpp
   (deps)	 astro.cpp
   (deps)	 olsontz.cpp
   (deps)	 simpletz.cpp
   (deps)	 timezone.cpp
   (deps)	 gregocal.cpp
   (deps)	 calendar.cpp
   (deps)	 ucal.cpp
   (deps)	 ucsdet.cpp
   (deps)	 unumsys.cpp
   (deps)	 numsys.cpp
   (deps)	 rbnf.cpp
   (deps)	 nfsubs.cpp
   (deps)	 nfrule.cpp
   (deps)	 nfrs.cpp
   (deps)	 udatpg.cpp
   (deps)	 dtptngen.cpp
   (deps)	 udat.cpp
   (deps)	 dtfmtsym.cpp
   (deps)	 reldtfmt.cpp
   (deps)	 smpdtfmt.cpp
   (deps)	 datefmt.cpp
   (deps)	 choicfmt.cpp
   (deps)	 fmtable_cnv.cpp
   (deps)	 digitlst.cpp
   (deps)	 ucurr.cpp
   (deps)	 dcfmtsym.cpp
   (deps)	 decimalformatpattern.cpp
   (deps)	 decimfmt.cpp
   (deps)	 unum.cpp
   (deps)	 numfmt.cpp
   (deps)	 umsg.cpp
   (deps)	 msgfmt.cpp
   (deps)	 format.cpp
   (deps)	 fmtable.cpp
   (deps)	 ucln_in.cpp
   g++	 ...  ucln_in.cpp
   g++	 ...  fmtable.cpp
   g++	 ...  format.cpp
   g++	 ...  msgfmt.cpp
   g++	 ...  umsg.cpp
   g++	 ...  numfmt.cpp
   g++	 ...  unum.cpp
   g++	 ...  decimfmt.cpp
   g++	 ...  decimalformatpattern.cpp
   g++	 ...  dcfmtsym.cpp
   g++	 ...  ucurr.cpp
   g++	 ...  digitlst.cpp
   g++	 ...  fmtable_cnv.cpp
   g++	 ...  choicfmt.cpp
   g++	 ...  datefmt.cpp
   g++	 ...  smpdtfmt.cpp
   g++	 ...  reldtfmt.cpp
   g++	 ...  dtfmtsym.cpp
   g++	 ...  udat.cpp
   g++	 ...  dtptngen.cpp
   g++	 ...  udatpg.cpp
   g++	 ...  nfrs.cpp
   g++	 ...  nfrule.cpp
   g++	 ...  nfsubs.cpp
   g++	 ...  rbnf.cpp
   g++	 ...  numsys.cpp
   g++	 ...  unumsys.cpp
   g++	 ...  ucsdet.cpp
   g++	 ...  ucal.cpp
   g++	 ...  calendar.cpp
   g++	 ...  gregocal.cpp
   g++	 ...  timezone.cpp
   g++	 ...  simpletz.cpp
   g++	 ...  olsontz.cpp
   g++	 ...  astro.cpp
   g++	 ...  taiwncal.cpp
   g++	 ...  buddhcal.cpp
   g++	 ...  persncal.cpp
   g++	 ...  islamcal.cpp
   g++	 ...  japancal.cpp
   g++	 ...  gregoimp.cpp
   g++	 ...  hebrwcal.cpp
   g++	 ...  indiancal.cpp
   g++	 ...  chnsecal.cpp
   g++	 ...  cecal.cpp
   g++	 ...  coptccal.cpp
   g++	 ...  dangical.cpp
   g++	 ...  ethpccal.cpp
   g++	 ...  coleitr.cpp
   g++	 ...  coll.cpp
   g++	 ...  sortkey.cpp
   g++	 ...  bocsu.cpp
   g++	 ...  ucoleitr.cpp
   g++	 ...  ucol.cpp
   g++	 ...  ucol_res.cpp
   g++	 ...  ucol_sit.cpp
   g++	 ...  collation.cpp
   g++	 ...  collationsettings.cpp
   g++	 ...  collationdata.cpp
   g++	 ...  collationtailoring.cpp
   g++	 ...  collationdatareader.cpp
   g++	 ...  collationdatawriter.cpp
   g++	 ...  collationfcd.cpp
   g++	 ...  collationiterator.cpp
   g++	 ...  utf16collationiterator.cpp
   g++	 ...  utf8collationiterator.cpp
   g++	 ...  uitercollationiterator.cpp
   g++	 ...  collationsets.cpp
   g++	 ...  collationcompare.cpp
   g++	 ...  collationfastlatin.cpp
   g++	 ...  collationkeys.cpp
   g++	 ...  rulebasedcollator.cpp
   g++	 ...  collationroot.cpp
   g++	 ...  collationrootelements.cpp
   g++	 ...  collationdatabuilder.cpp
   g++	 ...  collationweights.cpp
   g++	 ...  collationruleparser.cpp
   g++	 ...  collationbuilder.cpp
   g++	 ...  collationfastlatinbuilder.cpp
   g++	 ...  strmatch.cpp
   g++	 ...  usearch.cpp
   g++	 ...  search.cpp
   g++	 ...  stsearch.cpp
   g++	 ...  translit.cpp
   g++	 ...  utrans.cpp
   g++	 ...  esctrn.cpp
   g++	 ...  unesctrn.cpp
   g++	 ...  funcrepl.cpp
   g++	 ...  strrepl.cpp
   g++	 ...  tridpars.cpp
   g++	 ...  cpdtrans.cpp
   g++	 ...  rbt.cpp
   g++	 ...  rbt_data.cpp
   g++	 ...  rbt_pars.cpp
   g++	 ...  rbt_rule.cpp
   g++	 ...  rbt_set.cpp
   g++	 ...  nultrans.cpp
   g++	 ...  remtrans.cpp
   g++	 ...  casetrn.cpp
   g++	 ...  titletrn.cpp
   g++	 ...  tolowtrn.cpp
   g++	 ...  toupptrn.cpp
   g++	 ...  anytrans.cpp
   g++	 ...  name2uni.cpp
   g++	 ...  uni2name.cpp
   g++	 ...  nortrans.cpp
   g++	 ...  quant.cpp
   g++	 ...  transreg.cpp
   g++	 ...  brktrans.cpp
   g++	 ...  regexcmp.cpp
   g++	 ...  rematch.cpp
   g++	 ...  repattrn.cpp
   g++	 ...  regexst.cpp
   g++	 ...  regextxt.cpp
   g++	 ...  regeximp.cpp
   g++	 ...  uregex.cpp
   g++	 ...  uregexc.cpp
   gcc	 ...  ulocdata.c
   g++	 ...  measfmt.cpp
   g++	 ...  currfmt.cpp
   g++	 ...  curramt.cpp
   g++	 ...  currunit.cpp
   g++	 ...  measure.cpp
   gcc	 ...  utmscale.c
   g++	 ...  csdetect.cpp
   g++	 ...  csmatch.cpp
   g++	 ...  csr2022.cpp
   g++	 ...  csrecog.cpp
   g++	 ...  csrmbcs.cpp
   g++	 ...  csrsbcs.cpp
   g++	 ...  csrucode.cpp
   g++	 ...  csrutf8.cpp
   g++	 ...  inputext.cpp
   g++	 ...  wintzimpl.cpp
   g++	 ...  windtfmt.cpp
   g++	 ...  winnmfmt.cpp
   g++	 ...  basictz.cpp
   g++	 ...  dtrule.cpp
   g++	 ...  rbtz.cpp
   g++	 ...  tzrule.cpp
   g++	 ...  tztrans.cpp
   g++	 ...  vtzone.cpp
   g++	 ...  zonemeta.cpp
   g++	 ...  upluralrules.cpp
   g++	 ...  plurrule.cpp
   g++	 ...  plurfmt.cpp
   g++	 ...  selfmt.cpp
   g++	 ...  dtitvfmt.cpp
   g++	 ...  dtitvinf.cpp
   g++	 ...  udateintervalformat.cpp
   g++	 ...  tmunit.cpp
   g++	 ...  tmutamt.cpp
   g++	 ...  tmutfmt.cpp
   g++	 ...  currpinf.cpp
   g++	 ...  uspoof.cpp
   g++	 ...  uspoof_impl.cpp
   g++	 ...  uspoof_build.cpp
   g++	 ...  uspoof_conf.cpp
   g++	 ...  uspoof_wsconf.cpp
   g++	 ...  decfmtst.cpp
   g++	 ...  smpdtfst.cpp
   g++	 ...  ztrans.cpp
   g++	 ...  zrule.cpp
   g++	 ...  vzone.cpp
   g++	 ...  fphdlimp.cpp
   g++	 ...  fpositer.cpp
   g++	 ...  ufieldpositer.cpp
   g++	 ...  locdspnm.cpp
   gcc	 ...  decNumber.c
   gcc	 ...  decContext.c
   g++	 ...  alphaindex.cpp
   g++	 ...  tznames.cpp
   g++	 ...  tznames_impl.cpp
   g++	 ...  tzgnames.cpp
   g++	 ...  tzfmt.cpp
   g++	 ...  compactdecimalformat.cpp
   g++	 ...  gender.cpp
   g++	 ...  region.cpp
   g++	 ...  scriptset.cpp
   g++	 ...  identifier_info.cpp
   g++	 ...  uregion.cpp
   g++	 ...  reldatefmt.cpp
   g++	 ...  quantityformatter.cpp
   g++	 ...  measunit.cpp
   g++	 ...  sharedbreakiterator.cpp
   g++	 ...  scientificnumberformatter.cpp
   g++	 ...  digitgrouping.cpp
   g++	 ...  digitinterval.cpp
   g++	 ...  digitformatter.cpp
   g++	 ...  digitaffix.cpp
   g++	 ...  valueformatter.cpp
   g++	 ...  digitaffixesandpadding.cpp
   g++	 ...  pluralaffix.cpp
   g++	 ...  precision.cpp
   g++	 ...  affixpatternparser.cpp
   g++	 ...  smallintformatter.cpp
   g++	 ...  decimfmtimpl.cpp
   g++	 ...  visibledigits.cpp
g++ -O2 -W -Wall -pedantic -Wpointer-arith -Wwrite-strings -Wno-long-long --std=c++0x      -shared -Wl,-Bsymbolic -Wl,-soname -Wl,libicui18n.so.56 -o ../lib/libicui18n.so.56.1 ucln_in.o fmtable.o format.o msgfmt.o umsg.o numfmt.o unum.o decimfmt.o decimalformatpattern.o dcfmtsym.o ucurr.o digitlst.o fmtable_cnv.o choicfmt.o datefmt.o smpdtfmt.o reldtfmt.o dtfmtsym.o udat.o dtptngen.o udatpg.o nfrs.o nfrule.o nfsubs.o rbnf.o numsys.o unumsys.o ucsdet.o ucal.o calendar.o gregocal.o timezone.o simpletz.o olsontz.o astro.o taiwncal.o buddhcal.o persncal.o islamcal.o japancal.o gregoimp.o hebrwcal.o indiancal.o chnsecal.o cecal.o coptccal.o dangical.o ethpccal.o coleitr.o coll.o sortkey.o bocsu.o ucoleitr.o ucol.o ucol_res.o ucol_sit.o collation.o collationsettings.o collationdata.o collationtailoring.o collationdatareader.o collationdatawriter.o collationfcd.o collationiterator.o utf16collationiterator.o utf8collationiterator.o uitercollationiterator.o collationsets.o collationcompare.o collationfastlatin.o collationkeys.o rulebasedcollator.o collationroot.o collationrootelements.o collationdatabuilder.o collationweights.o collationruleparser.o collationbuilder.o collationfastlatinbuilder.o strmatch.o usearch.o search.o stsearch.o translit.o utrans.o esctrn.o unesctrn.o funcrepl.o strrepl.o tridpars.o cpdtrans.o rbt.o rbt_data.o rbt_pars.o rbt_rule.o rbt_set.o nultrans.o remtrans.o casetrn.o titletrn.o tolowtrn.o toupptrn.o anytrans.o name2uni.o uni2name.o nortrans.o quant.o transreg.o brktrans.o regexcmp.o rematch.o repattrn.o regexst.o regextxt.o regeximp.o uregex.o uregexc.o ulocdata.o measfmt.o currfmt.o curramt.o currunit.o measure.o utmscale.o csdetect.o csmatch.o csr2022.o csrecog.o csrmbcs.o csrsbcs.o csrucode.o csrutf8.o inputext.o wintzimpl.o windtfmt.o winnmfmt.o basictz.o dtrule.o rbtz.o tzrule.o tztrans.o vtzone.o zonemeta.o upluralrules.o plurrule.o plurfmt.o selfmt.o dtitvfmt.o dtitvinf.o udateintervalformat.o tmunit.o tmutamt.o tmutfmt.o currpinf.o uspoof.o uspoof_impl.o uspoof_build.o uspoof_conf.o uspoof_wsconf.o decfmtst.o smpdtfst.o ztrans.o zrule.o vzone.o fphdlimp.o fpositer.o ufieldpositer.o locdspnm.o decNumber.o decContext.o alphaindex.o tznames.o tznames_impl.o tzgnames.o tzfmt.o compactdecimalformat.o gender.o region.o scriptset.o identifier_info.o uregion.o reldatefmt.o quantityformatter.o measunit.o sharedbreakiterator.o scientificnumberformatter.o digitgrouping.o digitinterval.o digitformatter.o digitaffix.o valueformatter.o digitaffixesandpadding.o pluralaffix.o precision.o affixpatternparser.o smallintformatter.o decimfmtimpl.o visibledigits.o -L../lib -licuuc -L../stubdata -licudata -lpthread -ldl -lm 
rm -f ../lib/libicui18n.so.56 && ln -s libicui18n.so.56.1 ../lib/libicui18n.so.56
rm -f ../lib/libicui18n.so && ln -s libicui18n.so.56.1 ../lib/libicui18n.so
make[1]: Leaving directory '/sources/7.9/icu-56.1/source/i18n'
make[0]: Making `all' in `layout'
make[1]: Entering directory '/sources/7.9/icu-56.1/source/layout'
   (deps)	 TrimmedArrayProcessor2.cpp
   (deps)	 SubtableProcessor2.cpp
   (deps)	 StateTableProcessor2.cpp
   (deps)	 SingleTableProcessor2.cpp
   (deps)	 SimpleArrayProcessor2.cpp
   (deps)	 SegmentSingleProcessor2.cpp
   (deps)	 SegmentArrayProcessor2.cpp
   (deps)	 NonContextualGlyphSubstProc2.cpp
   (deps)	 MorphTables2.cpp
   (deps)	 LigatureSubstProc2.cpp
   (deps)	 IndicRearrangementProcessor2.cpp
   (deps)	 GXLayoutEngine2.cpp
   (deps)	 ContextualGlyphSubstProc2.cpp
   (deps)	 ContextualGlyphInsertionProc2.cpp
   (deps)	 loengine.cpp
   (deps)	 KernTable.cpp
   (deps)	 HangulLayoutEngine.cpp
   (deps)	 TibetanReordering.cpp
   (deps)	 TibetanLayoutEngine.cpp
   (deps)	 KhmerReordering.cpp
   (deps)	 KhmerLayoutEngine.cpp
   (deps)	 ValueRecords.cpp
   (deps)	 SubstitutionLookups.cpp
   (deps)	 SingleSubstitutionSubtables.cpp
   (deps)	 SinglePositioningSubtables.cpp
   (deps)	 ShapingTypeData.cpp
   (deps)	 ScriptAndLanguageTags.cpp
   (deps)	 ScriptAndLanguage.cpp
   (deps)	 PairPositioningSubtables.cpp
   (deps)	 OpenTypeUtilities.cpp
   (deps)	 MultipleSubstSubtables.cpp
   (deps)	 MPreFixups.cpp
   (deps)	 MirroredCharData.cpp
   (deps)	 MarkToMarkPosnSubtables.cpp
   (deps)	 MarkToLigaturePosnSubtables.cpp
   (deps)	 MarkToBasePosnSubtables.cpp
   (deps)	 MarkArrays.cpp
   (deps)	 Lookups.cpp
   (deps)	 LookupProcessor.cpp
   (deps)	 LigatureSubstSubtables.cpp
   (deps)	 LEGlyphStorage.cpp
   (deps)	 LEInsertionList.cpp
   (deps)	 IndicReordering.cpp
   (deps)	 IndicClassTables.cpp
   (deps)	 GlyphSubstitutionTables.cpp
   (deps)	 GlyphSubstLookupProc.cpp
   (deps)	 GlyphPositioningTables.cpp
   (deps)	 GlyphPositionAdjustments.cpp
   (deps)	 GlyphPosnLookupProc.cpp
   (deps)	 GlyphLookupTables.cpp
   (deps)	 GlyphIterator.cpp
   (deps)	 GlyphDefinitionTables.cpp
   (deps)	 GDEFMarkFilter.cpp
   (deps)	 Features.cpp
   (deps)	 ExtensionSubtables.cpp
   (deps)	 DeviceTables.cpp
   (deps)	 CursiveAttachmentSubtables.cpp
   (deps)	 CoverageTables.cpp
   (deps)	 ContextualSubstSubtables.cpp
   (deps)	 ClassDefinitionTables.cpp
   (deps)	 CanonShaping.cpp
   (deps)	 CanonData.cpp
   (deps)	 ArabicShaping.cpp
   (deps)	 AnchorTables.cpp
   (deps)	 AlternateSubstSubtables.cpp
   (deps)	 TrimmedArrayProcessor.cpp
   (deps)	 SubtableProcessor.cpp
   (deps)	 StateTableProcessor.cpp
   (deps)	 SingleTableProcessor.cpp
   (deps)	 SimpleArrayProcessor.cpp
   (deps)	 SegmentSingleProcessor.cpp
   (deps)	 SegmentArrayProcessor.cpp
   (deps)	 NonContextualGlyphSubstProc.cpp
   (deps)	 MorphTables.cpp
   (deps)	 LookupTables.cpp
   (deps)	 LigatureSubstProc.cpp
   (deps)	 IndicRearrangementProcessor.cpp
   (deps)	 ContextualGlyphSubstProc.cpp
   (deps)	 LayoutEngine.cpp
   (deps)	 IndicLayoutEngine.cpp
   (deps)	 HanLayoutEngine.cpp
   (deps)	 GXLayoutEngine.cpp
   (deps)	 ArabicLayoutEngine.cpp
   (deps)	 ThaiStateTables.cpp
   (deps)	 ThaiShaping.cpp
   (deps)	 ThaiLayoutEngine.cpp
   (deps)	 OpenTypeLayoutEngine.cpp
   (deps)	 LEFontInstance.cpp
   g++	 ...  LEFontInstance.cpp
   g++	 ...  OpenTypeLayoutEngine.cpp
   g++	 ...  ThaiLayoutEngine.cpp
   g++	 ...  ThaiShaping.cpp
   g++	 ...  ThaiStateTables.cpp
   g++	 ...  ArabicLayoutEngine.cpp
   g++	 ...  GXLayoutEngine.cpp
   g++	 ...  HanLayoutEngine.cpp
   g++	 ...  IndicLayoutEngine.cpp
   g++	 ...  LayoutEngine.cpp
   g++	 ...  ContextualGlyphSubstProc.cpp
   g++	 ...  IndicRearrangementProcessor.cpp
   g++	 ...  LigatureSubstProc.cpp
   g++	 ...  LookupTables.cpp
   g++	 ...  MorphTables.cpp
   g++	 ...  NonContextualGlyphSubstProc.cpp
   g++	 ...  SegmentArrayProcessor.cpp
   g++	 ...  SegmentSingleProcessor.cpp
   g++	 ...  SimpleArrayProcessor.cpp
   g++	 ...  SingleTableProcessor.cpp
   g++	 ...  StateTableProcessor.cpp
   g++	 ...  SubtableProcessor.cpp
   g++	 ...  TrimmedArrayProcessor.cpp
   g++	 ...  AlternateSubstSubtables.cpp
   g++	 ...  AnchorTables.cpp
   g++	 ...  ArabicShaping.cpp
   g++	 ...  CanonData.cpp
   g++	 ...  CanonShaping.cpp
   g++	 ...  ClassDefinitionTables.cpp
   g++	 ...  ContextualSubstSubtables.cpp
   g++	 ...  CoverageTables.cpp
   g++	 ...  CursiveAttachmentSubtables.cpp
   g++	 ...  DeviceTables.cpp
   g++	 ...  ExtensionSubtables.cpp
   g++	 ...  Features.cpp
   g++	 ...  GDEFMarkFilter.cpp
   g++	 ...  GlyphDefinitionTables.cpp
   g++	 ...  GlyphIterator.cpp
   g++	 ...  GlyphLookupTables.cpp
   g++	 ...  GlyphPosnLookupProc.cpp
   g++	 ...  GlyphPositionAdjustments.cpp
   g++	 ...  GlyphPositioningTables.cpp
   g++	 ...  GlyphSubstLookupProc.cpp
   g++	 ...  GlyphSubstitutionTables.cpp
   g++	 ...  IndicClassTables.cpp
   g++	 ...  IndicReordering.cpp
   g++	 ...  LEInsertionList.cpp
   g++	 ...  LEGlyphStorage.cpp
   g++	 ...  LigatureSubstSubtables.cpp
   g++	 ...  LookupProcessor.cpp
   g++	 ...  Lookups.cpp
   g++	 ...  MarkArrays.cpp
   g++	 ...  MarkToBasePosnSubtables.cpp
   g++	 ...  MarkToLigaturePosnSubtables.cpp
   g++	 ...  MarkToMarkPosnSubtables.cpp
   g++	 ...  MirroredCharData.cpp
   g++	 ...  MPreFixups.cpp
   g++	 ...  MultipleSubstSubtables.cpp
   g++	 ...  OpenTypeUtilities.cpp
   g++	 ...  PairPositioningSubtables.cpp
   g++	 ...  ScriptAndLanguage.cpp
   g++	 ...  ScriptAndLanguageTags.cpp
   g++	 ...  ShapingTypeData.cpp
   g++	 ...  SinglePositioningSubtables.cpp
   g++	 ...  SingleSubstitutionSubtables.cpp
   g++	 ...  SubstitutionLookups.cpp
   g++	 ...  ValueRecords.cpp
   g++	 ...  KhmerLayoutEngine.cpp
   g++	 ...  KhmerReordering.cpp
   g++	 ...  TibetanLayoutEngine.cpp
   g++	 ...  TibetanReordering.cpp
   g++	 ...  HangulLayoutEngine.cpp
   g++	 ...  KernTable.cpp
   g++	 ...  loengine.cpp
   g++	 ...  ContextualGlyphInsertionProc2.cpp
   g++	 ...  ContextualGlyphSubstProc2.cpp
   g++	 ...  GXLayoutEngine2.cpp
   g++	 ...  IndicRearrangementProcessor2.cpp
   g++	 ...  LigatureSubstProc2.cpp
   g++	 ...  MorphTables2.cpp
   g++	 ...  NonContextualGlyphSubstProc2.cpp
   g++	 ...  SegmentArrayProcessor2.cpp
   g++	 ...  SegmentSingleProcessor2.cpp
   g++	 ...  SimpleArrayProcessor2.cpp
   g++	 ...  SingleTableProcessor2.cpp
   g++	 ...  StateTableProcessor2.cpp
   g++	 ...  SubtableProcessor2.cpp
   g++	 ...  TrimmedArrayProcessor2.cpp
g++ -O2 -W -Wall -pedantic -Wpointer-arith -Wwrite-strings -Wno-long-long --std=c++0x      -shared -Wl,-Bsymbolic -Wl,-soname -Wl,libicule.so.56 -o ../lib/libicule.so.56.1 LEFontInstance.o OpenTypeLayoutEngine.o ThaiLayoutEngine.o ThaiShaping.o ThaiStateTables.o ArabicLayoutEngine.o GXLayoutEngine.o HanLayoutEngine.o IndicLayoutEngine.o LayoutEngine.o ContextualGlyphSubstProc.o IndicRearrangementProcessor.o LigatureSubstProc.o LookupTables.o MorphTables.o NonContextualGlyphSubstProc.o SegmentArrayProcessor.o SegmentSingleProcessor.o SimpleArrayProcessor.o SingleTableProcessor.o StateTableProcessor.o SubtableProcessor.o TrimmedArrayProcessor.o AlternateSubstSubtables.o AnchorTables.o ArabicShaping.o CanonData.o CanonShaping.o ClassDefinitionTables.o ContextualSubstSubtables.o CoverageTables.o CursiveAttachmentSubtables.o DeviceTables.o ExtensionSubtables.o Features.o GDEFMarkFilter.o GlyphDefinitionTables.o GlyphIterator.o GlyphLookupTables.o GlyphPosnLookupProc.o GlyphPositionAdjustments.o GlyphPositioningTables.o GlyphSubstLookupProc.o GlyphSubstitutionTables.o IndicClassTables.o IndicReordering.o LEInsertionList.o LEGlyphStorage.o LigatureSubstSubtables.o LookupProcessor.o Lookups.o MarkArrays.o MarkToBasePosnSubtables.o MarkToLigaturePosnSubtables.o MarkToMarkPosnSubtables.o MirroredCharData.o MPreFixups.o MultipleSubstSubtables.o OpenTypeUtilities.o PairPositioningSubtables.o ScriptAndLanguage.o ScriptAndLanguageTags.o ShapingTypeData.o SinglePositioningSubtables.o SingleSubstitutionSubtables.o SubstitutionLookups.o ValueRecords.o KhmerLayoutEngine.o KhmerReordering.o TibetanLayoutEngine.o TibetanReordering.o HangulLayoutEngine.o KernTable.o loengine.o ContextualGlyphInsertionProc2.o ContextualGlyphSubstProc2.o GXLayoutEngine2.o IndicRearrangementProcessor2.o LigatureSubstProc2.o MorphTables2.o NonContextualGlyphSubstProc2.o SegmentArrayProcessor2.o SegmentSingleProcessor2.o SimpleArrayProcessor2.o SingleTableProcessor2.o StateTableProcessor2.o SubtableProcessor2.o TrimmedArrayProcessor2.o -L../lib -licuuc -L../stubdata -licudata -lpthread -ldl -lm 
rm -f ../lib/libicule.so.56 && ln -s libicule.so.56.1 ../lib/libicule.so.56
rm -f ../lib/libicule.so && ln -s libicule.so.56.1 ../lib/libicule.so
make[1]: Leaving directory '/sources/7.9/icu-56.1/source/layout'
make[0]: Making `all' in `layoutex'
make[1]: Entering directory '/sources/7.9/icu-56.1/source/layoutex'
   (deps)	 plruns.cpp
   (deps)	 playout.cpp
   (deps)	 LXUtilities.cpp
   (deps)	 RunArrays.cpp
   (deps)	 ParagraphLayout.cpp
   g++	 ...  ParagraphLayout.cpp
   g++	 ...  RunArrays.cpp
   g++	 ...  LXUtilities.cpp
   g++	 ...  playout.cpp
   g++	 ...  plruns.cpp
g++ -O2 -W -Wall -pedantic -Wpointer-arith -Wwrite-strings -Wno-long-long --std=c++0x      -shared -Wl,-Bsymbolic -Wl,-soname -Wl,libiculx.so.56 -o ../lib/libiculx.so.56.1 ParagraphLayout.o RunArrays.o LXUtilities.o playout.o plruns.o -L../lib -licuuc -L../stubdata -licudata  -L../lib -licule -lpthread -ldl -lm 
rm -f ../lib/libiculx.so.56 && ln -s libiculx.so.56.1 ../lib/libiculx.so.56
rm -f ../lib/libiculx.so && ln -s libiculx.so.56.1 ../lib/libiculx.so
make[1]: Leaving directory '/sources/7.9/icu-56.1/source/layoutex'
make[0]: Making `all' in `io'
make[1]: Entering directory '/sources/7.9/icu-56.1/source/io'
   (deps)	 ucln_io.cpp
   (deps)	 ustream.cpp
   (deps)	 sscanf.c
   (deps)	 sprintf.c
   (deps)	 ustdio.c
   (deps)	 uscanf_p.c
   (deps)	 uscanf.c
   (deps)	 uprntf_p.c
   (deps)	 uprintf.cpp
   (deps)	 ufmt_cmn.c
   (deps)	 ufile.c
   (deps)	 locbund.cpp
   g++	 ...  locbund.cpp
   gcc	 ...  ufile.c
   gcc	 ...  ufmt_cmn.c
   g++	 ...  uprintf.cpp
   gcc	 ...  uprntf_p.c
   gcc	 ...  uscanf.c
   gcc	 ...  uscanf_p.c
   gcc	 ...  ustdio.c
   gcc	 ...  sprintf.c
   gcc	 ...  sscanf.c
   g++	 ...  ustream.cpp
   g++	 ...  ucln_io.cpp
g++ -O2 -W -Wall -pedantic -Wpointer-arith -Wwrite-strings -Wno-long-long --std=c++0x      -shared -Wl,-Bsymbolic -Wl,-soname -Wl,libicuio.so.56 -o ../lib/libicuio.so.56.1 locbund.o ufile.o ufmt_cmn.o uprintf.o uprntf_p.o uscanf.o uscanf_p.o ustdio.o sprintf.o sscanf.o ustream.o ucln_io.o -L../lib -licuuc -L../stubdata -licudata -L../lib -licui18n -lpthread -ldl -lm 
rm -f ../lib/libicuio.so.56 && ln -s libicuio.so.56.1 ../lib/libicuio.so.56
rm -f ../lib/libicuio.so && ln -s libicuio.so.56.1 ../lib/libicuio.so
make[1]: Leaving directory '/sources/7.9/icu-56.1/source/io'
make[0]: Making `all' in `tools'
make[1]: Entering directory '/sources/7.9/icu-56.1/source/tools'
make[1]: Making `all' in `toolutil'
make[2]: Entering directory '/sources/7.9/icu-56.1/source/tools/toolutil'
   (deps)	 ucln_tu.cpp
   (deps)	 dbgutil.cpp
   (deps)	 udbgutil.cpp
   (deps)	 filetools.cpp
   (deps)	 flagparser.c
   (deps)	 ppucd.cpp
   (deps)	 pkg_gencmn.c
   (deps)	 pkg_genc.c
   (deps)	 pkg_icu.cpp
   (deps)	 writesrc.c
   (deps)	 xmlparser.cpp
   (deps)	 ucbuf.c
   (deps)	 uparse.c
   (deps)	 uoptions.c
   (deps)	 ucmstate.c
   (deps)	 ucm.c
   (deps)	 denseranges.cpp
   (deps)	 collationinfo.cpp
   (deps)	 unewdata.c
   (deps)	 toolutil.cpp
   (deps)	 swapimpl.cpp
   (deps)	 pkgitems.cpp
   (deps)	 package.cpp
   (deps)	 filestrm.c
   gcc	 ...  filestrm.c
   g++	 ...  package.cpp
   g++	 ...  pkgitems.cpp
   g++	 ...  swapimpl.cpp
   g++	 ...  toolutil.cpp
   gcc	 ...  unewdata.c
   g++	 ...  collationinfo.cpp
   g++	 ...  denseranges.cpp
   gcc	 ...  ucm.c
   gcc	 ...  ucmstate.c
   gcc	 ...  uoptions.c
   gcc	 ...  uparse.c
   gcc	 ...  ucbuf.c
   g++	 ...  xmlparser.cpp
   gcc	 ...  writesrc.c
   g++	 ...  pkg_icu.cpp
   gcc	 ...  pkg_genc.c
   gcc	 ...  pkg_gencmn.c
   g++	 ...  ppucd.cpp
   gcc	 ...  flagparser.c
   g++	 ...  filetools.cpp
   g++	 ...  udbgutil.cpp
   g++	 ...  dbgutil.cpp
   g++	 ...  ucln_tu.cpp
g++ -O2 -W -Wall -pedantic -Wpointer-arith -Wwrite-strings -Wno-long-long --std=c++0x      -shared -Wl,-Bsymbolic -Wl,-soname -Wl,libicutu.so.56 -o ../../lib/libicutu.so.56.1 filestrm.o package.o pkgitems.o swapimpl.o toolutil.o unewdata.o collationinfo.o denseranges.o ucm.o ucmstate.o uoptions.o uparse.o ucbuf.o xmlparser.o writesrc.o pkg_icu.o pkg_genc.o pkg_gencmn.o ppucd.o flagparser.o filetools.o udbgutil.o dbgutil.o ucln_tu.o -L../../lib -licui18n -L../../lib -licuuc -L../../stubdata -licudata -lpthread -ldl -lm 
rm -f ../../lib/libicutu.so.56 && ln -s libicutu.so.56.1 ../../lib/libicutu.so.56
rm -f ../../lib/libicutu.so && ln -s libicutu.so.56.1 ../../lib/libicutu.so
make[2]: Leaving directory '/sources/7.9/icu-56.1/source/tools/toolutil'
make[1]: Making `all' in `ctestfw'
make[2]: Entering directory '/sources/7.9/icu-56.1/source/tools/ctestfw'
   (deps)	 ucln_ct.c
   (deps)	 uperf.cpp
   (deps)	 datamap.cpp
   (deps)	 testdata.cpp
   (deps)	 tstdtmod.cpp
   (deps)	 ctest.c
   gcc	 ...  ctest.c
   g++	 ...  tstdtmod.cpp
   g++	 ...  testdata.cpp
   g++	 ...  datamap.cpp
   g++	 ...  uperf.cpp
   gcc	 ...  ucln_ct.c
g++ -O2 -W -Wall -pedantic -Wpointer-arith -Wwrite-strings -Wno-long-long --std=c++0x      -shared -Wl,-Bsymbolic -Wl,-soname -Wl,libicutest.so.56 -o libicutest.so.56.1 ctest.o tstdtmod.o testdata.o datamap.o uperf.o ucln_ct.o -L../../lib -licutu -L../../lib -licui18n -L../../lib -licuuc -L../../stubdata -licudata -lpthread -ldl -lm 
rm -f libicutest.so.56 && ln -s libicutest.so.56.1 libicutest.so.56
rm -f libicutest.so && ln -s libicutest.so.56.1 libicutest.so
make[2]: Leaving directory '/sources/7.9/icu-56.1/source/tools/ctestfw'
make[1]: Making `all' in `makeconv'
make[2]: Entering directory '/sources/7.9/icu-56.1/source/tools/makeconv'
   (deps)	 gencnvex.c
   (deps)	 genmbcs.cpp
   (deps)	 ucnvstat.c
   (deps)	 makeconv.cpp
   g++	 ...  makeconv.cpp
   gcc	 ...  ucnvstat.c
   g++	 ...  genmbcs.cpp
   gcc	 ...  gencnvex.c
g++ -O2 -W -Wall -pedantic -Wpointer-arith -Wwrite-strings -Wno-long-long --std=c++0x    -o ../../bin/makeconv makeconv.o ucnvstat.o genmbcs.o gencnvex.o -L../../lib -licutu -L../../lib -licui18n -L../../lib -licuuc -L../../stubdata -licudata -lpthread -ldl -lm  
cd ../.. \
 && CONFIG_FILES=tools/makeconv/makeconv.1 CONFIG_HEADERS= /bin/sh ./config.status
config.status: creating tools/makeconv/makeconv.1
make[2]: Leaving directory '/sources/7.9/icu-56.1/source/tools/makeconv'
make[1]: Making `all' in `genrb'
make[2]: Entering directory '/sources/7.9/icu-56.1/source/tools/genrb'
   (deps)	 prscmnts.cpp
   (deps)	 wrtxml.cpp
   (deps)	 rle.c
   (deps)	 wrtjava.cpp
   (deps)	 rbutil.c
   (deps)	 ustr.c
   (deps)	 reslist.cpp
   (deps)	 read.c
   (deps)	 parse.cpp
   (deps)	 genrb.cpp
   (deps)	 errmsg.c
   gcc	 ...  errmsg.c
   g++	 ...  genrb.cpp
   g++	 ...  parse.cpp
   gcc	 ...  read.c
   g++	 ...  reslist.cpp
   gcc	 ...  ustr.c
   gcc	 ...  rbutil.c
   g++	 ...  wrtjava.cpp
   gcc	 ...  rle.c
   g++	 ...  wrtxml.cpp
   g++	 ...  prscmnts.cpp
g++ -O2 -W -Wall -pedantic -Wpointer-arith -Wwrite-strings -Wno-long-long --std=c++0x    -o ../../bin/genrb errmsg.o genrb.o parse.o read.o reslist.o ustr.o rbutil.o wrtjava.o rle.o wrtxml.o prscmnts.o -L../../lib -licutu -L../../lib -licui18n -L../../lib -licuuc -L../../stubdata -licudata -lpthread -ldl -lm  
   g++	 ...  derb.cpp
g++ -O2 -W -Wall -pedantic -Wpointer-arith -Wwrite-strings -Wno-long-long --std=c++0x    -o ../../bin/derb derb.o -L../../lib -licuio -L../../lib -licutu -L../../lib -licui18n -L../../lib -licuuc -L../../stubdata -licudata -lpthread -ldl -lm  
cd ../.. \
 && CONFIG_FILES=tools/genrb/derb.1 CONFIG_HEADERS= /bin/sh ./config.status
config.status: creating tools/genrb/derb.1
cd ../.. \
 && CONFIG_FILES=tools/genrb/genrb.1 CONFIG_HEADERS= /bin/sh ./config.status
config.status: creating tools/genrb/genrb.1
make[2]: Leaving directory '/sources/7.9/icu-56.1/source/tools/genrb'
make[1]: Making `all' in `genbrk'
make[2]: Entering directory '/sources/7.9/icu-56.1/source/tools/genbrk'
   (deps)	 genbrk.cpp
   g++	 ...  genbrk.cpp
g++ -O2 -W -Wall -pedantic -Wpointer-arith -Wwrite-strings -Wno-long-long --std=c++0x    -o ../../bin/genbrk genbrk.o -L../../lib -licutu -L../../lib -licui18n -L../../lib -licuuc -L../../stubdata -licudata -lpthread -ldl -lm  
cd ../.. \
 && CONFIG_FILES=tools/genbrk/genbrk.1 CONFIG_HEADERS= /bin/sh ./config.status
config.status: creating tools/genbrk/genbrk.1
make[2]: Leaving directory '/sources/7.9/icu-56.1/source/tools/genbrk'
make[1]: Making `all' in `gencnval'
make[2]: Entering directory '/sources/7.9/icu-56.1/source/tools/gencnval'
   (deps)	 gencnval.c
   gcc	 ...  gencnval.c
g++ -O2 -W -Wall -pedantic -Wpointer-arith -Wwrite-strings -Wno-long-long --std=c++0x    -o ../../bin/gencnval gencnval.o -L../../lib -licutu -L../../lib -licui18n -L../../lib -licuuc -L../../stubdata -licudata -lpthread -ldl -lm  
cd ../.. \
 && CONFIG_FILES=tools/gencnval/gencnval.1 CONFIG_HEADERS= /bin/sh ./config.status
config.status: creating tools/gencnval/gencnval.1
make[2]: Leaving directory '/sources/7.9/icu-56.1/source/tools/gencnval'
make[1]: Making `all' in `gensprep'
make[2]: Entering directory '/sources/7.9/icu-56.1/source/tools/gensprep'
   (deps)	 store.c
   (deps)	 gensprep.c
   gcc	 ...  gensprep.c
   gcc	 ...  store.c
g++ -O2 -W -Wall -pedantic -Wpointer-arith -Wwrite-strings -Wno-long-long --std=c++0x    -o ../../bin/gensprep gensprep.o store.o -L../../lib -licutu -L../../lib -licui18n -L../../lib -licuuc -L../../stubdata -licudata -lpthread -ldl -lm   
cd ../.. \
 && CONFIG_FILES=tools/gensprep/gensprep.8 CONFIG_HEADERS= /bin/sh ./config.status
config.status: creating tools/gensprep/gensprep.8
make[2]: Leaving directory '/sources/7.9/icu-56.1/source/tools/gensprep'
make[1]: Making `all' in `icuinfo'
make[2]: Entering directory '/sources/7.9/icu-56.1/source/tools/icuinfo'
   (deps)	 icuinfo.cpp
   g++	 ...  icuinfo.cpp
g++ -O2 -W -Wall -pedantic -Wpointer-arith -Wwrite-strings -Wno-long-long --std=c++0x    -o icuinfo icuinfo.o -L../../lib -licutu -L../../lib -licui18n -L../../lib -licuuc -L../../stubdata -licudata -lpthread -ldl -lm   
make[2]: Leaving directory '/sources/7.9/icu-56.1/source/tools/icuinfo'
make[1]: Making `all' in `genccode'
make[2]: Entering directory '/sources/7.9/icu-56.1/source/tools/genccode'
   (deps)	 genccode.c
   gcc	 ...  genccode.c
g++ -O2 -W -Wall -pedantic -Wpointer-arith -Wwrite-strings -Wno-long-long --std=c++0x    -o ../../bin/genccode genccode.o -L../../lib -licutu -L../../lib -licui18n -L../../lib -licuuc -L../../stubdata -licudata -lpthread -ldl -lm  
cd ../.. \
 && CONFIG_FILES=tools/genccode/genccode.8 CONFIG_HEADERS= /bin/sh ./config.status
config.status: creating tools/genccode/genccode.8
make[2]: Leaving directory '/sources/7.9/icu-56.1/source/tools/genccode'
make[1]: Making `all' in `gencmn'
make[2]: Entering directory '/sources/7.9/icu-56.1/source/tools/gencmn'
   (deps)	 gencmn.c
   gcc	 ...  gencmn.c
g++ -O2 -W -Wall -pedantic -Wpointer-arith -Wwrite-strings -Wno-long-long --std=c++0x    -o ../../bin/gencmn gencmn.o -L../../lib -licutu -L../../lib -licui18n -L../../lib -licuuc -L../../stubdata -licudata -lpthread -ldl -lm  
cd ../.. \
 && CONFIG_FILES=tools/gencmn/gencmn.8 CONFIG_HEADERS= /bin/sh ./config.status
config.status: creating tools/gencmn/gencmn.8
make[2]: Leaving directory '/sources/7.9/icu-56.1/source/tools/gencmn'
make[1]: Making `all' in `icupkg'
make[2]: Entering directory '/sources/7.9/icu-56.1/source/tools/icupkg'
   (deps)	 icupkg.cpp
   g++	 ...  icupkg.cpp
g++ -O2 -W -Wall -pedantic -Wpointer-arith -Wwrite-strings -Wno-long-long --std=c++0x    -o ../../bin/icupkg icupkg.o -L../../lib -licutu -L../../lib -licui18n -L../../lib -licuuc -L../../stubdata -licudata -lpthread -ldl -lm  
cd ../.. \
 && CONFIG_FILES=tools/icupkg/icupkg.8 CONFIG_HEADERS= /bin/sh ./config.status
config.status: creating tools/icupkg/icupkg.8
make[2]: Leaving directory '/sources/7.9/icu-56.1/source/tools/icupkg'
make[1]: Making `all' in `pkgdata'
make[2]: Entering directory '/sources/7.9/icu-56.1/source/tools/pkgdata'
   (deps)	 pkgtypes.c
   (deps)	 pkgdata.cpp
   g++	 ...  pkgdata.cpp
   gcc	 ...  pkgtypes.c
g++ -O2 -W -Wall -pedantic -Wpointer-arith -Wwrite-strings -Wno-long-long --std=c++0x    -o ../../bin/pkgdata pkgdata.o pkgtypes.o -L../../lib -licutu -L../../lib -licui18n -L../../lib -licuuc -L../../stubdata -licudata -lpthread -ldl -lm  
cd ../.. \
 && CONFIG_FILES=tools/pkgdata/pkgdata.1 CONFIG_HEADERS= /bin/sh ./config.status
config.status: creating tools/pkgdata/pkgdata.1
make[2]: Leaving directory '/sources/7.9/icu-56.1/source/tools/pkgdata'
make[1]: Making `all' in `gentest'
make[2]: Entering directory '/sources/7.9/icu-56.1/source/tools/gentest'
   (deps)	 genres32.c
   (deps)	 gentest.c
   gcc	 ...  gentest.c
   gcc	 ...  genres32.c
g++ -O2 -W -Wall -pedantic -Wpointer-arith -Wwrite-strings -Wno-long-long --std=c++0x    -o gentest gentest.o genres32.o -L../../tools/ctestfw -licutest -L../../lib -licutu -L../../lib -licui18n -L../../lib -licuuc -L../../stubdata -licudata -lpthread -ldl -lm   
make[2]: Leaving directory '/sources/7.9/icu-56.1/source/tools/gentest'
make[1]: Making `all' in `gennorm2'
make[2]: Entering directory '/sources/7.9/icu-56.1/source/tools/gennorm2'
   (deps)	 n2builder.cpp
   (deps)	 gennorm2.cpp
   g++	 ...  gennorm2.cpp
   g++	 ...  n2builder.cpp
g++ -O2 -W -Wall -pedantic -Wpointer-arith -Wwrite-strings -Wno-long-long --std=c++0x    -o ../../bin/gennorm2 gennorm2.o n2builder.o -L../../lib -licutu -L../../lib -licui18n -L../../lib -licuuc -L../../stubdata -licudata -lpthread -ldl -lm  
make[2]: Leaving directory '/sources/7.9/icu-56.1/source/tools/gennorm2'
make[1]: Making `all' in `gencfu'
make[2]: Entering directory '/sources/7.9/icu-56.1/source/tools/gencfu'
   (deps)	 gencfu.cpp
   g++	 ...  gencfu.cpp
g++ -O2 -W -Wall -pedantic -Wpointer-arith -Wwrite-strings -Wno-long-long --std=c++0x    -o ../../bin/gencfu gencfu.o -L../../lib -licutu -L../../lib -licui18n -L../../lib -licuuc -L../../stubdata -licudata -lpthread -ldl -lm  
cd ../.. \
 && CONFIG_FILES=tools/gencfu/gencfu.1 CONFIG_HEADERS= /bin/sh ./config.status
config.status: creating tools/gencfu/gencfu.1
make[2]: Leaving directory '/sources/7.9/icu-56.1/source/tools/gencfu'
make[1]: Making `all' in `gendict'
make[2]: Entering directory '/sources/7.9/icu-56.1/source/tools/gendict'
   (deps)	 gendict.cpp
   g++	 ...  gendict.cpp
g++ -O2 -W -Wall -pedantic -Wpointer-arith -Wwrite-strings -Wno-long-long --std=c++0x    -o ../../bin/gendict gendict.o -L../../lib -licutu -L../../lib -licui18n -L../../lib -licuuc -L../../stubdata -licudata -lpthread -ldl -lm  
cd ../.. \
 && CONFIG_FILES=tools/gendict/gendict.1 CONFIG_HEADERS= /bin/sh ./config.status
config.status: creating tools/gendict/gendict.1
make[2]: Leaving directory '/sources/7.9/icu-56.1/source/tools/gendict'
make[2]: Entering directory '/sources/7.9/icu-56.1/source/tools'
make[2]: Nothing to be done for 'all-local'.
make[2]: Leaving directory '/sources/7.9/icu-56.1/source/tools'
make[1]: Leaving directory '/sources/7.9/icu-56.1/source/tools'
make[0]: Making `all' in `data'
make[1]: Entering directory '/sources/7.9/icu-56.1/source/data'
echo timestamp > build-dir.tmp
/bin/sh ../mkinstalldirs ./out ./out/build ./out/build/icudt56l ./out/build/icudt56l/curr ./out/build/icudt56l/lang ./out/build/icudt56l/region ./out/build/icudt56l/zone ./out/build/icudt56l/unit ./out/build/icudt56l/brkitr ./out/build/icudt56l/coll ./out/build/icudt56l/rbnf ./out/build/icudt56l/translit ./out/tmp ./out/tmp/curr ./out/tmp/lang ./out/tmp/region ./out/tmp/zone ./out/tmp/unit ./out/tmp/coll ./out/tmp/rbnf ./out/tmp/translit ./out/tmp/brkitr
mkdir ./out
mkdir ./out/build
mkdir ./out/build/icudt56l
mkdir ./out/build/icudt56l/curr
mkdir ./out/build/icudt56l/lang
mkdir ./out/build/icudt56l/region
mkdir ./out/build/icudt56l/zone
mkdir ./out/build/icudt56l/unit
mkdir ./out/build/icudt56l/brkitr
mkdir ./out/build/icudt56l/coll
mkdir ./out/build/icudt56l/rbnf
mkdir ./out/build/icudt56l/translit
mkdir ./out/tmp
mkdir ./out/tmp/curr
mkdir ./out/tmp/lang
mkdir ./out/tmp/region
mkdir ./out/tmp/zone
mkdir ./out/tmp/unit
mkdir ./out/tmp/coll
mkdir ./out/tmp/rbnf
mkdir ./out/tmp/translit
mkdir ./out/tmp/brkitr
mv build-dir.tmp build-dir
make -f pkgdataMakefile
make[2]: Entering directory '/sources/7.9/icu-56.1/source/data'
rm -rf icupkg.inc
make[2]: Leaving directory '/sources/7.9/icu-56.1/source/data'
Unpacking ./in/icudt56l.dat and generating out/tmp/icudata.lst (list of data files)
LD_LIBRARY_PATH=../lib:../stubdata:../tools/ctestfw:$LD_LIBRARY_PATH  ../bin/icupkg -d ./out/build/icudt56l --list -x \* ./in/icudt56l.dat -o out/tmp/icudata.lst
echo timestamp > build-local
LD_LIBRARY_PATH=../stubdata:../tools/ctestfw:../lib:$LD_LIBRARY_PATH  ../bin/pkgdata -O ../data/icupkg.inc -q -c -s /sources/7.9/icu-56.1/source/data/out/build/icudt56l -d ../lib -e icudt56  -T ./out/tmp -p icudt56l -m dll -r 56.1 -L icudata ./out/tmp/icudata.lst
pkgdata: gcc -D_REENTRANT  -DU_HAVE_ELF_H=1 -DU_HAVE_ATOMIC=1  -DU_ATTRIBUTE_DEPRECATED= -O2 -std=c99 -Wall -pedantic -Wshadow -Wpointer-arith -Wmissing-prototypes -Wwrite-strings   -c -I../common -I../common -DPIC -fPIC -o ./out/tmp/icudt56l_dat.o ./out/tmp/icudt56l_dat.S
pkgdata: gcc -O2 -std=c99 -Wall -pedantic -Wshadow -Wpointer-arith -Wmissing-prototypes -Wwrite-strings    -shared -Wl,-Bsymbolic -nodefaultlibs -nostdlib -o ../lib/libicudata.so.56.1 ./out/tmp/icudt56l_dat.o -Wl,-soname -Wl,libicudata.so.56  -Wl,-Bsymbolic
pkgdata: cd ../lib/ && rm -f libicudata.so.56 && ln -s libicudata.so.56.1 libicudata.so.56
pkgdata: cd ../lib/ && rm -f libicudata.so && ln -s libicudata.so.56.1 libicudata.so
echo timestamp > packagedata
make[1]: Leaving directory '/sources/7.9/icu-56.1/source/data'
make[0]: Making `all' in `extra'
make[1]: Entering directory '/sources/7.9/icu-56.1/source/extra'
make[1]: Making `all' in `uconv'
make[2]: Entering directory '/sources/7.9/icu-56.1/source/extra/uconv'
mkdir uconvmsg
   g++	 ...  uconv.cpp
   gcc	 ...  uwmsg.c
LD_LIBRARY_PATH=../../lib:../../stubdata:../../tools/ctestfw:$LD_LIBRARY_PATH  ../../bin/genrb -e UTF-8 -s resources -d uconvmsg root.txt
LD_LIBRARY_PATH=../../lib:../../stubdata:../../tools/ctestfw:$LD_LIBRARY_PATH  ../../bin/genrb -e UTF-8 -s resources -d uconvmsg fr.txt
make -f pkgdataMakefile
make[3]: Entering directory '/sources/7.9/icu-56.1/source/extra/uconv'
rm -rf pkgdata.inc
make[3]: Leaving directory '/sources/7.9/icu-56.1/source/extra/uconv'
LD_LIBRARY_PATH=../../lib:../../stubdata:../../tools/ctestfw:$LD_LIBRARY_PATH   ../../bin/pkgdata -p uconvmsg -O pkgdata.inc -m static -s uconvmsg -d uconvmsg -T uconvmsg uconvmsg/uconvmsg.lst
pkgdata: gcc -D_REENTRANT  -DU_HAVE_ELF_H=1 -DU_HAVE_ATOMIC=1  -DU_ATTRIBUTE_DEPRECATED= -O2 -std=c99 -Wall -pedantic -Wshadow -Wpointer-arith -Wmissing-prototypes -Wwrite-strings   -c -I../../common -I../../common -DPIC -fPIC -o uconvmsg/uconvmsg_dat.o uconvmsg/uconvmsg_dat.S
pkgdata: ar r uconvmsg/libuconvmsg.a uconvmsg/uconvmsg_dat.o
pkgdata: ranlib uconvmsg/libuconvmsg.a
g++ -O2 -W -Wall -pedantic -Wpointer-arith -Wwrite-strings -Wno-long-long --std=c++0x    -o ../../bin/uconv uconv.o uwmsg.o -L../../lib -licui18n -L../../lib -licuuc -L../../stubdata -licudata -lpthread -ldl -lm   uconvmsg/libuconvmsg.a
cd ../.. \
 && CONFIG_FILES=extra/uconv/uconv.1 CONFIG_HEADERS= /bin/sh ./config.status
config.status: creating extra/uconv/uconv.1
make[2]: Leaving directory '/sources/7.9/icu-56.1/source/extra/uconv'
make[2]: Entering directory '/sources/7.9/icu-56.1/source/extra'
make[2]: Nothing to be done for 'all-local'.
make[2]: Leaving directory '/sources/7.9/icu-56.1/source/extra'
make[1]: Leaving directory '/sources/7.9/icu-56.1/source/extra'
make[0]: Making `all' in `samples'
make[1]: Entering directory '/sources/7.9/icu-56.1/source/samples'
make[1]: Making `all' in `date'
make[2]: Entering directory '/sources/7.9/icu-56.1/source/samples/date'
   (deps)	 date.c
   (deps)	 uprint.c
   gcc	 ...  uprint.c
   gcc	 ...  date.c
g++ -O2 -W -Wall -pedantic -Wpointer-arith -Wwrite-strings -Wno-long-long --std=c++0x    -o icudate uprint.o date.o -L../../lib -licui18n -L../../lib -licuuc -L../../stubdata -licudata -lpthread -ldl -lm  
make[2]: Leaving directory '/sources/7.9/icu-56.1/source/samples/date'
make[1]: Making `all' in `cal'
make[2]: Entering directory '/sources/7.9/icu-56.1/source/samples/cal'
   (deps)	 cal.c
   (deps)	 uprint.c
   gcc	 ...  uprint.c
   gcc	 ...  cal.c
g++ -O2 -W -Wall -pedantic -Wpointer-arith -Wwrite-strings -Wno-long-long --std=c++0x    -o icucal uprint.o cal.o -L../../lib -licui18n -L../../lib -licuuc -L../../stubdata -licudata -lpthread -ldl -lm  
make[2]: Leaving directory '/sources/7.9/icu-56.1/source/samples/cal'
make[2]: Entering directory '/sources/7.9/icu-56.1/source/samples'
make[2]: Nothing to be done for 'all-local'.
make[2]: Leaving directory '/sources/7.9/icu-56.1/source/samples'
make[1]: Leaving directory '/sources/7.9/icu-56.1/source/samples'
make[0]: Making `all' in `test'
make[1]: Entering directory '/sources/7.9/icu-56.1/source/test'
make[1]: Nothing to be done for 'all'.
make[1]: Leaving directory '/sources/7.9/icu-56.1/source/test'
make[1]: Entering directory '/sources/7.9/icu-56.1/source'
Note: rebuild with "make VERBOSE=1 all-local" to show all compiler parameters.
make[1]: Leaving directory '/sources/7.9/icu-56.1/source'
make[0]: Making `install' in `stubdata'
make[1]: Entering directory '/sources/7.9/icu-56.1/source/stubdata'
/bin/sh ../mkinstalldirs /usr/lib
/usr/bin/install -c libicudata.so.56.1 /usr/lib
cd /usr/lib && rm -f libicudata.so && ln -s libicudata.so.56.1 libicudata.so
cd /usr/lib && rm -f libicudata.so.56 && ln -s libicudata.so.56.1 libicudata.so.56
make[1]: Leaving directory '/sources/7.9/icu-56.1/source/stubdata'
make[0]: Making `install' in `common'
make[1]: Entering directory '/sources/7.9/icu-56.1/source/common'
/bin/sh ../mkinstalldirs /usr/include/unicode
mkdir /usr/include/unicode
/usr/bin/install -c -m 644 ./unicode/appendable.h /usr/include/unicode
/usr/bin/install -c -m 644 ./unicode/brkiter.h /usr/include/unicode
/usr/bin/install -c -m 644 ./unicode/bytestream.h /usr/include/unicode
/usr/bin/install -c -m 644 ./unicode/bytestriebuilder.h /usr/include/unicode
/usr/bin/install -c -m 644 ./unicode/bytestrie.h /usr/include/unicode
/usr/bin/install -c -m 644 ./unicode/caniter.h /usr/include/unicode
/usr/bin/install -c -m 644 ./unicode/chariter.h /usr/include/unicode
/usr/bin/install -c -m 644 ./unicode/dbbi.h /usr/include/unicode
/usr/bin/install -c -m 644 ./unicode/docmain.h /usr/include/unicode
/usr/bin/install -c -m 644 ./unicode/dtintrv.h /usr/include/unicode
/usr/bin/install -c -m 644 ./unicode/enumset.h /usr/include/unicode
/usr/bin/install -c -m 644 ./unicode/errorcode.h /usr/include/unicode
/usr/bin/install -c -m 644 ./unicode/filteredbrk.h /usr/include/unicode
/usr/bin/install -c -m 644 ./unicode/icudataver.h /usr/include/unicode
/usr/bin/install -c -m 644 ./unicode/icuplug.h /usr/include/unicode
/usr/bin/install -c -m 644 ./unicode/idna.h /usr/include/unicode
/usr/bin/install -c -m 644 ./unicode/listformatter.h /usr/include/unicode
/usr/bin/install -c -m 644 ./unicode/localpointer.h /usr/include/unicode
/usr/bin/install -c -m 644 ./unicode/locid.h /usr/include/unicode
/usr/bin/install -c -m 644 ./unicode/messagepattern.h /usr/include/unicode
/usr/bin/install -c -m 644 ./unicode/normalizer2.h /usr/include/unicode
/usr/bin/install -c -m 644 ./unicode/normlzr.h /usr/include/unicode
/usr/bin/install -c -m 644 ./unicode/parseerr.h /usr/include/unicode
/usr/bin/install -c -m 644 ./unicode/parsepos.h /usr/include/unicode
/usr/bin/install -c -m 644 ./unicode/platform.h /usr/include/unicode
/usr/bin/install -c -m 644 ./unicode/ptypes.h /usr/include/unicode
/usr/bin/install -c -m 644 ./unicode/putil.h /usr/include/unicode
/usr/bin/install -c -m 644 ./unicode/rbbi.h /usr/include/unicode
/usr/bin/install -c -m 644 ./unicode/rep.h /usr/include/unicode
/usr/bin/install -c -m 644 ./unicode/resbund.h /usr/include/unicode
/usr/bin/install -c -m 644 ./unicode/schriter.h /usr/include/unicode
/usr/bin/install -c -m 644 ./unicode/std_string.h /usr/include/unicode
/usr/bin/install -c -m 644 ./unicode/strenum.h /usr/include/unicode
/usr/bin/install -c -m 644 ./unicode/stringpiece.h /usr/include/unicode
/usr/bin/install -c -m 644 ./unicode/stringtriebuilder.h /usr/include/unicode
/usr/bin/install -c -m 644 ./unicode/symtable.h /usr/include/unicode
/usr/bin/install -c -m 644 ./unicode/ubidi.h /usr/include/unicode
/usr/bin/install -c -m 644 ./unicode/ubrk.h /usr/include/unicode
/usr/bin/install -c -m 644 ./unicode/ucasemap.h /usr/include/unicode
/usr/bin/install -c -m 644 ./unicode/ucat.h /usr/include/unicode
/usr/bin/install -c -m 644 ./unicode/uchar.h /usr/include/unicode
/usr/bin/install -c -m 644 ./unicode/ucharstriebuilder.h /usr/include/unicode
/usr/bin/install -c -m 644 ./unicode/ucharstrie.h /usr/include/unicode
/usr/bin/install -c -m 644 ./unicode/uchriter.h /usr/include/unicode
/usr/bin/install -c -m 644 ./unicode/uclean.h /usr/include/unicode
/usr/bin/install -c -m 644 ./unicode/ucnv_cb.h /usr/include/unicode
/usr/bin/install -c -m 644 ./unicode/ucnv_err.h /usr/include/unicode
/usr/bin/install -c -m 644 ./unicode/ucnv.h /usr/include/unicode
/usr/bin/install -c -m 644 ./unicode/ucnvsel.h /usr/include/unicode
/usr/bin/install -c -m 644 ./unicode/uconfig.h /usr/include/unicode
/usr/bin/install -c -m 644 ./unicode/udata.h /usr/include/unicode
/usr/bin/install -c -m 644 ./unicode/uenum.h /usr/include/unicode
/usr/bin/install -c -m 644 ./unicode/uidna.h /usr/include/unicode
/usr/bin/install -c -m 644 ./unicode/uiter.h /usr/include/unicode
/usr/bin/install -c -m 644 ./unicode/ulistformatter.h /usr/include/unicode
/usr/bin/install -c -m 644 ./unicode/uloc.h /usr/include/unicode
/usr/bin/install -c -m 644 ./unicode/umachine.h /usr/include/unicode
/usr/bin/install -c -m 644 ./unicode/umisc.h /usr/include/unicode
/usr/bin/install -c -m 644 ./unicode/unifilt.h /usr/include/unicode
/usr/bin/install -c -m 644 ./unicode/unifunct.h /usr/include/unicode
/usr/bin/install -c -m 644 ./unicode/unimatch.h /usr/include/unicode
/usr/bin/install -c -m 644 ./unicode/uniset.h /usr/include/unicode
/usr/bin/install -c -m 644 ./unicode/unistr.h /usr/include/unicode
/usr/bin/install -c -m 644 ./unicode/unorm2.h /usr/include/unicode
/usr/bin/install -c -m 644 ./unicode/unorm.h /usr/include/unicode
/usr/bin/install -c -m 644 ./unicode/uobject.h /usr/include/unicode
/usr/bin/install -c -m 644 ./unicode/urename.h /usr/include/unicode
/usr/bin/install -c -m 644 ./unicode/urep.h /usr/include/unicode
/usr/bin/install -c -m 644 ./unicode/ures.h /usr/include/unicode
/usr/bin/install -c -m 644 ./unicode/uscript.h /usr/include/unicode
/usr/bin/install -c -m 644 ./unicode/uset.h /usr/include/unicode
/usr/bin/install -c -m 644 ./unicode/usetiter.h /usr/include/unicode
/usr/bin/install -c -m 644 ./unicode/ushape.h /usr/include/unicode
/usr/bin/install -c -m 644 ./unicode/usprep.h /usr/include/unicode
/usr/bin/install -c -m 644 ./unicode/ustring.h /usr/include/unicode
/usr/bin/install -c -m 644 ./unicode/ustringtrie.h /usr/include/unicode
/usr/bin/install -c -m 644 ./unicode/utext.h /usr/include/unicode
/usr/bin/install -c -m 644 ./unicode/utf16.h /usr/include/unicode
/usr/bin/install -c -m 644 ./unicode/utf32.h /usr/include/unicode
/usr/bin/install -c -m 644 ./unicode/utf8.h /usr/include/unicode
/usr/bin/install -c -m 644 ./unicode/utf.h /usr/include/unicode
/usr/bin/install -c -m 644 ./unicode/utf_old.h /usr/include/unicode
/usr/bin/install -c -m 644 ./unicode/utrace.h /usr/include/unicode
/usr/bin/install -c -m 644 ./unicode/utypes.h /usr/include/unicode
/usr/bin/install -c -m 644 ./unicode/uvernum.h /usr/include/unicode
/usr/bin/install -c -m 644 ./unicode/uversion.h /usr/include/unicode
/bin/sh ../mkinstalldirs /usr/lib
/usr/bin/install -c ../lib/libicuuc.so.56.1 /usr/lib
cd /usr/lib && rm -f libicuuc.so && ln -s libicuuc.so.56.1 libicuuc.so
cd /usr/lib && rm -f libicuuc.so.56 && ln -s libicuuc.so.56.1 libicuuc.so.56
make[1]: Leaving directory '/sources/7.9/icu-56.1/source/common'
make[0]: Making `install' in `i18n'
make[1]: Entering directory '/sources/7.9/icu-56.1/source/i18n'
/bin/sh ../mkinstalldirs /usr/include/unicode
/usr/bin/install -c -m 644 ./unicode/alphaindex.h /usr/include/unicode
/usr/bin/install -c -m 644 ./unicode/basictz.h /usr/include/unicode
/usr/bin/install -c -m 644 ./unicode/calendar.h /usr/include/unicode
/usr/bin/install -c -m 644 ./unicode/choicfmt.h /usr/include/unicode
/usr/bin/install -c -m 644 ./unicode/coleitr.h /usr/include/unicode
/usr/bin/install -c -m 644 ./unicode/coll.h /usr/include/unicode
/usr/bin/install -c -m 644 ./unicode/compactdecimalformat.h /usr/include/unicode
/usr/bin/install -c -m 644 ./unicode/curramt.h /usr/include/unicode
/usr/bin/install -c -m 644 ./unicode/currpinf.h /usr/include/unicode
/usr/bin/install -c -m 644 ./unicode/currunit.h /usr/include/unicode
/usr/bin/install -c -m 644 ./unicode/datefmt.h /usr/include/unicode
/usr/bin/install -c -m 644 ./unicode/dcfmtsym.h /usr/include/unicode
/usr/bin/install -c -m 644 ./unicode/decimfmt.h /usr/include/unicode
/usr/bin/install -c -m 644 ./unicode/dtfmtsym.h /usr/include/unicode
/usr/bin/install -c -m 644 ./unicode/dtitvfmt.h /usr/include/unicode
/usr/bin/install -c -m 644 ./unicode/dtitvinf.h /usr/include/unicode
/usr/bin/install -c -m 644 ./unicode/dtptngen.h /usr/include/unicode
/usr/bin/install -c -m 644 ./unicode/dtrule.h /usr/include/unicode
/usr/bin/install -c -m 644 ./unicode/fieldpos.h /usr/include/unicode
/usr/bin/install -c -m 644 ./unicode/fmtable.h /usr/include/unicode
/usr/bin/install -c -m 644 ./unicode/format.h /usr/include/unicode
/usr/bin/install -c -m 644 ./unicode/fpositer.h /usr/include/unicode
/usr/bin/install -c -m 644 ./unicode/gender.h /usr/include/unicode
/usr/bin/install -c -m 644 ./unicode/gregocal.h /usr/include/unicode
/usr/bin/install -c -m 644 ./unicode/locdspnm.h /usr/include/unicode
/usr/bin/install -c -m 644 ./unicode/measfmt.h /usr/include/unicode
/usr/bin/install -c -m 644 ./unicode/measunit.h /usr/include/unicode
/usr/bin/install -c -m 644 ./unicode/measure.h /usr/include/unicode
/usr/bin/install -c -m 644 ./unicode/msgfmt.h /usr/include/unicode
/usr/bin/install -c -m 644 ./unicode/numfmt.h /usr/include/unicode
/usr/bin/install -c -m 644 ./unicode/numsys.h /usr/include/unicode
/usr/bin/install -c -m 644 ./unicode/plurfmt.h /usr/include/unicode
/usr/bin/install -c -m 644 ./unicode/plurrule.h /usr/include/unicode
/usr/bin/install -c -m 644 ./unicode/rbnf.h /usr/include/unicode
/usr/bin/install -c -m 644 ./unicode/rbtz.h /usr/include/unicode
/usr/bin/install -c -m 644 ./unicode/regex.h /usr/include/unicode
/usr/bin/install -c -m 644 ./unicode/region.h /usr/include/unicode
/usr/bin/install -c -m 644 ./unicode/reldatefmt.h /usr/include/unicode
/usr/bin/install -c -m 644 ./unicode/scientificnumberformatter.h /usr/include/unicode
/usr/bin/install -c -m 644 ./unicode/search.h /usr/include/unicode
/usr/bin/install -c -m 644 ./unicode/selfmt.h /usr/include/unicode
/usr/bin/install -c -m 644 ./unicode/simpletz.h /usr/include/unicode
/usr/bin/install -c -m 644 ./unicode/smpdtfmt.h /usr/include/unicode
/usr/bin/install -c -m 644 ./unicode/sortkey.h /usr/include/unicode
/usr/bin/install -c -m 644 ./unicode/stsearch.h /usr/include/unicode
/usr/bin/install -c -m 644 ./unicode/tblcoll.h /usr/include/unicode
/usr/bin/install -c -m 644 ./unicode/timezone.h /usr/include/unicode
/usr/bin/install -c -m 644 ./unicode/tmunit.h /usr/include/unicode
/usr/bin/install -c -m 644 ./unicode/tmutamt.h /usr/include/unicode
/usr/bin/install -c -m 644 ./unicode/tmutfmt.h /usr/include/unicode
/usr/bin/install -c -m 644 ./unicode/translit.h /usr/include/unicode
/usr/bin/install -c -m 644 ./unicode/tzfmt.h /usr/include/unicode
/usr/bin/install -c -m 644 ./unicode/tznames.h /usr/include/unicode
/usr/bin/install -c -m 644 ./unicode/tzrule.h /usr/include/unicode
/usr/bin/install -c -m 644 ./unicode/tztrans.h /usr/include/unicode
/usr/bin/install -c -m 644 ./unicode/ucal.h /usr/include/unicode
/usr/bin/install -c -m 644 ./unicode/ucoleitr.h /usr/include/unicode
/usr/bin/install -c -m 644 ./unicode/ucol.h /usr/include/unicode
/usr/bin/install -c -m 644 ./unicode/ucsdet.h /usr/include/unicode
/usr/bin/install -c -m 644 ./unicode/ucurr.h /usr/include/unicode
/usr/bin/install -c -m 644 ./unicode/udateintervalformat.h /usr/include/unicode
/usr/bin/install -c -m 644 ./unicode/udat.h /usr/include/unicode
/usr/bin/install -c -m 644 ./unicode/udatpg.h /usr/include/unicode
/usr/bin/install -c -m 644 ./unicode/udisplaycontext.h /usr/include/unicode
/usr/bin/install -c -m 644 ./unicode/ufieldpositer.h /usr/include/unicode
/usr/bin/install -c -m 644 ./unicode/uformattable.h /usr/include/unicode
/usr/bin/install -c -m 644 ./unicode/ugender.h /usr/include/unicode
/usr/bin/install -c -m 644 ./unicode/uldnames.h /usr/include/unicode
/usr/bin/install -c -m 644 ./unicode/ulocdata.h /usr/include/unicode
/usr/bin/install -c -m 644 ./unicode/umsg.h /usr/include/unicode
/usr/bin/install -c -m 644 ./unicode/unirepl.h /usr/include/unicode
/usr/bin/install -c -m 644 ./unicode/unum.h /usr/include/unicode
/usr/bin/install -c -m 644 ./unicode/unumsys.h /usr/include/unicode
/usr/bin/install -c -m 644 ./unicode/upluralrules.h /usr/include/unicode
/usr/bin/install -c -m 644 ./unicode/uregex.h /usr/include/unicode
/usr/bin/install -c -m 644 ./unicode/uregion.h /usr/include/unicode
/usr/bin/install -c -m 644 ./unicode/usearch.h /usr/include/unicode
/usr/bin/install -c -m 644 ./unicode/uspoof.h /usr/include/unicode
/usr/bin/install -c -m 644 ./unicode/utmscale.h /usr/include/unicode
/usr/bin/install -c -m 644 ./unicode/utrans.h /usr/include/unicode
/usr/bin/install -c -m 644 ./unicode/vtzone.h /usr/include/unicode
/bin/sh ../mkinstalldirs /usr/lib
/usr/bin/install -c ../lib/libicui18n.so.56.1 /usr/lib
cd /usr/lib && rm -f libicui18n.so && ln -s libicui18n.so.56.1 libicui18n.so
cd /usr/lib && rm -f libicui18n.so.56 && ln -s libicui18n.so.56.1 libicui18n.so.56
make[1]: Leaving directory '/sources/7.9/icu-56.1/source/i18n'
make[0]: Making `install' in `layout'
make[1]: Entering directory '/sources/7.9/icu-56.1/source/layout'
/bin/sh ../mkinstalldirs /usr/include/layout
mkdir /usr/include/layout
/usr/bin/install -c -m 644 ./LayoutEngine.h /usr/include/layout
/usr/bin/install -c -m 644 ./LEFontInstance.h /usr/include/layout
/usr/bin/install -c -m 644 ./LEGlyphFilter.h /usr/include/layout
/usr/bin/install -c -m 644 ./LEGlyphStorage.h /usr/include/layout
/usr/bin/install -c -m 644 ./LEInsertionList.h /usr/include/layout
/usr/bin/install -c -m 644 ./LELanguages.h /usr/include/layout
/usr/bin/install -c -m 644 ./LEScripts.h /usr/include/layout
/usr/bin/install -c -m 644 ./LESwaps.h /usr/include/layout
/usr/bin/install -c -m 644 ./LETableReference.h /usr/include/layout
/usr/bin/install -c -m 644 ./LETypes.h /usr/include/layout
/usr/bin/install -c -m 644 ./loengine.h /usr/include/layout
/bin/sh ../mkinstalldirs /usr/lib
/usr/bin/install -c ../lib/libicule.so.56.1 /usr/lib
cd /usr/lib && rm -f libicule.so && ln -s libicule.so.56.1 libicule.so
cd /usr/lib && rm -f libicule.so.56 && ln -s libicule.so.56.1 libicule.so.56
make[1]: Leaving directory '/sources/7.9/icu-56.1/source/layout'
make[0]: Making `install' in `layoutex'
make[1]: Entering directory '/sources/7.9/icu-56.1/source/layoutex'
/bin/sh ../mkinstalldirs /usr/include/layout
/usr/bin/install -c -m 644 ./layout/ParagraphLayout.h /usr/include/layout
/usr/bin/install -c -m 644 ./layout/RunArrays.h /usr/include/layout
/usr/bin/install -c -m 644 ./layout/playout.h /usr/include/layout
/usr/bin/install -c -m 644 ./layout/plruns.h /usr/include/layout
/bin/sh ../mkinstalldirs /usr/lib
/usr/bin/install -c ../lib/libiculx.so.56.1 /usr/lib
cd /usr/lib && rm -f libiculx.so && ln -s libiculx.so.56.1 libiculx.so
cd /usr/lib && rm -f libiculx.so.56 && ln -s libiculx.so.56.1 libiculx.so.56
Installing icu-lx.pc
make ALL_PKGCONFIG_SUFFIX=lx -C .. install-pkgconfig
make[2]: Entering directory '/sources/7.9/icu-56.1/source'
/usr/bin/install -c -m 644 ./config/icu-lx.pc /usr/lib/pkgconfig/
make[2]: Leaving directory '/sources/7.9/icu-56.1/source'
make[1]: Leaving directory '/sources/7.9/icu-56.1/source/layoutex'
make[0]: Making `install' in `io'
make[1]: Entering directory '/sources/7.9/icu-56.1/source/io'
/bin/sh ../mkinstalldirs /usr/include/unicode
/usr/bin/install -c -m 644 ./unicode/ustdio.h /usr/include/unicode
/usr/bin/install -c -m 644 ./unicode/ustream.h /usr/include/unicode
/bin/sh ../mkinstalldirs /usr/lib
/usr/bin/install -c ../lib/libicuio.so.56.1 /usr/lib
cd /usr/lib && rm -f libicuio.so && ln -s libicuio.so.56.1 libicuio.so
cd /usr/lib && rm -f libicuio.so.56 && ln -s libicuio.so.56.1 libicuio.so.56
make[1]: Leaving directory '/sources/7.9/icu-56.1/source/io'
make[0]: Making `install' in `tools'
make[1]: Entering directory '/sources/7.9/icu-56.1/source/tools'
make[1]: Making `install' in `toolutil'
make[2]: Entering directory '/sources/7.9/icu-56.1/source/tools/toolutil'
/bin/sh ../../mkinstalldirs /usr/lib
/usr/bin/install -c ../../lib/libicutu.so.56.1 /usr/lib
cd /usr/lib && rm -f libicutu.so && ln -s libicutu.so.56.1 libicutu.so
cd /usr/lib && rm -f libicutu.so.56 && ln -s libicutu.so.56.1 libicutu.so.56
make[2]: Leaving directory '/sources/7.9/icu-56.1/source/tools/toolutil'
make[1]: Making `install' in `ctestfw'
make[2]: Entering directory '/sources/7.9/icu-56.1/source/tools/ctestfw'
/bin/sh ../../mkinstalldirs /usr/lib
/usr/bin/install -c libicutest.so.56.1 /usr/lib
cd /usr/lib && rm -f libicutest.so && ln -s libicutest.so.56.1 libicutest.so
cd /usr/lib && rm -f libicutest.so.56 && ln -s libicutest.so.56.1 libicutest.so.56
make[2]: Leaving directory '/sources/7.9/icu-56.1/source/tools/ctestfw'
make[1]: Making `install' in `makeconv'
make[2]: Entering directory '/sources/7.9/icu-56.1/source/tools/makeconv'
/bin/sh ../../mkinstalldirs /usr/share/man/man1
/usr/bin/install -c -m 644 makeconv.1 /usr/share/man/man1
/bin/sh ../../mkinstalldirs /usr/bin
/usr/bin/install -c ../../bin/makeconv /usr/bin
make[2]: Leaving directory '/sources/7.9/icu-56.1/source/tools/makeconv'
make[1]: Making `install' in `genrb'
make[2]: Entering directory '/sources/7.9/icu-56.1/source/tools/genrb'
/bin/sh ../../mkinstalldirs /usr/share/man/man1
/usr/bin/install -c -m 644 genrb.1 derb.1 /usr/share/man/man1
/bin/sh ../../mkinstalldirs /usr/bin
/usr/bin/install -c ../../bin/genrb /usr/bin
/usr/bin/install -c ../../bin/derb /usr/bin
make[2]: Leaving directory '/sources/7.9/icu-56.1/source/tools/genrb'
make[1]: Making `install' in `genbrk'
make[2]: Entering directory '/sources/7.9/icu-56.1/source/tools/genbrk'
/bin/sh ../../mkinstalldirs /usr/share/man/man1
/usr/bin/install -c -m 644 genbrk.1 /usr/share/man/man1
/bin/sh ../../mkinstalldirs /usr/bin
/usr/bin/install -c ../../bin/genbrk /usr/bin
make[2]: Leaving directory '/sources/7.9/icu-56.1/source/tools/genbrk'
make[1]: Making `install' in `gencnval'
make[2]: Entering directory '/sources/7.9/icu-56.1/source/tools/gencnval'
/bin/sh ../../mkinstalldirs /usr/share/man/man1
/usr/bin/install -c -m 644 gencnval.1 /usr/share/man/man1
/bin/sh ../../mkinstalldirs /usr/bin
/usr/bin/install -c ../../bin/gencnval /usr/bin
make[2]: Leaving directory '/sources/7.9/icu-56.1/source/tools/gencnval'
make[1]: Making `install' in `gensprep'
make[2]: Entering directory '/sources/7.9/icu-56.1/source/tools/gensprep'
/bin/sh ../../mkinstalldirs /usr/share/man/man8
/usr/bin/install -c -m 644 gensprep.8 /usr/share/man/man8
/bin/sh ../../mkinstalldirs /usr/sbin
/usr/bin/install -c ../../bin/gensprep /usr/sbin
make[2]: Leaving directory '/sources/7.9/icu-56.1/source/tools/gensprep'
make[1]: Making `install' in `icuinfo'
make[2]: Entering directory '/sources/7.9/icu-56.1/source/tools/icuinfo'
/bin/sh ../../mkinstalldirs /usr/bin
/usr/bin/install -c icuinfo /usr/bin
make[2]: Leaving directory '/sources/7.9/icu-56.1/source/tools/icuinfo'
make[1]: Making `install' in `genccode'
make[2]: Entering directory '/sources/7.9/icu-56.1/source/tools/genccode'
/bin/sh ../../mkinstalldirs /usr/share/man/man8
/usr/bin/install -c -m 644 genccode.8 /usr/share/man/man8
/bin/sh ../../mkinstalldirs /usr/sbin
/usr/bin/install -c ../../bin/genccode /usr/sbin
make[2]: Leaving directory '/sources/7.9/icu-56.1/source/tools/genccode'
make[1]: Making `install' in `gencmn'
make[2]: Entering directory '/sources/7.9/icu-56.1/source/tools/gencmn'
/bin/sh ../../mkinstalldirs /usr/share/man/man8
/usr/bin/install -c -m 644 gencmn.8 /usr/share/man/man8
/bin/sh ../../mkinstalldirs /usr/sbin
/usr/bin/install -c ../../bin/gencmn /usr/sbin
make[2]: Leaving directory '/sources/7.9/icu-56.1/source/tools/gencmn'
make[1]: Making `install' in `icupkg'
make[2]: Entering directory '/sources/7.9/icu-56.1/source/tools/icupkg'
/bin/sh ../../mkinstalldirs /usr/share/man/man8
/usr/bin/install -c -m 644 icupkg.8 /usr/share/man/man8
/bin/sh ../../mkinstalldirs /usr/sbin
/usr/bin/install -c ../../bin/icupkg /usr/sbin
make[2]: Leaving directory '/sources/7.9/icu-56.1/source/tools/icupkg'
make[1]: Making `install' in `pkgdata'
make[2]: Entering directory '/sources/7.9/icu-56.1/source/tools/pkgdata'
/bin/sh ../../mkinstalldirs /usr/share/man/man1
/usr/bin/install -c -m 644 pkgdata.1 /usr/share/man/man1
/bin/sh ../../mkinstalldirs /usr/bin
/usr/bin/install -c ../../bin/pkgdata /usr/bin
make[2]: Leaving directory '/sources/7.9/icu-56.1/source/tools/pkgdata'
make[1]: Making `install' in `gentest'
make[2]: Entering directory '/sources/7.9/icu-56.1/source/tools/gentest'
make[2]: Nothing to be done for 'install'.
make[2]: Leaving directory '/sources/7.9/icu-56.1/source/tools/gentest'
make[1]: Making `install' in `gennorm2'
make[2]: Entering directory '/sources/7.9/icu-56.1/source/tools/gennorm2'
/bin/sh ../../mkinstalldirs /usr/sbin
/usr/bin/install -c ../../bin/gennorm2 /usr/sbin
make[2]: Leaving directory '/sources/7.9/icu-56.1/source/tools/gennorm2'
make[1]: Making `install' in `gencfu'
make[2]: Entering directory '/sources/7.9/icu-56.1/source/tools/gencfu'
/bin/sh ../../mkinstalldirs /usr/share/man/man1
/usr/bin/install -c -m 644 gencfu.1 /usr/share/man/man1
/bin/sh ../../mkinstalldirs /usr/bin
/usr/bin/install -c ../../bin/gencfu /usr/bin
make[2]: Leaving directory '/sources/7.9/icu-56.1/source/tools/gencfu'
make[1]: Making `install' in `gendict'
make[2]: Entering directory '/sources/7.9/icu-56.1/source/tools/gendict'
/bin/sh ../../mkinstalldirs /usr/share/man/man1
/usr/bin/install -c -m 644 gendict.1 /usr/share/man/man1
/bin/sh ../../mkinstalldirs /usr/bin
/usr/bin/install -c ../../bin/gendict /usr/bin
make[2]: Leaving directory '/sources/7.9/icu-56.1/source/tools/gendict'
make[2]: Entering directory '/sources/7.9/icu-56.1/source/tools'
make[2]: Nothing to be done for 'install-local'.
make[2]: Leaving directory '/sources/7.9/icu-56.1/source/tools'
make[1]: Leaving directory '/sources/7.9/icu-56.1/source/tools'
make[0]: Making `install' in `data'
make[1]: Entering directory '/sources/7.9/icu-56.1/source/data'
/bin/sh ../mkinstalldirs  /usr/lib
LD_LIBRARY_PATH=../stubdata:../tools/ctestfw:../lib:$LD_LIBRARY_PATH  ../bin/pkgdata -O ../data/icupkg.inc -q -c -s /sources/7.9/icu-56.1/source/data/out/build/icudt56l -d ../lib -m dll -r 56.1 -e icudt56  -T ./out/tmp -s ./out/build/icudt56l -p icudt56l -L icudata ./out/tmp/icudata.lst -I /usr/lib
pkgdata: cd ../lib/ && /usr/bin/install -c libicudata.so.56.1 /usr/lib/libicudata.so.56.1
pkgdata: cd /usr/lib && rm -f libicudata.so.56 && ln -s libicudata.so.56.1 libicudata.so.56
pkgdata: cd /usr/lib && rm -f libicudata.so && ln -s libicudata.so.56.1 libicudata.so
make[1]: Leaving directory '/sources/7.9/icu-56.1/source/data'
make[0]: Making `install' in `extra'
make[1]: Entering directory '/sources/7.9/icu-56.1/source/extra'
make[1]: Making `install' in `uconv'
make[2]: Entering directory '/sources/7.9/icu-56.1/source/extra/uconv'
/bin/sh ../../mkinstalldirs /usr/bin
/usr/bin/install -c ../../bin/uconv /usr/bin
/bin/sh ../../mkinstalldirs /usr/share/man/man1
/usr/bin/install -c -m 644 uconv.1 /usr/share/man/man1
make[2]: Leaving directory '/sources/7.9/icu-56.1/source/extra/uconv'
make[2]: Entering directory '/sources/7.9/icu-56.1/source/extra'
make[2]: Nothing to be done for 'install-local'.
make[2]: Leaving directory '/sources/7.9/icu-56.1/source/extra'
make[1]: Leaving directory '/sources/7.9/icu-56.1/source/extra'
make[0]: Making `install' in `samples'
make[1]: Entering directory '/sources/7.9/icu-56.1/source/samples'
make[1]: Making `install' in `date'
make[2]: Entering directory '/sources/7.9/icu-56.1/source/samples/date'
make[2]: Nothing to be done for 'install'.
make[2]: Leaving directory '/sources/7.9/icu-56.1/source/samples/date'
make[1]: Making `install' in `cal'
make[2]: Entering directory '/sources/7.9/icu-56.1/source/samples/cal'
make[2]: Nothing to be done for 'install'.
make[2]: Leaving directory '/sources/7.9/icu-56.1/source/samples/cal'
make[2]: Entering directory '/sources/7.9/icu-56.1/source/samples'
make[2]: Nothing to be done for 'install-local'.
make[2]: Leaving directory '/sources/7.9/icu-56.1/source/samples'
make[1]: Leaving directory '/sources/7.9/icu-56.1/source/samples'
make[0]: Making `install' in `test'
make[1]: Entering directory '/sources/7.9/icu-56.1/source/test'
make[1]: Making `install' in `testdata'
make[2]: Entering directory '/sources/7.9/icu-56.1/source/test/testdata'
make[2]: Nothing to be done for 'install'.
make[2]: Leaving directory '/sources/7.9/icu-56.1/source/test/testdata'
make[1]: Making `install' in `intltest'
make[2]: Entering directory '/sources/7.9/icu-56.1/source/test/intltest'
make[2]: Nothing to be done for 'install'.
make[2]: Leaving directory '/sources/7.9/icu-56.1/source/test/intltest'
make[1]: Making `install' in `iotest'
make[2]: Entering directory '/sources/7.9/icu-56.1/source/test/iotest'
make[2]: Nothing to be done for 'install'.
make[2]: Leaving directory '/sources/7.9/icu-56.1/source/test/iotest'
make[1]: Making `install' in `cintltst'
make[2]: Entering directory '/sources/7.9/icu-56.1/source/test/cintltst'
make[2]: Nothing to be done for 'install'.
make[2]: Leaving directory '/sources/7.9/icu-56.1/source/test/cintltst'
make[1]: Making `install' in `letest'
make[2]: Entering directory '/sources/7.9/icu-56.1/source/test/letest'
make[2]: Nothing to be done for 'install'.
make[2]: Leaving directory '/sources/7.9/icu-56.1/source/test/letest'
make[2]: Entering directory '/sources/7.9/icu-56.1/source/test'
make[2]: Nothing to be done for 'install-local'.
make[2]: Leaving directory '/sources/7.9/icu-56.1/source/test'
make[1]: Leaving directory '/sources/7.9/icu-56.1/source/test'
make[1]: Entering directory '/sources/7.9/icu-56.1/source'
mkdir /usr/share/icu
mkdir /usr/share/icu/56.1
mkdir /usr/share/icu/56.1/config
mkdir /usr/lib/icu
mkdir /usr/lib/icu/56.1
/usr/bin/install -c -m 644 ./config/mh-linux /usr/share/icu/56.1/config/mh-linux
/usr/bin/install -c ./mkinstalldirs /usr/share/icu/56.1/mkinstalldirs
/usr/bin/install -c ./install-sh /usr/share/icu/56.1/install-sh
/usr/bin/install -c -m 644 ./config/icu-uc.pc ./config/icu-i18n.pc ./config/icu-le.pc ./config/icu-lx.pc ./config/icu-io.pc /usr/lib/pkgconfig/
/usr/bin/install -c -m 644 ./../license.html /usr/share/icu/56.1/license.html
/usr/bin/install -c ./config/icu-config /usr/bin/icu-config
/usr/bin/install -c -m 644 ./config/Makefile.inc /usr/lib/icu/56.1/Makefile.inc
/usr/bin/install -c -m 644 ./config/pkgdata.inc /usr/lib/icu/56.1/pkgdata.inc
cd /usr/lib/icu/56.1/..; \
    rm -f current && ln -s 56.1 current; \
    rm -f Makefile.inc && ln -s current/Makefile.inc Makefile.inc; \
    rm -f pkgdata.inc && ln -s current/pkgdata.inc pkgdata.inc
cd . \
 && CONFIG_FILES=./config/icu-config.1 CONFIG_HEADERS= /bin/sh ./config.status
config.status: creating ./config/icu-config.1
/bin/sh ./mkinstalldirs /usr/share/man/man1
/usr/bin/install -c -m 644 config/icu-config.1 /usr/share/man/man1
make[1]: Leaving directory '/sources/7.9/icu-56.1/source'
/usr/bin/install -c -m 644 ./config/mh-linux /usr/share/icu/56.1/config/mh-linux
/usr/bin/install -c ./mkinstalldirs /usr/share/icu/56.1/mkinstalldirs
/usr/bin/install -c ./install-sh /usr/share/icu/56.1/install-sh
/usr/bin/install -c -m 644 ./config/icu-uc.pc ./config/icu-i18n.pc ./config/icu-le.pc ./config/icu-lx.pc ./config/icu-io.pc /usr/lib/pkgconfig/
/usr/bin/install -c -m 644 ./../license.html /usr/share/icu/56.1/license.html
/usr/bin/install -c ./config/icu-config /usr/bin/icu-config
/usr/bin/install -c -m 644 ./config/Makefile.inc /usr/lib/icu/56.1/Makefile.inc
/usr/bin/install -c -m 644 ./config/pkgdata.inc /usr/lib/icu/56.1/pkgdata.inc
cd /usr/lib/icu/56.1/..; \
    rm -f current && ln -s 56.1 current; \
    rm -f Makefile.inc && ln -s current/Makefile.inc Makefile.inc; \
    rm -f pkgdata.inc && ln -s current/pkgdata.inc pkgdata.inc
/bin/sh ./mkinstalldirs /usr/share/man/man1
/usr/bin/install -c -m 644 config/icu-config.1 /usr/share/man/man1
