checking for a BSD-compatible install... /usr/bin/install -c
checking whether build environment is sane... yes
checking for a thread-safe mkdir -p... /bin/mkdir -p
checking for gawk... gawk
checking whether make sets $(MAKE)... yes
checking whether make supports nested variables... yes
checking whether UID '1000' is supported by ustar format... yes
checking whether GID '1000' is supported by ustar format... yes
checking how to create a ustar tar archive... gnutar
checking whether to enable maintainer-specific portions of Makefiles... yes
checking whether make supports nested variables... (cached) yes
checking for gcc... gcc
checking whether the C compiler works... yes
checking for C compiler default output file name... a.out
checking for suffix of executables... 
checking whether we are cross compiling... no
checking for suffix of object files... o
checking whether we are using the GNU C compiler... yes
checking whether gcc accepts -g... yes
checking for gcc option to accept ISO C89... none needed
checking whether gcc understands -c and -o together... yes
checking for style of include used by make... GNU
checking dependency style of gcc... gcc3
checking for pkg-config... /usr/bin/pkg-config
checking pkg-config is at least version 0.9.0... yes
checking build system type... x86_64-unknown-linux-gnu
checking host system type... x86_64-unknown-linux-gnu
checking how to print strings... printf
checking for a sed that does not truncate output... /bin/sed
checking for grep that handles long lines and -e... /bin/grep
checking for egrep... /bin/grep -E
checking for fgrep... /bin/grep -F
checking for ld used by gcc... /usr/bin/ld
checking if the linker (/usr/bin/ld) is GNU ld... yes
checking for BSD- or MS-compatible name lister (nm)... /usr/bin/nm -B
checking the name lister (/usr/bin/nm -B) interface... BSD nm
checking whether ln -s works... yes
checking the maximum length of command line arguments... 1572864
checking how to convert x86_64-unknown-linux-gnu file names to x86_64-unknown-linux-gnu format... func_convert_file_noop
checking how to convert x86_64-unknown-linux-gnu file names to toolchain format... func_convert_file_noop
checking for /usr/bin/ld option to reload object files... -r
checking for objdump... objdump
checking how to recognize dependent libraries... pass_all
checking for dlltool... no
checking how to associate runtime and link libraries... printf %s\n
checking for ar... ar
checking for archiver @FILE support... @
checking for strip... strip
checking for ranlib... ranlib
checking command to parse /usr/bin/nm -B output from gcc object... ok
checking for sysroot... no
checking for a working dd... /bin/dd
checking how to truncate binary pipes... /bin/dd bs=4096 count=1
checking for mt... no
checking if : is a manifest tool... no
checking how to run the C preprocessor... gcc -E
checking for ANSI C header files... yes
checking for sys/types.h... yes
checking for sys/stat.h... yes
checking for stdlib.h... yes
checking for string.h... yes
checking for memory.h... yes
checking for strings.h... yes
checking for inttypes.h... yes
checking for stdint.h... yes
checking for unistd.h... yes
checking for dlfcn.h... yes
checking for objdir... .libs
checking if gcc supports -fno-rtti -fno-exceptions... no
checking for gcc option to produce PIC... -fPIC -DPIC
checking if gcc PIC flag -fPIC -DPIC works... yes
checking if gcc static flag -static works... yes
checking if gcc supports -c -o file.o... yes
checking if gcc supports -c -o file.o... (cached) yes
checking whether the gcc linker (/usr/bin/ld -m elf_x86_64) supports shared libraries... yes
checking whether -lc should be explicitly linked in... no
checking dynamic linker characteristics... GNU/Linux ld.so
checking how to hardcode library paths into programs... immediate
checking whether stripping libraries is possible... yes
checking if libtool supports shared libraries... yes
checking whether to build shared libraries... yes
checking whether to build static libraries... no
checking for unistd.h... (cached) yes
checking for glib-mkenums... /usr/bin/glib-mkenums
checking for glib-compile-resources... /usr/bin/glib-compile-resources
checking whether C compiler accepts -Werror=unknown-warning-option... no
checking whether C compiler accepts -fno-strict-aliasing... yes
checking whether C compiler accepts -Wall... yes
checking whether C compiler accepts -Wextra... yes
checking whether C compiler accepts -Wundef... yes
checking whether C compiler accepts -Wnested-externs... yes
checking whether C compiler accepts -Wwrite-strings... yes
checking whether C compiler accepts -Wpointer-arith... yes
checking whether C compiler accepts -Wmissing-declarations... yes
checking whether C compiler accepts -Wmissing-prototypes... yes
checking whether C compiler accepts -Wstrict-prototypes... yes
checking whether C compiler accepts -Wredundant-decls... yes
checking whether C compiler accepts -Wno-unused-parameter... yes
checking whether C compiler accepts -Wno-missing-field-initializers... yes
checking whether C compiler accepts -Wdeclaration-after-statement... yes
checking whether C compiler accepts -Wformat=2... yes
checking whether C compiler accepts -Wold-style-definition... yes
checking whether C compiler accepts -Wcast-align... yes
checking whether C compiler accepts -Wformat-nonliteral... yes
checking whether C compiler accepts -Wformat-security... yes
checking whether C compiler accepts -Wsign-compare... yes
checking whether C compiler accepts -Wstrict-aliasing... yes
checking whether C compiler accepts -Wshadow... yes
checking whether C compiler accepts -Winline... yes
checking whether C compiler accepts -Wpacked... yes
checking whether C compiler accepts -Wmissing-format-attribute... yes
checking whether C compiler accepts -Wmissing-noreturn... yes
checking whether C compiler accepts -Winit-self... yes
checking whether C compiler accepts -Wredundant-decls... (cached) yes
checking whether C compiler accepts -Wmissing-include-dirs... yes
checking whether C compiler accepts -Wunused-but-set-variable... yes
checking whether C compiler accepts -Warray-bounds... yes
checking whether C compiler accepts -Wimplicit-function-declaration... yes
checking whether C compiler accepts -Wreturn-type... yes
checking whether C compiler accepts -Wswitch-enum... yes
checking whether C compiler accepts -Wswitch-default... yes
checking whether C compiler accepts -Wno-error=unused-parameter... yes
checking whether C compiler accepts -Wno-error=missing-field-initializers... yes
checking whether C compiler accepts -Werror=unknown-warning-option... (cached) no
checking whether the linker accepts -Wl,--no-as-needed... yes
checking for DEP... yes
checking for native Mac OS X... checking for pkg-config... /usr/bin/pkg-config
no
checking whether NLS is requested... yes
checking for intltool >= 0.40... 0.51.0 found
checking for intltool-update... /usr/bin/intltool-update
checking for intltool-merge... /usr/bin/intltool-merge
checking for intltool-extract... /usr/bin/intltool-extract
checking for xgettext... /usr/bin/xgettext
checking for msgmerge... /usr/bin/msgmerge
checking for msgfmt... /usr/bin/msgfmt
checking for gmsgfmt... /usr/bin/msgfmt
checking for perl... /usr/bin/perl
checking for perl >= 5.8.1... 5.22.1
checking for XML::Parser... ok
checking for gtk-doc... no
checking for gtkdoc-check... no
checking for gtkdoc-check... no
checking for gtkdoc-rebase... no
checking for gtkdoc-mkpdf... no
checking whether to build gtk-doc documentation... no
checking for GTKDOC_DEPS... yes
checking for gobject-introspection... yes
checking whether to build with code coverage support... no
checking pkg-config is at least version 0.9.0... yes
checking for vapigen... yes
checking that generated files are newer than configure... done
configure: creating ./config.status
config.status: creating gtksourceview-3.0.pc
config.status: creating gtksourceview-zip
config.status: creating Makefile
config.status: creating data/Makefile
config.status: creating data/glade/Makefile
config.status: creating data/language-specs/Makefile
config.status: creating data/styles/Makefile
config.status: creating docs/Makefile
config.status: creating docs/reference/Makefile
config.status: creating gtksourceview/Makefile
config.status: creating gtksourceview/completion-providers/Makefile
config.status: creating gtksourceview/completion-providers/words/Makefile
config.status: creating po/Makefile.in
config.status: creating tests/Makefile
config.status: creating config.h
config.status: executing depfiles commands
config.status: executing libtool commands
config.status: executing po/stamp-it commands


Configuration:

	Source code location:	.
	Compiler:		gcc
	Completion Providers:	yes
	Glade Catalog:		no
	GObject introspection:	yes
	Vala:			yes

make  all-recursive
make[1]: Entering directory '/sources/7.9/gtksourceview-3.18.2'
Making all in gtksourceview
make[2]: Entering directory '/sources/7.9/gtksourceview-3.18.2/gtksourceview'
  GEN      gtksourceview-resources.c
  GEN      stamp-gtksourceview-typebuiltins.c
  GEN      stamp-gtksourceview-typebuiltins.h
make  all-recursive
make[3]: Entering directory '/sources/7.9/gtksourceview-3.18.2/gtksourceview'
Making all in completion-providers
make[4]: Entering directory '/sources/7.9/gtksourceview-3.18.2/gtksourceview/completion-providers'
Making all in words
make[5]: Entering directory '/sources/7.9/gtksourceview-3.18.2/gtksourceview/completion-providers/words'
  CC       libgtksourcecompletionwords_la-gtksourcecompletionwords.lo
  CC       libgtksourcecompletionwords_la-gtksourcecompletionwordsbuffer.lo
  CC       libgtksourcecompletionwords_la-gtksourcecompletionwordslibrary.lo
  CC       libgtksourcecompletionwords_la-gtksourcecompletionwordsproposal.lo
  CC       libgtksourcecompletionwords_la-gtksourcecompletionwordsutils.lo
  CCLD     libgtksourcecompletionwords.la
make[5]: Leaving directory '/sources/7.9/gtksourceview-3.18.2/gtksourceview/completion-providers/words'
make[5]: Entering directory '/sources/7.9/gtksourceview-3.18.2/gtksourceview/completion-providers'
make[5]: Nothing to be done for 'all-am'.
make[5]: Leaving directory '/sources/7.9/gtksourceview-3.18.2/gtksourceview/completion-providers'
make[4]: Leaving directory '/sources/7.9/gtksourceview-3.18.2/gtksourceview/completion-providers'
make[4]: Entering directory '/sources/7.9/gtksourceview-3.18.2/gtksourceview'
  CC       libgtksourceview_core_la-gtksourcebuffer.lo
  CC       libgtksourceview_core_la-gtksourcecompletion.lo
  CC       libgtksourceview_core_la-gtksourcecompletioncontext.lo
  CC       libgtksourceview_core_la-gtksourcecompletioninfo.lo
  CC       libgtksourceview_core_la-gtksourcecompletionitem.lo
  CC       libgtksourceview_core_la-gtksourcecompletionproposal.lo
  CC       libgtksourceview_core_la-gtksourcecompletionprovider.lo
  CC       libgtksourceview_core_la-gtksourceencoding.lo
  CC       libgtksourceview_core_la-gtksourcefile.lo
  CC       libgtksourceview_core_la-gtksourcefileloader.lo
  CC       libgtksourceview_core_la-gtksourcefilesaver.lo
  CC       libgtksourceview_core_la-gtksourcegutter.lo
  CC       libgtksourceview_core_la-gtksourcegutterrenderer.lo
  CC       libgtksourceview_core_la-gtksourcegutterrendererpixbuf.lo
  CC       libgtksourceview_core_la-gtksourcegutterrenderertext.lo
  CC       libgtksourceview_core_la-gtksourcelanguage.lo
  CC       libgtksourceview_core_la-gtksourcelanguagemanager.lo
  CC       libgtksourceview_core_la-gtksourcemap.lo
  CC       libgtksourceview_core_la-gtksourcemark.lo
  CC       libgtksourceview_core_la-gtksourcemarkattributes.lo
  CC       libgtksourceview_core_la-gtksourceprintcompositor.lo
  CC       libgtksourceview_core_la-gtksourcesearchcontext.lo
  CC       libgtksourceview_core_la-gtksourcesearchsettings.lo
  CC       libgtksourceview_core_la-gtksourcestyle.lo
  CC       libgtksourceview_core_la-gtksourcestylescheme.lo
  CC       libgtksourceview_core_la-gtksourcestyleschemechooser.lo
  CC       libgtksourceview_core_la-gtksourcestyleschemechooserbutton.lo
  CC       libgtksourceview_core_la-gtksourcestyleschemechooserwidget.lo
  CC       libgtksourceview_core_la-gtksourcestyleschememanager.lo
  CC       libgtksourceview_core_la-gtksourceundomanager.lo
  CC       libgtksourceview_core_la-gtksourceutils.lo
  CC       libgtksourceview_core_la-gtksourceview.lo
  CC       libgtksourceview_core_la-gtksourcebufferinputstream.lo
  CC       libgtksourceview_core_la-gtksourcebufferoutputstream.lo
  CC       libgtksourceview_core_la-gtksourcecompletioncontainer.lo
  CC       libgtksourceview_core_la-gtksourcecompletionmodel.lo
  CC       libgtksourceview_core_la-gtksourcecontextengine.lo
  CC       libgtksourceview_core_la-gtksourceengine.lo
  CC       libgtksourceview_core_la-gtksourcegutterrendererlines.lo
  CC       libgtksourceview_core_la-gtksourcegutterrenderermarks.lo
  CC       libgtksourceview_core_la-gtksourceiter.lo
  CC       libgtksourceview_core_la-gtksourcelanguage-parser-1.lo
  CC       libgtksourceview_core_la-gtksourcelanguage-parser-2.lo
  CC       libgtksourceview_core_la-gtksourcemarkssequence.lo
  CC       libgtksourceview_core_la-gtksourcepixbufhelper.lo
  CC       libgtksourceview_core_la-gtksourceregex.lo
  CC       libgtksourceview_core_la-gtksourceundomanagerdefault.lo
  CC       libgtksourceview_core_la-gtksourceview-i18n.lo
  CC       libgtksourceview_core_la-gtksourceview-utils.lo
  CC       libgtksourceview_core_la-gtktextregion.lo
  CC       libgtksourceview_core_la-gtksourceview-resources.lo
  CC       libgtksourceview_core_la-gtksourceview-typebuiltins.lo
  CCLD     libgtksourceview-core.la
  CCLD     libgtksourceview-3.0.la
  GISCAN   GtkSource-3.0.gir
  GICOMP   GtkSource-3.0.gir
 VAPIGEN gtksourceview-3.0.vapi
  GEN      gtksourceview-3.0.deps
make[4]: Leaving directory '/sources/7.9/gtksourceview-3.18.2/gtksourceview'
make[3]: Leaving directory '/sources/7.9/gtksourceview-3.18.2/gtksourceview'
make[2]: Leaving directory '/sources/7.9/gtksourceview-3.18.2/gtksourceview'
Making all in po
make[2]: Entering directory '/sources/7.9/gtksourceview-3.18.2/po'
  MSGFMT ar.gmo
  MSGFMT as.gmo
  MSGFMT ast.gmo
  MSGFMT az.gmo
  MSGFMT be.gmo
  MSGFMT bg.gmo
  MSGFMT bn.gmo
  MSGFMT bn_IN.gmo
  MSGFMT bs.gmo
  MSGFMT ca.gmo
  MSGFMT ca@valencia.gmo
  MSGFMT cs.gmo
  MSGFMT cy.gmo
  MSGFMT da.gmo
  MSGFMT de.gmo
  MSGFMT dz.gmo
  MSGFMT el.gmo
  MSGFMT en_CA.gmo
  MSGFMT en_GB.gmo
  MSGFMT en@shaw.gmo
  MSGFMT eo.gmo
  MSGFMT es.gmo
  MSGFMT et.gmo
  MSGFMT eu.gmo
  MSGFMT fa.gmo
  MSGFMT fi.gmo
  MSGFMT fr.gmo
  MSGFMT ga.gmo
  MSGFMT gl.gmo
  MSGFMT gu.gmo
  MSGFMT he.gmo
  MSGFMT hi.gmo
  MSGFMT hr.gmo
  MSGFMT hu.gmo
  MSGFMT id.gmo
  MSGFMT it.gmo
  MSGFMT ja.gmo
  MSGFMT kk.gmo
  MSGFMT kn.gmo
  MSGFMT ko.gmo
  MSGFMT lt.gmo
  MSGFMT lv.gmo
  MSGFMT mai.gmo
  MSGFMT mg.gmo
  MSGFMT mk.gmo
  MSGFMT ml.gmo
  MSGFMT mn.gmo
  MSGFMT mr.gmo
  MSGFMT ms.gmo
  MSGFMT nb.gmo
  MSGFMT ne.gmo
  MSGFMT nl.gmo
  MSGFMT nn.gmo
  MSGFMT oc.gmo
  MSGFMT or.gmo
  MSGFMT pa.gmo
  MSGFMT pl.gmo
  MSGFMT pt.gmo
  MSGFMT pt_BR.gmo
  MSGFMT ro.gmo
  MSGFMT ru.gmo
  MSGFMT rw.gmo
  MSGFMT si.gmo
  MSGFMT sk.gmo
  MSGFMT sl.gmo
  MSGFMT sq.gmo
  MSGFMT sr.gmo
  MSGFMT sr@latin.gmo
  MSGFMT sv.gmo
  MSGFMT ta.gmo
  MSGFMT te.gmo
  MSGFMT tg.gmo
  MSGFMT th.gmo
  MSGFMT tr.gmo
  MSGFMT ug.gmo
  MSGFMT uk.gmo
  MSGFMT vi.gmo
  MSGFMT xh.gmo
  MSGFMT zh_CN.gmo
  MSGFMT zh_HK.gmo
  MSGFMT zh_TW.gmo
make[2]: Leaving directory '/sources/7.9/gtksourceview-3.18.2/po'
Making all in data
make[2]: Entering directory '/sources/7.9/gtksourceview-3.18.2/data'
Making all in language-specs
make[3]: Entering directory '/sources/7.9/gtksourceview-3.18.2/data/language-specs'
make[3]: Nothing to be done for 'all'.
make[3]: Leaving directory '/sources/7.9/gtksourceview-3.18.2/data/language-specs'
Making all in styles
make[3]: Entering directory '/sources/7.9/gtksourceview-3.18.2/data/styles'
make[3]: Nothing to be done for 'all'.
make[3]: Leaving directory '/sources/7.9/gtksourceview-3.18.2/data/styles'
make[3]: Entering directory '/sources/7.9/gtksourceview-3.18.2/data'
make[3]: Nothing to be done for 'all-am'.
make[3]: Leaving directory '/sources/7.9/gtksourceview-3.18.2/data'
make[2]: Leaving directory '/sources/7.9/gtksourceview-3.18.2/data'
Making all in docs
make[2]: Entering directory '/sources/7.9/gtksourceview-3.18.2/docs'
Making all in reference
make[3]: Entering directory '/sources/7.9/gtksourceview-3.18.2/docs/reference'
make[3]: Nothing to be done for 'all'.
make[3]: Leaving directory '/sources/7.9/gtksourceview-3.18.2/docs/reference'
make[3]: Entering directory '/sources/7.9/gtksourceview-3.18.2/docs'
make[3]: Nothing to be done for 'all-am'.
make[3]: Leaving directory '/sources/7.9/gtksourceview-3.18.2/docs'
make[2]: Leaving directory '/sources/7.9/gtksourceview-3.18.2/docs'
Making all in tests
make[2]: Entering directory '/sources/7.9/gtksourceview-3.18.2/tests'
  GEN      test-completion-resources.c
  GEN      test-search-resources.c
  GEN      test-widget-resources.c
make  all-am
make[3]: Entering directory '/sources/7.9/gtksourceview-3.18.2/tests'
  CC       test-completion.o
  CC       test-completion-resources.o
  CCLD     test-completion
  CC       test-search.o
  CC       test-search-resources.o
  CCLD     test-search
  CC       test-search-performances.o
  CCLD     test-search-performances
  CC       test-undo-manager-performances.o
  CCLD     test-undo-manager-performances
  CC       test-widget.o
  CC       test-widget-resources.o
  CCLD     test-widget
  CC       test-buffer.o
  CCLD     test-buffer
  CC       test-buffer-input-stream.o
  CCLD     test-buffer-input-stream
  CC       test-buffer-output-stream.o
  CCLD     test-buffer-output-stream
  CC       test-completion-model.o
  CCLD     test-completion-model
  CC       test-completion-words.o
  CCLD     test-completion-words
  CC       test-encoding.o
  CCLD     test-encoding
  CC       test-file-loader.o
  CCLD     test-file-loader
  CC       test-file-saver.o
  CCLD     test-file-saver
  CC       test-iter.o
  CCLD     test-iter
  CC       test-language.o
  CCLD     test-language
  CC       test-languagemanager.o
  CCLD     test-languagemanager
  CC       test-mark.o
  CCLD     test-mark
  CC       test-printcompositor.o
  CCLD     test-printcompositor
  CC       test-regex.o
  CCLD     test-regex
  CC       test-region.o
  CCLD     test-region
  CC       test-search-context.o
  CCLD     test-search-context
  CC       test-stylescheme.o
  CCLD     test-stylescheme
  CC       test-styleschememanager.o
  CCLD     test-styleschememanager
  CC       test-undo-manager.o
  CCLD     test-undo-manager
  CC       test-utils.o
  CCLD     test-utils
make[3]: Leaving directory '/sources/7.9/gtksourceview-3.18.2/tests'
make[2]: Leaving directory '/sources/7.9/gtksourceview-3.18.2/tests'
make[2]: Entering directory '/sources/7.9/gtksourceview-3.18.2'
make[2]: Leaving directory '/sources/7.9/gtksourceview-3.18.2'
make[1]: Leaving directory '/sources/7.9/gtksourceview-3.18.2'
Making check in gtksourceview
make[1]: Entering directory '/sources/7.9/gtksourceview-3.18.2/gtksourceview'
make  check-recursive
make[2]: Entering directory '/sources/7.9/gtksourceview-3.18.2/gtksourceview'
Making check in completion-providers
make[3]: Entering directory '/sources/7.9/gtksourceview-3.18.2/gtksourceview/completion-providers'
Making check in words
make[4]: Entering directory '/sources/7.9/gtksourceview-3.18.2/gtksourceview/completion-providers/words'
make[4]: Nothing to be done for 'check'.
make[4]: Leaving directory '/sources/7.9/gtksourceview-3.18.2/gtksourceview/completion-providers/words'
make[4]: Entering directory '/sources/7.9/gtksourceview-3.18.2/gtksourceview/completion-providers'
make[4]: Nothing to be done for 'check-am'.
make[4]: Leaving directory '/sources/7.9/gtksourceview-3.18.2/gtksourceview/completion-providers'
make[3]: Leaving directory '/sources/7.9/gtksourceview-3.18.2/gtksourceview/completion-providers'
make[3]: Entering directory '/sources/7.9/gtksourceview-3.18.2/gtksourceview'
make[3]: Leaving directory '/sources/7.9/gtksourceview-3.18.2/gtksourceview'
make[2]: Leaving directory '/sources/7.9/gtksourceview-3.18.2/gtksourceview'
make[1]: Leaving directory '/sources/7.9/gtksourceview-3.18.2/gtksourceview'
Making check in po
make[1]: Entering directory '/sources/7.9/gtksourceview-3.18.2/po'
INTLTOOL_EXTRACT="/usr/bin/intltool-extract" XGETTEXT="/usr/bin/xgettext" srcdir=. /usr/bin/intltool-update --gettext-package gtksourceview-3.0 --pot
rm -f missing notexist
srcdir=. /usr/bin/intltool-update -m
if [ -r missing -o -r notexist ]; then \
  exit 1; \
fi
make[1]: Leaving directory '/sources/7.9/gtksourceview-3.18.2/po'
Making check in data
make[1]: Entering directory '/sources/7.9/gtksourceview-3.18.2/data'
Making check in language-specs
make[2]: Entering directory '/sources/7.9/gtksourceview-3.18.2/data/language-specs'
make  check-TESTS
make[3]: Entering directory '/sources/7.9/gtksourceview-3.18.2/data/language-specs'
make[4]: Entering directory '/sources/7.9/gtksourceview-3.18.2/data/language-specs'
PASS: check-language.sh
============================================================================
Testsuite summary for gtksourceview 3.18.2
============================================================================
# TOTAL: 1
# PASS:  1
# SKIP:  0
# XFAIL: 0
# FAIL:  0
# XPASS: 0
# ERROR: 0
============================================================================
make[4]: Leaving directory '/sources/7.9/gtksourceview-3.18.2/data/language-specs'
make[3]: Leaving directory '/sources/7.9/gtksourceview-3.18.2/data/language-specs'
make[2]: Leaving directory '/sources/7.9/gtksourceview-3.18.2/data/language-specs'
Making check in styles
make[2]: Entering directory '/sources/7.9/gtksourceview-3.18.2/data/styles'
make  check-TESTS
make[3]: Entering directory '/sources/7.9/gtksourceview-3.18.2/data/styles'
make[4]: Entering directory '/sources/7.9/gtksourceview-3.18.2/data/styles'
PASS: check-style.sh
============================================================================
Testsuite summary for gtksourceview 3.18.2
============================================================================
# TOTAL: 1
# PASS:  1
# SKIP:  0
# XFAIL: 0
# FAIL:  0
# XPASS: 0
# ERROR: 0
============================================================================
make[4]: Leaving directory '/sources/7.9/gtksourceview-3.18.2/data/styles'
make[3]: Leaving directory '/sources/7.9/gtksourceview-3.18.2/data/styles'
make[2]: Leaving directory '/sources/7.9/gtksourceview-3.18.2/data/styles'
make[2]: Entering directory '/sources/7.9/gtksourceview-3.18.2/data'
make[2]: Nothing to be done for 'check-am'.
make[2]: Leaving directory '/sources/7.9/gtksourceview-3.18.2/data'
make[1]: Leaving directory '/sources/7.9/gtksourceview-3.18.2/data'
Making check in docs
make[1]: Entering directory '/sources/7.9/gtksourceview-3.18.2/docs'
Making check in reference
make[2]: Entering directory '/sources/7.9/gtksourceview-3.18.2/docs/reference'
make[2]: Nothing to be done for 'check'.
make[2]: Leaving directory '/sources/7.9/gtksourceview-3.18.2/docs/reference'
make[2]: Entering directory '/sources/7.9/gtksourceview-3.18.2/docs'
make[2]: Nothing to be done for 'check-am'.
make[2]: Leaving directory '/sources/7.9/gtksourceview-3.18.2/docs'
make[1]: Leaving directory '/sources/7.9/gtksourceview-3.18.2/docs'
Making check in tests
make[1]: Entering directory '/sources/7.9/gtksourceview-3.18.2/tests'
make  check-am
make[2]: Entering directory '/sources/7.9/gtksourceview-3.18.2/tests'
make  check-TESTS
make[3]: Entering directory '/sources/7.9/gtksourceview-3.18.2/tests'
make[4]: Entering directory '/sources/7.9/gtksourceview-3.18.2/tests'
PASS: test-buffer
PASS: test-buffer-input-stream
PASS: test-buffer-output-stream
PASS: test-completion-model
PASS: test-completion-words
PASS: test-encoding
PASS: test-file-loader
PASS: test-file-saver
PASS: test-iter
PASS: test-language
PASS: test-languagemanager
PASS: test-mark
PASS: test-printcompositor
PASS: test-regex
PASS: test-region
PASS: test-search-context
PASS: test-stylescheme
PASS: test-styleschememanager
PASS: test-undo-manager
PASS: test-utils
============================================================================
Testsuite summary for gtksourceview 3.18.2
============================================================================
# TOTAL: 20
# PASS:  20
# SKIP:  0
# XFAIL: 0
# FAIL:  0
# XPASS: 0
# ERROR: 0
============================================================================
make[4]: Leaving directory '/sources/7.9/gtksourceview-3.18.2/tests'
make[3]: Leaving directory '/sources/7.9/gtksourceview-3.18.2/tests'
make[2]: Leaving directory '/sources/7.9/gtksourceview-3.18.2/tests'
make[1]: Leaving directory '/sources/7.9/gtksourceview-3.18.2/tests'
make[1]: Entering directory '/sources/7.9/gtksourceview-3.18.2'
make[1]: Leaving directory '/sources/7.9/gtksourceview-3.18.2'
Making install in gtksourceview
make[1]: Entering directory '/sources/7.9/gtksourceview-3.18.2/gtksourceview'
make  install-recursive
make[2]: Entering directory '/sources/7.9/gtksourceview-3.18.2/gtksourceview'
Making install in completion-providers
make[3]: Entering directory '/sources/7.9/gtksourceview-3.18.2/gtksourceview/completion-providers'
Making install in words
make[4]: Entering directory '/sources/7.9/gtksourceview-3.18.2/gtksourceview/completion-providers/words'
make[5]: Entering directory '/sources/7.9/gtksourceview-3.18.2/gtksourceview/completion-providers/words'
make[5]: Nothing to be done for 'install-exec-am'.
 /bin/mkdir -p '/usr/include/gtksourceview-3.0/gtksourceview/completion-providers/words'
 /usr/bin/install -c -m 644 gtksourcecompletionwords.h '/usr/include/gtksourceview-3.0/gtksourceview/completion-providers/words'
make[5]: Leaving directory '/sources/7.9/gtksourceview-3.18.2/gtksourceview/completion-providers/words'
make[4]: Leaving directory '/sources/7.9/gtksourceview-3.18.2/gtksourceview/completion-providers/words'
make[4]: Entering directory '/sources/7.9/gtksourceview-3.18.2/gtksourceview/completion-providers'
make[5]: Entering directory '/sources/7.9/gtksourceview-3.18.2/gtksourceview/completion-providers'
make[5]: Nothing to be done for 'install-exec-am'.
make[5]: Nothing to be done for 'install-data-am'.
make[5]: Leaving directory '/sources/7.9/gtksourceview-3.18.2/gtksourceview/completion-providers'
make[4]: Leaving directory '/sources/7.9/gtksourceview-3.18.2/gtksourceview/completion-providers'
make[3]: Leaving directory '/sources/7.9/gtksourceview-3.18.2/gtksourceview/completion-providers'
make[3]: Entering directory '/sources/7.9/gtksourceview-3.18.2/gtksourceview'
make[4]: Entering directory '/sources/7.9/gtksourceview-3.18.2/gtksourceview'
 /bin/mkdir -p '/usr/lib'
 /bin/sh ../libtool   --mode=install /usr/bin/install -c   libgtksourceview-3.0.la '/usr/lib'
libtool: install: /usr/bin/install -c .libs/libgtksourceview-3.0.so.1.5.0 /usr/lib/libgtksourceview-3.0.so.1.5.0
libtool: install: (cd /usr/lib && { ln -s -f libgtksourceview-3.0.so.1.5.0 libgtksourceview-3.0.so.1 || { rm -f libgtksourceview-3.0.so.1 && ln -s libgtksourceview-3.0.so.1.5.0 libgtksourceview-3.0.so.1; }; })
libtool: install: (cd /usr/lib && { ln -s -f libgtksourceview-3.0.so.1.5.0 libgtksourceview-3.0.so || { rm -f libgtksourceview-3.0.so && ln -s libgtksourceview-3.0.so.1.5.0 libgtksourceview-3.0.so; }; })
libtool: install: /usr/bin/install -c .libs/libgtksourceview-3.0.lai /usr/lib/libgtksourceview-3.0.la
libtool: finish: PATH="/bin:/usr/ucb:/usr/bin:/usr/sbin:/sbin:/usr/etc:/etc:/sbin" ldconfig -n /usr/lib
----------------------------------------------------------------------
Libraries have been installed in:
   /usr/lib

If you ever happen to want to link against installed libraries
in a given directory, LIBDIR, you must either use libtool, and
specify the full pathname of the library, or use the '-LLIBDIR'
flag during linking and do at least one of the following:
   - add LIBDIR to the 'LD_LIBRARY_PATH' environment variable
     during execution
   - add LIBDIR to the 'LD_RUN_PATH' environment variable
     during linking
   - use the '-Wl,-rpath -Wl,LIBDIR' linker flag
   - have your system administrator add LIBDIR to '/etc/ld.so.conf'

See any operating system documentation about shared libraries for
more information, such as the ld(1) and ld.so(8) manual pages.
----------------------------------------------------------------------
 /bin/mkdir -p '/usr/share/gir-1.0'
 /usr/bin/install -c -m 644 GtkSource-3.0.gir '/usr/share/gir-1.0'
 /bin/mkdir -p '/usr/include/gtksourceview-3.0/gtksourceview'
 /usr/bin/install -c -m 644 gtksource.h gtksourceautocleanups.h gtksourcebuffer.h gtksourcecompletion.h gtksourcecompletioncontext.h gtksourcecompletioninfo.h gtksourcecompletionitem.h gtksourcecompletionproposal.h gtksourcecompletionprovider.h gtksourceencoding.h gtksourcefile.h gtksourcefileloader.h gtksourcefilesaver.h gtksourcegutter.h gtksourcegutterrenderer.h gtksourcegutterrendererpixbuf.h gtksourcegutterrenderertext.h gtksourcelanguage.h gtksourcelanguagemanager.h gtksourcemap.h gtksourcemark.h gtksourcemarkattributes.h gtksourceprintcompositor.h gtksourcesearchcontext.h gtksourcesearchsettings.h gtksourcestyle.h gtksourcestylescheme.h gtksourcestyleschemechooser.h gtksourcestyleschemechooserbutton.h gtksourcestyleschemechooserwidget.h gtksourcestyleschememanager.h gtksourcetypes.h gtksourceundomanager.h gtksourceutils.h gtksourceview.h '/usr/include/gtksourceview-3.0/gtksourceview'
 /bin/mkdir -p '/usr/include/gtksourceview-3.0/gtksourceview'
 /usr/bin/install -c -m 644 gtksourceview-typebuiltins.h '/usr/include/gtksourceview-3.0/gtksourceview'
 /bin/mkdir -p '/usr/lib/girepository-1.0'
 /usr/bin/install -c -m 644 GtkSource-3.0.typelib '/usr/lib/girepository-1.0'
 /bin/mkdir -p '/usr/share/vala/vapi'
 /usr/bin/install -c -m 644 gtksourceview-3.0.vapi gtksourceview-3.0.deps '/usr/share/vala/vapi'
make[4]: Leaving directory '/sources/7.9/gtksourceview-3.18.2/gtksourceview'
make[3]: Leaving directory '/sources/7.9/gtksourceview-3.18.2/gtksourceview'
make[2]: Leaving directory '/sources/7.9/gtksourceview-3.18.2/gtksourceview'
make[1]: Leaving directory '/sources/7.9/gtksourceview-3.18.2/gtksourceview'
Making install in po
make[1]: Entering directory '/sources/7.9/gtksourceview-3.18.2/po'
linguas="ar as ast az be bg bn bn_IN bs ca ca@valencia cs cy da de dz el en_CA en_GB en@shaw eo es et eu fa fi fr ga gl gu he hi hr hu id it ja kk kn ko lt lv mai mg mk ml mn mr ms nb ne nl nn oc or pa pl pt pt_BR ro ru rw si sk sl sq sr sr@latin sv ta te tg th tr ug uk vi xh zh_CN zh_HK zh_TW "; \
for lang in $linguas; do \
  dir=/usr/share/locale/$lang/LC_MESSAGES; \
  /bin/sh /sources/7.9/gtksourceview-3.18.2/install-sh -d $dir; \
  if test -r $lang.gmo; then \
    /usr/bin/install -c -m 644 $lang.gmo $dir/gtksourceview-3.0.mo; \
    echo "installing $lang.gmo as $dir/gtksourceview-3.0.mo"; \
  else \
    /usr/bin/install -c -m 644 ./$lang.gmo $dir/gtksourceview-3.0.mo; \
    echo "installing ./$lang.gmo as" \
	 "$dir/gtksourceview-3.0.mo"; \
  fi; \
  if test -r $lang.gmo.m; then \
    /usr/bin/install -c -m 644 $lang.gmo.m $dir/gtksourceview-3.0.mo.m; \
    echo "installing $lang.gmo.m as $dir/gtksourceview-3.0.mo.m"; \
  else \
    if test -r ./$lang.gmo.m ; then \
      /usr/bin/install -c -m 644 ./$lang.gmo.m \
	$dir/gtksourceview-3.0.mo.m; \
      echo "installing ./$lang.gmo.m as" \
	   "$dir/gtksourceview-3.0.mo.m"; \
    else \
      true; \
    fi; \
  fi; \
done
installing ar.gmo as /usr/share/locale/ar/LC_MESSAGES/gtksourceview-3.0.mo
installing as.gmo as /usr/share/locale/as/LC_MESSAGES/gtksourceview-3.0.mo
installing ast.gmo as /usr/share/locale/ast/LC_MESSAGES/gtksourceview-3.0.mo
installing az.gmo as /usr/share/locale/az/LC_MESSAGES/gtksourceview-3.0.mo
installing be.gmo as /usr/share/locale/be/LC_MESSAGES/gtksourceview-3.0.mo
installing bg.gmo as /usr/share/locale/bg/LC_MESSAGES/gtksourceview-3.0.mo
installing bn.gmo as /usr/share/locale/bn/LC_MESSAGES/gtksourceview-3.0.mo
installing bn_IN.gmo as /usr/share/locale/bn_IN/LC_MESSAGES/gtksourceview-3.0.mo
installing bs.gmo as /usr/share/locale/bs/LC_MESSAGES/gtksourceview-3.0.mo
installing ca.gmo as /usr/share/locale/ca/LC_MESSAGES/gtksourceview-3.0.mo
installing ca@valencia.gmo as /usr/share/locale/ca@valencia/LC_MESSAGES/gtksourceview-3.0.mo
installing cs.gmo as /usr/share/locale/cs/LC_MESSAGES/gtksourceview-3.0.mo
installing cy.gmo as /usr/share/locale/cy/LC_MESSAGES/gtksourceview-3.0.mo
installing da.gmo as /usr/share/locale/da/LC_MESSAGES/gtksourceview-3.0.mo
installing de.gmo as /usr/share/locale/de/LC_MESSAGES/gtksourceview-3.0.mo
installing dz.gmo as /usr/share/locale/dz/LC_MESSAGES/gtksourceview-3.0.mo
installing el.gmo as /usr/share/locale/el/LC_MESSAGES/gtksourceview-3.0.mo
installing en_CA.gmo as /usr/share/locale/en_CA/LC_MESSAGES/gtksourceview-3.0.mo
installing en_GB.gmo as /usr/share/locale/en_GB/LC_MESSAGES/gtksourceview-3.0.mo
installing en@shaw.gmo as /usr/share/locale/en@shaw/LC_MESSAGES/gtksourceview-3.0.mo
installing eo.gmo as /usr/share/locale/eo/LC_MESSAGES/gtksourceview-3.0.mo
installing es.gmo as /usr/share/locale/es/LC_MESSAGES/gtksourceview-3.0.mo
installing et.gmo as /usr/share/locale/et/LC_MESSAGES/gtksourceview-3.0.mo
installing eu.gmo as /usr/share/locale/eu/LC_MESSAGES/gtksourceview-3.0.mo
installing fa.gmo as /usr/share/locale/fa/LC_MESSAGES/gtksourceview-3.0.mo
installing fi.gmo as /usr/share/locale/fi/LC_MESSAGES/gtksourceview-3.0.mo
installing fr.gmo as /usr/share/locale/fr/LC_MESSAGES/gtksourceview-3.0.mo
installing ga.gmo as /usr/share/locale/ga/LC_MESSAGES/gtksourceview-3.0.mo
installing gl.gmo as /usr/share/locale/gl/LC_MESSAGES/gtksourceview-3.0.mo
installing gu.gmo as /usr/share/locale/gu/LC_MESSAGES/gtksourceview-3.0.mo
installing he.gmo as /usr/share/locale/he/LC_MESSAGES/gtksourceview-3.0.mo
installing hi.gmo as /usr/share/locale/hi/LC_MESSAGES/gtksourceview-3.0.mo
installing hr.gmo as /usr/share/locale/hr/LC_MESSAGES/gtksourceview-3.0.mo
installing hu.gmo as /usr/share/locale/hu/LC_MESSAGES/gtksourceview-3.0.mo
installing id.gmo as /usr/share/locale/id/LC_MESSAGES/gtksourceview-3.0.mo
installing it.gmo as /usr/share/locale/it/LC_MESSAGES/gtksourceview-3.0.mo
installing ja.gmo as /usr/share/locale/ja/LC_MESSAGES/gtksourceview-3.0.mo
installing kk.gmo as /usr/share/locale/kk/LC_MESSAGES/gtksourceview-3.0.mo
installing kn.gmo as /usr/share/locale/kn/LC_MESSAGES/gtksourceview-3.0.mo
installing ko.gmo as /usr/share/locale/ko/LC_MESSAGES/gtksourceview-3.0.mo
installing lt.gmo as /usr/share/locale/lt/LC_MESSAGES/gtksourceview-3.0.mo
installing lv.gmo as /usr/share/locale/lv/LC_MESSAGES/gtksourceview-3.0.mo
installing mai.gmo as /usr/share/locale/mai/LC_MESSAGES/gtksourceview-3.0.mo
installing mg.gmo as /usr/share/locale/mg/LC_MESSAGES/gtksourceview-3.0.mo
installing mk.gmo as /usr/share/locale/mk/LC_MESSAGES/gtksourceview-3.0.mo
installing ml.gmo as /usr/share/locale/ml/LC_MESSAGES/gtksourceview-3.0.mo
installing mn.gmo as /usr/share/locale/mn/LC_MESSAGES/gtksourceview-3.0.mo
installing mr.gmo as /usr/share/locale/mr/LC_MESSAGES/gtksourceview-3.0.mo
installing ms.gmo as /usr/share/locale/ms/LC_MESSAGES/gtksourceview-3.0.mo
installing nb.gmo as /usr/share/locale/nb/LC_MESSAGES/gtksourceview-3.0.mo
installing ne.gmo as /usr/share/locale/ne/LC_MESSAGES/gtksourceview-3.0.mo
installing nl.gmo as /usr/share/locale/nl/LC_MESSAGES/gtksourceview-3.0.mo
installing nn.gmo as /usr/share/locale/nn/LC_MESSAGES/gtksourceview-3.0.mo
installing oc.gmo as /usr/share/locale/oc/LC_MESSAGES/gtksourceview-3.0.mo
installing or.gmo as /usr/share/locale/or/LC_MESSAGES/gtksourceview-3.0.mo
installing pa.gmo as /usr/share/locale/pa/LC_MESSAGES/gtksourceview-3.0.mo
installing pl.gmo as /usr/share/locale/pl/LC_MESSAGES/gtksourceview-3.0.mo
installing pt.gmo as /usr/share/locale/pt/LC_MESSAGES/gtksourceview-3.0.mo
installing pt_BR.gmo as /usr/share/locale/pt_BR/LC_MESSAGES/gtksourceview-3.0.mo
installing ro.gmo as /usr/share/locale/ro/LC_MESSAGES/gtksourceview-3.0.mo
installing ru.gmo as /usr/share/locale/ru/LC_MESSAGES/gtksourceview-3.0.mo
installing rw.gmo as /usr/share/locale/rw/LC_MESSAGES/gtksourceview-3.0.mo
installing si.gmo as /usr/share/locale/si/LC_MESSAGES/gtksourceview-3.0.mo
installing sk.gmo as /usr/share/locale/sk/LC_MESSAGES/gtksourceview-3.0.mo
installing sl.gmo as /usr/share/locale/sl/LC_MESSAGES/gtksourceview-3.0.mo
installing sq.gmo as /usr/share/locale/sq/LC_MESSAGES/gtksourceview-3.0.mo
installing sr.gmo as /usr/share/locale/sr/LC_MESSAGES/gtksourceview-3.0.mo
installing sr@latin.gmo as /usr/share/locale/sr@latin/LC_MESSAGES/gtksourceview-3.0.mo
installing sv.gmo as /usr/share/locale/sv/LC_MESSAGES/gtksourceview-3.0.mo
installing ta.gmo as /usr/share/locale/ta/LC_MESSAGES/gtksourceview-3.0.mo
installing te.gmo as /usr/share/locale/te/LC_MESSAGES/gtksourceview-3.0.mo
installing tg.gmo as /usr/share/locale/tg/LC_MESSAGES/gtksourceview-3.0.mo
installing th.gmo as /usr/share/locale/th/LC_MESSAGES/gtksourceview-3.0.mo
installing tr.gmo as /usr/share/locale/tr/LC_MESSAGES/gtksourceview-3.0.mo
installing ug.gmo as /usr/share/locale/ug/LC_MESSAGES/gtksourceview-3.0.mo
installing uk.gmo as /usr/share/locale/uk/LC_MESSAGES/gtksourceview-3.0.mo
installing vi.gmo as /usr/share/locale/vi/LC_MESSAGES/gtksourceview-3.0.mo
installing xh.gmo as /usr/share/locale/xh/LC_MESSAGES/gtksourceview-3.0.mo
installing zh_CN.gmo as /usr/share/locale/zh_CN/LC_MESSAGES/gtksourceview-3.0.mo
installing zh_HK.gmo as /usr/share/locale/zh_HK/LC_MESSAGES/gtksourceview-3.0.mo
installing zh_TW.gmo as /usr/share/locale/zh_TW/LC_MESSAGES/gtksourceview-3.0.mo
make[1]: Leaving directory '/sources/7.9/gtksourceview-3.18.2/po'
Making install in data
make[1]: Entering directory '/sources/7.9/gtksourceview-3.18.2/data'
Making install in language-specs
make[2]: Entering directory '/sources/7.9/gtksourceview-3.18.2/data/language-specs'
make[3]: Entering directory '/sources/7.9/gtksourceview-3.18.2/data/language-specs'
make[3]: Nothing to be done for 'install-exec-am'.
 /bin/mkdir -p '/usr/share/gtksourceview-3.0/language-specs'
 /usr/bin/install -c -m 644 actionscript.lang ada.lang ansforth94.lang asp.lang automake.lang awk.lang bennugd.lang bibtex.lang bluespec.lang boo.lang changelog.lang c.lang cg.lang chdr.lang cmake.lang cobol.lang cpp.lang cpphdr.lang csharp.lang css.lang csv.lang cuda.lang def.lang desktop.lang diff.lang d.lang docbook.lang dosbatch.lang dot.lang dpatch.lang dtd.lang eiffel.lang erlang.lang fcl.lang forth.lang fortran.lang fsharp.lang gap.lang gdb-log.lang genie.lang '/usr/share/gtksourceview-3.0/language-specs'
 /usr/bin/install -c -m 644 glsl.lang go.lang gtk-doc.lang gtkrc.lang haddock.lang haskell.lang haskell-literate.lang html.lang idl.lang idl-exelis.lang imagej.lang ini.lang j.lang jade.lang java.lang javascript.lang json.lang julia.lang latex.lang lex.lang libtool.lang llvm.lang lua.lang m4.lang makefile.lang mallard.lang markdown.lang matlab.lang mediawiki.lang meson.lang modelica.lang mxml.lang nemerle.lang netrexx.lang nsis.lang objc.lang objj.lang ocaml.lang ocl.lang octave.lang '/usr/share/gtksourceview-3.0/language-specs'
 /usr/bin/install -c -m 644 ooc.lang opal.lang opencl.lang pascal.lang perl.lang php.lang pig.lang pkgconfig.lang po.lang python.lang python3.lang prolog.lang protobuf.lang puppet.lang R.lang rpmspec.lang rst.lang ruby.lang rust.lang scala.lang scheme.lang scilab.lang sh.lang sml.lang sparql.lang sql.lang sweave.lang systemverilog.lang t2t.lang tcl.lang texinfo.lang thrift.lang vala.lang vbnet.lang verilog.lang vhdl.lang xml.lang xslt.lang yacc.lang yaml.lang '/usr/share/gtksourceview-3.0/language-specs'
 /usr/bin/install -c -m 644 language.rng language2.rng language.dtd '/usr/share/gtksourceview-3.0/language-specs'
make[3]: Leaving directory '/sources/7.9/gtksourceview-3.18.2/data/language-specs'
make[2]: Leaving directory '/sources/7.9/gtksourceview-3.18.2/data/language-specs'
Making install in styles
make[2]: Entering directory '/sources/7.9/gtksourceview-3.18.2/data/styles'
make[3]: Entering directory '/sources/7.9/gtksourceview-3.18.2/data/styles'
make[3]: Nothing to be done for 'install-exec-am'.
 /bin/mkdir -p '/usr/share/gtksourceview-3.0/styles'
 /usr/bin/install -c -m 644 classic.xml cobalt.xml kate.xml oblivion.xml solarized-dark.xml solarized-light.xml tango.xml styles.rng '/usr/share/gtksourceview-3.0/styles'
make[3]: Leaving directory '/sources/7.9/gtksourceview-3.18.2/data/styles'
make[2]: Leaving directory '/sources/7.9/gtksourceview-3.18.2/data/styles'
make[2]: Entering directory '/sources/7.9/gtksourceview-3.18.2/data'
make[3]: Entering directory '/sources/7.9/gtksourceview-3.18.2/data'
make[3]: Nothing to be done for 'install-exec-am'.
make[3]: Nothing to be done for 'install-data-am'.
make[3]: Leaving directory '/sources/7.9/gtksourceview-3.18.2/data'
make[2]: Leaving directory '/sources/7.9/gtksourceview-3.18.2/data'
make[1]: Leaving directory '/sources/7.9/gtksourceview-3.18.2/data'
Making install in docs
make[1]: Entering directory '/sources/7.9/gtksourceview-3.18.2/docs'
Making install in reference
make[2]: Entering directory '/sources/7.9/gtksourceview-3.18.2/docs/reference'
make[3]: Entering directory '/sources/7.9/gtksourceview-3.18.2/docs/reference'
make[3]: Nothing to be done for 'install-exec-am'.
 /usr/bin/install -c -m 644 ./html/annotation-glossary.html
 /usr/bin/install -c -m 644 ./html/api-index-2-0.html
 /usr/bin/install -c -m 644 ./html/api-index-2-10.html
 /usr/bin/install -c -m 644 ./html/api-index-2-12.html
 /usr/bin/install -c -m 644 ./html/api-index-2-2.html
 /usr/bin/install -c -m 644 ./html/api-index-2-4.html
 /usr/bin/install -c -m 644 ./html/api-index-2-8.html
 /usr/bin/install -c -m 644 ./html/api-index-3-0.html
 /usr/bin/install -c -m 644 ./html/api-index-3-10.html
 /usr/bin/install -c -m 644 ./html/api-index-3-12.html
 /usr/bin/install -c -m 644 ./html/api-index-3-14.html
 /usr/bin/install -c -m 644 ./html/api-index-3-16.html
 /usr/bin/install -c -m 644 ./html/api-index-3-18.html
 /usr/bin/install -c -m 644 ./html/api-index-3-4.html
 /usr/bin/install -c -m 644 ./html/api-index-deprecated.html
 /usr/bin/install -c -m 644 ./html/api-index-full.html
 /usr/bin/install -c -m 644 ./html/ch01.html
 /usr/bin/install -c -m 644 ./html/ch02.html
 /usr/bin/install -c -m 644 ./html/ch03.html
 /usr/bin/install -c -m 644 ./html/ch04.html
 /usr/bin/install -c -m 644 ./html/ch05.html
 /usr/bin/install -c -m 644 ./html/ch06.html
 /usr/bin/install -c -m 644 ./html/ch07.html
 /usr/bin/install -c -m 644 ./html/ch08.html
 /usr/bin/install -c -m 644 ./html/ch09.html
 /usr/bin/install -c -m 644 ./html/GtkSourceBuffer.html
 /usr/bin/install -c -m 644 ./html/GtkSourceCompletionContext.html
 /usr/bin/install -c -m 644 ./html/GtkSourceCompletion.html
 /usr/bin/install -c -m 644 ./html/GtkSourceCompletionInfo.html
 /usr/bin/install -c -m 644 ./html/GtkSourceCompletionItem.html
 /usr/bin/install -c -m 644 ./html/GtkSourceCompletionProposal.html
 /usr/bin/install -c -m 644 ./html/GtkSourceCompletionProvider.html
 /usr/bin/install -c -m 644 ./html/GtkSourceCompletionWords.html
 /usr/bin/install -c -m 644 ./html/GtkSourceEncoding.html
 /usr/bin/install -c -m 644 ./html/GtkSourceFile.html
 /usr/bin/install -c -m 644 ./html/GtkSourceFileLoader.html
 /usr/bin/install -c -m 644 ./html/GtkSourceFileSaver.html
 /usr/bin/install -c -m 644 ./html/GtkSourceGutter.html
 /usr/bin/install -c -m 644 ./html/GtkSourceGutterRenderer.html
 /usr/bin/install -c -m 644 ./html/GtkSourceGutterRendererPixbuf.html
 /usr/bin/install -c -m 644 ./html/GtkSourceGutterRendererText.html
 /usr/bin/install -c -m 644 ./html/GtkSourceLanguage.html
 /usr/bin/install -c -m 644 ./html/GtkSourceLanguageManager.html
 /usr/bin/install -c -m 644 ./html/GtkSourceMap.html
 /usr/bin/install -c -m 644 ./html/GtkSourceMarkAttributes.html
 /usr/bin/install -c -m 644 ./html/GtkSourceMark.html
 /usr/bin/install -c -m 644 ./html/GtkSourcePrintCompositor.html
 /usr/bin/install -c -m 644 ./html/GtkSourceSearchContext.html
 /usr/bin/install -c -m 644 ./html/GtkSourceSearchSettings.html
 /usr/bin/install -c -m 644 ./html/GtkSourceStyle.html
 /usr/bin/install -c -m 644 ./html/GtkSourceStyleSchemeChooserButton.html
 /usr/bin/install -c -m 644 ./html/GtkSourceStyleSchemeChooser.html
 /usr/bin/install -c -m 644 ./html/GtkSourceStyleSchemeChooserWidget.html
 /usr/bin/install -c -m 644 ./html/GtkSourceStyleScheme.html
 /usr/bin/install -c -m 644 ./html/GtkSourceStyleSchemeManager.html
 /usr/bin/install -c -m 644 ./html/GtkSourceUndoManager.html
 /usr/bin/install -c -m 644 ./html/gtksourceview-3.0.devhelp2
 /usr/bin/install -c -m 644 ./html/gtksourceview-3.0-GtkSourceUtils.html
 /usr/bin/install -c -m 644 ./html/GtkSourceView.html
 /usr/bin/install -c -m 644 ./html/home.png
 /usr/bin/install -c -m 644 ./html/index.html
 /usr/bin/install -c -m 644 ./html/lang-reference.html
 /usr/bin/install -c -m 644 ./html/lang-tutorial.html
 /usr/bin/install -c -m 644 ./html/left-insensitive.png
 /usr/bin/install -c -m 644 ./html/left.png
 /usr/bin/install -c -m 644 ./html/object-tree.html
 /usr/bin/install -c -m 644 ./html/pt01.html
 /usr/bin/install -c -m 644 ./html/right-insensitive.png
 /usr/bin/install -c -m 644 ./html/right.png
 /usr/bin/install -c -m 644 ./html/style.css
 /usr/bin/install -c -m 644 ./html/style-reference.html
 /usr/bin/install -c -m 644 ./html/up-insensitive.png
 /usr/bin/install -c -m 644 ./html/up.png
make[3]: Leaving directory '/sources/7.9/gtksourceview-3.18.2/docs/reference'
make[2]: Leaving directory '/sources/7.9/gtksourceview-3.18.2/docs/reference'
make[2]: Entering directory '/sources/7.9/gtksourceview-3.18.2/docs'
make[3]: Entering directory '/sources/7.9/gtksourceview-3.18.2/docs'
make[3]: Nothing to be done for 'install-exec-am'.
make[3]: Nothing to be done for 'install-data-am'.
make[3]: Leaving directory '/sources/7.9/gtksourceview-3.18.2/docs'
make[2]: Leaving directory '/sources/7.9/gtksourceview-3.18.2/docs'
make[1]: Leaving directory '/sources/7.9/gtksourceview-3.18.2/docs'
Making install in tests
make[1]: Entering directory '/sources/7.9/gtksourceview-3.18.2/tests'
make  install-am
make[2]: Entering directory '/sources/7.9/gtksourceview-3.18.2/tests'
make[3]: Entering directory '/sources/7.9/gtksourceview-3.18.2/tests'
make[3]: Nothing to be done for 'install-exec-am'.
make[3]: Leaving directory '/sources/7.9/gtksourceview-3.18.2/tests'
make[2]: Leaving directory '/sources/7.9/gtksourceview-3.18.2/tests'
make[1]: Leaving directory '/sources/7.9/gtksourceview-3.18.2/tests'
make[1]: Entering directory '/sources/7.9/gtksourceview-3.18.2'
make[2]: Entering directory '/sources/7.9/gtksourceview-3.18.2'
make[2]: Nothing to be done for 'install-exec-am'.
 /bin/mkdir -p '/usr/lib/pkgconfig'
 /usr/bin/install -c -m 644 gtksourceview-3.0.pc '/usr/lib/pkgconfig'
make[2]: Leaving directory '/sources/7.9/gtksourceview-3.18.2'
make[1]: Leaving directory '/sources/7.9/gtksourceview-3.18.2'
