installing missing dependency: libgtop-2.32.0 ... done!
checking for a BSD-compatible install... /usr/bin/install -c
checking whether build environment is sane... yes
checking for a thread-safe mkdir -p... /bin/mkdir -p
checking for gawk... gawk
checking whether make sets $(MAKE)... yes
checking whether make supports nested variables... yes
checking whether make supports nested variables... (cached) yes
checking whether to enable maintainer-specific portions of Makefiles... yes
checking for gcc... gcc
checking whether the C compiler works... yes
checking for C compiler default output file name... a.out
checking for suffix of executables... 
checking whether we are cross compiling... no
checking for suffix of object files... o
checking whether we are using the GNU C compiler... yes
checking whether gcc accepts -g... yes
checking for gcc option to accept ISO C89... none needed
checking whether gcc understands -c and -o together... yes
checking for style of include used by make... GNU
checking dependency style of gcc... gcc3
checking for g++... g++
checking whether we are using the GNU C++ compiler... yes
checking whether g++ accepts -g... yes
checking dependency style of g++... gcc3
checking whether g++ supports C++11 features by default... no
checking whether g++ supports C++11 features with -std=gnu++11... yes
checking build system type... x86_64-unknown-linux-gnu
checking host system type... x86_64-unknown-linux-gnu
checking how to print strings... printf
checking for a sed that does not truncate output... /bin/sed
checking for grep that handles long lines and -e... /bin/grep
checking for egrep... /bin/grep -E
checking for fgrep... /bin/grep -F
checking for ld used by gcc... /usr/bin/ld
checking if the linker (/usr/bin/ld) is GNU ld... yes
checking for BSD- or MS-compatible name lister (nm)... /usr/bin/nm -B
checking the name lister (/usr/bin/nm -B) interface... BSD nm
checking whether ln -s works... yes
checking the maximum length of command line arguments... 1572864
checking how to convert x86_64-unknown-linux-gnu file names to x86_64-unknown-linux-gnu format... func_convert_file_noop
checking how to convert x86_64-unknown-linux-gnu file names to toolchain format... func_convert_file_noop
checking for /usr/bin/ld option to reload object files... -r
checking for objdump... objdump
checking how to recognize dependent libraries... pass_all
checking for dlltool... no
checking how to associate runtime and link libraries... printf %s\n
checking for ar... ar
checking for archiver @FILE support... @
checking for strip... strip
checking for ranlib... ranlib
checking command to parse /usr/bin/nm -B output from gcc object... ok
checking for sysroot... no
checking for a working dd... /bin/dd
checking how to truncate binary pipes... /bin/dd bs=4096 count=1
checking for mt... no
checking if : is a manifest tool... no
checking how to run the C preprocessor... gcc -E
checking for ANSI C header files... yes
checking for sys/types.h... yes
checking for sys/stat.h... yes
checking for stdlib.h... yes
checking for string.h... yes
checking for memory.h... yes
checking for strings.h... yes
checking for inttypes.h... yes
checking for stdint.h... yes
checking for unistd.h... yes
checking for dlfcn.h... yes
checking for objdir... .libs
checking if gcc supports -fno-rtti -fno-exceptions... no
checking for gcc option to produce PIC... -fPIC -DPIC
checking if gcc PIC flag -fPIC -DPIC works... yes
checking if gcc static flag -static works... yes
checking if gcc supports -c -o file.o... yes
checking if gcc supports -c -o file.o... (cached) yes
checking whether the gcc linker (/usr/bin/ld -m elf_x86_64) supports shared libraries... yes
checking whether -lc should be explicitly linked in... no
checking dynamic linker characteristics... GNU/Linux ld.so
checking how to hardcode library paths into programs... immediate
checking whether stripping libraries is possible... yes
checking if libtool supports shared libraries... yes
checking whether to build shared libraries... yes
checking whether to build static libraries... yes
checking how to run the C++ preprocessor... g++ -E
checking for ld used by g++... /usr/bin/ld -m elf_x86_64
checking if the linker (/usr/bin/ld -m elf_x86_64) is GNU ld... yes
checking whether the g++ linker (/usr/bin/ld -m elf_x86_64) supports shared libraries... yes
checking for g++ option to produce PIC... -fPIC -DPIC
checking if g++ PIC flag -fPIC -DPIC works... yes
checking if g++ static flag -static works... yes
checking if g++ supports -c -o file.o... yes
checking if g++ supports -c -o file.o... (cached) yes
checking whether the g++ linker (/usr/bin/ld -m elf_x86_64) supports shared libraries... yes
checking dynamic linker characteristics... (cached) GNU/Linux ld.so
checking how to hardcode library paths into programs... immediate
checking for pkg-config... /usr/bin/pkg-config
checking pkg-config is at least version 0.9.0... yes
checking for GSM... yes
checking for appdata-validate... no
checking for desktop-file-validate... /usr/bin/desktop-file-validate
checking for WNCK... yes
checking for SCRIPTS... yes
checking whether gcc understands -Wall... yes
checking whether gcc understands -Wstrict-prototypes... yes
checking whether gcc understands -Wnested-externs... yes
checking whether gcc understands -Werror=missing-prototypes... yes
checking whether gcc understands -Werror=implicit-function-declaration... yes
checking whether gcc understands -Werror=pointer-arith... yes
checking whether gcc understands -Werror=init-self... yes
checking whether gcc understands -Werror=format-security... yes
checking whether gcc understands -Werror=format=2... yes
checking whether gcc understands -Werror=missing-include-dirs... yes
checking whether gcc understands -Werror=return-type... yes
checking what warning flags to pass to the C compiler...  -Wall -Wstrict-prototypes -Wnested-externs -Werror=missing-prototypes -Werror=implicit-function-declaration -Werror=pointer-arith -Werror=init-self -Werror=format-security -Werror=format=2 -Werror=missing-include-dirs -Werror=return-type
checking what language compliance flags to pass to the C compiler... 
checking for more warnings... yes
checking for pkg-config... (cached) /usr/bin/pkg-config
checking pkg-config is at least version 0.16... yes
checking whether NLS is requested... yes
checking for intltool >= 0.41.0... 0.51.0 found
checking for intltool-update... /usr/bin/intltool-update
checking for intltool-merge... /usr/bin/intltool-merge
checking for intltool-extract... /usr/bin/intltool-extract
checking for xgettext... /usr/bin/xgettext
checking for msgmerge... /usr/bin/msgmerge
checking for msgfmt... /usr/bin/msgfmt
checking for gmsgfmt... /usr/bin/msgfmt
checking for perl... /usr/bin/perl
checking for perl >= 5.8.1... 5.22.1
checking for XML::Parser... ok
checking for itstool... itstool
checking for xmllint... xmllint
checking that generated files are newer than configure... done
configure: creating ./config.status
config.status: creating Makefile
config.status: creating scripts/Makefile
config.status: creating src/Makefile
config.status: creating src/org.gnome.gnome-system-monitor.gschema.xml.in
config.status: creating po/Makefile.in
config.status: creating help/Makefile
config.status: creating gnome-system-monitor.desktop.in
config.status: creating gnome-system-monitor-kde.desktop.in
config.status: creating config.h
config.status: executing depfiles commands
config.status: executing libtool commands
config.status: executing po/stamp-it commands


Configuration:

        Source code location:   .
        C Compiler:             gcc
        C++ Compiler:           g++
        CFLAGS:                     -Wall     -Winline     -Wchar-subscripts -Wmissing-declarations -Wmissing-prototypes     -Wnested-externs -Wpointer-arith     -Wcast-align -Wsign-compare     -g -O2
        CXXFLAGS:               -Wall -g -O2 -std=gnu++11
        Maintainer mode:        yes
        systemd support:        no
        wnck support:           yes

make  all-recursive
make[1]: Entering directory '/sources/7.9/gnome-system-monitor-3.18.2'
Making all in po
make[2]: Entering directory '/sources/7.9/gnome-system-monitor-3.18.2/po'
  MSGFMT am.gmo
  MSGFMT an.gmo
  MSGFMT ar.gmo
  MSGFMT as.gmo
  MSGFMT ast.gmo
  MSGFMT az.gmo
  MSGFMT be.gmo
  MSGFMT be@latin.gmo
  MSGFMT bg.gmo
  MSGFMT bn.gmo
  MSGFMT bn_IN.gmo
  MSGFMT bs.gmo
  MSGFMT ca.gmo
  MSGFMT ca@valencia.gmo
  MSGFMT cs.gmo
  MSGFMT cy.gmo
  MSGFMT da.gmo
  MSGFMT de.gmo
  MSGFMT dz.gmo
  MSGFMT el.gmo
  MSGFMT en_CA.gmo
  MSGFMT en_GB.gmo
  MSGFMT en@shaw.gmo
  MSGFMT eo.gmo
  MSGFMT es.gmo
  MSGFMT et.gmo
  MSGFMT eu.gmo
  MSGFMT fa.gmo
  MSGFMT fi.gmo
  MSGFMT fr.gmo
  MSGFMT fur.gmo
  MSGFMT ga.gmo
  MSGFMT gd.gmo
  MSGFMT gl.gmo
  MSGFMT gu.gmo
  MSGFMT he.gmo
  MSGFMT hi.gmo
  MSGFMT hr.gmo
  MSGFMT hu.gmo
  MSGFMT id.gmo
  MSGFMT is.gmo
  MSGFMT it.gmo
  MSGFMT ja.gmo
  MSGFMT ka.gmo
  MSGFMT kk.gmo
  MSGFMT km.gmo
  MSGFMT kn.gmo
  MSGFMT ko.gmo
  MSGFMT ku.gmo
  MSGFMT ky.gmo
  MSGFMT li.gmo
  MSGFMT lt.gmo
  MSGFMT lv.gmo
  MSGFMT mai.gmo
  MSGFMT mg.gmo
  MSGFMT mk.gmo
  MSGFMT ml.gmo
  MSGFMT mn.gmo
  MSGFMT mr.gmo
  MSGFMT ms.gmo
  MSGFMT nb.gmo
  MSGFMT nds.gmo
  MSGFMT ne.gmo
  MSGFMT nl.gmo
  MSGFMT nn.gmo
  MSGFMT oc.gmo
  MSGFMT or.gmo
  MSGFMT pa.gmo
  MSGFMT pl.gmo
  MSGFMT ps.gmo
  MSGFMT pt.gmo
  MSGFMT pt_BR.gmo
  MSGFMT ro.gmo
  MSGFMT ru.gmo
  MSGFMT rw.gmo
  MSGFMT si.gmo
  MSGFMT sk.gmo
  MSGFMT sl.gmo
  MSGFMT sq.gmo
  MSGFMT sr.gmo
  MSGFMT sr@latin.gmo
  MSGFMT sv.gmo
  MSGFMT ta.gmo
  MSGFMT te.gmo
  MSGFMT tg.gmo
  MSGFMT th.gmo
  MSGFMT tr.gmo
  MSGFMT ug.gmo
  MSGFMT uk.gmo
  MSGFMT vi.gmo
  MSGFMT zh_CN.gmo
  MSGFMT zh_HK.gmo
  MSGFMT zh_TW.gmo
make[2]: Leaving directory '/sources/7.9/gnome-system-monitor-3.18.2/po'
Making all in scripts
make[2]: Entering directory '/sources/7.9/gnome-system-monitor-3.18.2/scripts'
  CC       gsm_renice-gsm_execute_helper.o
  CCLD     gsm-renice
  CC       gsm_kill-gsm_execute_helper.o
  CCLD     gsm-kill
make[2]: Leaving directory '/sources/7.9/gnome-system-monitor-3.18.2/scripts'
Making all in src
make[2]: Entering directory '/sources/7.9/gnome-system-monitor-3.18.2/src'
make  all-am
make[3]: Entering directory '/sources/7.9/gnome-system-monitor-3.18.2/src'
  CC       gsm-resources.o
  CXX      argv.o
  CXX      interface.o
  CXX      load-graph.o
  CXX      proctable.o
  CXX      prettytable.o
  CXX      util.o
  CXX      procactions.o
  CXX      procdialogs.o
  CXX      memmaps.o
  CXX      openfiles.o
  CXX      procproperties.o
  CXX      smooth_refresh.o
  CXX      disks.o
  CXX      selinux.o
  CXX      systemd.o
  CXX      cgroups.o
  CXX      gsm_gnomesu.o
  CXX      gsm_gksu.o
  CXX      gsm_pkexec.o
  CXX      lsof.o
  CXX      prefsdialog.o
  CXX      application.o
  CC       e_date.o
  CC       gsm_color_button.o
  CC       treeview.o
  CXX      main.o
  CXXLD    gnome-system-monitor
  GEN      org.gnome.gnome-system-monitor.enums.xml
  ITMRG  org.gnome.gnome-system-monitor.gschema.xml
  GEN      org.gnome.gnome-system-monitor.gschema.valid
make[3]: Leaving directory '/sources/7.9/gnome-system-monitor-3.18.2/src'
make[2]: Leaving directory '/sources/7.9/gnome-system-monitor-3.18.2/src'
Making all in help
make[2]: Entering directory '/sources/7.9/gnome-system-monitor-3.18.2/help'
  GEN      cs/cs.mo
  GEN    cs/
  GEN      de/de.mo
  GEN    de/
  GEN      el/el.mo
  GEN    el/
  GEN      es/es.mo
  GEN    es/
  GEN      fr/fr.mo
  GEN    fr/
  GEN      hu/hu.mo
  GEN    hu/
  GEN      ro/ro.mo
  GEN    ro/
make[2]: Leaving directory '/sources/7.9/gnome-system-monitor-3.18.2/help'
make[2]: Entering directory '/sources/7.9/gnome-system-monitor-3.18.2'
  ITMRG  gnome-system-monitor.desktop
  ITMRG  gnome-system-monitor-kde.desktop
  ITMRG  gnome-system-monitor.appdata.xml
  GEN      org.gnome.gnome-system-monitor.policy.in
  ITMRG  org.gnome.gnome-system-monitor.policy
make[2]: Leaving directory '/sources/7.9/gnome-system-monitor-3.18.2'
make[1]: Leaving directory '/sources/7.9/gnome-system-monitor-3.18.2'
Making install in po
make[1]: Entering directory '/sources/7.9/gnome-system-monitor-3.18.2/po'
linguas="am an ar as ast az be be@latin bg bn bn_IN bs ca ca@valencia cs cy da de dz el en_CA en_GB en@shaw eo es et eu fa fi fr fur ga gd gl gu he hi hr hu id is it ja ka kk km kn ko ku ky li lt lv mai mg mk ml mn mr ms nb nds ne nl nn oc or pa pl ps pt pt_BR ro ru rw si sk sl sq sr sr@latin sv ta te tg th tr ug uk vi zh_CN zh_HK zh_TW "; \
for lang in $linguas; do \
  dir=/usr/share/locale/$lang/LC_MESSAGES; \
  /bin/sh /sources/7.9/gnome-system-monitor-3.18.2/install-sh -d $dir; \
  if test -r $lang.gmo; then \
    /usr/bin/install -c -m 644 $lang.gmo $dir/gnome-system-monitor.mo; \
    echo "installing $lang.gmo as $dir/gnome-system-monitor.mo"; \
  else \
    /usr/bin/install -c -m 644 ./$lang.gmo $dir/gnome-system-monitor.mo; \
    echo "installing ./$lang.gmo as" \
	 "$dir/gnome-system-monitor.mo"; \
  fi; \
  if test -r $lang.gmo.m; then \
    /usr/bin/install -c -m 644 $lang.gmo.m $dir/gnome-system-monitor.mo.m; \
    echo "installing $lang.gmo.m as $dir/gnome-system-monitor.mo.m"; \
  else \
    if test -r ./$lang.gmo.m ; then \
      /usr/bin/install -c -m 644 ./$lang.gmo.m \
	$dir/gnome-system-monitor.mo.m; \
      echo "installing ./$lang.gmo.m as" \
	   "$dir/gnome-system-monitor.mo.m"; \
    else \
      true; \
    fi; \
  fi; \
done
installing am.gmo as /usr/share/locale/am/LC_MESSAGES/gnome-system-monitor.mo
installing an.gmo as /usr/share/locale/an/LC_MESSAGES/gnome-system-monitor.mo
installing ar.gmo as /usr/share/locale/ar/LC_MESSAGES/gnome-system-monitor.mo
installing as.gmo as /usr/share/locale/as/LC_MESSAGES/gnome-system-monitor.mo
installing ast.gmo as /usr/share/locale/ast/LC_MESSAGES/gnome-system-monitor.mo
installing az.gmo as /usr/share/locale/az/LC_MESSAGES/gnome-system-monitor.mo
installing be.gmo as /usr/share/locale/be/LC_MESSAGES/gnome-system-monitor.mo
installing be@latin.gmo as /usr/share/locale/be@latin/LC_MESSAGES/gnome-system-monitor.mo
installing bg.gmo as /usr/share/locale/bg/LC_MESSAGES/gnome-system-monitor.mo
installing bn.gmo as /usr/share/locale/bn/LC_MESSAGES/gnome-system-monitor.mo
installing bn_IN.gmo as /usr/share/locale/bn_IN/LC_MESSAGES/gnome-system-monitor.mo
installing bs.gmo as /usr/share/locale/bs/LC_MESSAGES/gnome-system-monitor.mo
installing ca.gmo as /usr/share/locale/ca/LC_MESSAGES/gnome-system-monitor.mo
installing ca@valencia.gmo as /usr/share/locale/ca@valencia/LC_MESSAGES/gnome-system-monitor.mo
installing cs.gmo as /usr/share/locale/cs/LC_MESSAGES/gnome-system-monitor.mo
installing cy.gmo as /usr/share/locale/cy/LC_MESSAGES/gnome-system-monitor.mo
installing da.gmo as /usr/share/locale/da/LC_MESSAGES/gnome-system-monitor.mo
installing de.gmo as /usr/share/locale/de/LC_MESSAGES/gnome-system-monitor.mo
installing dz.gmo as /usr/share/locale/dz/LC_MESSAGES/gnome-system-monitor.mo
installing el.gmo as /usr/share/locale/el/LC_MESSAGES/gnome-system-monitor.mo
installing en_CA.gmo as /usr/share/locale/en_CA/LC_MESSAGES/gnome-system-monitor.mo
installing en_GB.gmo as /usr/share/locale/en_GB/LC_MESSAGES/gnome-system-monitor.mo
installing en@shaw.gmo as /usr/share/locale/en@shaw/LC_MESSAGES/gnome-system-monitor.mo
installing eo.gmo as /usr/share/locale/eo/LC_MESSAGES/gnome-system-monitor.mo
installing es.gmo as /usr/share/locale/es/LC_MESSAGES/gnome-system-monitor.mo
installing et.gmo as /usr/share/locale/et/LC_MESSAGES/gnome-system-monitor.mo
installing eu.gmo as /usr/share/locale/eu/LC_MESSAGES/gnome-system-monitor.mo
installing fa.gmo as /usr/share/locale/fa/LC_MESSAGES/gnome-system-monitor.mo
installing fi.gmo as /usr/share/locale/fi/LC_MESSAGES/gnome-system-monitor.mo
installing fr.gmo as /usr/share/locale/fr/LC_MESSAGES/gnome-system-monitor.mo
installing fur.gmo as /usr/share/locale/fur/LC_MESSAGES/gnome-system-monitor.mo
installing ga.gmo as /usr/share/locale/ga/LC_MESSAGES/gnome-system-monitor.mo
installing gd.gmo as /usr/share/locale/gd/LC_MESSAGES/gnome-system-monitor.mo
installing gl.gmo as /usr/share/locale/gl/LC_MESSAGES/gnome-system-monitor.mo
installing gu.gmo as /usr/share/locale/gu/LC_MESSAGES/gnome-system-monitor.mo
installing he.gmo as /usr/share/locale/he/LC_MESSAGES/gnome-system-monitor.mo
installing hi.gmo as /usr/share/locale/hi/LC_MESSAGES/gnome-system-monitor.mo
installing hr.gmo as /usr/share/locale/hr/LC_MESSAGES/gnome-system-monitor.mo
installing hu.gmo as /usr/share/locale/hu/LC_MESSAGES/gnome-system-monitor.mo
installing id.gmo as /usr/share/locale/id/LC_MESSAGES/gnome-system-monitor.mo
installing is.gmo as /usr/share/locale/is/LC_MESSAGES/gnome-system-monitor.mo
installing it.gmo as /usr/share/locale/it/LC_MESSAGES/gnome-system-monitor.mo
installing ja.gmo as /usr/share/locale/ja/LC_MESSAGES/gnome-system-monitor.mo
installing ka.gmo as /usr/share/locale/ka/LC_MESSAGES/gnome-system-monitor.mo
installing kk.gmo as /usr/share/locale/kk/LC_MESSAGES/gnome-system-monitor.mo
installing km.gmo as /usr/share/locale/km/LC_MESSAGES/gnome-system-monitor.mo
installing kn.gmo as /usr/share/locale/kn/LC_MESSAGES/gnome-system-monitor.mo
installing ko.gmo as /usr/share/locale/ko/LC_MESSAGES/gnome-system-monitor.mo
installing ku.gmo as /usr/share/locale/ku/LC_MESSAGES/gnome-system-monitor.mo
installing ky.gmo as /usr/share/locale/ky/LC_MESSAGES/gnome-system-monitor.mo
installing li.gmo as /usr/share/locale/li/LC_MESSAGES/gnome-system-monitor.mo
installing lt.gmo as /usr/share/locale/lt/LC_MESSAGES/gnome-system-monitor.mo
installing lv.gmo as /usr/share/locale/lv/LC_MESSAGES/gnome-system-monitor.mo
installing mai.gmo as /usr/share/locale/mai/LC_MESSAGES/gnome-system-monitor.mo
installing mg.gmo as /usr/share/locale/mg/LC_MESSAGES/gnome-system-monitor.mo
installing mk.gmo as /usr/share/locale/mk/LC_MESSAGES/gnome-system-monitor.mo
installing ml.gmo as /usr/share/locale/ml/LC_MESSAGES/gnome-system-monitor.mo
installing mn.gmo as /usr/share/locale/mn/LC_MESSAGES/gnome-system-monitor.mo
installing mr.gmo as /usr/share/locale/mr/LC_MESSAGES/gnome-system-monitor.mo
installing ms.gmo as /usr/share/locale/ms/LC_MESSAGES/gnome-system-monitor.mo
installing nb.gmo as /usr/share/locale/nb/LC_MESSAGES/gnome-system-monitor.mo
installing nds.gmo as /usr/share/locale/nds/LC_MESSAGES/gnome-system-monitor.mo
installing ne.gmo as /usr/share/locale/ne/LC_MESSAGES/gnome-system-monitor.mo
installing nl.gmo as /usr/share/locale/nl/LC_MESSAGES/gnome-system-monitor.mo
installing nn.gmo as /usr/share/locale/nn/LC_MESSAGES/gnome-system-monitor.mo
installing oc.gmo as /usr/share/locale/oc/LC_MESSAGES/gnome-system-monitor.mo
installing or.gmo as /usr/share/locale/or/LC_MESSAGES/gnome-system-monitor.mo
installing pa.gmo as /usr/share/locale/pa/LC_MESSAGES/gnome-system-monitor.mo
installing pl.gmo as /usr/share/locale/pl/LC_MESSAGES/gnome-system-monitor.mo
installing ps.gmo as /usr/share/locale/ps/LC_MESSAGES/gnome-system-monitor.mo
installing pt.gmo as /usr/share/locale/pt/LC_MESSAGES/gnome-system-monitor.mo
installing pt_BR.gmo as /usr/share/locale/pt_BR/LC_MESSAGES/gnome-system-monitor.mo
installing ro.gmo as /usr/share/locale/ro/LC_MESSAGES/gnome-system-monitor.mo
installing ru.gmo as /usr/share/locale/ru/LC_MESSAGES/gnome-system-monitor.mo
installing rw.gmo as /usr/share/locale/rw/LC_MESSAGES/gnome-system-monitor.mo
installing si.gmo as /usr/share/locale/si/LC_MESSAGES/gnome-system-monitor.mo
installing sk.gmo as /usr/share/locale/sk/LC_MESSAGES/gnome-system-monitor.mo
installing sl.gmo as /usr/share/locale/sl/LC_MESSAGES/gnome-system-monitor.mo
installing sq.gmo as /usr/share/locale/sq/LC_MESSAGES/gnome-system-monitor.mo
installing sr.gmo as /usr/share/locale/sr/LC_MESSAGES/gnome-system-monitor.mo
installing sr@latin.gmo as /usr/share/locale/sr@latin/LC_MESSAGES/gnome-system-monitor.mo
installing sv.gmo as /usr/share/locale/sv/LC_MESSAGES/gnome-system-monitor.mo
installing ta.gmo as /usr/share/locale/ta/LC_MESSAGES/gnome-system-monitor.mo
installing te.gmo as /usr/share/locale/te/LC_MESSAGES/gnome-system-monitor.mo
installing tg.gmo as /usr/share/locale/tg/LC_MESSAGES/gnome-system-monitor.mo
installing th.gmo as /usr/share/locale/th/LC_MESSAGES/gnome-system-monitor.mo
installing tr.gmo as /usr/share/locale/tr/LC_MESSAGES/gnome-system-monitor.mo
installing ug.gmo as /usr/share/locale/ug/LC_MESSAGES/gnome-system-monitor.mo
installing uk.gmo as /usr/share/locale/uk/LC_MESSAGES/gnome-system-monitor.mo
installing vi.gmo as /usr/share/locale/vi/LC_MESSAGES/gnome-system-monitor.mo
installing zh_CN.gmo as /usr/share/locale/zh_CN/LC_MESSAGES/gnome-system-monitor.mo
installing zh_HK.gmo as /usr/share/locale/zh_HK/LC_MESSAGES/gnome-system-monitor.mo
installing zh_TW.gmo as /usr/share/locale/zh_TW/LC_MESSAGES/gnome-system-monitor.mo
make[1]: Leaving directory '/sources/7.9/gnome-system-monitor-3.18.2/po'
Making install in scripts
make[1]: Entering directory '/sources/7.9/gnome-system-monitor-3.18.2/scripts'
make[2]: Entering directory '/sources/7.9/gnome-system-monitor-3.18.2/scripts'
 /bin/mkdir -p '/usr/libexec/gnome-system-monitor'
  /bin/sh ../libtool   --mode=install /usr/bin/install -c gsm-renice gsm-kill '/usr/libexec/gnome-system-monitor'
libtool: install: /usr/bin/install -c gsm-renice /usr/libexec/gnome-system-monitor/gsm-renice
libtool: install: /usr/bin/install -c gsm-kill /usr/libexec/gnome-system-monitor/gsm-kill
make[2]: Nothing to be done for 'install-data-am'.
make[2]: Leaving directory '/sources/7.9/gnome-system-monitor-3.18.2/scripts'
make[1]: Leaving directory '/sources/7.9/gnome-system-monitor-3.18.2/scripts'
Making install in src
make[1]: Entering directory '/sources/7.9/gnome-system-monitor-3.18.2/src'
make  install-am
make[2]: Entering directory '/sources/7.9/gnome-system-monitor-3.18.2/src'
make[3]: Entering directory '/sources/7.9/gnome-system-monitor-3.18.2/src'
 /bin/mkdir -p '/usr/bin'
  /bin/sh ../libtool   --mode=install /usr/bin/install -c gnome-system-monitor '/usr/bin'
libtool: install: /usr/bin/install -c gnome-system-monitor /usr/bin/gnome-system-monitor
if test -n "org.gnome.gnome-system-monitor.gschema.xml org.gnome.gnome-system-monitor.enums.xml"; then \
	test -z "/usr/share/glib-2.0/schemas" || /bin/mkdir -p "/usr/share/glib-2.0/schemas"; \
	/usr/bin/install -c -m 644 org.gnome.gnome-system-monitor.gschema.xml org.gnome.gnome-system-monitor.enums.xml "/usr/share/glib-2.0/schemas"; \
	test -n "" || glib-compile-schemas /usr/share/glib-2.0/schemas; \
fi
make[3]: Leaving directory '/sources/7.9/gnome-system-monitor-3.18.2/src'
make[2]: Leaving directory '/sources/7.9/gnome-system-monitor-3.18.2/src'
make[1]: Leaving directory '/sources/7.9/gnome-system-monitor-3.18.2/src'
Making install in help
make[1]: Entering directory '/sources/7.9/gnome-system-monitor-3.18.2/help'
make[2]: Entering directory '/sources/7.9/gnome-system-monitor-3.18.2/help'
make[2]: Nothing to be done for 'install-exec-am'.
/usr/bin/install -c -m 644 C/commandline.page /usr/share/help/C/gnome-system-monitor/commandline.page
/usr/bin/install -c -m 644 C/cpu-check.page /usr/share/help/C/gnome-system-monitor/cpu-check.page
/usr/bin/install -c -m 644 C/cpu-mem-normal.page /usr/share/help/C/gnome-system-monitor/cpu-mem-normal.page
/usr/bin/install -c -m 644 C/cpu-multicore.page /usr/share/help/C/gnome-system-monitor/cpu-multicore.page
/usr/bin/install -c -m 644 C/fs-device.page /usr/share/help/C/gnome-system-monitor/fs-device.page
/usr/bin/install -c -m 644 C/fs-diskusage.page /usr/share/help/C/gnome-system-monitor/fs-diskusage.page
/usr/bin/install -c -m 644 C/fs-info.page /usr/share/help/C/gnome-system-monitor/fs-info.page
/usr/bin/install -c -m 644 C/fs-showall.page /usr/share/help/C/gnome-system-monitor/fs-showall.page
/usr/bin/install -c -m 644 C/index.page /usr/share/help/C/gnome-system-monitor/index.page
/usr/bin/install -c -m 644 C/legal.xml /usr/share/help/C/gnome-system-monitor/legal.xml
/usr/bin/install -c -m 644 C/mem-check.page /usr/share/help/C/gnome-system-monitor/mem-check.page
/usr/bin/install -c -m 644 C/mem-swap.page /usr/share/help/C/gnome-system-monitor/mem-swap.page
/usr/bin/install -c -m 644 C/memory-map-use.page /usr/share/help/C/gnome-system-monitor/memory-map-use.page
/usr/bin/install -c -m 644 C/net-bits.page /usr/share/help/C/gnome-system-monitor/net-bits.page
/usr/bin/install -c -m 644 C/process-explain.page /usr/share/help/C/gnome-system-monitor/process-explain.page
/usr/bin/install -c -m 644 C/process-files.page /usr/share/help/C/gnome-system-monitor/process-files.page
/usr/bin/install -c -m 644 C/process-identify-file.page /usr/share/help/C/gnome-system-monitor/process-identify-file.page
/usr/bin/install -c -m 644 C/process-identify-hog.page /usr/share/help/C/gnome-system-monitor/process-identify-hog.page
/usr/bin/install -c -m 644 C/process-kill.page /usr/share/help/C/gnome-system-monitor/process-kill.page
/usr/bin/install -c -m 644 C/process-many.page /usr/share/help/C/gnome-system-monitor/process-many.page
/usr/bin/install -c -m 644 C/process-priority-change.page /usr/share/help/C/gnome-system-monitor/process-priority-change.page
/usr/bin/install -c -m 644 C/process-status.page /usr/share/help/C/gnome-system-monitor/process-status.page
/usr/bin/install -c -m 644 C/process-update-speed.page /usr/share/help/C/gnome-system-monitor/process-update-speed.page
/usr/bin/install -c -m 644 C/solaris-mode.page /usr/share/help/C/gnome-system-monitor/solaris-mode.page
/usr/bin/install -c -m 644 C/units.page /usr/share/help/C/gnome-system-monitor/units.page
/usr/bin/install -c -m 644 cs/commandline.page /usr/share/help/cs/gnome-system-monitor/commandline.page
/usr/bin/install -c -m 644 cs/cpu-check.page /usr/share/help/cs/gnome-system-monitor/cpu-check.page
/usr/bin/install -c -m 644 cs/cpu-mem-normal.page /usr/share/help/cs/gnome-system-monitor/cpu-mem-normal.page
/usr/bin/install -c -m 644 cs/cpu-multicore.page /usr/share/help/cs/gnome-system-monitor/cpu-multicore.page
/usr/bin/install -c -m 644 cs/fs-device.page /usr/share/help/cs/gnome-system-monitor/fs-device.page
/usr/bin/install -c -m 644 cs/fs-diskusage.page /usr/share/help/cs/gnome-system-monitor/fs-diskusage.page
/usr/bin/install -c -m 644 cs/fs-info.page /usr/share/help/cs/gnome-system-monitor/fs-info.page
/usr/bin/install -c -m 644 cs/fs-showall.page /usr/share/help/cs/gnome-system-monitor/fs-showall.page
/usr/bin/install -c -m 644 cs/index.page /usr/share/help/cs/gnome-system-monitor/index.page
/usr/bin/install -c -m 644 cs/legal.xml /usr/share/help/cs/gnome-system-monitor/legal.xml
/usr/bin/install -c -m 644 cs/mem-check.page /usr/share/help/cs/gnome-system-monitor/mem-check.page
/usr/bin/install -c -m 644 cs/mem-swap.page /usr/share/help/cs/gnome-system-monitor/mem-swap.page
/usr/bin/install -c -m 644 cs/memory-map-use.page /usr/share/help/cs/gnome-system-monitor/memory-map-use.page
/usr/bin/install -c -m 644 cs/net-bits.page /usr/share/help/cs/gnome-system-monitor/net-bits.page
/usr/bin/install -c -m 644 cs/process-explain.page /usr/share/help/cs/gnome-system-monitor/process-explain.page
/usr/bin/install -c -m 644 cs/process-files.page /usr/share/help/cs/gnome-system-monitor/process-files.page
/usr/bin/install -c -m 644 cs/process-identify-file.page /usr/share/help/cs/gnome-system-monitor/process-identify-file.page
/usr/bin/install -c -m 644 cs/process-identify-hog.page /usr/share/help/cs/gnome-system-monitor/process-identify-hog.page
/usr/bin/install -c -m 644 cs/process-kill.page /usr/share/help/cs/gnome-system-monitor/process-kill.page
/usr/bin/install -c -m 644 cs/process-many.page /usr/share/help/cs/gnome-system-monitor/process-many.page
/usr/bin/install -c -m 644 cs/process-priority-change.page /usr/share/help/cs/gnome-system-monitor/process-priority-change.page
/usr/bin/install -c -m 644 cs/process-status.page /usr/share/help/cs/gnome-system-monitor/process-status.page
/usr/bin/install -c -m 644 cs/process-update-speed.page /usr/share/help/cs/gnome-system-monitor/process-update-speed.page
/usr/bin/install -c -m 644 cs/solaris-mode.page /usr/share/help/cs/gnome-system-monitor/solaris-mode.page
/usr/bin/install -c -m 644 cs/units.page /usr/share/help/cs/gnome-system-monitor/units.page
/usr/bin/install -c -m 644 de/commandline.page /usr/share/help/de/gnome-system-monitor/commandline.page
/usr/bin/install -c -m 644 de/cpu-check.page /usr/share/help/de/gnome-system-monitor/cpu-check.page
/usr/bin/install -c -m 644 de/cpu-mem-normal.page /usr/share/help/de/gnome-system-monitor/cpu-mem-normal.page
/usr/bin/install -c -m 644 de/cpu-multicore.page /usr/share/help/de/gnome-system-monitor/cpu-multicore.page
/usr/bin/install -c -m 644 de/fs-device.page /usr/share/help/de/gnome-system-monitor/fs-device.page
/usr/bin/install -c -m 644 de/fs-diskusage.page /usr/share/help/de/gnome-system-monitor/fs-diskusage.page
/usr/bin/install -c -m 644 de/fs-info.page /usr/share/help/de/gnome-system-monitor/fs-info.page
/usr/bin/install -c -m 644 de/fs-showall.page /usr/share/help/de/gnome-system-monitor/fs-showall.page
/usr/bin/install -c -m 644 de/index.page /usr/share/help/de/gnome-system-monitor/index.page
/usr/bin/install -c -m 644 de/legal.xml /usr/share/help/de/gnome-system-monitor/legal.xml
/usr/bin/install -c -m 644 de/mem-check.page /usr/share/help/de/gnome-system-monitor/mem-check.page
/usr/bin/install -c -m 644 de/mem-swap.page /usr/share/help/de/gnome-system-monitor/mem-swap.page
/usr/bin/install -c -m 644 de/memory-map-use.page /usr/share/help/de/gnome-system-monitor/memory-map-use.page
/usr/bin/install -c -m 644 de/net-bits.page /usr/share/help/de/gnome-system-monitor/net-bits.page
/usr/bin/install -c -m 644 de/process-explain.page /usr/share/help/de/gnome-system-monitor/process-explain.page
/usr/bin/install -c -m 644 de/process-files.page /usr/share/help/de/gnome-system-monitor/process-files.page
/usr/bin/install -c -m 644 de/process-identify-file.page /usr/share/help/de/gnome-system-monitor/process-identify-file.page
/usr/bin/install -c -m 644 de/process-identify-hog.page /usr/share/help/de/gnome-system-monitor/process-identify-hog.page
/usr/bin/install -c -m 644 de/process-kill.page /usr/share/help/de/gnome-system-monitor/process-kill.page
/usr/bin/install -c -m 644 de/process-many.page /usr/share/help/de/gnome-system-monitor/process-many.page
/usr/bin/install -c -m 644 de/process-priority-change.page /usr/share/help/de/gnome-system-monitor/process-priority-change.page
/usr/bin/install -c -m 644 de/process-status.page /usr/share/help/de/gnome-system-monitor/process-status.page
/usr/bin/install -c -m 644 de/process-update-speed.page /usr/share/help/de/gnome-system-monitor/process-update-speed.page
/usr/bin/install -c -m 644 de/solaris-mode.page /usr/share/help/de/gnome-system-monitor/solaris-mode.page
/usr/bin/install -c -m 644 de/units.page /usr/share/help/de/gnome-system-monitor/units.page
/usr/bin/install -c -m 644 el/commandline.page /usr/share/help/el/gnome-system-monitor/commandline.page
/usr/bin/install -c -m 644 el/cpu-check.page /usr/share/help/el/gnome-system-monitor/cpu-check.page
/usr/bin/install -c -m 644 el/cpu-mem-normal.page /usr/share/help/el/gnome-system-monitor/cpu-mem-normal.page
/usr/bin/install -c -m 644 el/cpu-multicore.page /usr/share/help/el/gnome-system-monitor/cpu-multicore.page
/usr/bin/install -c -m 644 el/fs-device.page /usr/share/help/el/gnome-system-monitor/fs-device.page
/usr/bin/install -c -m 644 el/fs-diskusage.page /usr/share/help/el/gnome-system-monitor/fs-diskusage.page
/usr/bin/install -c -m 644 el/fs-info.page /usr/share/help/el/gnome-system-monitor/fs-info.page
/usr/bin/install -c -m 644 el/fs-showall.page /usr/share/help/el/gnome-system-monitor/fs-showall.page
/usr/bin/install -c -m 644 el/index.page /usr/share/help/el/gnome-system-monitor/index.page
/usr/bin/install -c -m 644 el/legal.xml /usr/share/help/el/gnome-system-monitor/legal.xml
/usr/bin/install -c -m 644 el/mem-check.page /usr/share/help/el/gnome-system-monitor/mem-check.page
/usr/bin/install -c -m 644 el/mem-swap.page /usr/share/help/el/gnome-system-monitor/mem-swap.page
/usr/bin/install -c -m 644 el/memory-map-use.page /usr/share/help/el/gnome-system-monitor/memory-map-use.page
/usr/bin/install -c -m 644 el/net-bits.page /usr/share/help/el/gnome-system-monitor/net-bits.page
/usr/bin/install -c -m 644 el/process-explain.page /usr/share/help/el/gnome-system-monitor/process-explain.page
/usr/bin/install -c -m 644 el/process-files.page /usr/share/help/el/gnome-system-monitor/process-files.page
/usr/bin/install -c -m 644 el/process-identify-file.page /usr/share/help/el/gnome-system-monitor/process-identify-file.page
/usr/bin/install -c -m 644 el/process-identify-hog.page /usr/share/help/el/gnome-system-monitor/process-identify-hog.page
/usr/bin/install -c -m 644 el/process-kill.page /usr/share/help/el/gnome-system-monitor/process-kill.page
/usr/bin/install -c -m 644 el/process-many.page /usr/share/help/el/gnome-system-monitor/process-many.page
/usr/bin/install -c -m 644 el/process-priority-change.page /usr/share/help/el/gnome-system-monitor/process-priority-change.page
/usr/bin/install -c -m 644 el/process-status.page /usr/share/help/el/gnome-system-monitor/process-status.page
/usr/bin/install -c -m 644 el/process-update-speed.page /usr/share/help/el/gnome-system-monitor/process-update-speed.page
/usr/bin/install -c -m 644 el/solaris-mode.page /usr/share/help/el/gnome-system-monitor/solaris-mode.page
/usr/bin/install -c -m 644 el/units.page /usr/share/help/el/gnome-system-monitor/units.page
/usr/bin/install -c -m 644 es/commandline.page /usr/share/help/es/gnome-system-monitor/commandline.page
/usr/bin/install -c -m 644 es/cpu-check.page /usr/share/help/es/gnome-system-monitor/cpu-check.page
/usr/bin/install -c -m 644 es/cpu-mem-normal.page /usr/share/help/es/gnome-system-monitor/cpu-mem-normal.page
/usr/bin/install -c -m 644 es/cpu-multicore.page /usr/share/help/es/gnome-system-monitor/cpu-multicore.page
/usr/bin/install -c -m 644 es/fs-device.page /usr/share/help/es/gnome-system-monitor/fs-device.page
/usr/bin/install -c -m 644 es/fs-diskusage.page /usr/share/help/es/gnome-system-monitor/fs-diskusage.page
/usr/bin/install -c -m 644 es/fs-info.page /usr/share/help/es/gnome-system-monitor/fs-info.page
/usr/bin/install -c -m 644 es/fs-showall.page /usr/share/help/es/gnome-system-monitor/fs-showall.page
/usr/bin/install -c -m 644 es/index.page /usr/share/help/es/gnome-system-monitor/index.page
/usr/bin/install -c -m 644 es/legal.xml /usr/share/help/es/gnome-system-monitor/legal.xml
/usr/bin/install -c -m 644 es/mem-check.page /usr/share/help/es/gnome-system-monitor/mem-check.page
/usr/bin/install -c -m 644 es/mem-swap.page /usr/share/help/es/gnome-system-monitor/mem-swap.page
/usr/bin/install -c -m 644 es/memory-map-use.page /usr/share/help/es/gnome-system-monitor/memory-map-use.page
/usr/bin/install -c -m 644 es/net-bits.page /usr/share/help/es/gnome-system-monitor/net-bits.page
/usr/bin/install -c -m 644 es/process-explain.page /usr/share/help/es/gnome-system-monitor/process-explain.page
/usr/bin/install -c -m 644 es/process-files.page /usr/share/help/es/gnome-system-monitor/process-files.page
/usr/bin/install -c -m 644 es/process-identify-file.page /usr/share/help/es/gnome-system-monitor/process-identify-file.page
/usr/bin/install -c -m 644 es/process-identify-hog.page /usr/share/help/es/gnome-system-monitor/process-identify-hog.page
/usr/bin/install -c -m 644 es/process-kill.page /usr/share/help/es/gnome-system-monitor/process-kill.page
/usr/bin/install -c -m 644 es/process-many.page /usr/share/help/es/gnome-system-monitor/process-many.page
/usr/bin/install -c -m 644 es/process-priority-change.page /usr/share/help/es/gnome-system-monitor/process-priority-change.page
/usr/bin/install -c -m 644 es/process-status.page /usr/share/help/es/gnome-system-monitor/process-status.page
/usr/bin/install -c -m 644 es/process-update-speed.page /usr/share/help/es/gnome-system-monitor/process-update-speed.page
/usr/bin/install -c -m 644 es/solaris-mode.page /usr/share/help/es/gnome-system-monitor/solaris-mode.page
/usr/bin/install -c -m 644 es/units.page /usr/share/help/es/gnome-system-monitor/units.page
/usr/bin/install -c -m 644 fr/commandline.page /usr/share/help/fr/gnome-system-monitor/commandline.page
/usr/bin/install -c -m 644 fr/cpu-check.page /usr/share/help/fr/gnome-system-monitor/cpu-check.page
/usr/bin/install -c -m 644 fr/cpu-mem-normal.page /usr/share/help/fr/gnome-system-monitor/cpu-mem-normal.page
/usr/bin/install -c -m 644 fr/cpu-multicore.page /usr/share/help/fr/gnome-system-monitor/cpu-multicore.page
/usr/bin/install -c -m 644 fr/fs-device.page /usr/share/help/fr/gnome-system-monitor/fs-device.page
/usr/bin/install -c -m 644 fr/fs-diskusage.page /usr/share/help/fr/gnome-system-monitor/fs-diskusage.page
/usr/bin/install -c -m 644 fr/fs-info.page /usr/share/help/fr/gnome-system-monitor/fs-info.page
/usr/bin/install -c -m 644 fr/fs-showall.page /usr/share/help/fr/gnome-system-monitor/fs-showall.page
/usr/bin/install -c -m 644 fr/index.page /usr/share/help/fr/gnome-system-monitor/index.page
/usr/bin/install -c -m 644 fr/legal.xml /usr/share/help/fr/gnome-system-monitor/legal.xml
/usr/bin/install -c -m 644 fr/mem-check.page /usr/share/help/fr/gnome-system-monitor/mem-check.page
/usr/bin/install -c -m 644 fr/mem-swap.page /usr/share/help/fr/gnome-system-monitor/mem-swap.page
/usr/bin/install -c -m 644 fr/memory-map-use.page /usr/share/help/fr/gnome-system-monitor/memory-map-use.page
/usr/bin/install -c -m 644 fr/net-bits.page /usr/share/help/fr/gnome-system-monitor/net-bits.page
/usr/bin/install -c -m 644 fr/process-explain.page /usr/share/help/fr/gnome-system-monitor/process-explain.page
/usr/bin/install -c -m 644 fr/process-files.page /usr/share/help/fr/gnome-system-monitor/process-files.page
/usr/bin/install -c -m 644 fr/process-identify-file.page /usr/share/help/fr/gnome-system-monitor/process-identify-file.page
/usr/bin/install -c -m 644 fr/process-identify-hog.page /usr/share/help/fr/gnome-system-monitor/process-identify-hog.page
/usr/bin/install -c -m 644 fr/process-kill.page /usr/share/help/fr/gnome-system-monitor/process-kill.page
/usr/bin/install -c -m 644 fr/process-many.page /usr/share/help/fr/gnome-system-monitor/process-many.page
/usr/bin/install -c -m 644 fr/process-priority-change.page /usr/share/help/fr/gnome-system-monitor/process-priority-change.page
/usr/bin/install -c -m 644 fr/process-status.page /usr/share/help/fr/gnome-system-monitor/process-status.page
/usr/bin/install -c -m 644 fr/process-update-speed.page /usr/share/help/fr/gnome-system-monitor/process-update-speed.page
/usr/bin/install -c -m 644 fr/solaris-mode.page /usr/share/help/fr/gnome-system-monitor/solaris-mode.page
/usr/bin/install -c -m 644 fr/units.page /usr/share/help/fr/gnome-system-monitor/units.page
/usr/bin/install -c -m 644 hu/commandline.page /usr/share/help/hu/gnome-system-monitor/commandline.page
/usr/bin/install -c -m 644 hu/cpu-check.page /usr/share/help/hu/gnome-system-monitor/cpu-check.page
/usr/bin/install -c -m 644 hu/cpu-mem-normal.page /usr/share/help/hu/gnome-system-monitor/cpu-mem-normal.page
/usr/bin/install -c -m 644 hu/cpu-multicore.page /usr/share/help/hu/gnome-system-monitor/cpu-multicore.page
/usr/bin/install -c -m 644 hu/fs-device.page /usr/share/help/hu/gnome-system-monitor/fs-device.page
/usr/bin/install -c -m 644 hu/fs-diskusage.page /usr/share/help/hu/gnome-system-monitor/fs-diskusage.page
/usr/bin/install -c -m 644 hu/fs-info.page /usr/share/help/hu/gnome-system-monitor/fs-info.page
/usr/bin/install -c -m 644 hu/fs-showall.page /usr/share/help/hu/gnome-system-monitor/fs-showall.page
/usr/bin/install -c -m 644 hu/index.page /usr/share/help/hu/gnome-system-monitor/index.page
/usr/bin/install -c -m 644 hu/legal.xml /usr/share/help/hu/gnome-system-monitor/legal.xml
/usr/bin/install -c -m 644 hu/mem-check.page /usr/share/help/hu/gnome-system-monitor/mem-check.page
/usr/bin/install -c -m 644 hu/mem-swap.page /usr/share/help/hu/gnome-system-monitor/mem-swap.page
/usr/bin/install -c -m 644 hu/memory-map-use.page /usr/share/help/hu/gnome-system-monitor/memory-map-use.page
/usr/bin/install -c -m 644 hu/net-bits.page /usr/share/help/hu/gnome-system-monitor/net-bits.page
/usr/bin/install -c -m 644 hu/process-explain.page /usr/share/help/hu/gnome-system-monitor/process-explain.page
/usr/bin/install -c -m 644 hu/process-files.page /usr/share/help/hu/gnome-system-monitor/process-files.page
/usr/bin/install -c -m 644 hu/process-identify-file.page /usr/share/help/hu/gnome-system-monitor/process-identify-file.page
/usr/bin/install -c -m 644 hu/process-identify-hog.page /usr/share/help/hu/gnome-system-monitor/process-identify-hog.page
/usr/bin/install -c -m 644 hu/process-kill.page /usr/share/help/hu/gnome-system-monitor/process-kill.page
/usr/bin/install -c -m 644 hu/process-many.page /usr/share/help/hu/gnome-system-monitor/process-many.page
/usr/bin/install -c -m 644 hu/process-priority-change.page /usr/share/help/hu/gnome-system-monitor/process-priority-change.page
/usr/bin/install -c -m 644 hu/process-status.page /usr/share/help/hu/gnome-system-monitor/process-status.page
/usr/bin/install -c -m 644 hu/process-update-speed.page /usr/share/help/hu/gnome-system-monitor/process-update-speed.page
/usr/bin/install -c -m 644 hu/solaris-mode.page /usr/share/help/hu/gnome-system-monitor/solaris-mode.page
/usr/bin/install -c -m 644 hu/units.page /usr/share/help/hu/gnome-system-monitor/units.page
/usr/bin/install -c -m 644 ro/commandline.page /usr/share/help/ro/gnome-system-monitor/commandline.page
/usr/bin/install -c -m 644 ro/cpu-check.page /usr/share/help/ro/gnome-system-monitor/cpu-check.page
/usr/bin/install -c -m 644 ro/cpu-mem-normal.page /usr/share/help/ro/gnome-system-monitor/cpu-mem-normal.page
/usr/bin/install -c -m 644 ro/cpu-multicore.page /usr/share/help/ro/gnome-system-monitor/cpu-multicore.page
/usr/bin/install -c -m 644 ro/fs-device.page /usr/share/help/ro/gnome-system-monitor/fs-device.page
/usr/bin/install -c -m 644 ro/fs-diskusage.page /usr/share/help/ro/gnome-system-monitor/fs-diskusage.page
/usr/bin/install -c -m 644 ro/fs-info.page /usr/share/help/ro/gnome-system-monitor/fs-info.page
/usr/bin/install -c -m 644 ro/fs-showall.page /usr/share/help/ro/gnome-system-monitor/fs-showall.page
/usr/bin/install -c -m 644 ro/index.page /usr/share/help/ro/gnome-system-monitor/index.page
/usr/bin/install -c -m 644 ro/legal.xml /usr/share/help/ro/gnome-system-monitor/legal.xml
/usr/bin/install -c -m 644 ro/mem-check.page /usr/share/help/ro/gnome-system-monitor/mem-check.page
/usr/bin/install -c -m 644 ro/mem-swap.page /usr/share/help/ro/gnome-system-monitor/mem-swap.page
/usr/bin/install -c -m 644 ro/memory-map-use.page /usr/share/help/ro/gnome-system-monitor/memory-map-use.page
/usr/bin/install -c -m 644 ro/net-bits.page /usr/share/help/ro/gnome-system-monitor/net-bits.page
/usr/bin/install -c -m 644 ro/process-explain.page /usr/share/help/ro/gnome-system-monitor/process-explain.page
/usr/bin/install -c -m 644 ro/process-files.page /usr/share/help/ro/gnome-system-monitor/process-files.page
/usr/bin/install -c -m 644 ro/process-identify-file.page /usr/share/help/ro/gnome-system-monitor/process-identify-file.page
/usr/bin/install -c -m 644 ro/process-identify-hog.page /usr/share/help/ro/gnome-system-monitor/process-identify-hog.page
/usr/bin/install -c -m 644 ro/process-kill.page /usr/share/help/ro/gnome-system-monitor/process-kill.page
/usr/bin/install -c -m 644 ro/process-many.page /usr/share/help/ro/gnome-system-monitor/process-many.page
/usr/bin/install -c -m 644 ro/process-priority-change.page /usr/share/help/ro/gnome-system-monitor/process-priority-change.page
/usr/bin/install -c -m 644 ro/process-status.page /usr/share/help/ro/gnome-system-monitor/process-status.page
/usr/bin/install -c -m 644 ro/process-update-speed.page /usr/share/help/ro/gnome-system-monitor/process-update-speed.page
/usr/bin/install -c -m 644 ro/solaris-mode.page /usr/share/help/ro/gnome-system-monitor/solaris-mode.page
/usr/bin/install -c -m 644 ro/units.page /usr/share/help/ro/gnome-system-monitor/units.page
make[2]: Leaving directory '/sources/7.9/gnome-system-monitor-3.18.2/help'
make[1]: Leaving directory '/sources/7.9/gnome-system-monitor-3.18.2/help'
make[1]: Entering directory '/sources/7.9/gnome-system-monitor-3.18.2'
make[2]: Entering directory '/sources/7.9/gnome-system-monitor-3.18.2'
make[2]: Nothing to be done for 'install-exec-am'.
 /bin/mkdir -p '/usr/share/applications'
 /usr/bin/install -c -m 644 gnome-system-monitor.desktop gnome-system-monitor-kde.desktop '/usr/share/applications'
 /bin/mkdir -p '/usr/share/appdata'
 /usr/bin/install -c -m 644 gnome-system-monitor.appdata.xml '/usr/share/appdata'
 /bin/mkdir -p '/usr/share/polkit-1/actions'
 /usr/bin/install -c -m 644 org.gnome.gnome-system-monitor.policy '/usr/share/polkit-1/actions'
make[2]: Leaving directory '/sources/7.9/gnome-system-monitor-3.18.2'
make[1]: Leaving directory '/sources/7.9/gnome-system-monitor-3.18.2'
