make  check-recursive
make[1]: Entering directory '/sources/7.9/yasm-1.3.0'
Making check in po
make[2]: Entering directory '/sources/7.9/yasm-1.3.0/po'
make[2]: Nothing to be done for 'check'.
make[2]: Leaving directory '/sources/7.9/yasm-1.3.0/po'
Making check in .
make[2]: Entering directory '/sources/7.9/yasm-1.3.0'
make  test_hd bitvect_test floatnum_test leb128_test splitpath_test combpath_test uncstring_test
make[3]: Entering directory '/sources/7.9/yasm-1.3.0'
depbase=`echo test_hd.o | sed 's|[^/]*$|.deps/&|;s|\.o$||'`;\
gcc -DHAVE_CONFIG_H -I.     -g -O2 -MT test_hd.o -MD -MP -MF $depbase.Tpo -c -o test_hd.o test_hd.c &&\
mv -f $depbase.Tpo $depbase.Po
gcc  -g -O2   -o test_hd test_hd.o  
depbase=`echo libyasm/tests/bitvect_test.o | sed 's|[^/]*$|.deps/&|;s|\.o$||'`;\
gcc -DHAVE_CONFIG_H -I.     -g -O2 -MT libyasm/tests/bitvect_test.o -MD -MP -MF $depbase.Tpo -c -o libyasm/tests/bitvect_test.o libyasm/tests/bitvect_test.c &&\
mv -f $depbase.Tpo $depbase.Po
gcc  -g -O2   -o bitvect_test libyasm/tests/bitvect_test.o libyasm.a  
depbase=`echo libyasm/tests/floatnum_test.o | sed 's|[^/]*$|.deps/&|;s|\.o$||'`;\
gcc -DHAVE_CONFIG_H -I.     -g -O2 -MT libyasm/tests/floatnum_test.o -MD -MP -MF $depbase.Tpo -c -o libyasm/tests/floatnum_test.o libyasm/tests/floatnum_test.c &&\
mv -f $depbase.Tpo $depbase.Po
gcc  -g -O2   -o floatnum_test libyasm/tests/floatnum_test.o libyasm.a  
depbase=`echo libyasm/tests/leb128_test.o | sed 's|[^/]*$|.deps/&|;s|\.o$||'`;\
gcc -DHAVE_CONFIG_H -I.     -g -O2 -MT libyasm/tests/leb128_test.o -MD -MP -MF $depbase.Tpo -c -o libyasm/tests/leb128_test.o libyasm/tests/leb128_test.c &&\
mv -f $depbase.Tpo $depbase.Po
gcc  -g -O2   -o leb128_test libyasm/tests/leb128_test.o libyasm.a  
depbase=`echo libyasm/tests/splitpath_test.o | sed 's|[^/]*$|.deps/&|;s|\.o$||'`;\
gcc -DHAVE_CONFIG_H -I.     -g -O2 -MT libyasm/tests/splitpath_test.o -MD -MP -MF $depbase.Tpo -c -o libyasm/tests/splitpath_test.o libyasm/tests/splitpath_test.c &&\
mv -f $depbase.Tpo $depbase.Po
gcc  -g -O2   -o splitpath_test libyasm/tests/splitpath_test.o libyasm.a  
depbase=`echo libyasm/tests/combpath_test.o | sed 's|[^/]*$|.deps/&|;s|\.o$||'`;\
gcc -DHAVE_CONFIG_H -I.     -g -O2 -MT libyasm/tests/combpath_test.o -MD -MP -MF $depbase.Tpo -c -o libyasm/tests/combpath_test.o libyasm/tests/combpath_test.c &&\
mv -f $depbase.Tpo $depbase.Po
gcc  -g -O2   -o combpath_test libyasm/tests/combpath_test.o libyasm.a  
depbase=`echo libyasm/tests/uncstring_test.o | sed 's|[^/]*$|.deps/&|;s|\.o$||'`;\
gcc -DHAVE_CONFIG_H -I.     -g -O2 -MT libyasm/tests/uncstring_test.o -MD -MP -MF $depbase.Tpo -c -o libyasm/tests/uncstring_test.o libyasm/tests/uncstring_test.c &&\
mv -f $depbase.Tpo $depbase.Po
gcc  -g -O2   -o uncstring_test libyasm/tests/uncstring_test.o libyasm.a  
make[3]: Leaving directory '/sources/7.9/yasm-1.3.0'
make  check-TESTS
make[3]: Entering directory '/sources/7.9/yasm-1.3.0'
make[4]: Entering directory '/sources/7.9/yasm-1.3.0'
PASS: modules/arch/x86/tests/x86_test.sh
PASS: modules/arch/x86/tests/gas32/x86_gas32_test.sh
PASS: modules/arch/x86/tests/gas64/x86_gas64_test.sh
PASS: modules/arch/lc3b/tests/lc3b_test.sh
PASS: modules/parsers/gas/tests/gas_test.sh
PASS: modules/parsers/gas/tests/bin/gas_bin_test.sh
PASS: modules/parsers/nasm/tests/nasm_test.sh
PASS: modules/parsers/nasm/tests/worphan/nasm_worphan_test.sh
PASS: modules/parsers/tasm/tests/tasm_test.sh
PASS: modules/parsers/tasm/tests/exe/tasm_exe_test.sh
PASS: modules/preprocs/tasm/tests/tasmpp_test.sh
PASS: modules/preprocs/nasm/tests/nasmpp_test.sh
PASS: modules/preprocs/raw/tests/rawpp_test.sh
PASS: modules/dbgfmts/dwarf2/tests/gen64/dwarf2_gen64_test.sh
PASS: modules/dbgfmts/dwarf2/tests/pass32/dwarf2_pass32_test.sh
PASS: modules/dbgfmts/dwarf2/tests/pass64/dwarf2_pass64_test.sh
PASS: modules/dbgfmts/dwarf2/tests/passwin64/dwarf2_passwin64_test.sh
PASS: modules/dbgfmts/stabs/tests/stabs_test.sh
PASS: modules/objfmts/bin/tests/bin_test.sh
PASS: modules/objfmts/bin/tests/multisect/bin_multi_test.sh
PASS: modules/objfmts/elf/tests/elf_test.sh
PASS: modules/objfmts/elf/tests/amd64/elf_amd64_test.sh
PASS: modules/objfmts/elf/tests/x32/elf_x32_test.sh
PASS: modules/objfmts/elf/tests/gas32/elf_gas32_test.sh
PASS: modules/objfmts/elf/tests/gas64/elf_gas64_test.sh
PASS: modules/objfmts/elf/tests/gasx32/elf_gasx32_test.sh
PASS: modules/objfmts/coff/tests/coff_test.sh
PASS: modules/objfmts/macho/tests/gas32/gas_macho32_test.sh
PASS: modules/objfmts/macho/tests/gas64/gas_macho64_test.sh
PASS: modules/objfmts/macho/tests/nasm32/macho32_test.sh
PASS: modules/objfmts/macho/tests/nasm64/macho64_test.sh
PASS: modules/objfmts/rdf/tests/rdf_test.sh
PASS: modules/objfmts/win32/tests/win32_test.sh
PASS: modules/objfmts/win32/tests/gas/win32_gas_test.sh
PASS: modules/objfmts/win64/tests/win64_test.sh
PASS: modules/objfmts/win64/tests/gas/win64_gas_test.sh
PASS: modules/objfmts/xdf/tests/xdf_test.sh
PASS: bitvect_test
PASS: floatnum_test
PASS: leb128_test
PASS: splitpath_test
PASS: combpath_test
PASS: uncstring_test
PASS: libyasm/tests/libyasm_test.sh
make[5]: Entering directory '/sources/7.9/yasm-1.3.0'
make  all-recursive
make[6]: Entering directory '/sources/7.9/yasm-1.3.0'
Making all in po
make[7]: Entering directory '/sources/7.9/yasm-1.3.0/po'
make[7]: Nothing to be done for 'all'.
make[7]: Leaving directory '/sources/7.9/yasm-1.3.0/po'
Making all in .
make[7]: Entering directory '/sources/7.9/yasm-1.3.0'
make[7]: Leaving directory '/sources/7.9/yasm-1.3.0'
make[6]: Leaving directory '/sources/7.9/yasm-1.3.0'
make[5]: Leaving directory '/sources/7.9/yasm-1.3.0'
============================================================================
Testsuite summary for yasm 1.3.0
============================================================================
# TOTAL: 44
# PASS:  44
# SKIP:  0
# XFAIL: 0
# FAIL:  0
# XPASS: 0
# ERROR: 0
============================================================================
make[4]: Leaving directory '/sources/7.9/yasm-1.3.0'
make[3]: Leaving directory '/sources/7.9/yasm-1.3.0'
make[2]: Leaving directory '/sources/7.9/yasm-1.3.0'
make[1]: Leaving directory '/sources/7.9/yasm-1.3.0'
