checking for a BSD-compatible install... /usr/bin/install -c
checking whether build environment is sane... yes
checking for a thread-safe mkdir -p... /bin/mkdir -p
checking for gawk... gawk
checking whether make sets $(MAKE)... yes
checking whether make supports nested variables... yes
checking whether to enable maintainer-specific portions of Makefiles... no
checking for style of include used by make... GNU
checking for gcc... gcc
checking whether the C compiler works... yes
checking for C compiler default output file name... a.out
checking for suffix of executables... 
checking whether we are cross compiling... no
checking for suffix of object files... o
checking whether we are using the GNU C compiler... yes
checking whether gcc accepts -g... yes
checking for gcc option to accept ISO C89... none needed
checking whether gcc understands -c and -o together... yes
checking dependency style of gcc... gcc3
checking how to run the C preprocessor... gcc -E
checking for gcc option to accept ISO C99... none needed
checking for gcc option to accept ISO Standard C... (cached) none needed
checking whether ln -s works... yes
checking for ar... ar
checking for ranlib... ranlib
checking for xmlto... no
checking if malloc debugging is wanted... no
checking for grep that handles long lines and -e... /bin/grep
checking for egrep... /bin/grep -E
checking for ANSI C header files... yes
checking for sys/types.h... yes
checking for sys/stat.h... yes
checking for stdlib.h... yes
checking for string.h... yes
checking for memory.h... yes
checking for strings.h... yes
checking for inttypes.h... yes
checking for stdint.h... yes
checking for unistd.h... yes
checking for strings.h... (cached) yes
checking libgen.h usability... yes
checking libgen.h presence... yes
checking for libgen.h... yes
checking for unistd.h... (cached) yes
checking direct.h usability... no
checking direct.h presence... no
checking for direct.h... no
checking for sys/stat.h... (cached) yes
checking for an ANSI C-conforming const... yes
checking for inline... inline
checking for function prototypes... yes
checking for size_t... yes
checking for stdint types... stdint.h (shortcircuit)
make use of stdint.h in libyasm-stdint.h (assuming C99 compatible system)
checking for abort... yes
checking for toascii... yes
checking for vsnprintf... yes
checking for strsep... yes
checking for mergesort... no
checking for getcwd... yes
checking for popen... yes
checking for ftruncate... yes
checking for strcasecmp... yes
checking for strncasecmp... yes
checking for stricmp... no
checking for _stricmp... no
checking for strcmpi... no
checking for a sed that does not truncate output... /bin/sed
checking whether NLS is requested... yes
checking for msgfmt... /usr/bin/msgfmt
checking for gmsgfmt... /usr/bin/msgfmt
checking for xgettext... /usr/bin/xgettext
checking for msgmerge... /usr/bin/msgmerge
checking build system type... x86_64-unknown-linux-gnu
checking host system type... x86_64-unknown-linux-gnu
checking for ld used by gcc... /usr/bin/ld
checking if the linker (/usr/bin/ld) is GNU ld... yes
checking for shared library run path origin... done
checking for CFPreferencesCopyAppValue... no
checking for CFLocaleCopyCurrent... no
checking for GNU gettext in libc... yes
checking whether to use NLS... yes
checking where the gettext function comes from... libc
checking for GNU C Library... yes
configure: Checking for Python
checking for a Python interpreter with version >= 2.4... python
checking for python... /usr/bin/python
checking for python version... 2.7
checking for python platform... linux2
checking for python script directory... ${prefix}/lib/python2.7/site-packages
checking for python extension module directory... ${exec_prefix}/lib/python2.7/site-packages
checking that generated files are newer than configure... done
configure: creating ./config.status
config.status: creating Makefile
config.status: creating po/Makefile.in
config.status: creating config.h
config.status: executing depfiles commands
config.status: executing libyasm-stdint.h commands
config.status: creating libyasm-stdint.h : _YASM_LIBYASM_STDINT_H
config.status: executing po-directories commands
config.status: creating po/POTFILES
config.status: creating po/Makefile
gcc  -I.  \
  -c -o genperf.o `test -f tools/genperf/genperf.c || echo './'`tools/genperf/genperf.c
gcc  -I.  \
  -c -o gp-perfect.o `test -f tools/genperf/perfect.c || echo './'`tools/genperf/perfect.c
gcc  -I.  \
  -c -o gp-phash.o `test -f libyasm/phash.c || echo './'`libyasm/phash.c
gcc  -I.  \
  -c -o gp-xmalloc.o `test -f libyasm/xmalloc.c || echo './'`libyasm/xmalloc.c
gcc  -I.  \
  -c -o gp-xstrdup.o `test -f libyasm/xstrdup.c || echo './'`libyasm/xstrdup.c
gcc -o genperf  genperf.o gp-perfect.o gp-phash.o gp-xmalloc.o gp-xstrdup.o 
./genperf x86insn_nasm.gperf x86insn_nasm.c
./genperf x86insn_gas.gperf x86insn_gas.c
gcc  -I.  \
  -c -o re2c-main.o `test -f tools/re2c/main.c || echo './'`tools/re2c/main.c
gcc  -I.  \
  -c -o re2c-code.o `test -f tools/re2c/code.c || echo './'`tools/re2c/code.c
gcc  -I.  \
  -c -o re2c-dfa.o `test -f tools/re2c/dfa.c || echo './'`tools/re2c/dfa.c
gcc  -I.  \
  -c -o re2c-parser.o `test -f tools/re2c/parser.c || echo './'`tools/re2c/parser.c
gcc  -I.  \
  -c -o re2c-actions.o `test -f tools/re2c/actions.c || echo './'`tools/re2c/actions.c
gcc  -I.  \
  -c -o re2c-scanner.o `test -f tools/re2c/scanner.c || echo './'`tools/re2c/scanner.c
gcc  -I.  \
  -c -o re2c-mbo_getopt.o `test -f tools/re2c/mbo_getopt.c || echo './'`tools/re2c/mbo_getopt.c
gcc  -I.  \
  -c -o re2c-substr.o `test -f tools/re2c/substr.c || echo './'`tools/re2c/substr.c
gcc  -I.  \
  -c -o re2c-translate.o `test -f tools/re2c/translate.c || echo './'`tools/re2c/translate.c
gcc -o re2c  re2c-main.o re2c-code.o re2c-dfa.o re2c-parser.o re2c-actions.o re2c-scanner.o re2c-mbo_getopt.o re2c-substr.o re2c-translate.o 
./re2c -b -o gas-token.c ./modules/parsers/gas/gas-token.re
./re2c -b -o nasm-token.c ./modules/parsers/nasm/nasm-token.re
gcc  -I.  \
  -c -o genmacro.o `test -f tools/genmacro/genmacro.c || echo './'`tools/genmacro/genmacro.c
gcc -o genmacro  genmacro.o 
./genmacro nasm-macros.c nasm_standard_mac ./modules/parsers/nasm/nasm-std.mac
gcc -I.  -c -o genversion.o `test -f modules/preprocs/nasm/genversion.c || echo './'`modules/preprocs/nasm/genversion.c
gcc -o genversion  genversion.o 
./genversion version.mac
./genmacro nasm-version.c nasm_version_mac version.mac
./genmacro win64-nasm.c win64_nasm_stdmac ./modules/objfmts/coff/win64-nasm.mac
./genmacro win64-gas.c win64_gas_stdmac ./modules/objfmts/coff/win64-gas.mac
gcc -I.  -c -o genstring.o `test -f genstring.c || echo './'`genstring.c
gcc -o genstring  genstring.o 
./genstring license_msg license.c ./COPYING
make  all-recursive
make[1]: Entering directory '/sources/7.9/yasm-1.3.0'
Making all in po
make[2]: Entering directory '/sources/7.9/yasm-1.3.0/po'
make[2]: Nothing to be done for 'all'.
make[2]: Leaving directory '/sources/7.9/yasm-1.3.0/po'
Making all in .
make[2]: Entering directory '/sources/7.9/yasm-1.3.0'
depbase=`echo modules/arch/x86/x86arch.o | sed 's|[^/]*$|.deps/&|;s|\.o$||'`;\
gcc -DHAVE_CONFIG_H -I.     -g -O2 -MT modules/arch/x86/x86arch.o -MD -MP -MF $depbase.Tpo -c -o modules/arch/x86/x86arch.o modules/arch/x86/x86arch.c &&\
mv -f $depbase.Tpo $depbase.Po
depbase=`echo modules/arch/x86/x86bc.o | sed 's|[^/]*$|.deps/&|;s|\.o$||'`;\
gcc -DHAVE_CONFIG_H -I.     -g -O2 -MT modules/arch/x86/x86bc.o -MD -MP -MF $depbase.Tpo -c -o modules/arch/x86/x86bc.o modules/arch/x86/x86bc.c &&\
mv -f $depbase.Tpo $depbase.Po
depbase=`echo modules/arch/x86/x86expr.o | sed 's|[^/]*$|.deps/&|;s|\.o$||'`;\
gcc -DHAVE_CONFIG_H -I.     -g -O2 -MT modules/arch/x86/x86expr.o -MD -MP -MF $depbase.Tpo -c -o modules/arch/x86/x86expr.o modules/arch/x86/x86expr.c &&\
mv -f $depbase.Tpo $depbase.Po
depbase=`echo modules/arch/x86/x86id.o | sed 's|[^/]*$|.deps/&|;s|\.o$||'`;\
gcc -DHAVE_CONFIG_H -I.     -g -O2 -MT modules/arch/x86/x86id.o -MD -MP -MF $depbase.Tpo -c -o modules/arch/x86/x86id.o modules/arch/x86/x86id.c &&\
mv -f $depbase.Tpo $depbase.Po
depbase=`echo modules/arch/lc3b/lc3barch.o | sed 's|[^/]*$|.deps/&|;s|\.o$||'`;\
gcc -DHAVE_CONFIG_H -I.     -g -O2 -MT modules/arch/lc3b/lc3barch.o -MD -MP -MF $depbase.Tpo -c -o modules/arch/lc3b/lc3barch.o modules/arch/lc3b/lc3barch.c &&\
mv -f $depbase.Tpo $depbase.Po
depbase=`echo modules/arch/lc3b/lc3bbc.o | sed 's|[^/]*$|.deps/&|;s|\.o$||'`;\
gcc -DHAVE_CONFIG_H -I.     -g -O2 -MT modules/arch/lc3b/lc3bbc.o -MD -MP -MF $depbase.Tpo -c -o modules/arch/lc3b/lc3bbc.o modules/arch/lc3b/lc3bbc.c &&\
mv -f $depbase.Tpo $depbase.Po
depbase=`echo modules/listfmts/nasm/nasm-listfmt.o | sed 's|[^/]*$|.deps/&|;s|\.o$||'`;\
gcc -DHAVE_CONFIG_H -I.     -g -O2 -MT modules/listfmts/nasm/nasm-listfmt.o -MD -MP -MF $depbase.Tpo -c -o modules/listfmts/nasm/nasm-listfmt.o modules/listfmts/nasm/nasm-listfmt.c &&\
mv -f $depbase.Tpo $depbase.Po
depbase=`echo modules/parsers/gas/gas-parser.o | sed 's|[^/]*$|.deps/&|;s|\.o$||'`;\
gcc -DHAVE_CONFIG_H -I.     -g -O2 -MT modules/parsers/gas/gas-parser.o -MD -MP -MF $depbase.Tpo -c -o modules/parsers/gas/gas-parser.o modules/parsers/gas/gas-parser.c &&\
mv -f $depbase.Tpo $depbase.Po
depbase=`echo modules/parsers/gas/gas-parse.o | sed 's|[^/]*$|.deps/&|;s|\.o$||'`;\
gcc -DHAVE_CONFIG_H -I.     -g -O2 -MT modules/parsers/gas/gas-parse.o -MD -MP -MF $depbase.Tpo -c -o modules/parsers/gas/gas-parse.o modules/parsers/gas/gas-parse.c &&\
mv -f $depbase.Tpo $depbase.Po
depbase=`echo modules/parsers/gas/gas-parse-intel.o | sed 's|[^/]*$|.deps/&|;s|\.o$||'`;\
gcc -DHAVE_CONFIG_H -I.     -g -O2 -MT modules/parsers/gas/gas-parse-intel.o -MD -MP -MF $depbase.Tpo -c -o modules/parsers/gas/gas-parse-intel.o modules/parsers/gas/gas-parse-intel.c &&\
mv -f $depbase.Tpo $depbase.Po
depbase=`echo modules/parsers/nasm/nasm-parser.o | sed 's|[^/]*$|.deps/&|;s|\.o$||'`;\
gcc -DHAVE_CONFIG_H -I.     -g -O2 -MT modules/parsers/nasm/nasm-parser.o -MD -MP -MF $depbase.Tpo -c -o modules/parsers/nasm/nasm-parser.o modules/parsers/nasm/nasm-parser.c &&\
mv -f $depbase.Tpo $depbase.Po
depbase=`echo modules/parsers/nasm/nasm-parse.o | sed 's|[^/]*$|.deps/&|;s|\.o$||'`;\
gcc -DHAVE_CONFIG_H -I.     -g -O2 -MT modules/parsers/nasm/nasm-parse.o -MD -MP -MF $depbase.Tpo -c -o modules/parsers/nasm/nasm-parse.o modules/parsers/nasm/nasm-parse.c &&\
mv -f $depbase.Tpo $depbase.Po
depbase=`echo modules/preprocs/nasm/nasm-preproc.o | sed 's|[^/]*$|.deps/&|;s|\.o$||'`;\
gcc -DHAVE_CONFIG_H -I.     -g -O2 -MT modules/preprocs/nasm/nasm-preproc.o -MD -MP -MF $depbase.Tpo -c -o modules/preprocs/nasm/nasm-preproc.o modules/preprocs/nasm/nasm-preproc.c &&\
mv -f $depbase.Tpo $depbase.Po
depbase=`echo modules/preprocs/nasm/nasm-pp.o | sed 's|[^/]*$|.deps/&|;s|\.o$||'`;\
gcc -DHAVE_CONFIG_H -I.     -g -O2 -MT modules/preprocs/nasm/nasm-pp.o -MD -MP -MF $depbase.Tpo -c -o modules/preprocs/nasm/nasm-pp.o modules/preprocs/nasm/nasm-pp.c &&\
mv -f $depbase.Tpo $depbase.Po
depbase=`echo modules/preprocs/nasm/nasmlib.o | sed 's|[^/]*$|.deps/&|;s|\.o$||'`;\
gcc -DHAVE_CONFIG_H -I.     -g -O2 -MT modules/preprocs/nasm/nasmlib.o -MD -MP -MF $depbase.Tpo -c -o modules/preprocs/nasm/nasmlib.o modules/preprocs/nasm/nasmlib.c &&\
mv -f $depbase.Tpo $depbase.Po
depbase=`echo modules/preprocs/nasm/nasm-eval.o | sed 's|[^/]*$|.deps/&|;s|\.o$||'`;\
gcc -DHAVE_CONFIG_H -I.     -g -O2 -MT modules/preprocs/nasm/nasm-eval.o -MD -MP -MF $depbase.Tpo -c -o modules/preprocs/nasm/nasm-eval.o modules/preprocs/nasm/nasm-eval.c &&\
mv -f $depbase.Tpo $depbase.Po
depbase=`echo modules/preprocs/raw/raw-preproc.o | sed 's|[^/]*$|.deps/&|;s|\.o$||'`;\
gcc -DHAVE_CONFIG_H -I.     -g -O2 -MT modules/preprocs/raw/raw-preproc.o -MD -MP -MF $depbase.Tpo -c -o modules/preprocs/raw/raw-preproc.o modules/preprocs/raw/raw-preproc.c &&\
mv -f $depbase.Tpo $depbase.Po
depbase=`echo modules/preprocs/cpp/cpp-preproc.o | sed 's|[^/]*$|.deps/&|;s|\.o$||'`;\
gcc -DHAVE_CONFIG_H -I.     -g -O2 -MT modules/preprocs/cpp/cpp-preproc.o -MD -MP -MF $depbase.Tpo -c -o modules/preprocs/cpp/cpp-preproc.o modules/preprocs/cpp/cpp-preproc.c &&\
mv -f $depbase.Tpo $depbase.Po
depbase=`echo modules/preprocs/gas/gas-preproc.o | sed 's|[^/]*$|.deps/&|;s|\.o$||'`;\
gcc -DHAVE_CONFIG_H -I.     -g -O2 -MT modules/preprocs/gas/gas-preproc.o -MD -MP -MF $depbase.Tpo -c -o modules/preprocs/gas/gas-preproc.o modules/preprocs/gas/gas-preproc.c &&\
mv -f $depbase.Tpo $depbase.Po
depbase=`echo modules/preprocs/gas/gas-eval.o | sed 's|[^/]*$|.deps/&|;s|\.o$||'`;\
gcc -DHAVE_CONFIG_H -I.     -g -O2 -MT modules/preprocs/gas/gas-eval.o -MD -MP -MF $depbase.Tpo -c -o modules/preprocs/gas/gas-eval.o modules/preprocs/gas/gas-eval.c &&\
mv -f $depbase.Tpo $depbase.Po
depbase=`echo modules/dbgfmts/codeview/cv-dbgfmt.o | sed 's|[^/]*$|.deps/&|;s|\.o$||'`;\
gcc -DHAVE_CONFIG_H -I.     -g -O2 -MT modules/dbgfmts/codeview/cv-dbgfmt.o -MD -MP -MF $depbase.Tpo -c -o modules/dbgfmts/codeview/cv-dbgfmt.o modules/dbgfmts/codeview/cv-dbgfmt.c &&\
mv -f $depbase.Tpo $depbase.Po
depbase=`echo modules/dbgfmts/codeview/cv-symline.o | sed 's|[^/]*$|.deps/&|;s|\.o$||'`;\
gcc -DHAVE_CONFIG_H -I.     -g -O2 -MT modules/dbgfmts/codeview/cv-symline.o -MD -MP -MF $depbase.Tpo -c -o modules/dbgfmts/codeview/cv-symline.o modules/dbgfmts/codeview/cv-symline.c &&\
mv -f $depbase.Tpo $depbase.Po
depbase=`echo modules/dbgfmts/codeview/cv-type.o | sed 's|[^/]*$|.deps/&|;s|\.o$||'`;\
gcc -DHAVE_CONFIG_H -I.     -g -O2 -MT modules/dbgfmts/codeview/cv-type.o -MD -MP -MF $depbase.Tpo -c -o modules/dbgfmts/codeview/cv-type.o modules/dbgfmts/codeview/cv-type.c &&\
mv -f $depbase.Tpo $depbase.Po
depbase=`echo modules/dbgfmts/dwarf2/dwarf2-dbgfmt.o | sed 's|[^/]*$|.deps/&|;s|\.o$||'`;\
gcc -DHAVE_CONFIG_H -I.     -g -O2 -MT modules/dbgfmts/dwarf2/dwarf2-dbgfmt.o -MD -MP -MF $depbase.Tpo -c -o modules/dbgfmts/dwarf2/dwarf2-dbgfmt.o modules/dbgfmts/dwarf2/dwarf2-dbgfmt.c &&\
mv -f $depbase.Tpo $depbase.Po
depbase=`echo modules/dbgfmts/dwarf2/dwarf2-line.o | sed 's|[^/]*$|.deps/&|;s|\.o$||'`;\
gcc -DHAVE_CONFIG_H -I.     -g -O2 -MT modules/dbgfmts/dwarf2/dwarf2-line.o -MD -MP -MF $depbase.Tpo -c -o modules/dbgfmts/dwarf2/dwarf2-line.o modules/dbgfmts/dwarf2/dwarf2-line.c &&\
mv -f $depbase.Tpo $depbase.Po
depbase=`echo modules/dbgfmts/dwarf2/dwarf2-aranges.o | sed 's|[^/]*$|.deps/&|;s|\.o$||'`;\
gcc -DHAVE_CONFIG_H -I.     -g -O2 -MT modules/dbgfmts/dwarf2/dwarf2-aranges.o -MD -MP -MF $depbase.Tpo -c -o modules/dbgfmts/dwarf2/dwarf2-aranges.o modules/dbgfmts/dwarf2/dwarf2-aranges.c &&\
mv -f $depbase.Tpo $depbase.Po
depbase=`echo modules/dbgfmts/dwarf2/dwarf2-info.o | sed 's|[^/]*$|.deps/&|;s|\.o$||'`;\
gcc -DHAVE_CONFIG_H -I.     -g -O2 -MT modules/dbgfmts/dwarf2/dwarf2-info.o -MD -MP -MF $depbase.Tpo -c -o modules/dbgfmts/dwarf2/dwarf2-info.o modules/dbgfmts/dwarf2/dwarf2-info.c &&\
mv -f $depbase.Tpo $depbase.Po
depbase=`echo modules/dbgfmts/null/null-dbgfmt.o | sed 's|[^/]*$|.deps/&|;s|\.o$||'`;\
gcc -DHAVE_CONFIG_H -I.     -g -O2 -MT modules/dbgfmts/null/null-dbgfmt.o -MD -MP -MF $depbase.Tpo -c -o modules/dbgfmts/null/null-dbgfmt.o modules/dbgfmts/null/null-dbgfmt.c &&\
mv -f $depbase.Tpo $depbase.Po
depbase=`echo modules/dbgfmts/stabs/stabs-dbgfmt.o | sed 's|[^/]*$|.deps/&|;s|\.o$||'`;\
gcc -DHAVE_CONFIG_H -I.     -g -O2 -MT modules/dbgfmts/stabs/stabs-dbgfmt.o -MD -MP -MF $depbase.Tpo -c -o modules/dbgfmts/stabs/stabs-dbgfmt.o modules/dbgfmts/stabs/stabs-dbgfmt.c &&\
mv -f $depbase.Tpo $depbase.Po
depbase=`echo modules/objfmts/dbg/dbg-objfmt.o | sed 's|[^/]*$|.deps/&|;s|\.o$||'`;\
gcc -DHAVE_CONFIG_H -I.     -g -O2 -MT modules/objfmts/dbg/dbg-objfmt.o -MD -MP -MF $depbase.Tpo -c -o modules/objfmts/dbg/dbg-objfmt.o modules/objfmts/dbg/dbg-objfmt.c &&\
mv -f $depbase.Tpo $depbase.Po
depbase=`echo modules/objfmts/bin/bin-objfmt.o | sed 's|[^/]*$|.deps/&|;s|\.o$||'`;\
gcc -DHAVE_CONFIG_H -I.     -g -O2 -MT modules/objfmts/bin/bin-objfmt.o -MD -MP -MF $depbase.Tpo -c -o modules/objfmts/bin/bin-objfmt.o modules/objfmts/bin/bin-objfmt.c &&\
mv -f $depbase.Tpo $depbase.Po
depbase=`echo modules/objfmts/elf/elf.o | sed 's|[^/]*$|.deps/&|;s|\.o$||'`;\
gcc -DHAVE_CONFIG_H -I.     -g -O2 -MT modules/objfmts/elf/elf.o -MD -MP -MF $depbase.Tpo -c -o modules/objfmts/elf/elf.o modules/objfmts/elf/elf.c &&\
mv -f $depbase.Tpo $depbase.Po
depbase=`echo modules/objfmts/elf/elf-objfmt.o | sed 's|[^/]*$|.deps/&|;s|\.o$||'`;\
gcc -DHAVE_CONFIG_H -I.     -g -O2 -MT modules/objfmts/elf/elf-objfmt.o -MD -MP -MF $depbase.Tpo -c -o modules/objfmts/elf/elf-objfmt.o modules/objfmts/elf/elf-objfmt.c &&\
mv -f $depbase.Tpo $depbase.Po
depbase=`echo modules/objfmts/elf/elf-x86-x86.o | sed 's|[^/]*$|.deps/&|;s|\.o$||'`;\
gcc -DHAVE_CONFIG_H -I.     -g -O2 -MT modules/objfmts/elf/elf-x86-x86.o -MD -MP -MF $depbase.Tpo -c -o modules/objfmts/elf/elf-x86-x86.o modules/objfmts/elf/elf-x86-x86.c &&\
mv -f $depbase.Tpo $depbase.Po
depbase=`echo modules/objfmts/elf/elf-x86-amd64.o | sed 's|[^/]*$|.deps/&|;s|\.o$||'`;\
gcc -DHAVE_CONFIG_H -I.     -g -O2 -MT modules/objfmts/elf/elf-x86-amd64.o -MD -MP -MF $depbase.Tpo -c -o modules/objfmts/elf/elf-x86-amd64.o modules/objfmts/elf/elf-x86-amd64.c &&\
mv -f $depbase.Tpo $depbase.Po
depbase=`echo modules/objfmts/elf/elf-x86-x32.o | sed 's|[^/]*$|.deps/&|;s|\.o$||'`;\
gcc -DHAVE_CONFIG_H -I.     -g -O2 -MT modules/objfmts/elf/elf-x86-x32.o -MD -MP -MF $depbase.Tpo -c -o modules/objfmts/elf/elf-x86-x32.o modules/objfmts/elf/elf-x86-x32.c &&\
mv -f $depbase.Tpo $depbase.Po
depbase=`echo modules/objfmts/coff/coff-objfmt.o | sed 's|[^/]*$|.deps/&|;s|\.o$||'`;\
gcc -DHAVE_CONFIG_H -I.     -g -O2 -MT modules/objfmts/coff/coff-objfmt.o -MD -MP -MF $depbase.Tpo -c -o modules/objfmts/coff/coff-objfmt.o modules/objfmts/coff/coff-objfmt.c &&\
mv -f $depbase.Tpo $depbase.Po
depbase=`echo modules/objfmts/coff/win64-except.o | sed 's|[^/]*$|.deps/&|;s|\.o$||'`;\
gcc -DHAVE_CONFIG_H -I.     -g -O2 -MT modules/objfmts/coff/win64-except.o -MD -MP -MF $depbase.Tpo -c -o modules/objfmts/coff/win64-except.o modules/objfmts/coff/win64-except.c &&\
mv -f $depbase.Tpo $depbase.Po
depbase=`echo modules/objfmts/macho/macho-objfmt.o | sed 's|[^/]*$|.deps/&|;s|\.o$||'`;\
gcc -DHAVE_CONFIG_H -I.     -g -O2 -MT modules/objfmts/macho/macho-objfmt.o -MD -MP -MF $depbase.Tpo -c -o modules/objfmts/macho/macho-objfmt.o modules/objfmts/macho/macho-objfmt.c &&\
mv -f $depbase.Tpo $depbase.Po
depbase=`echo modules/objfmts/rdf/rdf-objfmt.o | sed 's|[^/]*$|.deps/&|;s|\.o$||'`;\
gcc -DHAVE_CONFIG_H -I.     -g -O2 -MT modules/objfmts/rdf/rdf-objfmt.o -MD -MP -MF $depbase.Tpo -c -o modules/objfmts/rdf/rdf-objfmt.o modules/objfmts/rdf/rdf-objfmt.c &&\
mv -f $depbase.Tpo $depbase.Po
depbase=`echo modules/objfmts/xdf/xdf-objfmt.o | sed 's|[^/]*$|.deps/&|;s|\.o$||'`;\
gcc -DHAVE_CONFIG_H -I.     -g -O2 -MT modules/objfmts/xdf/xdf-objfmt.o -MD -MP -MF $depbase.Tpo -c -o modules/objfmts/xdf/xdf-objfmt.o modules/objfmts/xdf/xdf-objfmt.c &&\
mv -f $depbase.Tpo $depbase.Po
depbase=`echo libyasm/assocdat.o | sed 's|[^/]*$|.deps/&|;s|\.o$||'`;\
gcc -DHAVE_CONFIG_H -I.     -g -O2 -MT libyasm/assocdat.o -MD -MP -MF $depbase.Tpo -c -o libyasm/assocdat.o libyasm/assocdat.c &&\
mv -f $depbase.Tpo $depbase.Po
depbase=`echo libyasm/bitvect.o | sed 's|[^/]*$|.deps/&|;s|\.o$||'`;\
gcc -DHAVE_CONFIG_H -I.     -g -O2 -MT libyasm/bitvect.o -MD -MP -MF $depbase.Tpo -c -o libyasm/bitvect.o libyasm/bitvect.c &&\
mv -f $depbase.Tpo $depbase.Po
depbase=`echo libyasm/bc-align.o | sed 's|[^/]*$|.deps/&|;s|\.o$||'`;\
gcc -DHAVE_CONFIG_H -I.     -g -O2 -MT libyasm/bc-align.o -MD -MP -MF $depbase.Tpo -c -o libyasm/bc-align.o libyasm/bc-align.c &&\
mv -f $depbase.Tpo $depbase.Po
depbase=`echo libyasm/bc-data.o | sed 's|[^/]*$|.deps/&|;s|\.o$||'`;\
gcc -DHAVE_CONFIG_H -I.     -g -O2 -MT libyasm/bc-data.o -MD -MP -MF $depbase.Tpo -c -o libyasm/bc-data.o libyasm/bc-data.c &&\
mv -f $depbase.Tpo $depbase.Po
depbase=`echo libyasm/bc-incbin.o | sed 's|[^/]*$|.deps/&|;s|\.o$||'`;\
gcc -DHAVE_CONFIG_H -I.     -g -O2 -MT libyasm/bc-incbin.o -MD -MP -MF $depbase.Tpo -c -o libyasm/bc-incbin.o libyasm/bc-incbin.c &&\
mv -f $depbase.Tpo $depbase.Po
depbase=`echo libyasm/bc-org.o | sed 's|[^/]*$|.deps/&|;s|\.o$||'`;\
gcc -DHAVE_CONFIG_H -I.     -g -O2 -MT libyasm/bc-org.o -MD -MP -MF $depbase.Tpo -c -o libyasm/bc-org.o libyasm/bc-org.c &&\
mv -f $depbase.Tpo $depbase.Po
depbase=`echo libyasm/bc-reserve.o | sed 's|[^/]*$|.deps/&|;s|\.o$||'`;\
gcc -DHAVE_CONFIG_H -I.     -g -O2 -MT libyasm/bc-reserve.o -MD -MP -MF $depbase.Tpo -c -o libyasm/bc-reserve.o libyasm/bc-reserve.c &&\
mv -f $depbase.Tpo $depbase.Po
depbase=`echo libyasm/bytecode.o | sed 's|[^/]*$|.deps/&|;s|\.o$||'`;\
gcc -DHAVE_CONFIG_H -I.     -g -O2 -MT libyasm/bytecode.o -MD -MP -MF $depbase.Tpo -c -o libyasm/bytecode.o libyasm/bytecode.c &&\
mv -f $depbase.Tpo $depbase.Po
depbase=`echo libyasm/errwarn.o | sed 's|[^/]*$|.deps/&|;s|\.o$||'`;\
gcc -DHAVE_CONFIG_H -I.     -g -O2 -MT libyasm/errwarn.o -MD -MP -MF $depbase.Tpo -c -o libyasm/errwarn.o libyasm/errwarn.c &&\
mv -f $depbase.Tpo $depbase.Po
depbase=`echo libyasm/expr.o | sed 's|[^/]*$|.deps/&|;s|\.o$||'`;\
gcc -DHAVE_CONFIG_H -I.     -g -O2 -MT libyasm/expr.o -MD -MP -MF $depbase.Tpo -c -o libyasm/expr.o libyasm/expr.c &&\
mv -f $depbase.Tpo $depbase.Po
depbase=`echo libyasm/file.o | sed 's|[^/]*$|.deps/&|;s|\.o$||'`;\
gcc -DHAVE_CONFIG_H -I.     -g -O2 -MT libyasm/file.o -MD -MP -MF $depbase.Tpo -c -o libyasm/file.o libyasm/file.c &&\
mv -f $depbase.Tpo $depbase.Po
depbase=`echo libyasm/floatnum.o | sed 's|[^/]*$|.deps/&|;s|\.o$||'`;\
gcc -DHAVE_CONFIG_H -I.     -g -O2 -MT libyasm/floatnum.o -MD -MP -MF $depbase.Tpo -c -o libyasm/floatnum.o libyasm/floatnum.c &&\
mv -f $depbase.Tpo $depbase.Po
depbase=`echo libyasm/hamt.o | sed 's|[^/]*$|.deps/&|;s|\.o$||'`;\
gcc -DHAVE_CONFIG_H -I.     -g -O2 -MT libyasm/hamt.o -MD -MP -MF $depbase.Tpo -c -o libyasm/hamt.o libyasm/hamt.c &&\
mv -f $depbase.Tpo $depbase.Po
depbase=`echo libyasm/insn.o | sed 's|[^/]*$|.deps/&|;s|\.o$||'`;\
gcc -DHAVE_CONFIG_H -I.     -g -O2 -MT libyasm/insn.o -MD -MP -MF $depbase.Tpo -c -o libyasm/insn.o libyasm/insn.c &&\
mv -f $depbase.Tpo $depbase.Po
depbase=`echo libyasm/intnum.o | sed 's|[^/]*$|.deps/&|;s|\.o$||'`;\
gcc -DHAVE_CONFIG_H -I.     -g -O2 -MT libyasm/intnum.o -MD -MP -MF $depbase.Tpo -c -o libyasm/intnum.o libyasm/intnum.c &&\
mv -f $depbase.Tpo $depbase.Po
depbase=`echo libyasm/inttree.o | sed 's|[^/]*$|.deps/&|;s|\.o$||'`;\
gcc -DHAVE_CONFIG_H -I.     -g -O2 -MT libyasm/inttree.o -MD -MP -MF $depbase.Tpo -c -o libyasm/inttree.o libyasm/inttree.c &&\
mv -f $depbase.Tpo $depbase.Po
depbase=`echo libyasm/linemap.o | sed 's|[^/]*$|.deps/&|;s|\.o$||'`;\
gcc -DHAVE_CONFIG_H -I.     -g -O2 -MT libyasm/linemap.o -MD -MP -MF $depbase.Tpo -c -o libyasm/linemap.o libyasm/linemap.c &&\
mv -f $depbase.Tpo $depbase.Po
depbase=`echo libyasm/md5.o | sed 's|[^/]*$|.deps/&|;s|\.o$||'`;\
gcc -DHAVE_CONFIG_H -I.     -g -O2 -MT libyasm/md5.o -MD -MP -MF $depbase.Tpo -c -o libyasm/md5.o libyasm/md5.c &&\
mv -f $depbase.Tpo $depbase.Po
depbase=`echo libyasm/mergesort.o | sed 's|[^/]*$|.deps/&|;s|\.o$||'`;\
gcc -DHAVE_CONFIG_H -I.     -g -O2 -MT libyasm/mergesort.o -MD -MP -MF $depbase.Tpo -c -o libyasm/mergesort.o libyasm/mergesort.c &&\
mv -f $depbase.Tpo $depbase.Po
depbase=`echo libyasm/phash.o | sed 's|[^/]*$|.deps/&|;s|\.o$||'`;\
gcc -DHAVE_CONFIG_H -I.     -g -O2 -MT libyasm/phash.o -MD -MP -MF $depbase.Tpo -c -o libyasm/phash.o libyasm/phash.c &&\
mv -f $depbase.Tpo $depbase.Po
depbase=`echo libyasm/section.o | sed 's|[^/]*$|.deps/&|;s|\.o$||'`;\
gcc -DHAVE_CONFIG_H -I.     -g -O2 -MT libyasm/section.o -MD -MP -MF $depbase.Tpo -c -o libyasm/section.o libyasm/section.c &&\
mv -f $depbase.Tpo $depbase.Po
depbase=`echo libyasm/strcasecmp.o | sed 's|[^/]*$|.deps/&|;s|\.o$||'`;\
gcc -DHAVE_CONFIG_H -I.     -g -O2 -MT libyasm/strcasecmp.o -MD -MP -MF $depbase.Tpo -c -o libyasm/strcasecmp.o libyasm/strcasecmp.c &&\
mv -f $depbase.Tpo $depbase.Po
depbase=`echo libyasm/strsep.o | sed 's|[^/]*$|.deps/&|;s|\.o$||'`;\
gcc -DHAVE_CONFIG_H -I.     -g -O2 -MT libyasm/strsep.o -MD -MP -MF $depbase.Tpo -c -o libyasm/strsep.o libyasm/strsep.c &&\
mv -f $depbase.Tpo $depbase.Po
depbase=`echo libyasm/symrec.o | sed 's|[^/]*$|.deps/&|;s|\.o$||'`;\
gcc -DHAVE_CONFIG_H -I.     -g -O2 -MT libyasm/symrec.o -MD -MP -MF $depbase.Tpo -c -o libyasm/symrec.o libyasm/symrec.c &&\
mv -f $depbase.Tpo $depbase.Po
depbase=`echo libyasm/valparam.o | sed 's|[^/]*$|.deps/&|;s|\.o$||'`;\
gcc -DHAVE_CONFIG_H -I.     -g -O2 -MT libyasm/valparam.o -MD -MP -MF $depbase.Tpo -c -o libyasm/valparam.o libyasm/valparam.c &&\
mv -f $depbase.Tpo $depbase.Po
depbase=`echo libyasm/value.o | sed 's|[^/]*$|.deps/&|;s|\.o$||'`;\
gcc -DHAVE_CONFIG_H -I.     -g -O2 -MT libyasm/value.o -MD -MP -MF $depbase.Tpo -c -o libyasm/value.o libyasm/value.c &&\
mv -f $depbase.Tpo $depbase.Po
depbase=`echo libyasm/xmalloc.o | sed 's|[^/]*$|.deps/&|;s|\.o$||'`;\
gcc -DHAVE_CONFIG_H -I.     -g -O2 -MT libyasm/xmalloc.o -MD -MP -MF $depbase.Tpo -c -o libyasm/xmalloc.o libyasm/xmalloc.c &&\
mv -f $depbase.Tpo $depbase.Po
depbase=`echo libyasm/xstrdup.o | sed 's|[^/]*$|.deps/&|;s|\.o$||'`;\
gcc -DHAVE_CONFIG_H -I.     -g -O2 -MT libyasm/xstrdup.o -MD -MP -MF $depbase.Tpo -c -o libyasm/xstrdup.o libyasm/xstrdup.c &&\
mv -f $depbase.Tpo $depbase.Po
./genperf ./modules/arch/x86/x86cpu.gperf x86cpu.c
depbase=`echo x86cpu.o | sed 's|[^/]*$|.deps/&|;s|\.o$||'`;\
gcc -DHAVE_CONFIG_H -I.     -g -O2 -MT x86cpu.o -MD -MP -MF $depbase.Tpo -c -o x86cpu.o x86cpu.c &&\
mv -f $depbase.Tpo $depbase.Po
./genperf ./modules/arch/x86/x86regtmod.gperf x86regtmod.c
depbase=`echo x86regtmod.o | sed 's|[^/]*$|.deps/&|;s|\.o$||'`;\
gcc -DHAVE_CONFIG_H -I.     -g -O2 -MT x86regtmod.o -MD -MP -MF $depbase.Tpo -c -o x86regtmod.o x86regtmod.c &&\
mv -f $depbase.Tpo $depbase.Po
./re2c -s -o lc3bid.c ./modules/arch/lc3b/lc3bid.re
depbase=`echo lc3bid.o | sed 's|[^/]*$|.deps/&|;s|\.o$||'`;\
gcc -DHAVE_CONFIG_H -I.     -g -O2 -MT lc3bid.o -MD -MP -MF $depbase.Tpo -c -o lc3bid.o lc3bid.c &&\
mv -f $depbase.Tpo $depbase.Po
depbase=`echo gas-token.o | sed 's|[^/]*$|.deps/&|;s|\.o$||'`;\
gcc -DHAVE_CONFIG_H -I.     -g -O2 -MT gas-token.o -MD -MP -MF $depbase.Tpo -c -o gas-token.o gas-token.c &&\
mv -f $depbase.Tpo $depbase.Po
depbase=`echo nasm-token.o | sed 's|[^/]*$|.deps/&|;s|\.o$||'`;\
gcc -DHAVE_CONFIG_H -I.     -g -O2 -MT nasm-token.o -MD -MP -MF $depbase.Tpo -c -o nasm-token.o nasm-token.c &&\
mv -f $depbase.Tpo $depbase.Po
gcc -I.  -c -o genmodule.o `test -f libyasm/genmodule.c || echo './'`libyasm/genmodule.c
gcc -o genmodule  genmodule.o 
./genmodule ./libyasm/module.in Makefile
depbase=`echo module.o | sed 's|[^/]*$|.deps/&|;s|\.o$||'`;\
gcc -DHAVE_CONFIG_H -I.     -g -O2 -MT module.o -MD -MP -MF $depbase.Tpo -c -o module.o module.c &&\
mv -f $depbase.Tpo $depbase.Po
rm -f libyasm.a
ar cru libyasm.a modules/arch/x86/x86arch.o modules/arch/x86/x86bc.o modules/arch/x86/x86expr.o modules/arch/x86/x86id.o modules/arch/lc3b/lc3barch.o modules/arch/lc3b/lc3bbc.o modules/listfmts/nasm/nasm-listfmt.o modules/parsers/gas/gas-parser.o modules/parsers/gas/gas-parse.o modules/parsers/gas/gas-parse-intel.o modules/parsers/nasm/nasm-parser.o modules/parsers/nasm/nasm-parse.o modules/preprocs/nasm/nasm-preproc.o modules/preprocs/nasm/nasm-pp.o modules/preprocs/nasm/nasmlib.o modules/preprocs/nasm/nasm-eval.o modules/preprocs/raw/raw-preproc.o modules/preprocs/cpp/cpp-preproc.o modules/preprocs/gas/gas-preproc.o modules/preprocs/gas/gas-eval.o modules/dbgfmts/codeview/cv-dbgfmt.o modules/dbgfmts/codeview/cv-symline.o modules/dbgfmts/codeview/cv-type.o modules/dbgfmts/dwarf2/dwarf2-dbgfmt.o modules/dbgfmts/dwarf2/dwarf2-line.o modules/dbgfmts/dwarf2/dwarf2-aranges.o modules/dbgfmts/dwarf2/dwarf2-info.o modules/dbgfmts/null/null-dbgfmt.o modules/dbgfmts/stabs/stabs-dbgfmt.o modules/objfmts/dbg/dbg-objfmt.o modules/objfmts/bin/bin-objfmt.o modules/objfmts/elf/elf.o modules/objfmts/elf/elf-objfmt.o modules/objfmts/elf/elf-x86-x86.o modules/objfmts/elf/elf-x86-amd64.o modules/objfmts/elf/elf-x86-x32.o modules/objfmts/coff/coff-objfmt.o modules/objfmts/coff/win64-except.o modules/objfmts/macho/macho-objfmt.o modules/objfmts/rdf/rdf-objfmt.o modules/objfmts/xdf/xdf-objfmt.o libyasm/assocdat.o libyasm/bitvect.o libyasm/bc-align.o libyasm/bc-data.o libyasm/bc-incbin.o libyasm/bc-org.o libyasm/bc-reserve.o libyasm/bytecode.o libyasm/errwarn.o libyasm/expr.o libyasm/file.o libyasm/floatnum.o libyasm/hamt.o libyasm/insn.o libyasm/intnum.o libyasm/inttree.o libyasm/linemap.o libyasm/md5.o libyasm/mergesort.o libyasm/phash.o libyasm/section.o libyasm/strcasecmp.o libyasm/strsep.o libyasm/symrec.o libyasm/valparam.o libyasm/value.o libyasm/xmalloc.o libyasm/xstrdup.o x86cpu.o x86regtmod.o lc3bid.o gas-token.o nasm-token.o module.o 
ranlib libyasm.a
depbase=`echo frontends/yasm/yasm.o | sed 's|[^/]*$|.deps/&|;s|\.o$||'`;\
gcc -DHAVE_CONFIG_H -I.     -g -O2 -MT frontends/yasm/yasm.o -MD -MP -MF $depbase.Tpo -c -o frontends/yasm/yasm.o frontends/yasm/yasm.c &&\
mv -f $depbase.Tpo $depbase.Po
depbase=`echo frontends/yasm/yasm-options.o | sed 's|[^/]*$|.deps/&|;s|\.o$||'`;\
gcc -DHAVE_CONFIG_H -I.     -g -O2 -MT frontends/yasm/yasm-options.o -MD -MP -MF $depbase.Tpo -c -o frontends/yasm/yasm-options.o frontends/yasm/yasm-options.c &&\
mv -f $depbase.Tpo $depbase.Po
gcc  -g -O2   -o yasm frontends/yasm/yasm.o frontends/yasm/yasm-options.o libyasm.a  
make[2]: Leaving directory '/sources/7.9/yasm-1.3.0'
make[1]: Leaving directory '/sources/7.9/yasm-1.3.0'
make  check-recursive
make[1]: Entering directory '/sources/7.9/yasm-1.3.0'
Making check in po
make[2]: Entering directory '/sources/7.9/yasm-1.3.0/po'
make[2]: Nothing to be done for 'check'.
make[2]: Leaving directory '/sources/7.9/yasm-1.3.0/po'
Making check in .
make[2]: Entering directory '/sources/7.9/yasm-1.3.0'
make  test_hd bitvect_test floatnum_test leb128_test splitpath_test combpath_test uncstring_test
make[3]: Entering directory '/sources/7.9/yasm-1.3.0'
depbase=`echo test_hd.o | sed 's|[^/]*$|.deps/&|;s|\.o$||'`;\
gcc -DHAVE_CONFIG_H -I.     -g -O2 -MT test_hd.o -MD -MP -MF $depbase.Tpo -c -o test_hd.o test_hd.c &&\
mv -f $depbase.Tpo $depbase.Po
gcc  -g -O2   -o test_hd test_hd.o  
depbase=`echo libyasm/tests/bitvect_test.o | sed 's|[^/]*$|.deps/&|;s|\.o$||'`;\
gcc -DHAVE_CONFIG_H -I.     -g -O2 -MT libyasm/tests/bitvect_test.o -MD -MP -MF $depbase.Tpo -c -o libyasm/tests/bitvect_test.o libyasm/tests/bitvect_test.c &&\
mv -f $depbase.Tpo $depbase.Po
gcc  -g -O2   -o bitvect_test libyasm/tests/bitvect_test.o libyasm.a  
depbase=`echo libyasm/tests/floatnum_test.o | sed 's|[^/]*$|.deps/&|;s|\.o$||'`;\
gcc -DHAVE_CONFIG_H -I.     -g -O2 -MT libyasm/tests/floatnum_test.o -MD -MP -MF $depbase.Tpo -c -o libyasm/tests/floatnum_test.o libyasm/tests/floatnum_test.c &&\
mv -f $depbase.Tpo $depbase.Po
gcc  -g -O2   -o floatnum_test libyasm/tests/floatnum_test.o libyasm.a  
depbase=`echo libyasm/tests/leb128_test.o | sed 's|[^/]*$|.deps/&|;s|\.o$||'`;\
gcc -DHAVE_CONFIG_H -I.     -g -O2 -MT libyasm/tests/leb128_test.o -MD -MP -MF $depbase.Tpo -c -o libyasm/tests/leb128_test.o libyasm/tests/leb128_test.c &&\
mv -f $depbase.Tpo $depbase.Po
gcc  -g -O2   -o leb128_test libyasm/tests/leb128_test.o libyasm.a  
depbase=`echo libyasm/tests/splitpath_test.o | sed 's|[^/]*$|.deps/&|;s|\.o$||'`;\
gcc -DHAVE_CONFIG_H -I.     -g -O2 -MT libyasm/tests/splitpath_test.o -MD -MP -MF $depbase.Tpo -c -o libyasm/tests/splitpath_test.o libyasm/tests/splitpath_test.c &&\
mv -f $depbase.Tpo $depbase.Po
gcc  -g -O2   -o splitpath_test libyasm/tests/splitpath_test.o libyasm.a  
depbase=`echo libyasm/tests/combpath_test.o | sed 's|[^/]*$|.deps/&|;s|\.o$||'`;\
gcc -DHAVE_CONFIG_H -I.     -g -O2 -MT libyasm/tests/combpath_test.o -MD -MP -MF $depbase.Tpo -c -o libyasm/tests/combpath_test.o libyasm/tests/combpath_test.c &&\
mv -f $depbase.Tpo $depbase.Po
gcc  -g -O2   -o combpath_test libyasm/tests/combpath_test.o libyasm.a  
depbase=`echo libyasm/tests/uncstring_test.o | sed 's|[^/]*$|.deps/&|;s|\.o$||'`;\
gcc -DHAVE_CONFIG_H -I.     -g -O2 -MT libyasm/tests/uncstring_test.o -MD -MP -MF $depbase.Tpo -c -o libyasm/tests/uncstring_test.o libyasm/tests/uncstring_test.c &&\
mv -f $depbase.Tpo $depbase.Po
gcc  -g -O2   -o uncstring_test libyasm/tests/uncstring_test.o libyasm.a  
make[3]: Leaving directory '/sources/7.9/yasm-1.3.0'
make  check-TESTS
make[3]: Entering directory '/sources/7.9/yasm-1.3.0'
make[4]: Entering directory '/sources/7.9/yasm-1.3.0'
PASS: modules/arch/x86/tests/x86_test.sh
PASS: modules/arch/x86/tests/gas32/x86_gas32_test.sh
PASS: modules/arch/x86/tests/gas64/x86_gas64_test.sh
PASS: modules/arch/lc3b/tests/lc3b_test.sh
PASS: modules/parsers/gas/tests/gas_test.sh
PASS: modules/parsers/gas/tests/bin/gas_bin_test.sh
PASS: modules/parsers/nasm/tests/nasm_test.sh
PASS: modules/parsers/nasm/tests/worphan/nasm_worphan_test.sh
PASS: modules/parsers/tasm/tests/tasm_test.sh
PASS: modules/parsers/tasm/tests/exe/tasm_exe_test.sh
PASS: modules/preprocs/tasm/tests/tasmpp_test.sh
PASS: modules/preprocs/nasm/tests/nasmpp_test.sh
PASS: modules/preprocs/raw/tests/rawpp_test.sh
PASS: modules/dbgfmts/dwarf2/tests/gen64/dwarf2_gen64_test.sh
PASS: modules/dbgfmts/dwarf2/tests/pass32/dwarf2_pass32_test.sh
PASS: modules/dbgfmts/dwarf2/tests/pass64/dwarf2_pass64_test.sh
PASS: modules/dbgfmts/dwarf2/tests/passwin64/dwarf2_passwin64_test.sh
PASS: modules/dbgfmts/stabs/tests/stabs_test.sh
PASS: modules/objfmts/bin/tests/bin_test.sh
PASS: modules/objfmts/bin/tests/multisect/bin_multi_test.sh
PASS: modules/objfmts/elf/tests/elf_test.sh
PASS: modules/objfmts/elf/tests/amd64/elf_amd64_test.sh
PASS: modules/objfmts/elf/tests/x32/elf_x32_test.sh
PASS: modules/objfmts/elf/tests/gas32/elf_gas32_test.sh
PASS: modules/objfmts/elf/tests/gas64/elf_gas64_test.sh
PASS: modules/objfmts/elf/tests/gasx32/elf_gasx32_test.sh
PASS: modules/objfmts/coff/tests/coff_test.sh
PASS: modules/objfmts/macho/tests/gas32/gas_macho32_test.sh
PASS: modules/objfmts/macho/tests/gas64/gas_macho64_test.sh
PASS: modules/objfmts/macho/tests/nasm32/macho32_test.sh
PASS: modules/objfmts/macho/tests/nasm64/macho64_test.sh
PASS: modules/objfmts/rdf/tests/rdf_test.sh
PASS: modules/objfmts/win32/tests/win32_test.sh
PASS: modules/objfmts/win32/tests/gas/win32_gas_test.sh
PASS: modules/objfmts/win64/tests/win64_test.sh
PASS: modules/objfmts/win64/tests/gas/win64_gas_test.sh
PASS: modules/objfmts/xdf/tests/xdf_test.sh
PASS: bitvect_test
PASS: floatnum_test
PASS: leb128_test
PASS: splitpath_test
PASS: combpath_test
PASS: uncstring_test
PASS: libyasm/tests/libyasm_test.sh
make[5]: Entering directory '/sources/7.9/yasm-1.3.0'
make  all-recursive
make[6]: Entering directory '/sources/7.9/yasm-1.3.0'
Making all in po
make[7]: Entering directory '/sources/7.9/yasm-1.3.0/po'
make[7]: Nothing to be done for 'all'.
make[7]: Leaving directory '/sources/7.9/yasm-1.3.0/po'
Making all in .
make[7]: Entering directory '/sources/7.9/yasm-1.3.0'
make[7]: Leaving directory '/sources/7.9/yasm-1.3.0'
make[6]: Leaving directory '/sources/7.9/yasm-1.3.0'
make[5]: Leaving directory '/sources/7.9/yasm-1.3.0'
============================================================================
Testsuite summary for yasm 1.3.0
============================================================================
# TOTAL: 44
# PASS:  44
# SKIP:  0
# XFAIL: 0
# FAIL:  0
# XPASS: 0
# ERROR: 0
============================================================================
make[4]: Leaving directory '/sources/7.9/yasm-1.3.0'
make[3]: Leaving directory '/sources/7.9/yasm-1.3.0'
make[2]: Leaving directory '/sources/7.9/yasm-1.3.0'
make[1]: Leaving directory '/sources/7.9/yasm-1.3.0'
make  install-recursive
make[1]: Entering directory '/sources/7.9/yasm-1.3.0'
Making install in po
make[2]: Entering directory '/sources/7.9/yasm-1.3.0/po'
if test "yasm" = "gettext-tools"; then \
  /bin/mkdir -p /usr/share/gettext/po; \
  for file in Makefile.in.in remove-potcdate.sin quot.sed boldquot.sed en@quot.header en@boldquot.header insert-header.sin Rules-quot   Makevars.template; do \
    /usr/bin/install -c -m 644 ./$file \
		    /usr/share/gettext/po/$file; \
  done; \
  for file in Makevars; do \
    rm -f /usr/share/gettext/po/$file; \
  done; \
else \
  : ; \
fi
make[2]: Leaving directory '/sources/7.9/yasm-1.3.0/po'
Making install in .
make[2]: Entering directory '/sources/7.9/yasm-1.3.0'
make[3]: Entering directory '/sources/7.9/yasm-1.3.0'
 /bin/mkdir -p '/usr/bin'
  /usr/bin/install -c yasm '/usr/bin'
 /bin/mkdir -p '/usr/lib'
 /usr/bin/install -c -m 644  libyasm.a '/usr/lib'
 ( cd '/usr/lib' && ranlib libyasm.a )
make  install-exec-hook
make[4]: Entering directory '/sources/7.9/yasm-1.3.0'
make[4]: Nothing to be done for 'install-exec-hook'.
make[4]: Leaving directory '/sources/7.9/yasm-1.3.0'
 /bin/mkdir -p '/usr/include'
 /usr/bin/install -c -m 644 libyasm.h '/usr/include'
 /bin/mkdir -p '/usr/share/man/man1'
 /bin/mkdir -p '/usr/share/man/man1'
 /usr/bin/install -c -m 644 yasm.1 '/usr/share/man/man1'
 /bin/mkdir -p '/usr/share/man/man7'
 /usr/bin/install -c -m 644 yasm_arch.7 yasm_parsers.7 yasm_dbgfmts.7 yasm_objfmts.7 '/usr/share/man/man7'
 /bin/mkdir -p '/usr/share/man/man7'
 /bin/mkdir -p '/usr/include/libyasm'
 /usr/bin/install -c -m 644 libyasm/arch.h libyasm/assocdat.h libyasm/bitvect.h libyasm/bytecode.h libyasm/compat-queue.h libyasm/coretype.h libyasm/dbgfmt.h libyasm/errwarn.h libyasm/expr.h libyasm/file.h libyasm/floatnum.h libyasm/hamt.h libyasm/insn.h libyasm/intnum.h libyasm/inttree.h libyasm/linemap.h libyasm/listfmt.h libyasm/md5.h libyasm/module.h libyasm/objfmt.h libyasm/parser.h libyasm/phash.h libyasm/preproc.h libyasm/section.h libyasm/symrec.h libyasm/valparam.h libyasm/value.h '/usr/include/libyasm'
 /bin/mkdir -p '/usr/include'
 /usr/bin/install -c -m 644 libyasm-stdint.h '/usr/include'
make[3]: Leaving directory '/sources/7.9/yasm-1.3.0'
make[2]: Leaving directory '/sources/7.9/yasm-1.3.0'
make[1]: Leaving directory '/sources/7.9/yasm-1.3.0'
