checking for a BSD-compatible install... /usr/bin/install -c
checking whether build environment is sane... yes
checking for a thread-safe mkdir -p... /bin/mkdir -p
checking for gawk... gawk
checking whether make sets $(MAKE)... yes
checking whether make supports nested variables... yes
checking whether UID '1000' is supported by ustar format... yes
checking whether GID '1000' is supported by ustar format... yes
checking how to create a ustar tar archive... gnutar
checking whether make supports nested variables... (cached) yes
checking whether to enable maintainer-specific portions of Makefiles... no
checking for style of include used by make... GNU
checking for gcc... gcc
checking whether the C compiler works... yes
checking for C compiler default output file name... a.out
checking for suffix of executables... 
checking whether we are cross compiling... no
checking for suffix of object files... o
checking whether we are using the GNU C compiler... yes
checking whether gcc accepts -g... yes
checking for gcc option to accept ISO C89... none needed
checking whether gcc understands -c and -o together... yes
checking dependency style of gcc... gcc3
checking how to run the C preprocessor... gcc -E
checking for grep that handles long lines and -e... /bin/grep
checking for egrep... /bin/grep -E
checking for ANSI C header files... yes
checking for sys/types.h... yes
checking for sys/stat.h... yes
checking for stdlib.h... yes
checking for string.h... yes
checking for memory.h... yes
checking for strings.h... yes
checking for inttypes.h... yes
checking for stdint.h... yes
checking for unistd.h... yes
checking minix/config.h usability... no
checking minix/config.h presence... no
checking for minix/config.h... no
checking whether it is safe to define __EXTENSIONS__... yes
checking for library containing strerror... none required
checking for gcc... (cached) gcc
checking whether we are using the GNU C compiler... (cached) yes
checking whether gcc accepts -g... (cached) yes
checking for gcc option to accept ISO C89... (cached) none needed
checking whether gcc understands -c and -o together... (cached) yes
checking dependency style of gcc... (cached) gcc3
checking for ANSI C header files... (cached) yes
checking build system type... x86_64-pc-linux-gnu
checking host system type... x86_64-pc-linux-gnu
checking how to print strings... printf
checking for a sed that does not truncate output... /bin/sed
checking for fgrep... /bin/grep -F
checking for ld used by gcc... /usr/bin/ld
checking if the linker (/usr/bin/ld) is GNU ld... yes
checking for BSD- or MS-compatible name lister (nm)... /usr/bin/nm -B
checking the name lister (/usr/bin/nm -B) interface... BSD nm
checking whether ln -s works... yes
checking the maximum length of command line arguments... 1572864
checking how to convert x86_64-pc-linux-gnu file names to x86_64-pc-linux-gnu format... func_convert_file_noop
checking how to convert x86_64-pc-linux-gnu file names to toolchain format... func_convert_file_noop
checking for /usr/bin/ld option to reload object files... -r
checking for objdump... objdump
checking how to recognize dependent libraries... pass_all
checking for dlltool... no
checking how to associate runtime and link libraries... printf %s\n
checking for ar... ar
checking for archiver @FILE support... @
checking for strip... strip
checking for ranlib... ranlib
checking command to parse /usr/bin/nm -B output from gcc object... ok
checking for sysroot... no
checking for a working dd... /bin/dd
checking how to truncate binary pipes... /bin/dd bs=4096 count=1
checking for mt... no
checking if : is a manifest tool... no
checking for dlfcn.h... yes
checking for objdir... .libs
checking if gcc supports -fno-rtti -fno-exceptions... no
checking for gcc option to produce PIC... -fPIC -DPIC
checking if gcc PIC flag -fPIC -DPIC works... yes
checking if gcc static flag -static works... yes
checking if gcc supports -c -o file.o... yes
checking if gcc supports -c -o file.o... (cached) yes
checking whether the gcc linker (/usr/bin/ld -m elf_x86_64) supports shared libraries... yes
checking whether -lc should be explicitly linked in... no
checking dynamic linker characteristics... GNU/Linux ld.so
checking how to hardcode library paths into programs... immediate
checking whether stripping libraries is possible... yes
checking if libtool supports shared libraries... yes
checking whether to build shared libraries... yes
checking whether to build static libraries... no
checking for ANSI C header files... (cached) yes
checking for pid_t... yes
checking vfork.h usability... no
checking vfork.h presence... no
checking for vfork.h... no
checking for fork... yes
checking for vfork... yes
checking for working fork... yes
checking for working vfork... (cached) yes
checking for stdlib.h... (cached) yes
checking for GNU libc compatible malloc... yes
checking whether sys/types.h defines makedev... yes
checking for X... libraries , headers 
checking for pid_t... (cached) yes
checking for size_t... yes
checking for ssize_t... yes
checking whether NLS is requested... yes
checking for msgfmt... /usr/bin/msgfmt
checking for gmsgfmt... /usr/bin/msgfmt
checking for xgettext... /usr/bin/xgettext
checking for msgmerge... /usr/bin/msgmerge
checking for ld used by gcc... /usr/bin/ld -m elf_x86_64
checking if the linker (/usr/bin/ld -m elf_x86_64) is GNU ld... yes
checking for shared library run path origin... done
checking for CFPreferencesCopyAppValue... no
checking for CFLocaleCopyCurrent... no
checking for GNU gettext in libc... yes
checking whether to use NLS... yes
checking where the gettext function comes from... libc
checking whether NLS is requested... yes
checking for unistd.h... (cached) yes
checking paths.h usability... yes
checking paths.h presence... yes
checking for paths.h... yes
checking sys/vt.h usability... yes
checking sys/vt.h presence... yes
checking for sys/vt.h... yes
checking sys/consio.h usability... no
checking sys/consio.h presence... no
checking for sys/consio.h... no
checking fcntl.h usability... yes
checking fcntl.h presence... yes
checking for fcntl.h... yes
checking limits.h usability... yes
checking limits.h presence... yes
checking for limits.h... yes
checking sys/ioctl.h usability... yes
checking sys/ioctl.h presence... yes
checking for sys/ioctl.h... yes
checking sys/param.h usability... yes
checking sys/param.h presence... yes
checking for sys/param.h... yes
checking sys/socket.h usability... yes
checking sys/socket.h presence... yes
checking for sys/socket.h... yes
checking syslog.h usability... yes
checking syslog.h presence... yes
checking for syslog.h... yes
checking kvm.h usability... no
checking kvm.h presence... no
checking for kvm.h... no
checking sys/sysctl.h usability... yes
checking sys/sysctl.h presence... yes
checking for sys/sysctl.h... yes
checking sys/user.h usability... yes
checking sys/user.h presence... yes
checking for sys/user.h... yes
checking poll.h usability... yes
checking poll.h presence... yes
checking for poll.h... yes
checking libintl.h usability... yes
checking libintl.h presence... yes
checking for libintl.h... yes
checking locale.h usability... yes
checking locale.h presence... yes
checking for locale.h... yes
checking sys/wait.h usability... yes
checking sys/wait.h presence... yes
checking for sys/wait.h... yes
checking sys/resource.h usability... yes
checking sys/resource.h presence... yes
checking for sys/resource.h... yes
checking for getpeerucred... no
checking for getpeereid... no
checking for memset... yes
checking for setenv... yes
checking for strchr... yes
checking for strdup... yes
checking for strerror... yes
checking for strrchr... yes
checking for strspn... yes
checking for strstr... yes
checking for strtol... yes
checking for strtoul... yes
checking for uname... yes
checking for setlocale... yes
checking for struct stat.st_rdev... yes
checking for /sys/class/tty/tty0/active... yes
checking for uid_t in sys/types.h... yes
checking for pkg-config... /usr/bin/pkg-config
checking pkg-config is at least version 0.9.0... yes
checking for CONSOLE_KIT... yes
checking for XLIB... yes
checking for POLKIT... yes
checking for LIBDBUS... yes
checking for TOOLS... yes
checking for HISTORY... yes
checking for glib-genmarshal... /usr/bin/glib-genmarshal
checking what warning flags to pass to the C compiler... -Wall -Wmissing-prototypes
checking what language compliance flags to pass to the C compiler... 
checking for compress in -lz... yes
checking zlib.h usability... yes
checking zlib.h presence... yes
checking for zlib.h... yes
checking for pam_getenv in -lpam... yes
checking security/pam_modutil.h usability... yes
checking security/pam_modutil.h presence... yes
checking for security/pam_modutil.h... yes
checking security/pam_ext.h usability... yes
checking security/pam_ext.h presence... yes
checking for security/pam_ext.h... yes
checking for pam_syslog in -lpam... yes
checking for misc_conv in -lpam_misc... yes
checking for CGMANAGER... no
checking for UDEV_ACL... yes
checking for acl_init in -lacl... yes
checking acl/libacl.h usability... yes
checking acl/libacl.h presence... yes
checking for acl/libacl.h... yes
checking for xmlto... no
checking whether to build DocBook documentation... yes
checking for xsltproc... /usr/bin/xsltproc
checking for inotify_init... yes
checking sys/inotify.h usability... yes
checking sys/inotify.h presence... yes
checking for sys/inotify.h... yes
checking whether to build the validation test framework... no
checking for more warnings... no
checking whether to enable debugging... yes
checking that generated files are newer than configure... done
configure: creating ./config.status
config.status: creating Makefile
config.status: creating src/Makefile
config.status: creating tools/70-udev-acl.rules
config.status: creating tools/Makefile
config.status: creating tools/linux/Makefile
config.status: creating tools/freebsd/Makefile
config.status: creating tools/netbsd/Makefile
config.status: creating tools/openbsd/Makefile
config.status: creating tools/solaris/Makefile
config.status: creating data/Makefile
config.status: creating doc/Makefile
config.status: creating doc/console-kit-daemon.1m
config.status: creating doc/dbus/ConsoleKit.xml
config.status: creating doc/dbus/Makefile
config.status: creating libck-connector/Makefile
config.status: creating libck-connector/ck-connector.pc
config.status: creating pam-ck-connector/Makefile
config.status: creating po/Makefile.in
config.status: creating config.h
config.status: executing depfiles commands
config.status: executing libtool commands
config.status: executing po-directories commands
config.status: creating po/POTFILES
config.status: creating po/Makefile

                    ConsoleKit 1.0.1
                    ========================

	prefix:                   /usr
	exec_prefix:              ${prefix}
        libdir:                   ${exec_prefix}/lib
        bindir:                   ${exec_prefix}/bin
        sbindir:                  ${exec_prefix}/sbin
        sysconfdir:               /etc
        localstatedir:            /var
        rundir:                   /var/run
        datadir:                  ${datarootdir}
	source code location:	  .
	compiler:		  gcc
	cflags:		          -g -O2
	debug cflags:	          -DG_ENABLE_DEBUG
	build tests:              no
        Base libs:                -ldbus-1 -lgthread-2.0 -pthread -lgio-2.0 -lgobject-2.0 -lglib-2.0
        Tools libs:               -lX11 -lglib-2.0
        Maintainer mode:          no

        dbus-1 system.d dir:      /etc/dbus-1/system.d
        Build backend:            linux
        PAM module dir:           /lib/security
        Build PAM module:         yes
        Build udev-acl:           yes
        cgroup support:           no
        Build docs:               no
        xinitrc dir:              /etc/X11/app-defaults/xinitrc.d

        PolicyKit support         yes
        RBAC (Solaris) support:   no

make  all-recursive
make[1]: Entering directory '/sources/7.9/consolekit2-1.0.1'
Making all in src
make[2]: Entering directory '/sources/7.9/consolekit2-1.0.1/src'
make  all-recursive
make[3]: Entering directory '/sources/7.9/consolekit2-1.0.1/src'
make[4]: Entering directory '/sources/7.9/consolekit2-1.0.1/src'
  CC       ck-sysdeps-unix.lo
  CC       ck-sysdeps-linux.lo
  CCLD     libck.la
  CC       ck-log-event.lo
  CCLD     libck-event-log.la
  CC       main.o
  CC       ck-manager.o
  CC       ck-vt-monitor.o
  CC       ck-tty-idle-monitor.o
  CC       ck-job.o
  CC       ck-seat.o
  CC       ck-session-leader.o
  CC       ck-session.o
  CC       ck-log.o
  CC       ck-run-programs.o
  CC       ck-event-logger.o
  CC       ck-inhibit.o
  CC       ck-inhibit-manager.o
  CC       ck-process-group.o
  CC       ck-manager-generated.o
  CC       ck-seat-generated.o
  CC       ck-session-generated.o
  CC       ck-marshal.o
  CC       ck-file-monitor-inotify.o
  CCLD     console-kit-daemon
make[4]: Leaving directory '/sources/7.9/consolekit2-1.0.1/src'
make[3]: Leaving directory '/sources/7.9/consolekit2-1.0.1/src'
make[2]: Leaving directory '/sources/7.9/consolekit2-1.0.1/src'
Making all in libck-connector
make[2]: Entering directory '/sources/7.9/consolekit2-1.0.1/libck-connector'
  CC       ck-connector.lo
  CCLD     libck-connector.la
make[2]: Leaving directory '/sources/7.9/consolekit2-1.0.1/libck-connector'
Making all in tools
make[2]: Entering directory '/sources/7.9/consolekit2-1.0.1/tools'
Making all in linux
make[3]: Entering directory '/sources/7.9/consolekit2-1.0.1/tools/linux'
make[4]: Entering directory '/sources/7.9/consolekit2-1.0.1/tools/linux'
make[4]: Nothing to be done for 'all-am'.
make[4]: Leaving directory '/sources/7.9/consolekit2-1.0.1/tools/linux'
make[3]: Leaving directory '/sources/7.9/consolekit2-1.0.1/tools/linux'
make[3]: Entering directory '/sources/7.9/consolekit2-1.0.1/tools'
  CC       ck-launch-session.o
  CCLD     ck-launch-session
  CC       list-sessions.o
  CCLD     ck-list-sessions
  CC       ck-history.o
  CCLD     ck-history
  CC       ck-collect-session-info.o
  CCLD     ck-collect-session-info
  CC       ck-get-x11-server-pid.o
  CCLD     ck-get-x11-server-pid
  CC       ck-get-x11-display-device.o
  CCLD     ck-get-x11-display-device
  CC       udev_acl-udev-acl.o
  CCLD     udev-acl
  CC       ck-log-system-start.o
  CCLD     ck-log-system-start
  CC       ck-log-system-restart.o
  CCLD     ck-log-system-restart
  CC       ck-log-system-stop.o
  CCLD     ck-log-system-stop
make[3]: Leaving directory '/sources/7.9/consolekit2-1.0.1/tools'
make[2]: Leaving directory '/sources/7.9/consolekit2-1.0.1/tools'
Making all in data
make[2]: Entering directory '/sources/7.9/consolekit2-1.0.1/data'
sed							\
    -e 's![@]localstatedir[@]!/var!g'	\
    < consolekit.logrotate.in > consolekit.logrotate-t
mv consolekit.logrotate-t consolekit.logrotate
sed							\
    -e 's![@]CK_LAUNCH_SESSION[@]!CK_LAUNCH_SESSION=/usr/bin/ck-launch-session!g'	\
    < 90-consolekit.in > 90-consolekit-t
mv 90-consolekit-t 90-consolekit
make  all-am
make[3]: Entering directory '/sources/7.9/consolekit2-1.0.1/data'
sed -e 's|@sbindir[@]|/usr/sbin|g' -e 's|@sysconfdir[@]|/etc|g' -e 's|@localstatedir[@]|/var|g' -e 's|@CONSOLE_KIT_PID_FILE[@]|/var/run/ConsoleKit/pid|g'  -e 's|@SystemdService[@]||g' org.freedesktop.ConsoleKit.service.in >org.freedesktop.ConsoleKit.service
make[3]: Leaving directory '/sources/7.9/consolekit2-1.0.1/data'
make[2]: Leaving directory '/sources/7.9/consolekit2-1.0.1/data'
Making all in doc
make[2]: Entering directory '/sources/7.9/consolekit2-1.0.1/doc'
Making all in dbus
make[3]: Entering directory '/sources/7.9/consolekit2-1.0.1/doc/dbus'
make[3]: Nothing to be done for 'all'.
make[3]: Leaving directory '/sources/7.9/consolekit2-1.0.1/doc/dbus'
make[3]: Entering directory '/sources/7.9/consolekit2-1.0.1/doc'
make[3]: Nothing to be done for 'all-am'.
make[3]: Leaving directory '/sources/7.9/consolekit2-1.0.1/doc'
make[2]: Leaving directory '/sources/7.9/consolekit2-1.0.1/doc'
Making all in pam-ck-connector
make[2]: Entering directory '/sources/7.9/consolekit2-1.0.1/pam-ck-connector'
  CC       pam-ck-connector.lo
  CCLD     pam_ck_connector.la
make[2]: Leaving directory '/sources/7.9/consolekit2-1.0.1/pam-ck-connector'
Making all in po
make[2]: Entering directory '/sources/7.9/consolekit2-1.0.1/po'
make[2]: Nothing to be done for 'all'.
make[2]: Leaving directory '/sources/7.9/consolekit2-1.0.1/po'
make[2]: Entering directory '/sources/7.9/consolekit2-1.0.1'
make[2]: Leaving directory '/sources/7.9/consolekit2-1.0.1'
make[1]: Leaving directory '/sources/7.9/consolekit2-1.0.1'
Making install in src
make[1]: Entering directory '/sources/7.9/consolekit2-1.0.1/src'
make  install-recursive
make[2]: Entering directory '/sources/7.9/consolekit2-1.0.1/src'
make[3]: Entering directory '/sources/7.9/consolekit2-1.0.1/src'
make[4]: Entering directory '/sources/7.9/consolekit2-1.0.1/src'
 /bin/mkdir -p '/usr/sbin'
  /bin/sh ../libtool   --mode=install /usr/bin/install -c console-kit-daemon '/usr/sbin'
libtool: install: /usr/bin/install -c console-kit-daemon /usr/sbin/console-kit-daemon
mkdir -p /etc/ConsoleKit/run-session.d
mkdir -p /usr/lib/ConsoleKit/run-session.d
mkdir -p /etc/ConsoleKit/run-seat.d
mkdir -p /usr/lib/ConsoleKit/run-seat.d
mkdir -p /var/run/ConsoleKit
mkdir -p /var/log/ConsoleKit
 /bin/mkdir -p '/usr/share/dbus-1/interfaces'
 /usr/bin/install -c -m 644 org.freedesktop.ConsoleKit.Manager.xml org.freedesktop.ConsoleKit.Seat.xml org.freedesktop.ConsoleKit.Session.xml '/usr/share/dbus-1/interfaces'
make[4]: Leaving directory '/sources/7.9/consolekit2-1.0.1/src'
make[3]: Leaving directory '/sources/7.9/consolekit2-1.0.1/src'
make[2]: Leaving directory '/sources/7.9/consolekit2-1.0.1/src'
make[1]: Leaving directory '/sources/7.9/consolekit2-1.0.1/src'
Making install in libck-connector
make[1]: Entering directory '/sources/7.9/consolekit2-1.0.1/libck-connector'
make[2]: Entering directory '/sources/7.9/consolekit2-1.0.1/libck-connector'
 /bin/mkdir -p '/usr/lib'
 /bin/sh ../libtool   --mode=install /usr/bin/install -c   libck-connector.la '/usr/lib'
libtool: install: /usr/bin/install -c .libs/libck-connector.so.0.0.0 /usr/lib/libck-connector.so.0.0.0
libtool: install: (cd /usr/lib && { ln -s -f libck-connector.so.0.0.0 libck-connector.so.0 || { rm -f libck-connector.so.0 && ln -s libck-connector.so.0.0.0 libck-connector.so.0; }; })
libtool: install: (cd /usr/lib && { ln -s -f libck-connector.so.0.0.0 libck-connector.so || { rm -f libck-connector.so && ln -s libck-connector.so.0.0.0 libck-connector.so; }; })
libtool: install: /usr/bin/install -c .libs/libck-connector.lai /usr/lib/libck-connector.la
libtool: finish: PATH="/bin:/usr/ucb:/usr/bin:/usr/sbin:/sbin:/usr/etc:/etc:/sbin" ldconfig -n /usr/lib
----------------------------------------------------------------------
Libraries have been installed in:
   /usr/lib

If you ever happen to want to link against installed libraries
in a given directory, LIBDIR, you must either use libtool, and
specify the full pathname of the library, or use the '-LLIBDIR'
flag during linking and do at least one of the following:
   - add LIBDIR to the 'LD_LIBRARY_PATH' environment variable
     during execution
   - add LIBDIR to the 'LD_RUN_PATH' environment variable
     during linking
   - use the '-Wl,-rpath -Wl,LIBDIR' linker flag
   - have your system administrator add LIBDIR to '/etc/ld.so.conf'

See any operating system documentation about shared libraries for
more information, such as the ld(1) and ld.so(8) manual pages.
----------------------------------------------------------------------
 /bin/mkdir -p '/usr/include/ConsoleKit/ck-connector'
 /usr/bin/install -c -m 644 ck-connector.h '/usr/include/ConsoleKit/ck-connector'
 /bin/mkdir -p '/usr/lib/pkgconfig'
 /usr/bin/install -c -m 644 ck-connector.pc '/usr/lib/pkgconfig'
make[2]: Leaving directory '/sources/7.9/consolekit2-1.0.1/libck-connector'
make[1]: Leaving directory '/sources/7.9/consolekit2-1.0.1/libck-connector'
Making install in tools
make[1]: Entering directory '/sources/7.9/consolekit2-1.0.1/tools'
Making install in linux
make[2]: Entering directory '/sources/7.9/consolekit2-1.0.1/tools/linux'
make[3]: Entering directory '/sources/7.9/consolekit2-1.0.1/tools/linux'
make[4]: Entering directory '/sources/7.9/consolekit2-1.0.1/tools/linux'
make[4]: Nothing to be done for 'install-exec-am'.
 /bin/mkdir -p '/usr/lib/ConsoleKit/scripts'
 /usr/bin/install -c ck-system-stop ck-system-restart ck-system-suspend ck-system-hibernate ck-system-hybridsleep '/usr/lib/ConsoleKit/scripts'
make[4]: Leaving directory '/sources/7.9/consolekit2-1.0.1/tools/linux'
make[3]: Leaving directory '/sources/7.9/consolekit2-1.0.1/tools/linux'
make[2]: Leaving directory '/sources/7.9/consolekit2-1.0.1/tools/linux'
make[2]: Entering directory '/sources/7.9/consolekit2-1.0.1/tools'
make[3]: Entering directory '/sources/7.9/consolekit2-1.0.1/tools'
 /bin/mkdir -p '/usr/bin'
  /bin/sh ../libtool   --mode=install /usr/bin/install -c ck-launch-session ck-list-sessions ck-history '/usr/bin'
libtool: install: /usr/bin/install -c .libs/ck-launch-session /usr/bin/ck-launch-session
libtool: install: /usr/bin/install -c ck-list-sessions /usr/bin/ck-list-sessions
libtool: install: /usr/bin/install -c ck-history /usr/bin/ck-history
 /bin/mkdir -p '/usr/libexec'
  /bin/sh ../libtool   --mode=install /usr/bin/install -c ck-collect-session-info ck-get-x11-server-pid ck-get-x11-display-device udev-acl '/usr/libexec'
libtool: install: /usr/bin/install -c ck-collect-session-info /usr/libexec/ck-collect-session-info
libtool: install: /usr/bin/install -c ck-get-x11-server-pid /usr/libexec/ck-get-x11-server-pid
libtool: install: /usr/bin/install -c ck-get-x11-display-device /usr/libexec/ck-get-x11-display-device
libtool: install: /usr/bin/install -c udev-acl /usr/libexec/udev-acl
 /bin/mkdir -p '/usr/sbin'
  /bin/sh ../libtool   --mode=install /usr/bin/install -c ck-log-system-start ck-log-system-restart ck-log-system-stop '/usr/sbin'
libtool: install: /usr/bin/install -c ck-log-system-start /usr/sbin/ck-log-system-start
libtool: install: /usr/bin/install -c ck-log-system-restart /usr/sbin/ck-log-system-restart
libtool: install: /usr/bin/install -c ck-log-system-stop /usr/sbin/ck-log-system-stop
make  install-exec-hook
make[4]: Entering directory '/sources/7.9/consolekit2-1.0.1/tools'
mkdir -p /usr/lib/ConsoleKit/run-seat.d
mkdir -p /lib/udev
ln -sf /usr/libexec/udev-acl /usr/lib/ConsoleKit/run-seat.d/udev-acl.ck
ln -sf /usr/libexec/udev-acl /lib/udev/udev-acl
make[4]: Leaving directory '/sources/7.9/consolekit2-1.0.1/tools'
 /bin/mkdir -p '/lib/udev/rules.d'
 /usr/bin/install -c -m 644 70-udev-acl.rules '/lib/udev/rules.d'
make[3]: Leaving directory '/sources/7.9/consolekit2-1.0.1/tools'
make[2]: Leaving directory '/sources/7.9/consolekit2-1.0.1/tools'
make[1]: Leaving directory '/sources/7.9/consolekit2-1.0.1/tools'
Making install in data
make[1]: Entering directory '/sources/7.9/consolekit2-1.0.1/data'
make  install-am
make[2]: Entering directory '/sources/7.9/consolekit2-1.0.1/data'
make[3]: Entering directory '/sources/7.9/consolekit2-1.0.1/data'
make[3]: Nothing to be done for 'install-exec-am'.
/bin/mkdir -p /var/log/ConsoleKit/ \
	   /etc/logrotate.d/
/usr/bin/install -c -m 644 consolekit.logrotate /etc/logrotate.d/consolekit
/bin/mkdir -p /etc/X11/app-defaults/xinitrc.d/
/usr/bin/install -c 90-consolekit /etc/X11/app-defaults/xinitrc.d && \
	chmod +x /etc/X11/app-defaults/xinitrc.d/90-consolekit
/bin/mkdir -p /var/log/ConsoleKit/
 /bin/mkdir -p '/etc/dbus-1/system.d'
 /usr/bin/install -c -m 644 ConsoleKit.conf '/etc/dbus-1/system.d'
 /bin/mkdir -p '/usr/share/polkit-1/actions'
 /usr/bin/install -c -m 644 org.freedesktop.consolekit.policy '/usr/share/polkit-1/actions'
 /bin/mkdir -p '/etc/ConsoleKit/seats.d'
 /usr/bin/install -c -m 644 00-primary.seat '/etc/ConsoleKit/seats.d'
 /bin/mkdir -p '/usr/share/dbus-1/system-services'
 /usr/bin/install -c -m 644 org.freedesktop.ConsoleKit.service '/usr/share/dbus-1/system-services'
make  install-data-hook
make[4]: Entering directory '/sources/7.9/consolekit2-1.0.1/data'
make[4]: Nothing to be done for 'install-data-hook'.
make[4]: Leaving directory '/sources/7.9/consolekit2-1.0.1/data'
make[3]: Leaving directory '/sources/7.9/consolekit2-1.0.1/data'
make[2]: Leaving directory '/sources/7.9/consolekit2-1.0.1/data'
make[1]: Leaving directory '/sources/7.9/consolekit2-1.0.1/data'
Making install in doc
make[1]: Entering directory '/sources/7.9/consolekit2-1.0.1/doc'
Making install in dbus
make[2]: Entering directory '/sources/7.9/consolekit2-1.0.1/doc/dbus'
make[3]: Entering directory '/sources/7.9/consolekit2-1.0.1/doc/dbus'
make[3]: Nothing to be done for 'install-exec-am'.
make[3]: Leaving directory '/sources/7.9/consolekit2-1.0.1/doc/dbus'
make[2]: Leaving directory '/sources/7.9/consolekit2-1.0.1/doc/dbus'
make[2]: Entering directory '/sources/7.9/consolekit2-1.0.1/doc'
make[3]: Entering directory '/sources/7.9/consolekit2-1.0.1/doc'
make[3]: Nothing to be done for 'install-exec-am'.
 /bin/mkdir -p '/usr/share/man/man1'
 /usr/bin/install -c -m 644 ck-history.1 ck-launch-session.1 ck-list-sessions.1 console-kit-daemon.1m '/usr/share/man/man1'
make[3]: Leaving directory '/sources/7.9/consolekit2-1.0.1/doc'
make[2]: Leaving directory '/sources/7.9/consolekit2-1.0.1/doc'
make[1]: Leaving directory '/sources/7.9/consolekit2-1.0.1/doc'
Making install in pam-ck-connector
make[1]: Entering directory '/sources/7.9/consolekit2-1.0.1/pam-ck-connector'
make[2]: Entering directory '/sources/7.9/consolekit2-1.0.1/pam-ck-connector'
make[2]: Nothing to be done for 'install-exec-am'.
 /bin/mkdir -p '/usr/share/man/man8'
 /usr/bin/install -c -m 644 pam_ck_connector.8 '/usr/share/man/man8'
 /bin/mkdir -p '/lib/security'
 /bin/sh ../libtool   --mode=install /usr/bin/install -c   pam_ck_connector.la '/lib/security'
libtool: install: (cd /sources/7.9/consolekit2-1.0.1/pam-ck-connector; /bin/sh "/sources/7.9/consolekit2-1.0.1/libtool"  --silent --tag CC --mode=relink gcc -U_FORTIFY_SOURCE -I/usr/include/dbus-1.0 -I/usr/lib/dbus-1.0/include -I../libck-connector -g -O2 -no-undefined -module -avoid-version -o pam_ck_connector.la -rpath /lib/security pam-ck-connector.lo -lpam -ldbus-1 ../libck-connector/libck-connector.la )
libtool: install: /usr/bin/install -c .libs/pam_ck_connector.soT /lib/security/pam_ck_connector.so
libtool: install: /usr/bin/install -c .libs/pam_ck_connector.lai /lib/security/pam_ck_connector.la
libtool: finish: PATH="/bin:/usr/ucb:/usr/bin:/usr/sbin:/sbin:/usr/etc:/etc:/sbin" ldconfig -n /lib/security
----------------------------------------------------------------------
Libraries have been installed in:
   /lib/security

If you ever happen to want to link against installed libraries
in a given directory, LIBDIR, you must either use libtool, and
specify the full pathname of the library, or use the '-LLIBDIR'
flag during linking and do at least one of the following:
   - add LIBDIR to the 'LD_LIBRARY_PATH' environment variable
     during execution
   - add LIBDIR to the 'LD_RUN_PATH' environment variable
     during linking
   - use the '-Wl,-rpath -Wl,LIBDIR' linker flag
   - have your system administrator add LIBDIR to '/etc/ld.so.conf'

See any operating system documentation about shared libraries for
more information, such as the ld(1) and ld.so(8) manual pages.
----------------------------------------------------------------------
make[2]: Leaving directory '/sources/7.9/consolekit2-1.0.1/pam-ck-connector'
make[1]: Leaving directory '/sources/7.9/consolekit2-1.0.1/pam-ck-connector'
Making install in po
make[1]: Entering directory '/sources/7.9/consolekit2-1.0.1/po'
installing bg.gmo as /usr/share/locale/bg/LC_MESSAGES/ConsoleKit2.mo
installing es.gmo as /usr/share/locale/es/LC_MESSAGES/ConsoleKit2.mo
installing es_419.gmo as /usr/share/locale/es_419/LC_MESSAGES/ConsoleKit2.mo
installing ru.gmo as /usr/share/locale/ru/LC_MESSAGES/ConsoleKit2.mo
if test "ConsoleKit2" = "gettext-tools"; then \
  /bin/mkdir -p /usr/share/gettext/po; \
  for file in Makefile.in.in remove-potcdate.sin quot.sed boldquot.sed en@quot.header en@boldquot.header insert-header.sin Rules-quot   Makevars.template; do \
    /usr/bin/install -c -m 644 ./$file \
		    /usr/share/gettext/po/$file; \
  done; \
  for file in Makevars; do \
    rm -f /usr/share/gettext/po/$file; \
  done; \
else \
  : ; \
fi
make[1]: Leaving directory '/sources/7.9/consolekit2-1.0.1/po'
make[1]: Entering directory '/sources/7.9/consolekit2-1.0.1'
make[2]: Entering directory '/sources/7.9/consolekit2-1.0.1'
make[2]: Nothing to be done for 'install-exec-am'.
make[2]: Nothing to be done for 'install-data-am'.
make[2]: Leaving directory '/sources/7.9/consolekit2-1.0.1'
make[1]: Leaving directory '/sources/7.9/consolekit2-1.0.1'
'/etc/X11/app-defaults/xinitrc.d/90-consolekit' -> '/etc/X11/app-defaults/xinitrc.d/90-consolekit.sh'
