checking for a BSD-compatible install... /usr/bin/install -c
checking whether build environment is sane... yes
checking for a thread-safe mkdir -p... /bin/mkdir -p
checking for gawk... gawk
checking whether make sets $(MAKE)... yes
checking whether make supports nested variables... yes
checking whether UID '1000' is supported by ustar format... yes
checking whether GID '1000' is supported by ustar format... yes
checking how to create a ustar tar archive... gnutar
checking for pkg-config... /usr/bin/pkg-config
checking pkg-config is at least version 0.19... yes
checking whether NLS is requested... yes
checking for style of include used by make... GNU
checking for gcc... gcc
checking whether the C compiler works... yes
checking for C compiler default output file name... a.out
checking for suffix of executables... 
checking whether we are cross compiling... no
checking for suffix of object files... o
checking whether we are using the GNU C compiler... yes
checking whether gcc accepts -g... yes
checking for gcc option to accept ISO C89... none needed
checking whether gcc understands -c and -o together... yes
checking dependency style of gcc... none
checking for intltool >= 0.40.0... 0.51.0 found
checking for intltool-update... /usr/bin/intltool-update
checking for intltool-merge... /usr/bin/intltool-merge
checking for intltool-extract... /usr/bin/intltool-extract
checking for xgettext... /usr/bin/xgettext
checking for msgmerge... /usr/bin/msgmerge
checking for msgfmt... /usr/bin/msgfmt
checking for gmsgfmt... /usr/bin/msgfmt
checking for perl... /usr/bin/perl
checking for perl >= 5.8.1... 5.22.1
checking for XML::Parser... ok
checking icon-naming-utils >= 0.8.7... yes
checking for gtk-update-icon-cache... /usr/bin/gtk-update-icon-cache
checking that generated files are newer than configure... done
configure: creating ./config.status
config.status: creating Makefile
config.status: creating gnome-icon-theme.pc
config.status: creating po/Makefile.in
config.status: creating src/Makefile
config.status: executing depfiles commands
config.status: executing po/stamp-it commands
Making all in po
make[1]: Entering directory '/sources/7.9/gnome-icon-theme-3.12.0/po'
file=`echo af | sed 's,.*/,,'`.gmo \
  && rm -f $file && /usr/bin/msgfmt -o $file af.po
file=`echo am | sed 's,.*/,,'`.gmo \
  && rm -f $file && /usr/bin/msgfmt -o $file am.po
file=`echo an | sed 's,.*/,,'`.gmo \
  && rm -f $file && /usr/bin/msgfmt -o $file an.po
file=`echo ar | sed 's,.*/,,'`.gmo \
  && rm -f $file && /usr/bin/msgfmt -o $file ar.po
file=`echo as | sed 's,.*/,,'`.gmo \
  && rm -f $file && /usr/bin/msgfmt -o $file as.po
file=`echo ast | sed 's,.*/,,'`.gmo \
  && rm -f $file && /usr/bin/msgfmt -o $file ast.po
file=`echo az | sed 's,.*/,,'`.gmo \
  && rm -f $file && /usr/bin/msgfmt -o $file az.po
file=`echo be | sed 's,.*/,,'`.gmo \
  && rm -f $file && /usr/bin/msgfmt -o $file be.po
file=`echo be@latin | sed 's,.*/,,'`.gmo \
  && rm -f $file && /usr/bin/msgfmt -o $file be@latin.po
file=`echo bg | sed 's,.*/,,'`.gmo \
  && rm -f $file && /usr/bin/msgfmt -o $file bg.po
file=`echo bn | sed 's,.*/,,'`.gmo \
  && rm -f $file && /usr/bin/msgfmt -o $file bn.po
file=`echo bn_IN | sed 's,.*/,,'`.gmo \
  && rm -f $file && /usr/bin/msgfmt -o $file bn_IN.po
file=`echo br | sed 's,.*/,,'`.gmo \
  && rm -f $file && /usr/bin/msgfmt -o $file br.po
file=`echo bs | sed 's,.*/,,'`.gmo \
  && rm -f $file && /usr/bin/msgfmt -o $file bs.po
file=`echo ca | sed 's,.*/,,'`.gmo \
  && rm -f $file && /usr/bin/msgfmt -o $file ca.po
file=`echo ca@valencia | sed 's,.*/,,'`.gmo \
  && rm -f $file && /usr/bin/msgfmt -o $file ca@valencia.po
file=`echo crh | sed 's,.*/,,'`.gmo \
  && rm -f $file && /usr/bin/msgfmt -o $file crh.po
file=`echo cs | sed 's,.*/,,'`.gmo \
  && rm -f $file && /usr/bin/msgfmt -o $file cs.po
file=`echo csb | sed 's,.*/,,'`.gmo \
  && rm -f $file && /usr/bin/msgfmt -o $file csb.po
file=`echo cy | sed 's,.*/,,'`.gmo \
  && rm -f $file && /usr/bin/msgfmt -o $file cy.po
file=`echo da | sed 's,.*/,,'`.gmo \
  && rm -f $file && /usr/bin/msgfmt -o $file da.po
file=`echo de | sed 's,.*/,,'`.gmo \
  && rm -f $file && /usr/bin/msgfmt -o $file de.po
file=`echo dz | sed 's,.*/,,'`.gmo \
  && rm -f $file && /usr/bin/msgfmt -o $file dz.po
file=`echo el | sed 's,.*/,,'`.gmo \
  && rm -f $file && /usr/bin/msgfmt -o $file el.po
file=`echo en_CA | sed 's,.*/,,'`.gmo \
  && rm -f $file && /usr/bin/msgfmt -o $file en_CA.po
file=`echo en_GB | sed 's,.*/,,'`.gmo \
  && rm -f $file && /usr/bin/msgfmt -o $file en_GB.po
file=`echo en@shaw | sed 's,.*/,,'`.gmo \
  && rm -f $file && /usr/bin/msgfmt -o $file en@shaw.po
file=`echo eo | sed 's,.*/,,'`.gmo \
  && rm -f $file && /usr/bin/msgfmt -o $file eo.po
file=`echo es | sed 's,.*/,,'`.gmo \
  && rm -f $file && /usr/bin/msgfmt -o $file es.po
file=`echo et | sed 's,.*/,,'`.gmo \
  && rm -f $file && /usr/bin/msgfmt -o $file et.po
file=`echo eu | sed 's,.*/,,'`.gmo \
  && rm -f $file && /usr/bin/msgfmt -o $file eu.po
file=`echo fa | sed 's,.*/,,'`.gmo \
  && rm -f $file && /usr/bin/msgfmt -o $file fa.po
file=`echo fi | sed 's,.*/,,'`.gmo \
  && rm -f $file && /usr/bin/msgfmt -o $file fi.po
file=`echo fr | sed 's,.*/,,'`.gmo \
  && rm -f $file && /usr/bin/msgfmt -o $file fr.po
file=`echo fur | sed 's,.*/,,'`.gmo \
  && rm -f $file && /usr/bin/msgfmt -o $file fur.po
file=`echo fy | sed 's,.*/,,'`.gmo \
  && rm -f $file && /usr/bin/msgfmt -o $file fy.po
file=`echo ga | sed 's,.*/,,'`.gmo \
  && rm -f $file && /usr/bin/msgfmt -o $file ga.po
file=`echo gd | sed 's,.*/,,'`.gmo \
  && rm -f $file && /usr/bin/msgfmt -o $file gd.po
file=`echo gl | sed 's,.*/,,'`.gmo \
  && rm -f $file && /usr/bin/msgfmt -o $file gl.po
file=`echo gu | sed 's,.*/,,'`.gmo \
  && rm -f $file && /usr/bin/msgfmt -o $file gu.po
file=`echo he | sed 's,.*/,,'`.gmo \
  && rm -f $file && /usr/bin/msgfmt -o $file he.po
file=`echo hi | sed 's,.*/,,'`.gmo \
  && rm -f $file && /usr/bin/msgfmt -o $file hi.po
file=`echo hr | sed 's,.*/,,'`.gmo \
  && rm -f $file && /usr/bin/msgfmt -o $file hr.po
file=`echo hu | sed 's,.*/,,'`.gmo \
  && rm -f $file && /usr/bin/msgfmt -o $file hu.po
file=`echo id | sed 's,.*/,,'`.gmo \
  && rm -f $file && /usr/bin/msgfmt -o $file id.po
file=`echo is | sed 's,.*/,,'`.gmo \
  && rm -f $file && /usr/bin/msgfmt -o $file is.po
file=`echo it | sed 's,.*/,,'`.gmo \
  && rm -f $file && /usr/bin/msgfmt -o $file it.po
file=`echo ja | sed 's,.*/,,'`.gmo \
  && rm -f $file && /usr/bin/msgfmt -o $file ja.po
file=`echo ka | sed 's,.*/,,'`.gmo \
  && rm -f $file && /usr/bin/msgfmt -o $file ka.po
file=`echo kk | sed 's,.*/,,'`.gmo \
  && rm -f $file && /usr/bin/msgfmt -o $file kk.po
file=`echo km | sed 's,.*/,,'`.gmo \
  && rm -f $file && /usr/bin/msgfmt -o $file km.po
file=`echo kn | sed 's,.*/,,'`.gmo \
  && rm -f $file && /usr/bin/msgfmt -o $file kn.po
file=`echo ko | sed 's,.*/,,'`.gmo \
  && rm -f $file && /usr/bin/msgfmt -o $file ko.po
file=`echo ku | sed 's,.*/,,'`.gmo \
  && rm -f $file && /usr/bin/msgfmt -o $file ku.po
file=`echo li | sed 's,.*/,,'`.gmo \
  && rm -f $file && /usr/bin/msgfmt -o $file li.po
file=`echo lt | sed 's,.*/,,'`.gmo \
  && rm -f $file && /usr/bin/msgfmt -o $file lt.po
file=`echo lv | sed 's,.*/,,'`.gmo \
  && rm -f $file && /usr/bin/msgfmt -o $file lv.po
file=`echo mai | sed 's,.*/,,'`.gmo \
  && rm -f $file && /usr/bin/msgfmt -o $file mai.po
file=`echo mg | sed 's,.*/,,'`.gmo \
  && rm -f $file && /usr/bin/msgfmt -o $file mg.po
file=`echo mk | sed 's,.*/,,'`.gmo \
  && rm -f $file && /usr/bin/msgfmt -o $file mk.po
file=`echo ml | sed 's,.*/,,'`.gmo \
  && rm -f $file && /usr/bin/msgfmt -o $file ml.po
file=`echo mn | sed 's,.*/,,'`.gmo \
  && rm -f $file && /usr/bin/msgfmt -o $file mn.po
file=`echo mr | sed 's,.*/,,'`.gmo \
  && rm -f $file && /usr/bin/msgfmt -o $file mr.po
file=`echo ms | sed 's,.*/,,'`.gmo \
  && rm -f $file && /usr/bin/msgfmt -o $file ms.po
file=`echo nb | sed 's,.*/,,'`.gmo \
  && rm -f $file && /usr/bin/msgfmt -o $file nb.po
file=`echo nds | sed 's,.*/,,'`.gmo \
  && rm -f $file && /usr/bin/msgfmt -o $file nds.po
file=`echo ne | sed 's,.*/,,'`.gmo \
  && rm -f $file && /usr/bin/msgfmt -o $file ne.po
file=`echo nhn | sed 's,.*/,,'`.gmo \
  && rm -f $file && /usr/bin/msgfmt -o $file nhn.po
file=`echo nl | sed 's,.*/,,'`.gmo \
  && rm -f $file && /usr/bin/msgfmt -o $file nl.po
file=`echo nn | sed 's,.*/,,'`.gmo \
  && rm -f $file && /usr/bin/msgfmt -o $file nn.po
file=`echo oc | sed 's,.*/,,'`.gmo \
  && rm -f $file && /usr/bin/msgfmt -o $file oc.po
file=`echo or | sed 's,.*/,,'`.gmo \
  && rm -f $file && /usr/bin/msgfmt -o $file or.po
file=`echo pa | sed 's,.*/,,'`.gmo \
  && rm -f $file && /usr/bin/msgfmt -o $file pa.po
file=`echo pl | sed 's,.*/,,'`.gmo \
  && rm -f $file && /usr/bin/msgfmt -o $file pl.po
file=`echo ps | sed 's,.*/,,'`.gmo \
  && rm -f $file && /usr/bin/msgfmt -o $file ps.po
file=`echo pt | sed 's,.*/,,'`.gmo \
  && rm -f $file && /usr/bin/msgfmt -o $file pt.po
file=`echo pt_BR | sed 's,.*/,,'`.gmo \
  && rm -f $file && /usr/bin/msgfmt -o $file pt_BR.po
file=`echo ro | sed 's,.*/,,'`.gmo \
  && rm -f $file && /usr/bin/msgfmt -o $file ro.po
file=`echo ru | sed 's,.*/,,'`.gmo \
  && rm -f $file && /usr/bin/msgfmt -o $file ru.po
file=`echo rw | sed 's,.*/,,'`.gmo \
  && rm -f $file && /usr/bin/msgfmt -o $file rw.po
file=`echo si | sed 's,.*/,,'`.gmo \
  && rm -f $file && /usr/bin/msgfmt -o $file si.po
file=`echo sk | sed 's,.*/,,'`.gmo \
  && rm -f $file && /usr/bin/msgfmt -o $file sk.po
file=`echo sl | sed 's,.*/,,'`.gmo \
  && rm -f $file && /usr/bin/msgfmt -o $file sl.po
file=`echo sq | sed 's,.*/,,'`.gmo \
  && rm -f $file && /usr/bin/msgfmt -o $file sq.po
file=`echo sr | sed 's,.*/,,'`.gmo \
  && rm -f $file && /usr/bin/msgfmt -o $file sr.po
file=`echo sr@latin | sed 's,.*/,,'`.gmo \
  && rm -f $file && /usr/bin/msgfmt -o $file sr@latin.po
file=`echo sv | sed 's,.*/,,'`.gmo \
  && rm -f $file && /usr/bin/msgfmt -o $file sv.po
file=`echo ta | sed 's,.*/,,'`.gmo \
  && rm -f $file && /usr/bin/msgfmt -o $file ta.po
file=`echo te | sed 's,.*/,,'`.gmo \
  && rm -f $file && /usr/bin/msgfmt -o $file te.po
file=`echo tg | sed 's,.*/,,'`.gmo \
  && rm -f $file && /usr/bin/msgfmt -o $file tg.po
file=`echo th | sed 's,.*/,,'`.gmo \
  && rm -f $file && /usr/bin/msgfmt -o $file th.po
file=`echo tk | sed 's,.*/,,'`.gmo \
  && rm -f $file && /usr/bin/msgfmt -o $file tk.po
file=`echo tr | sed 's,.*/,,'`.gmo \
  && rm -f $file && /usr/bin/msgfmt -o $file tr.po
file=`echo ug | sed 's,.*/,,'`.gmo \
  && rm -f $file && /usr/bin/msgfmt -o $file ug.po
file=`echo uk | sed 's,.*/,,'`.gmo \
  && rm -f $file && /usr/bin/msgfmt -o $file uk.po
file=`echo uz | sed 's,.*/,,'`.gmo \
  && rm -f $file && /usr/bin/msgfmt -o $file uz.po
file=`echo uz@cyrillic | sed 's,.*/,,'`.gmo \
  && rm -f $file && /usr/bin/msgfmt -o $file uz@cyrillic.po
file=`echo vi | sed 's,.*/,,'`.gmo \
  && rm -f $file && /usr/bin/msgfmt -o $file vi.po
file=`echo wa | sed 's,.*/,,'`.gmo \
  && rm -f $file && /usr/bin/msgfmt -o $file wa.po
file=`echo xh | sed 's,.*/,,'`.gmo \
  && rm -f $file && /usr/bin/msgfmt -o $file xh.po
file=`echo zh_CN | sed 's,.*/,,'`.gmo \
  && rm -f $file && /usr/bin/msgfmt -o $file zh_CN.po
file=`echo zh_HK | sed 's,.*/,,'`.gmo \
  && rm -f $file && /usr/bin/msgfmt -o $file zh_HK.po
file=`echo zh_TW | sed 's,.*/,,'`.gmo \
  && rm -f $file && /usr/bin/msgfmt -o $file zh_TW.po
make[1]: Leaving directory '/sources/7.9/gnome-icon-theme-3.12.0/po'
Making all in src
make[1]: Entering directory '/sources/7.9/gnome-icon-theme-3.12.0/src'
make[1]: Nothing to be done for 'all'.
make[1]: Leaving directory '/sources/7.9/gnome-icon-theme-3.12.0/src'
make[1]: Entering directory '/sources/7.9/gnome-icon-theme-3.12.0'
dirs="`echo ./gnome/8x8/emblems,./gnome/16x16/actions,./gnome/16x16/animations,./gnome/16x16/apps,./gnome/16x16/categories,./gnome/16x16/devices,./gnome/16x16/emblems,./gnome/16x16/emotes,./gnome/16x16/mimetypes,./gnome/16x16/places,./gnome/16x16/status,./gnome/22x22/actions,./gnome/22x22/animations,./gnome/22x22/apps,./gnome/22x22/categories,./gnome/22x22/devices,./gnome/22x22/emblems,./gnome/22x22/emotes,./gnome/22x22/mimetypes,./gnome/22x22/places,./gnome/22x22/status,./gnome/24x24/actions,./gnome/24x24/apps,./gnome/24x24/categories,./gnome/24x24/devices,./gnome/24x24/emblems,./gnome/24x24/emotes,./gnome/24x24/mimetypes,./gnome/24x24/places,./gnome/24x24/status,./gnome/32x32/actions,./gnome/32x32/animations,./gnome/32x32/apps,./gnome/32x32/categories,./gnome/32x32/devices,./gnome/32x32/emblems,./gnome/32x32/emotes,./gnome/32x32/mimetypes,./gnome/32x32/places,./gnome/32x32/status,./gnome/48x48/actions,./gnome/48x48/animations,./gnome/48x48/apps,./gnome/48x48/categories,./gnome/48x48/devices,./gnome/48x48/emblems,./gnome/48x48/emotes,./gnome/48x48/mimetypes,./gnome/48x48/places,./gnome/48x48/status,./gnome/256x256/actions,./gnome/256x256/apps,./gnome/256x256/categories,./gnome/256x256/devices,./gnome/256x256/emblems,./gnome/256x256/emotes,./gnome/256x256/mimetypes,./gnome/256x256/places,./gnome/256x256/status,scalable/actions,scalable/apps,scalable/devices,scalable/emblems,scalable/mimetypes,scalable/places,scalable/status,scalable/categories | sed -e 's#./gnome/##g'`"; \
sed -e "s|\@THEME_DIRS\@|$dirs|g" < index.theme.in.in > index.theme.in; \
for dir in `echo $dirs | sed -e "s/,/ /g"`; do \
	sizefull="`dirname $dir`"; \
	if test "$sizefull" = "scalable"; then \
		size="16"; \
	else \
		size="`echo $sizefull | sed -e 's/x.*$//g'`"; \
	fi; \
	context="`basename $dir`"; \
	echo "[$dir]" >> index.theme.in; \
	if test "$context" = "actions"; then \
		echo "Context=Actions" >> index.theme.in; \
	fi; \
	if test "$context" = "animations"; then \
		echo "Context=Animations" >> index.theme.in; \
	fi; \
	if test "$context" = "apps"; then \
		echo "Context=Applications" >> index.theme.in; \
	fi; \
	if test "$context" = "categories"; then \
		echo "Context=Categories" >> index.theme.in; \
	fi; \
	if test "$context" = "devices"; then \
		echo "Context=Devices" >> index.theme.in; \
	fi; \
	if test "$context" = "emblems"; then \
		echo "Context=Emblems" >> index.theme.in; \
	fi; \
	if test "$context" = "emotes"; then \
		echo "Context=Emotes" >> index.theme.in; \
	fi; \
	if test "$context" = "intl"; then \
		echo "Context=International" >> index.theme.in; \
	fi; \
	if test "$context" = "mimetypes"; then \
		echo "Context=MimeTypes" >> index.theme.in; \
	fi; \
	if test "$context" = "places"; then \
		echo "Context=Places" >> index.theme.in; \
	fi; \
	if test "$context" = "status"; then \
		echo "Context=Status" >> index.theme.in; \
	fi; \
	echo "Size=$size" >> index.theme.in; \
	if test "$sizefull" = "scalable"; then \
		echo "MinSize=8" >> index.theme.in; \
		echo "MaxSize=512" >> index.theme.in; \
		echo "Type=Scalable" >> index.theme.in; \
	elif test "$size" = "256"; then \
		echo "MinSize=56" >> index.theme.in; \
		echo "MaxSize=512" >> index.theme.in; \
		echo "Type=Scalable" >> index.theme.in; \
	else \
		echo "Type=Fixed" >> index.theme.in; \
	fi; \
	echo "" >> index.theme.in; \
done
LC_ALL=C /usr/bin/intltool-merge  -d -u -c ./po/.intltool-merge-cache ./po index.theme.in index.theme
Generating and caching the translation database
Merging translations into index.theme.
rm index.theme.in
make[1]: Leaving directory '/sources/7.9/gnome-icon-theme-3.12.0'
Making install in po
make[1]: Entering directory '/sources/7.9/gnome-icon-theme-3.12.0/po'
linguas="af am an ar as ast az be be@latin bg bn bn_IN br bs ca ca@valencia crh cs csb cy da de dz el en_CA en_GB en@shaw eo es et eu fa fi fr fur fy ga gd gl gu he hi hr hu id is it ja ka kk km kn ko ku li lt lv mai mg mk ml mn mr ms nb nds ne nhn nl nn oc or pa pl ps pt pt_BR ro ru rw si sk sl sq sr sr@latin sv ta te tg th tk tr ug uk uz uz@cyrillic vi wa xh zh_CN zh_HK zh_TW "; \
for lang in $linguas; do \
  dir=/usr/share/locale/$lang/LC_MESSAGES; \
  /bin/sh /sources/7.9/gnome-icon-theme-3.12.0/install-sh -d $dir; \
  if test -r $lang.gmo; then \
    /usr/bin/install -c -m 644 $lang.gmo $dir/gnome-icon-theme.mo; \
    echo "installing $lang.gmo as $dir/gnome-icon-theme.mo"; \
  else \
    /usr/bin/install -c -m 644 ./$lang.gmo $dir/gnome-icon-theme.mo; \
    echo "installing ./$lang.gmo as" \
	 "$dir/gnome-icon-theme.mo"; \
  fi; \
  if test -r $lang.gmo.m; then \
    /usr/bin/install -c -m 644 $lang.gmo.m $dir/gnome-icon-theme.mo.m; \
    echo "installing $lang.gmo.m as $dir/gnome-icon-theme.mo.m"; \
  else \
    if test -r ./$lang.gmo.m ; then \
      /usr/bin/install -c -m 644 ./$lang.gmo.m \
	$dir/gnome-icon-theme.mo.m; \
      echo "installing ./$lang.gmo.m as" \
	   "$dir/gnome-icon-theme.mo.m"; \
    else \
      true; \
    fi; \
  fi; \
done
installing af.gmo as /usr/share/locale/af/LC_MESSAGES/gnome-icon-theme.mo
installing am.gmo as /usr/share/locale/am/LC_MESSAGES/gnome-icon-theme.mo
installing an.gmo as /usr/share/locale/an/LC_MESSAGES/gnome-icon-theme.mo
installing ar.gmo as /usr/share/locale/ar/LC_MESSAGES/gnome-icon-theme.mo
installing as.gmo as /usr/share/locale/as/LC_MESSAGES/gnome-icon-theme.mo
installing ast.gmo as /usr/share/locale/ast/LC_MESSAGES/gnome-icon-theme.mo
installing az.gmo as /usr/share/locale/az/LC_MESSAGES/gnome-icon-theme.mo
installing be.gmo as /usr/share/locale/be/LC_MESSAGES/gnome-icon-theme.mo
installing be@latin.gmo as /usr/share/locale/be@latin/LC_MESSAGES/gnome-icon-theme.mo
installing bg.gmo as /usr/share/locale/bg/LC_MESSAGES/gnome-icon-theme.mo
installing bn.gmo as /usr/share/locale/bn/LC_MESSAGES/gnome-icon-theme.mo
installing bn_IN.gmo as /usr/share/locale/bn_IN/LC_MESSAGES/gnome-icon-theme.mo
installing br.gmo as /usr/share/locale/br/LC_MESSAGES/gnome-icon-theme.mo
installing bs.gmo as /usr/share/locale/bs/LC_MESSAGES/gnome-icon-theme.mo
installing ca.gmo as /usr/share/locale/ca/LC_MESSAGES/gnome-icon-theme.mo
installing ca@valencia.gmo as /usr/share/locale/ca@valencia/LC_MESSAGES/gnome-icon-theme.mo
installing crh.gmo as /usr/share/locale/crh/LC_MESSAGES/gnome-icon-theme.mo
installing cs.gmo as /usr/share/locale/cs/LC_MESSAGES/gnome-icon-theme.mo
installing csb.gmo as /usr/share/locale/csb/LC_MESSAGES/gnome-icon-theme.mo
installing cy.gmo as /usr/share/locale/cy/LC_MESSAGES/gnome-icon-theme.mo
installing da.gmo as /usr/share/locale/da/LC_MESSAGES/gnome-icon-theme.mo
installing de.gmo as /usr/share/locale/de/LC_MESSAGES/gnome-icon-theme.mo
installing dz.gmo as /usr/share/locale/dz/LC_MESSAGES/gnome-icon-theme.mo
installing el.gmo as /usr/share/locale/el/LC_MESSAGES/gnome-icon-theme.mo
installing en_CA.gmo as /usr/share/locale/en_CA/LC_MESSAGES/gnome-icon-theme.mo
installing en_GB.gmo as /usr/share/locale/en_GB/LC_MESSAGES/gnome-icon-theme.mo
installing en@shaw.gmo as /usr/share/locale/en@shaw/LC_MESSAGES/gnome-icon-theme.mo
installing eo.gmo as /usr/share/locale/eo/LC_MESSAGES/gnome-icon-theme.mo
installing es.gmo as /usr/share/locale/es/LC_MESSAGES/gnome-icon-theme.mo
installing et.gmo as /usr/share/locale/et/LC_MESSAGES/gnome-icon-theme.mo
installing eu.gmo as /usr/share/locale/eu/LC_MESSAGES/gnome-icon-theme.mo
installing fa.gmo as /usr/share/locale/fa/LC_MESSAGES/gnome-icon-theme.mo
installing fi.gmo as /usr/share/locale/fi/LC_MESSAGES/gnome-icon-theme.mo
installing fr.gmo as /usr/share/locale/fr/LC_MESSAGES/gnome-icon-theme.mo
installing fur.gmo as /usr/share/locale/fur/LC_MESSAGES/gnome-icon-theme.mo
installing fy.gmo as /usr/share/locale/fy/LC_MESSAGES/gnome-icon-theme.mo
installing ga.gmo as /usr/share/locale/ga/LC_MESSAGES/gnome-icon-theme.mo
installing gd.gmo as /usr/share/locale/gd/LC_MESSAGES/gnome-icon-theme.mo
installing gl.gmo as /usr/share/locale/gl/LC_MESSAGES/gnome-icon-theme.mo
installing gu.gmo as /usr/share/locale/gu/LC_MESSAGES/gnome-icon-theme.mo
installing he.gmo as /usr/share/locale/he/LC_MESSAGES/gnome-icon-theme.mo
installing hi.gmo as /usr/share/locale/hi/LC_MESSAGES/gnome-icon-theme.mo
installing hr.gmo as /usr/share/locale/hr/LC_MESSAGES/gnome-icon-theme.mo
installing hu.gmo as /usr/share/locale/hu/LC_MESSAGES/gnome-icon-theme.mo
installing id.gmo as /usr/share/locale/id/LC_MESSAGES/gnome-icon-theme.mo
installing is.gmo as /usr/share/locale/is/LC_MESSAGES/gnome-icon-theme.mo
installing it.gmo as /usr/share/locale/it/LC_MESSAGES/gnome-icon-theme.mo
installing ja.gmo as /usr/share/locale/ja/LC_MESSAGES/gnome-icon-theme.mo
installing ka.gmo as /usr/share/locale/ka/LC_MESSAGES/gnome-icon-theme.mo
installing kk.gmo as /usr/share/locale/kk/LC_MESSAGES/gnome-icon-theme.mo
installing km.gmo as /usr/share/locale/km/LC_MESSAGES/gnome-icon-theme.mo
installing kn.gmo as /usr/share/locale/kn/LC_MESSAGES/gnome-icon-theme.mo
installing ko.gmo as /usr/share/locale/ko/LC_MESSAGES/gnome-icon-theme.mo
installing ku.gmo as /usr/share/locale/ku/LC_MESSAGES/gnome-icon-theme.mo
installing li.gmo as /usr/share/locale/li/LC_MESSAGES/gnome-icon-theme.mo
installing lt.gmo as /usr/share/locale/lt/LC_MESSAGES/gnome-icon-theme.mo
installing lv.gmo as /usr/share/locale/lv/LC_MESSAGES/gnome-icon-theme.mo
installing mai.gmo as /usr/share/locale/mai/LC_MESSAGES/gnome-icon-theme.mo
installing mg.gmo as /usr/share/locale/mg/LC_MESSAGES/gnome-icon-theme.mo
installing mk.gmo as /usr/share/locale/mk/LC_MESSAGES/gnome-icon-theme.mo
installing ml.gmo as /usr/share/locale/ml/LC_MESSAGES/gnome-icon-theme.mo
installing mn.gmo as /usr/share/locale/mn/LC_MESSAGES/gnome-icon-theme.mo
installing mr.gmo as /usr/share/locale/mr/LC_MESSAGES/gnome-icon-theme.mo
installing ms.gmo as /usr/share/locale/ms/LC_MESSAGES/gnome-icon-theme.mo
installing nb.gmo as /usr/share/locale/nb/LC_MESSAGES/gnome-icon-theme.mo
installing nds.gmo as /usr/share/locale/nds/LC_MESSAGES/gnome-icon-theme.mo
installing ne.gmo as /usr/share/locale/ne/LC_MESSAGES/gnome-icon-theme.mo
installing nhn.gmo as /usr/share/locale/nhn/LC_MESSAGES/gnome-icon-theme.mo
installing nl.gmo as /usr/share/locale/nl/LC_MESSAGES/gnome-icon-theme.mo
installing nn.gmo as /usr/share/locale/nn/LC_MESSAGES/gnome-icon-theme.mo
installing oc.gmo as /usr/share/locale/oc/LC_MESSAGES/gnome-icon-theme.mo
installing or.gmo as /usr/share/locale/or/LC_MESSAGES/gnome-icon-theme.mo
installing pa.gmo as /usr/share/locale/pa/LC_MESSAGES/gnome-icon-theme.mo
installing pl.gmo as /usr/share/locale/pl/LC_MESSAGES/gnome-icon-theme.mo
installing ps.gmo as /usr/share/locale/ps/LC_MESSAGES/gnome-icon-theme.mo
installing pt.gmo as /usr/share/locale/pt/LC_MESSAGES/gnome-icon-theme.mo
installing pt_BR.gmo as /usr/share/locale/pt_BR/LC_MESSAGES/gnome-icon-theme.mo
installing ro.gmo as /usr/share/locale/ro/LC_MESSAGES/gnome-icon-theme.mo
installing ru.gmo as /usr/share/locale/ru/LC_MESSAGES/gnome-icon-theme.mo
installing rw.gmo as /usr/share/locale/rw/LC_MESSAGES/gnome-icon-theme.mo
installing si.gmo as /usr/share/locale/si/LC_MESSAGES/gnome-icon-theme.mo
installing sk.gmo as /usr/share/locale/sk/LC_MESSAGES/gnome-icon-theme.mo
installing sl.gmo as /usr/share/locale/sl/LC_MESSAGES/gnome-icon-theme.mo
installing sq.gmo as /usr/share/locale/sq/LC_MESSAGES/gnome-icon-theme.mo
installing sr.gmo as /usr/share/locale/sr/LC_MESSAGES/gnome-icon-theme.mo
installing sr@latin.gmo as /usr/share/locale/sr@latin/LC_MESSAGES/gnome-icon-theme.mo
installing sv.gmo as /usr/share/locale/sv/LC_MESSAGES/gnome-icon-theme.mo
installing ta.gmo as /usr/share/locale/ta/LC_MESSAGES/gnome-icon-theme.mo
installing te.gmo as /usr/share/locale/te/LC_MESSAGES/gnome-icon-theme.mo
installing tg.gmo as /usr/share/locale/tg/LC_MESSAGES/gnome-icon-theme.mo
installing th.gmo as /usr/share/locale/th/LC_MESSAGES/gnome-icon-theme.mo
installing tk.gmo as /usr/share/locale/tk/LC_MESSAGES/gnome-icon-theme.mo
installing tr.gmo as /usr/share/locale/tr/LC_MESSAGES/gnome-icon-theme.mo
installing ug.gmo as /usr/share/locale/ug/LC_MESSAGES/gnome-icon-theme.mo
installing uk.gmo as /usr/share/locale/uk/LC_MESSAGES/gnome-icon-theme.mo
installing uz.gmo as /usr/share/locale/uz/LC_MESSAGES/gnome-icon-theme.mo
installing uz@cyrillic.gmo as /usr/share/locale/uz@cyrillic/LC_MESSAGES/gnome-icon-theme.mo
installing vi.gmo as /usr/share/locale/vi/LC_MESSAGES/gnome-icon-theme.mo
installing wa.gmo as /usr/share/locale/wa/LC_MESSAGES/gnome-icon-theme.mo
installing xh.gmo as /usr/share/locale/xh/LC_MESSAGES/gnome-icon-theme.mo
installing zh_CN.gmo as /usr/share/locale/zh_CN/LC_MESSAGES/gnome-icon-theme.mo
installing zh_HK.gmo as /usr/share/locale/zh_HK/LC_MESSAGES/gnome-icon-theme.mo
installing zh_TW.gmo as /usr/share/locale/zh_TW/LC_MESSAGES/gnome-icon-theme.mo
make[1]: Leaving directory '/sources/7.9/gnome-icon-theme-3.12.0/po'
Making install in src
make[1]: Entering directory '/sources/7.9/gnome-icon-theme-3.12.0/src'
make[2]: Entering directory '/sources/7.9/gnome-icon-theme-3.12.0/src'
make[2]: Nothing to be done for 'install-exec-am'.
for size in 8x8 16x16 22x22 24x24 32x32 48x48 256x256; do \
	echo -e "Going to copy files for $size"; \
	for file in `cd ../gnome/$size && find . -name "*.png"`; do \
		context="`dirname $file`"; \
		/bin/mkdir -p /usr/share/icons/gnome/$size/$context; \
		/bin/sh /sources/7.9/gnome-icon-theme-3.12.0/install-sh -c -m 644 ../gnome/$size/$file /usr/share/icons/gnome/$size/$file; \
	done; \
done; \
if [ /usr/libexec/icon-name-mapping != "false" ]; then \
	cd /usr/share/icons/gnome; \
	for size in 8x8 16x16 22x22 24x24 32x32 48x48 256x256; do \
		cd $size || continue; \
		echo -e "Going to set up icon mapping for $size"; \
		for dir in `find . -type d`; do \
			context="`echo $dir | cut -c 3-`"; \
			if [ $context ]; then \
				/usr/libexec/icon-name-mapping -c $context; \
			fi; \
		done; \
		cd ..; \
	done; \
fi
Going to copy files for 8x8
Going to copy files for 16x16
Going to copy files for 22x22
Going to copy files for 24x24
Going to copy files for 32x32
Going to copy files for 48x48
Going to copy files for 256x256
Going to set up icon mapping for 8x8
Setting up icon mapping for: emblems
Going to set up icon mapping for 16x16
Setting up icon mapping for: places
Setting up icon mapping for: status
Setting up icon mapping for: apps
Setting up icon mapping for: categories
Setting up icon mapping for: emblems
Setting up icon mapping for: devices
Setting up icon mapping for: actions
Setting up icon mapping for: mimetypes
Setting up icon mapping for: animations
Setting up icon mapping for: emotes
Going to set up icon mapping for 22x22
Setting up icon mapping for: places
Setting up icon mapping for: status
Setting up icon mapping for: apps
Setting up icon mapping for: categories
Setting up icon mapping for: emblems
Setting up icon mapping for: devices
Setting up icon mapping for: actions
Setting up icon mapping for: mimetypes
Setting up icon mapping for: animations
Setting up icon mapping for: emotes
Going to set up icon mapping for 24x24
Setting up icon mapping for: places
Setting up icon mapping for: status
Setting up icon mapping for: apps
Setting up icon mapping for: categories
Setting up icon mapping for: emblems
Setting up icon mapping for: devices
Setting up icon mapping for: actions
Setting up icon mapping for: mimetypes
Setting up icon mapping for: emotes
Going to set up icon mapping for 32x32
Setting up icon mapping for: places
Setting up icon mapping for: status
Setting up icon mapping for: apps
Setting up icon mapping for: categories
Setting up icon mapping for: emblems
Setting up icon mapping for: devices
Setting up icon mapping for: actions
Setting up icon mapping for: mimetypes
Setting up icon mapping for: animations
Setting up icon mapping for: emotes
Going to set up icon mapping for 48x48
Setting up icon mapping for: places
Setting up icon mapping for: status
Setting up icon mapping for: apps
Setting up icon mapping for: categories
Setting up icon mapping for: emblems
Setting up icon mapping for: devices
Setting up icon mapping for: actions
Setting up icon mapping for: mimetypes
Setting up icon mapping for: animations
Setting up icon mapping for: emotes
Going to set up icon mapping for 256x256
Setting up icon mapping for: places
Setting up icon mapping for: status
Setting up icon mapping for: apps
Setting up icon mapping for: categories
Setting up icon mapping for: emblems
Setting up icon mapping for: devices
Setting up icon mapping for: actions
Setting up icon mapping for: mimetypes
Setting up icon mapping for: emotes
make[2]: Leaving directory '/sources/7.9/gnome-icon-theme-3.12.0/src'
make[1]: Leaving directory '/sources/7.9/gnome-icon-theme-3.12.0/src'
make[1]: Entering directory '/sources/7.9/gnome-icon-theme-3.12.0'
make[2]: Entering directory '/sources/7.9/gnome-icon-theme-3.12.0'
make[2]: Nothing to be done for 'install-exec-am'.
make -C po uninstall
make[3]: Entering directory '/sources/7.9/gnome-icon-theme-3.12.0/po'
linguas="af am an ar as ast az be be@latin bg bn bn_IN br bs ca ca@valencia crh cs csb cy da de dz el en_CA en_GB en@shaw eo es et eu fa fi fr fur fy ga gd gl gu he hi hr hu id is it ja ka kk km kn ko ku li lt lv mai mg mk ml mn mr ms nb nds ne nhn nl nn oc or pa pl ps pt pt_BR ro ru rw si sk sl sq sr sr@latin sv ta te tg th tk tr ug uk uz uz@cyrillic vi wa xh zh_CN zh_HK zh_TW "; \
for lang in $linguas; do \
  rm -f /usr/share/locale/$lang/LC_MESSAGES/gnome-icon-theme.mo; \
  rm -f /usr/share/locale/$lang/LC_MESSAGES/gnome-icon-theme.mo.m; \
done
make[3]: Leaving directory '/sources/7.9/gnome-icon-theme-3.12.0/po'
if [ -h /usr/share/icons/gnome ]; then \
	rm -f /usr/share/icons/gnome; \
fi
if [ -d /usr/share/icons/gnome ]; then \
	touch /usr/share/icons/gnome; \
fi
 /bin/mkdir -p '/usr/share/pkgconfig'
 /usr/bin/install -c -m 644 gnome-icon-theme.pc '/usr/share/pkgconfig'
 /bin/mkdir -p '/usr/share/icons/gnome'
 /usr/bin/install -c -m 644 index.theme '/usr/share/icons/gnome'
make  install-data-hook
make[3]: Entering directory '/sources/7.9/gnome-icon-theme-3.12.0'
if test -z "" ; then \
	/usr/bin/gtk-update-icon-cache -q /usr/share/icons/gnome; \
fi
make[3]: Leaving directory '/sources/7.9/gnome-icon-theme-3.12.0'
make[2]: Leaving directory '/sources/7.9/gnome-icon-theme-3.12.0'
make[1]: Leaving directory '/sources/7.9/gnome-icon-theme-3.12.0'
