--2016-06-10 22:38:40--  http://ftp.gnome.org/pub/gnome/sources/vala/0.28/vala-0.28.1.tar.xz
Resolving ftp.gnome.org... 130.239.18.165, 130.239.18.173, 2001:6b0:e:2018::165, ...
Connecting to ftp.gnome.org|130.239.18.165|:80... connected.
HTTP request sent, awaiting response... 200 OK
Length: 2721228 (2.6M) [application/x-xz]
Saving to: 'vala-0.28.1.tar.xz'

     0K .......... .......... .......... .......... ..........  1%  308K 8s
    50K .......... .......... .......... .......... ..........  3%  619K 6s
   100K .......... .......... .......... .......... ..........  5% 2.79M 4s
   150K .......... .......... .......... .......... ..........  7%  754K 4s
   200K .......... .......... .......... .......... ..........  9% 1.13M 4s
   250K .......... .......... .......... .......... .......... 11% 1.28M 3s
   300K .......... .......... .......... .......... .......... 13% 1.19M 3s
   350K .......... .......... .......... .......... .......... 15% 1.02M 3s
   400K .......... .......... .......... .......... .......... 16% 1.62M 3s
   450K .......... .......... .......... .......... .......... 18% 1.43M 2s
   500K .......... .......... .......... .......... .......... 20% 1.56M 2s
   550K .......... .......... .......... .......... .......... 22% 1.17M 2s
   600K .......... .......... .......... .......... .......... 24% 1.25M 2s
   650K .......... .......... .......... .......... .......... 26% 1.73M 2s
   700K .......... .......... .......... .......... .......... 28% 1.37M 2s
   750K .......... .......... .......... .......... .......... 30% 1.74M 2s
   800K .......... .......... .......... .......... .......... 31% 1.77M 2s
   850K .......... .......... .......... .......... .......... 33% 1.18M 2s
   900K .......... .......... .......... .......... .......... 35% 1.79M 2s
   950K .......... .......... .......... .......... .......... 37% 1.65M 1s
  1000K .......... .......... .......... .......... .......... 39% 1.57M 1s
  1050K .......... .......... .......... .......... .......... 41% 1.96M 1s
  1100K .......... .......... .......... .......... .......... 43% 1.48M 1s
  1150K .......... .......... .......... .......... .......... 45% 1.35M 1s
  1200K .......... .......... .......... .......... .......... 47%  444K 1s
  1250K .......... .......... .......... .......... .......... 48%  133M 1s
  1300K .......... .......... .......... .......... .......... 50%  128M 1s
  1350K .......... .......... .......... .......... .......... 52%  694K 1s
  1400K .......... .......... .......... .......... .......... 54%  125M 1s
  1450K .......... .......... .......... .......... .......... 56% 3.22M 1s
  1500K .......... .......... .......... .......... .......... 58% 1.30M 1s
  1550K .......... .......... .......... .......... .......... 60% 1.12M 1s
  1600K .......... .......... .......... .......... .......... 62% 1.58M 1s
  1650K .......... .......... .......... .......... .......... 63%  962K 1s
  1700K .......... .......... .......... .......... .......... 65% 2.26M 1s
  1750K .......... .......... .......... .......... .......... 67%  870K 1s
  1800K .......... .......... .......... .......... .......... 69% 1.55M 1s
  1850K .......... .......... .......... .......... .......... 71% 1.08M 1s
  1900K .......... .......... .......... .......... .......... 73% 1.81M 1s
  1950K .......... .......... .......... .......... .......... 75% 2.15M 1s
  2000K .......... .......... .......... .......... .......... 77%  931K 0s
  2050K .......... .......... .......... .......... .......... 79% 2.08M 0s
  2100K .......... .......... .......... .......... .......... 80% 1.01M 0s
  2150K .......... .......... .......... .......... .......... 82% 1.84M 0s
  2200K .......... .......... .......... .......... .......... 84% 1.24M 0s
  2250K .......... .......... .......... .......... .......... 86% 1.36M 0s
  2300K .......... .......... .......... .......... .......... 88% 2.14M 0s
  2350K .......... .......... .......... .......... .......... 90% 1.10M 0s
  2400K .......... .......... .......... .......... .......... 92% 1.41M 0s
  2450K .......... .......... .......... .......... .......... 94% 1.68M 0s
  2500K .......... .......... .......... .......... .......... 95% 1.13M 0s
  2550K .......... .......... .......... .......... .......... 97% 1.62M 0s
  2600K .......... .......... .......... .......... .......... 99% 1.15M 0s
  2650K .......                                               100% 96.7M=2.1s

2016-06-10 22:38:43 (1.26 MB/s) - 'vala-0.28.1.tar.xz' saved [2721228/2721228]

checking for a BSD-compatible install... /usr/bin/install -c
checking whether build environment is sane... yes
checking for a thread-safe mkdir -p... /bin/mkdir -p
checking for gawk... gawk
checking whether make sets $(MAKE)... yes
checking whether make supports nested variables... yes
checking whether to enable maintainer-specific portions of Makefiles... yes
checking for gcc... gcc
checking whether the C compiler works... yes
checking for C compiler default output file name... a.out
checking for suffix of executables... 
checking whether we are cross compiling... no
checking for suffix of object files... o
checking whether we are using the GNU C compiler... yes
checking whether gcc accepts -g... yes
checking for gcc option to accept ISO C89... none needed
checking whether gcc understands -c and -o together... yes
checking for style of include used by make... GNU
checking dependency style of gcc... gcc3
checking build system type... x86_64-unknown-linux-gnu
checking host system type... x86_64-unknown-linux-gnu
checking how to print strings... printf
checking for a sed that does not truncate output... /bin/sed
checking for grep that handles long lines and -e... /bin/grep
checking for egrep... /bin/grep -E
checking for fgrep... /bin/grep -F
checking for ld used by gcc... /usr/bin/ld
checking if the linker (/usr/bin/ld) is GNU ld... yes
checking for BSD- or MS-compatible name lister (nm)... /usr/bin/nm -B
checking the name lister (/usr/bin/nm -B) interface... BSD nm
checking whether ln -s works... yes
checking the maximum length of command line arguments... 1572864
checking how to convert x86_64-unknown-linux-gnu file names to x86_64-unknown-linux-gnu format... func_convert_file_noop
checking how to convert x86_64-unknown-linux-gnu file names to toolchain format... func_convert_file_noop
checking for /usr/bin/ld option to reload object files... -r
checking for objdump... objdump
checking how to recognize dependent libraries... pass_all
checking for dlltool... no
checking how to associate runtime and link libraries... printf %s\n
checking for ar... ar
checking for archiver @FILE support... @
checking for strip... strip
checking for ranlib... ranlib
checking command to parse /usr/bin/nm -B output from gcc object... ok
checking for sysroot... no
checking for a working dd... /bin/dd
checking how to truncate binary pipes... /bin/dd bs=4096 count=1
checking for mt... no
checking if : is a manifest tool... no
checking how to run the C preprocessor... gcc -E
checking for ANSI C header files... yes
checking for sys/types.h... yes
checking for sys/stat.h... yes
checking for stdlib.h... yes
checking for string.h... yes
checking for memory.h... yes
checking for strings.h... yes
checking for inttypes.h... yes
checking for stdint.h... yes
checking for unistd.h... yes
checking for dlfcn.h... yes
checking for objdir... .libs
checking if gcc supports -fno-rtti -fno-exceptions... no
checking for gcc option to produce PIC... -fPIC -DPIC
checking if gcc PIC flag -fPIC -DPIC works... yes
checking if gcc static flag -static works... yes
checking if gcc supports -c -o file.o... yes
checking if gcc supports -c -o file.o... (cached) yes
checking whether the gcc linker (/usr/bin/ld -m elf_x86_64) supports shared libraries... yes
checking whether -lc should be explicitly linked in... no
checking dynamic linker characteristics... GNU/Linux ld.so
checking how to hardcode library paths into programs... immediate
checking whether stripping libraries is possible... yes
checking if libtool supports shared libraries... yes
checking whether to build shared libraries... yes
checking whether to build static libraries... no
checking whether ln -s works... yes
checking for flex... flex
checking lex output file root... lex.yy
checking lex library... -lfl
checking whether yytext is a pointer... yes
checking for bison... bison -y
checking for valac... valac
checking for pkg-config... /usr/bin/pkg-config
checking pkg-config is at least version 0.9.0... yes
checking for GLIB... yes
checking for GMODULE... yes
checking for GTHREAD... yes
checking for xsltproc... :
checking whether make supports nested variables... (cached) yes
checking that generated files are newer than configure... done
configure: creating ./config.status
config.status: creating Makefile
config.status: creating libvala.pc
config.status: creating gee/Makefile
config.status: creating ccode/Makefile
config.status: creating vala/Makefile
config.status: creating codegen/Makefile
config.status: creating compiler/Makefile
config.status: creating vapi/Makefile
config.status: creating tests/Makefile
config.status: creating doc/Makefile
config.status: creating doc/vala/Makefile
config.status: creating gobject-introspection/Makefile
config.status: creating vapigen/vapigen.pc
config.status: creating vapigen/Makefile
config.status: creating vapigen/vala-gen-introspect/Makefile
config.status: creating vapigen/vala-gen-introspect/vala-gen-introspect
config.status: creating config.h
config.status: executing depfiles commands
config.status: executing libtool commands
echo '#define BUILD_VERSION "'`cat ./.version`'"' > version.h-t && mv version.h-t version.h
make  all-recursive
make[1]: Entering directory '/sources/7.9/vala-0.28.1'
Making all in gee
make[2]: Entering directory '/sources/7.9/vala-0.28.1/gee'
make  all-am
make[3]: Entering directory '/sources/7.9/vala-0.28.1/gee'
  CC       arraylist.lo
  CC       collection.lo
  CC       hashmap.lo
  CC       hashset.lo
  CC       iterable.lo
  CC       mapiterator.lo
  CC       iterator.lo
  CC       list.lo
  CC       map.lo
  CC       set.lo
  CCLD     libgee.la
make[3]: Leaving directory '/sources/7.9/vala-0.28.1/gee'
make[2]: Leaving directory '/sources/7.9/vala-0.28.1/gee'
Making all in ccode
make[2]: Entering directory '/sources/7.9/vala-0.28.1/ccode'
make  all-am
make[3]: Entering directory '/sources/7.9/vala-0.28.1/ccode'
  CC       valaccodeassignment.lo
  CC       valaccodebinaryexpression.lo
  CC       valaccodeblock.lo
  CC       valaccodebreakstatement.lo
  CC       valaccodecasestatement.lo
  CC       valaccodecastexpression.lo
  CC       valaccodecommaexpression.lo
  CC       valaccodecomment.lo
  CC       valaccodeconditionalexpression.lo
  CC       valaccodeconstant.lo
valaccodeconstant.c: In function 'vala_ccode_constant_construct_string':
valaccodeconstant.c:233:4: warning: assignment discards 'const' qualifier from pointer target type [-Wdiscarded-qualifiers]
  p = _tmp7_;
    ^
  CC       valaccodecontinuestatement.lo
  CC       valaccodedeclaration.lo
  CC       valaccodedeclarator.lo
  CC       valaccodedostatement.lo
  CC       valaccodeemptystatement.lo
  CC       valaccodeenum.lo
  CC       valaccodeenumvalue.lo
  CC       valaccodeexpression.lo
  CC       valaccodeexpressionstatement.lo
  CC       valaccodefile.lo
  CC       valaccodeforstatement.lo
  CC       valaccodefragment.lo
  CC       valaccodefunction.lo
  CC       valaccodefunctioncall.lo
  CC       valaccodefunctiondeclarator.lo
  CC       valaccodegotostatement.lo
  CC       valaccodeidentifier.lo
  CC       valaccodeifstatement.lo
  CC       valaccodeincludedirective.lo
  CC       valaccodeinitializerlist.lo
  CC       valaccodeinvalidexpression.lo
  CC       valaccodelabel.lo
  CC       valaccodelinedirective.lo
  CC       valaccodeifsection.lo
  CC       valaccodemacroreplacement.lo
  CC       valaccodememberaccess.lo
  CC       valaccodemodifiers.lo
  CC       valaccodenewline.lo
  CC       valaccodenode.lo
  CC       valaccodeoncesection.lo
  CC       valaccodeparameter.lo
  CC       valaccodeparenthesizedexpression.lo
  CC       valaccodereturnstatement.lo
  CC       valaccodestatement.lo
  CC       valaccodestruct.lo
  CC       valaccodeswitchstatement.lo
  CC       valaccodetypedefinition.lo
  CC       valaccodeunaryexpression.lo
  CC       valaccodevariabledeclarator.lo
  CC       valaccodewhilestatement.lo
  CC       valaccodewriter.lo
  CC       valaccodeelementaccess.lo
  CCLD     libvalaccode.la
make[3]: Leaving directory '/sources/7.9/vala-0.28.1/ccode'
make[2]: Leaving directory '/sources/7.9/vala-0.28.1/ccode'
Making all in vala
make[2]: Entering directory '/sources/7.9/vala-0.28.1/vala'
make  all-am
make[3]: Entering directory '/sources/7.9/vala-0.28.1/vala'
  CC       valaaddressofexpression.lo
  CC       valaarraycreationexpression.lo
  CC       valaarraylengthfield.lo
  CC       valaarraymovemethod.lo
  CC       valaarrayresizemethod.lo
  CC       valaarraytype.lo
  CC       valaassignment.lo
  CC       valaattribute.lo
  CC       valabaseaccess.lo
  CC       valabasicblock.lo
  CC       valabinaryexpression.lo
  CC       valablock.lo
  CC       valabooleanliteral.lo
  CC       valabooleantype.lo
  CC       valabreakstatement.lo
  CC       valacastexpression.lo
  CC       valacatchclause.lo
  CC       valacharacterliteral.lo
  CC       valaclass.lo
  CC       valaclasstype.lo
  CC       valacodecontext.lo
valacodecontext.c: In function 'vala_code_context_get':
valacodecontext.c:589:2: warning: 'g_static_private_get' is deprecated: Use 'g_private_get' instead [-Wdeprecated-declarations]
  _tmp0_ = g_static_private_get (&vala_code_context_context_stack_key);
  ^
In file included from /usr/include/glib-2.0/glib.h:107:0,
                 from valacodecontext.c:26:
/usr/include/glib-2.0/glib/deprecated/gthread.h:251:10: note: declared here
 gpointer g_static_private_get            (GStaticPrivate *private_key);
          ^
valacodecontext.c: In function 'vala_code_context_push':
valacodecontext.c:609:2: warning: 'g_static_private_get' is deprecated: Use 'g_private_get' instead [-Wdeprecated-declarations]
  _tmp0_ = g_static_private_get (&vala_code_context_context_stack_key);
  ^
In file included from /usr/include/glib-2.0/glib.h:107:0,
                 from valacodecontext.c:26:
/usr/include/glib-2.0/glib/deprecated/gthread.h:251:10: note: declared here
 gpointer g_static_private_get            (GStaticPrivate *private_key);
          ^
valacodecontext.c:620:3: warning: 'g_static_private_set' is deprecated: Use 'g_private_set' instead [-Wdeprecated-declarations]
   g_static_private_set (&vala_code_context_context_stack_key, _tmp4_, NULL);
   ^
In file included from /usr/include/glib-2.0/glib.h:107:0,
                 from valacodecontext.c:26:
/usr/include/glib-2.0/glib/deprecated/gthread.h:254:10: note: declared here
 void     g_static_private_set            (GStaticPrivate *private_key,
          ^
valacodecontext.c: In function 'vala_code_context_pop':
valacodecontext.c:636:2: warning: 'g_static_private_get' is deprecated: Use 'g_private_get' instead [-Wdeprecated-declarations]
  _tmp0_ = g_static_private_get (&vala_code_context_context_stack_key);
  ^
In file included from /usr/include/glib-2.0/glib.h:107:0,
                 from valacodecontext.c:26:
/usr/include/glib-2.0/glib/deprecated/gthread.h:251:10: note: declared here
 gpointer g_static_private_get            (GStaticPrivate *private_key);
          ^
In file included from /usr/include/glib-2.0/glib.h:79:0,
                 from valacodecontext.c:26:
valacodecontext.c: In function 'string_strip':
valacodecontext.c:894:14: warning: passing argument 1 of 'g_strchug' discards 'const' qualifier from pointer target type [-Wdiscarded-qualifiers]
  g_strstrip (_tmp1_);
              ^
/usr/include/glib-2.0/glib/gstrfuncs.h:180:53: note: in definition of macro 'g_strstrip'
 #define g_strstrip( string ) g_strchomp (g_strchug (string))
                                                     ^
/usr/include/glib-2.0/glib/gstrfuncs.h:175:23: note: expected 'gchar * {aka char *}' but argument is of type 'const gchar * {aka const char *}'
 gchar*                g_strchug        (gchar        *string);
                       ^
valacodecontext.c: In function 'vala_code_context_get_file_path':
valacodecontext.c:1598:20: warning: assignment from incompatible pointer type [-Wincompatible-pointer-types]
   _tmp10_ = _tmp9_ = g_get_system_data_dirs ();
                    ^
valacodecontext.c:1640:21: warning: assignment from incompatible pointer type [-Wincompatible-pointer-types]
   _tmp20_ = _tmp19_ = g_get_system_data_dirs ();
                     ^
valacodecontext.c: In function 'vala_code_context_class_init':
valacodecontext.c:3268:2: warning: 'g_static_private_init' is deprecated [-Wdeprecated-declarations]
  g_static_private_init (&vala_code_context_context_stack_key);
  ^
In file included from /usr/include/glib-2.0/glib.h:107:0,
                 from valacodecontext.c:26:
/usr/include/glib-2.0/glib/deprecated/gthread.h:248:10: note: declared here
 void     g_static_private_init           (GStaticPrivate *private_key);
          ^
  CC       valacodegenerator.lo
  CC       valacodenode.lo
  CC       valacodevisitor.lo
  CC       valacodewriter.lo
valacodewriter.c: In function '____lambda4_':
valacodewriter.c:7890:9: warning: assignment from incompatible pointer type [-Wincompatible-pointer-types]
  _tmp0_ = g_strcmp0;
         ^
valacodewriter.c: In function '___lambda5_':
valacodewriter.c:7922:9: warning: assignment from incompatible pointer type [-Wincompatible-pointer-types]
  _tmp0_ = g_strcmp0;
         ^
valacodewriter.c: In function 'vala_code_writer_write_attributes':
valacodewriter.c:8140:13: warning: assignment from incompatible pointer type [-Wincompatible-pointer-types]
     _tmp52_ = g_strcmp0;
             ^
valacodewriter.c:8174:12: warning: assignment from incompatible pointer type [-Wincompatible-pointer-types]
    _tmp64_ = g_strcmp0;
            ^
  CC       valacomment.lo
  CC       valagircomment.lo
  CC       valaconditionalexpression.lo
  CC       valaconstant.lo
  CC       valaconstructor.lo
  CC       valacontinuestatement.lo
  CC       valacreationmethod.lo
  CC       valadatatype.lo
  CC       valadeclarationstatement.lo
  CC       valadelegate.lo
  CC       valadelegatetype.lo
  CC       valadeletestatement.lo
  CC       valadestructor.lo
  CC       valadostatement.lo
  CC       valadynamicmethod.lo
  CC       valadynamicproperty.lo
  CC       valadynamicsignal.lo
  CC       valaelementaccess.lo
  CC       valaemptystatement.lo
  CC       valaenum.lo
  CC       valaenumvalue.lo
  CC       valaenumvaluetype.lo
  CC       valaerrorcode.lo
  CC       valaerrordomain.lo
  CC       valaerrortype.lo
  CC       valaexpression.lo
  CC       valaexpressionstatement.lo
  CC       valafield.lo
  CC       valafieldprototype.lo
  CC       valafloatingtype.lo
  CC       valaflowanalyzer.lo
  CC       valaforeachstatement.lo
  CC       valaforstatement.lo
  CC       valagirparser.lo
valagirparser.c: In function '_vala_gir_parser_unresolved_symbol_hash_ghash_func':
valagirparser.c:2495:51: warning: passing argument 1 of 'vala_gir_parser_unresolved_symbol_hash' discards 'const' qualifier from pointer target type [-Wdiscarded-qualifiers]
  result = vala_gir_parser_unresolved_symbol_hash (key);
                                                   ^
valagirparser.c:1883:14: note: expected 'void *' but argument is of type 'gconstpointer {aka const void *}'
 static guint vala_gir_parser_unresolved_symbol_hash (void* ptr);
              ^
valagirparser.c: In function '_vala_gir_parser_unresolved_symbol_equal_gequal_func':
valagirparser.c:2502:52: warning: passing argument 1 of 'vala_gir_parser_unresolved_symbol_equal' discards 'const' qualifier from pointer target type [-Wdiscarded-qualifiers]
  result = vala_gir_parser_unresolved_symbol_equal (a, b);
                                                    ^
valagirparser.c:1885:17: note: expected 'void *' but argument is of type 'gconstpointer {aka const void *}'
 static gboolean vala_gir_parser_unresolved_symbol_equal (void* ptr1, void* ptr2);
                 ^
valagirparser.c:2502:55: warning: passing argument 2 of 'vala_gir_parser_unresolved_symbol_equal' discards 'const' qualifier from pointer target type [-Wdiscarded-qualifiers]
  result = vala_gir_parser_unresolved_symbol_equal (a, b);
                                                       ^
valagirparser.c:1885:17: note: expected 'void *' but argument is of type 'gconstpointer {aka const void *}'
 static gboolean vala_gir_parser_unresolved_symbol_equal (void* ptr1, void* ptr2);
                 ^
  CC       valagenerictype.lo
  CC       valagenieparser.lo
  CC       valageniescanner.lo
  CC       valagenietokentype.lo
  CC       valaifstatement.lo
  CC       valainitializerlist.lo
  CC       valaintegerliteral.lo
  CC       valaintegertype.lo
  CC       valainterface.lo
  CC       valainterfacetype.lo
  CC       valainvalidtype.lo
  CC       valalambdaexpression.lo
  CC       valaliteral.lo
  CC       valalocalvariable.lo
  CC       valalockable.lo
  CC       valalockstatement.lo
  CC       valaloop.lo
  CC       valamarkupreader.lo
  CC       valamemberaccess.lo
  CC       valamemberinitializer.lo
  CC       valamethod.lo
  CC       valamethodcall.lo
  CC       valamethodtype.lo
  CC       valanamedargument.lo
  CC       valanamespace.lo
  CC       valanullliteral.lo
  CC       valanulltype.lo
  CC       valaobjectcreationexpression.lo
  CC       valaobjecttype.lo
  CC       valaobjecttypesymbol.lo
  CC       valaparameter.lo
  CC       valaparser.lo
  CC       valaphifunction.lo
  CC       valapointerindirection.lo
  CC       valapointertype.lo
  CC       valapostfixexpression.lo
  CC       valaprofile.lo
  CC       valapropertyaccessor.lo
  CC       valaproperty.lo
  CC       valarealliteral.lo
  CC       valareferencetransferexpression.lo
  CC       valareferencetype.lo
  CC       valaregexliteral.lo
  CC       valareport.lo
In file included from /usr/include/glib-2.0/glib.h:79:0,
                 from valareport.c:26:
valareport.c: In function 'vala_report_set_colors':
valareport.c:358:27: warning: passing argument 1 of 'g_strchug' discards 'const' qualifier from pointer target type [-Wdiscarded-qualifiers]
     _tmp17_ = g_strstrip (_tmp16_);
                           ^
/usr/include/glib-2.0/glib/gstrfuncs.h:180:53: note: in definition of macro 'g_strstrip'
 #define g_strstrip( string ) g_strchomp (g_strchug (string))
                                                     ^
/usr/include/glib-2.0/glib/gstrfuncs.h:175:23: note: expected 'gchar * {aka char *}' but argument is of type 'const gchar * {aka const char *}'
 gchar*                g_strchug        (gchar        *string);
                       ^
valareport.c:363:27: warning: passing argument 1 of 'g_strchug' discards 'const' qualifier from pointer target type [-Wdiscarded-qualifiers]
     _tmp20_ = g_strstrip (_tmp19_);
                           ^
/usr/include/glib-2.0/glib/gstrfuncs.h:180:53: note: in definition of macro 'g_strstrip'
 #define g_strstrip( string ) g_strchomp (g_strchug (string))
                                                     ^
/usr/include/glib-2.0/glib/gstrfuncs.h:175:23: note: expected 'gchar * {aka char *}' but argument is of type 'const gchar * {aka const char *}'
 gchar*                g_strchug        (gchar        *string);
                       ^
  CC       valareturnstatement.lo
  CC       valascanner.lo
  CC       valascope.lo
  CC       valasemanticanalyzer.lo
  CC       valasignal.lo
  CC       valasignaltype.lo
  CC       valasizeofexpression.lo
  CC       valasliceexpression.lo
  CC       valasourcefile.lo
  CC       valasourcelocation.lo
  CC       valasourcereference.lo
  CC       valastatement.lo
  CC       valastatementlist.lo
  CC       valastringliteral.lo
  CC       valastruct.lo
  CC       valastructvaluetype.lo
  CC       valasubroutine.lo
  CC       valaswitchlabel.lo
  CC       valaswitchsection.lo
  CC       valaswitchstatement.lo
  CC       valasymbol.lo
  CC       valasymbolresolver.lo
  CC       valatargetvalue.lo
  CC       valatemplate.lo
  CC       valathrowstatement.lo
  CC       valatokentype.lo
  CC       valatrystatement.lo
  CC       valatuple.lo
  CC       valatypecheck.lo
  CC       valatypeofexpression.lo
  CC       valatypeparameter.lo
  CC       valatypesymbol.lo
  CC       valaunaryexpression.lo
  CC       valaunlockstatement.lo
  CC       valaunresolvedsymbol.lo
  CC       valaunresolvedtype.lo
  CC       valausedattr.lo
  CC       valausingdirective.lo
  CC       valavaluetype.lo
  CC       valavariable.lo
  CC       valavoidtype.lo
  CC       valawhilestatement.lo
  CC       valayieldstatement.lo
  CCLD     libvalacore.la
make[3]: Leaving directory '/sources/7.9/vala-0.28.1/vala'
make[2]: Leaving directory '/sources/7.9/vala-0.28.1/vala'
Making all in codegen
make[2]: Entering directory '/sources/7.9/vala-0.28.1/codegen'
make  all-am
make[3]: Entering directory '/sources/7.9/vala-0.28.1/codegen'
  CC       valaccodearraymodule.lo
  CC       valaccodeassignmentmodule.lo
  CC       valaccodeattribute.lo
  CC       valaccodebasemodule.lo
  CC       valaccodecompiler.lo
In file included from /usr/include/glib-2.0/glib.h:79:0,
                 from valaccodecompiler.c:26:
valaccodecompiler.c: In function 'string_strip':
valaccodecompiler.c:181:14: warning: passing argument 1 of 'g_strchug' discards 'const' qualifier from pointer target type [-Wdiscarded-qualifiers]
  g_strstrip (_tmp1_);
              ^
/usr/include/glib-2.0/glib/gstrfuncs.h:180:53: note: in definition of macro 'g_strstrip'
 #define g_strstrip( string ) g_strchomp (g_strchug (string))
                                                     ^
/usr/include/glib-2.0/glib/gstrfuncs.h:175:23: note: expected 'gchar * {aka char *}' but argument is of type 'const gchar * {aka const char *}'
 gchar*                g_strchug        (gchar        *string);
                       ^
  CC       valaccodecontrolflowmodule.lo
  CC       valaccodedelegatemodule.lo
  CC       valaccodememberaccessmodule.lo
  CC       valaccodemethodcallmodule.lo
  CC       valaccodemethodmodule.lo
  CC       valaccodestructmodule.lo
  CC       valaclassregisterfunction.lo
  CC       valactype.lo
  CC       valaenumregisterfunction.lo
  CC       valagasyncmodule.lo
  CC       valagdbusclientmodule.lo
  CC       valagdbusmodule.lo
  CC       valagdbusservermodule.lo
  CC       valagerrormodule.lo
  CC       valagirwriter.lo
valagirwriter.c: In function 'vala_gir_writer_instance_init':
valagirwriter.c:7357:121: warning: passing argument 3 of 'vala_array_list_new' from incompatible pointer type [-Wincompatible-pointer-types]
  _tmp11_ = vala_array_list_new (VALA_GIR_WRITER_TYPE_GIR_NAMESPACE, (GBoxedCopyFunc) vala_gir_writer_gir_namespace_dup, vala_gir_writer_gir_namespace_free, (GEqualFunc) vala_gir_writer_gir_namespace_equal);
                                                                                                                         ^
In file included from ../vala/vala.h:11:0,
                 from valagirwriter.c:28:
../gee/valagee.h:265:16: note: expected 'GDestroyNotify {aka void (*)(void *)}' but argument is of type 'void (*)(ValaGIRWriterGIRNamespace *) {aka void (*)(struct _ValaGIRWriterGIRNamespace *)}'
 ValaArrayList* vala_array_list_new (GType g_type, GBoxedCopyFunc g_dup_func, GDestroyNotify g_destroy_func, GEqualFunc equal_func);
                ^
  CC       valagobjectmodule.lo
  CC       valagtkmodule.lo
  CC       valagsignalmodule.lo
  CC       valagtypemodule.lo
  CC       valagvariantmodule.lo
valagvariantmodule.c: In function 'vala_gvariant_module_get_basic_type_info':
valagvariantmodule.c:670:19: warning: assignment discards 'const' qualifier from pointer target type [-Wdiscarded-qualifiers]
   info_collection = VALA_GVARIANT_MODULE_basic_types;
                   ^
  CC       valainterfaceregisterfunction.lo
  CC       valastructregisterfunction.lo
  CC       valatyperegisterfunction.lo
  CCLD     libvala-0.28.la
make[3]: Leaving directory '/sources/7.9/vala-0.28.1/codegen'
make[2]: Leaving directory '/sources/7.9/vala-0.28.1/codegen'
Making all in compiler
make[2]: Entering directory '/sources/7.9/vala-0.28.1/compiler'
make  all-am
make[3]: Entering directory '/sources/7.9/vala-0.28.1/compiler'
  CC       valacompiler.o
valacompiler.c: In function 'vala_compiler_run':
valacompiler.c:1736:17: warning: passing argument 1 of 'g_strcanon' discards 'const' qualifier from pointer target type [-Wdiscarded-qualifiers]
     g_strcanon (_tmp344_, "0123456789.", '?');
                 ^
In file included from /usr/include/glib-2.0/glib.h:79:0,
                 from valacompiler.c:27:
/usr/include/glib-2.0/glib/gstrfuncs.h:107:22: note: expected 'gchar * {aka char *}' but argument is of type 'const gchar * {aka const char *}'
 gchar*               g_strcanon       (gchar        *string,
                      ^
valacompiler.c: In function 'vala_compiler_run_source':
valacompiler.c:2373:23: warning: passing argument 1 of 'g_mkstemp' discards 'const' qualifier from pointer target type [-Wdiscarded-qualifiers]
  _tmp52_ = g_mkstemp (_tmp51_);
                       ^
In file included from /usr/include/glib-2.0/glib.h:48:0,
                 from valacompiler.c:27:
/usr/include/glib-2.0/glib/gfileutils.h:107:10: note: expected 'gchar * {aka char *}' but argument is of type 'const gchar * {aka const char *}'
 gint     g_mkstemp            (gchar        *tmpl);
          ^
  CCLD     valac
make[3]: Leaving directory '/sources/7.9/vala-0.28.1/compiler'
make[2]: Leaving directory '/sources/7.9/vala-0.28.1/compiler'
Making all in vapi
make[2]: Entering directory '/sources/7.9/vala-0.28.1/vapi'
make[2]: Nothing to be done for 'all'.
make[2]: Leaving directory '/sources/7.9/vala-0.28.1/vapi'
Making all in tests
make[2]: Entering directory '/sources/7.9/vala-0.28.1/tests'
make  all-am
make[3]: Entering directory '/sources/7.9/vala-0.28.1/tests'
make[3]: Nothing to be done for 'all-am'.
make[3]: Leaving directory '/sources/7.9/vala-0.28.1/tests'
make[2]: Leaving directory '/sources/7.9/vala-0.28.1/tests'
Making all in doc
make[2]: Entering directory '/sources/7.9/vala-0.28.1/doc'
Making all in vala
make[3]: Entering directory '/sources/7.9/vala-0.28.1/doc/vala'
make[3]: Nothing to be done for 'all'.
make[3]: Leaving directory '/sources/7.9/vala-0.28.1/doc/vala'
make[3]: Entering directory '/sources/7.9/vala-0.28.1/doc'
make[3]: Nothing to be done for 'all-am'.
make[3]: Leaving directory '/sources/7.9/vala-0.28.1/doc'
make[2]: Leaving directory '/sources/7.9/vala-0.28.1/doc'
Making all in gobject-introspection
make[2]: Entering directory '/sources/7.9/vala-0.28.1/gobject-introspection'
make  all-am
make[3]: Entering directory '/sources/7.9/vala-0.28.1/gobject-introspection'
  CC       gidlmodule.lo
  CC       gidlnode.lo
  CC       gidlparser.lo
  CC       gmetadata.lo
gmetadata.c: In function 'g_metadata_free':
gmetadata.c:1848:5: warning: 'g_mapped_file_free' is deprecated: Use 'g_mapped_file_unref' instead [-Wdeprecated-declarations]
     g_mapped_file_free (metadata->mfile);
     ^
In file included from /usr/include/glib-2.0/glib.h:59:0,
                 from gmetadata.c:25:
/usr/include/glib-2.0/glib/gmappedfile.h:54:14: note: declared here
 void         g_mapped_file_free         (GMappedFile  *file);
              ^
  CCLD     libgidl.la
  CC       gidlwriter.o
  CC       scanner.o
scanner.c: In function 'g_igenerator_process_properties':
scanner.c:235:25: warning: assignment discards 'const' qualifier from pointer target type [-Wdiscarded-qualifiers]
       giprop->node.name = properties[i]->name;
                         ^
scanner.c: In function 'main':
scanner.c:1784:3: warning: 'g_type_init' is deprecated [-Wdeprecated-declarations]
   g_type_init ();
   ^
In file included from /usr/include/glib-2.0/gobject/gobject.h:24:0,
                 from /usr/include/glib-2.0/gobject/gbinding.h:29,
                 from /usr/include/glib-2.0/glib-object.h:23,
                 from scanner.c:32:
/usr/include/glib-2.0/gobject/gtype.h:681:23: note: declared here
 void                  g_type_init                    (void);
                       ^
scanner.c:1789:3: warning: 'g_thread_init' is deprecated [-Wdeprecated-declarations]
   g_thread_init (NULL);
   ^
In file included from /usr/include/glib-2.0/glib.h:107:0,
                 from scanner.c:30:
/usr/include/glib-2.0/glib/deprecated/gthread.h:265:10: note: declared here
 void     g_thread_init                   (gpointer vtable);
          ^
  CC       scannerlexer.o
  CC       scannerparser.o
  CCLD     gen-introspect
make[3]: Leaving directory '/sources/7.9/vala-0.28.1/gobject-introspection'
make[2]: Leaving directory '/sources/7.9/vala-0.28.1/gobject-introspection'
Making all in vapigen
make[2]: Entering directory '/sources/7.9/vala-0.28.1/vapigen'
make  all-recursive
make[3]: Entering directory '/sources/7.9/vala-0.28.1/vapigen'
Making all in vala-gen-introspect
make[4]: Entering directory '/sources/7.9/vala-0.28.1/vapigen/vala-gen-introspect'
make[4]: Nothing to be done for 'all'.
make[4]: Leaving directory '/sources/7.9/vala-0.28.1/vapigen/vala-gen-introspect'
make[4]: Entering directory '/sources/7.9/vala-0.28.1/vapigen'
  CC       valagidlparser.o
valagidlparser.c: In function 'string_chomp':
valagidlparser.c:15967:14: warning: passing argument 1 of 'g_strchomp' discards 'const' qualifier from pointer target type [-Wdiscarded-qualifiers]
  g_strchomp (_tmp1_);
              ^
In file included from /usr/include/glib-2.0/glib.h:79:0,
                 from valagidlparser.c:28:
/usr/include/glib-2.0/glib/gstrfuncs.h:178:23: note: expected 'gchar * {aka char *}' but argument is of type 'const gchar * {aka const char *}'
 gchar*                g_strchomp       (gchar        *string);
                       ^
  CC       valavapigen.o
valavapigen.c: In function 'vala_vapi_gen_run':
valavapigen.c:805:65: warning: passing argument 3 of '_vala_string_array_contains' discards 'const' qualifier from pointer target type [-Wdiscarded-qualifiers]
    if (_vala_string_array_contains (_tmp133_, _tmp133__length1, _tmp132_)) {
                                                                 ^
valavapigen.c:327:17: note: expected 'gchar * {aka char *}' but argument is of type 'const gchar * {aka const char *}'
 static gboolean _vala_string_array_contains (gchar** stack, int stack_length, gchar* needle) {
                 ^
  CCLD     vapigen
  CC       valavapicheck.o
  CCLD     vapicheck
cp vapigen.pc vapigen-0.28.pc
make[4]: Leaving directory '/sources/7.9/vala-0.28.1/vapigen'
make[3]: Leaving directory '/sources/7.9/vala-0.28.1/vapigen'
make[2]: Leaving directory '/sources/7.9/vala-0.28.1/vapigen'
make[2]: Entering directory '/sources/7.9/vala-0.28.1'
cp libvala.pc libvala-0.28.pc
make[2]: Leaving directory '/sources/7.9/vala-0.28.1'
make[1]: Leaving directory '/sources/7.9/vala-0.28.1'
make  check-recursive
make[1]: Entering directory '/sources/7.9/vala-0.28.1'
Making check in gee
make[2]: Entering directory '/sources/7.9/vala-0.28.1/gee'
make  check-am
make[3]: Entering directory '/sources/7.9/vala-0.28.1/gee'
make[3]: Nothing to be done for 'check-am'.
make[3]: Leaving directory '/sources/7.9/vala-0.28.1/gee'
make[2]: Leaving directory '/sources/7.9/vala-0.28.1/gee'
Making check in ccode
make[2]: Entering directory '/sources/7.9/vala-0.28.1/ccode'
make  check-am
make[3]: Entering directory '/sources/7.9/vala-0.28.1/ccode'
make[3]: Nothing to be done for 'check-am'.
make[3]: Leaving directory '/sources/7.9/vala-0.28.1/ccode'
make[2]: Leaving directory '/sources/7.9/vala-0.28.1/ccode'
Making check in vala
make[2]: Entering directory '/sources/7.9/vala-0.28.1/vala'
make  check-am
make[3]: Entering directory '/sources/7.9/vala-0.28.1/vala'
make[3]: Nothing to be done for 'check-am'.
make[3]: Leaving directory '/sources/7.9/vala-0.28.1/vala'
make[2]: Leaving directory '/sources/7.9/vala-0.28.1/vala'
Making check in codegen
make[2]: Entering directory '/sources/7.9/vala-0.28.1/codegen'
make  check-am
make[3]: Entering directory '/sources/7.9/vala-0.28.1/codegen'
make[3]: Nothing to be done for 'check-am'.
make[3]: Leaving directory '/sources/7.9/vala-0.28.1/codegen'
make[2]: Leaving directory '/sources/7.9/vala-0.28.1/codegen'
Making check in compiler
make[2]: Entering directory '/sources/7.9/vala-0.28.1/compiler'
make  check-am
make[3]: Entering directory '/sources/7.9/vala-0.28.1/compiler'
make[3]: Nothing to be done for 'check-am'.
make[3]: Leaving directory '/sources/7.9/vala-0.28.1/compiler'
make[2]: Leaving directory '/sources/7.9/vala-0.28.1/compiler'
Making check in vapi
make[2]: Entering directory '/sources/7.9/vala-0.28.1/vapi'
make[2]: Nothing to be done for 'check'.
make[2]: Leaving directory '/sources/7.9/vala-0.28.1/vapi'
Making check in tests
make[2]: Entering directory '/sources/7.9/vala-0.28.1/tests'
make  check-am
make[3]: Entering directory '/sources/7.9/vala-0.28.1/tests'
make  check-TESTS
make[4]: Entering directory '/sources/7.9/vala-0.28.1/tests'
TEST: Building...[72G[0;32mOK[m
  /basic-types/integers: [72G[0;32mOK[m
  /basic-types/escape-chars: [72G[0;32mOK[m
  /basic-types/floats: [72G[0;32mOK[m
  /basic-types/strings: [72G[0;32mOK[m
  /basic-types/arrays: [72G[0;32mOK[m
  /basic-types/pointers: [72G[0;32mOK[m
  /basic-types/sizeof: [72G[0;32mOK[m
  /basic-types/bug571486: [72G[0;32mOK[m
  /basic-types/bug591552: [72G[0;32mOK[m
  /basic-types/bug595751: [72G[0;32mOK[m
  /basic-types/bug596637: [72G[0;32mOK[m
  /basic-types/bug596785: [72G[0;32mOK[m
  /basic-types/bug632322: [72G[0;32mOK[m
  /basic-types/bug644046: [72G[0;32mOK[m
  /basic-types/bug647222: [72G[0;32mOK[m
  /basic-types/bug648364: [72G[0;32mOK[m
  /basic-types/bug650993: [72G[0;32mOK[m
  /basic-types/bug652380: [72G[0;32mOK[m
  /basic-types/bug655908: [72G[0;32mOK[m
  /basic-types/bug659975: [72G[0;32mOK[m
  /basic-types/bug678791: [72G[0;32mOK[m
  /basic-types/bug686336: [72G[0;32mOK[m
  /basic-types/bug729907: [72G[0;32mOK[m
  /basic-types/bug731017: [72G[0;32mOK[m
  /namespaces: [72G[0;32mOK[m
  /methods/lambda: [72G[0;32mOK[m
  /methods/closures: [72G[0;32mOK[m
  /methods/prepostconditions: [72G[0;32mOK[m
  /methods/symbolresolution: [72G[0;32mOK[m
  /methods/bug595538: [72G[0;32mOK[m
  /methods/bug596726: [72G[0;32mOK[m
  /methods/bug597426: [72G[0;32mOK[m
  /methods/bug598738: [72G[0;32mOK[m
  /methods/bug599892: [72G[0;32mOK[m
  /methods/bug613483: [72G[0;32mOK[m
  /methods/bug620673: [72G[0;32mOK[m
  /methods/bug622570: [72G[0;32mOK[m
  /methods/bug626783: [72G[0;32mOK[m
  /methods/bug639054: [72G[0;32mOK[m
  /methods/bug642885: [72G[0;32mOK[m
  /methods/bug642899: [72G[0;32mOK[m
  /methods/bug646345: [72G[0;32mOK[m
  /methods/bug648320: [72G[0;32mOK[m
  /methods/bug649562: [72G[0;32mOK[m
  /methods/bug652098: [72G[0;32mOK[m
  /methods/bug653391: [72G[0;32mOK[m
  /methods/bug653908: [72G[0;32mOK[m
  /methods/bug663210: [72G[0;32mOK[m
  /methods/bug723009: [72G[0;32mOK[m
  /methods/bug723195: [72G[0;32mOK[m
  /methods/bug726347: [72G[0;32mOK[m
  /methods/bug736235: [72G[0;32mOK[m
  /methods/bug737222: [72G[0;32mOK[m
  /methods/bug743877: [72G[0;32mOK[m
  /methods/generics: [72G[0;32mOK[m
  /control-flow/break: [72G[0;32mOK[m
  /control-flow/expressions-conditional: [72G[0;32mOK[m
  /control-flow/for: [72G[0;32mOK[m
  /control-flow/foreach: [72G[0;32mOK[m
  /control-flow/switch: [72G[0;32mOK[m
  /control-flow/sideeffects: [72G[0;32mOK[m
  /control-flow/bug639482: [72G[0;32mOK[m
  /control-flow/bug652549: [72G[0;32mOK[m
  /control-flow/bug661985: [72G[0;32mOK[m
  /control-flow/bug665904: [72G[0;32mOK[m
  /control-flow/bug691514: [72G[0;32mOK[m
  /enums/enums: [72G[0;32mOK[m
  /enums/flags: [72G[0;32mOK[m
  /enums/bug673879: [72G[0;32mOK[m
  /structs/structs: [72G[0;32mOK[m
  /structs/gvalue: [72G[0;32mOK[m
  /structs/bug530605: [72G[0;32mOK[m
  /structs/bug572091: [72G[0;32mOK[m
  /structs/bug583603: [72G[0;32mOK[m
  /structs/bug595587: [72G[0;32mOK[m
  /structs/bug596144: [72G[0;32mOK[m
  /structs/bug603056: [72G[0;32mOK[m
  /structs/bug606202: [72G[0;32mOK[m
  /structs/bug609642: [72G[0;32mOK[m
  /structs/bug613513: [72G[0;32mOK[m
  /structs/bug613825: [72G[0;32mOK[m
  /structs/bug621176: [72G[0;32mOK[m
  /structs/bug622422: [72G[0;32mOK[m
  /structs/bug623092: [72G[0;32mOK[m
  /structs/bug651441: [72G[0;32mOK[m
  /structs/bug654646: [72G[0;32mOK[m
  /structs/bug654753: [72G[0;32mOK[m
  /structs/bug656693: [72G[0;32mOK[m
  /structs/bug657378: [72G[0;32mOK[m
  /structs/bug658048: [72G[0;32mOK[m
  /structs/bug660426: [72G[0;32mOK[m
  /structs/bug661945: [72G[0;32mOK[m
  /structs/bug667890: [72G[0;32mOK[m
  /structs/bug669580: [72G[0;32mOK[m
  /structs/bug685177: [72G[0;32mOK[m
  /structs/bug686190: [72G[0;32mOK[m
  /structs/bug690380: [72G[0;32mOK[m
  /structs/bug749952: [72G[0;32mOK[m
  /delegates/delegates: [72G[0;32mOK[m
  /delegates/bug539166: [72G[0;32mOK[m
  /delegates/bug595610: [72G[0;32mOK[m
  /delegates/bug595639: [72G[0;32mOK[m
  /delegates/bug638415: [72G[0;32mOK[m
  /delegates/bug639751: [72G[0;32mOK[m
  /delegates/bug659778: [72G[0;32mOK[m
  /delegates/bug703804: [72G[0;32mOK[m
  /objects/chainup: [72G[0;32mOK[m
  /objects/classes: [72G[0;32mOK[m
  /objects/fields: [72G[0;32mOK[m
  /objects/interfaces: [72G[0;32mOK[m
  /objects/methods: [72G[0;32mOK[m
  /objects/properties: [72G[0;32mOK[m
  /objects/regex: [72G[0;32mOK[m
  /objects/signals: [72G[0;32mOK[m
  /objects/test-025: [72G[0;32mOK[m
  /objects/test-026: [72G[0;32mOK[m
  /objects/test-029: [72G[0;32mOK[m
  /objects/test-034: [72G[0;32mOK[m
  /objects/bug566909: [72G[0;32mOK[m
  /objects/bug588203: [72G[0;32mOK[m
  /objects/bug589928: [72G[0;32mOK[m
  /objects/bug593260: [72G[0;32mOK[m
  /objects/bug596621: [72G[0;32mOK[m
  /objects/bug597155: [72G[0;32mOK[m
  /objects/bug597161: [72G[0;32mOK[m
  /objects/bug613486: [72G[0;32mOK[m
  /objects/bug613840: [72G[0;32mOK[m
  /objects/bug620675: [72G[0;32mOK[m
  /objects/bug620706: [72G[0;32mOK[m
  /objects/bug624594: [72G[0;32mOK[m
  /objects/bug626038: [72G[0;32mOK[m
  /objects/bug628639: [72G[0;32mOK[m
  /objects/bug634782: [72G[0;32mOK[m
  /objects/bug642809: [72G[0;32mOK[m
  /objects/bug643711: [72G[0;32mOK[m
  /objects/bug646362: [72G[0;32mOK[m
  /objects/bug646792: [72G[0;32mOK[m
  /objects/bug647018: [72G[0;32mOK[m
  /objects/bug653138: [72G[0;32mOK[m
  /objects/bug654702: [72G[0;32mOK[m
  /objects/bug663134: [72G[0;32mOK[m
  /objects/bug664529: [72G[0;32mOK[m
  /objects/bug667668: [72G[0;32mOK[m
  /objects/bug683646: [72G[0;32mOK[m
  /objects/bug695671: [72G[0;32mOK[m
  /objects/bug701978: [72G[0;32mOK[m
  /objects/bug702736: [72G[0;32mOK[m
  /objects/bug702846: [72G[0;32mOK[m
  /objects/bug751338: [72G[0;32mOK[m
  /errors/errors: [72G[0;32mOK[m
  /errors/bug567181: [72G[0;32mOK[m
  /errors/bug579101: [72G[0;32mOK[m
  /errors/bug596228: [72G[0;32mOK[m
  /errors/bug623049: [72G[0;32mOK[m
  /errors/bug639589: [72G[0;32mOK[m
  /errors/bug651145: [72G[0;32mOK[m
  /asynchronous/bug595735: [72G[0;32mOK[m
  /asynchronous/bug595755: [72G[0;32mOK[m
  /asynchronous/bug596177: [72G[0;32mOK[m
  /asynchronous/bug596861: [72G[0;32mOK[m
  /asynchronous/bug597294: [72G[0;32mOK[m
  /asynchronous/bug598677: [72G[0;32mOK[m
  /asynchronous/bug598697: [72G[0;32mOK[m
  /asynchronous/bug598698: [72G[0;32mOK[m
  /asynchronous/bug599568: [72G[0;32mOK[m
  /asynchronous/bug600827: [72G[0;32mOK[m
  /asynchronous/bug601558: [72G[0;32mOK[m
  /asynchronous/bug613484: [72G[0;32mOK[m
  /asynchronous/bug620740: [72G[0;32mOK[m
  /asynchronous/bug639591: [72G[0;32mOK[m
  /asynchronous/bug640721: [72G[0;32mOK[m
  /asynchronous/bug641182: [72G[0;32mOK[m
  /asynchronous/bug646945: [72G[0;32mOK[m
  /asynchronous/bug652252: [72G[0;32mOK[m
  /asynchronous/bug653861: [72G[0;32mOK[m
  /asynchronous/bug654336: [72G[0;32mOK[m
  /asynchronous/bug654337: [72G[0;32mOK[m
  /asynchronous/bug661961: [72G[0;32mOK[m
  /asynchronous/bug742621: [72G[0;32mOK[m
  /asynchronous/closures: [72G[0;32mOK[m
  /dbus/basic-types/server: [72G[0;31mFAIL[m
process 15105: D-Bus library appears to be incorrectly set up; failed to read machine uuid: Failed to open "/etc/machine-id": No such file or directory
See the manual page for dbus-uuidgen to correct this issue.
  D-Bus not built with -rdynamic so unable to print a backtrace

** (process:15106): CRITICAL **: file /sources/7.9/vala-0.28.1/tests/_test/main.c: line 39000: uncaught error: Cannot spawn a message bus without a machine-id: Unable to load /var/lib/dbus/machine-id or /etc/machine-id: Failed to open file '/var/lib/dbus/machine-id': No such file or directory (g-file-error-quark, 4)
dbus.basic_types.server.check: line 4: 15106 Trace/breakpoint trap   ./test /dbus/basic-types/server
kill: usage: kill [-s sigspec | -n signum | -sigspec] pid | jobspec ... or kill -l [sigspec]
  /dbus/arrays/server: [72G[0;31mFAIL[m
process 15109: D-Bus library appears to be incorrectly set up; failed to read machine uuid: Failed to open "/etc/machine-id": No such file or directory
See the manual page for dbus-uuidgen to correct this issue.
  D-Bus not built with -rdynamic so unable to print a backtrace

** (process:15110): CRITICAL **: file /sources/7.9/vala-0.28.1/tests/_test/main.c: line 40477: uncaught error: Cannot spawn a message bus without a machine-id: Unable to load /var/lib/dbus/machine-id or /etc/machine-id: Failed to open file '/var/lib/dbus/machine-id': No such file or directory (g-file-error-quark, 4)
dbus.arrays.server.check: line 4: 15110 Trace/breakpoint trap   ./test /dbus/arrays/server
kill: usage: kill [-s sigspec | -n signum | -sigspec] pid | jobspec ... or kill -l [sigspec]
  /dbus/structs/server: [72G[0;31mFAIL[m
process 15113: D-Bus library appears to be incorrectly set up; failed to read machine uuid: Failed to open "/etc/machine-id": No such file or directory
See the manual page for dbus-uuidgen to correct this issue.
  D-Bus not built with -rdynamic so unable to print a backtrace

** (process:15114): CRITICAL **: file /sources/7.9/vala-0.28.1/tests/_test/main.c: line 41411: uncaught error: Cannot spawn a message bus without a machine-id: Unable to load /var/lib/dbus/machine-id or /etc/machine-id: Failed to open file '/var/lib/dbus/machine-id': No such file or directory (g-file-error-quark, 4)
dbus.structs.server.check: line 4: 15114 Trace/breakpoint trap   ./test /dbus/structs/server
kill: usage: kill [-s sigspec | -n signum | -sigspec] pid | jobspec ... or kill -l [sigspec]
  /dbus/errors/server: [72G[0;31mFAIL[m
process 15117: D-Bus library appears to be incorrectly set up; failed to read machine uuid: Failed to open "/etc/machine-id": No such file or directory
See the manual page for dbus-uuidgen to correct this issue.
  D-Bus not built with -rdynamic so unable to print a backtrace

** (process:15118): CRITICAL **: file /sources/7.9/vala-0.28.1/tests/_test/main.c: line 42283: uncaught error: Cannot spawn a message bus without a machine-id: Unable to load /var/lib/dbus/machine-id or /etc/machine-id: Failed to open file '/var/lib/dbus/machine-id': No such file or directory (g-file-error-quark, 4)
dbus.errors.server.check: line 4: 15118 Trace/breakpoint trap   ./test /dbus/errors/server
kill: usage: kill [-s sigspec | -n signum | -sigspec] pid | jobspec ... or kill -l [sigspec]
  /dbus/async/server: [72G[0;31mFAIL[m
process 15121: D-Bus library appears to be incorrectly set up; failed to read machine uuid: Failed to open "/etc/machine-id": No such file or directory
See the manual page for dbus-uuidgen to correct this issue.
  D-Bus not built with -rdynamic so unable to print a backtrace

** (process:15122): CRITICAL **: file /sources/7.9/vala-0.28.1/tests/_test/main.c: line 43345: uncaught error: Cannot spawn a message bus without a machine-id: Unable to load /var/lib/dbus/machine-id or /etc/machine-id: Failed to open file '/var/lib/dbus/machine-id': No such file or directory (g-file-error-quark, 4)
dbus.async.server.check: line 4: 15122 Trace/breakpoint trap   ./test /dbus/async/server
kill: usage: kill [-s sigspec | -n signum | -sigspec] pid | jobspec ... or kill -l [sigspec]
  /dbus/async-errors/server: [72G[0;31mFAIL[m
process 15125: D-Bus library appears to be incorrectly set up; failed to read machine uuid: Failed to open "/etc/machine-id": No such file or directory
See the manual page for dbus-uuidgen to correct this issue.
  D-Bus not built with -rdynamic so unable to print a backtrace

** (process:15126): CRITICAL **: file /sources/7.9/vala-0.28.1/tests/_test/main.c: line 44651: uncaught error: Cannot spawn a message bus without a machine-id: Unable to load /var/lib/dbus/machine-id or /etc/machine-id: Failed to open file '/var/lib/dbus/machine-id': No such file or directory (g-file-error-quark, 4)
dbus.async_errors.server.check: line 4: 15126 Trace/breakpoint trap   ./test /dbus/async-errors/server
kill: usage: kill [-s sigspec | -n signum | -sigspec] pid | jobspec ... or kill -l [sigspec]
  /dbus/signals/server: [72G[0;31mFAIL[m
process 15129: D-Bus library appears to be incorrectly set up; failed to read machine uuid: Failed to open "/etc/machine-id": No such file or directory
See the manual page for dbus-uuidgen to correct this issue.
  D-Bus not built with -rdynamic so unable to print a backtrace

** (process:15130): CRITICAL **: file /sources/7.9/vala-0.28.1/tests/_test/main.c: line 45141: uncaught error: Cannot spawn a message bus without a machine-id: Unable to load /var/lib/dbus/machine-id or /etc/machine-id: Failed to open file '/var/lib/dbus/machine-id': No such file or directory (g-file-error-quark, 4)
dbus.signals.server.check: line 4: 15130 Trace/breakpoint trap   ./test /dbus/signals/server
kill: usage: kill [-s sigspec | -n signum | -sigspec] pid | jobspec ... or kill -l [sigspec]
  /dbus/filedescriptor/server: [72G[0;31mFAIL[m
process 15133: D-Bus library appears to be incorrectly set up; failed to read machine uuid: Failed to open "/etc/machine-id": No such file or directory
See the manual page for dbus-uuidgen to correct this issue.
  D-Bus not built with -rdynamic so unable to print a backtrace

** (process:15134): CRITICAL **: file /sources/7.9/vala-0.28.1/tests/_test/main.c: line 45868: uncaught error: Cannot spawn a message bus without a machine-id: Unable to load /var/lib/dbus/machine-id or /etc/machine-id: Failed to open file '/var/lib/dbus/machine-id': No such file or directory (g-file-error-quark, 4)
dbus.filedescriptor.server.check: line 4: 15134 Trace/breakpoint trap   ./test /dbus/filedescriptor/server
kill: usage: kill [-s sigspec | -n signum | -sigspec] pid | jobspec ... or kill -l [sigspec]
  /dbus/dicts/server: [72G[0;31mFAIL[m
process 15137: D-Bus library appears to be incorrectly set up; failed to read machine uuid: Failed to open "/etc/machine-id": No such file or directory
See the manual page for dbus-uuidgen to correct this issue.
  D-Bus not built with -rdynamic so unable to print a backtrace

** (process:15138): CRITICAL **: file /sources/7.9/vala-0.28.1/tests/_test/main.c: line 46442: uncaught error: Cannot spawn a message bus without a machine-id: Unable to load /var/lib/dbus/machine-id or /etc/machine-id: Failed to open file '/var/lib/dbus/machine-id': No such file or directory (g-file-error-quark, 4)
dbus.dicts.server.check: line 4: 15138 Trace/breakpoint trap   ./test /dbus/dicts/server
kill: usage: kill [-s sigspec | -n signum | -sigspec] pid | jobspec ... or kill -l [sigspec]
  /dbus/bug596862: [72G[0;32mOK[m
  /dbus/bug602003/server: [72G[0;31mFAIL[m
process 15143: D-Bus library appears to be incorrectly set up; failed to read machine uuid: Failed to open "/etc/machine-id": No such file or directory
See the manual page for dbus-uuidgen to correct this issue.
  D-Bus not built with -rdynamic so unable to print a backtrace

** (process:15144): CRITICAL **: file /sources/7.9/vala-0.28.1/tests/_test/main.c: line 47080: uncaught error: Cannot spawn a message bus without a machine-id: Unable to load /var/lib/dbus/machine-id or /etc/machine-id: Failed to open file '/var/lib/dbus/machine-id': No such file or directory (g-file-error-quark, 4)
dbus.bug602003.server.check: line 4: 15144 Trace/breakpoint trap   ./test /dbus/bug602003/server
kill: usage: kill [-s sigspec | -n signum | -sigspec] pid | jobspec ... or kill -l [sigspec]
  /gir/bug651773: [72G[0;32mOK[m
  /gir/bug667751: [72G[0;32mOK[m
  /gir/bug742012: [72G[0;32mOK[m
10 of 194 tests failed
make[4]: *** [check-TESTS] Error 1
Makefile:2207: recipe for target 'check-TESTS' failed
make[4]: Leaving directory '/sources/7.9/vala-0.28.1/tests'
make[3]: *** [check-am] Error 2
Makefile:2081: recipe for target 'check-am' failed
make[3]: Leaving directory '/sources/7.9/vala-0.28.1/tests'
make[2]: *** [check] Error 2
Makefile:2083: recipe for target 'check' failed
make[2]: Leaving directory '/sources/7.9/vala-0.28.1/tests'
make[1]: *** [check-recursive] Error 1
Makefile:532: recipe for target 'check-recursive' failed
make[1]: Leaving directory '/sources/7.9/vala-0.28.1'
make: *** [check] Error 2
Makefile:823: recipe for target 'check' failed
make  install-recursive
make[1]: Entering directory '/sources/7.9/vala-0.28.1'
Making install in gee
make[2]: Entering directory '/sources/7.9/vala-0.28.1/gee'
make  install-am
make[3]: Entering directory '/sources/7.9/vala-0.28.1/gee'
make[4]: Entering directory '/sources/7.9/vala-0.28.1/gee'
make[4]: Nothing to be done for 'install-exec-am'.
 /bin/mkdir -p '/usr/include/vala-0.28'
 /usr/bin/install -c -m 644 valagee.h '/usr/include/vala-0.28'
make[4]: Leaving directory '/sources/7.9/vala-0.28.1/gee'
make[3]: Leaving directory '/sources/7.9/vala-0.28.1/gee'
make[2]: Leaving directory '/sources/7.9/vala-0.28.1/gee'
Making install in ccode
make[2]: Entering directory '/sources/7.9/vala-0.28.1/ccode'
make  install-am
make[3]: Entering directory '/sources/7.9/vala-0.28.1/ccode'
make[4]: Entering directory '/sources/7.9/vala-0.28.1/ccode'
make[4]: Nothing to be done for 'install-exec-am'.
 /bin/mkdir -p '/usr/include/vala-0.28'
 /usr/bin/install -c -m 644 valaccode.h '/usr/include/vala-0.28'
make[4]: Leaving directory '/sources/7.9/vala-0.28.1/ccode'
make[3]: Leaving directory '/sources/7.9/vala-0.28.1/ccode'
make[2]: Leaving directory '/sources/7.9/vala-0.28.1/ccode'
Making install in vala
make[2]: Entering directory '/sources/7.9/vala-0.28.1/vala'
make  install-am
make[3]: Entering directory '/sources/7.9/vala-0.28.1/vala'
make[4]: Entering directory '/sources/7.9/vala-0.28.1/vala'
make[4]: Nothing to be done for 'install-exec-am'.
 /bin/mkdir -p '/usr/include/vala-0.28'
 /usr/bin/install -c -m 644 vala.h '/usr/include/vala-0.28'
make[4]: Leaving directory '/sources/7.9/vala-0.28.1/vala'
make[3]: Leaving directory '/sources/7.9/vala-0.28.1/vala'
make[2]: Leaving directory '/sources/7.9/vala-0.28.1/vala'
Making install in codegen
make[2]: Entering directory '/sources/7.9/vala-0.28.1/codegen'
make  install-am
make[3]: Entering directory '/sources/7.9/vala-0.28.1/codegen'
make[4]: Entering directory '/sources/7.9/vala-0.28.1/codegen'
 /bin/mkdir -p '/usr/lib'
 /bin/sh ../libtool   --mode=install /usr/bin/install -c   libvala-0.28.la '/usr/lib'
libtool: install: /usr/bin/install -c .libs/libvala-0.28.so.0.0.0 /usr/lib/libvala-0.28.so.0.0.0
libtool: install: (cd /usr/lib && { ln -s -f libvala-0.28.so.0.0.0 libvala-0.28.so.0 || { rm -f libvala-0.28.so.0 && ln -s libvala-0.28.so.0.0.0 libvala-0.28.so.0; }; })
libtool: install: (cd /usr/lib && { ln -s -f libvala-0.28.so.0.0.0 libvala-0.28.so || { rm -f libvala-0.28.so && ln -s libvala-0.28.so.0.0.0 libvala-0.28.so; }; })
libtool: install: /usr/bin/install -c .libs/libvala-0.28.lai /usr/lib/libvala-0.28.la
libtool: finish: PATH="/bin:/usr/ucb:/usr/bin:/usr/sbin:/sbin:/usr/etc:/etc:/sbin" ldconfig -n /usr/lib
----------------------------------------------------------------------
Libraries have been installed in:
   /usr/lib

If you ever happen to want to link against installed libraries
in a given directory, LIBDIR, you must either use libtool, and
specify the full pathname of the library, or use the '-LLIBDIR'
flag during linking and do at least one of the following:
   - add LIBDIR to the 'LD_LIBRARY_PATH' environment variable
     during execution
   - add LIBDIR to the 'LD_RUN_PATH' environment variable
     during linking
   - use the '-Wl,-rpath -Wl,LIBDIR' linker flag
   - have your system administrator add LIBDIR to '/etc/ld.so.conf'

See any operating system documentation about shared libraries for
more information, such as the ld(1) and ld.so(8) manual pages.
----------------------------------------------------------------------
 /bin/mkdir -p '/usr/include/vala-0.28'
 /usr/bin/install -c -m 644 valacodegen.h '/usr/include/vala-0.28'
make[4]: Leaving directory '/sources/7.9/vala-0.28.1/codegen'
make[3]: Leaving directory '/sources/7.9/vala-0.28.1/codegen'
make[2]: Leaving directory '/sources/7.9/vala-0.28.1/codegen'
Making install in compiler
make[2]: Entering directory '/sources/7.9/vala-0.28.1/compiler'
make  install-am
make[3]: Entering directory '/sources/7.9/vala-0.28.1/compiler'
make[4]: Entering directory '/sources/7.9/vala-0.28.1/compiler'
 /bin/mkdir -p '/usr/bin'
  /bin/sh ../libtool   --mode=install /usr/bin/install -c valac '/usr/bin/./valac-0.28'
libtool: install: /usr/bin/install -c .libs/valac /usr/bin/./valac-0.28
make  install-exec-hook
make[5]: Entering directory '/sources/7.9/vala-0.28.1/compiler'
cd /usr/bin && ln -s -f valac-0.28 vala-0.28
cd /usr/bin && ln -s -f valac-0.28 valac
cd /usr/bin && ln -s -f vala-0.28 vala
make[5]: Leaving directory '/sources/7.9/vala-0.28.1/compiler'
make[4]: Nothing to be done for 'install-data-am'.
make[4]: Leaving directory '/sources/7.9/vala-0.28.1/compiler'
make[3]: Leaving directory '/sources/7.9/vala-0.28.1/compiler'
make[2]: Leaving directory '/sources/7.9/vala-0.28.1/compiler'
Making install in vapi
make[2]: Entering directory '/sources/7.9/vala-0.28.1/vapi'
make[3]: Entering directory '/sources/7.9/vala-0.28.1/vapi'
make[3]: Nothing to be done for 'install-exec-am'.
 /bin/mkdir -p '/usr/share/vala-0.28/vapi'
 /usr/bin/install -c -m 644 alsa.vapi alsa.deps atk.vapi atspi-2.vapi atspi-2.deps avahi-client.vapi avahi-gobject.deps avahi-gobject.vapi bzlib.vapi cairo.vapi cairo-xcb.deps cairo-xcb.vapi ccss-1.vapi clutter-1.0.deps clutter-1.0.vapi clutter-gdk-1.0.deps clutter-gdk-1.0.vapi clutter-gst-1.0.deps clutter-gst-1.0.vapi clutter-gst-2.0.deps clutter-gst-2.0.vapi clutter-gst-3.0.deps clutter-gst-3.0.vapi clutter-gtk-0.10.deps clutter-gtk-0.10.vapi clutter-gtk-1.0.deps clutter-gtk-1.0.vapi clutter-json-1.0.vapi clutter-x11-1.0.deps clutter-x11-1.0.vapi cogl-1.0.vapi cogl-1.0.deps cogl-pango-1.0.vapi cogl-pango-1.0.deps curses.vapi dbus-glib-1.vapi enchant.vapi fuse.deps fuse.vapi gconf-2.0.vapi '/usr/share/vala-0.28/vapi'
 /usr/bin/install -c -m 644 geocode-glib-1.0.deps geocode-glib-1.0.vapi glib-2.0.vapi gdk-2.0.deps gdk-2.0.vapi gdk-3.0.deps gdk-3.0.vapi gdk-pixbuf-2.0.deps gdk-pixbuf-2.0.vapi gdk-x11-2.0.deps gdk-x11-2.0.vapi gdk-x11-3.0.deps gdk-x11-3.0.vapi gdl-1.0.deps gdl-1.0.vapi gdl-3.0.deps gdl-3.0.vapi gdu.deps gdu.vapi gdu-gtk.deps gdu-gtk.vapi gedit-2.20.vapi gedit-2.20.deps gedit.vapi gedit.deps gio-2.0.vapi gio-unix-2.0.deps gio-unix-2.0.vapi gmodule-2.0.vapi gnet-2.0.deps gnet-2.0.vapi gnome-desktop-2.0.deps gnome-desktop-2.0.vapi gnome-keyring-1.vapi gnome-vfs-2.0.vapi gnutls.vapi gobject-2.0.vapi gobject-introspection-1.0.vapi goocanvas.deps goocanvas.vapi '/usr/share/vala-0.28/vapi'
 /usr/bin/install -c -m 644 gsl.vapi gstreamer-0.10.deps gstreamer-0.10.vapi gstreamer-app-0.10.deps gstreamer-app-0.10.vapi gstreamer-audio-0.10.deps gstreamer-audio-0.10.vapi gstreamer-base-0.10.deps gstreamer-base-0.10.vapi gstreamer-cdda-0.10.deps gstreamer-cdda-0.10.vapi gstreamer-check-0.10.deps gstreamer-check-0.10.vapi gstreamer-controller-0.10.deps gstreamer-controller-0.10.vapi gstreamer-dataprotocol-0.10.deps gstreamer-dataprotocol-0.10.vapi gstreamer-fft-0.10.deps gstreamer-fft-0.10.vapi gstreamer-interfaces-0.10.deps gstreamer-interfaces-0.10.vapi gstreamer-net-0.10.deps gstreamer-net-0.10.vapi gstreamer-netbuffer-0.10.deps gstreamer-netbuffer-0.10.vapi gstreamer-pbutils-0.10.deps gstreamer-pbutils-0.10.vapi gstreamer-riff-0.10.deps gstreamer-riff-0.10.vapi gstreamer-rtp-0.10.deps gstreamer-rtp-0.10.vapi gstreamer-rtsp-0.10.deps gstreamer-rtsp-0.10.vapi gstreamer-sdp-0.10.deps gstreamer-sdp-0.10.vapi gstreamer-tag-0.10.deps gstreamer-tag-0.10.vapi gstreamer-video-0.10.deps gstreamer-video-0.10.vapi gstreamer-1.0.vapi '/usr/share/vala-0.28/vapi'
 /usr/bin/install -c -m 644 gstreamer-allocators-1.0.vapi gstreamer-allocators-1.0.deps gstreamer-app-1.0.vapi gstreamer-app-1.0.deps gstreamer-audio-1.0.vapi gstreamer-audio-1.0.deps gstreamer-base-1.0.vapi gstreamer-base-1.0.deps gstreamer-check-1.0.vapi gstreamer-check-1.0.deps gstreamer-controller-1.0.vapi gstreamer-controller-1.0.deps gstreamer-fft-1.0.vapi gstreamer-fft-1.0.deps gstreamer-net-1.0.vapi gstreamer-net-1.0.deps gstreamer-pbutils-1.0.vapi gstreamer-pbutils-1.0.deps gstreamer-riff-1.0.deps gstreamer-riff-1.0.vapi gstreamer-rtp-1.0.vapi gstreamer-rtp-1.0.deps gstreamer-rtsp-1.0.vapi gstreamer-rtsp-1.0.deps gstreamer-rtsp-server-1.0.vapi gstreamer-rtsp-server-1.0.deps gstreamer-sdp-1.0.vapi gstreamer-sdp-1.0.deps gstreamer-tag-1.0.vapi gstreamer-tag-1.0.deps gstreamer-video-1.0.vapi gstreamer-video-1.0.deps gtk+-2.0.deps gtk+-2.0.vapi gtk+-3.0.deps gtk+-3.0.vapi gtkmozembed.deps gtkmozembed.vapi gtksourceview-2.0.deps gtksourceview-2.0.vapi '/usr/share/vala-0.28/vapi'
 /usr/bin/install -c -m 644 gtksourceview-3.0.deps gtksourceview-3.0.vapi gudev-1.0.deps gudev-1.0.vapi hal.deps hal.vapi hildon-1.deps hildon-1.vapi hildon-fm-2.deps hildon-fm-2.vapi json-glib-1.0.deps json-glib-1.0.vapi libarchive.deps libarchive.vapi libbonoboui-2.0.vapi libdaemon.vapi libepc-1.0.vapi libesmtp.vapi libftdi.deps libftdi.vapi libgda-report-4.0.deps libgda-report-4.0.vapi libgda-4.0.deps libgda-4.0.vapi libgdata.deps libgdata.vapi libglade-2.0.deps libglade-2.0.vapi libgnome-2.0.vapi libgnome-menu.vapi libgnome-menu-3.0.vapi libgnomeui-2.0.deps libgnomeui-2.0.vapi libgsf-1.deps libgsf-1.vapi libgvc.vapi libmagic.vapi libnl-1.vapi libnl-2.0.deps libnl-2.0.vapi '/usr/share/vala-0.28/vapi'
 /usr/bin/install -c -m 644 libnl-3.0.deps libnl-3.0.vapi libnotify.deps libnotify.vapi liboobs-1.vapi libosso.vapi libpanelapplet-2.0.deps libpanelapplet-2.0.vapi libpeas-1.0.deps libpeas-1.0.vapi libpeas-gtk-1.0.deps libpeas-gtk-1.0.vapi libpq.vapi librsvg-2.0.vapi librsvg-2.0.deps libsexy.deps libsexy.vapi libsoup-2.2.vapi libsoup-2.4.deps libsoup-2.4.vapi libusb.vapi libusb-1.0.deps libusb-1.0.vapi libwnck-1.0.deps libwnck-1.0.vapi libwnck-3.0.deps libwnck-3.0.vapi libxml-2.0.vapi linux.deps linux.vapi loudmouth-1.0.vapi lua.vapi mx-1.0.deps mx-1.0.vapi mysql.vapi orc-0.4.vapi packagekit-glib2.deps packagekit-glib2.vapi pango.deps pango.vapi '/usr/share/vala-0.28/vapi'
 /usr/bin/install -c -m 644 pangocairo.deps pangocairo.vapi pixman-1.vapi poppler-glib.deps poppler-glib.vapi posix.vapi purple.deps purple.vapi raptor.vapi rasqal.vapi rasqal.deps readline.vapi rest-0.6.deps rest-0.6.vapi rest-extras-0.6.deps rest-extras-0.6.vapi rest-0.7.deps rest-0.7.vapi rest-extras-0.7.deps rest-extras-0.7.vapi sdl.vapi sdl-gfx.vapi sdl-gfx.deps sdl-image.vapi sdl-image.deps sdl-mixer.vapi sdl-mixer.deps sdl-net.vapi sdl-net.deps sdl-ttf.vapi sdl-ttf.deps sqlite3.vapi taglib_c.vapi tiff.vapi tokyocabinet.vapi tracker-indexer-module-1.0.vapi twitter-glib-1.0.deps twitter-glib-1.0.vapi udisks2.deps udisks2.vapi '/usr/share/vala-0.28/vapi'
 /usr/bin/install -c -m 644 unique-1.0.deps unique-1.0.vapi v4l2.vapi libvala-0.28.vapi vte.deps vte.vapi vte-2.90.deps vte-2.90.vapi webkit-1.0.deps webkit-1.0.vapi webkit2gtk-4.0.vapi webkit2gtk-4.0.deps webkit2gtk-web-extension-4.0.vapi webkit2gtk-web-extension-4.0.deps x11.vapi xcb.vapi xcb-icccm.vapi xtst.vapi xtst.deps zlib.vapi '/usr/share/vala-0.28/vapi'
make[3]: Leaving directory '/sources/7.9/vala-0.28.1/vapi'
make[2]: Leaving directory '/sources/7.9/vala-0.28.1/vapi'
Making install in tests
make[2]: Entering directory '/sources/7.9/vala-0.28.1/tests'
make  install-am
make[3]: Entering directory '/sources/7.9/vala-0.28.1/tests'
make[4]: Entering directory '/sources/7.9/vala-0.28.1/tests'
make[4]: Nothing to be done for 'install-exec-am'.
make[4]: Nothing to be done for 'install-data-am'.
make[4]: Leaving directory '/sources/7.9/vala-0.28.1/tests'
make[3]: Leaving directory '/sources/7.9/vala-0.28.1/tests'
make[2]: Leaving directory '/sources/7.9/vala-0.28.1/tests'
Making install in doc
make[2]: Entering directory '/sources/7.9/vala-0.28.1/doc'
Making install in vala
make[3]: Entering directory '/sources/7.9/vala-0.28.1/doc/vala'
make[4]: Entering directory '/sources/7.9/vala-0.28.1/doc/vala'
make[4]: Nothing to be done for 'install-exec-am'.
make[4]: Leaving directory '/sources/7.9/vala-0.28.1/doc/vala'
make[3]: Leaving directory '/sources/7.9/vala-0.28.1/doc/vala'
make[3]: Entering directory '/sources/7.9/vala-0.28.1/doc'
make[4]: Entering directory '/sources/7.9/vala-0.28.1/doc'
make[4]: Nothing to be done for 'install-exec-am'.
 /bin/mkdir -p '/usr/share/man/man1'
 /usr/bin/install -c -m 644 'valac.1' '/usr/share/man/man1/valac-0.28.1'
 /usr/bin/install -c -m 644 'vala-gen-introspect.1' '/usr/share/man/man1/vala-gen-introspect-0.28.1'
 /usr/bin/install -c -m 644 'vapigen.1' '/usr/share/man/man1/vapigen-0.28.1'
make  install-data-hook
make[5]: Entering directory '/sources/7.9/vala-0.28.1/doc'
cd /usr/share/man/man1 && ln -s -f valac-0.28.1 valac.1
cd /usr/share/man/man1 && ln -s -f vala-gen-introspect-0.28.1 vala-gen-introspect.1
cd /usr/share/man/man1 && ln -s -f vapigen-0.28.1 vapigen.1
make[5]: Leaving directory '/sources/7.9/vala-0.28.1/doc'
make[4]: Leaving directory '/sources/7.9/vala-0.28.1/doc'
make[3]: Leaving directory '/sources/7.9/vala-0.28.1/doc'
make[2]: Leaving directory '/sources/7.9/vala-0.28.1/doc'
Making install in gobject-introspection
make[2]: Entering directory '/sources/7.9/vala-0.28.1/gobject-introspection'
make  install-am
make[3]: Entering directory '/sources/7.9/vala-0.28.1/gobject-introspection'
make[4]: Entering directory '/sources/7.9/vala-0.28.1/gobject-introspection'
 /bin/mkdir -p '/usr/lib/vala-0.28'
  /bin/sh ../libtool   --mode=install /usr/bin/install -c gen-introspect '/usr/lib/vala-0.28/./gen-introspect-0.28'
libtool: install: /usr/bin/install -c gen-introspect /usr/lib/vala-0.28/./gen-introspect-0.28
make[4]: Nothing to be done for 'install-data-am'.
make[4]: Leaving directory '/sources/7.9/vala-0.28.1/gobject-introspection'
make[3]: Leaving directory '/sources/7.9/vala-0.28.1/gobject-introspection'
make[2]: Leaving directory '/sources/7.9/vala-0.28.1/gobject-introspection'
Making install in vapigen
make[2]: Entering directory '/sources/7.9/vala-0.28.1/vapigen'
make  install-recursive
make[3]: Entering directory '/sources/7.9/vala-0.28.1/vapigen'
Making install in vala-gen-introspect
make[4]: Entering directory '/sources/7.9/vala-0.28.1/vapigen/vala-gen-introspect'
make[5]: Entering directory '/sources/7.9/vala-0.28.1/vapigen/vala-gen-introspect'
 /bin/mkdir -p '/usr/bin'
 /usr/bin/install -c vala-gen-introspect '/usr/bin/./vala-gen-introspect-0.28'
make  install-exec-hook
make[6]: Entering directory '/sources/7.9/vala-0.28.1/vapigen/vala-gen-introspect'
cd /usr/bin && ln -s -f vala-gen-introspect-0.28 vala-gen-introspect
make[6]: Leaving directory '/sources/7.9/vala-0.28.1/vapigen/vala-gen-introspect'
make[5]: Nothing to be done for 'install-data-am'.
make[5]: Leaving directory '/sources/7.9/vala-0.28.1/vapigen/vala-gen-introspect'
make[4]: Leaving directory '/sources/7.9/vala-0.28.1/vapigen/vala-gen-introspect'
make[4]: Entering directory '/sources/7.9/vala-0.28.1/vapigen'
make[5]: Entering directory '/sources/7.9/vala-0.28.1/vapigen'
 /bin/mkdir -p '/usr/bin'
  /bin/sh ../libtool   --mode=install /usr/bin/install -c vapigen '/usr/bin/./vapigen-0.28'
libtool: install: /usr/bin/install -c .libs/vapigen /usr/bin/./vapigen-0.28
  /bin/sh ../libtool   --mode=install /usr/bin/install -c vapicheck '/usr/bin/./vapicheck-0.28'
libtool: install: /usr/bin/install -c .libs/vapicheck /usr/bin/./vapicheck-0.28
make  install-exec-hook
make[6]: Entering directory '/sources/7.9/vala-0.28.1/vapigen'
cd /usr/bin && ln -s -f vapigen-0.28 vapigen
cd /usr/bin && ln -s -f vapicheck-0.28 vapicheck
make[6]: Leaving directory '/sources/7.9/vala-0.28.1/vapigen'
 /bin/mkdir -p '/usr/share/aclocal'
 /usr/bin/install -c -m 644 vapigen.m4 '/usr/share/aclocal'
 /bin/mkdir -p '/usr/share/vala'
 /usr/bin/install -c -m 644 Makefile.vapigen '/usr/share/vala'
 /bin/mkdir -p '/usr/share/pkgconfig'
 /usr/bin/install -c -m 644 vapigen-0.28.pc '/usr/share/pkgconfig'
make  install-data-hook
make[6]: Entering directory '/sources/7.9/vala-0.28.1/vapigen'
cd /usr/share/pkgconfig && ln -s -f vapigen-0.28.pc vapigen.pc
make[6]: Leaving directory '/sources/7.9/vala-0.28.1/vapigen'
make[5]: Leaving directory '/sources/7.9/vala-0.28.1/vapigen'
make[4]: Leaving directory '/sources/7.9/vala-0.28.1/vapigen'
make[3]: Leaving directory '/sources/7.9/vala-0.28.1/vapigen'
make[2]: Leaving directory '/sources/7.9/vala-0.28.1/vapigen'
make[2]: Entering directory '/sources/7.9/vala-0.28.1'
make[3]: Entering directory '/sources/7.9/vala-0.28.1'
make[3]: Nothing to be done for 'install-exec-am'.
 /bin/mkdir -p '/usr/share/aclocal'
 /usr/bin/install -c -m 644 vala.m4 '/usr/share/aclocal'
 /bin/mkdir -p '/usr/lib/pkgconfig'
 /usr/bin/install -c -m 644 libvala-0.28.pc '/usr/lib/pkgconfig'
make[3]: Leaving directory '/sources/7.9/vala-0.28.1'
make[2]: Leaving directory '/sources/7.9/vala-0.28.1'
make[1]: Leaving directory '/sources/7.9/vala-0.28.1'
