checking build system type... x86_64-unknown-linux-gnu
checking host system type... x86_64-unknown-linux-gnu
checking target system type... x86_64-unknown-linux-gnu
checking for a BSD-compatible install... /usr/bin/install -c
checking whether build environment is sane... yes
checking for gawk... gawk
checking whether make sets $(MAKE)... yes
checking whether to enable maintainer-specific portions of Makefiles... no
checking for gcc... gcc
checking for C compiler default output file name... a.out
checking whether the C compiler works... yes
checking whether we are cross compiling... no
checking for suffix of executables... 
checking for suffix of object files... o
checking whether we are using the GNU C compiler... yes
checking whether gcc accepts -g... yes
checking for gcc option to accept ISO C89... none needed
checking for style of include used by make... GNU
checking dependency style of gcc... gcc3
checking how to run the C preprocessor... gcc -E
checking whether gcc and cc understand -c and -o together... yes
checking for a sed that does not truncate output... /bin/sed
checking for grep that handles long lines and -e... /bin/grep
checking for egrep... /bin/grep -E
checking for fgrep... /bin/grep -F
checking for ld used by gcc... /usr/bin/ld
checking if the linker (/usr/bin/ld) is GNU ld... yes
checking for BSD- or MS-compatible name lister (nm)... /usr/bin/nm -B
checking the name lister (/usr/bin/nm -B) interface... BSD nm
checking whether ln -s works... yes
checking the maximum length of command line arguments... 1572864
checking whether the shell understands some XSI constructs... yes
checking whether the shell understands "+="... yes
checking for /usr/bin/ld option to reload object files... -r
checking for objdump... objdump
checking how to recognize dependent libraries... pass_all
checking for ar... ar
checking for strip... strip
checking for ranlib... ranlib
checking command to parse /usr/bin/nm -B output from gcc object... ok
checking for ANSI C header files... yes
checking for sys/types.h... yes
checking for sys/stat.h... yes
checking for stdlib.h... yes
checking for string.h... yes
checking for memory.h... yes
checking for strings.h... yes
checking for inttypes.h... yes
checking for stdint.h... yes
checking for unistd.h... yes
checking for dlfcn.h... yes
checking for objdir... .libs
checking if gcc supports -fno-rtti -fno-exceptions... no
checking for gcc option to produce PIC... -fPIC -DPIC
checking if gcc PIC flag -fPIC -DPIC works... yes
checking if gcc static flag -static works... yes
checking if gcc supports -c -o file.o... yes
checking if gcc supports -c -o file.o... (cached) yes
checking whether the gcc linker (/usr/bin/ld -m elf_x86_64) supports shared libraries... yes
checking whether -lc should be explicitly linked in... no
checking dynamic linker characteristics... GNU/Linux ld.so
checking how to hardcode library paths into programs... immediate
checking whether stripping libraries is possible... yes
checking if libtool supports shared libraries... yes
checking whether to build shared libraries... yes
checking whether to build static libraries... no
checking for doxygen... false
checking for pdflatex... no
checking for bibtex... no
checking for fig2dev... no
checking for ld used by gcc... (cached) /usr/bin/ld
checking if the linker (/usr/bin/ld) is GNU ld... (cached) yes
checking how to control symbol export... --version-script
checking for pkg-config... yes
checking for pkg-config... /usr/bin/pkg-config
checking pkg-config is at least version 0.9.0... yes
checking for OGG... yes
checking for VORBIS... yes
checking for sdl-config... no
checking for SDL - version >= 0.11.0... no
*** The sdl-config script installed by SDL could not be found
*** If SDL was installed in PREFIX, make sure PREFIX/bin is in
*** your path, or set the SDL_CONFIG environment variable to the
*** full path to sdl-config.
checking sys/soundcard.h usability... yes
checking sys/soundcard.h presence... yes
checking for sys/soundcard.h... yes
checking for PNG... yes
checking for library containing ftime... none required
checking for getopt_long... yes
configure: creating ./config.status
config.status: creating Makefile
config.status: creating lib/Makefile
config.status: creating include/Makefile
config.status: creating include/theora/Makefile
config.status: creating examples/Makefile
config.status: creating doc/Makefile
config.status: creating doc/Doxyfile
config.status: creating doc/spec/Makefile
config.status: creating tests/Makefile
config.status: creating m4/Makefile
config.status: creating libtheora.spec
config.status: creating theora.pc
config.status: creating theora-uninstalled.pc
config.status: creating theoradec.pc
config.status: creating theoradec-uninstalled.pc
config.status: creating theoraenc.pc
config.status: creating theoraenc-uninstalled.pc
config.status: creating config.h
config.status: executing depfiles commands
config.status: executing libtool commands

------------------------------------------------------------------------
  libtheora 1.1.1:  Automatic configuration OK.

  General configuration:

    Encoding support: ........... yes
    Floating point support: ..... yes
    Assembly optimization: ...... 64 bit x86
    Debugging telemetry: ........ no
    Build example code: ......... yes
    API Documentation: .......... no
    Format Documentation: ....... no

  Installation paths:

    libtheora: ................... /usr/lib
    C header files: .............. /usr/include/theora
    Documentation: ............... /usr/share/doc/libtheora

  Building:

    Type 'make' to compile libtheora.

    Type 'make install' to install libtheora.

    Type 'make check' to run test suite (Valgrind testing not enabled)

  Example programs will be built but not installed.
------------------------------------------------------------------------

make  all-recursive
make[1]: Entering directory '/sources/7.9/libtheora-1.1.1'
Making all in lib
make[2]: Entering directory '/sources/7.9/libtheora-1.1.1/lib'
source='apiwrapper.c' object='apiwrapper.lo' libtool=yes \
depfile='.deps/apiwrapper.Plo' tmpdepfile='.deps/apiwrapper.TPlo' \
depmode=gcc3 /bin/sh ../depcomp \
/bin/sh ../libtool --mode=compile gcc -DHAVE_CONFIG_H -I. -I. -I.. -I../include     -Wall -Wno-parentheses -O3 -fforce-addr -fomit-frame-pointer -finline-functions -funroll-loops  -c -o apiwrapper.lo `test -f 'apiwrapper.c' || echo './'`apiwrapper.c
libtool: compile:  gcc -DHAVE_CONFIG_H -I. -I. -I.. -I../include -Wall -Wno-parentheses -O3 -fforce-addr -fomit-frame-pointer -finline-functions -funroll-loops -c apiwrapper.c -MT apiwrapper.lo -MD -MP -MF .deps/apiwrapper.TPlo  -fPIC -DPIC -o .libs/apiwrapper.o
source='bitpack.c' object='bitpack.lo' libtool=yes \
depfile='.deps/bitpack.Plo' tmpdepfile='.deps/bitpack.TPlo' \
depmode=gcc3 /bin/sh ../depcomp \
/bin/sh ../libtool --mode=compile gcc -DHAVE_CONFIG_H -I. -I. -I.. -I../include     -Wall -Wno-parentheses -O3 -fforce-addr -fomit-frame-pointer -finline-functions -funroll-loops  -c -o bitpack.lo `test -f 'bitpack.c' || echo './'`bitpack.c
libtool: compile:  gcc -DHAVE_CONFIG_H -I. -I. -I.. -I../include -Wall -Wno-parentheses -O3 -fforce-addr -fomit-frame-pointer -finline-functions -funroll-loops -c bitpack.c -MT bitpack.lo -MD -MP -MF .deps/bitpack.TPlo  -fPIC -DPIC -o .libs/bitpack.o
source='decapiwrapper.c' object='decapiwrapper.lo' libtool=yes \
depfile='.deps/decapiwrapper.Plo' tmpdepfile='.deps/decapiwrapper.TPlo' \
depmode=gcc3 /bin/sh ../depcomp \
/bin/sh ../libtool --mode=compile gcc -DHAVE_CONFIG_H -I. -I. -I.. -I../include     -Wall -Wno-parentheses -O3 -fforce-addr -fomit-frame-pointer -finline-functions -funroll-loops  -c -o decapiwrapper.lo `test -f 'decapiwrapper.c' || echo './'`decapiwrapper.c
libtool: compile:  gcc -DHAVE_CONFIG_H -I. -I. -I.. -I../include -Wall -Wno-parentheses -O3 -fforce-addr -fomit-frame-pointer -finline-functions -funroll-loops -c decapiwrapper.c -MT decapiwrapper.lo -MD -MP -MF .deps/decapiwrapper.TPlo  -fPIC -DPIC -o .libs/decapiwrapper.o
source='decinfo.c' object='decinfo.lo' libtool=yes \
depfile='.deps/decinfo.Plo' tmpdepfile='.deps/decinfo.TPlo' \
depmode=gcc3 /bin/sh ../depcomp \
/bin/sh ../libtool --mode=compile gcc -DHAVE_CONFIG_H -I. -I. -I.. -I../include     -Wall -Wno-parentheses -O3 -fforce-addr -fomit-frame-pointer -finline-functions -funroll-loops  -c -o decinfo.lo `test -f 'decinfo.c' || echo './'`decinfo.c
libtool: compile:  gcc -DHAVE_CONFIG_H -I. -I. -I.. -I../include -Wall -Wno-parentheses -O3 -fforce-addr -fomit-frame-pointer -finline-functions -funroll-loops -c decinfo.c -MT decinfo.lo -MD -MP -MF .deps/decinfo.TPlo  -fPIC -DPIC -o .libs/decinfo.o
source='decode.c' object='decode.lo' libtool=yes \
depfile='.deps/decode.Plo' tmpdepfile='.deps/decode.TPlo' \
depmode=gcc3 /bin/sh ../depcomp \
/bin/sh ../libtool --mode=compile gcc -DHAVE_CONFIG_H -I. -I. -I.. -I../include     -Wall -Wno-parentheses -O3 -fforce-addr -fomit-frame-pointer -finline-functions -funroll-loops  -c -o decode.lo `test -f 'decode.c' || echo './'`decode.c
libtool: compile:  gcc -DHAVE_CONFIG_H -I. -I. -I.. -I../include -Wall -Wno-parentheses -O3 -fforce-addr -fomit-frame-pointer -finline-functions -funroll-loops -c decode.c -MT decode.lo -MD -MP -MF .deps/decode.TPlo  -fPIC -DPIC -o .libs/decode.o
source='dequant.c' object='dequant.lo' libtool=yes \
depfile='.deps/dequant.Plo' tmpdepfile='.deps/dequant.TPlo' \
depmode=gcc3 /bin/sh ../depcomp \
/bin/sh ../libtool --mode=compile gcc -DHAVE_CONFIG_H -I. -I. -I.. -I../include     -Wall -Wno-parentheses -O3 -fforce-addr -fomit-frame-pointer -finline-functions -funroll-loops  -c -o dequant.lo `test -f 'dequant.c' || echo './'`dequant.c
libtool: compile:  gcc -DHAVE_CONFIG_H -I. -I. -I.. -I../include -Wall -Wno-parentheses -O3 -fforce-addr -fomit-frame-pointer -finline-functions -funroll-loops -c dequant.c -MT dequant.lo -MD -MP -MF .deps/dequant.TPlo  -fPIC -DPIC -o .libs/dequant.o
source='fragment.c' object='fragment.lo' libtool=yes \
depfile='.deps/fragment.Plo' tmpdepfile='.deps/fragment.TPlo' \
depmode=gcc3 /bin/sh ../depcomp \
/bin/sh ../libtool --mode=compile gcc -DHAVE_CONFIG_H -I. -I. -I.. -I../include     -Wall -Wno-parentheses -O3 -fforce-addr -fomit-frame-pointer -finline-functions -funroll-loops  -c -o fragment.lo `test -f 'fragment.c' || echo './'`fragment.c
libtool: compile:  gcc -DHAVE_CONFIG_H -I. -I. -I.. -I../include -Wall -Wno-parentheses -O3 -fforce-addr -fomit-frame-pointer -finline-functions -funroll-loops -c fragment.c -MT fragment.lo -MD -MP -MF .deps/fragment.TPlo  -fPIC -DPIC -o .libs/fragment.o
source='huffdec.c' object='huffdec.lo' libtool=yes \
depfile='.deps/huffdec.Plo' tmpdepfile='.deps/huffdec.TPlo' \
depmode=gcc3 /bin/sh ../depcomp \
/bin/sh ../libtool --mode=compile gcc -DHAVE_CONFIG_H -I. -I. -I.. -I../include     -Wall -Wno-parentheses -O3 -fforce-addr -fomit-frame-pointer -finline-functions -funroll-loops  -c -o huffdec.lo `test -f 'huffdec.c' || echo './'`huffdec.c
libtool: compile:  gcc -DHAVE_CONFIG_H -I. -I. -I.. -I../include -Wall -Wno-parentheses -O3 -fforce-addr -fomit-frame-pointer -finline-functions -funroll-loops -c huffdec.c -MT huffdec.lo -MD -MP -MF .deps/huffdec.TPlo  -fPIC -DPIC -o .libs/huffdec.o
source='idct.c' object='idct.lo' libtool=yes \
depfile='.deps/idct.Plo' tmpdepfile='.deps/idct.TPlo' \
depmode=gcc3 /bin/sh ../depcomp \
/bin/sh ../libtool --mode=compile gcc -DHAVE_CONFIG_H -I. -I. -I.. -I../include     -Wall -Wno-parentheses -O3 -fforce-addr -fomit-frame-pointer -finline-functions -funroll-loops  -c -o idct.lo `test -f 'idct.c' || echo './'`idct.c
libtool: compile:  gcc -DHAVE_CONFIG_H -I. -I. -I.. -I../include -Wall -Wno-parentheses -O3 -fforce-addr -fomit-frame-pointer -finline-functions -funroll-loops -c idct.c -MT idct.lo -MD -MP -MF .deps/idct.TPlo  -fPIC -DPIC -o .libs/idct.o
source='info.c' object='info.lo' libtool=yes \
depfile='.deps/info.Plo' tmpdepfile='.deps/info.TPlo' \
depmode=gcc3 /bin/sh ../depcomp \
/bin/sh ../libtool --mode=compile gcc -DHAVE_CONFIG_H -I. -I. -I.. -I../include     -Wall -Wno-parentheses -O3 -fforce-addr -fomit-frame-pointer -finline-functions -funroll-loops  -c -o info.lo `test -f 'info.c' || echo './'`info.c
libtool: compile:  gcc -DHAVE_CONFIG_H -I. -I. -I.. -I../include -Wall -Wno-parentheses -O3 -fforce-addr -fomit-frame-pointer -finline-functions -funroll-loops -c info.c -MT info.lo -MD -MP -MF .deps/info.TPlo  -fPIC -DPIC -o .libs/info.o
source='internal.c' object='internal.lo' libtool=yes \
depfile='.deps/internal.Plo' tmpdepfile='.deps/internal.TPlo' \
depmode=gcc3 /bin/sh ../depcomp \
/bin/sh ../libtool --mode=compile gcc -DHAVE_CONFIG_H -I. -I. -I.. -I../include     -Wall -Wno-parentheses -O3 -fforce-addr -fomit-frame-pointer -finline-functions -funroll-loops  -c -o internal.lo `test -f 'internal.c' || echo './'`internal.c
libtool: compile:  gcc -DHAVE_CONFIG_H -I. -I. -I.. -I../include -Wall -Wno-parentheses -O3 -fforce-addr -fomit-frame-pointer -finline-functions -funroll-loops -c internal.c -MT internal.lo -MD -MP -MF .deps/internal.TPlo  -fPIC -DPIC -o .libs/internal.o
source='quant.c' object='quant.lo' libtool=yes \
depfile='.deps/quant.Plo' tmpdepfile='.deps/quant.TPlo' \
depmode=gcc3 /bin/sh ../depcomp \
/bin/sh ../libtool --mode=compile gcc -DHAVE_CONFIG_H -I. -I. -I.. -I../include     -Wall -Wno-parentheses -O3 -fforce-addr -fomit-frame-pointer -finline-functions -funroll-loops  -c -o quant.lo `test -f 'quant.c' || echo './'`quant.c
libtool: compile:  gcc -DHAVE_CONFIG_H -I. -I. -I.. -I../include -Wall -Wno-parentheses -O3 -fforce-addr -fomit-frame-pointer -finline-functions -funroll-loops -c quant.c -MT quant.lo -MD -MP -MF .deps/quant.TPlo  -fPIC -DPIC -o .libs/quant.o
source='state.c' object='state.lo' libtool=yes \
depfile='.deps/state.Plo' tmpdepfile='.deps/state.TPlo' \
depmode=gcc3 /bin/sh ../depcomp \
/bin/sh ../libtool --mode=compile gcc -DHAVE_CONFIG_H -I. -I. -I.. -I../include     -Wall -Wno-parentheses -O3 -fforce-addr -fomit-frame-pointer -finline-functions -funroll-loops  -c -o state.lo `test -f 'state.c' || echo './'`state.c
libtool: compile:  gcc -DHAVE_CONFIG_H -I. -I. -I.. -I../include -Wall -Wno-parentheses -O3 -fforce-addr -fomit-frame-pointer -finline-functions -funroll-loops -c state.c -MT state.lo -MD -MP -MF .deps/state.TPlo  -fPIC -DPIC -o .libs/state.o
source='x86/mmxidct.c' object='mmxidct.lo' libtool=yes \
depfile='.deps/mmxidct.Plo' tmpdepfile='.deps/mmxidct.TPlo' \
depmode=gcc3 /bin/sh ../depcomp \
/bin/sh ../libtool --mode=compile gcc -DHAVE_CONFIG_H -I. -I. -I.. -I../include     -Wall -Wno-parentheses -O3 -fforce-addr -fomit-frame-pointer -finline-functions -funroll-loops  -c -o mmxidct.lo `test -f 'x86/mmxidct.c' || echo './'`x86/mmxidct.c
libtool: compile:  gcc -DHAVE_CONFIG_H -I. -I. -I.. -I../include -Wall -Wno-parentheses -O3 -fforce-addr -fomit-frame-pointer -finline-functions -funroll-loops -c x86/mmxidct.c -MT mmxidct.lo -MD -MP -MF .deps/mmxidct.TPlo  -fPIC -DPIC -o .libs/mmxidct.o
source='x86/mmxfrag.c' object='mmxfrag.lo' libtool=yes \
depfile='.deps/mmxfrag.Plo' tmpdepfile='.deps/mmxfrag.TPlo' \
depmode=gcc3 /bin/sh ../depcomp \
/bin/sh ../libtool --mode=compile gcc -DHAVE_CONFIG_H -I. -I. -I.. -I../include     -Wall -Wno-parentheses -O3 -fforce-addr -fomit-frame-pointer -finline-functions -funroll-loops  -c -o mmxfrag.lo `test -f 'x86/mmxfrag.c' || echo './'`x86/mmxfrag.c
libtool: compile:  gcc -DHAVE_CONFIG_H -I. -I. -I.. -I../include -Wall -Wno-parentheses -O3 -fforce-addr -fomit-frame-pointer -finline-functions -funroll-loops -c x86/mmxfrag.c -MT mmxfrag.lo -MD -MP -MF .deps/mmxfrag.TPlo  -fPIC -DPIC -o .libs/mmxfrag.o
source='x86/mmxstate.c' object='mmxstate.lo' libtool=yes \
depfile='.deps/mmxstate.Plo' tmpdepfile='.deps/mmxstate.TPlo' \
depmode=gcc3 /bin/sh ../depcomp \
/bin/sh ../libtool --mode=compile gcc -DHAVE_CONFIG_H -I. -I. -I.. -I../include     -Wall -Wno-parentheses -O3 -fforce-addr -fomit-frame-pointer -finline-functions -funroll-loops  -c -o mmxstate.lo `test -f 'x86/mmxstate.c' || echo './'`x86/mmxstate.c
libtool: compile:  gcc -DHAVE_CONFIG_H -I. -I. -I.. -I../include -Wall -Wno-parentheses -O3 -fforce-addr -fomit-frame-pointer -finline-functions -funroll-loops -c x86/mmxstate.c -MT mmxstate.lo -MD -MP -MF .deps/mmxstate.TPlo  -fPIC -DPIC -o .libs/mmxstate.o
source='x86/x86state.c' object='x86state.lo' libtool=yes \
depfile='.deps/x86state.Plo' tmpdepfile='.deps/x86state.TPlo' \
depmode=gcc3 /bin/sh ../depcomp \
/bin/sh ../libtool --mode=compile gcc -DHAVE_CONFIG_H -I. -I. -I.. -I../include     -Wall -Wno-parentheses -O3 -fforce-addr -fomit-frame-pointer -finline-functions -funroll-loops  -c -o x86state.lo `test -f 'x86/x86state.c' || echo './'`x86/x86state.c
libtool: compile:  gcc -DHAVE_CONFIG_H -I. -I. -I.. -I../include -Wall -Wno-parentheses -O3 -fforce-addr -fomit-frame-pointer -finline-functions -funroll-loops -c x86/x86state.c -MT x86state.lo -MD -MP -MF .deps/x86state.TPlo  -fPIC -DPIC -o .libs/x86state.o
/bin/sh ../libtool --mode=link gcc   -Wall -Wno-parentheses -O3 -fforce-addr -fomit-frame-pointer -finline-functions -funroll-loops    -o libtheoradec.la -rpath /usr/lib -version-info 2:4:1 -Wl,--version-script=./Version_script-dec  apiwrapper.lo bitpack.lo decapiwrapper.lo decinfo.lo decode.lo dequant.lo fragment.lo huffdec.lo idct.lo info.lo internal.lo quant.lo state.lo mmxidct.lo mmxfrag.lo mmxstate.lo x86state.lo  
libtool: link: gcc -shared  .libs/apiwrapper.o .libs/bitpack.o .libs/decapiwrapper.o .libs/decinfo.o .libs/decode.o .libs/dequant.o .libs/fragment.o .libs/huffdec.o .libs/idct.o .libs/info.o .libs/internal.o .libs/quant.o .libs/state.o .libs/mmxidct.o .libs/mmxfrag.o .libs/mmxstate.o .libs/x86state.o    -Wl,--version-script=./Version_script-dec   -Wl,-soname -Wl,libtheoradec.so.1 -o .libs/libtheoradec.so.1.1.4
libtool: link: (cd ".libs" && rm -f "libtheoradec.so.1" && ln -s "libtheoradec.so.1.1.4" "libtheoradec.so.1")
libtool: link: (cd ".libs" && rm -f "libtheoradec.so" && ln -s "libtheoradec.so.1.1.4" "libtheoradec.so")
libtool: link: ( cd ".libs" && rm -f "libtheoradec.la" && ln -s "../libtheoradec.la" "libtheoradec.la" )
source='analyze.c' object='analyze.lo' libtool=yes \
depfile='.deps/analyze.Plo' tmpdepfile='.deps/analyze.TPlo' \
depmode=gcc3 /bin/sh ../depcomp \
/bin/sh ../libtool --mode=compile gcc -DHAVE_CONFIG_H -I. -I. -I.. -I../include     -Wall -Wno-parentheses -O3 -fforce-addr -fomit-frame-pointer -finline-functions -funroll-loops  -c -o analyze.lo `test -f 'analyze.c' || echo './'`analyze.c
libtool: compile:  gcc -DHAVE_CONFIG_H -I. -I. -I.. -I../include -Wall -Wno-parentheses -O3 -fforce-addr -fomit-frame-pointer -finline-functions -funroll-loops -c analyze.c -MT analyze.lo -MD -MP -MF .deps/analyze.TPlo  -fPIC -DPIC -o .libs/analyze.o
source='fdct.c' object='fdct.lo' libtool=yes \
depfile='.deps/fdct.Plo' tmpdepfile='.deps/fdct.TPlo' \
depmode=gcc3 /bin/sh ../depcomp \
/bin/sh ../libtool --mode=compile gcc -DHAVE_CONFIG_H -I. -I. -I.. -I../include     -Wall -Wno-parentheses -O3 -fforce-addr -fomit-frame-pointer -finline-functions -funroll-loops  -c -o fdct.lo `test -f 'fdct.c' || echo './'`fdct.c
libtool: compile:  gcc -DHAVE_CONFIG_H -I. -I. -I.. -I../include -Wall -Wno-parentheses -O3 -fforce-addr -fomit-frame-pointer -finline-functions -funroll-loops -c fdct.c -MT fdct.lo -MD -MP -MF .deps/fdct.TPlo  -fPIC -DPIC -o .libs/fdct.o
source='encfrag.c' object='encfrag.lo' libtool=yes \
depfile='.deps/encfrag.Plo' tmpdepfile='.deps/encfrag.TPlo' \
depmode=gcc3 /bin/sh ../depcomp \
/bin/sh ../libtool --mode=compile gcc -DHAVE_CONFIG_H -I. -I. -I.. -I../include     -Wall -Wno-parentheses -O3 -fforce-addr -fomit-frame-pointer -finline-functions -funroll-loops  -c -o encfrag.lo `test -f 'encfrag.c' || echo './'`encfrag.c
libtool: compile:  gcc -DHAVE_CONFIG_H -I. -I. -I.. -I../include -Wall -Wno-parentheses -O3 -fforce-addr -fomit-frame-pointer -finline-functions -funroll-loops -c encfrag.c -MT encfrag.lo -MD -MP -MF .deps/encfrag.TPlo  -fPIC -DPIC -o .libs/encfrag.o
source='encapiwrapper.c' object='encapiwrapper.lo' libtool=yes \
depfile='.deps/encapiwrapper.Plo' tmpdepfile='.deps/encapiwrapper.TPlo' \
depmode=gcc3 /bin/sh ../depcomp \
/bin/sh ../libtool --mode=compile gcc -DHAVE_CONFIG_H -I. -I. -I.. -I../include     -Wall -Wno-parentheses -O3 -fforce-addr -fomit-frame-pointer -finline-functions -funroll-loops  -c -o encapiwrapper.lo `test -f 'encapiwrapper.c' || echo './'`encapiwrapper.c
libtool: compile:  gcc -DHAVE_CONFIG_H -I. -I. -I.. -I../include -Wall -Wno-parentheses -O3 -fforce-addr -fomit-frame-pointer -finline-functions -funroll-loops -c encapiwrapper.c -MT encapiwrapper.lo -MD -MP -MF .deps/encapiwrapper.TPlo  -fPIC -DPIC -o .libs/encapiwrapper.o
source='encinfo.c' object='encinfo.lo' libtool=yes \
depfile='.deps/encinfo.Plo' tmpdepfile='.deps/encinfo.TPlo' \
depmode=gcc3 /bin/sh ../depcomp \
/bin/sh ../libtool --mode=compile gcc -DHAVE_CONFIG_H -I. -I. -I.. -I../include     -Wall -Wno-parentheses -O3 -fforce-addr -fomit-frame-pointer -finline-functions -funroll-loops  -c -o encinfo.lo `test -f 'encinfo.c' || echo './'`encinfo.c
libtool: compile:  gcc -DHAVE_CONFIG_H -I. -I. -I.. -I../include -Wall -Wno-parentheses -O3 -fforce-addr -fomit-frame-pointer -finline-functions -funroll-loops -c encinfo.c -MT encinfo.lo -MD -MP -MF .deps/encinfo.TPlo  -fPIC -DPIC -o .libs/encinfo.o
source='encode.c' object='encode.lo' libtool=yes \
depfile='.deps/encode.Plo' tmpdepfile='.deps/encode.TPlo' \
depmode=gcc3 /bin/sh ../depcomp \
/bin/sh ../libtool --mode=compile gcc -DHAVE_CONFIG_H -I. -I. -I.. -I../include     -Wall -Wno-parentheses -O3 -fforce-addr -fomit-frame-pointer -finline-functions -funroll-loops  -c -o encode.lo `test -f 'encode.c' || echo './'`encode.c
libtool: compile:  gcc -DHAVE_CONFIG_H -I. -I. -I.. -I../include -Wall -Wno-parentheses -O3 -fforce-addr -fomit-frame-pointer -finline-functions -funroll-loops -c encode.c -MT encode.lo -MD -MP -MF .deps/encode.TPlo  -fPIC -DPIC -o .libs/encode.o
source='enquant.c' object='enquant.lo' libtool=yes \
depfile='.deps/enquant.Plo' tmpdepfile='.deps/enquant.TPlo' \
depmode=gcc3 /bin/sh ../depcomp \
/bin/sh ../libtool --mode=compile gcc -DHAVE_CONFIG_H -I. -I. -I.. -I../include     -Wall -Wno-parentheses -O3 -fforce-addr -fomit-frame-pointer -finline-functions -funroll-loops  -c -o enquant.lo `test -f 'enquant.c' || echo './'`enquant.c
libtool: compile:  gcc -DHAVE_CONFIG_H -I. -I. -I.. -I../include -Wall -Wno-parentheses -O3 -fforce-addr -fomit-frame-pointer -finline-functions -funroll-loops -c enquant.c -MT enquant.lo -MD -MP -MF .deps/enquant.TPlo  -fPIC -DPIC -o .libs/enquant.o
source='huffenc.c' object='huffenc.lo' libtool=yes \
depfile='.deps/huffenc.Plo' tmpdepfile='.deps/huffenc.TPlo' \
depmode=gcc3 /bin/sh ../depcomp \
/bin/sh ../libtool --mode=compile gcc -DHAVE_CONFIG_H -I. -I. -I.. -I../include     -Wall -Wno-parentheses -O3 -fforce-addr -fomit-frame-pointer -finline-functions -funroll-loops  -c -o huffenc.lo `test -f 'huffenc.c' || echo './'`huffenc.c
libtool: compile:  gcc -DHAVE_CONFIG_H -I. -I. -I.. -I../include -Wall -Wno-parentheses -O3 -fforce-addr -fomit-frame-pointer -finline-functions -funroll-loops -c huffenc.c -MT huffenc.lo -MD -MP -MF .deps/huffenc.TPlo  -fPIC -DPIC -o .libs/huffenc.o
source='mathops.c' object='mathops.lo' libtool=yes \
depfile='.deps/mathops.Plo' tmpdepfile='.deps/mathops.TPlo' \
depmode=gcc3 /bin/sh ../depcomp \
/bin/sh ../libtool --mode=compile gcc -DHAVE_CONFIG_H -I. -I. -I.. -I../include     -Wall -Wno-parentheses -O3 -fforce-addr -fomit-frame-pointer -finline-functions -funroll-loops  -c -o mathops.lo `test -f 'mathops.c' || echo './'`mathops.c
libtool: compile:  gcc -DHAVE_CONFIG_H -I. -I. -I.. -I../include -Wall -Wno-parentheses -O3 -fforce-addr -fomit-frame-pointer -finline-functions -funroll-loops -c mathops.c -MT mathops.lo -MD -MP -MF .deps/mathops.TPlo  -fPIC -DPIC -o .libs/mathops.o
source='mcenc.c' object='mcenc.lo' libtool=yes \
depfile='.deps/mcenc.Plo' tmpdepfile='.deps/mcenc.TPlo' \
depmode=gcc3 /bin/sh ../depcomp \
/bin/sh ../libtool --mode=compile gcc -DHAVE_CONFIG_H -I. -I. -I.. -I../include     -Wall -Wno-parentheses -O3 -fforce-addr -fomit-frame-pointer -finline-functions -funroll-loops  -c -o mcenc.lo `test -f 'mcenc.c' || echo './'`mcenc.c
libtool: compile:  gcc -DHAVE_CONFIG_H -I. -I. -I.. -I../include -Wall -Wno-parentheses -O3 -fforce-addr -fomit-frame-pointer -finline-functions -funroll-loops -c mcenc.c -MT mcenc.lo -MD -MP -MF .deps/mcenc.TPlo  -fPIC -DPIC -o .libs/mcenc.o
source='rate.c' object='rate.lo' libtool=yes \
depfile='.deps/rate.Plo' tmpdepfile='.deps/rate.TPlo' \
depmode=gcc3 /bin/sh ../depcomp \
/bin/sh ../libtool --mode=compile gcc -DHAVE_CONFIG_H -I. -I. -I.. -I../include     -Wall -Wno-parentheses -O3 -fforce-addr -fomit-frame-pointer -finline-functions -funroll-loops  -c -o rate.lo `test -f 'rate.c' || echo './'`rate.c
libtool: compile:  gcc -DHAVE_CONFIG_H -I. -I. -I.. -I../include -Wall -Wno-parentheses -O3 -fforce-addr -fomit-frame-pointer -finline-functions -funroll-loops -c rate.c -MT rate.lo -MD -MP -MF .deps/rate.TPlo  -fPIC -DPIC -o .libs/rate.o
source='tokenize.c' object='tokenize.lo' libtool=yes \
depfile='.deps/tokenize.Plo' tmpdepfile='.deps/tokenize.TPlo' \
depmode=gcc3 /bin/sh ../depcomp \
/bin/sh ../libtool --mode=compile gcc -DHAVE_CONFIG_H -I. -I. -I.. -I../include     -Wall -Wno-parentheses -O3 -fforce-addr -fomit-frame-pointer -finline-functions -funroll-loops  -c -o tokenize.lo `test -f 'tokenize.c' || echo './'`tokenize.c
libtool: compile:  gcc -DHAVE_CONFIG_H -I. -I. -I.. -I../include -Wall -Wno-parentheses -O3 -fforce-addr -fomit-frame-pointer -finline-functions -funroll-loops -c tokenize.c -MT tokenize.lo -MD -MP -MF .deps/tokenize.TPlo  -fPIC -DPIC -o .libs/tokenize.o
source='x86/mmxencfrag.c' object='mmxencfrag.lo' libtool=yes \
depfile='.deps/mmxencfrag.Plo' tmpdepfile='.deps/mmxencfrag.TPlo' \
depmode=gcc3 /bin/sh ../depcomp \
/bin/sh ../libtool --mode=compile gcc -DHAVE_CONFIG_H -I. -I. -I.. -I../include     -Wall -Wno-parentheses -O3 -fforce-addr -fomit-frame-pointer -finline-functions -funroll-loops  -c -o mmxencfrag.lo `test -f 'x86/mmxencfrag.c' || echo './'`x86/mmxencfrag.c
libtool: compile:  gcc -DHAVE_CONFIG_H -I. -I. -I.. -I../include -Wall -Wno-parentheses -O3 -fforce-addr -fomit-frame-pointer -finline-functions -funroll-loops -c x86/mmxencfrag.c -MT mmxencfrag.lo -MD -MP -MF .deps/mmxencfrag.TPlo  -fPIC -DPIC -o .libs/mmxencfrag.o
source='x86/mmxfdct.c' object='mmxfdct.lo' libtool=yes \
depfile='.deps/mmxfdct.Plo' tmpdepfile='.deps/mmxfdct.TPlo' \
depmode=gcc3 /bin/sh ../depcomp \
/bin/sh ../libtool --mode=compile gcc -DHAVE_CONFIG_H -I. -I. -I.. -I../include     -Wall -Wno-parentheses -O3 -fforce-addr -fomit-frame-pointer -finline-functions -funroll-loops  -c -o mmxfdct.lo `test -f 'x86/mmxfdct.c' || echo './'`x86/mmxfdct.c
libtool: compile:  gcc -DHAVE_CONFIG_H -I. -I. -I.. -I../include -Wall -Wno-parentheses -O3 -fforce-addr -fomit-frame-pointer -finline-functions -funroll-loops -c x86/mmxfdct.c -MT mmxfdct.lo -MD -MP -MF .deps/mmxfdct.TPlo  -fPIC -DPIC -o .libs/mmxfdct.o
source='x86/x86enc.c' object='x86enc.lo' libtool=yes \
depfile='.deps/x86enc.Plo' tmpdepfile='.deps/x86enc.TPlo' \
depmode=gcc3 /bin/sh ../depcomp \
/bin/sh ../libtool --mode=compile gcc -DHAVE_CONFIG_H -I. -I. -I.. -I../include     -Wall -Wno-parentheses -O3 -fforce-addr -fomit-frame-pointer -finline-functions -funroll-loops  -c -o x86enc.lo `test -f 'x86/x86enc.c' || echo './'`x86/x86enc.c
libtool: compile:  gcc -DHAVE_CONFIG_H -I. -I. -I.. -I../include -Wall -Wno-parentheses -O3 -fforce-addr -fomit-frame-pointer -finline-functions -funroll-loops -c x86/x86enc.c -MT x86enc.lo -MD -MP -MF .deps/x86enc.TPlo  -fPIC -DPIC -o .libs/x86enc.o
source='x86/sse2fdct.c' object='sse2fdct.lo' libtool=yes \
depfile='.deps/sse2fdct.Plo' tmpdepfile='.deps/sse2fdct.TPlo' \
depmode=gcc3 /bin/sh ../depcomp \
/bin/sh ../libtool --mode=compile gcc -DHAVE_CONFIG_H -I. -I. -I.. -I../include     -Wall -Wno-parentheses -O3 -fforce-addr -fomit-frame-pointer -finline-functions -funroll-loops  -c -o sse2fdct.lo `test -f 'x86/sse2fdct.c' || echo './'`x86/sse2fdct.c
libtool: compile:  gcc -DHAVE_CONFIG_H -I. -I. -I.. -I../include -Wall -Wno-parentheses -O3 -fforce-addr -fomit-frame-pointer -finline-functions -funroll-loops -c x86/sse2fdct.c -MT sse2fdct.lo -MD -MP -MF .deps/sse2fdct.TPlo  -fPIC -DPIC -o .libs/sse2fdct.o
/bin/sh ../libtool --mode=link gcc   -Wall -Wno-parentheses -O3 -fforce-addr -fomit-frame-pointer -finline-functions -funroll-loops    -o libtheoraenc.la -rpath /usr/lib -version-info 2:2:1 -Wl,--version-script=./Version_script-enc -logg apiwrapper.lo fragment.lo idct.lo internal.lo state.lo quant.lo mmxfrag.lo mmxidct.lo mmxstate.lo x86state.lo  analyze.lo fdct.lo encfrag.lo encapiwrapper.lo encinfo.lo encode.lo enquant.lo huffenc.lo mathops.lo mcenc.lo rate.lo tokenize.lo mmxencfrag.lo mmxfdct.lo x86enc.lo sse2fdct.lo  
libtool: link: gcc -shared  .libs/apiwrapper.o .libs/fragment.o .libs/idct.o .libs/internal.o .libs/state.o .libs/quant.o .libs/mmxfrag.o .libs/mmxidct.o .libs/mmxstate.o .libs/x86state.o .libs/analyze.o .libs/fdct.o .libs/encfrag.o .libs/encapiwrapper.o .libs/encinfo.o .libs/encode.o .libs/enquant.o .libs/huffenc.o .libs/mathops.o .libs/mcenc.o .libs/rate.o .libs/tokenize.o .libs/mmxencfrag.o .libs/mmxfdct.o .libs/x86enc.o .libs/sse2fdct.o   /usr/lib/libogg.so  -Wl,--version-script=./Version_script-enc   -Wl,-soname -Wl,libtheoraenc.so.1 -o .libs/libtheoraenc.so.1.1.2
libtool: link: (cd ".libs" && rm -f "libtheoraenc.so.1" && ln -s "libtheoraenc.so.1.1.2" "libtheoraenc.so.1")
libtool: link: (cd ".libs" && rm -f "libtheoraenc.so" && ln -s "libtheoraenc.so.1.1.2" "libtheoraenc.so")
libtool: link: ( cd ".libs" && rm -f "libtheoraenc.la" && ln -s "../libtheoraenc.la" "libtheoraenc.la" )
/bin/sh ../libtool --mode=link gcc   -Wall -Wno-parentheses -O3 -fforce-addr -fomit-frame-pointer -finline-functions -funroll-loops    -o libtheora.la -rpath /usr/lib -version-info 3:10:3 -Wl,--version-script=./Version_script  -logg apiwrapper.lo bitpack.lo decapiwrapper.lo decinfo.lo decode.lo dequant.lo fragment.lo huffdec.lo idct.lo info.lo internal.lo quant.lo state.lo mmxidct.lo mmxfrag.lo mmxstate.lo x86state.lo analyze.lo fdct.lo encfrag.lo encapiwrapper.lo encinfo.lo encode.lo enquant.lo huffenc.lo mathops.lo mcenc.lo rate.lo tokenize.lo mmxencfrag.lo mmxfdct.lo x86enc.lo sse2fdct.lo  
libtool: link: gcc -shared  .libs/apiwrapper.o .libs/bitpack.o .libs/decapiwrapper.o .libs/decinfo.o .libs/decode.o .libs/dequant.o .libs/fragment.o .libs/huffdec.o .libs/idct.o .libs/info.o .libs/internal.o .libs/quant.o .libs/state.o .libs/mmxidct.o .libs/mmxfrag.o .libs/mmxstate.o .libs/x86state.o .libs/analyze.o .libs/fdct.o .libs/encfrag.o .libs/encapiwrapper.o .libs/encinfo.o .libs/encode.o .libs/enquant.o .libs/huffenc.o .libs/mathops.o .libs/mcenc.o .libs/rate.o .libs/tokenize.o .libs/mmxencfrag.o .libs/mmxfdct.o .libs/x86enc.o .libs/sse2fdct.o   /usr/lib/libogg.so  -Wl,--version-script=./Version_script   -Wl,-soname -Wl,libtheora.so.0 -o .libs/libtheora.so.0.3.10
libtool: link: (cd ".libs" && rm -f "libtheora.so.0" && ln -s "libtheora.so.0.3.10" "libtheora.so.0")
libtool: link: (cd ".libs" && rm -f "libtheora.so" && ln -s "libtheora.so.0.3.10" "libtheora.so")
libtool: link: ( cd ".libs" && rm -f "libtheora.la" && ln -s "../libtheora.la" "libtheora.la" )
make[2]: Leaving directory '/sources/7.9/libtheora-1.1.1/lib'
Making all in include
make[2]: Entering directory '/sources/7.9/libtheora-1.1.1/include'
Making all in theora
make[3]: Entering directory '/sources/7.9/libtheora-1.1.1/include/theora'
make[3]: Nothing to be done for 'all'.
make[3]: Leaving directory '/sources/7.9/libtheora-1.1.1/include/theora'
make[3]: Entering directory '/sources/7.9/libtheora-1.1.1/include'
make[3]: Nothing to be done for 'all-am'.
make[3]: Leaving directory '/sources/7.9/libtheora-1.1.1/include'
make[2]: Leaving directory '/sources/7.9/libtheora-1.1.1/include'
Making all in doc
make[2]: Entering directory '/sources/7.9/libtheora-1.1.1/doc'
Making all in spec
make[3]: Entering directory '/sources/7.9/libtheora-1.1.1/doc/spec'
source='vp3huff.c' object='vp3huff.o' libtool=no \
depfile='.deps/vp3huff.Po' tmpdepfile='.deps/vp3huff.TPo' \
depmode=gcc3 /bin/sh ../../depcomp \
gcc -DHAVE_CONFIG_H -I. -I. -I../..     -Wall -Wno-parentheses -O3 -fforce-addr -fomit-frame-pointer -finline-functions -funroll-loops  -c `test -f 'vp3huff.c' || echo './'`vp3huff.c
/bin/sh ../../libtool --mode=link gcc  -Wall -Wno-parentheses -O3 -fforce-addr -fomit-frame-pointer -finline-functions -funroll-loops    -o vp3huff  vp3huff.o  
libtool: link: gcc -Wall -Wno-parentheses -O3 -fforce-addr -fomit-frame-pointer -finline-functions -funroll-loops -o vp3huff vp3huff.o 
make[3]: Leaving directory '/sources/7.9/libtheora-1.1.1/doc/spec'
make[3]: Entering directory '/sources/7.9/libtheora-1.1.1/doc'
echo "*** Warning: Doxygen not found; documentation will not be built."
*** Warning: Doxygen not found; documentation will not be built.
touch doxygen-build.stamp
make[3]: Leaving directory '/sources/7.9/libtheora-1.1.1/doc'
make[2]: Leaving directory '/sources/7.9/libtheora-1.1.1/doc'
Making all in tests
make[2]: Entering directory '/sources/7.9/libtheora-1.1.1/tests'
make[2]: Nothing to be done for 'all'.
make[2]: Leaving directory '/sources/7.9/libtheora-1.1.1/tests'
Making all in m4
make[2]: Entering directory '/sources/7.9/libtheora-1.1.1/m4'
make[2]: Nothing to be done for 'all'.
make[2]: Leaving directory '/sources/7.9/libtheora-1.1.1/m4'
Making all in examples
make[2]: Entering directory '/sources/7.9/libtheora-1.1.1/examples'
source='dump_video.c' object='dump_video.o' libtool=no \
depfile='.deps/dump_video.Po' tmpdepfile='.deps/dump_video.TPo' \
depmode=gcc3 /bin/sh ../depcomp \
gcc -DHAVE_CONFIG_H -I. -I. -I.. -I../include     -Wall -Wno-parentheses -O3 -fforce-addr -fomit-frame-pointer -finline-functions -funroll-loops  -c `test -f 'dump_video.c' || echo './'`dump_video.c
/bin/sh ../libtool --mode=link gcc  -Wall -Wno-parentheses -O3 -fforce-addr -fomit-frame-pointer -finline-functions -funroll-loops    -o dump_video  dump_video.o  ../lib/libtheoradec.la -logg 
libtool: link: gcc -Wall -Wno-parentheses -O3 -fforce-addr -fomit-frame-pointer -finline-functions -funroll-loops -o .libs/dump_video dump_video.o  ../lib/.libs/libtheoradec.so /usr/lib/libogg.so
source='dump_psnr.c' object='dump_psnr.o' libtool=no \
depfile='.deps/dump_psnr.Po' tmpdepfile='.deps/dump_psnr.TPo' \
depmode=gcc3 /bin/sh ../depcomp \
gcc -DHAVE_CONFIG_H -I. -I. -I.. -I../include     -Wall -Wno-parentheses -O3 -fforce-addr -fomit-frame-pointer -finline-functions -funroll-loops  -c `test -f 'dump_psnr.c' || echo './'`dump_psnr.c
/bin/sh ../libtool --mode=link gcc  -Wall -Wno-parentheses -O3 -fforce-addr -fomit-frame-pointer -finline-functions -funroll-loops    -o dump_psnr  dump_psnr.o  ../lib/libtheoradec.la -logg -lm 
libtool: link: gcc -Wall -Wno-parentheses -O3 -fforce-addr -fomit-frame-pointer -finline-functions -funroll-loops -o .libs/dump_psnr dump_psnr.o  ../lib/.libs/libtheoradec.so /usr/lib/libogg.so -lm
source='encoder_example.c' object='encoder_example-encoder_example.o' libtool=no \
depfile='.deps/encoder_example-encoder_example.Po' tmpdepfile='.deps/encoder_example-encoder_example.TPo' \
depmode=gcc3 /bin/sh ../depcomp \
gcc -DHAVE_CONFIG_H -I. -I. -I.. -I../include      -Wall -Wno-parentheses -O3 -fforce-addr -fomit-frame-pointer -finline-functions -funroll-loops  -c -o encoder_example-encoder_example.o `test -f 'encoder_example.c' || echo './'`encoder_example.c
/bin/sh ../libtool --mode=link gcc  -Wall -Wno-parentheses -O3 -fforce-addr -fomit-frame-pointer -finline-functions -funroll-loops    -o encoder_example  encoder_example-encoder_example.o  ../lib/libtheoraenc.la ../lib/libtheoradec.la -logg -lvorbis -lvorbisenc -lm 
libtool: link: gcc -Wall -Wno-parentheses -O3 -fforce-addr -fomit-frame-pointer -finline-functions -funroll-loops -o .libs/encoder_example encoder_example-encoder_example.o  ../lib/.libs/libtheoraenc.so ../lib/.libs/libtheoradec.so /usr/lib/libvorbisenc.so /usr/lib/libvorbis.so /usr/lib/libogg.so -lm
source='png2theora.c' object='png2theora-png2theora.o' libtool=no \
depfile='.deps/png2theora-png2theora.Po' tmpdepfile='.deps/png2theora-png2theora.TPo' \
depmode=gcc3 /bin/sh ../depcomp \
gcc -DHAVE_CONFIG_H -I. -I. -I.. -I../include     -I/usr/include/libpng16 -Wall -Wno-parentheses -O3 -fforce-addr -fomit-frame-pointer -finline-functions -funroll-loops  -c -o png2theora-png2theora.o `test -f 'png2theora.c' || echo './'`png2theora.c
/bin/sh ../libtool --mode=link gcc  -Wall -Wno-parentheses -O3 -fforce-addr -fomit-frame-pointer -finline-functions -funroll-loops    -o png2theora  png2theora-png2theora.o  ../lib/libtheoraenc.la ../lib/libtheoradec.la -logg -lpng16 -lm 
libtool: link: gcc -Wall -Wno-parentheses -O3 -fforce-addr -fomit-frame-pointer -finline-functions -funroll-loops -o .libs/png2theora png2theora-png2theora.o  ../lib/.libs/libtheoraenc.so ../lib/.libs/libtheoradec.so /usr/lib/libogg.so /usr/lib/libpng16.so -lz -lm
make[2]: Leaving directory '/sources/7.9/libtheora-1.1.1/examples'
make[2]: Entering directory '/sources/7.9/libtheora-1.1.1'
make[2]: Leaving directory '/sources/7.9/libtheora-1.1.1'
make[1]: Leaving directory '/sources/7.9/libtheora-1.1.1'
Making check in lib
make[1]: Entering directory '/sources/7.9/libtheora-1.1.1/lib'
make[1]: Nothing to be done for 'check'.
make[1]: Leaving directory '/sources/7.9/libtheora-1.1.1/lib'
Making check in include
make[1]: Entering directory '/sources/7.9/libtheora-1.1.1/include'
Making check in theora
make[2]: Entering directory '/sources/7.9/libtheora-1.1.1/include/theora'
make[2]: Nothing to be done for 'check'.
make[2]: Leaving directory '/sources/7.9/libtheora-1.1.1/include/theora'
make[2]: Entering directory '/sources/7.9/libtheora-1.1.1/include'
make[2]: Nothing to be done for 'check-am'.
make[2]: Leaving directory '/sources/7.9/libtheora-1.1.1/include'
make[1]: Leaving directory '/sources/7.9/libtheora-1.1.1/include'
Making check in doc
make[1]: Entering directory '/sources/7.9/libtheora-1.1.1/doc'
Making check in spec
make[2]: Entering directory '/sources/7.9/libtheora-1.1.1/doc/spec'
make[2]: Nothing to be done for 'check'.
make[2]: Leaving directory '/sources/7.9/libtheora-1.1.1/doc/spec'
make[2]: Entering directory '/sources/7.9/libtheora-1.1.1/doc'
make[2]: Nothing to be done for 'check-am'.
make[2]: Leaving directory '/sources/7.9/libtheora-1.1.1/doc'
make[1]: Leaving directory '/sources/7.9/libtheora-1.1.1/doc'
Making check in tests
make[1]: Entering directory '/sources/7.9/libtheora-1.1.1/tests'
make  noop_theora comment comment_theoradec comment_theora noop noop_theoraenc granulepos granulepos_theoraenc granulepos_theora
make[2]: Entering directory '/sources/7.9/libtheora-1.1.1/tests'
source='noop_theora.c' object='noop_theora-noop_theora.o' libtool=no \
depfile='.deps/noop_theora-noop_theora.Po' tmpdepfile='.deps/noop_theora-noop_theora.TPo' \
depmode=gcc3 /bin/sh ../depcomp \
gcc -DHAVE_CONFIG_H -I. -I. -I.. -I../include    -Wall -Wno-parentheses -O3 -fforce-addr -fomit-frame-pointer -finline-functions -funroll-loops  -c -o noop_theora-noop_theora.o `test -f 'noop_theora.c' || echo './'`noop_theora.c
/bin/sh ../libtool --mode=link gcc  -Wall -Wno-parentheses -O3 -fforce-addr -fomit-frame-pointer -finline-functions -funroll-loops    -o noop_theora  noop_theora-noop_theora.o ../lib/libtheora.la -logg 
libtool: link: gcc -Wall -Wno-parentheses -O3 -fforce-addr -fomit-frame-pointer -finline-functions -funroll-loops -o .libs/noop_theora noop_theora-noop_theora.o  ../lib/.libs/libtheora.so /usr/lib/libogg.so
source='comment.c' object='comment-comment.o' libtool=no \
depfile='.deps/comment-comment.Po' tmpdepfile='.deps/comment-comment.TPo' \
depmode=gcc3 /bin/sh ../depcomp \
gcc -DHAVE_CONFIG_H -I. -I. -I.. -I../include    -Wall -Wno-parentheses -O3 -fforce-addr -fomit-frame-pointer -finline-functions -funroll-loops  -c -o comment-comment.o `test -f 'comment.c' || echo './'`comment.c
/bin/sh ../libtool --mode=link gcc  -Wall -Wno-parentheses -O3 -fforce-addr -fomit-frame-pointer -finline-functions -funroll-loops    -o comment  comment-comment.o ../lib/libtheoradec.la -logg 
libtool: link: gcc -Wall -Wno-parentheses -O3 -fforce-addr -fomit-frame-pointer -finline-functions -funroll-loops -o .libs/comment comment-comment.o  ../lib/.libs/libtheoradec.so /usr/lib/libogg.so
source='comment.c' object='comment_theoradec-comment.o' libtool=no \
depfile='.deps/comment_theoradec-comment.Po' tmpdepfile='.deps/comment_theoradec-comment.TPo' \
depmode=gcc3 /bin/sh ../depcomp \
gcc -DHAVE_CONFIG_H -I. -I. -I.. -I../include    -Wall -Wno-parentheses -O3 -fforce-addr -fomit-frame-pointer -finline-functions -funroll-loops  -c -o comment_theoradec-comment.o `test -f 'comment.c' || echo './'`comment.c
/bin/sh ../libtool --mode=link gcc  -Wall -Wno-parentheses -O3 -fforce-addr -fomit-frame-pointer -finline-functions -funroll-loops    -o comment_theoradec  comment_theoradec-comment.o ../lib/libtheoradec.la -logg 
libtool: link: gcc -Wall -Wno-parentheses -O3 -fforce-addr -fomit-frame-pointer -finline-functions -funroll-loops -o .libs/comment_theoradec comment_theoradec-comment.o  ../lib/.libs/libtheoradec.so /usr/lib/libogg.so
source='comment_theora.c' object='comment_theora-comment_theora.o' libtool=no \
depfile='.deps/comment_theora-comment_theora.Po' tmpdepfile='.deps/comment_theora-comment_theora.TPo' \
depmode=gcc3 /bin/sh ../depcomp \
gcc -DHAVE_CONFIG_H -I. -I. -I.. -I../include    -Wall -Wno-parentheses -O3 -fforce-addr -fomit-frame-pointer -finline-functions -funroll-loops  -c -o comment_theora-comment_theora.o `test -f 'comment_theora.c' || echo './'`comment_theora.c
/bin/sh ../libtool --mode=link gcc  -Wall -Wno-parentheses -O3 -fforce-addr -fomit-frame-pointer -finline-functions -funroll-loops    -o comment_theora  comment_theora-comment_theora.o ../lib/libtheora.la -logg 
libtool: link: gcc -Wall -Wno-parentheses -O3 -fforce-addr -fomit-frame-pointer -finline-functions -funroll-loops -o .libs/comment_theora comment_theora-comment_theora.o  ../lib/.libs/libtheora.so /usr/lib/libogg.so
source='noop.c' object='noop-noop.o' libtool=no \
depfile='.deps/noop-noop.Po' tmpdepfile='.deps/noop-noop.TPo' \
depmode=gcc3 /bin/sh ../depcomp \
gcc -DHAVE_CONFIG_H -I. -I. -I.. -I../include    -Wall -Wno-parentheses -O3 -fforce-addr -fomit-frame-pointer -finline-functions -funroll-loops  -c -o noop-noop.o `test -f 'noop.c' || echo './'`noop.c
/bin/sh ../libtool --mode=link gcc  -Wall -Wno-parentheses -O3 -fforce-addr -fomit-frame-pointer -finline-functions -funroll-loops    -o noop  noop-noop.o ../lib/libtheoraenc.la ../lib/libtheoradec.la -logg 
libtool: link: gcc -Wall -Wno-parentheses -O3 -fforce-addr -fomit-frame-pointer -finline-functions -funroll-loops -o .libs/noop noop-noop.o  ../lib/.libs/libtheoraenc.so ../lib/.libs/libtheoradec.so /usr/lib/libogg.so
source='noop_theora.c' object='noop_theoraenc-noop_theora.o' libtool=no \
depfile='.deps/noop_theoraenc-noop_theora.Po' tmpdepfile='.deps/noop_theoraenc-noop_theora.TPo' \
depmode=gcc3 /bin/sh ../depcomp \
gcc -DHAVE_CONFIG_H -I. -I. -I.. -I../include    -Wall -Wno-parentheses -O3 -fforce-addr -fomit-frame-pointer -finline-functions -funroll-loops  -c -o noop_theoraenc-noop_theora.o `test -f 'noop_theora.c' || echo './'`noop_theora.c
/bin/sh ../libtool --mode=link gcc  -Wall -Wno-parentheses -O3 -fforce-addr -fomit-frame-pointer -finline-functions -funroll-loops    -o noop_theoraenc  noop_theoraenc-noop_theora.o ../lib/libtheoraenc.la ../lib/libtheoradec.la -logg 
libtool: link: gcc -Wall -Wno-parentheses -O3 -fforce-addr -fomit-frame-pointer -finline-functions -funroll-loops -o .libs/noop_theoraenc noop_theoraenc-noop_theora.o  ../lib/.libs/libtheoraenc.so ../lib/.libs/libtheoradec.so /usr/lib/libogg.so
source='granulepos.c' object='granulepos-granulepos.o' libtool=no \
depfile='.deps/granulepos-granulepos.Po' tmpdepfile='.deps/granulepos-granulepos.TPo' \
depmode=gcc3 /bin/sh ../depcomp \
gcc -DHAVE_CONFIG_H -I. -I. -I.. -I../include    -Wall -Wno-parentheses -O3 -fforce-addr -fomit-frame-pointer -finline-functions -funroll-loops  -c -o granulepos-granulepos.o `test -f 'granulepos.c' || echo './'`granulepos.c
/bin/sh ../libtool --mode=link gcc  -Wall -Wno-parentheses -O3 -fforce-addr -fomit-frame-pointer -finline-functions -funroll-loops    -o granulepos  granulepos-granulepos.o ../lib/libtheoraenc.la ../lib/libtheoradec.la -logg -lm 
libtool: link: gcc -Wall -Wno-parentheses -O3 -fforce-addr -fomit-frame-pointer -finline-functions -funroll-loops -o .libs/granulepos granulepos-granulepos.o  ../lib/.libs/libtheoraenc.so ../lib/.libs/libtheoradec.so /usr/lib/libogg.so -lm
source='granulepos_theora.c' object='granulepos_theoraenc-granulepos_theora.o' libtool=no \
depfile='.deps/granulepos_theoraenc-granulepos_theora.Po' tmpdepfile='.deps/granulepos_theoraenc-granulepos_theora.TPo' \
depmode=gcc3 /bin/sh ../depcomp \
gcc -DHAVE_CONFIG_H -I. -I. -I.. -I../include    -Wall -Wno-parentheses -O3 -fforce-addr -fomit-frame-pointer -finline-functions -funroll-loops  -c -o granulepos_theoraenc-granulepos_theora.o `test -f 'granulepos_theora.c' || echo './'`granulepos_theora.c
/bin/sh ../libtool --mode=link gcc  -Wall -Wno-parentheses -O3 -fforce-addr -fomit-frame-pointer -finline-functions -funroll-loops    -o granulepos_theoraenc  granulepos_theoraenc-granulepos_theora.o ../lib/libtheoraenc.la ../lib/libtheoradec.la -logg -lm 
libtool: link: gcc -Wall -Wno-parentheses -O3 -fforce-addr -fomit-frame-pointer -finline-functions -funroll-loops -o .libs/granulepos_theoraenc granulepos_theoraenc-granulepos_theora.o  ../lib/.libs/libtheoraenc.so ../lib/.libs/libtheoradec.so /usr/lib/libogg.so -lm
source='granulepos_theora.c' object='granulepos_theora-granulepos_theora.o' libtool=no \
depfile='.deps/granulepos_theora-granulepos_theora.Po' tmpdepfile='.deps/granulepos_theora-granulepos_theora.TPo' \
depmode=gcc3 /bin/sh ../depcomp \
gcc -DHAVE_CONFIG_H -I. -I. -I.. -I../include    -Wall -Wno-parentheses -O3 -fforce-addr -fomit-frame-pointer -finline-functions -funroll-loops  -c -o granulepos_theora-granulepos_theora.o `test -f 'granulepos_theora.c' || echo './'`granulepos_theora.c
/bin/sh ../libtool --mode=link gcc  -Wall -Wno-parentheses -O3 -fforce-addr -fomit-frame-pointer -finline-functions -funroll-loops    -o granulepos_theora  granulepos_theora-granulepos_theora.o ../lib/libtheora.la -logg -lm 
libtool: link: gcc -Wall -Wno-parentheses -O3 -fforce-addr -fomit-frame-pointer -finline-functions -funroll-loops -o .libs/granulepos_theora granulepos_theora-granulepos_theora.o  ../lib/.libs/libtheora.so /usr/lib/libogg.so -lm
make[2]: Leaving directory '/sources/7.9/libtheora-1.1.1/tests'
make  check-TESTS
make[2]: Entering directory '/sources/7.9/libtheora-1.1.1/tests'
----  + Initializing theora_info struct ...
----  + Setting a 16x16 frame ...
----  + Initializing theora_state for encoding ...
----  + Clearing theora_state ...
----  + Clearing theora_info struct ...
PASS: noop_theora
----  + Initializing th_comment ...
----  + Adding ARTIST1 ...
----  + Adding LICENSE by tag ...
----  + Adding ARTIST2 by tag ...
----  + Querying value of LICENSE ...
foo Creative Commons Attribution-ShareAlike 2.5
----  + Querying count of ARTIST comments ...
----  + Querying value of ARTIST index 0 ...
----  + Querying value of ARTIST index 1 ...
----  + Querying value of ARTIST index 2 (out of bounds) ...
----  + Querying value of UNDEF index 7 (tag not defined) ...
----  + Clearing th_comment ...
PASS: comment
----  + Initializing th_comment ...
----  + Adding ARTIST1 ...
----  + Adding LICENSE by tag ...
----  + Adding ARTIST2 by tag ...
----  + Querying value of LICENSE ...
foo Creative Commons Attribution-ShareAlike 2.5
----  + Querying count of ARTIST comments ...
----  + Querying value of ARTIST index 0 ...
----  + Querying value of ARTIST index 1 ...
----  + Querying value of ARTIST index 2 (out of bounds) ...
----  + Querying value of UNDEF index 7 (tag not defined) ...
----  + Clearing th_comment ...
PASS: comment_theoradec
----  + Initializing theora_comment ...
----  + Adding ARTIST1 ...
----  + Adding LICENSE by tag ...
----  + Adding ARTIST2 by tag ...
----  + Querying value of LICENSE ...
foo Creative Commons Attribution-ShareAlike 2.5
----  + Querying count of ARTIST comments ...
----  + Querying value of ARTIST index 0 ...
----  + Querying value of ARTIST index 1 ...
----  + Querying value of ARTIST index 2 (out of bounds) ...
----  + Querying value of UNDEF index 7 (tag not defined) ...
----  + Clearing theora_comment ...
PASS: comment_theora
----  + Initializing th_info struct ...
----  + Clearing empty th_info struct ...
----  + Initializing th_comment struct ...
----  + Clearing empty th_comment struct ...
----  + Initializing th_info struct ...
----  + Testing encoder context with empty th_info ...
----  + Setting 16x16 image size ...
----  + Allocating encoder context ...
----  + Clearing th_info struct ...
----  + Freeing encoder context ...
----  + Testing decoder context with null info and setup ...
----  + Initializing th_info struct ...
----  + Testing decoder context with empty info and null setup ...
----  + Clearing th_info struct ...
PASS: noop
----  + Initializing theora_info struct ...
----  + Setting a 16x16 frame ...
----  + Initializing theora_state for encoding ...
----  + Clearing theora_state ...
----  + Clearing theora_info struct ...
PASS: noop_theoraenc
----  + Checking granulepos generation ...
----  + Checking granulepos generation ...
----  + Checking granulepos generation ...
----  + Checking granulepos generation ...
----  + Checking granulepos generation ...
----  + Checking granulepos generation ...
PASS: granulepos
----  + Checking granulepos generation ...
----  + Checking granulepos generation ...
----  + Checking granulepos generation ...
----  + Checking granulepos generation ...
----  + Checking granulepos generation ...
----  + Checking granulepos generation ...
PASS: granulepos_theoraenc
----  + Checking granulepos generation ...
----  + Checking granulepos generation ...
----  + Checking granulepos generation ...
----  + Checking granulepos generation ...
----  + Checking granulepos generation ...
----  + Checking granulepos generation ...
PASS: granulepos_theora
==================
All 9 tests passed
==================
make[2]: Leaving directory '/sources/7.9/libtheora-1.1.1/tests'
make[1]: Leaving directory '/sources/7.9/libtheora-1.1.1/tests'
Making check in m4
make[1]: Entering directory '/sources/7.9/libtheora-1.1.1/m4'
make[1]: Nothing to be done for 'check'.
make[1]: Leaving directory '/sources/7.9/libtheora-1.1.1/m4'
Making check in examples
make[1]: Entering directory '/sources/7.9/libtheora-1.1.1/examples'
make[1]: Nothing to be done for 'check'.
make[1]: Leaving directory '/sources/7.9/libtheora-1.1.1/examples'
make[1]: Entering directory '/sources/7.9/libtheora-1.1.1'
make[1]: Leaving directory '/sources/7.9/libtheora-1.1.1'
Making install in lib
make[1]: Entering directory '/sources/7.9/libtheora-1.1.1/lib'
make[2]: Entering directory '/sources/7.9/libtheora-1.1.1/lib'
/bin/sh ../mkinstalldirs /usr/lib
 /bin/sh ../libtool --mode=install /usr/bin/install -c  libtheoradec.la /usr/lib/libtheoradec.la
libtool: install: /usr/bin/install -c .libs/libtheoradec.so.1.1.4 /usr/lib/libtheoradec.so.1.1.4
libtool: install: (cd /usr/lib && { ln -s -f libtheoradec.so.1.1.4 libtheoradec.so.1 || { rm -f libtheoradec.so.1 && ln -s libtheoradec.so.1.1.4 libtheoradec.so.1; }; })
libtool: install: (cd /usr/lib && { ln -s -f libtheoradec.so.1.1.4 libtheoradec.so || { rm -f libtheoradec.so && ln -s libtheoradec.so.1.1.4 libtheoradec.so; }; })
libtool: install: /usr/bin/install -c .libs/libtheoradec.lai /usr/lib/libtheoradec.la
libtool: finish: PATH="/bin:/usr/ucb:/usr/bin:/usr/sbin:/sbin:/usr/etc:/etc:/sbin" ldconfig -n /usr/lib
----------------------------------------------------------------------
Libraries have been installed in:
   /usr/lib

If you ever happen to want to link against installed libraries
in a given directory, LIBDIR, you must either use libtool, and
specify the full pathname of the library, or use the `-LLIBDIR'
flag during linking and do at least one of the following:
   - add LIBDIR to the `LD_LIBRARY_PATH' environment variable
     during execution
   - add LIBDIR to the `LD_RUN_PATH' environment variable
     during linking
   - use the `-Wl,-rpath -Wl,LIBDIR' linker flag
   - have your system administrator add LIBDIR to `/etc/ld.so.conf'

See any operating system documentation about shared libraries for
more information, such as the ld(1) and ld.so(8) manual pages.
----------------------------------------------------------------------
 /bin/sh ../libtool --mode=install /usr/bin/install -c  libtheoraenc.la /usr/lib/libtheoraenc.la
libtool: install: /usr/bin/install -c .libs/libtheoraenc.so.1.1.2 /usr/lib/libtheoraenc.so.1.1.2
libtool: install: (cd /usr/lib && { ln -s -f libtheoraenc.so.1.1.2 libtheoraenc.so.1 || { rm -f libtheoraenc.so.1 && ln -s libtheoraenc.so.1.1.2 libtheoraenc.so.1; }; })
libtool: install: (cd /usr/lib && { ln -s -f libtheoraenc.so.1.1.2 libtheoraenc.so || { rm -f libtheoraenc.so && ln -s libtheoraenc.so.1.1.2 libtheoraenc.so; }; })
libtool: install: /usr/bin/install -c .libs/libtheoraenc.lai /usr/lib/libtheoraenc.la
libtool: finish: PATH="/bin:/usr/ucb:/usr/bin:/usr/sbin:/sbin:/usr/etc:/etc:/sbin" ldconfig -n /usr/lib
----------------------------------------------------------------------
Libraries have been installed in:
   /usr/lib

If you ever happen to want to link against installed libraries
in a given directory, LIBDIR, you must either use libtool, and
specify the full pathname of the library, or use the `-LLIBDIR'
flag during linking and do at least one of the following:
   - add LIBDIR to the `LD_LIBRARY_PATH' environment variable
     during execution
   - add LIBDIR to the `LD_RUN_PATH' environment variable
     during linking
   - use the `-Wl,-rpath -Wl,LIBDIR' linker flag
   - have your system administrator add LIBDIR to `/etc/ld.so.conf'

See any operating system documentation about shared libraries for
more information, such as the ld(1) and ld.so(8) manual pages.
----------------------------------------------------------------------
 /bin/sh ../libtool --mode=install /usr/bin/install -c  libtheora.la /usr/lib/libtheora.la
libtool: install: /usr/bin/install -c .libs/libtheora.so.0.3.10 /usr/lib/libtheora.so.0.3.10
libtool: install: (cd /usr/lib && { ln -s -f libtheora.so.0.3.10 libtheora.so.0 || { rm -f libtheora.so.0 && ln -s libtheora.so.0.3.10 libtheora.so.0; }; })
libtool: install: (cd /usr/lib && { ln -s -f libtheora.so.0.3.10 libtheora.so || { rm -f libtheora.so && ln -s libtheora.so.0.3.10 libtheora.so; }; })
libtool: install: /usr/bin/install -c .libs/libtheora.lai /usr/lib/libtheora.la
libtool: finish: PATH="/bin:/usr/ucb:/usr/bin:/usr/sbin:/sbin:/usr/etc:/etc:/sbin" ldconfig -n /usr/lib
----------------------------------------------------------------------
Libraries have been installed in:
   /usr/lib

If you ever happen to want to link against installed libraries
in a given directory, LIBDIR, you must either use libtool, and
specify the full pathname of the library, or use the `-LLIBDIR'
flag during linking and do at least one of the following:
   - add LIBDIR to the `LD_LIBRARY_PATH' environment variable
     during execution
   - add LIBDIR to the `LD_RUN_PATH' environment variable
     during linking
   - use the `-Wl,-rpath -Wl,LIBDIR' linker flag
   - have your system administrator add LIBDIR to `/etc/ld.so.conf'

See any operating system documentation about shared libraries for
more information, such as the ld(1) and ld.so(8) manual pages.
----------------------------------------------------------------------
make[2]: Nothing to be done for 'install-data-am'.
make[2]: Leaving directory '/sources/7.9/libtheora-1.1.1/lib'
make[1]: Leaving directory '/sources/7.9/libtheora-1.1.1/lib'
Making install in include
make[1]: Entering directory '/sources/7.9/libtheora-1.1.1/include'
Making install in theora
make[2]: Entering directory '/sources/7.9/libtheora-1.1.1/include/theora'
make[3]: Entering directory '/sources/7.9/libtheora-1.1.1/include/theora'
make[3]: Nothing to be done for 'install-exec-am'.
/bin/sh ../../mkinstalldirs /usr/include/theora
mkdir -p -- /usr/include/theora
 /usr/bin/install -c -m 644 theora.h /usr/include/theora/theora.h
 /usr/bin/install -c -m 644 theoradec.h /usr/include/theora/theoradec.h
 /usr/bin/install -c -m 644 theoraenc.h /usr/include/theora/theoraenc.h
 /usr/bin/install -c -m 644 codec.h /usr/include/theora/codec.h
make[3]: Leaving directory '/sources/7.9/libtheora-1.1.1/include/theora'
make[2]: Leaving directory '/sources/7.9/libtheora-1.1.1/include/theora'
make[2]: Entering directory '/sources/7.9/libtheora-1.1.1/include'
make[3]: Entering directory '/sources/7.9/libtheora-1.1.1/include'
make[3]: Nothing to be done for 'install-exec-am'.
make[3]: Nothing to be done for 'install-data-am'.
make[3]: Leaving directory '/sources/7.9/libtheora-1.1.1/include'
make[2]: Leaving directory '/sources/7.9/libtheora-1.1.1/include'
make[1]: Leaving directory '/sources/7.9/libtheora-1.1.1/include'
Making install in doc
make[1]: Entering directory '/sources/7.9/libtheora-1.1.1/doc'
Making install in spec
make[2]: Entering directory '/sources/7.9/libtheora-1.1.1/doc/spec'
make[3]: Entering directory '/sources/7.9/libtheora-1.1.1/doc/spec'
make[3]: Nothing to be done for 'install-exec-am'.
/bin/sh ../../mkinstalldirs /usr/share/doc/libtheora-1.1.1
mkdir -p -- /usr/share/doc/libtheora-1.1.1
make[3]: Leaving directory '/sources/7.9/libtheora-1.1.1/doc/spec'
make[2]: Leaving directory '/sources/7.9/libtheora-1.1.1/doc/spec'
make[2]: Entering directory '/sources/7.9/libtheora-1.1.1/doc'
make[3]: Entering directory '/sources/7.9/libtheora-1.1.1/doc'
make[3]: Nothing to be done for 'install-exec-am'.
/bin/sh ../mkinstalldirs /usr/share/doc/libtheora-1.1.1
if test -d libtheora; then \
  for dir in libtheora/*; do \
    if test -d $dir; then \
      b=`basename $dir`; \
      /bin/sh ../mkinstalldirs /usr/share/doc/libtheora-1.1.1/$b; \
      for f in $dir/*; do \
	/usr/bin/install -c -m 644 $f /usr/share/doc/libtheora-1.1.1/$b; \
      done \
    fi \
  done \
fi
mkdir -p -- /usr/share/doc/libtheora-1.1.1/html
mkdir -p -- /usr/share/doc/libtheora-1.1.1/latex
/bin/sh ../mkinstalldirs /usr/share/doc/libtheora-1.1.1
 /usr/bin/install -c -m 644 vp3-format.txt /usr/share/doc/libtheora-1.1.1/vp3-format.txt
 /usr/bin/install -c -m 644 color.html /usr/share/doc/libtheora-1.1.1/color.html
 /usr/bin/install -c -m 644 draft-ietf-avt-rtp-theora-00.xml /usr/share/doc/libtheora-1.1.1/draft-ietf-avt-rtp-theora-00.xml
 /usr/bin/install -c -m 644 draft-ietf-avt-rtp-theora-00.txt /usr/share/doc/libtheora-1.1.1/draft-ietf-avt-rtp-theora-00.txt
 /usr/bin/install -c -m 644 doxygen-build.stamp /usr/share/doc/libtheora-1.1.1/doxygen-build.stamp
make[3]: Leaving directory '/sources/7.9/libtheora-1.1.1/doc'
make[2]: Leaving directory '/sources/7.9/libtheora-1.1.1/doc'
make[1]: Leaving directory '/sources/7.9/libtheora-1.1.1/doc'
Making install in tests
make[1]: Entering directory '/sources/7.9/libtheora-1.1.1/tests'
make[2]: Entering directory '/sources/7.9/libtheora-1.1.1/tests'
make[2]: Nothing to be done for 'install-exec-am'.
make[2]: Nothing to be done for 'install-data-am'.
make[2]: Leaving directory '/sources/7.9/libtheora-1.1.1/tests'
make[1]: Leaving directory '/sources/7.9/libtheora-1.1.1/tests'
Making install in m4
make[1]: Entering directory '/sources/7.9/libtheora-1.1.1/m4'
make[2]: Entering directory '/sources/7.9/libtheora-1.1.1/m4'
make[2]: Nothing to be done for 'install-exec-am'.
make[2]: Nothing to be done for 'install-data-am'.
make[2]: Leaving directory '/sources/7.9/libtheora-1.1.1/m4'
make[1]: Leaving directory '/sources/7.9/libtheora-1.1.1/m4'
Making install in examples
make[1]: Entering directory '/sources/7.9/libtheora-1.1.1/examples'
make[2]: Entering directory '/sources/7.9/libtheora-1.1.1/examples'
make[2]: Nothing to be done for 'install-exec-am'.
make[2]: Nothing to be done for 'install-data-am'.
make[2]: Leaving directory '/sources/7.9/libtheora-1.1.1/examples'
make[1]: Leaving directory '/sources/7.9/libtheora-1.1.1/examples'
make[1]: Entering directory '/sources/7.9/libtheora-1.1.1'
make[2]: Entering directory '/sources/7.9/libtheora-1.1.1'
make[2]: Nothing to be done for 'install-exec-am'.
/bin/sh ./mkinstalldirs /usr/lib/pkgconfig
 /usr/bin/install -c -m 644 theora.pc /usr/lib/pkgconfig/theora.pc
 /usr/bin/install -c -m 644 theoradec.pc /usr/lib/pkgconfig/theoradec.pc
 /usr/bin/install -c -m 644 theoraenc.pc /usr/lib/pkgconfig/theoraenc.pc
make[2]: Leaving directory '/sources/7.9/libtheora-1.1.1'
make[1]: Leaving directory '/sources/7.9/libtheora-1.1.1'
