checking for a BSD-compatible install... /usr/bin/install -c
checking whether build environment is sane... yes
checking for a thread-safe mkdir -p... /bin/mkdir -p
checking for gawk... gawk
checking whether make sets $(MAKE)... yes
checking whether make supports nested variables... yes
checking for gcc... gcc
checking whether the C compiler works... yes
checking for C compiler default output file name... a.out
checking for suffix of executables... 
checking whether we are cross compiling... no
checking for suffix of object files... o
checking whether we are using the GNU C compiler... yes
checking whether gcc accepts -g... yes
checking for gcc option to accept ISO C89... none needed
checking whether gcc understands -c and -o together... yes
checking for style of include used by make... GNU
checking dependency style of gcc... none
checking for ranlib... ranlib
checking how to run the C preprocessor... gcc -E
checking for grep that handles long lines and -e... /bin/grep
checking for egrep... /bin/grep -E
checking for ANSI C header files... yes
checking whether time.h and sys/time.h may both be included... yes
checking for dirent.h that defines DIR... yes
checking for library containing opendir... none required
checking for sys/types.h... yes
checking for sys/stat.h... yes
checking for stdlib.h... yes
checking for string.h... yes
checking for memory.h... yes
checking for strings.h... yes
checking for inttypes.h... yes
checking for stdint.h... yes
checking for unistd.h... yes
checking ctype.h usability... yes
checking ctype.h presence... yes
checking for ctype.h... yes
checking errno.h usability... yes
checking errno.h presence... yes
checking for errno.h... yes
checking fnmatch.h usability... yes
checking fnmatch.h presence... yes
checking for fnmatch.h... yes
checking libintl.h usability... yes
checking libintl.h presence... yes
checking for libintl.h... yes
checking limits.h usability... yes
checking limits.h presence... yes
checking for limits.h... yes
checking for stdlib.h... (cached) yes
checking for string.h... (cached) yes
checking for strings.h... (cached) yes
checking utime.h usability... yes
checking utime.h presence... yes
checking for utime.h... yes
checking stdarg.h usability... yes
checking stdarg.h presence... yes
checking for stdarg.h... yes
checking for sys/stat.h... (cached) yes
checking sys/time.h usability... yes
checking sys/time.h presence... yes
checking for sys/time.h... yes
checking for sys/types.h... (cached) yes
checking getopt.h usability... yes
checking getopt.h presence... yes
checking for getopt.h... yes
checking wchar.h usability... yes
checking wchar.h presence... yes
checking for wchar.h... yes
checking wctype.h usability... yes
checking wctype.h presence... yes
checking for wctype.h... yes
checking for inttypes.h... (cached) yes
checking for an ANSI C-conforming const... yes
checking for inline... inline
checking for mode_t... yes
checking for off_t... yes
checking for size_t... yes
checking size of off_t... 8
checking for special C compiler options needed for large files... no
checking for _FILE_OFFSET_BITS value needed for large files... no
checking for working POSIX fnmatch... yes
checking for _LARGEFILE_SOURCE value needed for large files... no
checking for mkdir... yes
checking for _mkdir... no
checking whether mkdir takes one argument... no
checking for sys/time.h... (cached) yes
checking for unistd.h... (cached) yes
checking for alarm... yes
checking for working mktime... yes
checking for memcpy... yes
checking for memmove... yes
checking for strcasecmp... yes
checking for strchr... yes
checking for towlower... yes
checking for utime... yes
checking for utimes... yes
checking for getopt_long... yes
checking for working alloca.h... yes
checking for alloca... yes
checking for mbstate_t... yes
checking for working POSIX fnmatch... (cached) yes
checking that generated files are newer than configure... done
configure: creating ./config.status
config.status: creating Makefile
config.status: creating cabextract.spec
config.status: creating config.h
config.status: executing depfiles commands
make  all-am
make[1]: Entering directory '/sources/cabextract-1.6'
gcc -DHAVE_CONFIG_H -I.  -I./mspack -DMSPACK_NO_DEFAULT_SYSTEM   -g -O2 -c -o system.o `test -f 'mspack/system.c' || echo './'`mspack/system.c
gcc -DHAVE_CONFIG_H -I.  -I./mspack -DMSPACK_NO_DEFAULT_SYSTEM   -g -O2 -c -o cabd.o `test -f 'mspack/cabd.c' || echo './'`mspack/cabd.c
gcc -DHAVE_CONFIG_H -I.  -I./mspack -DMSPACK_NO_DEFAULT_SYSTEM   -g -O2 -c -o lzxd.o `test -f 'mspack/lzxd.c' || echo './'`mspack/lzxd.c
gcc -DHAVE_CONFIG_H -I.  -I./mspack -DMSPACK_NO_DEFAULT_SYSTEM   -g -O2 -c -o mszipd.o `test -f 'mspack/mszipd.c' || echo './'`mspack/mszipd.c
gcc -DHAVE_CONFIG_H -I.  -I./mspack -DMSPACK_NO_DEFAULT_SYSTEM   -g -O2 -c -o qtmd.o `test -f 'mspack/qtmd.c' || echo './'`mspack/qtmd.c
rm -f libmspack.a
ar cru libmspack.a system.o cabd.o lzxd.o mszipd.o qtmd.o 
ranlib libmspack.a
gcc -DHAVE_CONFIG_H -I.  -I./mspack -DMSPACK_NO_DEFAULT_SYSTEM   -g -O2 -c -o cabextract.o `test -f 'src/cabextract.c' || echo './'`src/cabextract.c
gcc -DHAVE_CONFIG_H -I.  -I./mspack -DMSPACK_NO_DEFAULT_SYSTEM   -g -O2 -c -o md5.o md5.c
gcc  -g -O2   -o cabextract cabextract.o md5.o libmspack.a  
gcc -DHAVE_CONFIG_H -I.  -I./mspack -DMSPACK_NO_DEFAULT_SYSTEM   -g -O2 -c -o cabinfo.o `test -f 'src/cabinfo.c' || echo './'`src/cabinfo.c
gcc  -g -O2   -o src/cabinfo cabinfo.o  
make[1]: Leaving directory '/sources/cabextract-1.6'
make[1]: Entering directory '/sources/cabextract-1.6'
 /bin/mkdir -p '/usr/bin'
  /usr/bin/install -c cabextract '/usr/bin'
 /bin/mkdir -p '/usr/share/man/man1'
 /usr/bin/install -c -m 644 doc/cabextract.1 '/usr/share/man/man1'
make[1]: Leaving directory '/sources/cabextract-1.6'
