checking for a BSD-compatible install... /usr/bin/install -c
checking whether build environment is sane... yes
checking for a thread-safe mkdir -p... /bin/mkdir -p
checking for gawk... gawk
checking whether make sets $(MAKE)... yes
checking whether make supports nested variables... yes
checking whether make supports nested variables... (cached) yes
checking for style of include used by make... GNU
checking for gcc... gcc
checking whether the C compiler works... yes
checking for C compiler default output file name... a.out
checking for suffix of executables... 
checking whether we are cross compiling... no
checking for suffix of object files... o
checking whether we are using the GNU C compiler... yes
checking whether gcc accepts -g... yes
checking for gcc option to accept ISO C89... none needed
checking whether gcc understands -c and -o together... yes
checking dependency style of gcc... gcc3
checking for gcc option to accept ISO C99... none needed
checking how to run the C preprocessor... gcc -E
checking for grep that handles long lines and -e... /bin/grep
checking for egrep... /bin/grep -E
checking for ANSI C header files... yes
checking for sys/types.h... yes
checking for sys/stat.h... yes
checking for stdlib.h... yes
checking for string.h... yes
checking for memory.h... yes
checking for strings.h... yes
checking for inttypes.h... yes
checking for stdint.h... yes
checking for unistd.h... yes
checking whether __clang__ is declared... no
checking whether __INTEL_COMPILER is declared... no
checking whether __SUNPRO_C is declared... no
checking for pkg-config... /usr/bin/pkg-config
checking pkg-config is at least version 0.9.0... yes
checking build system type... x86_64-unknown-linux-gnu
checking host system type... x86_64-unknown-linux-gnu
checking for a sed that does not truncate output... /bin/sed
checking if gcc supports -Werror=unknown-warning-option... no
checking if gcc supports -Werror=unused-command-line-argument... no
checking if gcc supports -Wall... yes
checking if gcc supports -Wpointer-arith... yes
checking if gcc supports -Wmissing-declarations... yes
checking if gcc supports -Wformat=2... yes
checking if gcc supports -Wstrict-prototypes... yes
checking if gcc supports -Wmissing-prototypes... yes
checking if gcc supports -Wnested-externs... yes
checking if gcc supports -Wbad-function-cast... yes
checking if gcc supports -Wold-style-definition... yes
checking if gcc supports -Wdeclaration-after-statement... yes
checking if gcc supports -Wunused... yes
checking if gcc supports -Wuninitialized... yes
checking if gcc supports -Wshadow... yes
checking if gcc supports -Wmissing-noreturn... yes
checking if gcc supports -Wmissing-format-attribute... yes
checking if gcc supports -Wredundant-decls... yes
checking if gcc supports -Wlogical-op... yes
checking if gcc supports -Werror=implicit... yes
checking if gcc supports -Werror=nonnull... yes
checking if gcc supports -Werror=init-self... yes
checking if gcc supports -Werror=main... yes
checking if gcc supports -Werror=missing-braces... yes
checking if gcc supports -Werror=sequence-point... yes
checking if gcc supports -Werror=return-type... yes
checking if gcc supports -Werror=trigraphs... yes
checking if gcc supports -Werror=array-bounds... yes
checking if gcc supports -Werror=write-strings... yes
checking if gcc supports -Werror=address... yes
checking if gcc supports -Werror=int-to-pointer-cast... yes
checking if gcc supports -Werror=pointer-to-int-cast... yes
checking if gcc supports -pedantic... yes
checking if gcc supports -Werror... yes
checking if gcc supports -Werror=attributes... yes
checking whether make supports nested variables... (cached) yes
checking how to print strings... printf
checking for a sed that does not truncate output... (cached) /bin/sed
checking for fgrep... /bin/grep -F
checking for ld used by gcc... /usr/bin/ld
checking if the linker (/usr/bin/ld) is GNU ld... yes
checking for BSD- or MS-compatible name lister (nm)... /usr/bin/nm -B
checking the name lister (/usr/bin/nm -B) interface... BSD nm
checking whether ln -s works... yes
checking the maximum length of command line arguments... 1572864
checking how to convert x86_64-unknown-linux-gnu file names to x86_64-unknown-linux-gnu format... func_convert_file_noop
checking how to convert x86_64-unknown-linux-gnu file names to toolchain format... func_convert_file_noop
checking for /usr/bin/ld option to reload object files... -r
checking for objdump... objdump
checking how to recognize dependent libraries... pass_all
checking for dlltool... no
checking how to associate runtime and link libraries... printf %s\n
checking for ar... ar
checking for archiver @FILE support... @
checking for strip... strip
checking for ranlib... ranlib
checking command to parse /usr/bin/nm -B output from gcc object... ok
checking for sysroot... no
checking for a working dd... /bin/dd
checking how to truncate binary pipes... /bin/dd bs=4096 count=1
checking for mt... no
checking if : is a manifest tool... no
checking for dlfcn.h... yes
checking for objdir... .libs
checking if gcc supports -fno-rtti -fno-exceptions... no
checking for gcc option to produce PIC... -fPIC -DPIC
checking if gcc PIC flag -fPIC -DPIC works... yes
checking if gcc static flag -static works... yes
checking if gcc supports -c -o file.o... yes
checking if gcc supports -c -o file.o... (cached) yes
checking whether the gcc linker (/usr/bin/ld -m elf_x86_64) supports shared libraries... yes
checking whether -lc should be explicitly linked in... no
checking dynamic linker characteristics... GNU/Linux ld.so
checking how to hardcode library paths into programs... immediate
checking whether stripping libraries is possible... yes
checking if libtool supports shared libraries... yes
checking whether to build shared libraries... yes
checking whether to build static libraries... no
checking for gcc... (cached) gcc
checking whether we are using the GNU C compiler... (cached) yes
checking whether gcc accepts -g... (cached) yes
checking for gcc option to accept ISO C89... (cached) none needed
checking whether gcc understands -c and -o together... (cached) yes
checking dependency style of gcc... (cached) gcc3
checking if RANDR is defined... yes
checking if RENDER is defined... yes
checking if XV is defined... yes
checking if DPMSExtension is defined... yes
checking if DRI2 is defined... yes
checking for LIBDRM... yes
checking for LIBDRM_NOUVEAU... yes
checking for XORG... yes
checking for XEXT... yes
checking for PCIACCESS... yes
checking for LIBUDEV... yes
checking for ANSI C header files... (cached) yes
checking for list.h... yes
checking whether xorg_list_init is declared... yes
checking that generated files are newer than configure... done
configure: creating ./config.status
config.status: creating Makefile
config.status: creating src/Makefile
config.status: creating man/Makefile
config.status: creating config.h
config.status: executing depfiles commands
config.status: executing libtool commands

        prefix:              /usr
        exec_prefix:         ${prefix}
        libdir:              ${exec_prefix}/lib
        includedir:          ${prefix}/include

        CFLAGS:              -g -O2 -Wall -minline-all-stringops -fvisibility=hidden -I/usr/include/xorg -I/usr/include/pixman-1 -I/usr/include/X11/dri -I/usr/include/libdrm
        CXXFLAGS:            
        Macros:              

        Run 'make' to build xf86-video-nouveau

make  all-recursive
make[1]: Entering directory '/sources/7.9/xf86-video-nouveau-1.0.12'
Making all in src
make[2]: Entering directory '/sources/7.9/xf86-video-nouveau-1.0.12/src'
  CC       nouveau_copy.lo
  CC       nouveau_copy85b5.lo
  CC       nouveau_copy90b5.lo
  CC       nouveau_copya0b5.lo
  CC       nouveau_exa.lo
  CC       nouveau_xv.lo
  CC       nouveau_dri2.lo
  CC       nouveau_present.lo
  CC       nouveau_sync.lo
  CC       nouveau_wfb.lo
  CC       nv_accel_common.lo
  CC       nv_driver.lo
  CC       nv_shadow.lo
  CC       nv04_exa.lo
  CC       nv04_xv_ovl.lo
  CC       nv04_xv_blit.lo
  CC       nv10_exa.lo
  CC       nv10_xv_ovl.lo
  CC       nv30_exa.lo
  CC       nv30_xv_tex.lo
  CC       nv40_exa.lo
  CC       nv40_xv_tex.lo
  CC       nv50_accel.lo
  CC       nv50_exa.lo
  CC       nv50_xv.lo
  CC       nvc0_accel.lo
  CC       nvc0_exa.lo
  CC       nvc0_xv.lo
  CC       drmmode_display.lo
  CC       vl_hwmc.lo
  CCLD     nouveau_drv.la
make[2]: Leaving directory '/sources/7.9/xf86-video-nouveau-1.0.12/src'
Making all in man
make[2]: Entering directory '/sources/7.9/xf86-video-nouveau-1.0.12/man'
sed -e 's|__vendorversion__|"xf86-video-nouveau 1.0.12" "X Version 11"|' -e 's|__xorgversion__|"xf86-video-nouveau 1.0.12" "X Version 11"|' -e 's|__xservername__|Xorg|g' -e 's|__xconfigfile__|xorg.conf|g' -e 's|__projectroot__|/usr|g' -e 's|__appmansuffix__|1|g' -e 's|__drivermansuffix__|4|g' -e 's|__adminmansuffix__|8|g' -e 's|__miscmansuffix__|7|g' -e 's|__filemansuffix__|5|g' < nouveau.man > nouveau.4
make[2]: Leaving directory '/sources/7.9/xf86-video-nouveau-1.0.12/man'
make[2]: Entering directory '/sources/7.9/xf86-video-nouveau-1.0.12'
make[2]: Leaving directory '/sources/7.9/xf86-video-nouveau-1.0.12'
make[1]: Leaving directory '/sources/7.9/xf86-video-nouveau-1.0.12'
Making install in src
make[1]: Entering directory '/sources/7.9/xf86-video-nouveau-1.0.12/src'
make[2]: Entering directory '/sources/7.9/xf86-video-nouveau-1.0.12/src'
make[2]: Nothing to be done for 'install-exec-am'.
 /bin/mkdir -p '/usr/lib/xorg/modules/drivers'
 /bin/sh ../libtool   --mode=install /usr/bin/install -c   nouveau_drv.la '/usr/lib/xorg/modules/drivers'
libtool: install: /usr/bin/install -c .libs/nouveau_drv.so /usr/lib/xorg/modules/drivers/nouveau_drv.so
libtool: install: /usr/bin/install -c .libs/nouveau_drv.lai /usr/lib/xorg/modules/drivers/nouveau_drv.la
libtool: finish: PATH="/bin:/usr/ucb:/usr/bin:/usr/sbin:/sbin:/usr/etc:/etc:/sbin" ldconfig -n /usr/lib/xorg/modules/drivers
----------------------------------------------------------------------
Libraries have been installed in:
   /usr/lib/xorg/modules/drivers

If you ever happen to want to link against installed libraries
in a given directory, LIBDIR, you must either use libtool, and
specify the full pathname of the library, or use the '-LLIBDIR'
flag during linking and do at least one of the following:
   - add LIBDIR to the 'LD_LIBRARY_PATH' environment variable
     during execution
   - add LIBDIR to the 'LD_RUN_PATH' environment variable
     during linking
   - use the '-Wl,-rpath -Wl,LIBDIR' linker flag
   - have your system administrator add LIBDIR to '/etc/ld.so.conf'

See any operating system documentation about shared libraries for
more information, such as the ld(1) and ld.so(8) manual pages.
----------------------------------------------------------------------
make[2]: Leaving directory '/sources/7.9/xf86-video-nouveau-1.0.12/src'
make[1]: Leaving directory '/sources/7.9/xf86-video-nouveau-1.0.12/src'
Making install in man
make[1]: Entering directory '/sources/7.9/xf86-video-nouveau-1.0.12/man'
make[2]: Entering directory '/sources/7.9/xf86-video-nouveau-1.0.12/man'
make[2]: Nothing to be done for 'install-exec-am'.
 /bin/mkdir -p '/usr/share/man/man4'
 /usr/bin/install -c -m 644 nouveau.4 '/usr/share/man/man4'
make[2]: Leaving directory '/sources/7.9/xf86-video-nouveau-1.0.12/man'
make[1]: Leaving directory '/sources/7.9/xf86-video-nouveau-1.0.12/man'
make[1]: Entering directory '/sources/7.9/xf86-video-nouveau-1.0.12'
make[2]: Entering directory '/sources/7.9/xf86-video-nouveau-1.0.12'
make[2]: Nothing to be done for 'install-exec-am'.
make[2]: Nothing to be done for 'install-data-am'.
make[2]: Leaving directory '/sources/7.9/xf86-video-nouveau-1.0.12'
make[1]: Leaving directory '/sources/7.9/xf86-video-nouveau-1.0.12'
