--2016-06-11 14:21:53--  http://ftp.gnome.org/pub/gnome/sources/libgudev/230/libgudev-230.tar.xz
Resolving ftp.gnome.org... 130.239.18.165, 130.239.18.173, 2001:6b0:e:2018::173, ...
Connecting to ftp.gnome.org|130.239.18.165|:80... connected.
HTTP request sent, awaiting response... 200 OK
Length: 257528 (251K) [application/x-xz]
Saving to: 'libgudev-230.tar.xz'

     0K .......... .......... .......... .......... .......... 19%  233K 1s
    50K .......... .......... .......... .......... .......... 39%  422K 1s
   100K .......... .......... .......... .......... .......... 59%  496K 0s
   150K .......... .......... .......... .......... .......... 79%  586K 0s
   200K .......... .......... .......... .......... .......... 99%  601K 0s
   250K .                                                     100% 22.9M=0.6s

2016-06-11 14:21:55 (418 KB/s) - 'libgudev-230.tar.xz' saved [257528/257528]

checking for gcc... gcc
checking whether the C compiler works... yes
checking for C compiler default output file name... a.out
checking for suffix of executables... 
checking whether we are cross compiling... no
checking for suffix of object files... o
checking whether we are using the GNU C compiler... yes
checking whether gcc accepts -g... yes
checking for gcc option to accept ISO C89... none needed
checking whether gcc understands -c and -o together... yes
checking how to run the C preprocessor... gcc -E
checking for grep that handles long lines and -e... /bin/grep
checking for egrep... /bin/grep -E
checking for ANSI C header files... yes
checking for sys/types.h... yes
checking for sys/stat.h... yes
checking for stdlib.h... yes
checking for string.h... yes
checking for memory.h... yes
checking for strings.h... yes
checking for inttypes.h... yes
checking for stdint.h... yes
checking for unistd.h... yes
checking minix/config.h usability... no
checking minix/config.h presence... no
checking for minix/config.h... no
checking whether it is safe to define __EXTENSIONS__... yes
checking for special C compiler options needed for large files... no
checking for _FILE_OFFSET_BITS value needed for large files... no
checking whether to enable maintainer-specific portions of Makefiles... yes
checking for a BSD-compatible install... /usr/bin/install -c
checking whether build environment is sane... yes
checking for a thread-safe mkdir -p... /bin/mkdir -p
checking for gawk... gawk
checking whether make sets $(MAKE)... yes
checking for style of include used by make... GNU
checking whether make supports nested variables... yes
checking how to create a pax tar archive... gnutar
checking dependency style of gcc... gcc3
checking whether make supports nested variables... (cached) yes
checking build system type... x86_64-unknown-linux-gnu
checking host system type... x86_64-unknown-linux-gnu
checking how to print strings... printf
checking for a sed that does not truncate output... /bin/sed
checking for fgrep... /bin/grep -F
checking for ld used by gcc... /usr/bin/ld
checking if the linker (/usr/bin/ld) is GNU ld... yes
checking for BSD- or MS-compatible name lister (nm)... /usr/bin/nm -B
checking the name lister (/usr/bin/nm -B) interface... BSD nm
checking whether ln -s works... yes
checking the maximum length of command line arguments... 1572864
checking whether the shell understands some XSI constructs... yes
checking whether the shell understands "+="... yes
checking how to convert x86_64-unknown-linux-gnu file names to x86_64-unknown-linux-gnu format... func_convert_file_noop
checking how to convert x86_64-unknown-linux-gnu file names to toolchain format... func_convert_file_noop
checking for /usr/bin/ld option to reload object files... -r
checking for objdump... objdump
checking how to recognize dependent libraries... pass_all
checking for dlltool... no
checking how to associate runtime and link libraries... printf %s\n
checking for ar... ar
checking for archiver @FILE support... @
checking for strip... strip
checking for ranlib... ranlib
checking command to parse /usr/bin/nm -B output from gcc object... ok
checking for sysroot... no
checking for mt... no
checking if : is a manifest tool... no
checking for dlfcn.h... yes
checking for objdir... .libs
checking if gcc supports -fno-rtti -fno-exceptions... no
checking for gcc option to produce PIC... -fPIC -DPIC
checking if gcc PIC flag -fPIC -DPIC works... yes
checking if gcc static flag -static works... yes
checking if gcc supports -c -o file.o... yes
checking if gcc supports -c -o file.o... (cached) yes
checking whether the gcc linker (/usr/bin/ld -m elf_x86_64) supports shared libraries... yes
checking whether -lc should be explicitly linked in... no
checking dynamic linker characteristics... GNU/Linux ld.so
checking how to hardcode library paths into programs... immediate
checking whether stripping libraries is possible... yes
checking if libtool supports shared libraries... yes
checking whether to build shared libraries... yes
checking whether to build static libraries... no
checking whether ln -s works... yes
checking for a sed that does not truncate output... (cached) /bin/sed
checking for grep that handles long lines and -e... (cached) /bin/grep
checking for gawk... (cached) gawk
checking for gcc option to accept ISO C99... none needed
checking for pkg-config... /usr/bin/pkg-config
checking pkg-config is at least version 0.9.0... yes
checking for gtk-doc... no
configure: WARNING:
  You will not be able to create source packages with 'make dist'
  because gtk-doc >= 1.18 is not found.
checking for gtkdoc-check... no
checking for gtkdoc-check... no
checking for gtkdoc-rebase... no
checking for gtkdoc-mkpdf... no
checking whether to build gtk-doc documentation... no
checking for GTKDOC_DEPS... yes
checking for gobject-introspection... yes
checking for LIBUDEV... yes
checking for GLIB... yes
checking that generated files are newer than configure... done
configure: creating ./config.status
config.status: creating Makefile
config.status: creating gudev-1.0.pc
config.status: creating docs/Makefile
config.status: creating docs/version.xml
config.status: creating config.h
config.status: executing depfiles commands
config.status: executing libtool commands

        libgudev 230
        gintrospection:          yes
        gtk-doc:                 no

        prefix:                  /usr
        exec_prefix:             ${prefix}
        includedir:              ${prefix}/include
        libdir:                  ${exec_prefix}/lib

        CFLAGS:                  -g -O2
        CPPFLAGS:                
        LDFLAGS:                 

  GEN      gudev/gudevmarshal.h
  GEN      gudev/gudevmarshal.c
  GEN      gudev/gudevenumtypes.c
make --no-print-directory all-recursive
Making all in .
  CC       gudev/libgudev_1_0_la-gudevclient.lo
  CC       gudev/libgudev_1_0_la-gudevdevice.lo
  CC       gudev/libgudev_1_0_la-gudevenumerator.lo
  CC       gudev/libgudev_1_0_la-gudevmarshal.lo
  CC       gudev/libgudev_1_0_la-gudevenumtypes.lo
  CCLD     libgudev-1.0.la
  GISCAN   gudev/GUdev-1.0.gir
  GICOMP   gudev/GUdev-1.0.gir
make --no-print-directory install-recursive
Making install in .
 /bin/mkdir -p '/usr/lib'
 /bin/sh ./libtool   --mode=install /usr/bin/install -c   libgudev-1.0.la '/usr/lib'
libtool: install: /usr/bin/install -c .libs/libgudev-1.0.so.0.2.0 /usr/lib/libgudev-1.0.so.0.2.0
libtool: install: (cd /usr/lib && { ln -s -f libgudev-1.0.so.0.2.0 libgudev-1.0.so.0 || { rm -f libgudev-1.0.so.0 && ln -s libgudev-1.0.so.0.2.0 libgudev-1.0.so.0; }; })
libtool: install: (cd /usr/lib && { ln -s -f libgudev-1.0.so.0.2.0 libgudev-1.0.so || { rm -f libgudev-1.0.so && ln -s libgudev-1.0.so.0.2.0 libgudev-1.0.so; }; })
libtool: install: /usr/bin/install -c .libs/libgudev-1.0.lai /usr/lib/libgudev-1.0.la
libtool: finish: PATH="/bin:/usr/ucb:/usr/bin:/usr/sbin:/sbin:/usr/etc:/etc:/sbin" ldconfig -n /usr/lib
----------------------------------------------------------------------
Libraries have been installed in:
   /usr/lib

If you ever happen to want to link against installed libraries
in a given directory, LIBDIR, you must either use libtool, and
specify the full pathname of the library, or use the `-LLIBDIR'
flag during linking and do at least one of the following:
   - add LIBDIR to the `LD_LIBRARY_PATH' environment variable
     during execution
   - add LIBDIR to the `LD_RUN_PATH' environment variable
     during linking
   - use the `-Wl,-rpath -Wl,LIBDIR' linker flag
   - have your system administrator add LIBDIR to `/etc/ld.so.conf'

See any operating system documentation about shared libraries for
more information, such as the ld(1) and ld.so(8) manual pages.
----------------------------------------------------------------------
 /bin/mkdir -p '/usr/share/gir-1.0'
 /usr/bin/install -c -m 644 gudev/GUdev-1.0.gir '/usr/share/gir-1.0'
 /bin/mkdir -p '/usr/include/gudev-1.0/gudev'
 /usr/bin/install -c -m 644 gudev/gudev.h gudev/gudevenums.h gudev/gudevenumtypes.h gudev/gudevtypes.h gudev/gudevclient.h gudev/gudevdevice.h gudev/gudevenumerator.h '/usr/include/gudev-1.0/gudev'
 /bin/mkdir -p '/usr/lib/pkgconfig'
 /usr/bin/install -c -m 644 gudev-1.0.pc '/usr/lib/pkgconfig'
 /bin/mkdir -p '/usr/lib/girepository-1.0'
 /usr/bin/install -c -m 644 gudev/GUdev-1.0.typelib '/usr/lib/girepository-1.0'
