Preparing the logrotate build system...please wait

Found GNU Autoconf version 2.69
Found GNU Automake version 1.15
Found GNU Libtool version 2.4.6

Automatically preparing build ... done

The logrotate build system is now prepared.  To build here, run:
  ./configure
  make
checking for a BSD-compatible install... /usr/bin/install -c
checking whether build environment is sane... yes
checking for a thread-safe mkdir -p... /bin/mkdir -p
checking for gawk... gawk
checking whether make sets $(MAKE)... yes
checking whether make supports nested variables... yes
checking for gcc... gcc
checking whether the C compiler works... yes
checking for C compiler default output file name... a.out
checking for suffix of executables... 
checking whether we are cross compiling... no
checking for suffix of object files... o
checking whether we are using the GNU C compiler... yes
checking whether gcc accepts -g... yes
checking for gcc option to accept ISO C89... none needed
checking whether gcc understands -c and -o together... yes
checking for style of include used by make... GNU
checking dependency style of gcc... gcc3
checking for gcc option to accept ISO C99... none needed
checking for gcc option to accept ISO Standard C... (cached) none needed
checking how to run the C preprocessor... gcc -E
checking for grep that handles long lines and -e... /bin/grep
checking for egrep... /bin/grep -E
checking for ANSI C header files... yes
checking for sys/types.h... yes
checking for sys/stat.h... yes
checking for stdlib.h... yes
checking for string.h... yes
checking for memory.h... yes
checking for strings.h... yes
checking for inttypes.h... yes
checking for stdint.h... yes
checking for unistd.h... yes
checking for struct stat.st_blksize... yes
checking for struct stat.st_blocks... yes
checking for poptParseArgvString in -lpopt... yes
checking for getfscreatecon_raw in -lselinux... no
checking for acl_get_file in -lacl... yes
checking for strptime... yes
checking for qsort... yes
checking for fork... yes
checking for vfork... yes
checking for madvise... yes
checking that generated files are newer than configure... done
configure: creating ./config.status
config.status: creating Makefile
config.status: creating test/Makefile
config.status: executing depfiles commands
Making all in test
make[1]: Entering directory '/sources/7.9/logrotate-3.9.1/test'
make[1]: Nothing to be done for 'all'.
make[1]: Leaving directory '/sources/7.9/logrotate-3.9.1/test'
make[1]: Entering directory '/sources/7.9/logrotate-3.9.1'
gcc -DPACKAGE_NAME=\"logrotate\" -DPACKAGE_TARNAME=\"logrotate\" -DPACKAGE_VERSION=\"3.9.1\" -DPACKAGE_STRING=\"logrotate\ 3.9.1\" -DPACKAGE_BUGREPORT=\"\" -DPACKAGE_URL=\"\" -DPACKAGE=\"logrotate\" -DVERSION=\"3.9.1\" -D_GNU_SOURCE=1 -DSTDC_HEADERS=1 -DHAVE_SYS_TYPES_H=1 -DHAVE_SYS_STAT_H=1 -DHAVE_STDLIB_H=1 -DHAVE_STRING_H=1 -DHAVE_MEMORY_H=1 -DHAVE_STRINGS_H=1 -DHAVE_INTTYPES_H=1 -DHAVE_STDINT_H=1 -DHAVE_UNISTD_H=1 -DHAVE_STRUCT_STAT_ST_BLKSIZE=1 -DHAVE_ST_BLKSIZE=1 -DHAVE_STRUCT_STAT_ST_BLOCKS=1 -DHAVE_ST_BLOCKS=1 -DHAVE_LIBPOPT=1 -DHAVE_LIBACL=1 -DHAVE_STRPTIME=1 -DHAVE_QSORT=1 -DHAVE_FORK=1 -DHAVE_VFORK=1 -DHAVE_MADVISE=1 -I.    -Wall -Werror -g -O2 -MT logrotate.o -MD -MP -MF .deps/logrotate.Tpo -c -o logrotate.o logrotate.c
mv -f .deps/logrotate.Tpo .deps/logrotate.Po
gcc -DPACKAGE_NAME=\"logrotate\" -DPACKAGE_TARNAME=\"logrotate\" -DPACKAGE_VERSION=\"3.9.1\" -DPACKAGE_STRING=\"logrotate\ 3.9.1\" -DPACKAGE_BUGREPORT=\"\" -DPACKAGE_URL=\"\" -DPACKAGE=\"logrotate\" -DVERSION=\"3.9.1\" -D_GNU_SOURCE=1 -DSTDC_HEADERS=1 -DHAVE_SYS_TYPES_H=1 -DHAVE_SYS_STAT_H=1 -DHAVE_STDLIB_H=1 -DHAVE_STRING_H=1 -DHAVE_MEMORY_H=1 -DHAVE_STRINGS_H=1 -DHAVE_INTTYPES_H=1 -DHAVE_STDINT_H=1 -DHAVE_UNISTD_H=1 -DHAVE_STRUCT_STAT_ST_BLKSIZE=1 -DHAVE_ST_BLKSIZE=1 -DHAVE_STRUCT_STAT_ST_BLOCKS=1 -DHAVE_ST_BLOCKS=1 -DHAVE_LIBPOPT=1 -DHAVE_LIBACL=1 -DHAVE_STRPTIME=1 -DHAVE_QSORT=1 -DHAVE_FORK=1 -DHAVE_VFORK=1 -DHAVE_MADVISE=1 -I.    -Wall -Werror -g -O2 -MT log.o -MD -MP -MF .deps/log.Tpo -c -o log.o log.c
mv -f .deps/log.Tpo .deps/log.Po
gcc -DPACKAGE_NAME=\"logrotate\" -DPACKAGE_TARNAME=\"logrotate\" -DPACKAGE_VERSION=\"3.9.1\" -DPACKAGE_STRING=\"logrotate\ 3.9.1\" -DPACKAGE_BUGREPORT=\"\" -DPACKAGE_URL=\"\" -DPACKAGE=\"logrotate\" -DVERSION=\"3.9.1\" -D_GNU_SOURCE=1 -DSTDC_HEADERS=1 -DHAVE_SYS_TYPES_H=1 -DHAVE_SYS_STAT_H=1 -DHAVE_STDLIB_H=1 -DHAVE_STRING_H=1 -DHAVE_MEMORY_H=1 -DHAVE_STRINGS_H=1 -DHAVE_INTTYPES_H=1 -DHAVE_STDINT_H=1 -DHAVE_UNISTD_H=1 -DHAVE_STRUCT_STAT_ST_BLKSIZE=1 -DHAVE_ST_BLKSIZE=1 -DHAVE_STRUCT_STAT_ST_BLOCKS=1 -DHAVE_ST_BLOCKS=1 -DHAVE_LIBPOPT=1 -DHAVE_LIBACL=1 -DHAVE_STRPTIME=1 -DHAVE_QSORT=1 -DHAVE_FORK=1 -DHAVE_VFORK=1 -DHAVE_MADVISE=1 -I.    -Wall -Werror -g -O2 -MT config.o -MD -MP -MF .deps/config.Tpo -c -o config.o config.c
mv -f .deps/config.Tpo .deps/config.Po
gcc -DPACKAGE_NAME=\"logrotate\" -DPACKAGE_TARNAME=\"logrotate\" -DPACKAGE_VERSION=\"3.9.1\" -DPACKAGE_STRING=\"logrotate\ 3.9.1\" -DPACKAGE_BUGREPORT=\"\" -DPACKAGE_URL=\"\" -DPACKAGE=\"logrotate\" -DVERSION=\"3.9.1\" -D_GNU_SOURCE=1 -DSTDC_HEADERS=1 -DHAVE_SYS_TYPES_H=1 -DHAVE_SYS_STAT_H=1 -DHAVE_STDLIB_H=1 -DHAVE_STRING_H=1 -DHAVE_MEMORY_H=1 -DHAVE_STRINGS_H=1 -DHAVE_INTTYPES_H=1 -DHAVE_STDINT_H=1 -DHAVE_UNISTD_H=1 -DHAVE_STRUCT_STAT_ST_BLKSIZE=1 -DHAVE_ST_BLKSIZE=1 -DHAVE_STRUCT_STAT_ST_BLOCKS=1 -DHAVE_ST_BLOCKS=1 -DHAVE_LIBPOPT=1 -DHAVE_LIBACL=1 -DHAVE_STRPTIME=1 -DHAVE_QSORT=1 -DHAVE_FORK=1 -DHAVE_VFORK=1 -DHAVE_MADVISE=1 -I.    -Wall -Werror -g -O2 -MT basenames.o -MD -MP -MF .deps/basenames.Tpo -c -o basenames.o basenames.c
mv -f .deps/basenames.Tpo .deps/basenames.Po
gcc -Wall -Werror -g -O2   -o logrotate logrotate.o log.o config.o basenames.o  -lacl -lpopt 
make[1]: Leaving directory '/sources/7.9/logrotate-3.9.1'
Making test in test
make[1]: Entering directory '/sources/7.9/logrotate-3.9.1/test'
(./test)
SELinux disabled. SELinux tests will not be executed.
Running test 1
Running test 2
Running test 3
Running test 4
Running test 5
Running test 6
Skipping SELinux part of test 6
Running test 7
Running test 8
Running test 9
Running test 10
Skipping SELinux part of test 10
Running test 11
Running test 12
Running test 13
Running test 14
Running test 15
Running test 16
Running test 17
Running test 18
Running test 19
Running test 20
Running test 21
Running test 22
Running test 23
Running test 24
Running test 25
Running test 26
Running test 27
Running test 28
Running test 29
Running test 30
Running test 31
Running test 32
Running test 33
Running test 34
Running test 35
Running test 36
Running test 37
Running test 38
Running test 39
Running test 40
Running test 41
Running test 42
Running test 43
Running test 44
Running test 45
Running test 46
Skipping SELinux part of test 6
Running test 47
Skipping SELinux test 47
Running test 48
Running test 49
Running test 50
Running test 51
Running test 52
Running test 53
Running test 54
Running test 55
Running test 56
Running test 57
Running test 58
Running test 59
Running test 60
Running test 61
Running test 62
Running test 63
make[1]: Leaving directory '/sources/7.9/logrotate-3.9.1/test'
make[1]: Entering directory '/sources/7.9/logrotate-3.9.1'
make[1]: Nothing to be done for 'test-am'.
make[1]: Leaving directory '/sources/7.9/logrotate-3.9.1'
Making install in test
make[1]: Entering directory '/sources/7.9/logrotate-3.9.1/test'
make[2]: Entering directory '/sources/7.9/logrotate-3.9.1/test'
make[2]: Nothing to be done for 'install-exec-am'.
make[2]: Nothing to be done for 'install-data-am'.
make[2]: Leaving directory '/sources/7.9/logrotate-3.9.1/test'
make[1]: Leaving directory '/sources/7.9/logrotate-3.9.1/test'
make[1]: Entering directory '/sources/7.9/logrotate-3.9.1'
make[2]: Entering directory '/sources/7.9/logrotate-3.9.1'
 /bin/mkdir -p '/usr/sbin'
  /usr/bin/install -c logrotate '/usr/sbin'
/usr/bin/install -c -d /usr/share/man/man8
/usr/bin/install -c -d /usr/share/man/man5
/usr/bin/install -c -m 644 ./logrotate.8 /usr/share/man/man8
/usr/bin/install -c -m 644 ./logrotate.conf.5 /usr/share/man/man5
make[2]: Leaving directory '/sources/7.9/logrotate-3.9.1'
make[1]: Leaving directory '/sources/7.9/logrotate-3.9.1'
mode of '/etc/logrotate.conf' retained as 0644 (rw-r--r--)
mode of '/etc/logrotate.d/sys.log' retained as 0644 (rw-r--r--)
mode of '/etc/logrotate.d/example.log' retained as 0644 (rw-r--r--)
