checking whether make supports nested variables... yes
checking for a BSD-compatible install... /usr/bin/install -c
checking whether build environment is sane... yes
checking for a thread-safe mkdir -p... /bin/mkdir -p
checking for gawk... gawk
checking whether make sets $(MAKE)... yes
checking how to create a ustar tar archive... gnutar
checking whether to enable maintainer-specific portions of Makefiles... no
checking for style of include used by make... GNU
checking for gcc... gcc
checking whether the C compiler works... yes
checking for C compiler default output file name... a.out
checking for suffix of executables... 
checking whether we are cross compiling... no
checking for suffix of object files... o
checking whether we are using the GNU C compiler... yes
checking whether gcc accepts -g... yes
checking for gcc option to accept ISO C89... none needed
checking dependency style of gcc... gcc3
checking how to run the C preprocessor... gcc -E
checking for grep that handles long lines and -e... /bin/grep
checking for egrep... /bin/grep -E
checking for ANSI C header files... yes
checking for sys/types.h... yes
checking for sys/stat.h... yes
checking for stdlib.h... yes
checking for string.h... yes
checking for memory.h... yes
checking for strings.h... yes
checking for inttypes.h... yes
checking for stdint.h... yes
checking for unistd.h... yes
checking minix/config.h usability... no
checking minix/config.h presence... no
checking for minix/config.h... no
checking whether it is safe to define __EXTENSIONS__... yes
checking for gcc... (cached) gcc
checking whether we are using the GNU C compiler... (cached) yes
checking whether gcc accepts -g... (cached) yes
checking for gcc option to accept ISO C89... (cached) none needed
checking dependency style of gcc... (cached) gcc3
checking whether gcc and cc understand -c and -o together... yes
checking build system type... x86_64-unknown-linux-gnu
checking host system type... x86_64-unknown-linux-gnu
checking for a sed that does not truncate output... /bin/sed
checking for fgrep... /bin/grep -F
checking how to print strings... printf
checking for ld used by gcc... /usr/bin/ld
checking if the linker (/usr/bin/ld) is GNU ld... yes
checking whether NLS is requested... yes
checking for intltool-update... /usr/bin/intltool-update
checking for intltool-merge... /usr/bin/intltool-merge
checking for intltool-extract... /usr/bin/intltool-extract
checking for xgettext... /usr/bin/xgettext
checking for msgmerge... /usr/bin/msgmerge
checking for msgfmt... /usr/bin/msgfmt
checking for gmsgfmt... /usr/bin/msgfmt
checking for perl... /usr/bin/perl
checking for perl >= 5.8.1... 5.22.1
checking for XML::Parser... ok
checking for BSD- or MS-compatible name lister (nm)... /usr/bin/nm -B
checking the name lister (/usr/bin/nm -B) interface... BSD nm
checking whether ln -s works... yes
checking the maximum length of command line arguments... 1572864
checking whether the shell understands some XSI constructs... yes
checking whether the shell understands "+="... yes
checking how to convert x86_64-unknown-linux-gnu file names to x86_64-unknown-linux-gnu format... func_convert_file_noop
checking how to convert x86_64-unknown-linux-gnu file names to toolchain format... func_convert_file_noop
checking for /usr/bin/ld option to reload object files... -r
checking for objdump... objdump
checking how to recognize dependent libraries... pass_all
checking for dlltool... no
checking how to associate runtime and link libraries... printf %s\n
checking for ar... ar
checking for archiver @FILE support... @
checking for strip... strip
checking for ranlib... ranlib
checking command to parse /usr/bin/nm -B output from gcc object... ok
checking for sysroot... no
checking for mt... no
checking if : is a manifest tool... no
checking for dlfcn.h... yes
checking for objdir... .libs
checking if gcc supports -fno-rtti -fno-exceptions... no
checking for gcc option to produce PIC... -fPIC -DPIC
checking if gcc PIC flag -fPIC -DPIC works... yes
checking if gcc static flag -static works... yes
checking if gcc supports -c -o file.o... yes
checking if gcc supports -c -o file.o... (cached) yes
checking whether the gcc linker (/usr/bin/ld -m elf_x86_64) supports shared libraries... yes
checking whether -lc should be explicitly linked in... no
checking dynamic linker characteristics... GNU/Linux ld.so
checking how to hardcode library paths into programs... immediate
checking whether stripping libraries is possible... yes
checking if libtool supports shared libraries... yes
checking whether to build shared libraries... yes
checking whether to build static libraries... no
checking for ANSI C header files... (cached) yes
checking errno.h usability... yes
checking errno.h presence... yes
checking for errno.h... yes
checking fcntl.h usability... yes
checking fcntl.h presence... yes
checking for fcntl.h... yes
checking grp.h usability... yes
checking grp.h presence... yes
checking for grp.h... yes
checking signal.h usability... yes
checking signal.h presence... yes
checking for signal.h... yes
checking for stdlib.h... (cached) yes
checking for string.h... (cached) yes
checking for sys/stat.h... (cached) yes
checking sys/time.h usability... yes
checking sys/time.h presence... yes
checking for sys/time.h... yes
checking for sys/types.h... (cached) yes
checking sys/wait.h usability... yes
checking sys/wait.h presence... yes
checking for sys/wait.h... yes
checking for unistd.h... (cached) yes
checking locale.h usability... yes
checking locale.h presence... yes
checking for locale.h... yes
checking for LC_MESSAGES... yes
checking libintl.h usability... yes
checking libintl.h presence... yes
checking for libintl.h... yes
checking for ngettext in libc... yes
checking for dgettext in libc... yes
checking for bind_textdomain_codeset... yes
checking for msgfmt... (cached) /usr/bin/msgfmt
checking for dcgettext... yes
checking if msgfmt accepts -c... yes
checking for gmsgfmt... (cached) /usr/bin/msgfmt
checking for xgettext... (cached) /usr/bin/xgettext
checking for catalogs to be installed...  ar ast bg ca cs da de el en_GB es eu fi fr gl he hr hu id it ja kk ko lt lv nb nl pa pl pt_BR pt pt_PT ro ru si sk sq sr sv tr ug uk zh_CN zh_TW
checking for bind_textdomain_codeset... (cached) yes
checking for locales directory... ${datarootdir}/locale
checking for additional xgettext flags... --keyword=Q_ --from-code=UTF-8
checking for X... libraries , headers 
checking for gethostbyname... yes
checking for connect... yes
checking for remove... yes
checking for shmat... yes
checking for IceConnectionNumber in -lICE... yes
checking for main in -lX11... yes
checking for pkg-config... /usr/bin/pkg-config
checking pkg-config is at least version 0.9.0... yes
checking for libxfce4util-1.0 >= 4.4.0... 4.12.1
checking LIBXFCE4UTIL_CFLAGS... -I/usr/include/xfce4 -I/usr/include/glib-2.0 -I/usr/lib/glib-2.0/include
checking LIBXFCE4UTIL_LIBS... -lxfce4util -lglib-2.0
checking for pkg-config... (cached) /usr/bin/pkg-config
checking pkg-config is at least version 0.9.0... yes
checking for libxfce4ui-1 >= 4.7.0... 4.12.1
checking LIBXFCE4UI_CFLAGS... -pthread -I/usr/include/xfce4/libxfce4ui-1 -I/usr/include/gtk-2.0 -I/usr/lib/gtk-2.0/include -I/usr/include/pango-1.0 -I/usr/include/atk-1.0 -I/usr/include/cairo -I/usr/include/pixman-1 -I/usr/include/gdk-pixbuf-2.0 -I/usr/include/libpng16 -I/usr/include/pango-1.0 -I/usr/include/freetype2 -I/usr/include/libpng16 -I/usr/include/harfbuzz -I/usr/include/glib-2.0 -I/usr/lib/glib-2.0/include -I/usr/include/freetype2 -I/usr/include/libpng16 -I/usr/include/harfbuzz -I/usr/include/xfce4 -I/usr/include/glib-2.0 -I/usr/lib/glib-2.0/include
checking LIBXFCE4UI_LIBS... -lxfce4ui-1 -lgtk-x11-2.0 -lgdk-x11-2.0 -lpangocairo-1.0 -latk-1.0 -lcairo -lgdk_pixbuf-2.0 -lgio-2.0 -lpangoft2-1.0 -lpango-1.0 -lgobject-2.0 -lfontconfig -lfreetype -lxfce4util -lglib-2.0
checking for pkg-config... (cached) /usr/bin/pkg-config
checking pkg-config is at least version 0.9.0... yes
checking for libxfconf-0 >= 0.1.0svn-r26876... 4.12.0
checking XFCONF_CFLAGS... -I/usr/include/xfce4/xfconf-0 -I/usr/include/dbus-1.0 -I/usr/lib/dbus-1.0/include -I/usr/include/glib-2.0 -I/usr/lib/glib-2.0/include
checking XFCONF_LIBS... -lxfconf-0 -ldbus-glib-1 -ldbus-1 -lgobject-2.0 -lglib-2.0
checking for pkg-config... (cached) /usr/bin/pkg-config
checking pkg-config is at least version 0.9.0... yes
checking for gtk+-2.0 >= 2.14.0... 2.24.29
checking GTK_CFLAGS... -pthread -I/usr/include/gtk-2.0 -I/usr/lib/gtk-2.0/include -I/usr/include/pango-1.0 -I/usr/include/atk-1.0 -I/usr/include/cairo -I/usr/include/pixman-1 -I/usr/include/gdk-pixbuf-2.0 -I/usr/include/libpng16 -I/usr/include/pango-1.0 -I/usr/include/freetype2 -I/usr/include/libpng16 -I/usr/include/harfbuzz -I/usr/include/glib-2.0 -I/usr/lib/glib-2.0/include -I/usr/include/freetype2 -I/usr/include/libpng16 -I/usr/include/harfbuzz -I/usr/include/glib-2.0 -I/usr/lib/glib-2.0/include
checking GTK_LIBS... -lgtk-x11-2.0 -lgdk-x11-2.0 -lpangocairo-1.0 -latk-1.0 -lcairo -lgdk_pixbuf-2.0 -lgio-2.0 -lpangoft2-1.0 -lpango-1.0 -lgobject-2.0 -lglib-2.0 -lfontconfig -lfreetype
checking for pkg-config... (cached) /usr/bin/pkg-config
checking pkg-config is at least version 0.9.0... yes
checking for dbus-1 >= 1.0.0... 1.10.6
checking DBUS_CFLAGS... -I/usr/include/dbus-1.0 -I/usr/lib/dbus-1.0/include
checking DBUS_LIBS... -ldbus-1
checking for pkg-config... (cached) /usr/bin/pkg-config
checking pkg-config is at least version 0.9.0... yes
checking for dbus-glib-1 >= 0.72... 0.106
checking DBUS_GLIB_CFLAGS... -I/usr/include/dbus-1.0 -I/usr/lib/dbus-1.0/include -I/usr/include/glib-2.0 -I/usr/lib/glib-2.0/include
checking DBUS_GLIB_LIBS... -ldbus-glib-1 -ldbus-1 -lgobject-2.0 -lglib-2.0
checking for pkg-config... (cached) /usr/bin/pkg-config
checking pkg-config is at least version 0.9.0... yes
checking for libnotify >= 0.7.0... 0.7.6
checking LIBNOTIFY_CFLAGS... -pthread -I/usr/include/gdk-pixbuf-2.0 -I/usr/include/libpng16 -I/usr/include/glib-2.0 -I/usr/lib/glib-2.0/include
checking LIBNOTIFY_LIBS... -lnotify -lgdk_pixbuf-2.0 -lgio-2.0 -lgobject-2.0 -lglib-2.0
checking for dbus-binding-tool... /usr/bin/dbus-binding-tool
checking whether to build with debugging support... minimum
configure: creating ./config.status
config.status: creating Makefile
config.status: creating po/Makefile.in
config.status: creating config.h
config.status: executing depfiles commands
config.status: executing libtool commands
config.status: executing default-1 commands
config.status: executing po/stamp-it commands
  GEN    xfce4-notifyd/notify-dbus.h
make  all-recursive
make[1]: Entering directory '/sources/7.9/xfce4-notifyd-0.2.4'
Making all in po
make[2]: Entering directory '/sources/7.9/xfce4-notifyd-0.2.4/po'
  MSGFMT ar.gmo
  MSGFMT ast.gmo
  MSGFMT bg.gmo
  MSGFMT ca.gmo
  MSGFMT cs.gmo
  MSGFMT da.gmo
  MSGFMT de.gmo
  MSGFMT el.gmo
  MSGFMT en_GB.gmo
  MSGFMT es.gmo
  MSGFMT eu.gmo
  MSGFMT fi.gmo
  MSGFMT fr.gmo
  MSGFMT gl.gmo
  MSGFMT he.gmo
  MSGFMT hr.gmo
  MSGFMT hu.gmo
  MSGFMT id.gmo
  MSGFMT it.gmo
  MSGFMT ja.gmo
  MSGFMT kk.gmo
  MSGFMT ko.gmo
  MSGFMT lt.gmo
  MSGFMT lv.gmo
  MSGFMT nb.gmo
  MSGFMT nl.gmo
  MSGFMT pa.gmo
  MSGFMT pl.gmo
  MSGFMT pt_BR.gmo
  MSGFMT pt.gmo
  MSGFMT pt_PT.gmo
  MSGFMT ro.gmo
  MSGFMT ru.gmo
  MSGFMT si.gmo
  MSGFMT sk.gmo
  MSGFMT sq.gmo
  MSGFMT sr.gmo
  MSGFMT sv.gmo
  MSGFMT tr.gmo
  MSGFMT ug.gmo
  MSGFMT uk.gmo
  MSGFMT zh_CN.gmo
  MSGFMT zh_TW.gmo
make[2]: Leaving directory '/sources/7.9/xfce4-notifyd-0.2.4/po'
make[2]: Entering directory '/sources/7.9/xfce4-notifyd-0.2.4'
  CC     xfce4-notifyd-config/xfce4_notifyd_config_xfce4_notifyd_config-main.o
  CCLD   xfce4-notifyd-config/xfce4-notifyd-config
  CC     tests/tests_test_text-test-text.o
  CCLD   tests/test-text
  CC     tests/tests_test_positioning-test-positioning.o
  CCLD   tests/test-positioning
  CC     tests/tests_test_actions-test-actions.o
  CCLD   tests/test-actions
  CC     xfce4-notifyd/xfce4_notifyd_xfce4_notifyd-main.o
  CC     xfce4-notifyd/xfce4_notifyd_xfce4_notifyd-xfce-notify-daemon.o
  CC     xfce4-notifyd/xfce4_notifyd_xfce4_notifyd-xfce-notify-enum-types.o
  CC     xfce4-notifyd/xfce4_notifyd_xfce4_notifyd-xfce-notify-marshal.o
  CC     xfce4-notifyd/xfce4_notifyd_xfce4_notifyd-xfce-notify-window.o
  CCLD   xfce4-notifyd/xfce4-notifyd
  ITMRG  xfce4-notifyd-config/xfce4-notifyd-config.desktop
sed -e "s,\@notifydir\@,/usr/lib/xfce4/notifyd,g" < xfce4-notifyd/org.xfce.xfce4-notifyd.Notifications.service.in > xfce4-notifyd/org.xfce.xfce4-notifyd.Notifications.service
make[2]: Leaving directory '/sources/7.9/xfce4-notifyd-0.2.4'
make[1]: Leaving directory '/sources/7.9/xfce4-notifyd-0.2.4'
make  install-recursive
make[1]: Entering directory '/sources/7.9/xfce4-notifyd-0.2.4'
Making install in po
make[2]: Entering directory '/sources/7.9/xfce4-notifyd-0.2.4/po'
linguas="ar ast bg ca cs da de el en_GB es eu fi fr gl he hr hu id it ja kk ko lt lv nb nl pa pl pt_BR pt pt_PT ro ru si sk sq sr sv tr ug uk zh_CN zh_TW "; \
for lang in $linguas; do \
  dir=/usr/share/locale/$lang/LC_MESSAGES; \
  /bin/sh /sources/7.9/xfce4-notifyd-0.2.4/install-sh -d $dir; \
  if test -r $lang.gmo; then \
    /usr/bin/install -c -m 644 $lang.gmo $dir/xfce4-notifyd.mo; \
    echo "installing $lang.gmo as $dir/xfce4-notifyd.mo"; \
  else \
    /usr/bin/install -c -m 644 ./$lang.gmo $dir/xfce4-notifyd.mo; \
    echo "installing ./$lang.gmo as" \
	 "$dir/xfce4-notifyd.mo"; \
  fi; \
  if test -r $lang.gmo.m; then \
    /usr/bin/install -c -m 644 $lang.gmo.m $dir/xfce4-notifyd.mo.m; \
    echo "installing $lang.gmo.m as $dir/xfce4-notifyd.mo.m"; \
  else \
    if test -r ./$lang.gmo.m ; then \
      /usr/bin/install -c -m 644 ./$lang.gmo.m \
	$dir/xfce4-notifyd.mo.m; \
      echo "installing ./$lang.gmo.m as" \
	   "$dir/xfce4-notifyd.mo.m"; \
    else \
      true; \
    fi; \
  fi; \
done
installing ar.gmo as /usr/share/locale/ar/LC_MESSAGES/xfce4-notifyd.mo
installing ast.gmo as /usr/share/locale/ast/LC_MESSAGES/xfce4-notifyd.mo
installing bg.gmo as /usr/share/locale/bg/LC_MESSAGES/xfce4-notifyd.mo
installing ca.gmo as /usr/share/locale/ca/LC_MESSAGES/xfce4-notifyd.mo
installing cs.gmo as /usr/share/locale/cs/LC_MESSAGES/xfce4-notifyd.mo
installing da.gmo as /usr/share/locale/da/LC_MESSAGES/xfce4-notifyd.mo
installing de.gmo as /usr/share/locale/de/LC_MESSAGES/xfce4-notifyd.mo
installing el.gmo as /usr/share/locale/el/LC_MESSAGES/xfce4-notifyd.mo
installing en_GB.gmo as /usr/share/locale/en_GB/LC_MESSAGES/xfce4-notifyd.mo
installing es.gmo as /usr/share/locale/es/LC_MESSAGES/xfce4-notifyd.mo
installing eu.gmo as /usr/share/locale/eu/LC_MESSAGES/xfce4-notifyd.mo
installing fi.gmo as /usr/share/locale/fi/LC_MESSAGES/xfce4-notifyd.mo
installing fr.gmo as /usr/share/locale/fr/LC_MESSAGES/xfce4-notifyd.mo
installing gl.gmo as /usr/share/locale/gl/LC_MESSAGES/xfce4-notifyd.mo
installing he.gmo as /usr/share/locale/he/LC_MESSAGES/xfce4-notifyd.mo
installing hr.gmo as /usr/share/locale/hr/LC_MESSAGES/xfce4-notifyd.mo
installing hu.gmo as /usr/share/locale/hu/LC_MESSAGES/xfce4-notifyd.mo
installing id.gmo as /usr/share/locale/id/LC_MESSAGES/xfce4-notifyd.mo
installing it.gmo as /usr/share/locale/it/LC_MESSAGES/xfce4-notifyd.mo
installing ja.gmo as /usr/share/locale/ja/LC_MESSAGES/xfce4-notifyd.mo
installing kk.gmo as /usr/share/locale/kk/LC_MESSAGES/xfce4-notifyd.mo
installing ko.gmo as /usr/share/locale/ko/LC_MESSAGES/xfce4-notifyd.mo
installing lt.gmo as /usr/share/locale/lt/LC_MESSAGES/xfce4-notifyd.mo
installing lv.gmo as /usr/share/locale/lv/LC_MESSAGES/xfce4-notifyd.mo
installing nb.gmo as /usr/share/locale/nb/LC_MESSAGES/xfce4-notifyd.mo
installing nl.gmo as /usr/share/locale/nl/LC_MESSAGES/xfce4-notifyd.mo
installing pa.gmo as /usr/share/locale/pa/LC_MESSAGES/xfce4-notifyd.mo
installing pl.gmo as /usr/share/locale/pl/LC_MESSAGES/xfce4-notifyd.mo
installing pt_BR.gmo as /usr/share/locale/pt_BR/LC_MESSAGES/xfce4-notifyd.mo
installing pt.gmo as /usr/share/locale/pt/LC_MESSAGES/xfce4-notifyd.mo
installing pt_PT.gmo as /usr/share/locale/pt_PT/LC_MESSAGES/xfce4-notifyd.mo
installing ro.gmo as /usr/share/locale/ro/LC_MESSAGES/xfce4-notifyd.mo
installing ru.gmo as /usr/share/locale/ru/LC_MESSAGES/xfce4-notifyd.mo
installing si.gmo as /usr/share/locale/si/LC_MESSAGES/xfce4-notifyd.mo
installing sk.gmo as /usr/share/locale/sk/LC_MESSAGES/xfce4-notifyd.mo
installing sq.gmo as /usr/share/locale/sq/LC_MESSAGES/xfce4-notifyd.mo
installing sr.gmo as /usr/share/locale/sr/LC_MESSAGES/xfce4-notifyd.mo
installing sv.gmo as /usr/share/locale/sv/LC_MESSAGES/xfce4-notifyd.mo
installing tr.gmo as /usr/share/locale/tr/LC_MESSAGES/xfce4-notifyd.mo
installing ug.gmo as /usr/share/locale/ug/LC_MESSAGES/xfce4-notifyd.mo
installing uk.gmo as /usr/share/locale/uk/LC_MESSAGES/xfce4-notifyd.mo
installing zh_CN.gmo as /usr/share/locale/zh_CN/LC_MESSAGES/xfce4-notifyd.mo
installing zh_TW.gmo as /usr/share/locale/zh_TW/LC_MESSAGES/xfce4-notifyd.mo
make[2]: Leaving directory '/sources/7.9/xfce4-notifyd-0.2.4/po'
make[2]: Entering directory '/sources/7.9/xfce4-notifyd-0.2.4'
make[3]: Entering directory '/sources/7.9/xfce4-notifyd-0.2.4'
 /bin/mkdir -p '/usr/bin'
  /bin/sh ./libtool   --mode=install /usr/bin/install -c xfce4-notifyd-config/xfce4-notifyd-config '/usr/bin'
libtool: install: /usr/bin/install -c xfce4-notifyd-config/xfce4-notifyd-config /usr/bin/xfce4-notifyd-config
 /bin/mkdir -p '/usr/share/applications'
 /usr/bin/install -c -m 644 xfce4-notifyd-config/xfce4-notifyd-config.desktop '/usr/share/applications'
 /bin/mkdir -p '/usr/share/themes/Default/xfce-notify-4.0'
 /usr/bin/install -c -m 644 themes/Default/gtkrc '/usr/share/themes/Default/xfce-notify-4.0'
 /bin/mkdir -p '/usr/share/icons/hicolor/48x48/apps'
 /usr/bin/install -c -m 644 icons/48x48/xfce4-notifyd.png '/usr/share/icons/hicolor/48x48/apps'
 /bin/mkdir -p '/usr/share/themes/Smoke/xfce-notify-4.0'
 /usr/bin/install -c -m 644 themes/Smoke/gtkrc '/usr/share/themes/Smoke/xfce-notify-4.0'
 /bin/mkdir -p '/usr/share/themes/ZOMG-PONIES!/xfce-notify-4.0'
 /usr/bin/install -c -m 644 themes/ZOMG-PONIES!/gtkrc '/usr/share/themes/ZOMG-PONIES!/xfce-notify-4.0'
 /bin/mkdir -p '/usr/share/man/man1'
 /usr/bin/install -c -m 644 xfce4-notifyd-config/xfce4-notifyd-config.1 '/usr/share/man/man1'
 /bin/mkdir -p '/usr/share/dbus-1/services'
 /usr/bin/install -c -m 644 xfce4-notifyd/org.xfce.xfce4-notifyd.Notifications.service '/usr/share/dbus-1/services'
 /bin/mkdir -p '/usr/lib/xfce4/notifyd'
  /bin/sh ./libtool   --mode=install /usr/bin/install -c xfce4-notifyd/xfce4-notifyd '/usr/lib/xfce4/notifyd'
libtool: install: /usr/bin/install -c xfce4-notifyd/xfce4-notifyd /usr/lib/xfce4/notifyd/xfce4-notifyd
make  install-data-hook
make[4]: Entering directory '/sources/7.9/xfce4-notifyd-0.2.4'
Updating Gtk icon cache.
make[4]: Leaving directory '/sources/7.9/xfce4-notifyd-0.2.4'
make[3]: Leaving directory '/sources/7.9/xfce4-notifyd-0.2.4'
make[2]: Leaving directory '/sources/7.9/xfce4-notifyd-0.2.4'
make[1]: Leaving directory '/sources/7.9/xfce4-notifyd-0.2.4'
