--2016-06-09 22:34:47--  http://bitmath.org/code/mtdev/mtdev-1.1.5.tar.bz2
Resolving bitmath.org... 46.30.212.81
Connecting to bitmath.org|46.30.212.81|:80... connected.
HTTP request sent, awaiting response... 200 OK
Length: 274162 (268K) [application/x-tar]
Saving to: 'mtdev-1.1.5.tar.bz2'

     0K .......... .......... .......... .......... .......... 18%  389K 1s
    50K .......... .......... .......... .......... .......... 37%  670K 0s
   100K .......... .......... .......... .......... .......... 56% 2.75M 0s
   150K .......... .......... .......... .......... .......... 74% 1.77M 0s
   200K .......... .......... .......... .......... .......... 93% 1.27M 0s
   250K .......... .......                                    100% 2.00M=0.3s

2016-06-09 22:34:48 (906 KB/s) - 'mtdev-1.1.5.tar.bz2' saved [274162/274162]

checking for a BSD-compatible install... /usr/bin/install -c
checking whether build environment is sane... yes
/sources/7.9/mtdev-1.1.5/config-aux/missing: Unknown `--is-lightweight' option
Try `/sources/7.9/mtdev-1.1.5/config-aux/missing --help' for more information
configure: WARNING: 'missing' script is too old or missing
checking for a thread-safe mkdir -p... /bin/mkdir -p
checking for gawk... gawk
checking whether make sets $(MAKE)... yes
checking whether make supports nested variables... yes
checking whether make supports nested variables... (cached) yes
checking build system type... x86_64-unknown-linux-gnu
checking host system type... x86_64-unknown-linux-gnu
checking how to print strings... printf
checking for style of include used by make... GNU
checking for gcc... gcc
checking whether the C compiler works... yes
checking for C compiler default output file name... a.out
checking for suffix of executables... 
checking whether we are cross compiling... no
checking for suffix of object files... o
checking whether we are using the GNU C compiler... yes
checking whether gcc accepts -g... yes
checking for gcc option to accept ISO C89... none needed
checking whether gcc understands -c and -o together... yes
checking dependency style of gcc... gcc3
checking for a sed that does not truncate output... /bin/sed
checking for grep that handles long lines and -e... /bin/grep
checking for egrep... /bin/grep -E
checking for fgrep... /bin/grep -F
checking for ld used by gcc... /usr/bin/ld
checking if the linker (/usr/bin/ld) is GNU ld... yes
checking for BSD- or MS-compatible name lister (nm)... /usr/bin/nm -B
checking the name lister (/usr/bin/nm -B) interface... BSD nm
checking whether ln -s works... yes
checking the maximum length of command line arguments... 1572864
checking whether the shell understands some XSI constructs... yes
checking whether the shell understands "+="... yes
checking how to convert x86_64-unknown-linux-gnu file names to x86_64-unknown-linux-gnu format... func_convert_file_noop
checking how to convert x86_64-unknown-linux-gnu file names to toolchain format... func_convert_file_noop
checking for /usr/bin/ld option to reload object files... -r
checking for objdump... objdump
checking how to recognize dependent libraries... pass_all
checking for dlltool... no
checking how to associate runtime and link libraries... printf %s\n
checking for ar... ar
checking for archiver @FILE support... @
checking for strip... strip
checking for ranlib... ranlib
checking command to parse /usr/bin/nm -B output from gcc object... ok
checking for sysroot... no
checking for mt... no
checking if : is a manifest tool... no
checking how to run the C preprocessor... gcc -E
checking for ANSI C header files... yes
checking for sys/types.h... yes
checking for sys/stat.h... yes
checking for stdlib.h... yes
checking for string.h... yes
checking for memory.h... yes
checking for strings.h... yes
checking for inttypes.h... yes
checking for stdint.h... yes
checking for unistd.h... yes
checking for dlfcn.h... yes
checking for objdir... .libs
checking if gcc supports -fno-rtti -fno-exceptions... no
checking for gcc option to produce PIC... -fPIC -DPIC
checking if gcc PIC flag -fPIC -DPIC works... yes
checking if gcc static flag -static works... make: *** No rule to make target 'install'.  Stop.
porg: mtdev-1.1.5: No files to log
