checking for a BSD-compatible install... /usr/bin/install -c
checking whether build environment is sane... yes
checking for a thread-safe mkdir -p... /bin/mkdir -p
checking for gawk... gawk
checking whether make sets $(MAKE)... yes
checking whether make supports nested variables... yes
checking how to create a pax tar archive... gnutar
checking whether make supports nested variables... (cached) yes
checking build system type... x86_64-unknown-linux-gnu
checking host system type... x86_64-unknown-linux-gnu
checking whether ln -s works... yes
checking for style of include used by make... GNU
checking for gcc... gcc
checking whether the C compiler works... yes
checking for C compiler default output file name... a.out
checking for suffix of executables... 
checking whether we are cross compiling... no
checking for suffix of object files... o
checking whether we are using the GNU C compiler... yes
checking whether gcc accepts -g... yes
checking for gcc option to accept ISO C89... none needed
checking dependency style of gcc... gcc3
checking for ar... ar
checking the archiver (ar) interface... ar
checking for gcc... (cached) gcc
checking whether we are using the GNU C compiler... (cached) yes
checking whether gcc accepts -g... (cached) yes
checking for gcc option to accept ISO C89... (cached) none needed
checking dependency style of gcc... (cached) gcc3
checking for gcc option to accept ISO C99... none needed
checking whether gcc and cc understand -c and -o together... yes
checking how to run the C preprocessor... gcc -E
checking for grep that handles long lines and -e... /bin/grep
checking for egrep... /bin/grep -E
checking whether gcc needs -traditional... no
checking for ANSI C header files... yes
checking for sys/types.h... yes
checking for sys/stat.h... yes
checking for stdlib.h... yes
checking for string.h... yes
checking for memory.h... yes
checking for strings.h... yes
checking for inttypes.h... yes
checking for stdint.h... yes
checking for unistd.h... yes
checking minix/config.h usability... no
checking minix/config.h presence... no
checking for minix/config.h... no
checking whether it is safe to define __EXTENSIONS__... yes
checking for g++... g++
checking whether we are using the GNU C++ compiler... yes
checking whether g++ accepts -g... yes
checking dependency style of g++... gcc3
checking if gcc supports flag -pipe in envvar CFLAGS... yes
checking if gcc supports flag -Wall in envvar CFLAGS... yes
checking if gcc supports flag -W in envvar CFLAGS... yes
checking if gcc supports flag -Wextra in envvar CFLAGS... yes
checking if gcc supports flag -Winline in envvar CFLAGS... yes
checking if gcc supports flag -Wvla in envvar CFLAGS... yes
checking if gcc supports flag -Wundef in envvar CFLAGS... yes
checking if gcc supports flag -Wformat=2 in envvar CFLAGS... yes
checking if gcc supports flag -Wlogical-op in envvar CFLAGS... yes
checking if gcc supports flag -Wsign-compare in envvar CFLAGS... yes
checking if gcc supports flag -Wformat-security in envvar CFLAGS... yes
checking if gcc supports flag -Wmissing-include-dirs in envvar CFLAGS... yes
checking if gcc supports flag -Wformat-nonliteral in envvar CFLAGS... yes
checking if gcc supports flag -Wold-style-definition in envvar CFLAGS... yes
checking if gcc supports flag -Wpointer-arith in envvar CFLAGS... yes
checking if gcc supports flag -Winit-self in envvar CFLAGS... yes
checking if gcc supports flag -Wdeclaration-after-statement in envvar CFLAGS... yes
checking if gcc supports flag -Wfloat-equal in envvar CFLAGS... yes
checking if gcc supports flag -Wmissing-prototypes in envvar CFLAGS... yes
checking if gcc supports flag -Wstrict-prototypes in envvar CFLAGS... yes
checking if gcc supports flag -Wredundant-decls in envvar CFLAGS... yes
checking if gcc supports flag -Wmissing-declarations in envvar CFLAGS... yes
checking if gcc supports flag -Wmissing-noreturn in envvar CFLAGS... yes
checking if gcc supports flag -Wshadow in envvar CFLAGS... yes
checking if gcc supports flag -Wendif-labels in envvar CFLAGS... yes
checking if gcc supports flag -Wcast-align in envvar CFLAGS... yes
checking if gcc supports flag -Wstrict-aliasing=2 in envvar CFLAGS... yes
checking if gcc supports flag -Wwrite-strings in envvar CFLAGS... yes
checking if gcc supports flag -Wno-long-long in envvar CFLAGS... yes
checking if gcc supports flag -Wno-overlength-strings in envvar CFLAGS... yes
checking if gcc supports flag -Wno-unused-parameter in envvar CFLAGS... yes
checking if gcc supports flag -Wno-missing-field-initializers in envvar CFLAGS... yes
checking if gcc supports flag -Wno-unused-result in envvar CFLAGS... yes
checking if gcc supports flag -Wunsafe-loop-optimizations in envvar CFLAGS... yes
checking if gcc supports flag -Wpacked in envvar CFLAGS... yes
checking if gcc supports flag -Werror=overflow in envvar CFLAGS... yes
checking if gcc supports flag -Wp,-D_FORTIFY_SOURCE=2 in envvar CFLAGS... yes
checking if gcc supports flag -ffast-math in envvar CFLAGS... yes
checking if gcc supports flag -fno-common in envvar CFLAGS... yes
checking if gcc supports flag -fdiagnostics-show-option in envvar CFLAGS... yes
checking if gcc supports flag -fno-strict-aliasing in envvar CFLAGS... yes
checking if gcc supports flag -ffunction-sections in envvar CFLAGS... yes
checking if gcc supports flag -fdata-sections in envvar CFLAGS... yes
checking if gcc supports flag -Wl,--as-needed in envvar LDFLAGS... yes
checking if gcc supports flag -Wl,--gc-sections in envvar LDFLAGS... yes
checking how to print strings... printf
checking for a sed that does not truncate output... /bin/sed
checking for fgrep... /bin/grep -F
checking for ld used by gcc... /usr/bin/ld
checking if the linker (/usr/bin/ld) is GNU ld... yes
checking for BSD- or MS-compatible name lister (nm)... /usr/bin/nm -B
checking the name lister (/usr/bin/nm -B) interface... BSD nm
checking the maximum length of command line arguments... 1572864
checking whether the shell understands some XSI constructs... yes
checking whether the shell understands "+="... yes
checking how to convert x86_64-unknown-linux-gnu file names to x86_64-unknown-linux-gnu format... func_convert_file_noop
checking how to convert x86_64-unknown-linux-gnu file names to toolchain format... func_convert_file_noop
checking for /usr/bin/ld option to reload object files... -r
checking for objdump... objdump
checking how to recognize dependent libraries... pass_all
checking for dlltool... no
checking how to associate runtime and link libraries... printf %s\n
checking for archiver @FILE support... @
checking for strip... strip
checking for ranlib... ranlib
checking command to parse /usr/bin/nm -B output from gcc object... ok
checking for sysroot... no
checking for mt... no
checking if : is a manifest tool... no
checking for dlfcn.h... yes
checking for objdir... .libs
checking if gcc supports -fno-rtti -fno-exceptions... no
checking for gcc option to produce PIC... -fPIC -DPIC
checking if gcc PIC flag -fPIC -DPIC works... yes
checking if gcc static flag -static works... yes
checking if gcc supports -c -o file.o... yes
checking if gcc supports -c -o file.o... (cached) yes
checking whether the gcc linker (/usr/bin/ld -m elf_x86_64) supports shared libraries... yes
checking whether -lc should be explicitly linked in... no
checking dynamic linker characteristics... GNU/Linux ld.so
checking how to hardcode library paths into programs... immediate
checking for shl_load... no
checking for shl_load in -ldld... no
checking for dlopen... no
checking for dlopen in -ldl... yes
checking whether a program can dlopen itself... yes
checking whether a statically linked program can dlopen itself... no
checking whether stripping libraries is possible... yes
checking if libtool supports shared libraries... yes
checking whether to build shared libraries... yes
checking whether to build static libraries... no
checking how to run the C++ preprocessor... g++ -E
checking for ld used by g++... /usr/bin/ld -m elf_x86_64
checking if the linker (/usr/bin/ld -m elf_x86_64) is GNU ld... yes
checking whether the g++ linker (/usr/bin/ld -m elf_x86_64) supports shared libraries... yes
checking for g++ option to produce PIC... -fPIC -DPIC
checking if g++ PIC flag -fPIC -DPIC works... yes
checking if g++ static flag -static works... yes
checking if g++ supports -c -o file.o... yes
checking if g++ supports -c -o file.o... (cached) yes
checking whether the g++ linker (/usr/bin/ld -m elf_x86_64) supports shared libraries... yes
checking dynamic linker characteristics... (cached) GNU/Linux ld.so
checking how to hardcode library paths into programs... immediate
checking ltdl.h usability... yes
checking ltdl.h presence... yes
checking for ltdl.h... yes
checking for lt_dladvise_init in -lltdl... yes
checking for ANSI C header files... (cached) yes
checking sys/poll.h usability... yes
checking sys/poll.h presence... yes
checking for sys/poll.h... yes
checking sys/ioctl.h usability... yes
checking sys/ioctl.h presence... yes
checking for sys/ioctl.h... yes
checking byteswap.h usability... yes
checking byteswap.h presence... yes
checking for byteswap.h... yes
checking for an ANSI C-conforming const... yes
checking whether byte ordering is bigendian... no
checking for pid_t... yes
checking for size_t... yes
checking for ssize_t... yes
checking for off_t... yes
checking for uid_t in sys/types.h... yes
checking for library containing pow... -lm
checking for library containing sched_setscheduler... none required
checking for lrintf... yes
checking for strtof... yes
checking sys/select.h usability... yes
checking sys/select.h presence... yes
checking for sys/select.h... yes
checking sys/socket.h usability... yes
checking sys/socket.h presence... yes
checking for sys/socket.h... yes
checking types of arguments for select... int,fd_set *,struct timeval *
checking for gettimeofday... yes
checking for nanosleep... yes
checking for posix_memalign... yes
checking for sigaction... yes
checking for sleep... yes
checking for sysconf... yes
checking for pthread_yield... no
checking for strerror_r... yes
checking for lstat... yes
checking for strndup... yes
checking for the pthreads library -lpthreads... no
checking whether pthreads work without any flags... no
checking whether pthreads work with -Kthread... no
checking whether pthreads work with -kthread... no
checking for the pthreads library -llthread... no
checking whether pthreads work with -pthread... yes
checking for joinable pthread attribute... PTHREAD_CREATE_JOINABLE
checking if more special flags are required for pthreads... no
checking whether to check for GCC pthread/shared inconsistencies... yes
checking whether -pthread is sufficient with -shared... yes
checking for special C compiler options needed for large files... no
checking for _FILE_OFFSET_BITS value needed for large files... no
checking for pkg-config... /usr/bin/pkg-config
checking pkg-config is at least version 0.9.0... yes
checking for ALSA... yes
checking for PULSE... no
checking for UDEV... yes
checking for GST... yes
checking for GTK... yes
checking for GTK3... yes
checking for TDB... no
checking for lynx... yes
checking for VORBIS... yes
checking for gtkdoc-check... no
checking for gtkdoc-rebase... no
checking for gtkdoc-mkpdf... no
checking whether to build gtk-doc documentation... no
checking that generated files are newer than configure... done
configure: creating ./config.status
config.status: creating Makefile
config.status: creating src/Makefile
config.status: creating libcanberra.pc
config.status: creating libcanberra-gtk.pc
config.status: creating libcanberra-gtk3.pc
config.status: creating src/canberra.h
config.status: creating gtkdoc/Makefile
config.status: creating doc/Makefile
config.status: creating doc/README.html
config.status: creating config.h
config.status: executing depfiles commands
config.status: executing libtool commands

 ---{ libcanberra 0.30 }---

    prefix:                 /usr
    sysconfdir:             ${prefix}/etc
    localstatedir:          ${prefix}/var
    Compiler:               gcc
    CFLAGS:                 -g -O2
    C++-Compiler:           g++
    CXXFLAGS:               -g -O2
    Builtin DSO:            yes
    Enable PulseAudio:      no
    Builtin PulseAudio:     no
    Enable ALSA:            yes
    Builtin ALSA:           no
    Enable OSS:             no
    Builtin OSS:            no
    Enable GStreamer:       yes
    Builtin GStreamer:      no
    Enable Null Output:     yes
    Builtin Null Output:    no
    Enable tdb:             no
    Enable lookup cache:    no
    Enable GTK+:            yes
    GTK Modules Directory:  ${exec_prefix}/lib/gtk-2.0/modules
    Enable GTK3+:           yes
    GTK3 Modules Directory: ${exec_prefix}/lib/gtk-3.0/modules
    Enable udev:            yes
    systemd Unit Directory: 

make  all-recursive
make[1]: Entering directory '/sources/7.9/libcanberra-0.30'
Making all in src
make[2]: Entering directory '/sources/7.9/libcanberra-0.30/src'
  CC       libcanberra_gtk3_module_la-canberra-gtk-module.lo
  CC       libcanberra_la-common.lo
  CC       libcanberra_la-mutex-posix.lo
  CC       libcanberra_la-proplist.lo
  CC       libcanberra_la-read-sound-file.lo
  CC       libcanberra_la-read-vorbis.lo
  CC       libcanberra_la-read-wav.lo
  CC       libcanberra_la-sound-theme-spec.lo
  CC       libcanberra_la-macro.lo
  CC       libcanberra_la-malloc.lo
  CC       libcanberra_la-fork-detect.lo
  CC       libcanberra_la-dso.lo
  CC       libcanberra_la-driver-order.lo
  CCLD     libcanberra.la
  CC       libcanberra_gtk3_la-canberra-gtk.lo
  CCLD     libcanberra-gtk3.la
  CCLD     libcanberra-gtk3-module.la
  CC       libcanberra_gtk_module_la-canberra-gtk-module.lo
  CC       libcanberra_gtk_la-canberra-gtk.lo
  CCLD     libcanberra-gtk.la
  CCLD     libcanberra-gtk-module.la
  CC       libcanberra_multi_la-multi.lo
  CCLD     libcanberra-multi.la
  CC       libcanberra_alsa_la-alsa.lo
  CCLD     libcanberra-alsa.la
  CC       libcanberra_gstreamer_la-gstreamer.lo
  CCLD     libcanberra-gstreamer.la
  CC       libcanberra_null_la-null.lo
  CCLD     libcanberra-null.la
  CC       canberra_boot-canberra-boot.o
  CCLD     canberra-boot
  CC       canberra_gtk_play-canberra-gtk-play.o
  CCLD     canberra-gtk-play
  CC       test-canberra.o
  CCLD     test-canberra
  GEN      libcanberra-logout-sound.sh
  GEN      libcanberra-ready-sound.desktop
  GEN      libcanberra-login-sound.desktop
make[2]: Leaving directory '/sources/7.9/libcanberra-0.30/src'
Making all in gtkdoc
make[2]: Entering directory '/sources/7.9/libcanberra-0.30/gtkdoc'
make[2]: Nothing to be done for 'all'.
make[2]: Leaving directory '/sources/7.9/libcanberra-0.30/gtkdoc'
Making all in doc
make[2]: Entering directory '/sources/7.9/libcanberra-0.30/doc'
  GEN      README
make[2]: Leaving directory '/sources/7.9/libcanberra-0.30/doc'
make[2]: Entering directory '/sources/7.9/libcanberra-0.30'
make[2]: Leaving directory '/sources/7.9/libcanberra-0.30'
make[1]: Leaving directory '/sources/7.9/libcanberra-0.30'
Making install in src
make[1]: Entering directory '/sources/7.9/libcanberra-0.30/src'
make[2]: Entering directory '/sources/7.9/libcanberra-0.30/src'
 /bin/mkdir -p '/usr/lib'
 /bin/sh ../libtool   --mode=install /usr/bin/install -c   libcanberra.la libcanberra-gtk3.la libcanberra-gtk.la '/usr/lib'
libtool: install: /usr/bin/install -c .libs/libcanberra.so.0.2.5 /usr/lib/libcanberra.so.0.2.5
libtool: install: (cd /usr/lib && { ln -s -f libcanberra.so.0.2.5 libcanberra.so.0 || { rm -f libcanberra.so.0 && ln -s libcanberra.so.0.2.5 libcanberra.so.0; }; })
libtool: install: (cd /usr/lib && { ln -s -f libcanberra.so.0.2.5 libcanberra.so || { rm -f libcanberra.so && ln -s libcanberra.so.0.2.5 libcanberra.so; }; })
libtool: install: /usr/bin/install -c .libs/libcanberra.lai /usr/lib/libcanberra.la
libtool: install: (cd /sources/7.9/libcanberra-0.30/src; /bin/sh /sources/7.9/libcanberra-0.30/libtool  --silent --tag CC --mode=relink gcc -pthread -I/usr/include/gtk-3.0 -I/usr/include/at-spi2-atk/2.0 -I/usr/include/at-spi-2.0 -I/usr/include/dbus-1.0 -I/usr/lib/dbus-1.0/include -I/usr/include/atk-1.0 -I/usr/include/gtk-3.0 -I/usr/include/gio-unix-2.0/ -I/usr/include/cairo -I/usr/include/pango-1.0 -I/usr/include/gdk-pixbuf-2.0 -I/usr/include/libpng16 -I/usr/include/cairo -I/usr/include/pixman-1 -I/usr/include/freetype2 -I/usr/include/libpng16 -I/usr/include/harfbuzz -I/usr/include/glib-2.0 -I/usr/lib/glib-2.0/include -I/usr/include/freetype2 -I/usr/include/harfbuzz -I/usr/include/libpng16 -I/usr/include/glib-2.0 -I/usr/lib/glib-2.0/include -g -O2 -export-dynamic -version-info 1:9:1 -o libcanberra-gtk3.la -rpath /usr/lib libcanberra_gtk3_la-canberra-gtk.lo -lgtk-3 -latk-1.0 -lgio-2.0 -lgthread-2.0 -pthread -lgdk-3 -lpangocairo-1.0 -lpango-1.0 -lgdk_pixbuf-2.0 -lcairo-gobject -lcairo -lgobject-2.0 -lglib-2.0 -lX11 libcanberra.la -lm )
libtool: install: /usr/bin/install -c .libs/libcanberra-gtk3.so.0.1.9T /usr/lib/libcanberra-gtk3.so.0.1.9
libtool: install: (cd /usr/lib && { ln -s -f libcanberra-gtk3.so.0.1.9 libcanberra-gtk3.so.0 || { rm -f libcanberra-gtk3.so.0 && ln -s libcanberra-gtk3.so.0.1.9 libcanberra-gtk3.so.0; }; })
libtool: install: (cd /usr/lib && { ln -s -f libcanberra-gtk3.so.0.1.9 libcanberra-gtk3.so || { rm -f libcanberra-gtk3.so && ln -s libcanberra-gtk3.so.0.1.9 libcanberra-gtk3.so; }; })
libtool: install: /usr/bin/install -c .libs/libcanberra-gtk3.lai /usr/lib/libcanberra-gtk3.la
libtool: install: (cd /sources/7.9/libcanberra-0.30/src; /bin/sh /sources/7.9/libcanberra-0.30/libtool  --silent --tag CC --mode=relink gcc -pthread -I/usr/include/gtk-2.0 -I/usr/lib/gtk-2.0/include -I/usr/include/atk-1.0 -I/usr/include/gtk-2.0 -I/usr/lib/gtk-2.0/include -I/usr/include/pango-1.0 -I/usr/include/cairo -I/usr/include/pixman-1 -I/usr/include/freetype2 -I/usr/include/libpng16 -I/usr/include/harfbuzz -I/usr/include/glib-2.0 -I/usr/lib/glib-2.0/include -I/usr/include/freetype2 -I/usr/include/harfbuzz -I/usr/include/libpng16 -I/usr/include/gdk-pixbuf-2.0 -I/usr/include/libpng16 -I/usr/include/glib-2.0 -I/usr/lib/glib-2.0/include -g -O2 -export-dynamic -version-info 1:9:1 -o libcanberra-gtk.la -rpath /usr/lib libcanberra_gtk_la-canberra-gtk.lo -lgtk-x11-2.0 -lgdk-x11-2.0 -latk-1.0 -lgio-2.0 -lpangoft2-1.0 -lfontconfig -lfreetype -lgthread-2.0 -pthread -lgdk-x11-2.0 -lpangocairo-1.0 -lpango-1.0 -lcairo -lgdk_pixbuf-2.0 -lgobject-2.0 -lglib-2.0 -lX11 libcanberra.la -lm )
libtool: install: /usr/bin/install -c .libs/libcanberra-gtk.so.0.1.9T /usr/lib/libcanberra-gtk.so.0.1.9
libtool: install: (cd /usr/lib && { ln -s -f libcanberra-gtk.so.0.1.9 libcanberra-gtk.so.0 || { rm -f libcanberra-gtk.so.0 && ln -s libcanberra-gtk.so.0.1.9 libcanberra-gtk.so.0; }; })
libtool: install: (cd /usr/lib && { ln -s -f libcanberra-gtk.so.0.1.9 libcanberra-gtk.so || { rm -f libcanberra-gtk.so && ln -s libcanberra-gtk.so.0.1.9 libcanberra-gtk.so; }; })
libtool: install: /usr/bin/install -c .libs/libcanberra-gtk.lai /usr/lib/libcanberra-gtk.la
libtool: finish: PATH="/bin:/usr/ucb:/usr/bin:/usr/sbin:/sbin:/usr/etc:/etc:/sbin" ldconfig -n /usr/lib
----------------------------------------------------------------------
Libraries have been installed in:
   /usr/lib

If you ever happen to want to link against installed libraries
in a given directory, LIBDIR, you must either use libtool, and
specify the full pathname of the library, or use the `-LLIBDIR'
flag during linking and do at least one of the following:
   - add LIBDIR to the `LD_LIBRARY_PATH' environment variable
     during execution
   - add LIBDIR to the `LD_RUN_PATH' environment variable
     during linking
   - use the `-Wl,-rpath -Wl,LIBDIR' linker flag
   - have your system administrator add LIBDIR to `/etc/ld.so.conf'

See any operating system documentation about shared libraries for
more information, such as the ld(1) and ld.so(8) manual pages.
----------------------------------------------------------------------
 /bin/mkdir -p '/usr/bin'
  /bin/sh ../libtool   --mode=install /usr/bin/install -c canberra-boot canberra-gtk-play '/usr/bin'
libtool: install: /usr/bin/install -c .libs/canberra-boot /usr/bin/canberra-boot
libtool: install: /usr/bin/install -c .libs/canberra-gtk-play /usr/bin/canberra-gtk-play
make  install-exec-hook
make[3]: Entering directory '/sources/7.9/libcanberra-0.30/src'
/bin/mkdir -p -m 755 /usr/lib/gtk-3.0/modules
( cd /usr/lib/gtk-3.0/modules && \
	rm -f libcanberra-gtk-module.so && \
        ln -s libcanberra-gtk3-module.so libcanberra-gtk-module.so )
make[3]: Leaving directory '/sources/7.9/libcanberra-0.30/src'
 /bin/mkdir -p '/usr/lib/gnome-settings-daemon-3.0/gtk-modules'
 /usr/bin/install -c -m 644 canberra-gtk-module.desktop '/usr/lib/gnome-settings-daemon-3.0/gtk-modules'
 /bin/mkdir -p '/usr/share/gdm/autostart/LoginWindow'
 /usr/bin/install -c -m 644 libcanberra-ready-sound.desktop '/usr/share/gdm/autostart/LoginWindow'
 /bin/mkdir -p '/usr/share/gnome/autostart'
 /usr/bin/install -c -m 644 libcanberra-login-sound.desktop '/usr/share/gnome/autostart'
 /bin/mkdir -p '/usr/share/gnome/shutdown'
 /usr/bin/install -c libcanberra-logout-sound.sh '/usr/share/gnome/shutdown'
 /bin/mkdir -p '/usr/lib/gtk-3.0/modules'
 /bin/sh ../libtool   --mode=install /usr/bin/install -c   libcanberra-gtk3-module.la '/usr/lib/gtk-3.0/modules'
libtool: install: (cd /sources/7.9/libcanberra-0.30/src; /bin/sh /sources/7.9/libcanberra-0.30/libtool  --silent --tag CC --mode=relink gcc -pthread -I/usr/include/gtk-3.0 -I/usr/include/at-spi2-atk/2.0 -I/usr/include/at-spi-2.0 -I/usr/include/dbus-1.0 -I/usr/lib/dbus-1.0/include -I/usr/include/atk-1.0 -I/usr/include/gtk-3.0 -I/usr/include/gio-unix-2.0/ -I/usr/include/cairo -I/usr/include/pango-1.0 -I/usr/include/gdk-pixbuf-2.0 -I/usr/include/libpng16 -I/usr/include/cairo -I/usr/include/pixman-1 -I/usr/include/freetype2 -I/usr/include/libpng16 -I/usr/include/harfbuzz -I/usr/include/glib-2.0 -I/usr/lib/glib-2.0/include -I/usr/include/freetype2 -I/usr/include/harfbuzz -I/usr/include/libpng16 -I/usr/include/glib-2.0 -I/usr/lib/glib-2.0/include -g -O2 -avoid-version -module -export-dynamic -o libcanberra-gtk3-module.la -rpath /usr/lib/gtk-3.0/modules libcanberra_gtk3_module_la-canberra-gtk-module.lo -lgtk-3 -latk-1.0 -lgio-2.0 -lgthread-2.0 -pthread -lgdk-3 -lpangocairo-1.0 -lpango-1.0 -lgdk_pixbuf-2.0 -lcairo-gobject -lcairo -lgobject-2.0 -lglib-2.0 -lX11 libcanberra.la libcanberra-gtk3.la -lm )
libtool: install: /usr/bin/install -c .libs/libcanberra-gtk3-module.soT /usr/lib/gtk-3.0/modules/libcanberra-gtk3-module.so
libtool: install: /usr/bin/install -c .libs/libcanberra-gtk3-module.lai /usr/lib/gtk-3.0/modules/libcanberra-gtk3-module.la
libtool: finish: PATH="/bin:/usr/ucb:/usr/bin:/usr/sbin:/sbin:/usr/etc:/etc:/sbin" ldconfig -n /usr/lib/gtk-3.0/modules
----------------------------------------------------------------------
Libraries have been installed in:
   /usr/lib/gtk-3.0/modules

If you ever happen to want to link against installed libraries
in a given directory, LIBDIR, you must either use libtool, and
specify the full pathname of the library, or use the `-LLIBDIR'
flag during linking and do at least one of the following:
   - add LIBDIR to the `LD_LIBRARY_PATH' environment variable
     during execution
   - add LIBDIR to the `LD_RUN_PATH' environment variable
     during linking
   - use the `-Wl,-rpath -Wl,LIBDIR' linker flag
   - have your system administrator add LIBDIR to `/etc/ld.so.conf'

See any operating system documentation about shared libraries for
more information, such as the ld(1) and ld.so(8) manual pages.
----------------------------------------------------------------------
 /bin/mkdir -p '/usr/lib/gtk-2.0/modules'
 /bin/sh ../libtool   --mode=install /usr/bin/install -c   libcanberra-gtk-module.la '/usr/lib/gtk-2.0/modules'
libtool: install: (cd /sources/7.9/libcanberra-0.30/src; /bin/sh /sources/7.9/libcanberra-0.30/libtool  --silent --tag CC --mode=relink gcc -pthread -I/usr/include/gtk-2.0 -I/usr/lib/gtk-2.0/include -I/usr/include/atk-1.0 -I/usr/include/gtk-2.0 -I/usr/lib/gtk-2.0/include -I/usr/include/pango-1.0 -I/usr/include/cairo -I/usr/include/pixman-1 -I/usr/include/freetype2 -I/usr/include/libpng16 -I/usr/include/harfbuzz -I/usr/include/glib-2.0 -I/usr/lib/glib-2.0/include -I/usr/include/freetype2 -I/usr/include/harfbuzz -I/usr/include/libpng16 -I/usr/include/gdk-pixbuf-2.0 -I/usr/include/libpng16 -I/usr/include/glib-2.0 -I/usr/lib/glib-2.0/include -g -O2 -avoid-version -module -export-dynamic -o libcanberra-gtk-module.la -rpath /usr/lib/gtk-2.0/modules libcanberra_gtk_module_la-canberra-gtk-module.lo -lgtk-x11-2.0 -lgdk-x11-2.0 -latk-1.0 -lgio-2.0 -lpangoft2-1.0 -lfontconfig -lfreetype -lgthread-2.0 -pthread -lgdk-x11-2.0 -lpangocairo-1.0 -lpango-1.0 -lcairo -lgdk_pixbuf-2.0 -lgobject-2.0 -lglib-2.0 -lX11 libcanberra.la libcanberra-gtk.la -lm )
libtool: install: /usr/bin/install -c .libs/libcanberra-gtk-module.soT /usr/lib/gtk-2.0/modules/libcanberra-gtk-module.so
libtool: install: /usr/bin/install -c .libs/libcanberra-gtk-module.lai /usr/lib/gtk-2.0/modules/libcanberra-gtk-module.la
libtool: finish: PATH="/bin:/usr/ucb:/usr/bin:/usr/sbin:/sbin:/usr/etc:/etc:/sbin" ldconfig -n /usr/lib/gtk-2.0/modules
----------------------------------------------------------------------
Libraries have been installed in:
   /usr/lib/gtk-2.0/modules

If you ever happen to want to link against installed libraries
in a given directory, LIBDIR, you must either use libtool, and
specify the full pathname of the library, or use the `-LLIBDIR'
flag during linking and do at least one of the following:
   - add LIBDIR to the `LD_LIBRARY_PATH' environment variable
     during execution
   - add LIBDIR to the `LD_RUN_PATH' environment variable
     during linking
   - use the `-Wl,-rpath -Wl,LIBDIR' linker flag
   - have your system administrator add LIBDIR to `/etc/ld.so.conf'

See any operating system documentation about shared libraries for
more information, such as the ld(1) and ld.so(8) manual pages.
----------------------------------------------------------------------
 /bin/mkdir -p '/usr/include'
 /usr/bin/install -c -m 644 canberra.h canberra-gtk.h '/usr/include'
 /bin/mkdir -p '/usr/lib/libcanberra-0.30'
 /bin/sh ../libtool   --mode=install /usr/bin/install -c   libcanberra-multi.la libcanberra-alsa.la libcanberra-gstreamer.la libcanberra-null.la '/usr/lib/libcanberra-0.30'
libtool: install: (cd /sources/7.9/libcanberra-0.30/src; /bin/sh /sources/7.9/libcanberra-0.30/libtool  --silent --tag CC --mode=relink gcc -Ddriver_open=multi_driver_open -Ddriver_destroy=multi_driver_destroy -Ddriver_change_device=multi_driver_change_device -Ddriver_change_props=multi_driver_change_props -Ddriver_play=multi_driver_play -Ddriver_cancel=multi_driver_cancel -Ddriver_cache=multi_driver_cache -g -O2 -avoid-version -module -export-dynamic -o libcanberra-multi.la -rpath /usr/lib/libcanberra-0.30 libcanberra_multi_la-multi.lo libcanberra.la -lm )
libtool: install: /usr/bin/install -c .libs/libcanberra-multi.soT /usr/lib/libcanberra-0.30/libcanberra-multi.so
libtool: install: /usr/bin/install -c .libs/libcanberra-multi.lai /usr/lib/libcanberra-0.30/libcanberra-multi.la
libtool: install: (cd /sources/7.9/libcanberra-0.30/src; /bin/sh /sources/7.9/libcanberra-0.30/libtool  --silent --tag CC --mode=relink gcc -I/usr/include/alsa -Ddriver_open=alsa_driver_open -Ddriver_destroy=alsa_driver_destroy -Ddriver_change_device=alsa_driver_change_device -Ddriver_change_props=alsa_driver_change_props -Ddriver_play=alsa_driver_play -Ddriver_cancel=alsa_driver_cancel -Ddriver_cache=alsa_driver_cache -g -O2 -avoid-version -module -export-dynamic -o libcanberra-alsa.la -rpath /usr/lib/libcanberra-0.30 libcanberra_alsa_la-alsa.lo -lasound libcanberra.la -lm )
libtool: install: /usr/bin/install -c .libs/libcanberra-alsa.soT /usr/lib/libcanberra-0.30/libcanberra-alsa.so
libtool: install: /usr/bin/install -c .libs/libcanberra-alsa.lai /usr/lib/libcanberra-0.30/libcanberra-alsa.la
libtool: install: (cd /sources/7.9/libcanberra-0.30/src; /bin/sh /sources/7.9/libcanberra-0.30/libtool  --silent --tag CC --mode=relink gcc -pthread -I/usr/include/gstreamer-1.0 -I/usr/lib/gstreamer-1.0/include -I/usr/include/glib-2.0 -I/usr/lib/glib-2.0/include -Ddriver_open=gstreamer_driver_open -Ddriver_destroy=gstreamer_driver_destroy -Ddriver_change_device=gstreamer_driver_change_device -Ddriver_change_props=gstreamer_driver_change_props -Ddriver_play=gstreamer_driver_play -Ddriver_cancel=gstreamer_driver_cancel -Ddriver_cache=gstreamer_driver_cache -g -O2 -avoid-version -module -export-dynamic -o libcanberra-gstreamer.la -rpath /usr/lib/libcanberra-0.30 libcanberra_gstreamer_la-gstreamer.lo -lgstreamer-1.0 -lgobject-2.0 -lglib-2.0 libcanberra.la -lm )
libtool: install: /usr/bin/install -c .libs/libcanberra-gstreamer.soT /usr/lib/libcanberra-0.30/libcanberra-gstreamer.so
libtool: install: /usr/bin/install -c .libs/libcanberra-gstreamer.lai /usr/lib/libcanberra-0.30/libcanberra-gstreamer.la
libtool: install: (cd /sources/7.9/libcanberra-0.30/src; /bin/sh /sources/7.9/libcanberra-0.30/libtool  --silent --tag CC --mode=relink gcc -Ddriver_open=null_driver_open -Ddriver_destroy=null_driver_destroy -Ddriver_change_device=null_driver_change_device -Ddriver_change_props=null_driver_change_props -Ddriver_play=null_driver_play -Ddriver_cancel=null_driver_cancel -Ddriver_cache=null_driver_cache -g -O2 -avoid-version -module -export-dynamic -o libcanberra-null.la -rpath /usr/lib/libcanberra-0.30 libcanberra_null_la-null.lo libcanberra.la -lm )
libtool: install: /usr/bin/install -c .libs/libcanberra-null.soT /usr/lib/libcanberra-0.30/libcanberra-null.so
libtool: install: /usr/bin/install -c .libs/libcanberra-null.lai /usr/lib/libcanberra-0.30/libcanberra-null.la
libtool: finish: PATH="/bin:/usr/ucb:/usr/bin:/usr/sbin:/sbin:/usr/etc:/etc:/sbin" ldconfig -n /usr/lib/libcanberra-0.30
----------------------------------------------------------------------
Libraries have been installed in:
   /usr/lib/libcanberra-0.30

If you ever happen to want to link against installed libraries
in a given directory, LIBDIR, you must either use libtool, and
specify the full pathname of the library, or use the `-LLIBDIR'
flag during linking and do at least one of the following:
   - add LIBDIR to the `LD_LIBRARY_PATH' environment variable
     during execution
   - add LIBDIR to the `LD_RUN_PATH' environment variable
     during linking
   - use the `-Wl,-rpath -Wl,LIBDIR' linker flag
   - have your system administrator add LIBDIR to `/etc/ld.so.conf'

See any operating system documentation about shared libraries for
more information, such as the ld(1) and ld.so(8) manual pages.
----------------------------------------------------------------------
make[2]: Leaving directory '/sources/7.9/libcanberra-0.30/src'
make[1]: Leaving directory '/sources/7.9/libcanberra-0.30/src'
Making install in gtkdoc
make[1]: Entering directory '/sources/7.9/libcanberra-0.30/gtkdoc'
make[2]: Entering directory '/sources/7.9/libcanberra-0.30/gtkdoc'
make[2]: Nothing to be done for 'install-exec-am'.
 /usr/bin/install -c -m 644 ./html/ch01.html
 /usr/bin/install -c -m 644 ./html/home.png
 /usr/bin/install -c -m 644 ./html/index.html
 /usr/bin/install -c -m 644 ./html/index.sgml
 /usr/bin/install -c -m 644 ./html/left.png
 /usr/bin/install -c -m 644 ./html/libcanberra-canberra-gtk.html
 /usr/bin/install -c -m 644 ./html/libcanberra-canberra.html
 /usr/bin/install -c -m 644 ./html/libcanberra.devhelp2
 /usr/bin/install -c -m 644 ./html/right.png
 /usr/bin/install -c -m 644 ./html/style.css
 /usr/bin/install -c -m 644 ./html/up.png
make[2]: Leaving directory '/sources/7.9/libcanberra-0.30/gtkdoc'
make[1]: Leaving directory '/sources/7.9/libcanberra-0.30/gtkdoc'
Making install in doc
make[1]: Entering directory '/sources/7.9/libcanberra-0.30/doc'
make[2]: Entering directory '/sources/7.9/libcanberra-0.30/doc'
make[2]: Nothing to be done for 'install-exec-am'.
make[2]: Nothing to be done for 'install-data-am'.
make[2]: Leaving directory '/sources/7.9/libcanberra-0.30/doc'
make[1]: Leaving directory '/sources/7.9/libcanberra-0.30/doc'
make[1]: Entering directory '/sources/7.9/libcanberra-0.30'
make[2]: Entering directory '/sources/7.9/libcanberra-0.30'
make[2]: Nothing to be done for 'install-exec-am'.
 /bin/mkdir -p '/usr/share/doc/libcanberra-0.30'
 /usr/bin/install -c -m 644 README '/usr/share/doc/libcanberra-0.30'
 /bin/mkdir -p '/usr/lib/pkgconfig'
 /usr/bin/install -c -m 644 libcanberra.pc libcanberra-gtk.pc libcanberra-gtk3.pc '/usr/lib/pkgconfig'
 /bin/mkdir -p '/usr/share/vala/vapi'
 /usr/bin/install -c -m 644 vala/libcanberra.vapi vala/libcanberra-gtk.vapi '/usr/share/vala/vapi'
make[2]: Leaving directory '/sources/7.9/libcanberra-0.30'
make[1]: Leaving directory '/sources/7.9/libcanberra-0.30'
