checking for a BSD-compatible install... /usr/bin/install -c
checking whether build environment is sane... yes
checking for a thread-safe mkdir -p... /bin/mkdir -p
checking for gawk... gawk
checking whether make sets $(MAKE)... yes
checking whether make supports nested variables... yes
checking whether UID '1000' is supported by ustar format... yes
checking whether GID '1000' is supported by ustar format... yes
checking how to create a ustar tar archive... gnutar
checking for pkg-config... /usr/bin/pkg-config
checking pkg-config is at least version 0.19... yes
checking for a sed that does not truncate output... /bin/sed
checking that generated files are newer than configure... done
configure: creating ./config.status
config.status: creating Makefile
config.status: creating fontconfig/Makefile
config.status: creating src/Makefile
config.status: creating otf/Makefile
config.status: creating scripts/Makefile

    cantarell-fonts 0.0.24
    ===============

    rebuild via fontforge: no

Making all in src
make[1]: Entering directory '/sources/7.9/cantarell-fonts-0.0.24/src'
make[1]: Nothing to be done for 'all'.
make[1]: Leaving directory '/sources/7.9/cantarell-fonts-0.0.24/src'
Making all in otf
make[1]: Entering directory '/sources/7.9/cantarell-fonts-0.0.24/otf'
make[1]: Nothing to be done for 'all'.
make[1]: Leaving directory '/sources/7.9/cantarell-fonts-0.0.24/otf'
Making all in fontconfig
make[1]: Entering directory '/sources/7.9/cantarell-fonts-0.0.24/fontconfig'
make[1]: Nothing to be done for 'all'.
make[1]: Leaving directory '/sources/7.9/cantarell-fonts-0.0.24/fontconfig'
Making all in scripts
make[1]: Entering directory '/sources/7.9/cantarell-fonts-0.0.24/scripts'
make[1]: Nothing to be done for 'all'.
make[1]: Leaving directory '/sources/7.9/cantarell-fonts-0.0.24/scripts'
make[1]: Entering directory '/sources/7.9/cantarell-fonts-0.0.24'
make[1]: Nothing to be done for 'all-am'.
make[1]: Leaving directory '/sources/7.9/cantarell-fonts-0.0.24'
Making install in src
make[1]: Entering directory '/sources/7.9/cantarell-fonts-0.0.24/src'
make[2]: Entering directory '/sources/7.9/cantarell-fonts-0.0.24/src'
make[2]: Nothing to be done for 'install-exec-am'.
make[2]: Nothing to be done for 'install-data-am'.
make[2]: Leaving directory '/sources/7.9/cantarell-fonts-0.0.24/src'
make[1]: Leaving directory '/sources/7.9/cantarell-fonts-0.0.24/src'
Making install in otf
make[1]: Entering directory '/sources/7.9/cantarell-fonts-0.0.24/otf'
make[2]: Entering directory '/sources/7.9/cantarell-fonts-0.0.24/otf'
make[2]: Nothing to be done for 'install-exec-am'.
 /bin/mkdir -p '/usr/share/fonts/cantarell'
 /usr/bin/install -c -m 644 Cantarell-Regular.otf Cantarell-Oblique.otf Cantarell-Bold.otf Cantarell-BoldOblique.otf '/usr/share/fonts/cantarell'
make[2]: Leaving directory '/sources/7.9/cantarell-fonts-0.0.24/otf'
make[1]: Leaving directory '/sources/7.9/cantarell-fonts-0.0.24/otf'
Making install in fontconfig
make[1]: Entering directory '/sources/7.9/cantarell-fonts-0.0.24/fontconfig'
make[2]: Entering directory '/sources/7.9/cantarell-fonts-0.0.24/fontconfig'
make[2]: Nothing to be done for 'install-exec-am'.
 /bin/mkdir -p '/usr/share/fontconfig/conf.avail'
 /usr/bin/install -c -m 644 31-cantarell.conf '/usr/share/fontconfig/conf.avail'
make[2]: Leaving directory '/sources/7.9/cantarell-fonts-0.0.24/fontconfig'
make[1]: Leaving directory '/sources/7.9/cantarell-fonts-0.0.24/fontconfig'
Making install in scripts
make[1]: Entering directory '/sources/7.9/cantarell-fonts-0.0.24/scripts'
make[2]: Entering directory '/sources/7.9/cantarell-fonts-0.0.24/scripts'
make[2]: Nothing to be done for 'install-exec-am'.
make[2]: Nothing to be done for 'install-data-am'.
make[2]: Leaving directory '/sources/7.9/cantarell-fonts-0.0.24/scripts'
make[1]: Leaving directory '/sources/7.9/cantarell-fonts-0.0.24/scripts'
make[1]: Entering directory '/sources/7.9/cantarell-fonts-0.0.24'
make[2]: Entering directory '/sources/7.9/cantarell-fonts-0.0.24'
make[2]: Nothing to be done for 'install-exec-am'.
make[2]: Nothing to be done for 'install-data-am'.
make[2]: Leaving directory '/sources/7.9/cantarell-fonts-0.0.24'
make[1]: Leaving directory '/sources/7.9/cantarell-fonts-0.0.24'
