unresolvable dependency: lvm2-2.02.142
checking for a BSD-compatible install... /usr/bin/install -c
checking whether build environment is sane... yes
checking for a thread-safe mkdir -p... /bin/mkdir -p
checking for gawk... gawk
checking whether make sets $(MAKE)... yes
checking whether make supports nested variables... yes
checking whether make supports nested variables... (cached) yes
checking build system type... x86_64-unknown-linux-gnu
checking host system type... x86_64-unknown-linux-gnu
checking for style of include used by make... GNU
checking for gcc... gcc
checking whether the C compiler works... yes
checking for C compiler default output file name... a.out
checking for suffix of executables... 
checking whether we are cross compiling... no
checking for suffix of object files... o
checking whether we are using the GNU C compiler... yes
checking whether gcc accepts -g... yes
checking for gcc option to accept ISO C89... none needed
checking whether gcc understands -c and -o together... yes
checking dependency style of gcc... gcc3
checking for library containing strerror... none required
checking for gcc... (cached) gcc
checking whether we are using the GNU C compiler... (cached) yes
checking whether gcc accepts -g... (cached) yes
checking for gcc option to accept ISO C89... (cached) none needed
checking whether gcc understands -c and -o together... (cached) yes
checking dependency style of gcc... (cached) gcc3
checking how to run the C preprocessor... gcc -E
checking for grep that handles long lines and -e... /bin/grep
checking for egrep... /bin/grep -E
checking whether gcc needs -traditional... no
checking for Minix Amsterdam compiler... no
checking for ar... ar
checking for ranlib... ranlib
checking for ANSI C header files... yes
checking for sys/types.h... yes
checking for sys/stat.h... yes
checking for stdlib.h... yes
checking for string.h... yes
checking for memory.h... yes
checking for strings.h... yes
checking for inttypes.h... yes
checking for stdint.h... yes
checking for unistd.h... yes
checking minix/config.h usability... no
checking minix/config.h presence... no
checking for minix/config.h... no
checking whether it is safe to define __EXTENSIONS__... yes
checking whether _XOPEN_SOURCE should be defined... no
checking for special C compiler options needed for large files... no
checking for _FILE_OFFSET_BITS value needed for large files... no
checking for gcc option to accept ISO C99... none needed
checking for gcc option to accept ISO Standard C... (cached) none needed
checking for a usable (O_DIRECT-supporting) temporary dir... .
checking for special C compiler options needed for large files... (cached) no
checking for _FILE_OFFSET_BITS value needed for large files... (cached) no
checking for size_t... yes
checking for working alloca.h... yes
checking for alloca... yes
checking whether <wchar.h> uses 'inline' correctly... yes
checking for btowc... yes
checking for canonicalize_file_name... yes
checking for getcwd... yes
checking for readlink... yes
checking for realpath... yes
checking for _set_invalid_parameter_handler... no
checking for symlink... yes
checking for fsync... yes
checking for gettimeofday... yes
checking for lstat... yes
checking for mbsinit... yes
checking for mbrtowc... yes
checking for mkstemp... yes
checking for nl_langinfo... yes
checking for isblank... yes
checking for iswctype... yes
checking for secure_getenv... yes
checking for sleep... yes
checking for strdup... yes
checking for strndup... yes
checking for usleep... yes
checking for wcrtomb... yes
checking for iswcntrl... yes
checking for getdtablesize... yes
checking for newlocale... yes
checking for mprotect... yes
checking for setenv... yes
checking for wctob... yes
checking for nl_langinfo and CODESET... yes
checking for a traditional french locale... fr_FR
checking whether malloc, realloc, calloc are POSIX compliant... yes
checking whether // is distinct from /... no
checking whether realpath works... yes
checking for sys/param.h... yes
checking for sys/socket.h... yes
checking for unistd.h... (cached) yes
checking for stdio_ext.h... yes
checking for sys/stat.h... (cached) yes
checking for getopt.h... yes
checking for sys/time.h... yes
checking for wchar.h... yes
checking for stdint.h... (cached) yes
checking for inttypes.h... (cached) yes
checking for langinfo.h... yes
checking for xlocale.h... yes
checking for malloc.h... yes
checking for features.h... yes
checking for wctype.h... yes
checking for priv.h... no
checking for sys/mman.h... yes
checking for blkid/blkid.h... yes
checking whether the preprocessor supports include_next... yes
checking whether system header files limit the line length... no
checking for complete errno.h... yes
checking whether strerror_r is declared... yes
checking for strerror_r... yes
checking whether strerror_r returns char *... yes
checking for working fcntl.h... yes
checking for pid_t... yes
checking for mode_t... yes
checking whether stat file-mode macros are broken... no
checking for nlink_t... yes
checking whether fchmodat is declared without a macro... yes
checking whether fstat is declared without a macro... yes
checking whether fstatat is declared without a macro... yes
checking whether futimens is declared without a macro... yes
checking whether lchmod is declared without a macro... yes
checking whether lstat is declared without a macro... yes
checking whether mkdirat is declared without a macro... yes
checking whether mkfifo is declared without a macro... yes
checking whether mkfifoat is declared without a macro... yes
checking whether mknod is declared without a macro... yes
checking whether mknodat is declared without a macro... yes
checking whether stat is declared without a macro... yes
checking whether utimensat is declared without a macro... yes
checking for getopt.h... (cached) yes
checking for getopt_long_only... yes
checking whether getopt is POSIX compatible... yes
checking for working GNU getopt function... yes
checking for working GNU getopt_long function... yes
checking whether getenv is declared... yes
checking for C/C++ restrict keyword... __restrict
checking for struct timeval... yes
checking for wide-enough struct timeval.tv_sec member... yes
checking whether gettimeofday is declared without a macro... yes
checking for unsigned long long int... yes
checking for long long int... yes
checking whether stdint.h conforms to C99... yes
checking whether imaxabs is declared without a macro... yes
checking whether imaxdiv is declared without a macro... yes
checking whether strtoimax is declared without a macro... yes
checking whether strtoumax is declared without a macro... yes
checking for inttypes.h... (cached) yes
checking whether the inttypes.h PRIxNN macros are broken... no
checking whether getc_unlocked is declared... yes
checking whether we are using the GNU C Library >= 2.1 or uClibc... yes
checking for wchar_t... yes
checking whether NULL can be used in arbitrary expressions... yes
checking for ld used by gcc... /usr/bin/ld
checking if the linker (/usr/bin/ld) is GNU ld... yes
checking for shared library run path origin... done
checking whether imported symbols can be declared weak... yes
checking pthread.h usability... yes
checking pthread.h presence... yes
checking for pthread.h... yes
checking for pthread_kill in -lpthread... yes
checking for multithread API to use... posix
checking whether lstat correctly handles trailing slash... yes
checking for a sed that does not truncate output... /bin/sed
checking for stdlib.h... (cached) yes
checking for GNU libc compatible malloc... yes
checking for mbstate_t... yes
checking for a traditional japanese locale... ja_JP
checking for a transitional chinese locale... zh_CN.GB18030
checking for a french Unicode locale... fr_FR.UTF-8
checking whether alarm is declared... yes
checking for inline... inline
checking for ssize_t... yes
checking for stdbool.h that conforms to C99... yes
checking for _Bool... yes
checking whether strdup is declared... yes
checking whether strerror(0) succeeds... yes
checking whether ffsl is declared without a macro... yes
checking whether ffsll is declared without a macro... yes
checking whether memmem is declared without a macro... yes
checking whether mempcpy is declared without a macro... yes
checking whether memrchr is declared without a macro... yes
checking whether rawmemchr is declared without a macro... yes
checking whether stpcpy is declared without a macro... yes
checking whether stpncpy is declared without a macro... yes
checking whether strchrnul is declared without a macro... yes
checking whether strdup is declared without a macro... yes
checking whether strncat is declared without a macro... yes
checking whether strndup is declared without a macro... yes
checking whether strnlen is declared without a macro... yes
checking whether strpbrk is declared without a macro... yes
checking whether strsep is declared without a macro... yes
checking whether strcasestr is declared without a macro... yes
checking whether strtok_r is declared without a macro... yes
checking whether strerror_r is declared without a macro... yes
checking whether strsignal is declared without a macro... yes
checking whether strverscmp is declared without a macro... yes
checking whether strndup is declared... (cached) yes
checking whether strnlen is declared... (cached) yes
checking for struct timespec in <time.h>... yes
checking for wint_t... yes
checking if environ is properly declared... yes
checking whether getcwd (NULL, 0) allocates memory for result... yes
checking for getcwd with POSIX signature... yes
checking for LC_MESSAGES... yes
checking for CFPreferencesCopyAppValue... no
checking for CFLocaleCopyCurrent... no
checking for promoted mode_t type... mode_t
checking whether setenv is declared... yes
checking search.h usability... yes
checking search.h presence... yes
checking for search.h... yes
checking for tsearch... yes
checking whether unsetenv is declared... yes
checking for alloca as a compiler built-in... yes
checking whether to enable assertions... yes
checking whether btowc(0) is correct... yes
checking whether btowc(EOF) is correct... yes
checking for GNU libc compatible calloc... yes
checking whether // is distinct from /... (cached) no
checking for error_at_line... yes
checking whether fcntl is declared without a macro... yes
checking whether openat is declared without a macro... yes
checking for __fpending... yes
checking whether __fpending is declared... yes
checking whether gettimeofday clobbers localtime buffer... no
checking for gettimeofday with POSIX signature... almost
checking whether INT32_MAX < INTMAX_MAX... yes
checking whether INT64_MAX == LONG_MAX... yes
checking whether UINT32_MAX < UINTMAX_MAX... yes
checking whether UINT64_MAX == ULONG_MAX... yes
checking whether langinfo.h defines CODESET... yes
checking whether langinfo.h defines T_FMT_AMPM... yes
checking whether langinfo.h defines ERA... yes
checking whether langinfo.h defines YESEXPR... yes
checking whether nl_langinfo is declared without a macro... yes
checking for C compiler flag to ignore unused libraries... -Wl,--as-needed
checking whether locale.h conforms to POSIX:2001... yes
checking whether locale.h defines locale_t... yes
checking whether struct lconv is properly defined... yes
checking whether setlocale is declared without a macro... yes
checking whether duplocale is declared without a macro... yes
checking for pthread_rwlock_t... yes
checking whether lseek detects pipes... yes
checking for stdlib.h... (cached) yes
checking for GNU libc compatible malloc... (cached) yes
checking whether mbrtowc handles incomplete characters... yes
checking whether mbrtowc works as well as mbtowc... yes
checking whether mbrtowc handles a NULL pwc argument... yes
checking whether mbrtowc handles a NULL string argument... yes
checking whether mbrtowc has a correct return value... yes
checking whether mbrtowc returns 0 when parsing a NUL character... yes
checking whether mbrtowc works on empty input... yes
checking whether mbrtowc handles incomplete characters... (cached) yes
checking whether mbrtowc works as well as mbtowc... (cached) yes
checking for working mkstemp... yes
checking whether YESEXPR works... yes
checking whether program_invocation_name is declared... yes
checking whether program_invocation_short_name is declared... yes
checking whether readlink signature is correct... yes
checking whether readlink handles trailing slash correctly... yes
checking for stdlib.h... (cached) yes
checking for GNU libc compatible realloc... yes
checking for working re_compile_pattern... yes
checking for rpmatch... yes
checking whether sleep is declared... yes
checking for working sleep... yes
checking for ssize_t... (cached) yes
checking whether stat handles trailing slashes on directories... yes
checking whether stat handles trailing slashes on files... yes
checking for va_copy... yes
checking whether NULL can be used in arbitrary expressions... (cached) yes
checking whether dprintf is declared without a macro... yes
checking whether fpurge is declared without a macro... no
checking whether fseeko is declared without a macro... yes
checking whether ftello is declared without a macro... yes
checking whether getdelim is declared without a macro... yes
checking whether getline is declared without a macro... yes
checking whether gets is declared without a macro... no
checking whether pclose is declared without a macro... yes
checking whether popen is declared without a macro... yes
checking whether renameat is declared without a macro... yes
checking whether snprintf is declared without a macro... yes
checking whether tmpfile is declared without a macro... yes
checking whether vdprintf is declared without a macro... yes
checking whether vsnprintf is declared without a macro... yes
checking whether _Exit is declared without a macro... yes
checking whether atoll is declared without a macro... yes
checking whether canonicalize_file_name is declared without a macro... yes
checking whether getloadavg is declared without a macro... yes
checking whether getsubopt is declared without a macro... yes
checking whether grantpt is declared without a macro... yes
checking whether initstate is declared without a macro... yes
checking whether initstate_r is declared without a macro... yes
checking whether mkdtemp is declared without a macro... yes
checking whether mkostemp is declared without a macro... yes
checking whether mkostemps is declared without a macro... yes
checking whether mkstemp is declared without a macro... yes
checking whether mkstemps is declared without a macro... yes
checking whether posix_openpt is declared without a macro... yes
checking whether ptsname is declared without a macro... yes
checking whether ptsname_r is declared without a macro... yes
checking whether random is declared without a macro... yes
checking whether random_r is declared without a macro... yes
checking whether realpath is declared without a macro... yes
checking whether rpmatch is declared without a macro... yes
checking whether secure_getenv is declared without a macro... yes
checking whether setenv is declared without a macro... yes
checking whether setstate is declared without a macro... yes
checking whether setstate_r is declared without a macro... yes
checking whether srandom is declared without a macro... yes
checking whether srandom_r is declared without a macro... yes
checking whether strtod is declared without a macro... yes
checking whether strtoll is declared without a macro... yes
checking whether strtoull is declared without a macro... yes
checking whether unlockpt is declared without a macro... yes
checking whether unsetenv is declared without a macro... yes
checking for working strerror function... yes
checking for working strndup... yes
checking for working strnlen... yes
checking for strtoll... yes
checking for strtoull... yes
checking for nlink_t... (cached) yes
checking whether fchmodat is declared without a macro... (cached) yes
checking whether fstat is declared without a macro... (cached) yes
checking whether fstatat is declared without a macro... (cached) yes
checking whether futimens is declared without a macro... (cached) yes
checking whether lchmod is declared without a macro... (cached) yes
checking whether lstat is declared without a macro... (cached) yes
checking whether mkdirat is declared without a macro... (cached) yes
checking whether mkfifo is declared without a macro... (cached) yes
checking whether mkfifoat is declared without a macro... (cached) yes
checking whether mknod is declared without a macro... (cached) yes
checking whether mknodat is declared without a macro... (cached) yes
checking whether stat is declared without a macro... (cached) yes
checking whether utimensat is declared without a macro... (cached) yes
checking whether chdir is declared without a macro... yes
checking whether chown is declared without a macro... yes
checking whether dup is declared without a macro... yes
checking whether dup2 is declared without a macro... yes
checking whether dup3 is declared without a macro... yes
checking whether environ is declared without a macro... yes
checking whether euidaccess is declared without a macro... yes
checking whether faccessat is declared without a macro... yes
checking whether fchdir is declared without a macro... yes
checking whether fchownat is declared without a macro... yes
checking whether fdatasync is declared without a macro... yes
checking whether fsync is declared without a macro... yes
checking whether ftruncate is declared without a macro... yes
checking whether getcwd is declared without a macro... yes
checking whether getdomainname is declared without a macro... yes
checking whether getdtablesize is declared without a macro... yes
checking whether getgroups is declared without a macro... yes
checking whether gethostname is declared without a macro... yes
checking whether getlogin is declared without a macro... yes
checking whether getlogin_r is declared without a macro... yes
checking whether getpagesize is declared without a macro... yes
checking whether getusershell is declared without a macro... yes
checking whether setusershell is declared without a macro... yes
checking whether endusershell is declared without a macro... yes
checking whether group_member is declared without a macro... yes
checking whether isatty is declared without a macro... yes
checking whether lchown is declared without a macro... yes
checking whether link is declared without a macro... yes
checking whether linkat is declared without a macro... yes
checking whether lseek is declared without a macro... yes
checking whether pipe is declared without a macro... yes
checking whether pipe2 is declared without a macro... yes
checking whether pread is declared without a macro... yes
checking whether pwrite is declared without a macro... yes
checking whether readlink is declared without a macro... yes
checking whether readlinkat is declared without a macro... yes
checking whether rmdir is declared without a macro... yes
checking whether sethostname is declared without a macro... yes
checking whether sleep is declared without a macro... yes
checking whether symlink is declared without a macro... yes
checking whether symlinkat is declared without a macro... yes
checking whether ttyname_r is declared without a macro... yes
checking whether unlink is declared without a macro... yes
checking whether unlinkat is declared without a macro... yes
checking whether usleep is declared without a macro... yes
checking whether unlink honors trailing slashes... yes
checking whether unlink of a parent directory fails as it should... guessing yes
checking for useconds_t... yes
checking whether usleep allows large arguments... yes
checking whether btowc is declared without a macro... yes
checking whether wctob is declared without a macro... yes
checking whether mbsinit is declared without a macro... yes
checking whether mbrtowc is declared without a macro... yes
checking whether mbrlen is declared without a macro... yes
checking whether mbsrtowcs is declared without a macro... yes
checking whether mbsnrtowcs is declared without a macro... yes
checking whether wcrtomb is declared without a macro... yes
checking whether wcsrtombs is declared without a macro... yes
checking whether wcsnrtombs is declared without a macro... yes
checking whether wcwidth is declared without a macro... yes
checking whether wmemchr is declared without a macro... yes
checking whether wmemcmp is declared without a macro... yes
checking whether wmemcpy is declared without a macro... yes
checking whether wmemmove is declared without a macro... yes
checking whether wmemset is declared without a macro... yes
checking whether wcslen is declared without a macro... yes
checking whether wcsnlen is declared without a macro... yes
checking whether wcscpy is declared without a macro... yes
checking whether wcpcpy is declared without a macro... yes
checking whether wcsncpy is declared without a macro... yes
checking whether wcpncpy is declared without a macro... yes
checking whether wcscat is declared without a macro... yes
checking whether wcsncat is declared without a macro... yes
checking whether wcscmp is declared without a macro... yes
checking whether wcsncmp is declared without a macro... yes
checking whether wcscasecmp is declared without a macro... yes
checking whether wcsncasecmp is declared without a macro... yes
checking whether wcscoll is declared without a macro... yes
checking whether wcsxfrm is declared without a macro... yes
checking whether wcsdup is declared without a macro... yes
checking whether wcschr is declared without a macro... yes
checking whether wcsrchr is declared without a macro... yes
checking whether wcscspn is declared without a macro... yes
checking whether wcsspn is declared without a macro... yes
checking whether wcspbrk is declared without a macro... yes
checking whether wcsstr is declared without a macro... yes
checking whether wcstok is declared without a macro... yes
checking whether wcswidth is declared without a macro... yes
checking whether mbrtowc handles incomplete characters... (cached) yes
checking whether mbrtowc works as well as mbtowc... (cached) yes
checking whether wcrtomb return value is correct... yes
checking whether iswcntrl works... yes
checking for towlower... yes
checking for wctype_t... yes
checking for wctrans_t... yes
checking whether wctype is declared without a macro... yes
checking whether iswctype is declared without a macro... yes
checking whether wctrans is declared without a macro... yes
checking whether towctrans is declared without a macro... yes
checking for long long int... (cached) yes
checking for a traditional french locale... (cached) fr_FR
checking for a french Unicode locale... (cached) fr_FR.UTF-8
checking for a traditional french locale... (cached) fr_FR
checking for a turkish Unicode locale... tr_TR.UTF-8
checking whether dup2 works... yes
checking whether fdopen sets errno... yes
checking whether getdtablesize works... yes
checking for getpagesize... yes
checking whether getpagesize is declared... (cached) yes
checking for setlocale... yes
checking for uselocale... yes
checking for a traditional french locale... (cached) fr_FR
checking for a french Unicode locale... (cached) fr_FR.UTF-8
checking for a traditional japanese locale... (cached) ja_JP
checking for a transitional chinese locale... (cached) zh_CN.GB18030
checking for a french Unicode locale... (cached) fr_FR.UTF-8
checking for a traditional french locale... (cached) fr_FR
checking for a french Unicode locale... (cached) fr_FR.UTF-8
checking whether open recognizes a trailing slash... yes
checking for getppriv... no
checking for putenv compatible with GNU and SVID... yes
checking for mmap... yes
checking for MAP_ANONYMOUS... yes
checking whether setenv validates arguments... yes
checking for a traditional french locale... (cached) fr_FR
checking for a french Unicode locale... (cached) fr_FR.UTF-8
checking for a traditional japanese locale... (cached) ja_JP
checking for a transitional chinese locale... (cached) zh_CN.GB18030
checking for mmap... (cached) yes
checking for MAP_ANONYMOUS... yes
checking whether symlink handles trailing slash correctly... yes
checking for pthread_atfork... yes
checking for unsetenv... yes
checking for unsetenv() return type... int
checking whether unsetenv obeys POSIX... yes
checking for a traditional french locale... (cached) fr_FR
checking for a french Unicode locale... (cached) fr_FR.UTF-8
checking for a traditional japanese locale... (cached) ja_JP
checking for a transitional chinese locale... (cached) zh_CN.GB18030
checking whether wctob works... yes
checking whether wctob is declared... (cached) yes
checking for sched_yield in -lrt... yes
checking size of off_t... 8
checking how to print strings... printf
checking for a sed that does not truncate output... (cached) /bin/sed
checking for fgrep... /bin/grep -F
checking for ld used by gcc... /usr/bin/ld
checking if the linker (/usr/bin/ld) is GNU ld... yes
checking for BSD- or MS-compatible name lister (nm)... /usr/bin/nm -B
checking the name lister (/usr/bin/nm -B) interface... BSD nm
checking whether ln -s works... yes
checking the maximum length of command line arguments... 1572864
checking whether the shell understands some XSI constructs... yes
checking whether the shell understands "+="... yes
checking how to convert x86_64-unknown-linux-gnu file names to x86_64-unknown-linux-gnu format... func_convert_file_noop
checking how to convert x86_64-unknown-linux-gnu file names to toolchain format... func_convert_file_noop
checking for /usr/bin/ld option to reload object files... -r
checking for objdump... objdump
checking how to recognize dependent libraries... pass_all
checking for dlltool... no
checking how to associate runtime and link libraries... printf %s\n
checking for archiver @FILE support... @
checking for strip... strip
checking for ranlib... (cached) ranlib
checking command to parse /usr/bin/nm -B output from gcc object... ok
checking for sysroot... no
checking for mt... no
checking if : is a manifest tool... no
checking for dlfcn.h... yes
checking for objdir... .libs
checking if gcc supports -fno-rtti -fno-exceptions... no
checking for gcc option to produce PIC... -fPIC -DPIC
checking if gcc PIC flag -fPIC -DPIC works... yes
checking if gcc static flag -static works... yes
checking if gcc supports -c -o file.o... yes
checking if gcc supports -c -o file.o... (cached) yes
checking whether the gcc linker (/usr/bin/ld -m elf_x86_64) supports shared libraries... yes
checking whether -lc should be explicitly linked in... no
checking dynamic linker characteristics... GNU/Linux ld.so
checking how to hardcode library paths into programs... immediate
checking whether stripping libraries is possible... yes
checking if libtool supports shared libraries... yes
checking whether to build shared libraries... yes
checking whether to build static libraries... no
checking whether NLS is requested... yes
checking for msgfmt... /usr/bin/msgfmt
checking for gmsgfmt... /usr/bin/msgfmt
checking for xgettext... /usr/bin/xgettext
checking for msgmerge... /usr/bin/msgmerge
checking for CFPreferencesCopyAppValue... (cached) no
checking for CFLocaleCopyCurrent... (cached) no
checking for GNU gettext in libc... yes
checking whether to use NLS... yes
checking where the gettext function comes from... libc
checking for dlopen in -ldl... yes
checking for uuid_generate in -luuid... yes
checking for dm_task_create in -ldevmapper... yes
checking for library containing tgetent... -lncurses
checking for readline in -lreadline... yes
checking for rl_variable_value in -lreadline... yes
checking uuid/uuid.h usability... yes
checking uuid/uuid.h presence... yes
checking for uuid/uuid.h... yes
checking for getopt.h... (cached) yes
checking linux/ext2_fs.h usability... no
checking linux/ext2_fs.h presence... no
checking for linux/ext2_fs.h... no
checking linux/unistd.h usability... yes
checking linux/unistd.h presence... yes
checking for linux/unistd.h... yes
checking readline/readline.h usability... yes
checking readline/readline.h presence... yes
checking for readline/readline.h... yes
checking readline/history.h usability... yes
checking readline/history.h presence... yes
checking for readline/history.h... yes
checking termcap.h usability... yes
checking termcap.h presence... yes
checking for termcap.h... yes
checking for wctype.h... (cached) yes
checking execinfo.h usability... yes
checking execinfo.h presence... yes
checking for execinfo.h... yes
checking for backtrace in -lc... yes
checking for pkg-config... /usr/bin/pkg-config
checking pkg-config is at least version 0.9.0... yes
checking for CHECK... no
Unable to locate check version 0.9.3 or higher: not building
checking for ld used by gcc... (cached) /usr/bin/ld
checking if the linker (/usr/bin/ld) is GNU ld... (cached) yes
checking whether byte ordering is bigendian... no
checking for inline... (cached) inline
checking for an ANSI C-conforming const... yes
checking for C/C++ restrict keyword... (cached) __restrict
checking for sigaction... yes
checking for getuid... yes
checking for rl_completion_matches... yes
checking for canonicalize_file_name... (cached) yes
checking for library containing blkid_probe_get_topology... -lblkid
checking for blkid_probe_get_topology... yes
checking that generated files are newer than configure... done
configure: creating ./config.status
config.status: creating Makefile
config.status: creating lib/Makefile
config.status: creating include/Makefile
config.status: creating include/parted/Makefile
config.status: creating libparted/Makefile
config.status: creating libparted/labels/Makefile
config.status: creating libparted/fs/Makefile
config.status: creating libparted/tests/Makefile
config.status: creating libparted.pc
config.status: creating parted/Makefile
config.status: creating partprobe/Makefile
config.status: creating doc/Makefile
config.status: creating doc/C/Makefile
config.status: creating doc/pt_BR/Makefile
config.status: creating debug/Makefile
config.status: creating debug/test/Makefile
config.status: creating tests/Makefile
config.status: creating po/Makefile.in
config.status: creating lib/config.h
config.status: executing depfiles commands
config.status: executing libtool commands
config.status: executing po-directories commands
config.status: creating po/POTFILES
config.status: creating po/Makefile

Type 'make' to compile parted.
make  all-recursive
make[1]: Entering directory '/sources/7.9/parted-3.2'
Making all in po
make[2]: Entering directory '/sources/7.9/parted-3.2/po'
make[2]: Leaving directory '/sources/7.9/parted-3.2/po'
Making all in lib
make[2]: Entering directory '/sources/7.9/parted-3.2/lib'
  GEN      alloca.h
  GEN      configmake.h
  GEN      c++defs.h
  GEN      arg-nonnull.h
  GEN      warn-on-use.h
  GEN      fcntl.h
  GEN      inttypes.h
  GEN      langinfo.h
  GEN      locale.h
  GEN      stdio.h
  GEN      stdlib.h
  GEN      string.h
  GEN      sys/stat.h
  GEN      sys/time.h
  GEN      sys/types.h
  GEN      time.h
  GEN      unistd.h
  GEN      wchar.h
  GEN      wctype.h
make  all-am
make[3]: Entering directory '/sources/7.9/parted-3.2/lib'
  CC       argmatch.lo
  CC       c-ctype.lo
  CC       c-strcasecmp.lo
  CC       c-strncasecmp.lo
  CC       close-stream.lo
  CC       closeout.lo
  CC       dirname.lo
  CC       basename.lo
  CC       dirname-lgpl.lo
  CC       basename-lgpl.lo
  CC       stripslash.lo
  CC       exitfail.lo
  CC       fd-hook.lo
  CC       localcharset.lo
  CC       glthread/lock.lo
  CC       long-options.lo
  CC       malloca.lo
  CC       progname.lo
  CC       quotearg.lo
  CC       safe-read.lo
  CC       tempname.lo
  CC       glthread/threadlib.lo
  CC       unistd.lo
  CC       version-etc.lo
  CC       version-etc-fsf.lo
  CC       wctype-h.lo
  CC       xmalloc.lo
  CC       xalloc-die.lo
  CC       xstrndup.lo
  CC       xstrtol.lo
  CC       xstrtoul.lo
  CC       xstrtol-error.lo
  CC       xstrtoll.lo
  CC       xstrtoull.lo
  CCLD     libgnulib.la
  GEN      charset.alias
  GEN      ref-add.sed
  GEN      ref-del.sed
make[3]: Leaving directory '/sources/7.9/parted-3.2/lib'
make[2]: Leaving directory '/sources/7.9/parted-3.2/lib'
Making all in include
make[2]: Entering directory '/sources/7.9/parted-3.2/include'
Making all in parted
make[3]: Entering directory '/sources/7.9/parted-3.2/include/parted'
make  all-am
make[4]: Entering directory '/sources/7.9/parted-3.2/include/parted'
make[4]: Nothing to be done for 'all-am'.
make[4]: Leaving directory '/sources/7.9/parted-3.2/include/parted'
make[3]: Leaving directory '/sources/7.9/parted-3.2/include/parted'
make[3]: Entering directory '/sources/7.9/parted-3.2/include'
make[3]: Nothing to be done for 'all-am'.
make[3]: Leaving directory '/sources/7.9/parted-3.2/include'
make[2]: Leaving directory '/sources/7.9/parted-3.2/include'
Making all in libparted
make[2]: Entering directory '/sources/7.9/parted-3.2/libparted'
Making all in labels
make[3]: Entering directory '/sources/7.9/parted-3.2/libparted/labels'
make  all-am
make[4]: Entering directory '/sources/7.9/parted-3.2/libparted/labels'
  CC       aix.lo
  CC       bsd.lo
  CC       dos.lo
  CC       dvh.lo
  CC       efi_crc32.lo
  CC       gpt.lo
  CC       loop.lo
  CC       mac.lo
  CC       pc98.lo
  CC       pt-tools.lo
  CC       rdb.lo
  CC       sun.lo
  CCLD     liblabels.la
make[4]: Leaving directory '/sources/7.9/parted-3.2/libparted/labels'
make[3]: Leaving directory '/sources/7.9/parted-3.2/libparted/labels'
Making all in fs
make[3]: Entering directory '/sources/7.9/parted-3.2/libparted/fs'
  CC       r/filesys.lo
  CC       r/fat/bootsector.lo
  CC       r/fat/calc.lo
  CC       r/fat/clstdup.lo
  CC       r/fat/context.lo
  CC       r/fat/count.lo
  CC       r/fat/fat.lo
  CC       r/fat/fatio.lo
  CC       r/fat/resize.lo
  CC       r/fat/table.lo
  CC       r/fat/traverse.lo
  CC       r/hfs/advfs.lo
  CC       r/hfs/advfs_plus.lo
  CC       r/hfs/cache.lo
  CC       r/hfs/file.lo
  CC       r/hfs/file_plus.lo
  CC       r/hfs/hfs.lo
  CC       r/hfs/journal.lo
  CC       r/hfs/probe.lo
  CC       r/hfs/reloc.lo
  CC       r/hfs/reloc_plus.lo
  CCLD     libparted-fs-resize.la
  CC       amiga/affs.lo
  CC       amiga/amiga.lo
  CC       amiga/apfs.lo
  CC       amiga/asfs.lo
  CC       amiga/a-interface.lo
  CC       btrfs/btrfs.lo
  CC       ext2/interface.lo
  CC       fat/bootsector.lo
  CC       fat/fat.lo
  CC       hfs/hfs.lo
  CC       hfs/probe.lo
  CC       jfs/jfs.lo
  CC       linux_swap/linux_swap.lo
  CC       nilfs2/nilfs2.lo
  CC       ntfs/ntfs.lo
  CC       reiserfs/reiserfs.lo
  CC       ufs/ufs.lo
  CC       xfs/xfs.lo
  CCLD     libfs.la
make[3]: Leaving directory '/sources/7.9/parted-3.2/libparted/fs'
Making all in .
make[3]: Entering directory '/sources/7.9/parted-3.2/libparted'
  CC       debug.lo
  CC       architecture.lo
  CC       device.lo
  CC       exception.lo
  CC       filesys.lo
  CC       libparted.lo
  CC       timer.lo
  CC       unit.lo
  CC       disk.lo
  CC       cs/geom.lo
  CC       cs/constraint.lo
  CC       cs/natmath.lo
  CC       arch/linux.lo
  CCLD     libparted.la
make[3]: Leaving directory '/sources/7.9/parted-3.2/libparted'
make[2]: Leaving directory '/sources/7.9/parted-3.2/libparted'
Making all in parted
make[2]: Entering directory '/sources/7.9/parted-3.2/parted'
  GEN      version.c
  GEN      version.h
make  all-am
make[3]: Entering directory '/sources/7.9/parted-3.2/parted'
  CC       version.o
  AR       libver.a
  CC       command.o
  CC       parted.o
  CC       strlist.o
  CC       ui.o
  CC       table.o
  CCLD     parted
make[3]: Leaving directory '/sources/7.9/parted-3.2/parted'
make[2]: Leaving directory '/sources/7.9/parted-3.2/parted'
Making all in partprobe
make[2]: Entering directory '/sources/7.9/parted-3.2/partprobe'
  CC       partprobe.o
  CCLD     partprobe
make[2]: Leaving directory '/sources/7.9/parted-3.2/partprobe'
Making all in doc
make[2]: Entering directory '/sources/7.9/parted-3.2/doc'
Making all in C
make[3]: Entering directory '/sources/7.9/parted-3.2/doc/C'
make[3]: Nothing to be done for 'all'.
make[3]: Leaving directory '/sources/7.9/parted-3.2/doc/C'
Making all in pt_BR
make[3]: Entering directory '/sources/7.9/parted-3.2/doc/pt_BR'
  GEN      all-local
make[3]: Leaving directory '/sources/7.9/parted-3.2/doc/pt_BR'
make[3]: Entering directory '/sources/7.9/parted-3.2/doc'
make[3]: Nothing to be done for 'all-am'.
make[3]: Leaving directory '/sources/7.9/parted-3.2/doc'
make[2]: Leaving directory '/sources/7.9/parted-3.2/doc'
Making all in debug
make[2]: Entering directory '/sources/7.9/parted-3.2/debug'
Making all in test
make[3]: Entering directory '/sources/7.9/parted-3.2/debug/test'
make[3]: Nothing to be done for 'all'.
make[3]: Leaving directory '/sources/7.9/parted-3.2/debug/test'
make[3]: Entering directory '/sources/7.9/parted-3.2/debug'
make[3]: Nothing to be done for 'all-am'.
make[3]: Leaving directory '/sources/7.9/parted-3.2/debug'
make[2]: Leaving directory '/sources/7.9/parted-3.2/debug'
Making all in tests
make[2]: Entering directory '/sources/7.9/parted-3.2/tests'
make[2]: Nothing to be done for 'all'.
make[2]: Leaving directory '/sources/7.9/parted-3.2/tests'
make[2]: Entering directory '/sources/7.9/parted-3.2'
make[2]: Nothing to be done for 'all-am'.
make[2]: Leaving directory '/sources/7.9/parted-3.2'
make[1]: Leaving directory '/sources/7.9/parted-3.2'
make: Entering directory '/sources/7.9/parted-3.2/doc'
Making html in C
make[1]: Entering directory '/sources/7.9/parted-3.2/doc/C'
make[1]: Nothing to be done for 'html'.
make[1]: Leaving directory '/sources/7.9/parted-3.2/doc/C'
Making html in pt_BR
make[1]: Entering directory '/sources/7.9/parted-3.2/doc/pt_BR'
make[1]: Nothing to be done for 'html'.
make[1]: Leaving directory '/sources/7.9/parted-3.2/doc/pt_BR'
make[1]: Entering directory '/sources/7.9/parted-3.2/doc'
  MAKEINFO parted.html
make[1]: Leaving directory '/sources/7.9/parted-3.2/doc'
make: Leaving directory '/sources/7.9/parted-3.2/doc'
make ss-1024
make[1]: Entering directory '/sources/7.9/parted-3.2'
PARTED_SECTOR_SIZE=1024 make check-recursive
make[2]: Entering directory '/sources/7.9/parted-3.2'
Making check in po
make[3]: Entering directory '/sources/7.9/parted-3.2/po'
make[3]: Leaving directory '/sources/7.9/parted-3.2/po'
Making check in lib
make[3]: Entering directory '/sources/7.9/parted-3.2/lib'
make  check-am
make[4]: Entering directory '/sources/7.9/parted-3.2/lib'
make[4]: Leaving directory '/sources/7.9/parted-3.2/lib'
make[3]: Leaving directory '/sources/7.9/parted-3.2/lib'
Making check in include
make[3]: Entering directory '/sources/7.9/parted-3.2/include'
Making check in parted
make[4]: Entering directory '/sources/7.9/parted-3.2/include/parted'
make  check-am
make[5]: Entering directory '/sources/7.9/parted-3.2/include/parted'
make[5]: Nothing to be done for 'check-am'.
make[5]: Leaving directory '/sources/7.9/parted-3.2/include/parted'
make[4]: Leaving directory '/sources/7.9/parted-3.2/include/parted'
make[4]: Entering directory '/sources/7.9/parted-3.2/include'
make[4]: Nothing to be done for 'check-am'.
make[4]: Leaving directory '/sources/7.9/parted-3.2/include'
make[3]: Leaving directory '/sources/7.9/parted-3.2/include'
Making check in libparted
make[3]: Entering directory '/sources/7.9/parted-3.2/libparted'
Making check in labels
make[4]: Entering directory '/sources/7.9/parted-3.2/libparted/labels'
make  check-am
make[5]: Entering directory '/sources/7.9/parted-3.2/libparted/labels'
make[5]: Nothing to be done for 'check-am'.
make[5]: Leaving directory '/sources/7.9/parted-3.2/libparted/labels'
make[4]: Leaving directory '/sources/7.9/parted-3.2/libparted/labels'
Making check in fs
make[4]: Entering directory '/sources/7.9/parted-3.2/libparted/fs'
make[4]: Nothing to be done for 'check'.
make[4]: Leaving directory '/sources/7.9/parted-3.2/libparted/fs'
Making check in .
make[4]: Entering directory '/sources/7.9/parted-3.2/libparted'
make[4]: Nothing to be done for 'check-am'.
make[4]: Leaving directory '/sources/7.9/parted-3.2/libparted'
make[3]: Leaving directory '/sources/7.9/parted-3.2/libparted'
Making check in parted
make[3]: Entering directory '/sources/7.9/parted-3.2/parted'
make  check-am
make[4]: Entering directory '/sources/7.9/parted-3.2/parted'
make[4]: Nothing to be done for 'check-am'.
make[4]: Leaving directory '/sources/7.9/parted-3.2/parted'
make[3]: Leaving directory '/sources/7.9/parted-3.2/parted'
Making check in partprobe
make[3]: Entering directory '/sources/7.9/parted-3.2/partprobe'
make[3]: Nothing to be done for 'check'.
make[3]: Leaving directory '/sources/7.9/parted-3.2/partprobe'
Making check in doc
make[3]: Entering directory '/sources/7.9/parted-3.2/doc'
Making check in C
make[4]: Entering directory '/sources/7.9/parted-3.2/doc/C'
make[4]: Nothing to be done for 'check'.
make[4]: Leaving directory '/sources/7.9/parted-3.2/doc/C'
Making check in pt_BR
make[4]: Entering directory '/sources/7.9/parted-3.2/doc/pt_BR'
  GEN      all-local
make[4]: Leaving directory '/sources/7.9/parted-3.2/doc/pt_BR'
make[4]: Entering directory '/sources/7.9/parted-3.2/doc'
make[4]: Nothing to be done for 'check-am'.
make[4]: Leaving directory '/sources/7.9/parted-3.2/doc'
make[3]: Leaving directory '/sources/7.9/parted-3.2/doc'
Making check in debug
make[3]: Entering directory '/sources/7.9/parted-3.2/debug'
Making check in test
make[4]: Entering directory '/sources/7.9/parted-3.2/debug/test'
make[4]: Nothing to be done for 'check'.
make[4]: Leaving directory '/sources/7.9/parted-3.2/debug/test'
make[4]: Entering directory '/sources/7.9/parted-3.2/debug'
make[4]: Nothing to be done for 'check-am'.
make[4]: Leaving directory '/sources/7.9/parted-3.2/debug'
make[3]: Leaving directory '/sources/7.9/parted-3.2/debug'
Making check in tests
make[3]: Entering directory '/sources/7.9/parted-3.2/tests'
make  print-align print-max dup-clobber duplicate fs-resize
make[4]: Entering directory '/sources/7.9/parted-3.2/tests'
  CC       print-align.o
  CCLD     print-align
  CC       print-max.o
  CCLD     print-max
  CC       dup-clobber.o
  CCLD     dup-clobber
  CC       duplicate.o
  CCLD     duplicate
  CC       fs-resize.o
  CCLD     fs-resize
make[4]: Leaving directory '/sources/7.9/parted-3.2/tests'
make  check-TESTS
make[4]: Entering directory '/sources/7.9/parted-3.2/tests'
make[5]: Entering directory '/sources/7.9/parted-3.2/tests'
PASS: help-version.sh
PASS: t0000-basic.sh
PASS: t0001-tiny.sh
PASS: t0010-script-no-ctrl-chars.sh
PASS: t0100-print.sh
PASS: t0101-print-empty.sh
PASS: t0200-gpt.sh
PASS: t0201-gpt.sh
PASS: t0202-gpt-pmbr.sh
PASS: t0203-gpt-tiny-device-abort.sh
PASS: t0203-gpt-shortened-device-primary-valid.sh
SKIP: t0203-gpt-create-on-min-sized-device.sh
PASS: t0205-gpt-list-clobbers-pmbr.sh
PASS: t0206-gpt-print-with-corrupt-primary-clobbers-pmbr.sh
PASS: t0207-IEC-binary-notation.sh
SKIP: t0208-mkpart-end-in-IEC.sh
PASS: t0209-gpt-pmbr_boot.sh
SKIP: t0210-gpt-resized-partition-entry-array.sh
SKIP: t0211-gpt-rewrite-header.sh
PASS: t0212-gpt-many-partitions.sh
PASS: t0220-gpt-msftres.sh
PASS: t0250-gpt.sh
PASS: t0280-gpt-corrupt.sh
SKIP: t0281-gpt-grow.sh
SKIP: t0282-gpt-move-backup.sh
SKIP: t0283-overlap-partitions.sh
PASS: t0300-dos-on-gpt.sh
PASS: t0301-overwrite-gpt-pmbr.sh
SKIP: t0350-mac-PT-increases-sector-size.sh
PASS: t0400-loop-clobber-infloop.sh
PASS: t0500-dup-clobber.sh
PASS: t0501-duplicate.sh
SKIP: t1100-busy-label.sh
SKIP: t1101-busy-partition.sh
SKIP: t1102-loop-label.sh
SKIP: t1104-remove-and-add-partition.sh
SKIP: t1700-probe-fs.sh
PASS: t2200-dos-label-recog.sh
SKIP: t2201-pc98-label-recog.sh
SKIP: t2300-dos-label-extended-bootcode.sh
SKIP: t2310-dos-extended-2-sector-min-offset.sh
PASS: t2400-dos-hfs-partition-type.sh
PASS: t2500-probe-corrupt-hfs.sh
SKIP: t3000-resize-fs.sh
SKIP: t3200-resize-partition.sh
SKIP: t3200-type-change.sh
PASS: t3300-palo-prep.sh
PASS: t3310-flags.sh
SKIP: t3400-whole-disk-FAT-partition.sh
PASS: t4000-sun-raid-type.sh
PASS: t4001-sun-vtoc.sh
SKIP: t4100-msdos-partition-limits.sh
SKIP: t4100-dvh-partition-limits.sh
PASS: t4100-msdos-starting-sector.sh
SKIP: t4200-partprobe.sh
PASS: t4300-nilfs2-tiny.sh
PASS: t5000-tags.sh
SKIP: t6000-dm.sh
SKIP: t6001-psep.sh
SKIP: t6002-dm-busy.sh
SKIP: t6003-dm-hide.sh
SKIP: t6004-dm-many-partitions.sh
SKIP: t6005-dm-uuid.sh
SKIP: t6100-mdraid-partitions.sh
PASS: t7000-scripting.sh
SKIP: t8000-loop.sh
SKIP: t8001-loop-blkpg.sh
SKIP: t9010-big-sector.sh
SKIP: t9020-alignment.sh
PASS: t9021-maxima.sh
PASS: t9022-one-unit-snap.sh
PASS: t9023-value-lt-one.sh
SKIP: t9030-align-check.sh
SKIP: t9040-many-partitions.sh
SKIP: t9041-undetected-in-use-16th-partition.sh
SKIP: t9042-dos-partition-limit.sh
PASS: t9050-partition-table-types.sh
make[6]: Entering directory '/sources/7.9/parted-3.2/tests'
make[6]: Nothing to be done for 'all'.
make[6]: Leaving directory '/sources/7.9/parted-3.2/tests'
============================================================================
Testsuite summary for GNU parted 3.2
============================================================================
# TOTAL: 77
# PASS:  39
# SKIP:  38
# XFAIL: 0
# FAIL:  0
# XPASS: 0
# ERROR: 0
============================================================================
make[5]: Leaving directory '/sources/7.9/parted-3.2/tests'
make[4]: Leaving directory '/sources/7.9/parted-3.2/tests'
make[3]: Leaving directory '/sources/7.9/parted-3.2/tests'
make[3]: Entering directory '/sources/7.9/parted-3.2'
make[3]: Nothing to be done for 'check-am'.
make[3]: Leaving directory '/sources/7.9/parted-3.2'
make[2]: Leaving directory '/sources/7.9/parted-3.2'
make[1]: Leaving directory '/sources/7.9/parted-3.2'
make ss-2048
make[1]: Entering directory '/sources/7.9/parted-3.2'
PARTED_SECTOR_SIZE=2048 make check-recursive
make[2]: Entering directory '/sources/7.9/parted-3.2'
Making check in po
make[3]: Entering directory '/sources/7.9/parted-3.2/po'
make[3]: Leaving directory '/sources/7.9/parted-3.2/po'
Making check in lib
make[3]: Entering directory '/sources/7.9/parted-3.2/lib'
make  check-am
make[4]: Entering directory '/sources/7.9/parted-3.2/lib'
make[4]: Leaving directory '/sources/7.9/parted-3.2/lib'
make[3]: Leaving directory '/sources/7.9/parted-3.2/lib'
Making check in include
make[3]: Entering directory '/sources/7.9/parted-3.2/include'
Making check in parted
make[4]: Entering directory '/sources/7.9/parted-3.2/include/parted'
make  check-am
make[5]: Entering directory '/sources/7.9/parted-3.2/include/parted'
make[5]: Nothing to be done for 'check-am'.
make[5]: Leaving directory '/sources/7.9/parted-3.2/include/parted'
make[4]: Leaving directory '/sources/7.9/parted-3.2/include/parted'
make[4]: Entering directory '/sources/7.9/parted-3.2/include'
make[4]: Nothing to be done for 'check-am'.
make[4]: Leaving directory '/sources/7.9/parted-3.2/include'
make[3]: Leaving directory '/sources/7.9/parted-3.2/include'
Making check in libparted
make[3]: Entering directory '/sources/7.9/parted-3.2/libparted'
Making check in labels
make[4]: Entering directory '/sources/7.9/parted-3.2/libparted/labels'
make  check-am
make[5]: Entering directory '/sources/7.9/parted-3.2/libparted/labels'
make[5]: Nothing to be done for 'check-am'.
make[5]: Leaving directory '/sources/7.9/parted-3.2/libparted/labels'
make[4]: Leaving directory '/sources/7.9/parted-3.2/libparted/labels'
Making check in fs
make[4]: Entering directory '/sources/7.9/parted-3.2/libparted/fs'
make[4]: Nothing to be done for 'check'.
make[4]: Leaving directory '/sources/7.9/parted-3.2/libparted/fs'
Making check in .
make[4]: Entering directory '/sources/7.9/parted-3.2/libparted'
make[4]: Nothing to be done for 'check-am'.
make[4]: Leaving directory '/sources/7.9/parted-3.2/libparted'
make[3]: Leaving directory '/sources/7.9/parted-3.2/libparted'
Making check in parted
make[3]: Entering directory '/sources/7.9/parted-3.2/parted'
make  check-am
make[4]: Entering directory '/sources/7.9/parted-3.2/parted'
make[4]: Nothing to be done for 'check-am'.
make[4]: Leaving directory '/sources/7.9/parted-3.2/parted'
make[3]: Leaving directory '/sources/7.9/parted-3.2/parted'
Making check in partprobe
make[3]: Entering directory '/sources/7.9/parted-3.2/partprobe'
make[3]: Nothing to be done for 'check'.
make[3]: Leaving directory '/sources/7.9/parted-3.2/partprobe'
Making check in doc
make[3]: Entering directory '/sources/7.9/parted-3.2/doc'
Making check in C
make[4]: Entering directory '/sources/7.9/parted-3.2/doc/C'
make[4]: Nothing to be done for 'check'.
make[4]: Leaving directory '/sources/7.9/parted-3.2/doc/C'
Making check in pt_BR
make[4]: Entering directory '/sources/7.9/parted-3.2/doc/pt_BR'
  GEN      all-local
make[4]: Leaving directory '/sources/7.9/parted-3.2/doc/pt_BR'
make[4]: Entering directory '/sources/7.9/parted-3.2/doc'
make[4]: Nothing to be done for 'check-am'.
make[4]: Leaving directory '/sources/7.9/parted-3.2/doc'
make[3]: Leaving directory '/sources/7.9/parted-3.2/doc'
Making check in debug
make[3]: Entering directory '/sources/7.9/parted-3.2/debug'
Making check in test
make[4]: Entering directory '/sources/7.9/parted-3.2/debug/test'
make[4]: Nothing to be done for 'check'.
make[4]: Leaving directory '/sources/7.9/parted-3.2/debug/test'
make[4]: Entering directory '/sources/7.9/parted-3.2/debug'
make[4]: Nothing to be done for 'check-am'.
make[4]: Leaving directory '/sources/7.9/parted-3.2/debug'
make[3]: Leaving directory '/sources/7.9/parted-3.2/debug'
Making check in tests
make[3]: Entering directory '/sources/7.9/parted-3.2/tests'
make  print-align print-max dup-clobber duplicate fs-resize
make[4]: Entering directory '/sources/7.9/parted-3.2/tests'
make[4]: 'print-align' is up to date.
make[4]: 'print-max' is up to date.
make[4]: 'dup-clobber' is up to date.
make[4]: 'duplicate' is up to date.
make[4]: 'fs-resize' is up to date.
make[4]: Leaving directory '/sources/7.9/parted-3.2/tests'
make  check-TESTS
make[4]: Entering directory '/sources/7.9/parted-3.2/tests'
make[5]: Entering directory '/sources/7.9/parted-3.2/tests'
PASS: help-version.sh
PASS: t0000-basic.sh
PASS: t0001-tiny.sh
PASS: t0010-script-no-ctrl-chars.sh
PASS: t0100-print.sh
PASS: t0101-print-empty.sh
PASS: t0200-gpt.sh
PASS: t0201-gpt.sh
PASS: t0202-gpt-pmbr.sh
PASS: t0203-gpt-tiny-device-abort.sh
PASS: t0203-gpt-shortened-device-primary-valid.sh
SKIP: t0203-gpt-create-on-min-sized-device.sh
PASS: t0205-gpt-list-clobbers-pmbr.sh
PASS: t0206-gpt-print-with-corrupt-primary-clobbers-pmbr.sh
PASS: t0207-IEC-binary-notation.sh
SKIP: t0208-mkpart-end-in-IEC.sh
PASS: t0209-gpt-pmbr_boot.sh
SKIP: t0210-gpt-resized-partition-entry-array.sh
SKIP: t0211-gpt-rewrite-header.sh
PASS: t0212-gpt-many-partitions.sh
PASS: t0220-gpt-msftres.sh
PASS: t0250-gpt.sh
PASS: t0280-gpt-corrupt.sh
SKIP: t0281-gpt-grow.sh
SKIP: t0282-gpt-move-backup.sh
SKIP: t0283-overlap-partitions.sh
PASS: t0300-dos-on-gpt.sh
PASS: t0301-overwrite-gpt-pmbr.sh
SKIP: t0350-mac-PT-increases-sector-size.sh
PASS: t0400-loop-clobber-infloop.sh
PASS: t0500-dup-clobber.sh
PASS: t0501-duplicate.sh
SKIP: t1100-busy-label.sh
SKIP: t1101-busy-partition.sh
SKIP: t1102-loop-label.sh
SKIP: t1104-remove-and-add-partition.sh
SKIP: t1700-probe-fs.sh
PASS: t2200-dos-label-recog.sh
SKIP: t2201-pc98-label-recog.sh
SKIP: t2300-dos-label-extended-bootcode.sh
SKIP: t2310-dos-extended-2-sector-min-offset.sh
PASS: t2400-dos-hfs-partition-type.sh
PASS: t2500-probe-corrupt-hfs.sh
SKIP: t3000-resize-fs.sh
SKIP: t3200-resize-partition.sh
SKIP: t3200-type-change.sh
PASS: t3300-palo-prep.sh
PASS: t3310-flags.sh
SKIP: t3400-whole-disk-FAT-partition.sh
PASS: t4000-sun-raid-type.sh
PASS: t4001-sun-vtoc.sh
SKIP: t4100-msdos-partition-limits.sh
SKIP: t4100-dvh-partition-limits.sh
PASS: t4100-msdos-starting-sector.sh
SKIP: t4200-partprobe.sh
PASS: t4300-nilfs2-tiny.sh
PASS: t5000-tags.sh
SKIP: t6000-dm.sh
SKIP: t6001-psep.sh
SKIP: t6002-dm-busy.sh
SKIP: t6003-dm-hide.sh
SKIP: t6004-dm-many-partitions.sh
SKIP: t6005-dm-uuid.sh
SKIP: t6100-mdraid-partitions.sh
PASS: t7000-scripting.sh
SKIP: t8000-loop.sh
SKIP: t8001-loop-blkpg.sh
SKIP: t9010-big-sector.sh
SKIP: t9020-alignment.sh
PASS: t9021-maxima.sh
PASS: t9022-one-unit-snap.sh
PASS: t9023-value-lt-one.sh
SKIP: t9030-align-check.sh
SKIP: t9040-many-partitions.sh
SKIP: t9041-undetected-in-use-16th-partition.sh
SKIP: t9042-dos-partition-limit.sh
PASS: t9050-partition-table-types.sh
make[6]: Entering directory '/sources/7.9/parted-3.2/tests'
make[6]: Nothing to be done for 'all'.
make[6]: Leaving directory '/sources/7.9/parted-3.2/tests'
============================================================================
Testsuite summary for GNU parted 3.2
============================================================================
# TOTAL: 77
# PASS:  39
# SKIP:  38
# XFAIL: 0
# FAIL:  0
# XPASS: 0
# ERROR: 0
============================================================================
make[5]: Leaving directory '/sources/7.9/parted-3.2/tests'
make[4]: Leaving directory '/sources/7.9/parted-3.2/tests'
make[3]: Leaving directory '/sources/7.9/parted-3.2/tests'
make[3]: Entering directory '/sources/7.9/parted-3.2'
make[3]: Nothing to be done for 'check-am'.
make[3]: Leaving directory '/sources/7.9/parted-3.2'
make[2]: Leaving directory '/sources/7.9/parted-3.2'
make[1]: Leaving directory '/sources/7.9/parted-3.2'
make ss-4096
make[1]: Entering directory '/sources/7.9/parted-3.2'
PARTED_SECTOR_SIZE=4096 make check-recursive
make[2]: Entering directory '/sources/7.9/parted-3.2'
Making check in po
make[3]: Entering directory '/sources/7.9/parted-3.2/po'
make[3]: Leaving directory '/sources/7.9/parted-3.2/po'
Making check in lib
make[3]: Entering directory '/sources/7.9/parted-3.2/lib'
make  check-am
make[4]: Entering directory '/sources/7.9/parted-3.2/lib'
make[4]: Leaving directory '/sources/7.9/parted-3.2/lib'
make[3]: Leaving directory '/sources/7.9/parted-3.2/lib'
Making check in include
make[3]: Entering directory '/sources/7.9/parted-3.2/include'
Making check in parted
make[4]: Entering directory '/sources/7.9/parted-3.2/include/parted'
make  check-am
make[5]: Entering directory '/sources/7.9/parted-3.2/include/parted'
make[5]: Nothing to be done for 'check-am'.
make[5]: Leaving directory '/sources/7.9/parted-3.2/include/parted'
make[4]: Leaving directory '/sources/7.9/parted-3.2/include/parted'
make[4]: Entering directory '/sources/7.9/parted-3.2/include'
make[4]: Nothing to be done for 'check-am'.
make[4]: Leaving directory '/sources/7.9/parted-3.2/include'
make[3]: Leaving directory '/sources/7.9/parted-3.2/include'
Making check in libparted
make[3]: Entering directory '/sources/7.9/parted-3.2/libparted'
Making check in labels
make[4]: Entering directory '/sources/7.9/parted-3.2/libparted/labels'
make  check-am
make[5]: Entering directory '/sources/7.9/parted-3.2/libparted/labels'
make[5]: Nothing to be done for 'check-am'.
make[5]: Leaving directory '/sources/7.9/parted-3.2/libparted/labels'
make[4]: Leaving directory '/sources/7.9/parted-3.2/libparted/labels'
Making check in fs
make[4]: Entering directory '/sources/7.9/parted-3.2/libparted/fs'
make[4]: Nothing to be done for 'check'.
make[4]: Leaving directory '/sources/7.9/parted-3.2/libparted/fs'
Making check in .
make[4]: Entering directory '/sources/7.9/parted-3.2/libparted'
make[4]: Nothing to be done for 'check-am'.
make[4]: Leaving directory '/sources/7.9/parted-3.2/libparted'
make[3]: Leaving directory '/sources/7.9/parted-3.2/libparted'
Making check in parted
make[3]: Entering directory '/sources/7.9/parted-3.2/parted'
make  check-am
make[4]: Entering directory '/sources/7.9/parted-3.2/parted'
make[4]: Nothing to be done for 'check-am'.
make[4]: Leaving directory '/sources/7.9/parted-3.2/parted'
make[3]: Leaving directory '/sources/7.9/parted-3.2/parted'
Making check in partprobe
make[3]: Entering directory '/sources/7.9/parted-3.2/partprobe'
make[3]: Nothing to be done for 'check'.
make[3]: Leaving directory '/sources/7.9/parted-3.2/partprobe'
Making check in doc
make[3]: Entering directory '/sources/7.9/parted-3.2/doc'
Making check in C
make[4]: Entering directory '/sources/7.9/parted-3.2/doc/C'
make[4]: Nothing to be done for 'check'.
make[4]: Leaving directory '/sources/7.9/parted-3.2/doc/C'
Making check in pt_BR
make[4]: Entering directory '/sources/7.9/parted-3.2/doc/pt_BR'
  GEN      all-local
make[4]: Leaving directory '/sources/7.9/parted-3.2/doc/pt_BR'
make[4]: Entering directory '/sources/7.9/parted-3.2/doc'
make[4]: Nothing to be done for 'check-am'.
make[4]: Leaving directory '/sources/7.9/parted-3.2/doc'
make[3]: Leaving directory '/sources/7.9/parted-3.2/doc'
Making check in debug
make[3]: Entering directory '/sources/7.9/parted-3.2/debug'
Making check in test
make[4]: Entering directory '/sources/7.9/parted-3.2/debug/test'
make[4]: Nothing to be done for 'check'.
make[4]: Leaving directory '/sources/7.9/parted-3.2/debug/test'
make[4]: Entering directory '/sources/7.9/parted-3.2/debug'
make[4]: Nothing to be done for 'check-am'.
make[4]: Leaving directory '/sources/7.9/parted-3.2/debug'
make[3]: Leaving directory '/sources/7.9/parted-3.2/debug'
Making check in tests
make[3]: Entering directory '/sources/7.9/parted-3.2/tests'
make  print-align print-max dup-clobber duplicate fs-resize
make[4]: Entering directory '/sources/7.9/parted-3.2/tests'
make[4]: 'print-align' is up to date.
make[4]: 'print-max' is up to date.
make[4]: 'dup-clobber' is up to date.
make[4]: 'duplicate' is up to date.
make[4]: 'fs-resize' is up to date.
make[4]: Leaving directory '/sources/7.9/parted-3.2/tests'
make  check-TESTS
make[4]: Entering directory '/sources/7.9/parted-3.2/tests'
make[5]: Entering directory '/sources/7.9/parted-3.2/tests'
PASS: help-version.sh
PASS: t0000-basic.sh
PASS: t0001-tiny.sh
PASS: t0010-script-no-ctrl-chars.sh
PASS: t0100-print.sh
PASS: t0101-print-empty.sh
PASS: t0200-gpt.sh
PASS: t0201-gpt.sh
PASS: t0202-gpt-pmbr.sh
PASS: t0203-gpt-tiny-device-abort.sh
PASS: t0203-gpt-shortened-device-primary-valid.sh
SKIP: t0203-gpt-create-on-min-sized-device.sh
PASS: t0205-gpt-list-clobbers-pmbr.sh
PASS: t0206-gpt-print-with-corrupt-primary-clobbers-pmbr.sh
PASS: t0207-IEC-binary-notation.sh
SKIP: t0208-mkpart-end-in-IEC.sh
PASS: t0209-gpt-pmbr_boot.sh
SKIP: t0210-gpt-resized-partition-entry-array.sh
SKIP: t0211-gpt-rewrite-header.sh
PASS: t0212-gpt-many-partitions.sh
PASS: t0220-gpt-msftres.sh
PASS: t0250-gpt.sh
PASS: t0280-gpt-corrupt.sh
SKIP: t0281-gpt-grow.sh
SKIP: t0282-gpt-move-backup.sh
SKIP: t0283-overlap-partitions.sh
PASS: t0300-dos-on-gpt.sh
PASS: t0301-overwrite-gpt-pmbr.sh
SKIP: t0350-mac-PT-increases-sector-size.sh
PASS: t0400-loop-clobber-infloop.sh
PASS: t0500-dup-clobber.sh
PASS: t0501-duplicate.sh
SKIP: t1100-busy-label.sh
SKIP: t1101-busy-partition.sh
SKIP: t1102-loop-label.sh
SKIP: t1104-remove-and-add-partition.sh
SKIP: t1700-probe-fs.sh
PASS: t2200-dos-label-recog.sh
SKIP: t2201-pc98-label-recog.sh
SKIP: t2300-dos-label-extended-bootcode.sh
SKIP: t2310-dos-extended-2-sector-min-offset.sh
PASS: t2400-dos-hfs-partition-type.sh
PASS: t2500-probe-corrupt-hfs.sh
SKIP: t3000-resize-fs.sh
SKIP: t3200-resize-partition.sh
SKIP: t3200-type-change.sh
PASS: t3300-palo-prep.sh
PASS: t3310-flags.sh
SKIP: t3400-whole-disk-FAT-partition.sh
PASS: t4000-sun-raid-type.sh
PASS: t4001-sun-vtoc.sh
SKIP: t4100-msdos-partition-limits.sh
SKIP: t4100-dvh-partition-limits.sh
PASS: t4100-msdos-starting-sector.sh
SKIP: t4200-partprobe.sh
PASS: t4300-nilfs2-tiny.sh
PASS: t5000-tags.sh
SKIP: t6000-dm.sh
SKIP: t6001-psep.sh
SKIP: t6002-dm-busy.sh
SKIP: t6003-dm-hide.sh
SKIP: t6004-dm-many-partitions.sh
SKIP: t6005-dm-uuid.sh
SKIP: t6100-mdraid-partitions.sh
PASS: t7000-scripting.sh
SKIP: t8000-loop.sh
SKIP: t8001-loop-blkpg.sh
SKIP: t9010-big-sector.sh
SKIP: t9020-alignment.sh
PASS: t9021-maxima.sh
PASS: t9022-one-unit-snap.sh
PASS: t9023-value-lt-one.sh
SKIP: t9030-align-check.sh
SKIP: t9040-many-partitions.sh
SKIP: t9041-undetected-in-use-16th-partition.sh
SKIP: t9042-dos-partition-limit.sh
PASS: t9050-partition-table-types.sh
make[6]: Entering directory '/sources/7.9/parted-3.2/tests'
make[6]: Nothing to be done for 'all'.
make[6]: Leaving directory '/sources/7.9/parted-3.2/tests'
============================================================================
Testsuite summary for GNU parted 3.2
============================================================================
# TOTAL: 77
# PASS:  39
# SKIP:  38
# XFAIL: 0
# FAIL:  0
# XPASS: 0
# ERROR: 0
============================================================================
make[5]: Leaving directory '/sources/7.9/parted-3.2/tests'
make[4]: Leaving directory '/sources/7.9/parted-3.2/tests'
make[3]: Leaving directory '/sources/7.9/parted-3.2/tests'
make[3]: Entering directory '/sources/7.9/parted-3.2'
make[3]: Nothing to be done for 'check-am'.
make[3]: Leaving directory '/sources/7.9/parted-3.2'
make[2]: Leaving directory '/sources/7.9/parted-3.2'
make[1]: Leaving directory '/sources/7.9/parted-3.2'
  GEN      public-submodule-commit
make  check-recursive
make[1]: Entering directory '/sources/7.9/parted-3.2'
Making check in po
make[2]: Entering directory '/sources/7.9/parted-3.2/po'
make[2]: Leaving directory '/sources/7.9/parted-3.2/po'
Making check in lib
make[2]: Entering directory '/sources/7.9/parted-3.2/lib'
make  check-am
make[3]: Entering directory '/sources/7.9/parted-3.2/lib'
make[3]: Leaving directory '/sources/7.9/parted-3.2/lib'
make[2]: Leaving directory '/sources/7.9/parted-3.2/lib'
Making check in include
make[2]: Entering directory '/sources/7.9/parted-3.2/include'
Making check in parted
make[3]: Entering directory '/sources/7.9/parted-3.2/include/parted'
make  check-am
make[4]: Entering directory '/sources/7.9/parted-3.2/include/parted'
make[4]: Nothing to be done for 'check-am'.
make[4]: Leaving directory '/sources/7.9/parted-3.2/include/parted'
make[3]: Leaving directory '/sources/7.9/parted-3.2/include/parted'
make[3]: Entering directory '/sources/7.9/parted-3.2/include'
make[3]: Nothing to be done for 'check-am'.
make[3]: Leaving directory '/sources/7.9/parted-3.2/include'
make[2]: Leaving directory '/sources/7.9/parted-3.2/include'
Making check in libparted
make[2]: Entering directory '/sources/7.9/parted-3.2/libparted'
Making check in labels
make[3]: Entering directory '/sources/7.9/parted-3.2/libparted/labels'
make  check-am
make[4]: Entering directory '/sources/7.9/parted-3.2/libparted/labels'
make[4]: Nothing to be done for 'check-am'.
make[4]: Leaving directory '/sources/7.9/parted-3.2/libparted/labels'
make[3]: Leaving directory '/sources/7.9/parted-3.2/libparted/labels'
Making check in fs
make[3]: Entering directory '/sources/7.9/parted-3.2/libparted/fs'
make[3]: Nothing to be done for 'check'.
make[3]: Leaving directory '/sources/7.9/parted-3.2/libparted/fs'
Making check in .
make[3]: Entering directory '/sources/7.9/parted-3.2/libparted'
make[3]: Nothing to be done for 'check-am'.
make[3]: Leaving directory '/sources/7.9/parted-3.2/libparted'
make[2]: Leaving directory '/sources/7.9/parted-3.2/libparted'
Making check in parted
make[2]: Entering directory '/sources/7.9/parted-3.2/parted'
make  check-am
make[3]: Entering directory '/sources/7.9/parted-3.2/parted'
make[3]: Nothing to be done for 'check-am'.
make[3]: Leaving directory '/sources/7.9/parted-3.2/parted'
make[2]: Leaving directory '/sources/7.9/parted-3.2/parted'
Making check in partprobe
make[2]: Entering directory '/sources/7.9/parted-3.2/partprobe'
make[2]: Nothing to be done for 'check'.
make[2]: Leaving directory '/sources/7.9/parted-3.2/partprobe'
Making check in doc
make[2]: Entering directory '/sources/7.9/parted-3.2/doc'
Making check in C
make[3]: Entering directory '/sources/7.9/parted-3.2/doc/C'
make[3]: Nothing to be done for 'check'.
make[3]: Leaving directory '/sources/7.9/parted-3.2/doc/C'
Making check in pt_BR
make[3]: Entering directory '/sources/7.9/parted-3.2/doc/pt_BR'
  GEN      all-local
make[3]: Leaving directory '/sources/7.9/parted-3.2/doc/pt_BR'
make[3]: Entering directory '/sources/7.9/parted-3.2/doc'
make[3]: Nothing to be done for 'check-am'.
make[3]: Leaving directory '/sources/7.9/parted-3.2/doc'
make[2]: Leaving directory '/sources/7.9/parted-3.2/doc'
Making check in debug
make[2]: Entering directory '/sources/7.9/parted-3.2/debug'
Making check in test
make[3]: Entering directory '/sources/7.9/parted-3.2/debug/test'
make[3]: Nothing to be done for 'check'.
make[3]: Leaving directory '/sources/7.9/parted-3.2/debug/test'
make[3]: Entering directory '/sources/7.9/parted-3.2/debug'
make[3]: Nothing to be done for 'check-am'.
make[3]: Leaving directory '/sources/7.9/parted-3.2/debug'
make[2]: Leaving directory '/sources/7.9/parted-3.2/debug'
Making check in tests
make[2]: Entering directory '/sources/7.9/parted-3.2/tests'
make  print-align print-max dup-clobber duplicate fs-resize
make[3]: Entering directory '/sources/7.9/parted-3.2/tests'
make[3]: 'print-align' is up to date.
make[3]: 'print-max' is up to date.
make[3]: 'dup-clobber' is up to date.
make[3]: 'duplicate' is up to date.
make[3]: 'fs-resize' is up to date.
make[3]: Leaving directory '/sources/7.9/parted-3.2/tests'
make  check-TESTS
make[3]: Entering directory '/sources/7.9/parted-3.2/tests'
make[4]: Entering directory '/sources/7.9/parted-3.2/tests'
PASS: help-version.sh
PASS: t0000-basic.sh
PASS: t0001-tiny.sh
PASS: t0010-script-no-ctrl-chars.sh
PASS: t0100-print.sh
PASS: t0101-print-empty.sh
PASS: t0200-gpt.sh
PASS: t0201-gpt.sh
PASS: t0202-gpt-pmbr.sh
PASS: t0203-gpt-tiny-device-abort.sh
PASS: t0203-gpt-shortened-device-primary-valid.sh
PASS: t0203-gpt-create-on-min-sized-device.sh
PASS: t0205-gpt-list-clobbers-pmbr.sh
PASS: t0206-gpt-print-with-corrupt-primary-clobbers-pmbr.sh
PASS: t0207-IEC-binary-notation.sh
PASS: t0208-mkpart-end-in-IEC.sh
PASS: t0209-gpt-pmbr_boot.sh
SKIP: t0210-gpt-resized-partition-entry-array.sh
SKIP: t0211-gpt-rewrite-header.sh
PASS: t0212-gpt-many-partitions.sh
PASS: t0220-gpt-msftres.sh
PASS: t0250-gpt.sh
PASS: t0280-gpt-corrupt.sh
PASS: t0281-gpt-grow.sh
PASS: t0282-gpt-move-backup.sh
PASS: t0283-overlap-partitions.sh
PASS: t0300-dos-on-gpt.sh
PASS: t0301-overwrite-gpt-pmbr.sh
PASS: t0350-mac-PT-increases-sector-size.sh
PASS: t0400-loop-clobber-infloop.sh
PASS: t0500-dup-clobber.sh
PASS: t0501-duplicate.sh
SKIP: t1100-busy-label.sh
SKIP: t1101-busy-partition.sh
SKIP: t1102-loop-label.sh
SKIP: t1104-remove-and-add-partition.sh
PASS: t1700-probe-fs.sh
PASS: t2200-dos-label-recog.sh
PASS: t2201-pc98-label-recog.sh
PASS: t2300-dos-label-extended-bootcode.sh
SKIP: t2310-dos-extended-2-sector-min-offset.sh
PASS: t2400-dos-hfs-partition-type.sh
PASS: t2500-probe-corrupt-hfs.sh
SKIP: t3000-resize-fs.sh
SKIP: t3200-resize-partition.sh
SKIP: t3200-type-change.sh
PASS: t3300-palo-prep.sh
PASS: t3310-flags.sh
SKIP: t3400-whole-disk-FAT-partition.sh
PASS: t4000-sun-raid-type.sh
PASS: t4001-sun-vtoc.sh
SKIP: t4100-msdos-partition-limits.sh
SKIP: t4100-dvh-partition-limits.sh
PASS: t4100-msdos-starting-sector.sh
SKIP: t4200-partprobe.sh
PASS: t4300-nilfs2-tiny.sh
PASS: t5000-tags.sh
SKIP: t6000-dm.sh
SKIP: t6001-psep.sh
SKIP: t6002-dm-busy.sh
SKIP: t6003-dm-hide.sh
SKIP: t6004-dm-many-partitions.sh
SKIP: t6005-dm-uuid.sh
SKIP: t6100-mdraid-partitions.sh
PASS: t7000-scripting.sh
SKIP: t8000-loop.sh
SKIP: t8001-loop-blkpg.sh
SKIP: t9010-big-sector.sh
SKIP: t9020-alignment.sh
PASS: t9021-maxima.sh
PASS: t9022-one-unit-snap.sh
PASS: t9023-value-lt-one.sh
SKIP: t9030-align-check.sh
SKIP: t9040-many-partitions.sh
SKIP: t9041-undetected-in-use-16th-partition.sh
SKIP: t9042-dos-partition-limit.sh
PASS: t9050-partition-table-types.sh
make[5]: Entering directory '/sources/7.9/parted-3.2/tests'
make[5]: Nothing to be done for 'all'.
make[5]: Leaving directory '/sources/7.9/parted-3.2/tests'
============================================================================
Testsuite summary for GNU parted 3.2
============================================================================
# TOTAL: 77
# PASS:  48
# SKIP:  29
# XFAIL: 0
# FAIL:  0
# XPASS: 0
# ERROR: 0
============================================================================
make[4]: Leaving directory '/sources/7.9/parted-3.2/tests'
make[3]: Leaving directory '/sources/7.9/parted-3.2/tests'
make[2]: Leaving directory '/sources/7.9/parted-3.2/tests'
make[2]: Entering directory '/sources/7.9/parted-3.2'
make[2]: Nothing to be done for 'check-am'.
make[2]: Leaving directory '/sources/7.9/parted-3.2'
make[1]: Leaving directory '/sources/7.9/parted-3.2'
make  install-recursive
make[1]: Entering directory '/sources/7.9/parted-3.2'
Making install in po
make[2]: Entering directory '/sources/7.9/parted-3.2/po'
installing ca.gmo as /usr/share/locale/ca/LC_MESSAGES/parted.mo
installing cs.gmo as /usr/share/locale/cs/LC_MESSAGES/parted.mo
installing da.gmo as /usr/share/locale/da/LC_MESSAGES/parted.mo
installing de.gmo as /usr/share/locale/de/LC_MESSAGES/parted.mo
installing es.gmo as /usr/share/locale/es/LC_MESSAGES/parted.mo
installing fr.gmo as /usr/share/locale/fr/LC_MESSAGES/parted.mo
installing gl.gmo as /usr/share/locale/gl/LC_MESSAGES/parted.mo
installing id.gmo as /usr/share/locale/id/LC_MESSAGES/parted.mo
installing it.gmo as /usr/share/locale/it/LC_MESSAGES/parted.mo
installing ja.gmo as /usr/share/locale/ja/LC_MESSAGES/parted.mo
installing nl.gmo as /usr/share/locale/nl/LC_MESSAGES/parted.mo
installing nn.gmo as /usr/share/locale/nn/LC_MESSAGES/parted.mo
installing pl.gmo as /usr/share/locale/pl/LC_MESSAGES/parted.mo
installing pt.gmo as /usr/share/locale/pt/LC_MESSAGES/parted.mo
installing pt_BR.gmo as /usr/share/locale/pt_BR/LC_MESSAGES/parted.mo
installing ro.gmo as /usr/share/locale/ro/LC_MESSAGES/parted.mo
installing ru.gmo as /usr/share/locale/ru/LC_MESSAGES/parted.mo
installing rw.gmo as /usr/share/locale/rw/LC_MESSAGES/parted.mo
installing sk.gmo as /usr/share/locale/sk/LC_MESSAGES/parted.mo
installing sl.gmo as /usr/share/locale/sl/LC_MESSAGES/parted.mo
installing sr.gmo as /usr/share/locale/sr/LC_MESSAGES/parted.mo
installing sv.gmo as /usr/share/locale/sv/LC_MESSAGES/parted.mo
installing tr.gmo as /usr/share/locale/tr/LC_MESSAGES/parted.mo
installing uk.gmo as /usr/share/locale/uk/LC_MESSAGES/parted.mo
installing vi.gmo as /usr/share/locale/vi/LC_MESSAGES/parted.mo
installing zh_CN.gmo as /usr/share/locale/zh_CN/LC_MESSAGES/parted.mo
installing zh_TW.gmo as /usr/share/locale/zh_TW/LC_MESSAGES/parted.mo
if test "parted" = "gettext-tools"; then \
  /bin/mkdir -p /usr/share/gettext/po; \
  for file in Makefile.in.in remove-potcdate.sin quot.sed boldquot.sed en@quot.header en@boldquot.header insert-header.sin Rules-quot   Makevars.template; do \
    /usr/bin/install -c -m 644 ./$file \
		    /usr/share/gettext/po/$file; \
  done; \
  for file in Makevars; do \
    rm -f /usr/share/gettext/po/$file; \
  done; \
else \
  : ; \
fi
make[2]: Leaving directory '/sources/7.9/parted-3.2/po'
Making install in lib
make[2]: Entering directory '/sources/7.9/parted-3.2/lib'
make  install-am
make[3]: Entering directory '/sources/7.9/parted-3.2/lib'
make[4]: Entering directory '/sources/7.9/parted-3.2/lib'
if test yes = no; then \
  case 'linux-gnu' in \
    darwin[56]*) \
      need_charset_alias=true ;; \
    darwin* | cygwin* | mingw* | pw32* | cegcc*) \
      need_charset_alias=false ;; \
    *) \
      need_charset_alias=true ;; \
  esac ; \
else \
  need_charset_alias=false ; \
fi ; \
if $need_charset_alias; then \
  /bin/sh /sources/7.9/parted-3.2/build-aux/install-sh -d /usr/lib ; \
fi ; \
if test -f /usr/lib/charset.alias; then \
  sed -f ref-add.sed /usr/lib/charset.alias > /usr/lib/charset.tmp ; \
  /usr/bin/install -c -m 644 /usr/lib/charset.tmp /usr/lib/charset.alias ; \
  rm -f /usr/lib/charset.tmp ; \
else \
  if $need_charset_alias; then \
    sed -f ref-add.sed charset.alias > /usr/lib/charset.tmp ; \
    /usr/bin/install -c -m 644 /usr/lib/charset.tmp /usr/lib/charset.alias ; \
    rm -f /usr/lib/charset.tmp ; \
  fi ; \
fi
make[4]: Nothing to be done for 'install-data-am'.
make[4]: Leaving directory '/sources/7.9/parted-3.2/lib'
make[3]: Leaving directory '/sources/7.9/parted-3.2/lib'
make[2]: Leaving directory '/sources/7.9/parted-3.2/lib'
Making install in include
make[2]: Entering directory '/sources/7.9/parted-3.2/include'
Making install in parted
make[3]: Entering directory '/sources/7.9/parted-3.2/include/parted'
make  install-am
make[4]: Entering directory '/sources/7.9/parted-3.2/include/parted'
make[5]: Entering directory '/sources/7.9/parted-3.2/include/parted'
make[5]: Nothing to be done for 'install-exec-am'.
 /bin/mkdir -p '/usr/include/parted'
 /usr/bin/install -c -m 644 constraint.h debug.h device.h disk.h exception.h filesys.h geom.h natmath.h timer.h unit.h parted.h '/usr/include/parted'
make[5]: Leaving directory '/sources/7.9/parted-3.2/include/parted'
make[4]: Leaving directory '/sources/7.9/parted-3.2/include/parted'
make[3]: Leaving directory '/sources/7.9/parted-3.2/include/parted'
make[3]: Entering directory '/sources/7.9/parted-3.2/include'
make[4]: Entering directory '/sources/7.9/parted-3.2/include'
make[4]: Nothing to be done for 'install-exec-am'.
make[4]: Nothing to be done for 'install-data-am'.
make[4]: Leaving directory '/sources/7.9/parted-3.2/include'
make[3]: Leaving directory '/sources/7.9/parted-3.2/include'
make[2]: Leaving directory '/sources/7.9/parted-3.2/include'
Making install in libparted
make[2]: Entering directory '/sources/7.9/parted-3.2/libparted'
Making install in labels
make[3]: Entering directory '/sources/7.9/parted-3.2/libparted/labels'
make  install-am
make[4]: Entering directory '/sources/7.9/parted-3.2/libparted/labels'
make[5]: Entering directory '/sources/7.9/parted-3.2/libparted/labels'
make[5]: Nothing to be done for 'install-exec-am'.
make[5]: Nothing to be done for 'install-data-am'.
make[5]: Leaving directory '/sources/7.9/parted-3.2/libparted/labels'
make[4]: Leaving directory '/sources/7.9/parted-3.2/libparted/labels'
make[3]: Leaving directory '/sources/7.9/parted-3.2/libparted/labels'
Making install in fs
make[3]: Entering directory '/sources/7.9/parted-3.2/libparted/fs'
make[4]: Entering directory '/sources/7.9/parted-3.2/libparted/fs'
 /bin/mkdir -p '/usr/lib'
 /bin/sh ../../libtool   --mode=install /usr/bin/install -c   libparted-fs-resize.la '/usr/lib'
libtool: install: /usr/bin/install -c .libs/libparted-fs-resize.so.0.0.1 /usr/lib/libparted-fs-resize.so.0.0.1
libtool: install: (cd /usr/lib && { ln -s -f libparted-fs-resize.so.0.0.1 libparted-fs-resize.so.0 || { rm -f libparted-fs-resize.so.0 && ln -s libparted-fs-resize.so.0.0.1 libparted-fs-resize.so.0; }; })
libtool: install: (cd /usr/lib && { ln -s -f libparted-fs-resize.so.0.0.1 libparted-fs-resize.so || { rm -f libparted-fs-resize.so && ln -s libparted-fs-resize.so.0.0.1 libparted-fs-resize.so; }; })
libtool: install: /usr/bin/install -c .libs/libparted-fs-resize.lai /usr/lib/libparted-fs-resize.la
libtool: finish: PATH="/bin:/usr/ucb:/usr/bin:/usr/sbin:/sbin:/usr/etc:/etc:/sbin" ldconfig -n /usr/lib
----------------------------------------------------------------------
Libraries have been installed in:
   /usr/lib

If you ever happen to want to link against installed libraries
in a given directory, LIBDIR, you must either use libtool, and
specify the full pathname of the library, or use the `-LLIBDIR'
flag during linking and do at least one of the following:
   - add LIBDIR to the `LD_LIBRARY_PATH' environment variable
     during execution
   - add LIBDIR to the `LD_RUN_PATH' environment variable
     during linking
   - use the `-Wl,-rpath -Wl,LIBDIR' linker flag
   - have your system administrator add LIBDIR to `/etc/ld.so.conf'

See any operating system documentation about shared libraries for
more information, such as the ld(1) and ld.so(8) manual pages.
----------------------------------------------------------------------
make[4]: Nothing to be done for 'install-data-am'.
make[4]: Leaving directory '/sources/7.9/parted-3.2/libparted/fs'
make[3]: Leaving directory '/sources/7.9/parted-3.2/libparted/fs'
Making install in .
make[3]: Entering directory '/sources/7.9/parted-3.2/libparted'
make[4]: Entering directory '/sources/7.9/parted-3.2/libparted'
 /bin/mkdir -p '/usr/lib'
 /bin/sh ../libtool   --mode=install /usr/bin/install -c   libparted.la '/usr/lib'
libtool: install: /usr/bin/install -c .libs/libparted.so.2.0.1 /usr/lib/libparted.so.2.0.1
libtool: install: (cd /usr/lib && { ln -s -f libparted.so.2.0.1 libparted.so.2 || { rm -f libparted.so.2 && ln -s libparted.so.2.0.1 libparted.so.2; }; })
libtool: install: (cd /usr/lib && { ln -s -f libparted.so.2.0.1 libparted.so || { rm -f libparted.so && ln -s libparted.so.2.0.1 libparted.so; }; })
libtool: install: /usr/bin/install -c .libs/libparted.lai /usr/lib/libparted.la
libtool: finish: PATH="/bin:/usr/ucb:/usr/bin:/usr/sbin:/sbin:/usr/etc:/etc:/sbin" ldconfig -n /usr/lib
----------------------------------------------------------------------
Libraries have been installed in:
   /usr/lib

If you ever happen to want to link against installed libraries
in a given directory, LIBDIR, you must either use libtool, and
specify the full pathname of the library, or use the `-LLIBDIR'
flag during linking and do at least one of the following:
   - add LIBDIR to the `LD_LIBRARY_PATH' environment variable
     during execution
   - add LIBDIR to the `LD_RUN_PATH' environment variable
     during linking
   - use the `-Wl,-rpath -Wl,LIBDIR' linker flag
   - have your system administrator add LIBDIR to `/etc/ld.so.conf'

See any operating system documentation about shared libraries for
more information, such as the ld(1) and ld.so(8) manual pages.
----------------------------------------------------------------------
make[4]: Nothing to be done for 'install-data-am'.
make[4]: Leaving directory '/sources/7.9/parted-3.2/libparted'
make[3]: Leaving directory '/sources/7.9/parted-3.2/libparted'
make[2]: Leaving directory '/sources/7.9/parted-3.2/libparted'
Making install in parted
make[2]: Entering directory '/sources/7.9/parted-3.2/parted'
make  install-am
make[3]: Entering directory '/sources/7.9/parted-3.2/parted'
make[4]: Entering directory '/sources/7.9/parted-3.2/parted'
 /bin/mkdir -p '/usr/sbin'
  /bin/sh ../libtool   --mode=install /usr/bin/install -c parted '/usr/sbin'
libtool: install: /usr/bin/install -c .libs/parted /usr/sbin/parted
make[4]: Nothing to be done for 'install-data-am'.
make[4]: Leaving directory '/sources/7.9/parted-3.2/parted'
make[3]: Leaving directory '/sources/7.9/parted-3.2/parted'
make[2]: Leaving directory '/sources/7.9/parted-3.2/parted'
Making install in partprobe
make[2]: Entering directory '/sources/7.9/parted-3.2/partprobe'
make[3]: Entering directory '/sources/7.9/parted-3.2/partprobe'
 /bin/mkdir -p '/usr/sbin'
  /bin/sh ../libtool   --mode=install /usr/bin/install -c partprobe '/usr/sbin'
libtool: install: /usr/bin/install -c .libs/partprobe /usr/sbin/partprobe
make[3]: Nothing to be done for 'install-data-am'.
make[3]: Leaving directory '/sources/7.9/parted-3.2/partprobe'
make[2]: Leaving directory '/sources/7.9/parted-3.2/partprobe'
Making install in doc
make[2]: Entering directory '/sources/7.9/parted-3.2/doc'
Making install in C
make[3]: Entering directory '/sources/7.9/parted-3.2/doc/C'
make[4]: Entering directory '/sources/7.9/parted-3.2/doc/C'
make[4]: Nothing to be done for 'install-exec-am'.
 /bin/mkdir -p '/usr/share/man/man8'
 /usr/bin/install -c -m 644 parted.8 partprobe.8 '/usr/share/man/man8'
make[4]: Leaving directory '/sources/7.9/parted-3.2/doc/C'
make[3]: Leaving directory '/sources/7.9/parted-3.2/doc/C'
Making install in pt_BR
make[3]: Entering directory '/sources/7.9/parted-3.2/doc/pt_BR'
  GEN      all-local
make[4]: Entering directory '/sources/7.9/parted-3.2/doc/pt_BR'
make[4]: Nothing to be done for 'install-exec-am'.
make[4]: Nothing to be done for 'install-data-am'.
make[4]: Leaving directory '/sources/7.9/parted-3.2/doc/pt_BR'
make[3]: Leaving directory '/sources/7.9/parted-3.2/doc/pt_BR'
make[3]: Entering directory '/sources/7.9/parted-3.2/doc'
make[4]: Entering directory '/sources/7.9/parted-3.2/doc'
make[4]: Nothing to be done for 'install-exec-am'.
 /bin/mkdir -p '/usr/share/info'
 /usr/bin/install -c -m 644 ./parted.info '/usr/share/info'
 install-info --info-dir='/usr/share/info' '/usr/share/info/parted.info'
make[4]: Leaving directory '/sources/7.9/parted-3.2/doc'
make[3]: Leaving directory '/sources/7.9/parted-3.2/doc'
make[2]: Leaving directory '/sources/7.9/parted-3.2/doc'
Making install in debug
make[2]: Entering directory '/sources/7.9/parted-3.2/debug'
Making install in test
make[3]: Entering directory '/sources/7.9/parted-3.2/debug/test'
make[4]: Entering directory '/sources/7.9/parted-3.2/debug/test'
make[4]: Nothing to be done for 'install-exec-am'.
make[4]: Nothing to be done for 'install-data-am'.
make[4]: Leaving directory '/sources/7.9/parted-3.2/debug/test'
make[3]: Leaving directory '/sources/7.9/parted-3.2/debug/test'
make[3]: Entering directory '/sources/7.9/parted-3.2/debug'
make[4]: Entering directory '/sources/7.9/parted-3.2/debug'
make[4]: Nothing to be done for 'install-exec-am'.
make[4]: Nothing to be done for 'install-data-am'.
make[4]: Leaving directory '/sources/7.9/parted-3.2/debug'
make[3]: Leaving directory '/sources/7.9/parted-3.2/debug'
make[2]: Leaving directory '/sources/7.9/parted-3.2/debug'
Making install in tests
make[2]: Entering directory '/sources/7.9/parted-3.2/tests'
make[3]: Entering directory '/sources/7.9/parted-3.2/tests'
make[3]: Nothing to be done for 'install-exec-am'.
make[3]: Nothing to be done for 'install-data-am'.
make[3]: Leaving directory '/sources/7.9/parted-3.2/tests'
make[2]: Leaving directory '/sources/7.9/parted-3.2/tests'
make[2]: Entering directory '/sources/7.9/parted-3.2'
make[3]: Entering directory '/sources/7.9/parted-3.2'
make[3]: Nothing to be done for 'install-exec-am'.
 /bin/mkdir -p '/usr/lib/pkgconfig'
 /usr/bin/install -c -m 644 libparted.pc '/usr/lib/pkgconfig'
make[3]: Leaving directory '/sources/7.9/parted-3.2'
make[2]: Leaving directory '/sources/7.9/parted-3.2'
make[1]: Leaving directory '/sources/7.9/parted-3.2'
install: creating directory '/usr/share/doc/parted-3.2'
install: creating directory '/usr/share/doc/parted-3.2/html'
'doc/html/align_002dcheck.html' -> '/usr/share/doc/parted-3.2/html/align_002dcheck.html'
'doc/html/Command-explanations.html' -> '/usr/share/doc/parted-3.2/html/Command-explanations.html'
'doc/html/Compiling.html' -> '/usr/share/doc/parted-3.2/html/Compiling.html'
'doc/html/Concept-index.html' -> '/usr/share/doc/parted-3.2/html/Concept-index.html'
'doc/html/Copying-This-Manual.html' -> '/usr/share/doc/parted-3.2/html/Copying-This-Manual.html'
'doc/html/disk_005fset.html' -> '/usr/share/doc/parted-3.2/html/disk_005fset.html'
'doc/html/GNU-Free-Documentation-License.html' -> '/usr/share/doc/parted-3.2/html/GNU-Free-Documentation-License.html'
'doc/html/help.html' -> '/usr/share/doc/parted-3.2/html/help.html'
'doc/html/History.html' -> '/usr/share/doc/parted-3.2/html/History.html'
'doc/html/IEC-binary-units.html' -> '/usr/share/doc/parted-3.2/html/IEC-binary-units.html'
'doc/html/index.html' -> '/usr/share/doc/parted-3.2/html/index.html'
'doc/html/Introduction.html' -> '/usr/share/doc/parted-3.2/html/Introduction.html'
'doc/html/Invoking-Parted.html' -> '/usr/share/doc/parted-3.2/html/Invoking-Parted.html'
'doc/html/License.html' -> '/usr/share/doc/parted-3.2/html/License.html'
'doc/html/mklabel.html' -> '/usr/share/doc/parted-3.2/html/mklabel.html'
'doc/html/mkpart.html' -> '/usr/share/doc/parted-3.2/html/mkpart.html'
'doc/html/name.html' -> '/usr/share/doc/parted-3.2/html/name.html'
'doc/html/Overview.html' -> '/usr/share/doc/parted-3.2/html/Overview.html'
'doc/html/Partitioning.html' -> '/usr/share/doc/parted-3.2/html/Partitioning.html'
'doc/html/print.html' -> '/usr/share/doc/parted-3.2/html/print.html'
'doc/html/quit.html' -> '/usr/share/doc/parted-3.2/html/quit.html'
'doc/html/Related-information.html' -> '/usr/share/doc/parted-3.2/html/Related-information.html'
'doc/html/rescue.html' -> '/usr/share/doc/parted-3.2/html/rescue.html'
'doc/html/resizepart.html' -> '/usr/share/doc/parted-3.2/html/resizepart.html'
'doc/html/rm.html' -> '/usr/share/doc/parted-3.2/html/rm.html'
'doc/html/Running-Parted.html' -> '/usr/share/doc/parted-3.2/html/Running-Parted.html'
'doc/html/select.html' -> '/usr/share/doc/parted-3.2/html/select.html'
'doc/html/set.html' -> '/usr/share/doc/parted-3.2/html/set.html'
'doc/html/Software-Required.html' -> '/usr/share/doc/parted-3.2/html/Software-Required.html'
'doc/html/Supported-Platforms.html' -> '/usr/share/doc/parted-3.2/html/Supported-Platforms.html'
'doc/html/unit.html' -> '/usr/share/doc/parted-3.2/html/unit.html'
'doc/html/Using-Parted.html' -> '/usr/share/doc/parted-3.2/html/Using-Parted.html'
'doc/FAT' -> '/usr/share/doc/parted-3.2/FAT'
'doc/API' -> '/usr/share/doc/parted-3.2/API'
'doc/parted.txt' -> '/usr/share/doc/parted-3.2/parted.txt'
'doc/parted.html' -> '/usr/share/doc/parted-3.2/parted.html'
