checking for a BSD-compatible install... /usr/bin/install -c
checking whether build environment is sane... yes
checking for a thread-safe mkdir -p... /bin/mkdir -p
checking for gawk... gawk
checking whether make sets $(MAKE)... yes
checking whether make supports nested variables... yes
checking whether to enable maintainer-specific portions of Makefiles... yes
checking whether make supports nested variables... (cached) yes
checking build system type... x86_64-unknown-linux-gnu
checking host system type... x86_64-unknown-linux-gnu
checking how to print strings... printf
checking for style of include used by make... GNU
checking for gcc... gcc
checking whether the C compiler works... yes
checking for C compiler default output file name... a.out
checking for suffix of executables... 
checking whether we are cross compiling... no
checking for suffix of object files... o
checking whether we are using the GNU C compiler... yes
checking whether gcc accepts -g... yes
checking for gcc option to accept ISO C89... none needed
checking whether gcc understands -c and -o together... yes
checking dependency style of gcc... gcc3
checking for a sed that does not truncate output... /bin/sed
checking for grep that handles long lines and -e... /bin/grep
checking for egrep... /bin/grep -E
checking for fgrep... /bin/grep -F
checking for ld used by gcc... /usr/bin/ld
checking if the linker (/usr/bin/ld) is GNU ld... yes
checking for BSD- or MS-compatible name lister (nm)... /usr/bin/nm -B
checking the name lister (/usr/bin/nm -B) interface... BSD nm
checking whether ln -s works... yes
checking the maximum length of command line arguments... 1572864
checking whether the shell understands some XSI constructs... yes
checking whether the shell understands "+="... yes
checking how to convert x86_64-unknown-linux-gnu file names to x86_64-unknown-linux-gnu format... func_convert_file_noop
checking how to convert x86_64-unknown-linux-gnu file names to toolchain format... func_convert_file_noop
checking for /usr/bin/ld option to reload object files... -r
checking for objdump... objdump
checking how to recognize dependent libraries... pass_all
checking for dlltool... no
checking how to associate runtime and link libraries... printf %s\n
checking for ar... ar
checking for archiver @FILE support... @
checking for strip... strip
checking for ranlib... ranlib
checking command to parse /usr/bin/nm -B output from gcc object... ok
checking for sysroot... no
checking for mt... no
checking if : is a manifest tool... no
checking how to run the C preprocessor... gcc -E
checking for ANSI C header files... yes
checking for sys/types.h... yes
checking for sys/stat.h... yes
checking for stdlib.h... yes
checking for string.h... yes
checking for memory.h... yes
checking for strings.h... yes
checking for inttypes.h... yes
checking for stdint.h... yes
checking for unistd.h... yes
checking for dlfcn.h... yes
checking for objdir... .libs
checking if gcc supports -fno-rtti -fno-exceptions... no
checking for gcc option to produce PIC... -fPIC -DPIC
checking if gcc PIC flag -fPIC -DPIC works... yes
checking if gcc static flag -static works... yes
checking if gcc supports -c -o file.o... yes
checking if gcc supports -c -o file.o... (cached) yes
checking whether the gcc linker (/usr/bin/ld -m elf_x86_64) supports shared libraries... yes
checking whether -lc should be explicitly linked in... no
checking dynamic linker characteristics... GNU/Linux ld.so
checking how to hardcode library paths into programs... immediate
checking whether stripping libraries is possible... yes
checking if libtool supports shared libraries... yes
checking whether to build shared libraries... yes
checking whether to build static libraries... no
checking for gcc... (cached) gcc
checking whether we are using the GNU C compiler... (cached) yes
checking whether gcc accepts -g... (cached) yes
checking for gcc option to accept ISO C89... (cached) none needed
checking whether gcc understands -c and -o together... (cached) yes
checking dependency style of gcc... (cached) gcc3
checking how to run the C preprocessor... gcc -E
checking whether NLS is requested... yes
checking for intltool >= 0.35.0... 0.51.0 found
checking for intltool-update... /usr/bin/intltool-update
checking for intltool-merge... /usr/bin/intltool-merge
checking for intltool-extract... /usr/bin/intltool-extract
checking for xgettext... /usr/bin/xgettext
checking for msgmerge... /usr/bin/msgmerge
checking for msgfmt... /usr/bin/msgfmt
checking for gmsgfmt... /usr/bin/msgfmt
checking for perl... /usr/bin/perl
checking for perl >= 5.8.1... 5.22.1
checking for XML::Parser... ok
checking locale.h usability... yes
checking locale.h presence... yes
checking for locale.h... yes
checking for LC_MESSAGES... yes
checking libintl.h usability... yes
checking libintl.h presence... yes
checking for libintl.h... yes
checking for ngettext in libc... yes
checking for dgettext in libc... yes
checking for bind_textdomain_codeset... yes
checking for msgfmt... (cached) /usr/bin/msgfmt
checking for dcgettext... yes
checking if msgfmt accepts -c... yes
checking for gmsgfmt... (cached) /usr/bin/msgfmt
checking for xgettext... (cached) /usr/bin/xgettext
checking for pkg-config... /usr/bin/pkg-config
checking pkg-config is at least version 0.16... yes
checking for GLIB - version >= 2.46.0... yes (version 2.46.2)
checking for gio-querymodules... /usr/bin/gio-querymodules
checking for LIBPROXY... no
checking for GSETTINGS_DESKTOP_SCHEMAS... yes
checking for GNUTLS... yes
checking location of system Certificate Authority list... /etc/ssl/ca-bundle.crt
checking for PKCS11... yes
checking that generated files are newer than configure... done
configure: creating ./config.status
config.status: creating Makefile
config.status: creating po/Makefile.in
config.status: creating po/Makefile
config.status: creating proxy/libproxy/Makefile
config.status: creating proxy/gnome/Makefile
config.status: creating proxy/tests/Makefile
config.status: creating tls/gnutls/Makefile
config.status: creating tls/pkcs11/Makefile
config.status: creating tls/tests/Makefile
config.status: creating config.h
config.status: executing depfiles commands
config.status: executing libtool commands
config.status: executing default-1 commands
config.status: executing po/stamp-it commands

  Proxy support:     gnome 
  TLS support:       gnutls gnutls-pkcs11 
  PKCS#11 Support:   p11-kit
  TLS CA file:       /etc/ssl/ca-bundle.crt
make  all-recursive
make[1]: Entering directory '/sources/7.9/glib-networking-2.46.1'
Making all in po
make[2]: Entering directory '/sources/7.9/glib-networking-2.46.1/po'
  MSGFMT an.gmo
  MSGFMT ar.gmo
  MSGFMT as.gmo
  MSGFMT be.gmo
  MSGFMT bg.gmo
  MSGFMT bn_IN.gmo
  MSGFMT bs.gmo
  MSGFMT ca.gmo
  MSGFMT ca@valencia.gmo
  MSGFMT cs.gmo
  MSGFMT da.gmo
  MSGFMT de.gmo
  MSGFMT el.gmo
  MSGFMT en_CA.gmo
  MSGFMT en_GB.gmo
  MSGFMT eo.gmo
  MSGFMT es.gmo
  MSGFMT et.gmo
  MSGFMT eu.gmo
  MSGFMT fa.gmo
  MSGFMT fi.gmo
  MSGFMT fr.gmo
  MSGFMT fur.gmo
  MSGFMT gl.gmo
  MSGFMT gu.gmo
  MSGFMT he.gmo
  MSGFMT hi.gmo
  MSGFMT hu.gmo
  MSGFMT id.gmo
  MSGFMT it.gmo
  MSGFMT ja.gmo
  MSGFMT kk.gmo
  MSGFMT km.gmo
  MSGFMT kn.gmo
  MSGFMT ko.gmo
  MSGFMT lv.gmo
  MSGFMT lt.gmo
  MSGFMT ml.gmo
  MSGFMT mr.gmo
  MSGFMT nb.gmo
  MSGFMT nl.gmo
  MSGFMT oc.gmo
  MSGFMT or.gmo
  MSGFMT pa.gmo
  MSGFMT pl.gmo
  MSGFMT pt.gmo
  MSGFMT pt_BR.gmo
  MSGFMT ro.gmo
  MSGFMT ru.gmo
  MSGFMT sk.gmo
  MSGFMT sl.gmo
  MSGFMT sr.gmo
  MSGFMT sr@latin.gmo
  MSGFMT sv.gmo
  MSGFMT ta.gmo
  MSGFMT te.gmo
  MSGFMT tg.gmo
  MSGFMT th.gmo
  MSGFMT tr.gmo
  MSGFMT ug.gmo
  MSGFMT uk.gmo
  MSGFMT vi.gmo
  MSGFMT zh_CN.gmo
  MSGFMT zh_HK.gmo
  MSGFMT zh_TW.gmo
make[2]: Leaving directory '/sources/7.9/glib-networking-2.46.1/po'
Making all in proxy/gnome
make[2]: Entering directory '/sources/7.9/glib-networking-2.46.1/proxy/gnome'
make  all-am
make[3]: Entering directory '/sources/7.9/glib-networking-2.46.1/proxy/gnome'
  CC       gproxyresolvergnome.lo
  CC       gnome-proxy-module.lo
  CCLD     libgiognomeproxy.la
make[3]: Leaving directory '/sources/7.9/glib-networking-2.46.1/proxy/gnome'
make[2]: Leaving directory '/sources/7.9/glib-networking-2.46.1/proxy/gnome'
Making all in proxy/tests
make[2]: Entering directory '/sources/7.9/glib-networking-2.46.1/proxy/tests'
make  all-am
make[3]: Entering directory '/sources/7.9/glib-networking-2.46.1/proxy/tests'
make[3]: Nothing to be done for 'all-am'.
make[3]: Leaving directory '/sources/7.9/glib-networking-2.46.1/proxy/tests'
make[2]: Leaving directory '/sources/7.9/glib-networking-2.46.1/proxy/tests'
Making all in tls/pkcs11
make[2]: Entering directory '/sources/7.9/glib-networking-2.46.1/tls/pkcs11'
make  all-am
make[3]: Entering directory '/sources/7.9/glib-networking-2.46.1/tls/pkcs11'
  CC       gpkcs11array.lo
  CC       gpkcs11pin.lo
  CC       gpkcs11slot.lo
  CC       gpkcs11util.lo
  CCLD     libgiopkcs11.la
make[3]: Leaving directory '/sources/7.9/glib-networking-2.46.1/tls/pkcs11'
make[2]: Leaving directory '/sources/7.9/glib-networking-2.46.1/tls/pkcs11'
Making all in tls/gnutls
make[2]: Entering directory '/sources/7.9/glib-networking-2.46.1/tls/gnutls'
make  all-am
make[3]: Entering directory '/sources/7.9/glib-networking-2.46.1/tls/gnutls'
  CC       gnutls-module.lo
  CC       gtlsbackend-gnutls.lo
  CC       gtlscertificate-gnutls.lo
  CC       gtlsclientconnection-gnutls.lo
  CC       gtlsconnection-gnutls.lo
  CC       gtlsdatabase-gnutls.lo
  CC       gtlsfiledatabase-gnutls.lo
  CC       gtlsinputstream-gnutls.lo
  CC       gtlsoutputstream-gnutls.lo
  CC       gtlsserverconnection-gnutls.lo
  CC       gtlsbackend-gnutls-pkcs11.lo
  CC       gtlscertificate-gnutls-pkcs11.lo
  CC       gtlsdatabase-gnutls-pkcs11.lo
  CCLD     libgiognutls.la
make[3]: Leaving directory '/sources/7.9/glib-networking-2.46.1/tls/gnutls'
make[2]: Leaving directory '/sources/7.9/glib-networking-2.46.1/tls/gnutls'
Making all in tls/tests
make[2]: Entering directory '/sources/7.9/glib-networking-2.46.1/tls/tests'
make  all-am
make[3]: Entering directory '/sources/7.9/glib-networking-2.46.1/tls/tests'
make[3]: Nothing to be done for 'all-am'.
make[3]: Leaving directory '/sources/7.9/glib-networking-2.46.1/tls/tests'
make[2]: Leaving directory '/sources/7.9/glib-networking-2.46.1/tls/tests'
make[2]: Entering directory '/sources/7.9/glib-networking-2.46.1'
make[2]: Leaving directory '/sources/7.9/glib-networking-2.46.1'
make[1]: Leaving directory '/sources/7.9/glib-networking-2.46.1'
make  check-recursive
make[1]: Entering directory '/sources/7.9/glib-networking-2.46.1'
Making check in po
make[2]: Entering directory '/sources/7.9/glib-networking-2.46.1/po'
INTLTOOL_EXTRACT="/usr/bin/intltool-extract" XGETTEXT="/usr/bin/xgettext" srcdir=. /usr/bin/intltool-update --gettext-package glib-networking --pot
rm -f missing notexist
srcdir=. /usr/bin/intltool-update -m
if [ -r missing -o -r notexist ]; then \
  exit 1; \
fi
make[2]: Leaving directory '/sources/7.9/glib-networking-2.46.1/po'
Making check in proxy/gnome
make[2]: Entering directory '/sources/7.9/glib-networking-2.46.1/proxy/gnome'
make  check-am
make[3]: Entering directory '/sources/7.9/glib-networking-2.46.1/proxy/gnome'
make      \
                   
make[4]: Entering directory '/sources/7.9/glib-networking-2.46.1/proxy/gnome'
make  all-am
make[5]: Entering directory '/sources/7.9/glib-networking-2.46.1/proxy/gnome'
make[5]: Nothing to be done for 'all-am'.
make[5]: Leaving directory '/sources/7.9/glib-networking-2.46.1/proxy/gnome'
make[4]: Leaving directory '/sources/7.9/glib-networking-2.46.1/proxy/gnome'
make  check-TESTS
make[4]: Entering directory '/sources/7.9/glib-networking-2.46.1/proxy/gnome'
make[5]: Entering directory '/sources/7.9/glib-networking-2.46.1/proxy/gnome'
make[6]: Entering directory '/sources/7.9/glib-networking-2.46.1/proxy/gnome'
make  all-am
make[7]: Entering directory '/sources/7.9/glib-networking-2.46.1/proxy/gnome'
make[7]: Nothing to be done for 'all-am'.
make[7]: Leaving directory '/sources/7.9/glib-networking-2.46.1/proxy/gnome'
make[6]: Leaving directory '/sources/7.9/glib-networking-2.46.1/proxy/gnome'
============================================================================
Testsuite summary for glib-networking 2.46.1
============================================================================
# TOTAL: 0
# PASS:  0
# SKIP:  0
# XFAIL: 0
# FAIL:  0
# XPASS: 0
# ERROR: 0
============================================================================
make[5]: Leaving directory '/sources/7.9/glib-networking-2.46.1/proxy/gnome'
make[4]: Leaving directory '/sources/7.9/glib-networking-2.46.1/proxy/gnome'
make[3]: Leaving directory '/sources/7.9/glib-networking-2.46.1/proxy/gnome'
make[2]: Leaving directory '/sources/7.9/glib-networking-2.46.1/proxy/gnome'
Making check in proxy/tests
make[2]: Entering directory '/sources/7.9/glib-networking-2.46.1/proxy/tests'
make  check-am
make[3]: Entering directory '/sources/7.9/glib-networking-2.46.1/proxy/tests'
make     gnome  \
                   
make[4]: Entering directory '/sources/7.9/glib-networking-2.46.1/proxy/tests'
  CC       gnome.o
  CCLD     gnome
make[4]: Leaving directory '/sources/7.9/glib-networking-2.46.1/proxy/tests'
make  check-TESTS
make[4]: Entering directory '/sources/7.9/glib-networking-2.46.1/proxy/tests'
make[5]: Entering directory '/sources/7.9/glib-networking-2.46.1/proxy/tests'
PASS: gnome 1 /proxy/gnome/uri
PASS: gnome 2 /proxy/gnome/socks
PASS: gnome 3 /proxy/gnome/ignore
make[6]: Entering directory '/sources/7.9/glib-networking-2.46.1/proxy/tests'
make  all-am
make[7]: Entering directory '/sources/7.9/glib-networking-2.46.1/proxy/tests'
make[7]: Nothing to be done for 'all-am'.
make[7]: Leaving directory '/sources/7.9/glib-networking-2.46.1/proxy/tests'
make[6]: Leaving directory '/sources/7.9/glib-networking-2.46.1/proxy/tests'
============================================================================
Testsuite summary for glib-networking 2.46.1
============================================================================
# TOTAL: 3
# PASS:  3
# SKIP:  0
# XFAIL: 0
# FAIL:  0
# XPASS: 0
# ERROR: 0
============================================================================
make[5]: Leaving directory '/sources/7.9/glib-networking-2.46.1/proxy/tests'
make[4]: Leaving directory '/sources/7.9/glib-networking-2.46.1/proxy/tests'
make[3]: Leaving directory '/sources/7.9/glib-networking-2.46.1/proxy/tests'
make[2]: Leaving directory '/sources/7.9/glib-networking-2.46.1/proxy/tests'
Making check in tls/pkcs11
make[2]: Entering directory '/sources/7.9/glib-networking-2.46.1/tls/pkcs11'
make  check-am
make[3]: Entering directory '/sources/7.9/glib-networking-2.46.1/tls/pkcs11'
make      \
                   
make[4]: Entering directory '/sources/7.9/glib-networking-2.46.1/tls/pkcs11'
make  all-am
make[5]: Entering directory '/sources/7.9/glib-networking-2.46.1/tls/pkcs11'
make[5]: Nothing to be done for 'all-am'.
make[5]: Leaving directory '/sources/7.9/glib-networking-2.46.1/tls/pkcs11'
make[4]: Leaving directory '/sources/7.9/glib-networking-2.46.1/tls/pkcs11'
make  check-TESTS
make[4]: Entering directory '/sources/7.9/glib-networking-2.46.1/tls/pkcs11'
make[5]: Entering directory '/sources/7.9/glib-networking-2.46.1/tls/pkcs11'
make[6]: Entering directory '/sources/7.9/glib-networking-2.46.1/tls/pkcs11'
make  all-am
make[7]: Entering directory '/sources/7.9/glib-networking-2.46.1/tls/pkcs11'
make[7]: Nothing to be done for 'all-am'.
make[7]: Leaving directory '/sources/7.9/glib-networking-2.46.1/tls/pkcs11'
make[6]: Leaving directory '/sources/7.9/glib-networking-2.46.1/tls/pkcs11'
============================================================================
Testsuite summary for glib-networking 2.46.1
============================================================================
# TOTAL: 0
# PASS:  0
# SKIP:  0
# XFAIL: 0
# FAIL:  0
# XPASS: 0
# ERROR: 0
============================================================================
make[5]: Leaving directory '/sources/7.9/glib-networking-2.46.1/tls/pkcs11'
make[4]: Leaving directory '/sources/7.9/glib-networking-2.46.1/tls/pkcs11'
make[3]: Leaving directory '/sources/7.9/glib-networking-2.46.1/tls/pkcs11'
make[2]: Leaving directory '/sources/7.9/glib-networking-2.46.1/tls/pkcs11'
Making check in tls/gnutls
make[2]: Entering directory '/sources/7.9/glib-networking-2.46.1/tls/gnutls'
make  check-am
make[3]: Entering directory '/sources/7.9/glib-networking-2.46.1/tls/gnutls'
make      \
                   
make[4]: Entering directory '/sources/7.9/glib-networking-2.46.1/tls/gnutls'
make  all-am
make[5]: Entering directory '/sources/7.9/glib-networking-2.46.1/tls/gnutls'
make[5]: Nothing to be done for 'all-am'.
make[5]: Leaving directory '/sources/7.9/glib-networking-2.46.1/tls/gnutls'
make[4]: Leaving directory '/sources/7.9/glib-networking-2.46.1/tls/gnutls'
make  check-TESTS
make[4]: Entering directory '/sources/7.9/glib-networking-2.46.1/tls/gnutls'
make[5]: Entering directory '/sources/7.9/glib-networking-2.46.1/tls/gnutls'
make[6]: Entering directory '/sources/7.9/glib-networking-2.46.1/tls/gnutls'
make  all-am
make[7]: Entering directory '/sources/7.9/glib-networking-2.46.1/tls/gnutls'
make[7]: Nothing to be done for 'all-am'.
make[7]: Leaving directory '/sources/7.9/glib-networking-2.46.1/tls/gnutls'
make[6]: Leaving directory '/sources/7.9/glib-networking-2.46.1/tls/gnutls'
============================================================================
Testsuite summary for glib-networking 2.46.1
============================================================================
# TOTAL: 0
# PASS:  0
# SKIP:  0
# XFAIL: 0
# FAIL:  0
# XPASS: 0
# ERROR: 0
============================================================================
make[5]: Leaving directory '/sources/7.9/glib-networking-2.46.1/tls/gnutls'
make[4]: Leaving directory '/sources/7.9/glib-networking-2.46.1/tls/gnutls'
make[3]: Leaving directory '/sources/7.9/glib-networking-2.46.1/tls/gnutls'
make[2]: Leaving directory '/sources/7.9/glib-networking-2.46.1/tls/gnutls'
Making check in tls/tests
make[2]: Entering directory '/sources/7.9/glib-networking-2.46.1/tls/tests'
make  check-am
make[3]: Entering directory '/sources/7.9/glib-networking-2.46.1/tls/tests'
make     certificate file-database connection  pkcs11-util pkcs11-array pkcs11-pin pkcs11-slot \
                   
make[4]: Entering directory '/sources/7.9/glib-networking-2.46.1/tls/tests'
  CC       certificate.o
  CCLD     certificate
  CC       file-database.o
  CCLD     file-database
  CC       connection.o
  CC       mock-interaction.o
  CCLD     connection
  CC       pkcs11-util.o
  CCLD     pkcs11-util
  CC       pkcs11-array.o
  CCLD     pkcs11-array
  CC       pkcs11-pin.o
  CCLD     pkcs11-pin
  CC       pkcs11-slot.o
  CC       mock-pkcs11.o
  CCLD     pkcs11-slot
make[4]: Leaving directory '/sources/7.9/glib-networking-2.46.1/tls/tests'
make  check-TESTS
make[4]: Entering directory '/sources/7.9/glib-networking-2.46.1/tls/tests'
make[5]: Entering directory '/sources/7.9/glib-networking-2.46.1/tls/tests'
PASS: certificate 1 /tls/certificate/create-pem
PASS: certificate 2 /tls/certificate/create-der
PASS: certificate 3 /tls/certificate/create-with-key-pem
PASS: certificate 4 /tls/certificate/create-with-key-der
PASS: certificate 5 /tls/certificate/create-with-issuer
PASS: certificate 6 /tls/certificate/create-chain
PASS: certificate 7 /tls/certificate/create-no-chain
PASS: certificate 8 /tls/certificate/create-list
PASS: certificate 9 /tls/certificate/create-list-bad
PASS: certificate 10 /tls/certificate/verify-good
PASS: certificate 11 /tls/certificate/verify-bad-identity
PASS: certificate 12 /tls/certificate/verify-bad-ca
PASS: certificate 13 /tls/certificate/verify-bad-before
PASS: certificate 14 /tls/certificate/verify-bad-expired
PASS: certificate 15 /tls/certificate/verify-bad-combo
PASS: certificate 16 /tls/certificate/is-same
PASS: file-database 1 /tls/backend/default-database-is-singleton
PASS: file-database 2 /tls/database/verify-good
PASS: file-database 3 /tls/database/verify-bad-identity
PASS: file-database 4 /tls/database/verify-bad-ca
PASS: file-database 5 /tls/database/verify-bad-before
PASS: file-database 6 /tls/database/verify-bad-expired
PASS: file-database 7 /tls/database/verify-bad-combo
PASS: file-database 8 /tls/database/verify-with-incorrect-root-in-chain
PASS: file-database 9 /tls/file-database/anchors-property
PASS: file-database 10 /tls/file-database/lookup-certificates-issued-by
PASS: file-database 11 /tls/file-database/test-handle
PASS: file-database 12 /tls/file-database/test-handle-invalid
PASS: connection 1 /tls/connection/basic
PASS: connection 2 /tls/connection/verified
PASS: connection 3 /tls/connection/verified-chain
PASS: connection 4 /tls/connection/verified-chain-with-redundant-root-cert
PASS: connection 5 /tls/connection/verified-chain-with-duplicate-server-cert
PASS: connection 6 /tls/connection/verified-unordered-chain
PASS: connection 7 /tls/connection/verified-chain-with-alternative-ca-cert
PASS: connection 8 /tls/connection/invalid-chain-with-alternative-ca-cert
PASS: connection 9 /tls/connection/client-auth
PASS: connection 10 /tls/connection/client-auth-rehandshake
PASS: connection 11 /tls/connection/client-auth-failure
PASS: connection 12 /tls/connection/client-auth-request-cert
PASS: connection 13 /tls/connection/client-auth-request-fail
PASS: connection 14 /tls/connection/no-database
PASS: connection 15 /tls/connection/failed
PASS: connection 16 /tls/connection/socket-client
PASS: connection 17 /tls/connection/socket-client-failed
PASS: connection 18 /tls/connection/read-time-out-then-write
PASS: connection 19 /tls/connection/simultaneous-async
PASS: connection 20 /tls/connection/simultaneous-sync
PASS: connection 21 /tls/connection/simultaneous-async-rehandshake
PASS: connection 22 /tls/connection/simultaneous-sync-rehandshake
PASS: connection 23 /tls/connection/close-immediately
PASS: connection 24 /tls/connection/close-during-handshake
PASS: connection 25 /tls/connection/write-during-handshake
PASS: connection 26 /tls/connection/async-implicit-handshake
PASS: connection 27 /tls/connection/fallback/SSL
PASS: connection 28 /tls/connection/fallback/TLS
PASS: pkcs11-util 1 /pkcs11/util/propagate-error
PASS: pkcs11-array 1 /pkcs11/array/add-find
PASS: pkcs11-array 2 /pkcs11/array/set-find
PASS: pkcs11-array 3 /pkcs11/array/value
PASS: pkcs11-array 4 /pkcs11/array/boolean
PASS: pkcs11-array 5 /pkcs11/array/ulong
PASS: pkcs11-array 6 /pkcs11/array/boxed
PASS: pkcs11-pin 1 /pkcs11/pin/attributes
PASS: pkcs11-pin 2 /pkcs11/pin/warnings
PASS: pkcs11-pin 3 /pkcs11/pin/set-get-value
PASS: pkcs11-pin 4 /pkcs11/pin/internal-pin
PASS: pkcs11-slot 1 /pkcs11/slot/properties
PASS: pkcs11-slot 2 /pkcs11/slot/token-info
PASS: pkcs11-slot 3 /pkcs11/slot/token-not-present
PASS: pkcs11-slot 4 /pkcs11/slot/matches-uri
PASS: pkcs11-slot 5 /pkcs11/slot/enumerate-no-match
PASS: pkcs11-slot 6 /pkcs11/slot/enumerate-not-present
PASS: pkcs11-slot 7 /pkcs11/slot/enumerate-all
PASS: pkcs11-slot 8 /pkcs11/slot/enumerate-first
PASS: pkcs11-slot 9 /pkcs11/slot/enumerate-no-attrs
PASS: pkcs11-slot 10 /pkcs11/slot/enumerate-fail-session
PASS: pkcs11-slot 11 /pkcs11/slot/enumerate-fail-attributes
PASS: pkcs11-slot 12 /pkcs11/slot/enumerate-cancel
PASS: pkcs11-slot 13 /pkcs11/slot/enumerate-private
make[6]: Entering directory '/sources/7.9/glib-networking-2.46.1/tls/tests'
make  all-am
make[7]: Entering directory '/sources/7.9/glib-networking-2.46.1/tls/tests'
make[7]: Nothing to be done for 'all-am'.
make[7]: Leaving directory '/sources/7.9/glib-networking-2.46.1/tls/tests'
make[6]: Leaving directory '/sources/7.9/glib-networking-2.46.1/tls/tests'
============================================================================
Testsuite summary for glib-networking 2.46.1
============================================================================
# TOTAL: 80
# PASS:  80
# SKIP:  0
# XFAIL: 0
# FAIL:  0
# XPASS: 0
# ERROR: 0
============================================================================
make[5]: Leaving directory '/sources/7.9/glib-networking-2.46.1/tls/tests'
make[4]: Leaving directory '/sources/7.9/glib-networking-2.46.1/tls/tests'
make[3]: Leaving directory '/sources/7.9/glib-networking-2.46.1/tls/tests'
make[2]: Leaving directory '/sources/7.9/glib-networking-2.46.1/tls/tests'
make[2]: Entering directory '/sources/7.9/glib-networking-2.46.1'
make      \
                   
make[3]: Entering directory '/sources/7.9/glib-networking-2.46.1'
make  all-recursive
make[4]: Entering directory '/sources/7.9/glib-networking-2.46.1'
Making all in po
make[5]: Entering directory '/sources/7.9/glib-networking-2.46.1/po'
make[5]: Nothing to be done for 'all'.
make[5]: Leaving directory '/sources/7.9/glib-networking-2.46.1/po'
Making all in proxy/gnome
make[5]: Entering directory '/sources/7.9/glib-networking-2.46.1/proxy/gnome'
make  all-am
make[6]: Entering directory '/sources/7.9/glib-networking-2.46.1/proxy/gnome'
make[6]: Nothing to be done for 'all-am'.
make[6]: Leaving directory '/sources/7.9/glib-networking-2.46.1/proxy/gnome'
make[5]: Leaving directory '/sources/7.9/glib-networking-2.46.1/proxy/gnome'
Making all in proxy/tests
make[5]: Entering directory '/sources/7.9/glib-networking-2.46.1/proxy/tests'
make  all-am
make[6]: Entering directory '/sources/7.9/glib-networking-2.46.1/proxy/tests'
make[6]: Nothing to be done for 'all-am'.
make[6]: Leaving directory '/sources/7.9/glib-networking-2.46.1/proxy/tests'
make[5]: Leaving directory '/sources/7.9/glib-networking-2.46.1/proxy/tests'
Making all in tls/pkcs11
make[5]: Entering directory '/sources/7.9/glib-networking-2.46.1/tls/pkcs11'
make  all-am
make[6]: Entering directory '/sources/7.9/glib-networking-2.46.1/tls/pkcs11'
make[6]: Nothing to be done for 'all-am'.
make[6]: Leaving directory '/sources/7.9/glib-networking-2.46.1/tls/pkcs11'
make[5]: Leaving directory '/sources/7.9/glib-networking-2.46.1/tls/pkcs11'
Making all in tls/gnutls
make[5]: Entering directory '/sources/7.9/glib-networking-2.46.1/tls/gnutls'
make  all-am
make[6]: Entering directory '/sources/7.9/glib-networking-2.46.1/tls/gnutls'
make[6]: Nothing to be done for 'all-am'.
make[6]: Leaving directory '/sources/7.9/glib-networking-2.46.1/tls/gnutls'
make[5]: Leaving directory '/sources/7.9/glib-networking-2.46.1/tls/gnutls'
Making all in tls/tests
make[5]: Entering directory '/sources/7.9/glib-networking-2.46.1/tls/tests'
make  all-am
make[6]: Entering directory '/sources/7.9/glib-networking-2.46.1/tls/tests'
make[6]: Nothing to be done for 'all-am'.
make[6]: Leaving directory '/sources/7.9/glib-networking-2.46.1/tls/tests'
make[5]: Leaving directory '/sources/7.9/glib-networking-2.46.1/tls/tests'
make[5]: Entering directory '/sources/7.9/glib-networking-2.46.1'
make[5]: Leaving directory '/sources/7.9/glib-networking-2.46.1'
make[4]: Leaving directory '/sources/7.9/glib-networking-2.46.1'
make[3]: Leaving directory '/sources/7.9/glib-networking-2.46.1'
make  check-TESTS
make[3]: Entering directory '/sources/7.9/glib-networking-2.46.1'
make[4]: Entering directory '/sources/7.9/glib-networking-2.46.1'
make[5]: Entering directory '/sources/7.9/glib-networking-2.46.1'
make  all-recursive
make[6]: Entering directory '/sources/7.9/glib-networking-2.46.1'
Making all in po
make[7]: Entering directory '/sources/7.9/glib-networking-2.46.1/po'
make[7]: Nothing to be done for 'all'.
make[7]: Leaving directory '/sources/7.9/glib-networking-2.46.1/po'
Making all in proxy/gnome
make[7]: Entering directory '/sources/7.9/glib-networking-2.46.1/proxy/gnome'
make  all-am
make[8]: Entering directory '/sources/7.9/glib-networking-2.46.1/proxy/gnome'
make[8]: Nothing to be done for 'all-am'.
make[8]: Leaving directory '/sources/7.9/glib-networking-2.46.1/proxy/gnome'
make[7]: Leaving directory '/sources/7.9/glib-networking-2.46.1/proxy/gnome'
Making all in proxy/tests
make[7]: Entering directory '/sources/7.9/glib-networking-2.46.1/proxy/tests'
make  all-am
make[8]: Entering directory '/sources/7.9/glib-networking-2.46.1/proxy/tests'
make[8]: Nothing to be done for 'all-am'.
make[8]: Leaving directory '/sources/7.9/glib-networking-2.46.1/proxy/tests'
make[7]: Leaving directory '/sources/7.9/glib-networking-2.46.1/proxy/tests'
Making all in tls/pkcs11
make[7]: Entering directory '/sources/7.9/glib-networking-2.46.1/tls/pkcs11'
make  all-am
make[8]: Entering directory '/sources/7.9/glib-networking-2.46.1/tls/pkcs11'
make[8]: Nothing to be done for 'all-am'.
make[8]: Leaving directory '/sources/7.9/glib-networking-2.46.1/tls/pkcs11'
make[7]: Leaving directory '/sources/7.9/glib-networking-2.46.1/tls/pkcs11'
Making all in tls/gnutls
make[7]: Entering directory '/sources/7.9/glib-networking-2.46.1/tls/gnutls'
make  all-am
make[8]: Entering directory '/sources/7.9/glib-networking-2.46.1/tls/gnutls'
make[8]: Nothing to be done for 'all-am'.
make[8]: Leaving directory '/sources/7.9/glib-networking-2.46.1/tls/gnutls'
make[7]: Leaving directory '/sources/7.9/glib-networking-2.46.1/tls/gnutls'
Making all in tls/tests
make[7]: Entering directory '/sources/7.9/glib-networking-2.46.1/tls/tests'
make  all-am
make[8]: Entering directory '/sources/7.9/glib-networking-2.46.1/tls/tests'
make[8]: Nothing to be done for 'all-am'.
make[8]: Leaving directory '/sources/7.9/glib-networking-2.46.1/tls/tests'
make[7]: Leaving directory '/sources/7.9/glib-networking-2.46.1/tls/tests'
make[7]: Entering directory '/sources/7.9/glib-networking-2.46.1'
make[7]: Leaving directory '/sources/7.9/glib-networking-2.46.1'
make[6]: Leaving directory '/sources/7.9/glib-networking-2.46.1'
make[5]: Leaving directory '/sources/7.9/glib-networking-2.46.1'
============================================================================
Testsuite summary for glib-networking 2.46.1
============================================================================
# TOTAL: 0
# PASS:  0
# SKIP:  0
# XFAIL: 0
# FAIL:  0
# XPASS: 0
# ERROR: 0
============================================================================
make[4]: Leaving directory '/sources/7.9/glib-networking-2.46.1'
make[3]: Leaving directory '/sources/7.9/glib-networking-2.46.1'
make[2]: Leaving directory '/sources/7.9/glib-networking-2.46.1'
make[1]: Leaving directory '/sources/7.9/glib-networking-2.46.1'
make  install-recursive
make[1]: Entering directory '/sources/7.9/glib-networking-2.46.1'
Making install in po
make[2]: Entering directory '/sources/7.9/glib-networking-2.46.1/po'
linguas="an ar as be bg bn_IN bs ca ca@valencia cs da de el en_CA en_GB eo es et eu fa fi fr fur gl gu he hi hu id it ja kk km kn ko lv lt ml mr nb nl oc or pa pl pt pt_BR ro ru sk sl sr sr@latin sv ta te tg th tr ug uk vi zh_CN zh_HK zh_TW "; \
for lang in $linguas; do \
  dir=/usr/share/locale/$lang/LC_MESSAGES; \
  /bin/sh /sources/7.9/glib-networking-2.46.1/install-sh -d $dir; \
  if test -r $lang.gmo; then \
    /usr/bin/install -c -m 644 $lang.gmo $dir/glib-networking.mo; \
    echo "installing $lang.gmo as $dir/glib-networking.mo"; \
  else \
    /usr/bin/install -c -m 644 ./$lang.gmo $dir/glib-networking.mo; \
    echo "installing ./$lang.gmo as" \
	 "$dir/glib-networking.mo"; \
  fi; \
  if test -r $lang.gmo.m; then \
    /usr/bin/install -c -m 644 $lang.gmo.m $dir/glib-networking.mo.m; \
    echo "installing $lang.gmo.m as $dir/glib-networking.mo.m"; \
  else \
    if test -r ./$lang.gmo.m ; then \
      /usr/bin/install -c -m 644 ./$lang.gmo.m \
	$dir/glib-networking.mo.m; \
      echo "installing ./$lang.gmo.m as" \
	   "$dir/glib-networking.mo.m"; \
    else \
      true; \
    fi; \
  fi; \
done
installing an.gmo as /usr/share/locale/an/LC_MESSAGES/glib-networking.mo
installing ar.gmo as /usr/share/locale/ar/LC_MESSAGES/glib-networking.mo
installing as.gmo as /usr/share/locale/as/LC_MESSAGES/glib-networking.mo
installing be.gmo as /usr/share/locale/be/LC_MESSAGES/glib-networking.mo
installing bg.gmo as /usr/share/locale/bg/LC_MESSAGES/glib-networking.mo
installing bn_IN.gmo as /usr/share/locale/bn_IN/LC_MESSAGES/glib-networking.mo
installing bs.gmo as /usr/share/locale/bs/LC_MESSAGES/glib-networking.mo
installing ca.gmo as /usr/share/locale/ca/LC_MESSAGES/glib-networking.mo
installing ca@valencia.gmo as /usr/share/locale/ca@valencia/LC_MESSAGES/glib-networking.mo
installing cs.gmo as /usr/share/locale/cs/LC_MESSAGES/glib-networking.mo
installing da.gmo as /usr/share/locale/da/LC_MESSAGES/glib-networking.mo
installing de.gmo as /usr/share/locale/de/LC_MESSAGES/glib-networking.mo
installing el.gmo as /usr/share/locale/el/LC_MESSAGES/glib-networking.mo
installing en_CA.gmo as /usr/share/locale/en_CA/LC_MESSAGES/glib-networking.mo
installing en_GB.gmo as /usr/share/locale/en_GB/LC_MESSAGES/glib-networking.mo
installing eo.gmo as /usr/share/locale/eo/LC_MESSAGES/glib-networking.mo
installing es.gmo as /usr/share/locale/es/LC_MESSAGES/glib-networking.mo
installing et.gmo as /usr/share/locale/et/LC_MESSAGES/glib-networking.mo
installing eu.gmo as /usr/share/locale/eu/LC_MESSAGES/glib-networking.mo
installing fa.gmo as /usr/share/locale/fa/LC_MESSAGES/glib-networking.mo
installing fi.gmo as /usr/share/locale/fi/LC_MESSAGES/glib-networking.mo
installing fr.gmo as /usr/share/locale/fr/LC_MESSAGES/glib-networking.mo
installing fur.gmo as /usr/share/locale/fur/LC_MESSAGES/glib-networking.mo
installing gl.gmo as /usr/share/locale/gl/LC_MESSAGES/glib-networking.mo
installing gu.gmo as /usr/share/locale/gu/LC_MESSAGES/glib-networking.mo
installing he.gmo as /usr/share/locale/he/LC_MESSAGES/glib-networking.mo
installing hi.gmo as /usr/share/locale/hi/LC_MESSAGES/glib-networking.mo
installing hu.gmo as /usr/share/locale/hu/LC_MESSAGES/glib-networking.mo
installing id.gmo as /usr/share/locale/id/LC_MESSAGES/glib-networking.mo
installing it.gmo as /usr/share/locale/it/LC_MESSAGES/glib-networking.mo
installing ja.gmo as /usr/share/locale/ja/LC_MESSAGES/glib-networking.mo
installing kk.gmo as /usr/share/locale/kk/LC_MESSAGES/glib-networking.mo
installing km.gmo as /usr/share/locale/km/LC_MESSAGES/glib-networking.mo
installing kn.gmo as /usr/share/locale/kn/LC_MESSAGES/glib-networking.mo
installing ko.gmo as /usr/share/locale/ko/LC_MESSAGES/glib-networking.mo
installing lv.gmo as /usr/share/locale/lv/LC_MESSAGES/glib-networking.mo
installing lt.gmo as /usr/share/locale/lt/LC_MESSAGES/glib-networking.mo
installing ml.gmo as /usr/share/locale/ml/LC_MESSAGES/glib-networking.mo
installing mr.gmo as /usr/share/locale/mr/LC_MESSAGES/glib-networking.mo
installing nb.gmo as /usr/share/locale/nb/LC_MESSAGES/glib-networking.mo
installing nl.gmo as /usr/share/locale/nl/LC_MESSAGES/glib-networking.mo
installing oc.gmo as /usr/share/locale/oc/LC_MESSAGES/glib-networking.mo
installing or.gmo as /usr/share/locale/or/LC_MESSAGES/glib-networking.mo
installing pa.gmo as /usr/share/locale/pa/LC_MESSAGES/glib-networking.mo
installing pl.gmo as /usr/share/locale/pl/LC_MESSAGES/glib-networking.mo
installing pt.gmo as /usr/share/locale/pt/LC_MESSAGES/glib-networking.mo
installing pt_BR.gmo as /usr/share/locale/pt_BR/LC_MESSAGES/glib-networking.mo
installing ro.gmo as /usr/share/locale/ro/LC_MESSAGES/glib-networking.mo
installing ru.gmo as /usr/share/locale/ru/LC_MESSAGES/glib-networking.mo
installing sk.gmo as /usr/share/locale/sk/LC_MESSAGES/glib-networking.mo
installing sl.gmo as /usr/share/locale/sl/LC_MESSAGES/glib-networking.mo
installing sr.gmo as /usr/share/locale/sr/LC_MESSAGES/glib-networking.mo
installing sr@latin.gmo as /usr/share/locale/sr@latin/LC_MESSAGES/glib-networking.mo
installing sv.gmo as /usr/share/locale/sv/LC_MESSAGES/glib-networking.mo
installing ta.gmo as /usr/share/locale/ta/LC_MESSAGES/glib-networking.mo
installing te.gmo as /usr/share/locale/te/LC_MESSAGES/glib-networking.mo
installing tg.gmo as /usr/share/locale/tg/LC_MESSAGES/glib-networking.mo
installing th.gmo as /usr/share/locale/th/LC_MESSAGES/glib-networking.mo
installing tr.gmo as /usr/share/locale/tr/LC_MESSAGES/glib-networking.mo
installing ug.gmo as /usr/share/locale/ug/LC_MESSAGES/glib-networking.mo
installing uk.gmo as /usr/share/locale/uk/LC_MESSAGES/glib-networking.mo
installing vi.gmo as /usr/share/locale/vi/LC_MESSAGES/glib-networking.mo
installing zh_CN.gmo as /usr/share/locale/zh_CN/LC_MESSAGES/glib-networking.mo
installing zh_HK.gmo as /usr/share/locale/zh_HK/LC_MESSAGES/glib-networking.mo
installing zh_TW.gmo as /usr/share/locale/zh_TW/LC_MESSAGES/glib-networking.mo
make[2]: Leaving directory '/sources/7.9/glib-networking-2.46.1/po'
Making install in proxy/gnome
make[2]: Entering directory '/sources/7.9/glib-networking-2.46.1/proxy/gnome'
make  install-am
make[3]: Entering directory '/sources/7.9/glib-networking-2.46.1/proxy/gnome'
make[4]: Entering directory '/sources/7.9/glib-networking-2.46.1/proxy/gnome'
make[4]: Nothing to be done for 'install-exec-am'.
 /bin/mkdir -p '/usr/lib/gio/modules'
 /bin/sh ../../libtool   --mode=install /usr/bin/install -c   libgiognomeproxy.la '/usr/lib/gio/modules'
libtool: install: /usr/bin/install -c .libs/libgiognomeproxy.so /usr/lib/gio/modules/libgiognomeproxy.so
libtool: install: /usr/bin/install -c .libs/libgiognomeproxy.lai /usr/lib/gio/modules/libgiognomeproxy.la
libtool: finish: PATH="/bin:/usr/ucb:/usr/bin:/usr/sbin:/sbin:/usr/etc:/etc:/sbin" ldconfig -n /usr/lib/gio/modules
----------------------------------------------------------------------
Libraries have been installed in:
   /usr/lib/gio/modules

If you ever happen to want to link against installed libraries
in a given directory, LIBDIR, you must either use libtool, and
specify the full pathname of the library, or use the `-LLIBDIR'
flag during linking and do at least one of the following:
   - add LIBDIR to the `LD_LIBRARY_PATH' environment variable
     during execution
   - add LIBDIR to the `LD_RUN_PATH' environment variable
     during linking
   - use the `-Wl,-rpath -Wl,LIBDIR' linker flag
   - have your system administrator add LIBDIR to `/etc/ld.so.conf'

See any operating system documentation about shared libraries for
more information, such as the ld(1) and ld.so(8) manual pages.
----------------------------------------------------------------------
make[4]: Leaving directory '/sources/7.9/glib-networking-2.46.1/proxy/gnome'
make[3]: Leaving directory '/sources/7.9/glib-networking-2.46.1/proxy/gnome'
make[2]: Leaving directory '/sources/7.9/glib-networking-2.46.1/proxy/gnome'
Making install in proxy/tests
make[2]: Entering directory '/sources/7.9/glib-networking-2.46.1/proxy/tests'
make  install-am
make[3]: Entering directory '/sources/7.9/glib-networking-2.46.1/proxy/tests'
make[4]: Entering directory '/sources/7.9/glib-networking-2.46.1/proxy/tests'
make[4]: Nothing to be done for 'install-exec-am'.
make[4]: Leaving directory '/sources/7.9/glib-networking-2.46.1/proxy/tests'
make[3]: Leaving directory '/sources/7.9/glib-networking-2.46.1/proxy/tests'
make[2]: Leaving directory '/sources/7.9/glib-networking-2.46.1/proxy/tests'
Making install in tls/pkcs11
make[2]: Entering directory '/sources/7.9/glib-networking-2.46.1/tls/pkcs11'
make  install-am
make[3]: Entering directory '/sources/7.9/glib-networking-2.46.1/tls/pkcs11'
make[4]: Entering directory '/sources/7.9/glib-networking-2.46.1/tls/pkcs11'
make[4]: Nothing to be done for 'install-exec-am'.
make[4]: Leaving directory '/sources/7.9/glib-networking-2.46.1/tls/pkcs11'
make[3]: Leaving directory '/sources/7.9/glib-networking-2.46.1/tls/pkcs11'
make[2]: Leaving directory '/sources/7.9/glib-networking-2.46.1/tls/pkcs11'
Making install in tls/gnutls
make[2]: Entering directory '/sources/7.9/glib-networking-2.46.1/tls/gnutls'
make  install-am
make[3]: Entering directory '/sources/7.9/glib-networking-2.46.1/tls/gnutls'
make[4]: Entering directory '/sources/7.9/glib-networking-2.46.1/tls/gnutls'
make[4]: Nothing to be done for 'install-exec-am'.
 /bin/mkdir -p '/usr/lib/gio/modules'
 /bin/sh ../../libtool   --mode=install /usr/bin/install -c   libgiognutls.la '/usr/lib/gio/modules'
libtool: install: /usr/bin/install -c .libs/libgiognutls.so /usr/lib/gio/modules/libgiognutls.so
libtool: install: /usr/bin/install -c .libs/libgiognutls.lai /usr/lib/gio/modules/libgiognutls.la
libtool: finish: PATH="/bin:/usr/ucb:/usr/bin:/usr/sbin:/sbin:/usr/etc:/etc:/sbin" ldconfig -n /usr/lib/gio/modules
----------------------------------------------------------------------
Libraries have been installed in:
   /usr/lib/gio/modules

If you ever happen to want to link against installed libraries
in a given directory, LIBDIR, you must either use libtool, and
specify the full pathname of the library, or use the `-LLIBDIR'
flag during linking and do at least one of the following:
   - add LIBDIR to the `LD_LIBRARY_PATH' environment variable
     during execution
   - add LIBDIR to the `LD_RUN_PATH' environment variable
     during linking
   - use the `-Wl,-rpath -Wl,LIBDIR' linker flag
   - have your system administrator add LIBDIR to `/etc/ld.so.conf'

See any operating system documentation about shared libraries for
more information, such as the ld(1) and ld.so(8) manual pages.
----------------------------------------------------------------------
make[4]: Leaving directory '/sources/7.9/glib-networking-2.46.1/tls/gnutls'
make[3]: Leaving directory '/sources/7.9/glib-networking-2.46.1/tls/gnutls'
make[2]: Leaving directory '/sources/7.9/glib-networking-2.46.1/tls/gnutls'
Making install in tls/tests
make[2]: Entering directory '/sources/7.9/glib-networking-2.46.1/tls/tests'
make  install-am
make[3]: Entering directory '/sources/7.9/glib-networking-2.46.1/tls/tests'
make[4]: Entering directory '/sources/7.9/glib-networking-2.46.1/tls/tests'
make[4]: Nothing to be done for 'install-exec-am'.
make[4]: Leaving directory '/sources/7.9/glib-networking-2.46.1/tls/tests'
make[3]: Leaving directory '/sources/7.9/glib-networking-2.46.1/tls/tests'
make[2]: Leaving directory '/sources/7.9/glib-networking-2.46.1/tls/tests'
make[2]: Entering directory '/sources/7.9/glib-networking-2.46.1'
make[3]: Entering directory '/sources/7.9/glib-networking-2.46.1'
make  install-exec-hook
make[4]: Entering directory '/sources/7.9/glib-networking-2.46.1'
if test -n "/usr/bin/gio-querymodules" -a -z ""; then \
	/usr/bin/gio-querymodules /usr/lib/gio/modules ;           \
fi
make[4]: Leaving directory '/sources/7.9/glib-networking-2.46.1'
make[3]: Leaving directory '/sources/7.9/glib-networking-2.46.1'
make[2]: Leaving directory '/sources/7.9/glib-networking-2.46.1'
make[1]: Leaving directory '/sources/7.9/glib-networking-2.46.1'
