checking for a BSD-compatible install... /usr/bin/install -c
checking whether build environment is sane... yes
checking for a thread-safe mkdir -p... /bin/mkdir -p
checking for gawk... gawk
checking whether make sets $(MAKE)... yes
checking whether make supports nested variables... yes
checking whether UID '1000' is supported by ustar format... yes
checking whether GID '1000' is supported by ustar format... yes
checking how to create a ustar tar archive... gnutar
checking whether to enable maintainer-specific portions of Makefiles... no
checking whether make supports nested variables... (cached) yes
checking for style of include used by make... GNU
checking for gcc... gcc
checking whether the C compiler works... yes
checking for C compiler default output file name... a.out
checking for suffix of executables... 
checking whether we are cross compiling... no
checking for suffix of object files... o
checking whether we are using the GNU C compiler... yes
checking whether gcc accepts -g... yes
checking for gcc option to accept ISO C89... none needed
checking whether gcc understands -c and -o together... yes
checking dependency style of gcc... gcc3
checking how to run the C preprocessor... gcc -E
checking for grep that handles long lines and -e... /bin/grep
checking for egrep... /bin/grep -E
checking for ANSI C header files... yes
checking for sys/types.h... yes
checking for sys/stat.h... yes
checking for stdlib.h... yes
checking for string.h... yes
checking for memory.h... yes
checking for strings.h... yes
checking for inttypes.h... yes
checking for stdint.h... yes
checking for unistd.h... yes
checking minix/config.h usability... no
checking minix/config.h presence... no
checking for minix/config.h... no
checking whether it is safe to define __EXTENSIONS__... yes
checking for library containing strerror... none required
checking for gcc... (cached) gcc
checking whether we are using the GNU C compiler... (cached) yes
checking whether gcc accepts -g... (cached) yes
checking for gcc option to accept ISO C89... (cached) none needed
checking whether gcc understands -c and -o together... (cached) yes
checking dependency style of gcc... (cached) gcc3
checking whether NLS is requested... yes
checking for intltool >= 0.31... 0.51.0 found
checking for intltool-update... /usr/bin/intltool-update
checking for intltool-merge... /usr/bin/intltool-merge
checking for intltool-extract... /usr/bin/intltool-extract
checking for xgettext... /usr/bin/xgettext
checking for msgmerge... /usr/bin/msgmerge
checking for msgfmt... /usr/bin/msgfmt
checking for gmsgfmt... /usr/bin/msgfmt
checking for perl... /usr/bin/perl
checking for perl >= 5.8.1... 5.22.1
checking for perl5... no
checking for perl... perl
checking build system type... x86_64-unknown-linux-gnu
checking host system type... x86_64-unknown-linux-gnu
checking how to print strings... printf
checking for a sed that does not truncate output... /bin/sed
checking for fgrep... /bin/grep -F
checking for ld used by gcc... /usr/bin/ld
checking if the linker (/usr/bin/ld) is GNU ld... yes
checking for BSD- or MS-compatible name lister (nm)... /usr/bin/nm -B
checking the name lister (/usr/bin/nm -B) interface... BSD nm
checking whether ln -s works... yes
checking the maximum length of command line arguments... 1572864
checking whether the shell understands some XSI constructs... yes
checking whether the shell understands "+="... yes
checking how to convert x86_64-unknown-linux-gnu file names to x86_64-unknown-linux-gnu format... func_convert_file_noop
checking how to convert x86_64-unknown-linux-gnu file names to toolchain format... func_convert_file_noop
checking for /usr/bin/ld option to reload object files... -r
checking for objdump... objdump
checking how to recognize dependent libraries... pass_all
checking for dlltool... no
checking how to associate runtime and link libraries... printf %s\n
checking for ar... ar
checking for archiver @FILE support... @
checking for strip... strip
checking for ranlib... ranlib
checking command to parse /usr/bin/nm -B output from gcc object... ok
checking for sysroot... no
checking for mt... no
checking if : is a manifest tool... no
checking for dlfcn.h... yes
checking for objdir... .libs
checking if gcc supports -fno-rtti -fno-exceptions... no
checking for gcc option to produce PIC... -fPIC -DPIC
checking if gcc PIC flag -fPIC -DPIC works... yes
checking if gcc static flag -static works... yes
checking if gcc supports -c -o file.o... yes
checking if gcc supports -c -o file.o... (cached) yes
checking whether the gcc linker (/usr/bin/ld -m elf_x86_64) supports shared libraries... yes
checking whether -lc should be explicitly linked in... no
checking dynamic linker characteristics... GNU/Linux ld.so
checking how to hardcode library paths into programs... immediate
checking whether stripping libraries is possible... yes
checking if libtool supports shared libraries... yes
checking whether to build shared libraries... yes
checking whether to build static libraries... no
checking for ANSI C header files... (cached) yes
checking err.h usability... yes
checking err.h presence... yes
checking for err.h... yes
checking errno.h usability... yes
checking errno.h presence... yes
checking for errno.h... yes
checking grp.h usability... yes
checking grp.h presence... yes
checking for grp.h... yes
checking limits.h usability... yes
checking limits.h presence... yes
checking for limits.h... yes
checking locale.h usability... yes
checking locale.h presence... yes
checking for locale.h... yes
checking pwd.h usability... yes
checking pwd.h presence... yes
checking for pwd.h... yes
checking signal.h usability... yes
checking signal.h presence... yes
checking for signal.h... yes
checking for sys/stat.h... (cached) yes
checking for sys/types.h... (cached) yes
checking sys/utsname.h usability... yes
checking sys/utsname.h presence... yes
checking for sys/utsname.h... yes
checking sys/wait.h usability... yes
checking sys/wait.h presence... yes
checking for sys/wait.h... yes
checking time.h usability... yes
checking time.h presence... yes
checking for time.h... yes
checking for unistd.h... (cached) yes
checking stdarg.h usability... yes
checking stdarg.h presence... yes
checking for stdarg.h... yes
checking varargs.h usability... no
checking varargs.h presence... no
checking for varargs.h... no
checking libintl.h usability... yes
checking libintl.h presence... yes
checking for libintl.h... yes
checking for gethostname... yes
checking for getpwnam... yes
checking for setenv... yes
checking for setlocale... yes
checking for strdup... yes
checking for unsetenv... yes
checking for bind_textdomain_codeset... yes
checking for locale.h... (cached) yes
checking for LC_MESSAGES... yes
checking for libintl.h... (cached) yes
checking for ngettext in libc... yes
checking for dgettext in libc... yes
checking for bind_textdomain_codeset... (cached) yes
checking for msgfmt... (cached) /usr/bin/msgfmt
checking for dcgettext... yes
checking if msgfmt accepts -c... yes
checking for gmsgfmt... (cached) /usr/bin/msgfmt
checking for xgettext... (cached) /usr/bin/xgettext
checking for catalogs to be installed...  am ar ast bg bn ca cs da de el en_AU en_GB es et eu fi fr gl he hr hu id is it ja kk ko lt lv ms nb nl nn oc pa pl pt pt_BR ro ru si sk sq sr sv th tr ug uk ur ur_PK uz zh_CN zh_HK zh_TW
checking for bind_textdomain_codeset... (cached) yes
checking for locales directory... ${datarootdir}/locale
checking for additional xgettext flags... --keyword=Q_ --from-code=UTF-8
checking for pkg-config... /usr/bin/pkg-config
checking pkg-config is at least version 0.9.0... yes
checking for glib-2.0 >= 2.24.0... 2.46.2
checking GLIB_CFLAGS... -I/usr/include/glib-2.0 -I/usr/lib/glib-2.0/include
checking GLIB_LIBS... -lglib-2.0
checking for gtk-doc... no
checking for gtkdoc-check... no
checking for gtkdoc-check... no
checking for gtkdoc-rebase... no
checking for gtkdoc-mkpdf... no
checking whether to build gtk-doc documentation... no
checking for GTKDOC_DEPS... yes
checking whether putenv() implementation is broken... yes
checking whether to build with debugging support... minimum
checking whether /usr/bin/ld -m elf_x86_64 accepts --as-needed... yes
checking whether /usr/bin/ld -m elf_x86_64 accepts -O1... yes
checking whether gcc supports the GNUC visibility attribute... yes
checking if gcc supports -Wno-sign-compare... yes
checking that generated files are newer than configure... done
configure: creating ./config.status
config.status: creating Makefile
config.status: creating docs/version.xml
config.status: creating docs/Makefile
config.status: creating libxfce4util/libxfce4util-1.0.pc
config.status: creating libxfce4util/libxfce4util-config.h
config.status: creating libxfce4util/Makefile
config.status: creating po/Makefile.in
config.status: creating xfce4-kiosk-query/Makefile
config.status: creating config.h
config.status: executing depfiles commands
config.status: executing libtool commands
config.status: executing default-1 commands
config.status: executing po/stamp-it commands

Build Configuration:

* Debug Support:  minimum
* GNU Visibility: yes

make  all-recursive
make[1]: Entering directory '/sources/7.9/libxfce4util-4.12.1'
Making all in libxfce4util
make[2]: Entering directory '/sources/7.9/libxfce4util-4.12.1/libxfce4util'
make  all-am
make[3]: Entering directory '/sources/7.9/libxfce4util-4.12.1/libxfce4util'
  CC       libxfce4util_la-libxfce4util-aliasdef.lo
  CC       libxfce4util_la-libxfce4util-config.lo
  CC       libxfce4util_la-libxfce4util-private.lo
  CC       libxfce4util_la-xfce-fileutils.lo
  CC       libxfce4util_la-xfce-i18n.lo
  CC       libxfce4util_la-xfce-kiosk.lo
  CC       libxfce4util_la-xfce-license.lo
  CC       libxfce4util_la-xfce-miscutils.lo
  CC       libxfce4util_la-xfce-posix-signal-handler.lo
  CC       libxfce4util_la-xfce-rc.lo
  CC       libxfce4util_la-xfce-rc-config.lo
  CC       libxfce4util_la-xfce-rc-simple.lo
  CC       libxfce4util_la-xfce-resource.lo
  CC       libxfce4util_la-xfce-utf8.lo
  CCLD     libxfce4util.la
make[3]: Leaving directory '/sources/7.9/libxfce4util-4.12.1/libxfce4util'
make[2]: Leaving directory '/sources/7.9/libxfce4util-4.12.1/libxfce4util'
Making all in docs
make[2]: Entering directory '/sources/7.9/libxfce4util-4.12.1/docs'
make[2]: Nothing to be done for 'all'.
make[2]: Leaving directory '/sources/7.9/libxfce4util-4.12.1/docs'
Making all in po
make[2]: Entering directory '/sources/7.9/libxfce4util-4.12.1/po'
  MSGFMT am.gmo
  MSGFMT ar.gmo
  MSGFMT ast.gmo
  MSGFMT bg.gmo
  MSGFMT bn.gmo
  MSGFMT ca.gmo
  MSGFMT cs.gmo
  MSGFMT da.gmo
  MSGFMT de.gmo
  MSGFMT el.gmo
  MSGFMT en_AU.gmo
  MSGFMT en_GB.gmo
  MSGFMT es.gmo
  MSGFMT et.gmo
  MSGFMT eu.gmo
  MSGFMT fi.gmo
  MSGFMT fr.gmo
  MSGFMT gl.gmo
  MSGFMT he.gmo
  MSGFMT hr.gmo
  MSGFMT hu.gmo
  MSGFMT id.gmo
  MSGFMT is.gmo
  MSGFMT it.gmo
  MSGFMT ja.gmo
  MSGFMT kk.gmo
  MSGFMT ko.gmo
  MSGFMT lt.gmo
  MSGFMT lv.gmo
  MSGFMT ms.gmo
  MSGFMT nb.gmo
  MSGFMT nl.gmo
  MSGFMT nn.gmo
  MSGFMT oc.gmo
  MSGFMT pa.gmo
  MSGFMT pl.gmo
  MSGFMT pt.gmo
  MSGFMT pt_BR.gmo
  MSGFMT ro.gmo
  MSGFMT ru.gmo
  MSGFMT si.gmo
  MSGFMT sk.gmo
  MSGFMT sq.gmo
  MSGFMT sr.gmo
  MSGFMT sv.gmo
  MSGFMT th.gmo
  MSGFMT tr.gmo
  MSGFMT ug.gmo
  MSGFMT uk.gmo
  MSGFMT ur.gmo
  MSGFMT ur_PK.gmo
  MSGFMT uz.gmo
  MSGFMT zh_CN.gmo
  MSGFMT zh_HK.gmo
  MSGFMT zh_TW.gmo
make[2]: Leaving directory '/sources/7.9/libxfce4util-4.12.1/po'
Making all in xfce4-kiosk-query
make[2]: Entering directory '/sources/7.9/libxfce4util-4.12.1/xfce4-kiosk-query'
  CC       xfce4_kiosk_query-main.o
  CCLD     xfce4-kiosk-query
make[2]: Leaving directory '/sources/7.9/libxfce4util-4.12.1/xfce4-kiosk-query'
make[2]: Entering directory '/sources/7.9/libxfce4util-4.12.1'
make[2]: Leaving directory '/sources/7.9/libxfce4util-4.12.1'
make[1]: Leaving directory '/sources/7.9/libxfce4util-4.12.1'
Making install in libxfce4util
make[1]: Entering directory '/sources/7.9/libxfce4util-4.12.1/libxfce4util'
make  install-am
make[2]: Entering directory '/sources/7.9/libxfce4util-4.12.1/libxfce4util'
make[3]: Entering directory '/sources/7.9/libxfce4util-4.12.1/libxfce4util'
 /bin/mkdir -p '/usr/lib'
 /bin/sh ../libtool   --mode=install /usr/bin/install -c   libxfce4util.la '/usr/lib'
libtool: install: /usr/bin/install -c -m 644 .libs/libxfce4util.so.7.0.0 /usr/lib/libxfce4util.so.7.0.0
libtool: install: (cd /usr/lib && { ln -s -f libxfce4util.so.7.0.0 libxfce4util.so.7 || { rm -f libxfce4util.so.7 && ln -s libxfce4util.so.7.0.0 libxfce4util.so.7; }; })
libtool: install: (cd /usr/lib && { ln -s -f libxfce4util.so.7.0.0 libxfce4util.so || { rm -f libxfce4util.so && ln -s libxfce4util.so.7.0.0 libxfce4util.so; }; })
libtool: install: /usr/bin/install -c -m 644 .libs/libxfce4util.lai /usr/lib/libxfce4util.la
libtool: finish: PATH="/bin:/usr/ucb:/usr/bin:/usr/sbin:/sbin:/usr/etc:/etc:/sbin" ldconfig -n /usr/lib
 /bin/mkdir -p '/usr/include/xfce4/libxfce4util'
 /usr/bin/install -c -m 644 xfce-debug.h xfce-fileutils.h xfce-generics.h xfce-i18n.h xfce-kiosk.h xfce-license.h xfce-miscutils.h xfce-posix-signal-handler.h xfce-rc.h xfce-resource.h xfce-utf8.h libxfce4util.h libxfce4util-config.h '/usr/include/xfce4/libxfce4util'
 /bin/mkdir -p '/usr/lib/pkgconfig'
 /usr/bin/install -c -m 644 libxfce4util-1.0.pc '/usr/lib/pkgconfig'
make[3]: Leaving directory '/sources/7.9/libxfce4util-4.12.1/libxfce4util'
make[2]: Leaving directory '/sources/7.9/libxfce4util-4.12.1/libxfce4util'
make[1]: Leaving directory '/sources/7.9/libxfce4util-4.12.1/libxfce4util'
Making install in docs
make[1]: Entering directory '/sources/7.9/libxfce4util-4.12.1/docs'
make[2]: Entering directory '/sources/7.9/libxfce4util-4.12.1/docs'
make[2]: Nothing to be done for 'install-exec-am'.
 /usr/bin/install -c -m 644 ./html/home.png
 /usr/bin/install -c -m 644 ./html/index.html
 /usr/bin/install -c -m 644 ./html/index.sgml
 /usr/bin/install -c -m 644 ./html/left-insensitive.png
 /usr/bin/install -c -m 644 ./html/left.png
 /usr/bin/install -c -m 644 ./html/libxfce4util-core.html
 /usr/bin/install -c -m 644 ./html/libxfce4util-datatypes.html
 /usr/bin/install -c -m 644 ./html/libxfce4util.devhelp2
 /usr/bin/install -c -m 644 ./html/libxfce4util-File-Utilities.html
 /usr/bin/install -c -m 644 ./html/libxfce4util-fundamentals.html
 /usr/bin/install -c -m 644 ./html/libxfce4util-Internationalisation.html
 /usr/bin/install -c -m 644 ./html/libxfce4util-Miscellaneous-Utilities.html
 /usr/bin/install -c -m 644 ./html/libxfce4util-POSIX-Signal-Handling.html
 /usr/bin/install -c -m 644 ./html/libxfce4util-Resource-Config-File-Support.html
 /usr/bin/install -c -m 644 ./html/libxfce4util-Resource-lookup-functions.html
 /usr/bin/install -c -m 644 ./html/libxfce4util-Software-Licenses.html
 /usr/bin/install -c -m 644 ./html/libxfce4util-Unicode-Support-Functions.html
 /usr/bin/install -c -m 644 ./html/libxfce4util-utilities.html
 /usr/bin/install -c -m 644 ./html/libxfce4util-Version-Information.html
 /usr/bin/install -c -m 644 ./html/libxfce4util-Xfce-Generics.html
 /usr/bin/install -c -m 644 ./html/libxfce4util-Xfce-Kiosk-functions.html
 /usr/bin/install -c -m 644 ./html/reference.html
 /usr/bin/install -c -m 644 ./html/right-insensitive.png
 /usr/bin/install -c -m 644 ./html/right.png
 /usr/bin/install -c -m 644 ./html/style.css
 /usr/bin/install -c -m 644 ./html/up-insensitive.png
 /usr/bin/install -c -m 644 ./html/up.png
make[2]: Leaving directory '/sources/7.9/libxfce4util-4.12.1/docs'
make[1]: Leaving directory '/sources/7.9/libxfce4util-4.12.1/docs'
Making install in po
make[1]: Entering directory '/sources/7.9/libxfce4util-4.12.1/po'
linguas="am ar ast bg bn ca cs da de el en_AU en_GB es et eu fi fr gl he hr hu id is it ja kk ko lt lv ms nb nl nn oc pa pl pt pt_BR ro ru si sk sq sr sv th tr ug uk ur ur_PK uz zh_CN zh_HK zh_TW "; \
for lang in $linguas; do \
  dir=/usr/share/locale/$lang/LC_MESSAGES; \
  /bin/sh /sources/7.9/libxfce4util-4.12.1/install-sh -d $dir; \
  if test -r $lang.gmo; then \
    /usr/bin/install -c -m 644 $lang.gmo $dir/libxfce4util.mo; \
    echo "installing $lang.gmo as $dir/libxfce4util.mo"; \
  else \
    /usr/bin/install -c -m 644 ./$lang.gmo $dir/libxfce4util.mo; \
    echo "installing ./$lang.gmo as" \
	 "$dir/libxfce4util.mo"; \
  fi; \
  if test -r $lang.gmo.m; then \
    /usr/bin/install -c -m 644 $lang.gmo.m $dir/libxfce4util.mo.m; \
    echo "installing $lang.gmo.m as $dir/libxfce4util.mo.m"; \
  else \
    if test -r ./$lang.gmo.m ; then \
      /usr/bin/install -c -m 644 ./$lang.gmo.m \
	$dir/libxfce4util.mo.m; \
      echo "installing ./$lang.gmo.m as" \
	   "$dir/libxfce4util.mo.m"; \
    else \
      true; \
    fi; \
  fi; \
done
installing am.gmo as /usr/share/locale/am/LC_MESSAGES/libxfce4util.mo
installing ar.gmo as /usr/share/locale/ar/LC_MESSAGES/libxfce4util.mo
installing ast.gmo as /usr/share/locale/ast/LC_MESSAGES/libxfce4util.mo
installing bg.gmo as /usr/share/locale/bg/LC_MESSAGES/libxfce4util.mo
installing bn.gmo as /usr/share/locale/bn/LC_MESSAGES/libxfce4util.mo
installing ca.gmo as /usr/share/locale/ca/LC_MESSAGES/libxfce4util.mo
installing cs.gmo as /usr/share/locale/cs/LC_MESSAGES/libxfce4util.mo
installing da.gmo as /usr/share/locale/da/LC_MESSAGES/libxfce4util.mo
installing de.gmo as /usr/share/locale/de/LC_MESSAGES/libxfce4util.mo
installing el.gmo as /usr/share/locale/el/LC_MESSAGES/libxfce4util.mo
installing en_AU.gmo as /usr/share/locale/en_AU/LC_MESSAGES/libxfce4util.mo
installing en_GB.gmo as /usr/share/locale/en_GB/LC_MESSAGES/libxfce4util.mo
installing es.gmo as /usr/share/locale/es/LC_MESSAGES/libxfce4util.mo
installing et.gmo as /usr/share/locale/et/LC_MESSAGES/libxfce4util.mo
installing eu.gmo as /usr/share/locale/eu/LC_MESSAGES/libxfce4util.mo
installing fi.gmo as /usr/share/locale/fi/LC_MESSAGES/libxfce4util.mo
installing fr.gmo as /usr/share/locale/fr/LC_MESSAGES/libxfce4util.mo
installing gl.gmo as /usr/share/locale/gl/LC_MESSAGES/libxfce4util.mo
installing he.gmo as /usr/share/locale/he/LC_MESSAGES/libxfce4util.mo
installing hr.gmo as /usr/share/locale/hr/LC_MESSAGES/libxfce4util.mo
installing hu.gmo as /usr/share/locale/hu/LC_MESSAGES/libxfce4util.mo
installing id.gmo as /usr/share/locale/id/LC_MESSAGES/libxfce4util.mo
installing is.gmo as /usr/share/locale/is/LC_MESSAGES/libxfce4util.mo
installing it.gmo as /usr/share/locale/it/LC_MESSAGES/libxfce4util.mo
installing ja.gmo as /usr/share/locale/ja/LC_MESSAGES/libxfce4util.mo
installing kk.gmo as /usr/share/locale/kk/LC_MESSAGES/libxfce4util.mo
installing ko.gmo as /usr/share/locale/ko/LC_MESSAGES/libxfce4util.mo
installing lt.gmo as /usr/share/locale/lt/LC_MESSAGES/libxfce4util.mo
installing lv.gmo as /usr/share/locale/lv/LC_MESSAGES/libxfce4util.mo
installing ms.gmo as /usr/share/locale/ms/LC_MESSAGES/libxfce4util.mo
installing nb.gmo as /usr/share/locale/nb/LC_MESSAGES/libxfce4util.mo
installing nl.gmo as /usr/share/locale/nl/LC_MESSAGES/libxfce4util.mo
installing nn.gmo as /usr/share/locale/nn/LC_MESSAGES/libxfce4util.mo
installing oc.gmo as /usr/share/locale/oc/LC_MESSAGES/libxfce4util.mo
installing pa.gmo as /usr/share/locale/pa/LC_MESSAGES/libxfce4util.mo
installing pl.gmo as /usr/share/locale/pl/LC_MESSAGES/libxfce4util.mo
installing pt.gmo as /usr/share/locale/pt/LC_MESSAGES/libxfce4util.mo
installing pt_BR.gmo as /usr/share/locale/pt_BR/LC_MESSAGES/libxfce4util.mo
installing ro.gmo as /usr/share/locale/ro/LC_MESSAGES/libxfce4util.mo
installing ru.gmo as /usr/share/locale/ru/LC_MESSAGES/libxfce4util.mo
installing si.gmo as /usr/share/locale/si/LC_MESSAGES/libxfce4util.mo
installing sk.gmo as /usr/share/locale/sk/LC_MESSAGES/libxfce4util.mo
installing sq.gmo as /usr/share/locale/sq/LC_MESSAGES/libxfce4util.mo
installing sr.gmo as /usr/share/locale/sr/LC_MESSAGES/libxfce4util.mo
installing sv.gmo as /usr/share/locale/sv/LC_MESSAGES/libxfce4util.mo
installing th.gmo as /usr/share/locale/th/LC_MESSAGES/libxfce4util.mo
installing tr.gmo as /usr/share/locale/tr/LC_MESSAGES/libxfce4util.mo
installing ug.gmo as /usr/share/locale/ug/LC_MESSAGES/libxfce4util.mo
installing uk.gmo as /usr/share/locale/uk/LC_MESSAGES/libxfce4util.mo
installing ur.gmo as /usr/share/locale/ur/LC_MESSAGES/libxfce4util.mo
installing ur_PK.gmo as /usr/share/locale/ur_PK/LC_MESSAGES/libxfce4util.mo
installing uz.gmo as /usr/share/locale/uz/LC_MESSAGES/libxfce4util.mo
installing zh_CN.gmo as /usr/share/locale/zh_CN/LC_MESSAGES/libxfce4util.mo
installing zh_HK.gmo as /usr/share/locale/zh_HK/LC_MESSAGES/libxfce4util.mo
installing zh_TW.gmo as /usr/share/locale/zh_TW/LC_MESSAGES/libxfce4util.mo
make[1]: Leaving directory '/sources/7.9/libxfce4util-4.12.1/po'
Making install in xfce4-kiosk-query
make[1]: Entering directory '/sources/7.9/libxfce4util-4.12.1/xfce4-kiosk-query'
make[2]: Entering directory '/sources/7.9/libxfce4util-4.12.1/xfce4-kiosk-query'
 /bin/mkdir -p '/usr/sbin'
  /bin/sh ../libtool   --mode=install /usr/bin/install -c xfce4-kiosk-query '/usr/sbin'
libtool: install: /usr/bin/install -c .libs/xfce4-kiosk-query /usr/sbin/xfce4-kiosk-query
make[2]: Nothing to be done for 'install-data-am'.
make[2]: Leaving directory '/sources/7.9/libxfce4util-4.12.1/xfce4-kiosk-query'
make[1]: Leaving directory '/sources/7.9/libxfce4util-4.12.1/xfce4-kiosk-query'
make[1]: Entering directory '/sources/7.9/libxfce4util-4.12.1'
make[2]: Entering directory '/sources/7.9/libxfce4util-4.12.1'
make[2]: Nothing to be done for 'install-exec-am'.
make[2]: Nothing to be done for 'install-data-am'.
make[2]: Leaving directory '/sources/7.9/libxfce4util-4.12.1'
make[1]: Leaving directory '/sources/7.9/libxfce4util-4.12.1'
