unresolvable dependency: freeType-2.6.3
checking for a BSD-compatible install... /usr/bin/install -c
checking whether build environment is sane... yes
checking for a thread-safe mkdir -p... /bin/mkdir -p
checking for gawk... gawk
checking whether make sets $(MAKE)... yes
checking whether make supports nested variables... yes
checking build system type... x86_64-unknown-linux-gnu
checking host system type... x86_64-unknown-linux-gnu
checking for style of include used by make... GNU
checking for gcc... gcc
checking whether the C compiler works... yes
checking for C compiler default output file name... a.out
checking for suffix of executables... 
checking whether we are cross compiling... no
checking for suffix of object files... o
checking whether we are using the GNU C compiler... yes
checking whether gcc accepts -g... yes
checking for gcc option to accept ISO C89... none needed
checking whether gcc understands -c and -o together... yes
checking dependency style of gcc... gcc3
checking for a sed that does not truncate output... /bin/sed
checking for grep that handles long lines and -e... /bin/grep
checking for egrep... /bin/grep -E
checking for fgrep... /bin/grep -F
checking for ld used by gcc... /usr/bin/ld
checking if the linker (/usr/bin/ld) is GNU ld... yes
checking for BSD- or MS-compatible name lister (nm)... /usr/bin/nm -B
checking the name lister (/usr/bin/nm -B) interface... BSD nm
checking whether ln -s works... yes
checking the maximum length of command line arguments... 1572864
checking whether the shell understands some XSI constructs... yes
checking whether the shell understands "+="... yes
checking for /usr/bin/ld option to reload object files... -r
checking how to recognize dependent libraries... pass_all
checking for ar... ar
checking for strip... strip
checking for ranlib... ranlib
checking command to parse /usr/bin/nm -B output from gcc object... ok
checking how to run the C preprocessor... gcc -E
checking for ANSI C header files... yes
checking for sys/types.h... yes
checking for sys/stat.h... yes
checking for stdlib.h... yes
checking for string.h... yes
checking for memory.h... yes
checking for strings.h... yes
checking for inttypes.h... yes
checking for stdint.h... yes
checking for unistd.h... yes
checking for dlfcn.h... yes
checking for objdir... .libs
checking if gcc supports -fno-rtti -fno-exceptions... no
checking for gcc option to produce PIC... -fPIC -DPIC
checking if gcc PIC flag -fPIC -DPIC works... yes
checking if gcc static flag -static works... yes
checking if gcc supports -c -o file.o... yes
checking if gcc supports -c -o file.o... (cached) yes
checking whether the gcc linker (/usr/bin/ld -m elf_x86_64) supports shared libraries... yes
checking whether -lc should be explicitly linked in... no
checking dynamic linker characteristics... GNU/Linux ld.so
checking how to hardcode library paths into programs... immediate
checking whether stripping libraries is possible... yes
checking if libtool supports shared libraries... yes
checking whether to build shared libraries... yes
checking whether to build static libraries... no
checking for gcc... (cached) gcc
checking whether we are using the GNU C compiler... (cached) yes
checking whether gcc accepts -g... (cached) yes
checking for gcc option to accept ISO C89... (cached) none needed
checking whether gcc understands -c and -o together... (cached) yes
checking dependency style of gcc... (cached) gcc3
checking how to run the C preprocessor... gcc -E
checking dependency style of gcc... gcc3
checking for ANSI C header files... (cached) yes
checking for stdbool.h that conforms to C99... yes
checking for _Bool... yes
checking for stdint.h... (cached) yes
checking iconv.h usability... yes
checking iconv.h presence... yes
checking for iconv.h... yes
checking for strdup... yes
checking for strndup... yes
checking for library containing libiconv_open... no
checking for library containing iconv_open... none required
checking for fabs in -lm... yes
checking for yasm... yes
checking if yasm supports vpmovzxwd... yes
checking for pkg-config... /usr/bin/pkg-config
checking pkg-config is at least version 0.9.0... yes
checking for FREETYPE... yes
checking for FRIBIDI... yes
checking for FONTCONFIG... yes
checking for CORETEXT... no
checking for DIRECTWRITE... no
checking for HARFBUZZ... yes
checking whether make supports nested variables... (cached) yes
checking that generated files are newer than configure... done
configure: creating ./config.status
config.status: creating Makefile
config.status: creating libass/Makefile
config.status: creating test/Makefile
config.status: creating profile/Makefile
config.status: creating libass.pc
config.status: creating config.h
config.status: executing depfiles commands
config.status: executing libtool commands
make  all-recursive
make[1]: Entering directory '/sources/7.9/libass-0.13.1'
Making all in libass
make[2]: Entering directory '/sources/7.9/libass-0.13.1/libass'
  CC       ass.lo
  CC       ass_cache.lo
  CC       ass_font.lo
  CC       ass_fontselect.lo
  CC       ass_render.lo
  CC       ass_utils.lo
  CC       ass_bitmap.lo
  CC       ass_blur.lo
  CC       ass_library.lo
  CC       ass_drawing.lo
  CC       ass_parse.lo
  CC       ass_render_api.lo
  CC       ass_shaper.lo
  CC       ass_strtod.lo
  CC       ass_fontconfig.lo
  CC       ass_string.lo
  CC       ass_rasterizer.lo
  CC       ass_rasterizer_c.lo
  YASM     x86/blend_bitmaps.lo
  YASM     x86/blur.lo
  YASM     x86/cpuid.lo
  YASM     x86/utils.lo
  YASM     x86/rasterizer.lo
  YASM     x86/be_blur.lo
  CCLD     libass.la
make[2]: Leaving directory '/sources/7.9/libass-0.13.1/libass'
make[2]: Entering directory '/sources/7.9/libass-0.13.1'
make[2]: Leaving directory '/sources/7.9/libass-0.13.1'
make[1]: Leaving directory '/sources/7.9/libass-0.13.1'
Making install in libass
make[1]: Entering directory '/sources/7.9/libass-0.13.1/libass'
make[2]: Entering directory '/sources/7.9/libass-0.13.1/libass'
 /bin/mkdir -p '/usr/lib'
 /bin/sh ../libtool   --mode=install /usr/bin/install -c   libass.la '/usr/lib'
libtool: install: /usr/bin/install -c .libs/libass.so.5.2.1 /usr/lib/libass.so.5.2.1
libtool: install: (cd /usr/lib && { ln -s -f libass.so.5.2.1 libass.so.5 || { rm -f libass.so.5 && ln -s libass.so.5.2.1 libass.so.5; }; })
libtool: install: (cd /usr/lib && { ln -s -f libass.so.5.2.1 libass.so || { rm -f libass.so && ln -s libass.so.5.2.1 libass.so; }; })
libtool: install: /usr/bin/install -c .libs/libass.lai /usr/lib/libass.la
libtool: finish: PATH="/bin:/usr/ucb:/usr/bin:/usr/sbin:/sbin:/usr/etc:/etc:/sbin" ldconfig -n /usr/lib
----------------------------------------------------------------------
Libraries have been installed in:
   /usr/lib

If you ever happen to want to link against installed libraries
in a given directory, LIBDIR, you must either use libtool, and
specify the full pathname of the library, or use the `-LLIBDIR'
flag during linking and do at least one of the following:
   - add LIBDIR to the `LD_LIBRARY_PATH' environment variable
     during execution
   - add LIBDIR to the `LD_RUN_PATH' environment variable
     during linking
   - use the `-Wl,-rpath -Wl,LIBDIR' linker flag
   - have your system administrator add LIBDIR to `/etc/ld.so.conf'

See any operating system documentation about shared libraries for
more information, such as the ld(1) and ld.so(8) manual pages.
----------------------------------------------------------------------
 /bin/mkdir -p '/usr/include/ass'
 /usr/bin/install -c -m 644 ass.h ass_types.h '/usr/include/ass'
make[2]: Leaving directory '/sources/7.9/libass-0.13.1/libass'
make[1]: Leaving directory '/sources/7.9/libass-0.13.1/libass'
make[1]: Entering directory '/sources/7.9/libass-0.13.1'
make[2]: Entering directory '/sources/7.9/libass-0.13.1'
make[2]: Nothing to be done for 'install-exec-am'.
 /bin/mkdir -p '/usr/lib/pkgconfig'
 /usr/bin/install -c -m 644 libass.pc '/usr/lib/pkgconfig'
make[2]: Leaving directory '/sources/7.9/libass-0.13.1'
make[1]: Leaving directory '/sources/7.9/libass-0.13.1'
