checking build system type... x86_64-unknown-linux-gnu
checking host system type... x86_64-unknown-linux-gnu
checking for gcc... gcc
checking whether the C compiler works... yes
checking for C compiler default output file name... a.out
checking for suffix of executables... 
checking whether we are cross compiling... no
checking for suffix of object files... o
checking whether we are using the GNU C compiler... yes
checking whether gcc accepts -g... yes
checking for gcc option to accept ISO C89... none needed
checking how to run the C preprocessor... gcc -E
checking for grep that handles long lines and -e... /bin/grep
checking for egrep... /bin/grep -E
checking for ANSI C header files... yes
checking for sys/types.h... yes
checking for sys/stat.h... yes
checking for stdlib.h... yes
checking for string.h... yes
checking for memory.h... yes
checking for strings.h... yes
checking for inttypes.h... yes
checking for stdint.h... yes
checking for unistd.h... yes
checking minix/config.h usability... no
checking minix/config.h presence... no
checking for minix/config.h... no
checking whether it is safe to define __EXTENSIONS__... yes
checking for a BSD-compatible install... /usr/bin/install -c
checking whether build environment is sane... yes
checking for a thread-safe mkdir -p... /bin/mkdir -p
checking for gawk... gawk
checking whether make sets $(MAKE)... yes
checking for style of include used by make... GNU
checking dependency style of gcc... gcc3
checking whether make supports nested variables... yes
checking for gcc... (cached) gcc
checking whether we are using the GNU C compiler... (cached) yes
checking whether gcc accepts -g... (cached) yes
checking for gcc option to accept ISO C89... (cached) none needed
checking how to run the C preprocessor... gcc -E
checking for rm... /bin/rm
checking for mv... /bin/mv
checking for tar... /bin/tar
checking for xmllint... /usr/bin/xmllint
checking for xsltproc... /usr/bin/xsltproc
checking for ANSI C header files... (cached) yes
checking how to print strings... printf
checking for a sed that does not truncate output... /bin/sed
checking for fgrep... /bin/grep -F
checking for ld used by gcc... /usr/bin/ld
checking if the linker (/usr/bin/ld) is GNU ld... yes
checking for BSD- or MS-compatible name lister (nm)... /usr/bin/nm -B
checking the name lister (/usr/bin/nm -B) interface... BSD nm
checking whether ln -s works... yes
checking the maximum length of command line arguments... 1572864
checking whether the shell understands some XSI constructs... yes
checking whether the shell understands "+="... yes
checking how to convert x86_64-unknown-linux-gnu file names to x86_64-unknown-linux-gnu format... func_convert_file_noop
checking how to convert x86_64-unknown-linux-gnu file names to toolchain format... func_convert_file_noop
checking for /usr/bin/ld option to reload object files... -r
checking for objdump... objdump
checking how to recognize dependent libraries... pass_all
checking for dlltool... no
checking how to associate runtime and link libraries... printf %s\n
checking for ar... ar
checking for archiver @FILE support... @
checking for strip... strip
checking for ranlib... ranlib
checking command to parse /usr/bin/nm -B output from gcc object... ok
checking for sysroot... no
checking for mt... no
checking if : is a manifest tool... no
checking for dlfcn.h... yes
checking for objdir... .libs
checking if gcc supports -fno-rtti -fno-exceptions... no
checking for gcc option to produce PIC... -fPIC -DPIC
checking if gcc PIC flag -fPIC -DPIC works... yes
checking if gcc static flag -static works... yes
checking if gcc supports -c -o file.o... yes
checking if gcc supports -c -o file.o... (cached) yes
checking whether the gcc linker (/usr/bin/ld -m elf_x86_64) supports shared libraries... yes
checking whether -lc should be explicitly linked in... no
checking dynamic linker characteristics... GNU/Linux ld.so
checking how to hardcode library paths into programs... immediate
checking whether stripping libraries is possible... yes
checking if libtool supports shared libraries... yes
checking whether to build shared libraries... yes
checking whether to build static libraries... no
checking for sys/types.h... (cached) yes
checking sys/time.h usability... yes
checking sys/time.h presence... yes
checking for sys/time.h... yes
checking for stdlib.h... (cached) yes
checking for unistd.h... (cached) yes
checking for string.h... (cached) yes
checking how to pass version script to the linker (/usr/bin/ld -m elf_x86_64)... -Wl,--version-script=
checking pthread.h usability... yes
checking pthread.h presence... yes
checking for pthread.h... yes
checking for pthread_join in -lpthread... yes
checking locale.h usability... yes
checking locale.h presence... yes
checking for locale.h... yes
checking xlocale.h usability... yes
checking xlocale.h presence... yes
checking for xlocale.h... yes
checking if xlocale program link... no
checking ieeefp.h usability... no
checking ieeefp.h presence... no
checking for ieeefp.h... no
checking nan.h usability... no
checking nan.h presence... no
checking for nan.h... no
checking math.h usability... yes
checking math.h presence... yes
checking for math.h... yes
checking fp_class.h usability... no
checking fp_class.h presence... no
checking for fp_class.h... no
checking float.h usability... yes
checking float.h presence... yes
checking for float.h... yes
checking ansidecl.h usability... yes
checking ansidecl.h presence... yes
checking for ansidecl.h... yes
checking sys/timeb.h usability... yes
checking sys/timeb.h presence... yes
checking for sys/timeb.h... yes
checking time.h usability... yes
checking time.h presence... yes
checking for time.h... yes
checking for sys/stat.h... (cached) yes
checking sys/select.h usability... yes
checking sys/select.h presence... yes
checking for sys/select.h... yes
checking stdarg.h usability... yes
checking stdarg.h presence... yes
checking for stdarg.h... yes
checking for stat... yes
checking for _stat... no
checking for pow... no
checking for pow in -lm... yes
checking for floor... no
checking for floor in -lm... yes
checking for fabs... no
checking for fabs in -lm... yes
checking for gettimeofday... yes
checking for mktime... yes
checking for localtime... yes
checking for localtime_r... yes
checking for asctime... yes
checking for time... yes
checking for gmtime... yes
checking for gmtime_r... yes
checking for ftime... yes
checking for printf... yes
checking for sprintf... yes
checking for fprintf... yes
checking for snprintf... yes
checking for vfprintf... yes
checking for vsprintf... yes
checking for vsnprintf... yes
checking for sscanf... yes
checking for clock_gettime... yes
checking for perl... perl
checking for python... /usr/bin/python
PYTHON is pointing at /usr/bin/python
Found Python version 2.7
Found libxml2-python module
checking for libgcrypt-config... /usr/bin/libgcrypt-config
Crypto extensions will be available.
Enabling debugger
checking for libxml libraries >= 2.6.27... 2.9.3 found
checking whether shared libraries will be built (required for plugins)... yes
checking libxml2 module support... yes
configure: creating ./config.status
config.status: creating Makefile
config.status: creating libxslt.pc
config.status: creating libexslt.pc
config.status: creating libxslt/Makefile
config.status: creating libxslt/xsltconfig.h
config.status: creating libxslt/xsltwin32config.h
config.status: creating libexslt/Makefile
config.status: creating libexslt/exsltconfig.h
config.status: creating xsltproc/Makefile
config.status: creating python/Makefile
config.status: creating python/tests/Makefile
config.status: creating tests/Makefile
config.status: creating tests/docs/Makefile
config.status: creating tests/REC1/Makefile
config.status: creating tests/REC2/Makefile
config.status: creating tests/REC/Makefile
config.status: creating tests/general/Makefile
config.status: creating tests/reports/Makefile
config.status: creating tests/extensions/Makefile
config.status: creating tests/namespaces/Makefile
config.status: creating tests/keys/Makefile
config.status: creating tests/numbers/Makefile
config.status: creating tests/documents/Makefile
config.status: creating tests/xmlspec/Makefile
config.status: creating tests/multiple/Makefile
config.status: creating tests/xinclude/Makefile
config.status: creating tests/XSLTMark/Makefile
config.status: creating tests/docbook/Makefile
config.status: creating tests/exslt/Makefile
config.status: creating tests/exslt/common/Makefile
config.status: creating tests/exslt/functions/Makefile
config.status: creating tests/exslt/math/Makefile
config.status: creating tests/exslt/sets/Makefile
config.status: creating tests/exslt/strings/Makefile
config.status: creating tests/exslt/date/Makefile
config.status: creating tests/exslt/dynamic/Makefile
config.status: creating tests/plugins/Makefile
config.status: creating doc/Makefile
config.status: creating xslt-config
config.status: creating libxslt.spec
config.status: creating config.h
config.status: executing depfiles commands
config.status: executing libtool commands
make  all-recursive
make[1]: Entering directory '/sources/7.9/libxslt-1.1.28'
Making all in libxslt
make[2]: Entering directory '/sources/7.9/libxslt-1.1.28/libxslt'
  CC     attrvt.lo
  CC     xslt.lo
  CC     xsltlocale.lo
  CC     xsltutils.lo
  CC     pattern.lo
  CC     templates.lo
  CC     variables.lo
  CC     keys.lo
  CC     numbers.lo
  CC     extensions.lo
  CC     extra.lo
  CC     functions.lo
  CC     namespaces.lo
  CC     imports.lo
  CC     attributes.lo
  CC     documents.lo
  CC     preproc.lo
  CC     transform.lo
  CC     security.lo
  CCLD   libxslt.la
make[2]: Leaving directory '/sources/7.9/libxslt-1.1.28/libxslt'
Making all in libexslt
make[2]: Entering directory '/sources/7.9/libxslt-1.1.28/libexslt'
  CC     exslt.lo
  CC     common.lo
  CC     crypto.lo
  CC     math.lo
  CC     sets.lo
  CC     functions.lo
  CC     strings.lo
  CC     date.lo
  CC     saxon.lo
  CC     dynamic.lo
  CCLD   libexslt.la
make[2]: Leaving directory '/sources/7.9/libxslt-1.1.28/libexslt'
Making all in xsltproc
make[2]: Entering directory '/sources/7.9/libxslt-1.1.28/xsltproc'
  CC     xsltproc.o
  CCLD   xsltproc
  CC     testThreads.o
  CCLD   testThreads
make[2]: Leaving directory '/sources/7.9/libxslt-1.1.28/xsltproc'
Making all in doc
make[2]: Entering directory '/sources/7.9/libxslt-1.1.28/doc'
Makefile:790: recipe for target 'xsltproc.1' failed
make[2]: Leaving directory '/sources/7.9/libxslt-1.1.28/doc'
Making all in python
make[2]: Entering directory '/sources/7.9/libxslt-1.1.28/python'
Making all in .
make[3]: Entering directory '/sources/7.9/libxslt-1.1.28/python'
SRCDIR=. /usr/bin/python ./generator.py
Found 242 functions in libxslt-api.xml
Found 32 functions in libxslt-python-api.xml
Generated 143 wrapper functions, 98 failed, 33 skipped

Missing type converters:
xsltTopLevelFunction:2  xmlXPathObjectPtr:1  xsltDecimalFormatPtr:2  xmlChar **:2  xmlXPathCompExprPtr:5  xsltPreComputeFunction:1  xsltElemPreCompPtr:2  xsltDebugTraceCodes:2  xsltDocumentPtr:8  xsltSecurityPrefsPtr:11  xsltTemplatePtr:4  pythonObject *:5  ...:1  xsltNumberDataPtr:1  xmlHashTablePtr:1  xmlNodePtr *:3  xsltExtInitFunction:2  xsltCompilerCtxtPtr:2  char **:2  xmlXPathObjectPtr *:1  xmlNodeSetPtr:2  xmlXPathFunction:3  xsltTransformFunction:5  xsltCompMatchPtr:3  void *:11  xsltLocale:4  xmlOutputBufferPtr:1  xsltPointerListPtr:4  xmlDictPtr:1  xsltSortFunc:2  xsltNsMapPtr:1  xsltStackElemPtr:3 
touch gen_prog
  CC     libxsltmod_la-libxslt.lo
  CC     libxsltmod_la-types.lo
  CC     libxsltmod_la-libxslt-py.lo
  CCLD   libxsltmod.la
cat ./libxsl.py libxsltclass.py > libxslt.py
make[3]: Leaving directory '/sources/7.9/libxslt-1.1.28/python'
Making all in tests
make[3]: Entering directory '/sources/7.9/libxslt-1.1.28/python/tests'
make[3]: Nothing to be done for 'all'.
make[3]: Leaving directory '/sources/7.9/libxslt-1.1.28/python/tests'
make[2]: Leaving directory '/sources/7.9/libxslt-1.1.28/python'
Making all in tests
make[2]: Entering directory '/sources/7.9/libxslt-1.1.28/tests'
Making all in docs
make[3]: Entering directory '/sources/7.9/libxslt-1.1.28/tests/docs'
make[3]: Nothing to be done for 'all'.
make[3]: Leaving directory '/sources/7.9/libxslt-1.1.28/tests/docs'
Making all in REC1
make[3]: Entering directory '/sources/7.9/libxslt-1.1.28/tests/REC1'
make[3]: Nothing to be done for 'all'.
make[3]: Leaving directory '/sources/7.9/libxslt-1.1.28/tests/REC1'
Making all in REC2
make[3]: Entering directory '/sources/7.9/libxslt-1.1.28/tests/REC2'
make[3]: Nothing to be done for 'all'.
make[3]: Leaving directory '/sources/7.9/libxslt-1.1.28/tests/REC2'
Making all in REC
make[3]: Entering directory '/sources/7.9/libxslt-1.1.28/tests/REC'
make[3]: Nothing to be done for 'all'.
make[3]: Leaving directory '/sources/7.9/libxslt-1.1.28/tests/REC'
Making all in general
make[3]: Entering directory '/sources/7.9/libxslt-1.1.28/tests/general'
make[3]: Nothing to be done for 'all'.
make[3]: Leaving directory '/sources/7.9/libxslt-1.1.28/tests/general'
Making all in namespaces
make[3]: Entering directory '/sources/7.9/libxslt-1.1.28/tests/namespaces'
make[3]: Nothing to be done for 'all'.
make[3]: Leaving directory '/sources/7.9/libxslt-1.1.28/tests/namespaces'
Making all in keys
make[3]: Entering directory '/sources/7.9/libxslt-1.1.28/tests/keys'
make[3]: Nothing to be done for 'all'.
make[3]: Leaving directory '/sources/7.9/libxslt-1.1.28/tests/keys'
Making all in numbers
make[3]: Entering directory '/sources/7.9/libxslt-1.1.28/tests/numbers'
make[3]: Nothing to be done for 'all'.
make[3]: Leaving directory '/sources/7.9/libxslt-1.1.28/tests/numbers'
Making all in documents
make[3]: Entering directory '/sources/7.9/libxslt-1.1.28/tests/documents'
make[3]: Nothing to be done for 'all'.
make[3]: Leaving directory '/sources/7.9/libxslt-1.1.28/tests/documents'
Making all in extensions
make[3]: Entering directory '/sources/7.9/libxslt-1.1.28/tests/extensions'
make[3]: Nothing to be done for 'all'.
make[3]: Leaving directory '/sources/7.9/libxslt-1.1.28/tests/extensions'
Making all in reports
make[3]: Entering directory '/sources/7.9/libxslt-1.1.28/tests/reports'
make[3]: Nothing to be done for 'all'.
make[3]: Leaving directory '/sources/7.9/libxslt-1.1.28/tests/reports'
Making all in xmlspec
make[3]: Entering directory '/sources/7.9/libxslt-1.1.28/tests/xmlspec'
make[3]: Nothing to be done for 'all'.
make[3]: Leaving directory '/sources/7.9/libxslt-1.1.28/tests/xmlspec'
Making all in multiple
make[3]: Entering directory '/sources/7.9/libxslt-1.1.28/tests/multiple'
make[3]: Nothing to be done for 'all'.
make[3]: Leaving directory '/sources/7.9/libxslt-1.1.28/tests/multiple'
Making all in xinclude
make[3]: Entering directory '/sources/7.9/libxslt-1.1.28/tests/xinclude'
make[3]: Nothing to be done for 'all'.
make[3]: Leaving directory '/sources/7.9/libxslt-1.1.28/tests/xinclude'
Making all in XSLTMark
make[3]: Entering directory '/sources/7.9/libxslt-1.1.28/tests/XSLTMark'
make[3]: Nothing to be done for 'all'.
make[3]: Leaving directory '/sources/7.9/libxslt-1.1.28/tests/XSLTMark'
Making all in docbook
make[3]: Entering directory '/sources/7.9/libxslt-1.1.28/tests/docbook'
make[3]: Nothing to be done for 'all'.
make[3]: Leaving directory '/sources/7.9/libxslt-1.1.28/tests/docbook'
Making all in exslt
make[3]: Entering directory '/sources/7.9/libxslt-1.1.28/tests/exslt'
Making all in common
make[4]: Entering directory '/sources/7.9/libxslt-1.1.28/tests/exslt/common'
make[4]: Nothing to be done for 'all'.
make[4]: Leaving directory '/sources/7.9/libxslt-1.1.28/tests/exslt/common'
Making all in functions
make[4]: Entering directory '/sources/7.9/libxslt-1.1.28/tests/exslt/functions'
make[4]: Nothing to be done for 'all'.
make[4]: Leaving directory '/sources/7.9/libxslt-1.1.28/tests/exslt/functions'
Making all in math
make[4]: Entering directory '/sources/7.9/libxslt-1.1.28/tests/exslt/math'
make[4]: Nothing to be done for 'all'.
make[4]: Leaving directory '/sources/7.9/libxslt-1.1.28/tests/exslt/math'
Making all in sets
make[4]: Entering directory '/sources/7.9/libxslt-1.1.28/tests/exslt/sets'
make[4]: Nothing to be done for 'all'.
make[4]: Leaving directory '/sources/7.9/libxslt-1.1.28/tests/exslt/sets'
Making all in strings
make[4]: Entering directory '/sources/7.9/libxslt-1.1.28/tests/exslt/strings'
make[4]: Nothing to be done for 'all'.
make[4]: Leaving directory '/sources/7.9/libxslt-1.1.28/tests/exslt/strings'
Making all in dynamic
make[4]: Entering directory '/sources/7.9/libxslt-1.1.28/tests/exslt/dynamic'
make[4]: Nothing to be done for 'all'.
make[4]: Leaving directory '/sources/7.9/libxslt-1.1.28/tests/exslt/dynamic'
Making all in date
make[4]: Entering directory '/sources/7.9/libxslt-1.1.28/tests/exslt/date'
make[4]: Nothing to be done for 'all'.
make[4]: Leaving directory '/sources/7.9/libxslt-1.1.28/tests/exslt/date'
make[4]: Entering directory '/sources/7.9/libxslt-1.1.28/tests/exslt'
make[4]: Nothing to be done for 'all-am'.
make[4]: Leaving directory '/sources/7.9/libxslt-1.1.28/tests/exslt'
make[3]: Leaving directory '/sources/7.9/libxslt-1.1.28/tests/exslt'
Making all in plugins
make[3]: Entering directory '/sources/7.9/libxslt-1.1.28/tests/plugins'
  CC     xmlsoft_org_xslt_testplugin_la-testplugin.lo
  CCLD   xmlsoft_org_xslt_testplugin.la
make[3]: Leaving directory '/sources/7.9/libxslt-1.1.28/tests/plugins'
make[3]: Entering directory '/sources/7.9/libxslt-1.1.28/tests'
make[3]: Nothing to be done for 'all-am'.
make[3]: Leaving directory '/sources/7.9/libxslt-1.1.28/tests'
make[2]: Leaving directory '/sources/7.9/libxslt-1.1.28/tests'
make[2]: Entering directory '/sources/7.9/libxslt-1.1.28'
sed -e 's?\@XSLT_LIBDIR\@?-L/usr/lib?g' \
    -e 's?\@XSLT_INCLUDEDIR\@?-I/usr/include?g' \
    -e 's?\@VERSION\@?1.1.28?g' \
    -e 's?\@XSLT_LIBS\@?-lxslt  -lxml2 -lz -lm -ldl -lm ?g' \
       < ./xsltConf.sh.in > xsltConf.tmp \
&& mv xsltConf.tmp xsltConf.sh
make[2]: Leaving directory '/sources/7.9/libxslt-1.1.28'
make[1]: Leaving directory '/sources/7.9/libxslt-1.1.28'
Making check in libxslt
make[1]: Entering directory '/sources/7.9/libxslt-1.1.28/libxslt'
make[1]: Nothing to be done for 'check'.
make[1]: Leaving directory '/sources/7.9/libxslt-1.1.28/libxslt'
Making check in libexslt
make[1]: Entering directory '/sources/7.9/libxslt-1.1.28/libexslt'
make[1]: Nothing to be done for 'check'.
make[1]: Leaving directory '/sources/7.9/libxslt-1.1.28/libexslt'
Making check in xsltproc
make[1]: Entering directory '/sources/7.9/libxslt-1.1.28/xsltproc'
make[1]: Nothing to be done for 'check'.
make[1]: Leaving directory '/sources/7.9/libxslt-1.1.28/xsltproc'
Making check in doc
make[1]: Entering directory '/sources/7.9/libxslt-1.1.28/doc'
Makefile:790: recipe for target 'xsltproc.1' failed
make[1]: Leaving directory '/sources/7.9/libxslt-1.1.28/doc'
Making check in python
make[1]: Entering directory '/sources/7.9/libxslt-1.1.28/python'
Making check in .
make[2]: Entering directory '/sources/7.9/libxslt-1.1.28/python'
make[2]: Nothing to be done for 'check-am'.
make[2]: Leaving directory '/sources/7.9/libxslt-1.1.28/python'
Making check in tests
make[2]: Entering directory '/sources/7.9/libxslt-1.1.28/python/tests'
make[2]: Nothing to be done for 'check'.
make[2]: Leaving directory '/sources/7.9/libxslt-1.1.28/python/tests'
make[1]: Leaving directory '/sources/7.9/libxslt-1.1.28/python'
Making check in tests
make[1]: Entering directory '/sources/7.9/libxslt-1.1.28/tests'
Making check in docs
make[2]: Entering directory '/sources/7.9/libxslt-1.1.28/tests/docs'
make[2]: Nothing to be done for 'check'.
make[2]: Leaving directory '/sources/7.9/libxslt-1.1.28/tests/docs'
Making check in REC1
make[2]: Entering directory '/sources/7.9/libxslt-1.1.28/tests/REC1'
make[2]: Nothing to be done for 'check'.
make[2]: Leaving directory '/sources/7.9/libxslt-1.1.28/tests/REC1'
Making check in REC2
make[2]: Entering directory '/sources/7.9/libxslt-1.1.28/tests/REC2'
make[2]: Nothing to be done for 'check'.
make[2]: Leaving directory '/sources/7.9/libxslt-1.1.28/tests/REC2'
Making check in REC
make[2]: Entering directory '/sources/7.9/libxslt-1.1.28/tests/REC'
make[2]: Nothing to be done for 'check'.
make[2]: Leaving directory '/sources/7.9/libxslt-1.1.28/tests/REC'
Making check in general
make[2]: Entering directory '/sources/7.9/libxslt-1.1.28/tests/general'
make[2]: Nothing to be done for 'check'.
make[2]: Leaving directory '/sources/7.9/libxslt-1.1.28/tests/general'
Making check in namespaces
make[2]: Entering directory '/sources/7.9/libxslt-1.1.28/tests/namespaces'
make[2]: Nothing to be done for 'check'.
make[2]: Leaving directory '/sources/7.9/libxslt-1.1.28/tests/namespaces'
Making check in keys
make[2]: Entering directory '/sources/7.9/libxslt-1.1.28/tests/keys'
make[2]: Nothing to be done for 'check'.
make[2]: Leaving directory '/sources/7.9/libxslt-1.1.28/tests/keys'
Making check in numbers
make[2]: Entering directory '/sources/7.9/libxslt-1.1.28/tests/numbers'
make[2]: Nothing to be done for 'check'.
make[2]: Leaving directory '/sources/7.9/libxslt-1.1.28/tests/numbers'
Making check in documents
make[2]: Entering directory '/sources/7.9/libxslt-1.1.28/tests/documents'
make[2]: Nothing to be done for 'check'.
make[2]: Leaving directory '/sources/7.9/libxslt-1.1.28/tests/documents'
Making check in extensions
make[2]: Entering directory '/sources/7.9/libxslt-1.1.28/tests/extensions'
make[2]: Nothing to be done for 'check'.
make[2]: Leaving directory '/sources/7.9/libxslt-1.1.28/tests/extensions'
Making check in reports
make[2]: Entering directory '/sources/7.9/libxslt-1.1.28/tests/reports'
make[2]: Nothing to be done for 'check'.
make[2]: Leaving directory '/sources/7.9/libxslt-1.1.28/tests/reports'
Making check in xmlspec
make[2]: Entering directory '/sources/7.9/libxslt-1.1.28/tests/xmlspec'
make[2]: Nothing to be done for 'check'.
make[2]: Leaving directory '/sources/7.9/libxslt-1.1.28/tests/xmlspec'
Making check in multiple
make[2]: Entering directory '/sources/7.9/libxslt-1.1.28/tests/multiple'
make[2]: Nothing to be done for 'check'.
make[2]: Leaving directory '/sources/7.9/libxslt-1.1.28/tests/multiple'
Making check in xinclude
make[2]: Entering directory '/sources/7.9/libxslt-1.1.28/tests/xinclude'
make[2]: Nothing to be done for 'check'.
make[2]: Leaving directory '/sources/7.9/libxslt-1.1.28/tests/xinclude'
Making check in XSLTMark
make[2]: Entering directory '/sources/7.9/libxslt-1.1.28/tests/XSLTMark'
make[2]: Nothing to be done for 'check'.
make[2]: Leaving directory '/sources/7.9/libxslt-1.1.28/tests/XSLTMark'
Making check in docbook
make[2]: Entering directory '/sources/7.9/libxslt-1.1.28/tests/docbook'
make[2]: Nothing to be done for 'check'.
make[2]: Leaving directory '/sources/7.9/libxslt-1.1.28/tests/docbook'
Making check in exslt
make[2]: Entering directory '/sources/7.9/libxslt-1.1.28/tests/exslt'
Making check in common
make[3]: Entering directory '/sources/7.9/libxslt-1.1.28/tests/exslt/common'
make[3]: Nothing to be done for 'check'.
make[3]: Leaving directory '/sources/7.9/libxslt-1.1.28/tests/exslt/common'
Making check in functions
make[3]: Entering directory '/sources/7.9/libxslt-1.1.28/tests/exslt/functions'
make[3]: Nothing to be done for 'check'.
make[3]: Leaving directory '/sources/7.9/libxslt-1.1.28/tests/exslt/functions'
Making check in math
make[3]: Entering directory '/sources/7.9/libxslt-1.1.28/tests/exslt/math'
make[3]: Nothing to be done for 'check'.
make[3]: Leaving directory '/sources/7.9/libxslt-1.1.28/tests/exslt/math'
Making check in sets
make[3]: Entering directory '/sources/7.9/libxslt-1.1.28/tests/exslt/sets'
make[3]: Nothing to be done for 'check'.
make[3]: Leaving directory '/sources/7.9/libxslt-1.1.28/tests/exslt/sets'
Making check in strings
make[3]: Entering directory '/sources/7.9/libxslt-1.1.28/tests/exslt/strings'
make[3]: Nothing to be done for 'check'.
make[3]: Leaving directory '/sources/7.9/libxslt-1.1.28/tests/exslt/strings'
Making check in dynamic
make[3]: Entering directory '/sources/7.9/libxslt-1.1.28/tests/exslt/dynamic'
make[3]: Nothing to be done for 'check'.
make[3]: Leaving directory '/sources/7.9/libxslt-1.1.28/tests/exslt/dynamic'
Making check in date
make[3]: Entering directory '/sources/7.9/libxslt-1.1.28/tests/exslt/date'
make[3]: Nothing to be done for 'check'.
make[3]: Leaving directory '/sources/7.9/libxslt-1.1.28/tests/exslt/date'
make[3]: Entering directory '/sources/7.9/libxslt-1.1.28/tests/exslt'
make[3]: Nothing to be done for 'check-am'.
make[3]: Leaving directory '/sources/7.9/libxslt-1.1.28/tests/exslt'
make[2]: Leaving directory '/sources/7.9/libxslt-1.1.28/tests/exslt'
Making check in plugins
make[2]: Entering directory '/sources/7.9/libxslt-1.1.28/tests/plugins'
make[2]: Nothing to be done for 'check'.
make[2]: Leaving directory '/sources/7.9/libxslt-1.1.28/tests/plugins'
make[2]: Entering directory '/sources/7.9/libxslt-1.1.28/tests'
make[2]: Nothing to be done for 'check-am'.
make[2]: Leaving directory '/sources/7.9/libxslt-1.1.28/tests'
make[1]: Leaving directory '/sources/7.9/libxslt-1.1.28/tests'
make[1]: Entering directory '/sources/7.9/libxslt-1.1.28'
make  check-local
make[2]: Entering directory '/sources/7.9/libxslt-1.1.28'
## Running the regression test suite
make[3]: Entering directory '/sources/7.9/libxslt-1.1.28/tests'
make[4]: Entering directory '/sources/7.9/libxslt-1.1.28/tests/docs'
make[4]: Nothing to be done for 'tests'.
make[4]: Leaving directory '/sources/7.9/libxslt-1.1.28/tests/docs'
make[4]: Entering directory '/sources/7.9/libxslt-1.1.28/tests/REC1'
## Running REC1 tests
make[4]: Leaving directory '/sources/7.9/libxslt-1.1.28/tests/REC1'
make[4]: Entering directory '/sources/7.9/libxslt-1.1.28/tests/REC2'
## Running REC2 tests
make[4]: Leaving directory '/sources/7.9/libxslt-1.1.28/tests/REC2'
make[4]: Entering directory '/sources/7.9/libxslt-1.1.28/tests/REC'
## Running REC tests
## Running REC tests without dictionaries
make[4]: Leaving directory '/sources/7.9/libxslt-1.1.28/tests/REC'
make[4]: Entering directory '/sources/7.9/libxslt-1.1.28/tests/general'
## Running general tests
bug-180 result
3,4d2
< XPath error : Stack usage errror
< xmlXPathCompiledEval: 1 objects left on the stack.
## Running general tests without dictionaries
bug-180 result
3,4d2
< XPath error : Stack usage errror
< xmlXPathCompiledEval: 1 objects left on the stack.
make[4]: Leaving directory '/sources/7.9/libxslt-1.1.28/tests/general'
make[4]: Entering directory '/sources/7.9/libxslt-1.1.28/tests/namespaces'
## Running namespaces tests
make[4]: Leaving directory '/sources/7.9/libxslt-1.1.28/tests/namespaces'
make[4]: Entering directory '/sources/7.9/libxslt-1.1.28/tests/keys'
## Running keys tests
make[4]: Leaving directory '/sources/7.9/libxslt-1.1.28/tests/keys'
make[4]: Entering directory '/sources/7.9/libxslt-1.1.28/tests/numbers'
## Running numbers tests
make[4]: Leaving directory '/sources/7.9/libxslt-1.1.28/tests/numbers'
make[4]: Entering directory '/sources/7.9/libxslt-1.1.28/tests/documents'
make[4]: Leaving directory '/sources/7.9/libxslt-1.1.28/tests/documents'
make[4]: Entering directory '/sources/7.9/libxslt-1.1.28/tests/extensions'
## Running extensions tests
make[4]: Leaving directory '/sources/7.9/libxslt-1.1.28/tests/extensions'
make[4]: Entering directory '/sources/7.9/libxslt-1.1.28/tests/reports'
## Running reports tests
make[4]: Leaving directory '/sources/7.9/libxslt-1.1.28/tests/reports'
make[4]: Entering directory '/sources/7.9/libxslt-1.1.28/tests/xmlspec'
## Running xmlspec tests
make[4]: Leaving directory '/sources/7.9/libxslt-1.1.28/tests/xmlspec'
make[4]: Entering directory '/sources/7.9/libxslt-1.1.28/tests/multiple'
## Running multiple tests
make[4]: Leaving directory '/sources/7.9/libxslt-1.1.28/tests/multiple'
make[4]: Entering directory '/sources/7.9/libxslt-1.1.28/tests/xinclude'
## Running XInclude test
make[4]: Leaving directory '/sources/7.9/libxslt-1.1.28/tests/xinclude'
make[4]: Entering directory '/sources/7.9/libxslt-1.1.28/tests/XSLTMark'
## Running XSLTMark tests
make[5]: Entering directory '/sources/7.9/libxslt-1.1.28/tests/XSLTMark'
perl ./dbgen.pl 100 > db100.xml
perl ./dbgen.pl 10000 > db10000.xml
perl ./dbgen.pl 1000 > db1000.xml
make[5]: Leaving directory '/sources/7.9/libxslt-1.1.28/tests/XSLTMark'
make[4]: Leaving directory '/sources/7.9/libxslt-1.1.28/tests/XSLTMark'
make[4]: Entering directory '/sources/7.9/libxslt-1.1.28/tests/docbook'
## Running docbook tests
make single
make[5]: Entering directory '/sources/7.9/libxslt-1.1.28/tests/docbook'
gdp-handbook.xml : html fo xhtml 
make[5]: Leaving directory '/sources/7.9/libxslt-1.1.28/tests/docbook'
make xtchunk
make[5]: Entering directory '/sources/7.9/libxslt-1.1.28/tests/docbook'
html-chunking
make[5]: Leaving directory '/sources/7.9/libxslt-1.1.28/tests/docbook'
make[4]: Leaving directory '/sources/7.9/libxslt-1.1.28/tests/docbook'
make[4]: Entering directory '/sources/7.9/libxslt-1.1.28/tests/exslt'
make[5]: Entering directory '/sources/7.9/libxslt-1.1.28/tests/exslt/common'
## Running exslt common tests
make[5]: Leaving directory '/sources/7.9/libxslt-1.1.28/tests/exslt/common'
make[5]: Entering directory '/sources/7.9/libxslt-1.1.28/tests/exslt/functions'
## Running exslt function tests
make[5]: Leaving directory '/sources/7.9/libxslt-1.1.28/tests/exslt/functions'
make[5]: Entering directory '/sources/7.9/libxslt-1.1.28/tests/exslt/math'
## Running exslt math tests
power.1 result
5c5
<    <result> 2.85311670611e+11</result>
---
>    <result>2.85311670611e+11</result>
make[5]: Leaving directory '/sources/7.9/libxslt-1.1.28/tests/exslt/math'
make[5]: Entering directory '/sources/7.9/libxslt-1.1.28/tests/exslt/sets'
## Running exslt sets tests
make[5]: Leaving directory '/sources/7.9/libxslt-1.1.28/tests/exslt/sets'
make[5]: Entering directory '/sources/7.9/libxslt-1.1.28/tests/exslt/strings'
## Running exslt string tests
make[5]: Leaving directory '/sources/7.9/libxslt-1.1.28/tests/exslt/strings'
make[5]: Entering directory '/sources/7.9/libxslt-1.1.28/tests/exslt/dynamic'
## Running exslt sets tests
make[5]: Leaving directory '/sources/7.9/libxslt-1.1.28/tests/exslt/dynamic'
make[5]: Entering directory '/sources/7.9/libxslt-1.1.28/tests/exslt/date'
## Running exslt date tests
#
# Inspect the following for correctness
#
## Running exslt common tests
make[5]: Leaving directory '/sources/7.9/libxslt-1.1.28/tests/exslt/date'
make[4]: Leaving directory '/sources/7.9/libxslt-1.1.28/tests/exslt'
make[4]: Entering directory '/sources/7.9/libxslt-1.1.28/tests/plugins'
## Running plugin tests
make[4]: Leaving directory '/sources/7.9/libxslt-1.1.28/tests/plugins'
make[3]: Leaving directory '/sources/7.9/libxslt-1.1.28/tests'
make[3]: Entering directory '/sources/7.9/libxslt-1.1.28/xsltproc'
## Running testThreads
Pass 1
Pass 2
Ok
make[3]: Leaving directory '/sources/7.9/libxslt-1.1.28/xsltproc'
make[3]: Entering directory '/sources/7.9/libxslt-1.1.28/python'
Making all in .
make[4]: Entering directory '/sources/7.9/libxslt-1.1.28/python'
make[4]: Nothing to be done for 'all-am'.
make[4]: Leaving directory '/sources/7.9/libxslt-1.1.28/python'
Making all in tests
make[4]: Entering directory '/sources/7.9/libxslt-1.1.28/python/tests'
make[4]: Nothing to be done for 'all'.
make[4]: Leaving directory '/sources/7.9/libxslt-1.1.28/python/tests'
cd tests && make tests
make[4]: Entering directory '/sources/7.9/libxslt-1.1.28/python/tests'
-- basic.py
OK
-- exslt.py
OK
-- extelem.py
Registered XSLT Extensions
--------------------------
Registered Extension Functions:
{http://exslt.org/math}abs
{http://exslt.org/math}power
{http://exslt.org/dates-and-times}day-name
{http://exslt.org/dates-and-times}week-in-month
{http://exslt.org/math}sqrt
{http://exslt.org/math}cos
{http://exslt.org/math}asin
{http://exslt.org/sets}trailing
{http://exslt.org/strings}align
{http://exslt.org/dates-and-times}day-in-month
{http://exslt.org/dates-and-times}day-in-year
{http://exslt.org/dates-and-times}day-of-week-in-month
{http://exslt.org/dates-and-times}difference
{http://exslt.org/dates-and-times}leap-year
{http://exslt.org/dates-and-times}second-in-minute
{http://icl.com/saxon}eval
{http://icl.com/saxon}line-number
{http://exslt.org/dynamic}evaluate
{http://exslt.org/crypto}sha1
{http://exslt.org/math}log
{http://exslt.org/sets}difference
{http://exslt.org/strings}decode-uri
{http://exslt.org/dates-and-times}day-abbreviation
{http://exslt.org/dates-and-times}sum
{http://exslt.org/dates-and-times}week-in-year
{http://www.jclark.com/xt}node-set
{http://exslt.org/sets}has-same-node
{http://exslt.org/sets}leading
{http://exslt.org/dates-and-times}time
{http://icl.com/saxon}evaluate
{http://exslt.org/common}node-set
{http://exslt.org/math}highest
{http://exslt.org/math}random
{http://exslt.org/math}atan2
{http://exslt.org/sets}distinct
{http://exslt.org/strings}encode-uri
{http://exslt.org/dates-and-times}add-duration
{http://exslt.org/dates-and-times}month-abbreviation
{http://exslt.org/dates-and-times}year
{http://exslt.org/common}object-type
{http://exslt.org/crypto}md4
{http://exslt.org/dates-and-times}duration
{http://exslt.org/dates-and-times}month-in-year
{http://xmlsoft.org/XSLT/namespace}node-set
{http://exslt.org/crypto}rc4_encrypt
{http://exslt.org/crypto}rc4_decrypt
{http://exslt.org/strings}split
{http://exslt.org/strings}concat
{http://exslt.org/dates-and-times}date
{http://exslt.org/dynamic}map
{http://icl.com/saxon}node-set
{http://nwalsh.com/xslt/ext/com.nwalsh.saxon.CVS}localTime
{http://exslt.org/crypto}md5
{http://exslt.org/math}max
{http://exslt.org/math}lowest
{http://exslt.org/math}sin
{http://exslt.org/math}tan
{http://exslt.org/math}exp
{http://exslt.org/sets}intersection
{http://exslt.org/strings}tokenize
{http://exslt.org/dates-and-times}add
{http://exslt.org/dates-and-times}date-time
{http://exslt.org/dates-and-times}seconds
{http://icl.com/saxon}expression
{http://exslt.org/math}constant
{http://exslt.org/math}acos
{http://exslt.org/strings}padding
{http://exslt.org/dates-and-times}day-in-week
{http://exslt.org/dates-and-times}minute-in-hour
{http://exslt.org/math}min
{http://exslt.org/math}atan
{http://exslt.org/strings}replace
{http://exslt.org/dates-and-times}hour-in-day
{http://exslt.org/dates-and-times}month-name
{http://icl.com/saxon}systemId

Registered Extension Elements:
{http://xmlsoft.org/XSLT/namespace}debug
{http://icl.com/saxon}output
{org.apache.xalan.xslt.extensions.Redirect}write
{http://www.w3.org/1999/XSL/Transform}document
{http://exslt.org/common}document
{http://exslt.org/functions}result
{http://www.jclark.com/xt}document
{http://example.com/foo}test

Registered Extension Modules:
http://icl.com/saxon
http://exslt.org/functions
<?xml version="1.0"?>
<article>SUCCESS</article>
<deeper><article>SUCCESS</article></deeper>
OK
-- extfunc.py
OK
make[4]: Leaving directory '/sources/7.9/libxslt-1.1.28/python/tests'
make[3]: Leaving directory '/sources/7.9/libxslt-1.1.28/python'
make[2]: Leaving directory '/sources/7.9/libxslt-1.1.28'
make[1]: Leaving directory '/sources/7.9/libxslt-1.1.28'
Making install in libxslt
make[1]: Entering directory '/sources/7.9/libxslt-1.1.28/libxslt'
make[2]: Entering directory '/sources/7.9/libxslt-1.1.28/libxslt'
 /bin/mkdir -p '/usr/lib'
 /bin/sh ../libtool   --mode=install /usr/bin/install -c   libxslt.la '/usr/lib'
libtool: install: /usr/bin/install -c .libs/libxslt.so.1.1.28 /usr/lib/libxslt.so.1.1.28
libtool: install: (cd /usr/lib && { ln -s -f libxslt.so.1.1.28 libxslt.so.1 || { rm -f libxslt.so.1 && ln -s libxslt.so.1.1.28 libxslt.so.1; }; })
libtool: install: (cd /usr/lib && { ln -s -f libxslt.so.1.1.28 libxslt.so || { rm -f libxslt.so && ln -s libxslt.so.1.1.28 libxslt.so; }; })
libtool: install: /usr/bin/install -c .libs/libxslt.lai /usr/lib/libxslt.la
libtool: finish: PATH="/bin:/usr/ucb:/usr/bin:/usr/sbin:/sbin:/usr/etc:/etc:/sbin" ldconfig -n /usr/lib
----------------------------------------------------------------------
Libraries have been installed in:
   /usr/lib

If you ever happen to want to link against installed libraries
in a given directory, LIBDIR, you must either use libtool, and
specify the full pathname of the library, or use the `-LLIBDIR'
flag during linking and do at least one of the following:
   - add LIBDIR to the `LD_LIBRARY_PATH' environment variable
     during execution
   - add LIBDIR to the `LD_RUN_PATH' environment variable
     during linking
   - use the `-Wl,-rpath -Wl,LIBDIR' linker flag
   - have your system administrator add LIBDIR to `/etc/ld.so.conf'

See any operating system documentation about shared libraries for
more information, such as the ld(1) and ld.so(8) manual pages.
----------------------------------------------------------------------
make  install-exec-hook
make[3]: Entering directory '/sources/7.9/libxslt-1.1.28/libxslt'
/bin/mkdir -p "/usr/lib/libxslt-plugins"
make[3]: Leaving directory '/sources/7.9/libxslt-1.1.28/libxslt'
 /bin/mkdir -p '/usr/share/man/man3'
 /usr/bin/install -c -m 644 libxslt.3 '/usr/share/man/man3'
 /bin/mkdir -p '/usr/include/libxslt'
 /usr/bin/install -c -m 644 xslt.h xsltutils.h pattern.h templates.h variables.h keys.h numbersInternals.h extensions.h extra.h functions.h namespaces.h imports.h attributes.h documents.h preproc.h transform.h security.h xsltInternals.h xsltconfig.h xsltexports.h xsltlocale.h '/usr/include/libxslt'
make[2]: Leaving directory '/sources/7.9/libxslt-1.1.28/libxslt'
make[1]: Leaving directory '/sources/7.9/libxslt-1.1.28/libxslt'
Making install in libexslt
make[1]: Entering directory '/sources/7.9/libxslt-1.1.28/libexslt'
make[2]: Entering directory '/sources/7.9/libxslt-1.1.28/libexslt'
 /bin/mkdir -p '/usr/lib'
 /bin/sh ../libtool   --mode=install /usr/bin/install -c   libexslt.la '/usr/lib'
libtool: install: (cd /sources/7.9/libxslt-1.1.28/libexslt; /bin/sh /sources/7.9/libxslt-1.1.28/libtool  --silent --tag CC --mode=relink gcc -I/usr/include/libxml2 -g -O2 -Wall -version-info 8:17:8 -o libexslt.la -rpath /usr/lib exslt.lo common.lo crypto.lo math.lo sets.lo functions.lo strings.lo date.lo saxon.lo dynamic.lo ../libxslt/libxslt.la -lgcrypt -lgpg-error )
libtool: install: /usr/bin/install -c .libs/libexslt.so.0.8.17T /usr/lib/libexslt.so.0.8.17
libtool: install: (cd /usr/lib && { ln -s -f libexslt.so.0.8.17 libexslt.so.0 || { rm -f libexslt.so.0 && ln -s libexslt.so.0.8.17 libexslt.so.0; }; })
libtool: install: (cd /usr/lib && { ln -s -f libexslt.so.0.8.17 libexslt.so || { rm -f libexslt.so && ln -s libexslt.so.0.8.17 libexslt.so; }; })
libtool: install: /usr/bin/install -c .libs/libexslt.lai /usr/lib/libexslt.la
libtool: finish: PATH="/bin:/usr/ucb:/usr/bin:/usr/sbin:/sbin:/usr/etc:/etc:/sbin" ldconfig -n /usr/lib
----------------------------------------------------------------------
Libraries have been installed in:
   /usr/lib

If you ever happen to want to link against installed libraries
in a given directory, LIBDIR, you must either use libtool, and
specify the full pathname of the library, or use the `-LLIBDIR'
flag during linking and do at least one of the following:
   - add LIBDIR to the `LD_LIBRARY_PATH' environment variable
     during execution
   - add LIBDIR to the `LD_RUN_PATH' environment variable
     during linking
   - use the `-Wl,-rpath -Wl,LIBDIR' linker flag
   - have your system administrator add LIBDIR to `/etc/ld.so.conf'

See any operating system documentation about shared libraries for
more information, such as the ld(1) and ld.so(8) manual pages.
----------------------------------------------------------------------
 /bin/mkdir -p '/usr/include/libexslt'
 /usr/bin/install -c -m 644 exslt.h exsltconfig.h exsltexports.h '/usr/include/libexslt'
 /bin/mkdir -p '/usr/share/man/man3'
 /usr/bin/install -c -m 644 libexslt.3 '/usr/share/man/man3'
make[2]: Leaving directory '/sources/7.9/libxslt-1.1.28/libexslt'
make[1]: Leaving directory '/sources/7.9/libxslt-1.1.28/libexslt'
Making install in xsltproc
make[1]: Entering directory '/sources/7.9/libxslt-1.1.28/xsltproc'
make[2]: Entering directory '/sources/7.9/libxslt-1.1.28/xsltproc'
 /bin/mkdir -p '/usr/bin'
  /bin/sh ../libtool   --mode=install /usr/bin/install -c xsltproc '/usr/bin'
libtool: install: /usr/bin/install -c .libs/xsltproc /usr/bin/xsltproc
make[2]: Nothing to be done for 'install-data-am'.
make[2]: Leaving directory '/sources/7.9/libxslt-1.1.28/xsltproc'
make[1]: Leaving directory '/sources/7.9/libxslt-1.1.28/xsltproc'
Making install in doc
make[1]: Entering directory '/sources/7.9/libxslt-1.1.28/doc'
make[2]: Entering directory '/sources/7.9/libxslt-1.1.28/doc'
make[2]: Nothing to be done for 'install-exec-am'.
/bin/mkdir -p /usr/share/doc/libxslt-1.1.28/html
/usr/bin/install -c -m 0644 ./*.html /usr/share/doc/libxslt-1.1.28/html
/usr/bin/install -c -m 0644 ./*.gif /usr/share/doc/libxslt-1.1.28/html
/bin/mkdir -p /usr/share/doc/libxslt-1.1.28/html/html
/usr/bin/install -c -m 0644 ./html/*.html /usr/share/doc/libxslt-1.1.28/html/html
/usr/bin/install -c -m 0644 ./html/*.png /usr/share/doc/libxslt-1.1.28/html/html
/usr/bin/install -c -m 0644 ./html/index.sgml /usr/share/doc/libxslt-1.1.28/html/html
Makefile:842: recipe for target 'install-data-local' failed
/bin/mkdir -p /usr/share/doc/libxslt-1.1.28/html/EXSLT
/usr/bin/install -c -m 0644 ./EXSLT/*.html /usr/share/doc/libxslt-1.1.28/html/EXSLT
/bin/mkdir -p /usr/share/doc/libxslt-1.1.28/html/tutorial
/usr/bin/install -c -m 0644 ./tutorial/* /usr/share/doc/libxslt-1.1.28/html/tutorial
/bin/mkdir -p /usr/share/doc/libxslt-1.1.28/html/tutorial2
/usr/bin/install -c -m 0644 ./tutorial2/* /usr/share/doc/libxslt-1.1.28/html/tutorial2
 /bin/mkdir -p '/usr/share/man/man1'
 /usr/bin/install -c -m 644 xsltproc.1 '/usr/share/man/man1'
make[2]: Leaving directory '/sources/7.9/libxslt-1.1.28/doc'
make[1]: Leaving directory '/sources/7.9/libxslt-1.1.28/doc'
Making install in python
make[1]: Entering directory '/sources/7.9/libxslt-1.1.28/python'
Making install in .
make[2]: Entering directory '/sources/7.9/libxslt-1.1.28/python'
make[3]: Entering directory '/sources/7.9/libxslt-1.1.28/python'
make[3]: Nothing to be done for 'install-exec-am'.
/bin/mkdir -p /usr/lib/python2.7/site-packages
/usr/bin/install -c -m 0644 libxslt.py /usr/lib/python2.7/site-packages
/bin/mkdir -p /usr/share/doc/libxslt-python-1.1.28
 /bin/mkdir -p '/usr/lib/python2.7/site-packages'
 /bin/sh ../libtool   --mode=install /usr/bin/install -c   libxsltmod.la '/usr/lib/python2.7/site-packages'
libtool: install: (cd /sources/7.9/libxslt-1.1.28/python; /bin/sh /sources/7.9/libxslt-1.1.28/libtool  --silent --tag CC --mode=relink gcc -I/usr/include/libxml2 -g -O2 -Wall -module -avoid-version -o libxsltmod.la -rpath /usr/lib/python2.7/site-packages libxsltmod_la-libxslt.lo libxsltmod_la-types.lo libxsltmod_la-libxslt-py.lo ../libxslt/libxslt.la ../libexslt/libexslt.la -lpython2.7 -lpthread -ldl -lutil -lm )
libtool: install: /usr/bin/install -c .libs/libxsltmod.soT /usr/lib/python2.7/site-packages/libxsltmod.so
libtool: install: /usr/bin/install -c .libs/libxsltmod.lai /usr/lib/python2.7/site-packages/libxsltmod.la
libtool: finish: PATH="/bin:/usr/ucb:/usr/bin:/usr/sbin:/sbin:/usr/etc:/etc:/sbin" ldconfig -n /usr/lib/python2.7/site-packages
----------------------------------------------------------------------
Libraries have been installed in:
   /usr/lib/python2.7/site-packages

If you ever happen to want to link against installed libraries
in a given directory, LIBDIR, you must either use libtool, and
specify the full pathname of the library, or use the `-LLIBDIR'
flag during linking and do at least one of the following:
   - add LIBDIR to the `LD_LIBRARY_PATH' environment variable
     during execution
   - add LIBDIR to the `LD_RUN_PATH' environment variable
     during linking
   - use the `-Wl,-rpath -Wl,LIBDIR' linker flag
   - have your system administrator add LIBDIR to `/etc/ld.so.conf'

See any operating system documentation about shared libraries for
more information, such as the ld(1) and ld.so(8) manual pages.
----------------------------------------------------------------------
make[3]: Leaving directory '/sources/7.9/libxslt-1.1.28/python'
make[2]: Leaving directory '/sources/7.9/libxslt-1.1.28/python'
Making install in tests
make[2]: Entering directory '/sources/7.9/libxslt-1.1.28/python/tests'
make[3]: Entering directory '/sources/7.9/libxslt-1.1.28/python/tests'
make[3]: Nothing to be done for 'install-exec-am'.
/bin/mkdir -p /usr/share/doc/libxslt-python-1.1.28/examples
(for test in basic.py exslt.py extelem.py extfunc.py test.xml test.xsl pyxsltproc.py; \
  do /usr/bin/install -c -m 0644 ./$test /usr/share/doc/libxslt-python-1.1.28/examples ; done)
make[3]: Leaving directory '/sources/7.9/libxslt-1.1.28/python/tests'
make[2]: Leaving directory '/sources/7.9/libxslt-1.1.28/python/tests'
make[1]: Leaving directory '/sources/7.9/libxslt-1.1.28/python'
Making install in tests
make[1]: Entering directory '/sources/7.9/libxslt-1.1.28/tests'
Making install in docs
make[2]: Entering directory '/sources/7.9/libxslt-1.1.28/tests/docs'
make[3]: Entering directory '/sources/7.9/libxslt-1.1.28/tests/docs'
make[3]: Nothing to be done for 'install-exec-am'.
make[3]: Nothing to be done for 'install-data-am'.
make[3]: Leaving directory '/sources/7.9/libxslt-1.1.28/tests/docs'
make[2]: Leaving directory '/sources/7.9/libxslt-1.1.28/tests/docs'
Making install in REC1
make[2]: Entering directory '/sources/7.9/libxslt-1.1.28/tests/REC1'
make[3]: Entering directory '/sources/7.9/libxslt-1.1.28/tests/REC1'
make[3]: Nothing to be done for 'install-exec-am'.
make[3]: Nothing to be done for 'install-data-am'.
make[3]: Leaving directory '/sources/7.9/libxslt-1.1.28/tests/REC1'
make[2]: Leaving directory '/sources/7.9/libxslt-1.1.28/tests/REC1'
Making install in REC2
make[2]: Entering directory '/sources/7.9/libxslt-1.1.28/tests/REC2'
make[3]: Entering directory '/sources/7.9/libxslt-1.1.28/tests/REC2'
make[3]: Nothing to be done for 'install-exec-am'.
make[3]: Nothing to be done for 'install-data-am'.
make[3]: Leaving directory '/sources/7.9/libxslt-1.1.28/tests/REC2'
make[2]: Leaving directory '/sources/7.9/libxslt-1.1.28/tests/REC2'
Making install in REC
make[2]: Entering directory '/sources/7.9/libxslt-1.1.28/tests/REC'
make[3]: Entering directory '/sources/7.9/libxslt-1.1.28/tests/REC'
make[3]: Nothing to be done for 'install-exec-am'.
make[3]: Nothing to be done for 'install-data-am'.
make[3]: Leaving directory '/sources/7.9/libxslt-1.1.28/tests/REC'
make[2]: Leaving directory '/sources/7.9/libxslt-1.1.28/tests/REC'
Making install in general
make[2]: Entering directory '/sources/7.9/libxslt-1.1.28/tests/general'
make[3]: Entering directory '/sources/7.9/libxslt-1.1.28/tests/general'
make[3]: Nothing to be done for 'install-exec-am'.
make[3]: Nothing to be done for 'install-data-am'.
make[3]: Leaving directory '/sources/7.9/libxslt-1.1.28/tests/general'
make[2]: Leaving directory '/sources/7.9/libxslt-1.1.28/tests/general'
Making install in namespaces
make[2]: Entering directory '/sources/7.9/libxslt-1.1.28/tests/namespaces'
make[3]: Entering directory '/sources/7.9/libxslt-1.1.28/tests/namespaces'
make[3]: Nothing to be done for 'install-exec-am'.
make[3]: Nothing to be done for 'install-data-am'.
make[3]: Leaving directory '/sources/7.9/libxslt-1.1.28/tests/namespaces'
make[2]: Leaving directory '/sources/7.9/libxslt-1.1.28/tests/namespaces'
Making install in keys
make[2]: Entering directory '/sources/7.9/libxslt-1.1.28/tests/keys'
make[3]: Entering directory '/sources/7.9/libxslt-1.1.28/tests/keys'
make[3]: Nothing to be done for 'install-exec-am'.
make[3]: Nothing to be done for 'install-data-am'.
make[3]: Leaving directory '/sources/7.9/libxslt-1.1.28/tests/keys'
make[2]: Leaving directory '/sources/7.9/libxslt-1.1.28/tests/keys'
Making install in numbers
make[2]: Entering directory '/sources/7.9/libxslt-1.1.28/tests/numbers'
make[3]: Entering directory '/sources/7.9/libxslt-1.1.28/tests/numbers'
make[3]: Nothing to be done for 'install-exec-am'.
make[3]: Nothing to be done for 'install-data-am'.
make[3]: Leaving directory '/sources/7.9/libxslt-1.1.28/tests/numbers'
make[2]: Leaving directory '/sources/7.9/libxslt-1.1.28/tests/numbers'
Making install in documents
make[2]: Entering directory '/sources/7.9/libxslt-1.1.28/tests/documents'
make[3]: Entering directory '/sources/7.9/libxslt-1.1.28/tests/documents'
make[3]: Nothing to be done for 'install-exec-am'.
make[3]: Nothing to be done for 'install-data-am'.
make[3]: Leaving directory '/sources/7.9/libxslt-1.1.28/tests/documents'
make[2]: Leaving directory '/sources/7.9/libxslt-1.1.28/tests/documents'
Making install in extensions
make[2]: Entering directory '/sources/7.9/libxslt-1.1.28/tests/extensions'
make[3]: Entering directory '/sources/7.9/libxslt-1.1.28/tests/extensions'
make[3]: Nothing to be done for 'install-exec-am'.
make[3]: Nothing to be done for 'install-data-am'.
make[3]: Leaving directory '/sources/7.9/libxslt-1.1.28/tests/extensions'
make[2]: Leaving directory '/sources/7.9/libxslt-1.1.28/tests/extensions'
Making install in reports
make[2]: Entering directory '/sources/7.9/libxslt-1.1.28/tests/reports'
make[3]: Entering directory '/sources/7.9/libxslt-1.1.28/tests/reports'
make[3]: Nothing to be done for 'install-exec-am'.
make[3]: Nothing to be done for 'install-data-am'.
make[3]: Leaving directory '/sources/7.9/libxslt-1.1.28/tests/reports'
make[2]: Leaving directory '/sources/7.9/libxslt-1.1.28/tests/reports'
Making install in xmlspec
make[2]: Entering directory '/sources/7.9/libxslt-1.1.28/tests/xmlspec'
make[3]: Entering directory '/sources/7.9/libxslt-1.1.28/tests/xmlspec'
make[3]: Nothing to be done for 'install-exec-am'.
make[3]: Nothing to be done for 'install-data-am'.
make[3]: Leaving directory '/sources/7.9/libxslt-1.1.28/tests/xmlspec'
make[2]: Leaving directory '/sources/7.9/libxslt-1.1.28/tests/xmlspec'
Making install in multiple
make[2]: Entering directory '/sources/7.9/libxslt-1.1.28/tests/multiple'
make[3]: Entering directory '/sources/7.9/libxslt-1.1.28/tests/multiple'
make[3]: Nothing to be done for 'install-exec-am'.
make[3]: Nothing to be done for 'install-data-am'.
make[3]: Leaving directory '/sources/7.9/libxslt-1.1.28/tests/multiple'
make[2]: Leaving directory '/sources/7.9/libxslt-1.1.28/tests/multiple'
Making install in xinclude
make[2]: Entering directory '/sources/7.9/libxslt-1.1.28/tests/xinclude'
make[3]: Entering directory '/sources/7.9/libxslt-1.1.28/tests/xinclude'
make[3]: Nothing to be done for 'install-exec-am'.
make[3]: Nothing to be done for 'install-data-am'.
make[3]: Leaving directory '/sources/7.9/libxslt-1.1.28/tests/xinclude'
make[2]: Leaving directory '/sources/7.9/libxslt-1.1.28/tests/xinclude'
Making install in XSLTMark
make[2]: Entering directory '/sources/7.9/libxslt-1.1.28/tests/XSLTMark'
make[3]: Entering directory '/sources/7.9/libxslt-1.1.28/tests/XSLTMark'
make[3]: Nothing to be done for 'install-exec-am'.
make[3]: Nothing to be done for 'install-data-am'.
make[3]: Leaving directory '/sources/7.9/libxslt-1.1.28/tests/XSLTMark'
make[2]: Leaving directory '/sources/7.9/libxslt-1.1.28/tests/XSLTMark'
Making install in docbook
make[2]: Entering directory '/sources/7.9/libxslt-1.1.28/tests/docbook'
make[3]: Entering directory '/sources/7.9/libxslt-1.1.28/tests/docbook'
make[3]: Nothing to be done for 'install-exec-am'.
make[3]: Nothing to be done for 'install-data-am'.
make[3]: Leaving directory '/sources/7.9/libxslt-1.1.28/tests/docbook'
make[2]: Leaving directory '/sources/7.9/libxslt-1.1.28/tests/docbook'
Making install in exslt
make[2]: Entering directory '/sources/7.9/libxslt-1.1.28/tests/exslt'
Making install in common
make[3]: Entering directory '/sources/7.9/libxslt-1.1.28/tests/exslt/common'
make[4]: Entering directory '/sources/7.9/libxslt-1.1.28/tests/exslt/common'
make[4]: Nothing to be done for 'install-exec-am'.
make[4]: Nothing to be done for 'install-data-am'.
make[4]: Leaving directory '/sources/7.9/libxslt-1.1.28/tests/exslt/common'
make[3]: Leaving directory '/sources/7.9/libxslt-1.1.28/tests/exslt/common'
Making install in functions
make[3]: Entering directory '/sources/7.9/libxslt-1.1.28/tests/exslt/functions'
make[4]: Entering directory '/sources/7.9/libxslt-1.1.28/tests/exslt/functions'
make[4]: Nothing to be done for 'install-exec-am'.
make[4]: Nothing to be done for 'install-data-am'.
make[4]: Leaving directory '/sources/7.9/libxslt-1.1.28/tests/exslt/functions'
make[3]: Leaving directory '/sources/7.9/libxslt-1.1.28/tests/exslt/functions'
Making install in math
make[3]: Entering directory '/sources/7.9/libxslt-1.1.28/tests/exslt/math'
make[4]: Entering directory '/sources/7.9/libxslt-1.1.28/tests/exslt/math'
make[4]: Nothing to be done for 'install-exec-am'.
make[4]: Nothing to be done for 'install-data-am'.
make[4]: Leaving directory '/sources/7.9/libxslt-1.1.28/tests/exslt/math'
make[3]: Leaving directory '/sources/7.9/libxslt-1.1.28/tests/exslt/math'
Making install in sets
make[3]: Entering directory '/sources/7.9/libxslt-1.1.28/tests/exslt/sets'
make[4]: Entering directory '/sources/7.9/libxslt-1.1.28/tests/exslt/sets'
make[4]: Nothing to be done for 'install-exec-am'.
make[4]: Nothing to be done for 'install-data-am'.
make[4]: Leaving directory '/sources/7.9/libxslt-1.1.28/tests/exslt/sets'
make[3]: Leaving directory '/sources/7.9/libxslt-1.1.28/tests/exslt/sets'
Making install in strings
make[3]: Entering directory '/sources/7.9/libxslt-1.1.28/tests/exslt/strings'
make[4]: Entering directory '/sources/7.9/libxslt-1.1.28/tests/exslt/strings'
make[4]: Nothing to be done for 'install-exec-am'.
make[4]: Nothing to be done for 'install-data-am'.
make[4]: Leaving directory '/sources/7.9/libxslt-1.1.28/tests/exslt/strings'
make[3]: Leaving directory '/sources/7.9/libxslt-1.1.28/tests/exslt/strings'
Making install in dynamic
make[3]: Entering directory '/sources/7.9/libxslt-1.1.28/tests/exslt/dynamic'
make[4]: Entering directory '/sources/7.9/libxslt-1.1.28/tests/exslt/dynamic'
make[4]: Nothing to be done for 'install-exec-am'.
make[4]: Nothing to be done for 'install-data-am'.
make[4]: Leaving directory '/sources/7.9/libxslt-1.1.28/tests/exslt/dynamic'
make[3]: Leaving directory '/sources/7.9/libxslt-1.1.28/tests/exslt/dynamic'
Making install in date
make[3]: Entering directory '/sources/7.9/libxslt-1.1.28/tests/exslt/date'
make[4]: Entering directory '/sources/7.9/libxslt-1.1.28/tests/exslt/date'
make[4]: Nothing to be done for 'install-exec-am'.
make[4]: Nothing to be done for 'install-data-am'.
make[4]: Leaving directory '/sources/7.9/libxslt-1.1.28/tests/exslt/date'
make[3]: Leaving directory '/sources/7.9/libxslt-1.1.28/tests/exslt/date'
make[3]: Entering directory '/sources/7.9/libxslt-1.1.28/tests/exslt'
make[4]: Entering directory '/sources/7.9/libxslt-1.1.28/tests/exslt'
make[4]: Nothing to be done for 'install-exec-am'.
make[4]: Nothing to be done for 'install-data-am'.
make[4]: Leaving directory '/sources/7.9/libxslt-1.1.28/tests/exslt'
make[3]: Leaving directory '/sources/7.9/libxslt-1.1.28/tests/exslt'
make[2]: Leaving directory '/sources/7.9/libxslt-1.1.28/tests/exslt'
Making install in plugins
make[2]: Entering directory '/sources/7.9/libxslt-1.1.28/tests/plugins'
make[3]: Entering directory '/sources/7.9/libxslt-1.1.28/tests/plugins'
make[3]: Nothing to be done for 'install-exec-am'.
make[3]: Nothing to be done for 'install-data-am'.
make[3]: Leaving directory '/sources/7.9/libxslt-1.1.28/tests/plugins'
make[2]: Leaving directory '/sources/7.9/libxslt-1.1.28/tests/plugins'
make[2]: Entering directory '/sources/7.9/libxslt-1.1.28/tests'
make[3]: Entering directory '/sources/7.9/libxslt-1.1.28/tests'
make[3]: Nothing to be done for 'install-exec-am'.
make[3]: Nothing to be done for 'install-data-am'.
make[3]: Leaving directory '/sources/7.9/libxslt-1.1.28/tests'
make[2]: Leaving directory '/sources/7.9/libxslt-1.1.28/tests'
make[1]: Leaving directory '/sources/7.9/libxslt-1.1.28/tests'
make[1]: Entering directory '/sources/7.9/libxslt-1.1.28'
make[2]: Entering directory '/sources/7.9/libxslt-1.1.28'
 /bin/mkdir -p '/usr/bin'
 /usr/bin/install -c xslt-config '/usr/bin'
 /bin/mkdir -p '/usr/lib'
 /usr/bin/install -c -m 644 xsltConf.sh '/usr/lib'
 /bin/mkdir -p '/usr/share/aclocal'
 /usr/bin/install -c -m 644 libxslt.m4 '/usr/share/aclocal'
 /bin/mkdir -p '/usr/lib/pkgconfig'
 /usr/bin/install -c -m 644 libxslt.pc libexslt.pc '/usr/lib/pkgconfig'
make[2]: Leaving directory '/sources/7.9/libxslt-1.1.28'
make[1]: Leaving directory '/sources/7.9/libxslt-1.1.28'
