  GEN      public-submodule-commit
make  check-recursive
make[1]: Entering directory '/sources/7.9/coreutils-8.25'
Making check in po
make[2]: Entering directory '/sources/7.9/coreutils-8.25/po'
make[2]: Nothing to be done for 'check'.
make[2]: Leaving directory '/sources/7.9/coreutils-8.25/po'
Making check in .
make[2]: Entering directory '/sources/7.9/coreutils-8.25'
make  check-TESTS check-local
make[3]: Entering directory '/sources/7.9/coreutils-8.25'
  GEN      check-README
  GEN      sc-avoid-builtin
  GEN      sc-avoid-io
  GEN      sc-avoid-non-zero
  GEN      sc-avoid-path
  GEN      sc-avoid-timezone
  GEN      sc-avoid-zeroes
  GEN      sc-exponent-grouping
  GEN      sc-lower-case-var
  GEN      check-duplicate-no-install
  GEN      check-texinfo
make[4]: Entering directory '/sources/7.9/coreutils-8.25'
  GEN      tests/factor/t00.sh
  GEN      tests/factor/t01.sh
  GEN      tests/factor/t02.sh
  GEN      tests/factor/t03.sh
  GEN      tests/factor/t04.sh
  GEN      tests/factor/t05.sh
  GEN      tests/factor/t06.sh
  GEN      tests/factor/t07.sh
  GEN      tests/factor/t08.sh
  GEN      tests/factor/t09.sh
  GEN      tests/factor/t10.sh
  GEN      tests/factor/t11.sh
  GEN      tests/factor/t12.sh
  GEN      tests/factor/t13.sh
  GEN      tests/factor/t14.sh
  GEN      tests/factor/t15.sh
  GEN      tests/factor/t16.sh
  GEN      tests/factor/t17.sh
  GEN      tests/factor/t18.sh
  GEN      tests/factor/t19.sh
  GEN      tests/factor/t20.sh
  GEN      tests/factor/t21.sh
  GEN      tests/factor/t22.sh
  GEN      tests/factor/t23.sh
  GEN      tests/factor/t24.sh
  GEN      tests/factor/t25.sh
  GEN      tests/factor/t26.sh
  GEN      tests/factor/t27.sh
  GEN      tests/factor/t28.sh
  GEN      tests/factor/t29.sh
  GEN      tests/factor/t30.sh
  GEN      tests/factor/t31.sh
  GEN      tests/factor/t32.sh
  GEN      tests/factor/t33.sh
  GEN      tests/factor/t34.sh
  GEN      tests/factor/t35.sh
  GEN      tests/factor/t36.sh
PASS: tests/misc/help-version.sh
PASS: tests/tail-2/inotify-race.sh
PASS: tests/misc/invalid-opt.pl
SKIP: tests/rm/ext3-perf.sh
PASS: tests/rm/cycle.sh
PASS: tests/tail-2/inotify-race2.sh
SKIP: tests/cp/no-ctx.sh
SKIP: tests/misc/tty-eof.pl
PASS: tests/tail-2/inotify-hash-abuse.sh
PASS: tests/tail-2/inotify-hash-abuse2.sh
PASS: tests/tail-2/F-vs-missing.sh
PASS: tests/tail-2/F-vs-rename.sh
PASS: tests/tail-2/F-headers.sh
PASS: tests/tail-2/descriptor-vs-rename.sh
PASS: tests/tail-2/inotify-rotate.sh
SKIP: tests/tail-2/inotify-rotate-resources.sh
PASS: tests/chmod/no-x.sh
SKIP: tests/chgrp/basic.sh
PASS: tests/rm/dangling-symlink.sh
PASS: tests/cp/link-heap.sh
PASS: tests/rm/d-1.sh
PASS: tests/rm/d-2.sh
PASS: tests/rm/d-3.sh
PASS: tests/rm/deep-1.sh
PASS: tests/rm/deep-2.sh
PASS: tests/rm/dir-no-w.sh
PASS: tests/rm/dir-nonrecur.sh
PASS: tests/rm/dot-rel.sh
PASS: tests/rm/isatty.sh
PASS: tests/rm/empty-inacc.sh
PASS: tests/rm/empty-name.pl
PASS: tests/rm/f-1.sh
PASS: tests/rm/fail-eacces.sh
PASS: tests/rm/fail-eperm.xpl
PASS: tests/tail-2/assert.sh
PASS: tests/misc/ls-time.sh
PASS: tests/rm/i-1.sh
PASS: tests/rm/i-never.sh
PASS: tests/rm/i-no-r.sh
PASS: tests/rm/ignorable.sh
PASS: tests/rm/inaccessible.sh
PASS: tests/rm/interactive-always.sh
PASS: tests/rm/interactive-once.sh
PASS: tests/rm/ir-1.sh
PASS: tests/rm/one-file-system2.sh
PASS: tests/rm/r-1.sh
PASS: tests/rm/r-2.sh
PASS: tests/rm/r-3.sh
PASS: tests/rm/r-4.sh
PASS: tests/rm/hash.sh
SKIP: tests/rm/r-root.sh
PASS: tests/rm/rm1.sh
PASS: tests/rm/readdir-bug.sh
PASS: tests/rm/rm2.sh
PASS: tests/rm/rm3.sh
PASS: tests/rm/rm4.sh
PASS: tests/rm/rm5.sh
PASS: tests/rm/sunos-1.sh
PASS: tests/rm/unread2.sh
PASS: tests/rm/unread3.sh
PASS: tests/rm/unreadable.pl
PASS: tests/rm/v-slash.sh
PASS: tests/touch/empty-file.sh
SKIP: tests/chgrp/default-no-deref.sh
SKIP: tests/chgrp/deref.sh
SKIP: tests/chgrp/no-x.sh
SKIP: tests/chgrp/posix-H.sh
SKIP: tests/chgrp/recurse.sh
PASS: tests/fmt/base.pl
PASS: tests/fmt/long-line.sh
PASS: tests/fmt/goal-option.sh
PASS: tests/misc/env.sh
PASS: tests/misc/ptx.pl
PASS: tests/misc/test.pl
PASS: tests/misc/seq.pl
PASS: tests/misc/seq-long-double.sh
PASS: tests/misc/seq-precision.sh
PASS: tests/misc/head.pl
PASS: tests/rm/many-dir-entries-vs-OOM.sh
PASS: tests/tail-2/tail-n0f.sh
PASS: tests/misc/ls-misc.pl
PASS: tests/misc/head-elide-tail.pl
PASS: tests/misc/date-next-dow.pl
PASS: tests/misc/ptx-overrun.sh
PASS: tests/misc/xstrtol.pl
PASS: tests/misc/date.pl
PASS: tests/misc/od.pl
PASS: tests/misc/od-endian.sh
PASS: tests/misc/od-float.sh
PASS: tests/misc/mktemp.pl
SKIP: tests/misc/arch.sh
PASS: tests/misc/join.pl
PASS: tests/tail-2/pid.sh
PASS: tests/misc/pwd-option.sh
PASS: tests/misc/chcon-fail.sh
SKIP: tests/misc/coreutils.sh
PASS: tests/misc/cut.pl
PASS: tests/misc/cut-huge-range.sh
PASS: tests/misc/wc.pl
PASS: tests/misc/wc-files0-from.pl
PASS: tests/misc/wc-files0.sh
PASS: tests/pr/pr-tests.pl
PASS: tests/misc/wc-proc.sh
PASS: tests/misc/cat-proc.sh
PASS: tests/misc/wc-parallel.sh
PASS: tests/misc/cat-self.sh
PASS: tests/misc/cat-buf.sh
PASS: tests/misc/basename.pl
PASS: tests/misc/close-stdout.sh
PASS: tests/misc/chroot-fail.sh
PASS: tests/misc/comm.pl
PASS: tests/misc/csplit.sh
PASS: tests/misc/csplit-1000.sh
PASS: tests/misc/base64.pl
PASS: tests/misc/csplit-heap.sh
PASS: tests/misc/csplit-io-err.sh
PASS: tests/misc/date-sec.sh
PASS: tests/misc/dircolors.pl
PASS: tests/misc/csplit-suppress-matched.pl
PASS: tests/misc/env-null.sh
PASS: tests/misc/dirname.pl
PASS: tests/misc/expand.pl
PASS: tests/misc/factor.pl
PASS: tests/misc/expr.pl
PASS: tests/misc/false-status.sh
PASS: tests/misc/fold.pl
PASS: tests/misc/groups-dash.sh
PASS: tests/misc/groups-version.sh
PASS: tests/misc/head-c.sh
PASS: tests/misc/head-pos.sh
PASS: tests/misc/head-write-error.sh
PASS: tests/misc/factor-parallel.sh
PASS: tests/misc/kill.sh
PASS: tests/misc/md5sum-bsd.sh
PASS: tests/misc/md5sum.pl
PASS: tests/misc/md5sum-newline.pl
PASS: tests/misc/mknod.sh
PASS: tests/misc/md5sum-parallel.sh
PASS: tests/misc/nice-fail.sh
PASS: tests/misc/nl.sh
PASS: tests/misc/nice.sh
PASS: tests/misc/nohup.sh
PASS: tests/misc/nproc-avail.sh
PASS: tests/misc/nproc-positive.sh
PASS: tests/misc/od-N.sh
PASS: tests/misc/od-j.sh
PASS: tests/misc/numfmt.pl
PASS: tests/misc/od-x8.sh
PASS: tests/misc/paste.pl
PASS: tests/misc/pathchk1.sh
PASS: tests/misc/printenv.sh
PASS: tests/misc/printf.sh
PASS: tests/misc/printf-cov.pl
PASS: tests/misc/printf-hex.sh
PASS: tests/misc/printf-surprise.sh
PASS: tests/misc/printf-quote.sh
PASS: tests/misc/pwd-long.sh
PASS: tests/misc/readlink-fp-loop.sh
PASS: tests/misc/readlink-root.sh
PASS: tests/misc/realpath.sh
PASS: tests/misc/runcon-no-reorder.sh
PASS: tests/misc/sha1sum.pl
PASS: tests/misc/od-multiple-t.sh
PASS: tests/misc/sha224sum.pl
PASS: tests/misc/sha256sum.pl
PASS: tests/misc/sha384sum.pl
PASS: tests/misc/sha512sum.pl
PASS: tests/misc/sha1sum-vec.pl
PASS: tests/misc/shred-passes.sh
PASS: tests/misc/shred-exact.sh
PASS: tests/misc/shred-size.sh
PASS: tests/misc/shred-remove.sh
PASS: tests/misc/shuf.sh
PASS: tests/misc/sort.pl
SKIP: tests/misc/sort-benchmark-random.sh
PASS: tests/misc/sort-compress.sh
SKIP: tests/misc/sort-compress-hang.sh
PASS: tests/misc/sort-compress-proc.sh
PASS: tests/misc/sort-continue.sh
PASS: tests/misc/sort-debug-keys.sh
PASS: tests/misc/sort-debug-warn.sh
PASS: tests/misc/sort-discrim.sh
PASS: tests/misc/sort-files0-from.pl
PASS: tests/misc/sort-float.sh
PASS: tests/misc/sort-merge.pl
PASS: tests/misc/sort-merge-fdlimit.sh
PASS: tests/misc/sort-month.sh
PASS: tests/misc/sort-exit-early.sh
PASS: tests/misc/sort-rand.sh
SKIP: tests/misc/sort-spinlock-abuse.sh
SKIP: tests/misc/sort-stale-thread-mem.sh
PASS: tests/misc/sort-unique.sh
PASS: tests/misc/sort-unique-segv.sh
PASS: tests/misc/sort-version.sh
PASS: tests/misc/sort-NaN-infloop.sh
PASS: tests/misc/sort-u-FMR.sh
PASS: tests/split/filter.sh
PASS: tests/split/suffix-auto-length.sh
PASS: tests/split/suffix-length.sh
PASS: tests/split/additional-suffix.sh
PASS: tests/split/b-chunk.sh
PASS: tests/split/fail.sh
PASS: tests/split/lines.sh
PASS: tests/split/line-bytes.sh
PASS: tests/split/l-chunk.sh
PASS: tests/split/r-chunk.sh
PASS: tests/split/record-sep.sh
PASS: tests/split/numeric.sh
PASS: tests/split/guard-input.sh
PASS: tests/misc/stat-birthtime.sh
PASS: tests/misc/stat-fmt.sh
PASS: tests/misc/stat-hyphen.sh
PASS: tests/misc/stat-mount.sh
PASS: tests/misc/stat-nanoseconds.sh
PASS: tests/misc/stat-printf.pl
PASS: tests/misc/stat-slash.sh
PASS: tests/misc/stdbuf.sh
PASS: tests/misc/stty.sh
PASS: tests/misc/stty-invalid.sh
PASS: tests/misc/stty-pairs.sh
PASS: tests/misc/stty-row-col.sh
PASS: tests/misc/sum.pl
PASS: tests/misc/sum-sysv.sh
PASS: tests/misc/sync.sh
PASS: tests/misc/tac.pl
SKIP: tests/misc/tac-continue.sh
PASS: tests/misc/tac-2-nonseekable.sh
PASS: tests/misc/tail.pl
PASS: tests/misc/tee.sh
PASS: tests/misc/test-diag.pl
PASS: tests/misc/timeout.sh
PASS: tests/misc/timeout-blocked.pl
PASS: tests/misc/timeout-group.sh
PASS: tests/misc/timeout-parameters.sh
PASS: tests/misc/tr.pl
PASS: tests/misc/tr-case-class.sh
PASS: tests/misc/truncate-dangling-symlink.sh
PASS: tests/misc/truncate-dir-fail.sh
PASS: tests/misc/truncate-fail-diag.sh
PASS: tests/misc/truncate-fifo.sh
PASS: tests/misc/truncate-no-create-missing.sh
PASS: tests/misc/truncate-overflow.sh
PASS: tests/misc/truncate-parameters.sh
PASS: tests/misc/truncate-relative.sh
PASS: tests/misc/tsort.pl
PASS: tests/misc/unexpand.pl
PASS: tests/misc/uniq.pl
PASS: tests/misc/uniq-perf.sh
SKIP: tests/misc/xattr.sh
PASS: tests/misc/yes.sh
PASS: tests/tail-2/wait.sh
PASS: tests/tail-2/retry.sh
PASS: tests/tail-2/symlink.sh
PASS: tests/tail-2/tail-c.sh
PASS: tests/tail-2/truncate.sh
PASS: tests/chmod/c-option.sh
PASS: tests/chmod/equal-x.sh
PASS: tests/chmod/equals.sh
PASS: tests/chmod/inaccessible.sh
PASS: tests/chmod/octal.sh
PASS: tests/chmod/setgid.sh
PASS: tests/chmod/silent.sh
PASS: tests/chmod/thru-dangling.sh
PASS: tests/chmod/umask-x.sh
PASS: tests/chmod/usage.sh
PASS: tests/chown/deref.sh
PASS: tests/chown/preserve-root.sh
PASS: tests/chown/separator.sh
PASS: tests/cp/abuse.sh
SKIP: tests/cp/acl.sh
PASS: tests/cp/attr-existing.sh
PASS: tests/cp/backup-1.sh
PASS: tests/cp/backup-dir.sh
PASS: tests/cp/backup-is-src.sh
PASS: tests/cp/cp-HL.sh
PASS: tests/cp/cp-deref.sh
PASS: tests/cp/cp-i.sh
PASS: tests/cp/cp-mv-backup.sh
PASS: tests/cp/cp-parents.sh
PASS: tests/cp/deref-slink.sh
PASS: tests/cp/dir-rm-dest.sh
PASS: tests/cp/dir-slash.sh
PASS: tests/cp/dir-vs-file.sh
PASS: tests/cp/existing-perm-dir.sh
SKIP: tests/cp/existing-perm-race.sh
PASS: tests/cp/fail-perm.sh
PASS: tests/cp/fiemap-extents.sh
PASS: tests/cp/fiemap-FMR.sh
PASS: tests/cp/fiemap-perf.sh
PASS: tests/cp/fiemap-2.sh
PASS: tests/cp/file-perm-race.sh
PASS: tests/cp/into-self.sh
PASS: tests/cp/link.sh
PASS: tests/cp/link-deref.sh
PASS: tests/cp/link-no-deref.sh
PASS: tests/cp/link-preserve.sh
PASS: tests/cp/link-symlink.sh
PASS: tests/cp/nfs-removal-race.sh
PASS: tests/cp/no-deref-link1.sh
PASS: tests/cp/no-deref-link2.sh
PASS: tests/cp/no-deref-link3.sh
PASS: tests/cp/parent-perm.sh
PASS: tests/cp/parent-perm-race.sh
SKIP: tests/cp/perm.sh
PASS: tests/cp/preserve-2.sh
PASS: tests/cp/preserve-link.sh
PASS: tests/cp/preserve-mode.sh
PASS: tests/cp/preserve-slink-time.sh
PASS: tests/cp/proc-short-read.sh
PASS: tests/cp/proc-zero-len.sh
PASS: tests/cp/r-vs-symlink.sh
PASS: tests/cp/reflink-auto.sh
PASS: tests/cp/reflink-perm.sh
PASS: tests/cp/same-file.sh
PASS: tests/cp/slink-2-slink.sh
PASS: tests/cp/sparse.sh
PASS: tests/cp/sparse-to-pipe.sh
PASS: tests/cp/special-f.sh
PASS: tests/cp/src-base-dot.sh
PASS: tests/cp/symlink-slash.sh
PASS: tests/cp/thru-dangling.sh
PASS: tests/df/header.sh
PASS: tests/df/df-P.sh
PASS: tests/df/df-output.sh
PASS: tests/df/df-symlink.sh
PASS: tests/df/unreadable.sh
PASS: tests/df/total-unprocessed.sh
PASS: tests/df/no-mtab-status.sh
PASS: tests/df/skip-duplicates.sh
SKIP: tests/df/skip-rootfs.sh
PASS: tests/dd/ascii.sh
PASS: tests/dd/direct.sh
PASS: tests/dd/misc.sh
PASS: tests/dd/no-allocate.sh
PASS: tests/dd/nocache.sh
PASS: tests/dd/not-rewound.sh
PASS: tests/dd/reblock.sh
PASS: tests/dd/skip-seek.pl
PASS: tests/dd/skip-seek2.sh
PASS: tests/dd/bytes.sh
PASS: tests/dd/skip-seek-past-file.sh
PASS: tests/dd/sparse.sh
PASS: tests/dd/stderr.sh
PASS: tests/dd/unblock.pl
PASS: tests/dd/unblock-sync.sh
PASS: tests/dd/stats.sh
PASS: tests/df/total-verify.sh
SKIP: tests/du/2g.sh
PASS: tests/du/8gb.sh
PASS: tests/du/basic.sh
PASS: tests/du/bigtime.sh
PASS: tests/du/deref.sh
PASS: tests/du/deref-args.sh
PASS: tests/du/exclude.sh
PASS: tests/du/fd-leak.sh
PASS: tests/du/files0-from.pl
PASS: tests/du/files0-from-dir.sh
PASS: tests/du/hard-link.sh
PASS: tests/du/inacc-dest.sh
PASS: tests/du/inacc-dir.sh
PASS: tests/du/inaccessible-cwd.sh
PASS: tests/du/inodes.sh
PASS: tests/du/long-from-unreadable.sh
PASS: tests/du/long-sloop.sh
PASS: tests/du/max-depth.sh
SKIP: tests/du/move-dir-while-traversing.sh
PASS: tests/du/no-deref.sh
PASS: tests/du/no-x.sh
PASS: tests/du/one-file-system.sh
PASS: tests/du/restore-wd.sh
PASS: tests/du/slash.sh
PASS: tests/du/threshold.sh
PASS: tests/du/trailing-slash.sh
PASS: tests/du/two-args.sh
SKIP: tests/id/gnu-zero-uids.sh
SKIP: tests/id/no-context.sh
SKIP: tests/id/context.sh
PASS: tests/id/uid.sh
PASS: tests/id/zero.sh
SKIP: tests/id/smack.sh
PASS: tests/install/basic-1.sh
PASS: tests/install/create-leading.sh
PASS: tests/install/d-slashdot.sh
PASS: tests/install/install-C.sh
SKIP: tests/install/install-C-selinux.sh
PASS: tests/install/strip-program.sh
PASS: tests/install/trap.sh
PASS: tests/ln/backup-1.sh
PASS: tests/ln/hard-backup.sh
PASS: tests/ln/hard-to-sym.sh
PASS: tests/ln/misc.sh
PASS: tests/ln/relative.sh
PASS: tests/ln/sf-1.sh
PASS: tests/ln/slash-decorated-nonexistent-dest.sh
PASS: tests/ln/target-1.sh
PASS: tests/ls/abmon-align.sh
PASS: tests/ls/block-size.sh
PASS: tests/ls/color-clear-to-eol.sh
PASS: tests/ls/color-dtype-dir.sh
PASS: tests/ls/color-norm.sh
PASS: tests/ls/color-term.sh
PASS: tests/ls/dangle.sh
PASS: tests/ls/dired.sh
PASS: tests/ls/file-type.sh
PASS: tests/ls/follow-slink.sh
PASS: tests/ls/getxattr-speedup.sh
PASS: tests/ls/hex-option.sh
PASS: tests/ls/infloop.sh
PASS: tests/ls/inode.sh
PASS: tests/ls/m-option.sh
PASS: tests/ls/w-option.sh
PASS: tests/ls/multihardlink.sh
PASS: tests/ls/no-arg.sh
SKIP: tests/ls/no-cap.sh
PASS: tests/ls/proc-selinux-segfault.sh
PASS: tests/ls/readdir-mountpoint-inode.sh
PASS: tests/ls/recursive.sh
SKIP: tests/ls/root-rel-symlink-color.sh
PASS: tests/ls/rt-1.sh
PASS: tests/ls/slink-acl.sh
PASS: tests/ls/stat-dtype.sh
PASS: tests/ls/stat-failed.sh
SKIP: tests/ls/stat-free-color.sh
SKIP: tests/ls/stat-free-symlinks.sh
PASS: tests/ls/stat-vs-dirent.sh
PASS: tests/ls/symlink-slash.sh
PASS: tests/ls/time-style-diag.sh
PASS: tests/ls/x-option.sh
PASS: tests/mkdir/p-1.sh
PASS: tests/mkdir/p-2.sh
PASS: tests/mkdir/p-3.sh
PASS: tests/mkdir/p-acl.sh
PASS: tests/mkdir/p-slashdot.sh
PASS: tests/mkdir/p-thru-slink.sh
PASS: tests/mkdir/p-v.sh
PASS: tests/mkdir/parents.sh
PASS: tests/mkdir/perm.sh
SKIP: tests/mkdir/selinux.sh
SKIP: tests/mkdir/restorecon.sh
PASS: tests/mkdir/special-1.sh
PASS: tests/mkdir/t-slash.sh
SKIP: tests/mkdir/smack-no-root.sh
SKIP: tests/mv/acl.sh
SKIP: tests/mv/atomic.sh
SKIP: tests/mv/atomic2.sh
PASS: tests/mv/backup-dir.sh
PASS: tests/mv/backup-is-src.sh
PASS: tests/mv/childproof.sh
PASS: tests/mv/diag.sh
PASS: tests/mv/dir-file.sh
PASS: tests/mv/dir2dir.sh
PASS: tests/mv/dup-source.sh
PASS: tests/mv/force.sh
PASS: tests/mv/hard-2.sh
PASS: tests/mv/hard-3.sh
PASS: tests/mv/hard-4.sh
PASS: tests/mv/hard-link-1.sh
PASS: tests/mv/i-1.pl
PASS: tests/mv/i-2.sh
SKIP: tests/mv/i-3.sh
PASS: tests/mv/i-4.sh
PASS: tests/mv/i-5.sh
PASS: tests/mv/i-link-no.sh
PASS: tests/mv/into-self.sh
PASS: tests/mv/into-self-2.sh
PASS: tests/mv/into-self-3.sh
PASS: tests/mv/into-self-4.sh
PASS: tests/mv/leak-fd.sh
PASS: tests/mv/mv-n.sh
PASS: tests/mv/mv-special-1.sh
PASS: tests/mv/no-target-dir.sh
PASS: tests/mv/part-fail.sh
PASS: tests/mv/part-hardlink.sh
PASS: tests/mv/part-rename.sh
PASS: tests/mv/part-symlink.sh
PASS: tests/mv/partition-perm.sh
PASS: tests/mv/perm-1.sh
PASS: tests/mv/symlink-onto-hardlink.sh
PASS: tests/mv/symlink-onto-hardlink-to-self.sh
PASS: tests/mv/to-symlink.sh
PASS: tests/mv/trailing-slash.sh
PASS: tests/mv/update.sh
PASS: tests/readlink/can-e.sh
PASS: tests/readlink/can-f.sh
PASS: tests/readlink/can-m.sh
PASS: tests/readlink/multi.sh
PASS: tests/readlink/rl-1.sh
PASS: tests/rmdir/fail-perm.sh
PASS: tests/rmdir/ignore.sh
PASS: tests/rmdir/t-slash.sh
PASS: tests/tail-2/assert-2.sh
PASS: tests/tail-2/big-4gb.sh
PASS: tests/tail-2/flush-initial.sh
PASS: tests/tail-2/follow-name.sh
PASS: tests/tail-2/follow-stdin.sh
PASS: tests/tail-2/pipe-f.sh
PASS: tests/tail-2/pipe-f2.sh
PASS: tests/tail-2/proc-ksyms.sh
PASS: tests/tail-2/start-middle.sh
PASS: tests/touch/60-seconds.sh
PASS: tests/touch/dangling-symlink.sh
PASS: tests/touch/dir-1.sh
PASS: tests/touch/fail-diag.sh
PASS: tests/touch/fifo.sh
PASS: tests/touch/no-create-missing.sh
PASS: tests/touch/no-dereference.sh
PASS: tests/touch/no-rights.sh
PASS: tests/touch/not-owner.sh
PASS: tests/touch/obsolescent.sh
PASS: tests/touch/read-only.sh
PASS: tests/touch/relative.sh
PASS: tests/touch/trailing-slash.sh
SKIP: tests/chown/basic.sh
SKIP: tests/cp/cp-a-selinux.sh
SKIP: tests/cp/preserve-gid.sh
SKIP: tests/cp/special-bits.sh
SKIP: tests/cp/cp-mv-enotsup-xattr.sh
SKIP: tests/cp/capability.sh
PASS: tests/cp/sparse-fiemap.sh
SKIP: tests/dd/skip-seek-past-dev.sh
SKIP: tests/df/problematic-chars.sh
SKIP: tests/df/over-mount-device.sh
SKIP: tests/du/bind-mount-dir-cycle.sh
SKIP: tests/du/bind-mount-dir-cycle-v2.sh
SKIP: tests/id/setgid.sh
SKIP: tests/install/install-C-root.sh
SKIP: tests/ls/capability.sh
SKIP: tests/ls/nameless-uid.sh
SKIP: tests/misc/chcon.sh
SKIP: tests/misc/chroot-credentials.sh
SKIP: tests/misc/selinux.sh
SKIP: tests/misc/truncate-owned-by-other.sh
SKIP: tests/mkdir/writable-under-readonly.sh
SKIP: tests/mkdir/smack-root.sh
SKIP: tests/mv/hardlink-case.sh
SKIP: tests/mv/sticky-to-xpart.sh
SKIP: tests/rm/fail-2eperm.sh
SKIP: tests/rm/no-give-up.sh
SKIP: tests/rm/one-file-system.sh
SKIP: tests/rm/read-only.sh
SKIP: tests/tail-2/append-only.sh
SKIP: tests/touch/now-owned-by-other.sh
SKIP: tests/factor/t00.sh
SKIP: tests/factor/t01.sh
SKIP: tests/factor/t02.sh
SKIP: tests/factor/t03.sh
SKIP: tests/factor/t04.sh
SKIP: tests/factor/t05.sh
SKIP: tests/factor/t06.sh
SKIP: tests/factor/t07.sh
SKIP: tests/factor/t08.sh
SKIP: tests/factor/t09.sh
SKIP: tests/factor/t10.sh
SKIP: tests/factor/t11.sh
SKIP: tests/factor/t12.sh
SKIP: tests/factor/t13.sh
SKIP: tests/factor/t14.sh
SKIP: tests/factor/t15.sh
SKIP: tests/factor/t16.sh
SKIP: tests/factor/t17.sh
SKIP: tests/factor/t18.sh
SKIP: tests/factor/t19.sh
SKIP: tests/factor/t20.sh
SKIP: tests/factor/t21.sh
SKIP: tests/factor/t22.sh
SKIP: tests/factor/t23.sh
SKIP: tests/factor/t24.sh
SKIP: tests/factor/t25.sh
SKIP: tests/factor/t26.sh
SKIP: tests/factor/t27.sh
SKIP: tests/factor/t28.sh
SKIP: tests/factor/t29.sh
SKIP: tests/factor/t30.sh
SKIP: tests/factor/t31.sh
SKIP: tests/factor/t32.sh
SKIP: tests/factor/t33.sh
SKIP: tests/factor/t34.sh
SKIP: tests/factor/t35.sh
SKIP: tests/factor/t36.sh
PASS: tests/misc/shuf-reservoir.sh
============================================================================
Testsuite summary for GNU coreutils 8.25
============================================================================
# TOTAL: 580
# PASS:  473
# SKIP:  107
# XFAIL: 0
# FAIL:  0
# XPASS: 0
# ERROR: 0
============================================================================
make[4]: Leaving directory '/sources/7.9/coreutils-8.25'
make[3]: Leaving directory '/sources/7.9/coreutils-8.25'
make[2]: Leaving directory '/sources/7.9/coreutils-8.25'
Making check in gnulib-tests
make[2]: Entering directory '/sources/7.9/coreutils-8.25/gnulib-tests'
make  check-recursive
make[3]: Entering directory '/sources/7.9/coreutils-8.25/gnulib-tests'
Making check in .
make[4]: Entering directory '/sources/7.9/coreutils-8.25/gnulib-tests'
make  libtests.a test-accept test-set-mode-acl test-copy-acl test-sameacls test-alignof test-alloca-opt test-areadlink test-areadlink-with-size test-areadlinkat test-argmatch test-argv-iter test-arpa_inet test-base32 test-base64 test-binary-io test-bind test-bitrotate test-btowc test-c-ctype test-c-strcasecmp test-c-strncasecmp test-calloc-gnu test-canonicalize test-chdir test-chown test-cloexec test-close test-closein test-connect test-md5 test-sha1 test-ctype test-di-set test-dirent-safer test-dirent test-dirname test-dup test-dup2 test-environ test-errno test-exclude test-faccessat test-fadvise test-fchdir test-fchmodat test-fchownat test-fclose test-fcntl-h test-fcntl-safer test-fcntl test-fdatasync test-fdopen test-fdopendir test-fdutimensat test-fflush test-fflush2 test-fgetc test-file-has-acl test-filenamecat test-filevercmp test-float test-fnmatch test-fopen-safer test-fopen test-fpending test-fpurge test-fputc test-fread test-freadahead test-freading test-freadptr test-freadptr2 test-freadseek test-freopen-safer test-freopen test-frexp-nolibm test-frexpl-nolibm test-fseek test-fseeko test-fseeko3 test-fseeko4 test-fseterr test-fstat test-fstatat test-fsync test-ftell test-ftell3 test-ftello test-ftello3 test-ftello4 test-ftruncate test-futimens test-fwrite test-getaddrinfo test-getcwd-lgpl test-getcwd test-getdelim test-getdtablesize test-getgroups test-gethostname test-getline test-getloadavg test-getlogin test-getndelim2 test-getopt test-gettimeofday test-hash test-i-ring test-iconv-h test-iconv test-ignore-value test-inet_ntop test-inet_pton test-ino-map test-intprops test-inttostr test-inttypes test-ioctl test-isatty test-isblank test-isnand-nolibm test-isnanf-nolibm test-isnanl-nolibm test-iswblank test-langinfo test-lchown test-link test-linkat test-listen test-locale test-localeconv test-localename test-lock test-lseek test-lstat test-malloc-gnu test-malloca test-math test-mbrtowc test-mbrtowc-w32 test-mbsalign test-mbscasecmp test-mbsinit test-mbsrtowcs test-mbsstr1 test-mbsstr2 test-mbsstr3 test-memcasecmp test-memchr test-memchr2 test-memcoll test-memrchr test-mkdir test-mkfifo test-mknod test-nanosleep test-netdb test-netinet_in test-nl_langinfo test-open test-openat-safer test-openat test-parse-datetime test-pathmax test-perror test-perror2 test-pipe test-posixtm test-printf-frexp test-printf-frexpl test-priv-set test-quotearg-simple test-raise test-rand-isaac test-read-file test-read test-readlink test-readlinkat test-readtokens test-realloc-gnu test-regex test-remove test-rename test-rmdir test-sched test-select test-select-fd test-select-stdin test-setenv test-setlocale1 test-setlocale2 test-setsockopt test-sigaction test-signal-h test-signbit test-sigprocmask test-sleep test-snprintf test-sockets test-stat test-stat-time test-statat test-stdalign test-stdbool test-stddef test-stdint test-stdio test-stdlib test-strerror test-strerror_r test-strftime test-striconv test-string test-strncat test-strnlen test-strsignal test-strtod test-strtoimax test-strtoll test-strtoull test-strtoumax test-symlink test-symlinkat test-sys_ioctl test-sys_resource test-sys_select test-sys_socket test-sys_stat test-sys_time test-sys_types test-sys_uio test-sys_utsname test-sys_wait test-termios test-thread_self test-thread_create test-time test-timespec test-tls test-u64 test-uname test-dup-safer test-unistd test-u8-mbtoucr test-u8-uctomb test-uc_width test-uc_width2 test-unlink test-unlinkat test-unsetenv test-userspec test-utimens test-utimensat test-vasnprintf test-vasprintf-posix test-vasprintf test-verify test-version-etc test-vfprintf-posix test-vprintf-posix test-wchar test-wcrtomb test-wcrtomb-w32 test-wctype-h test-wcwidth test-write test-xalloc-die test-xfprintf-posix test-xprintf-posix test-xstrtoimax test-xstrtol test-xstrtoul test-xstrtoumax test-xvasprintf test-yesno
make[5]: Entering directory '/sources/7.9/coreutils-8.25/gnulib-tests'
  CC       binary-io.o
  CC       localename.o
  CC       timespec-add.o
  CC       timespec-sub.o
  CC       unlinkdir.o
  CC       ioctl.o
  CC       strerror_r.o
  CC       test-accept.o
  CC       test-set-mode-acl.o
  CC       test-copy-acl.o
  CC       test-sameacls.o
  CC       test-alignof.o
  CC       test-alloca-opt.o
  CC       test-areadlink.o
  CC       test-areadlink-with-size.o
  CC       test-areadlinkat.o
  CC       test-argmatch.o
  CC       test-argv-iter.o
  CC       test-arpa_inet.o
  CC       test-base32.o
  CC       test-base64.o
  CC       test-binary-io.o
  CC       test-bind.o
  CC       test-bitrotate.o
  CC       test-btowc.o
  CC       test-c-ctype.o
  CC       test-c-strcasecmp.o
  CC       test-c-strncasecmp.o
  CC       test-calloc-gnu.o
  CC       test-canonicalize.o
  CC       test-chdir.o
  CC       test-chown.o
  CC       test-cloexec.o
  CC       test-close.o
  CC       test-closein.o
  CC       test-connect.o
  CC       test-md5.o
  CC       test-sha1.o
  CC       test-ctype.o
  CC       test-di-set.o
  CC       test-dirent-safer.o
  CC       test-dirent.o
  CC       test-dirname.o
  CC       test-dup.o
  CC       test-dup2.o
  CC       test-environ.o
  CC       test-errno.o
  CC       test-exclude.o
  CC       test-faccessat.o
  CC       test-fadvise.o
  CC       test-fchdir.o
  CC       test-fchmodat.o
  CC       test-fchownat.o
  CC       test-fclose.o
  CC       test-fcntl-h.o
  CC       test-fcntl-safer.o
  CC       test-fcntl.o
  CC       test-fdatasync.o
  CC       test-fdopen.o
  CC       test-fdopendir.o
  CC       test-fdutimensat.o
  CC       test-fflush.o
  CC       test-fflush2.o
  CC       test-fgetc.o
  CC       test-file-has-acl.o
  CC       test-filenamecat.o
  CC       test-filevercmp.o
  CC       test-float.o
  CC       test-fnmatch.o
  CC       test-fopen-safer.o
  CC       test-fopen.o
  CC       test-fpending.o
  CC       test-fpurge.o
  CC       test-fputc.o
  CC       test-fread.o
  CC       test-freadahead.o
  CC       test-freading.o
  CC       test-freadptr.o
  CC       test-freadptr2.o
  CC       test-freadseek.o
  CC       test-freopen-safer.o
  CC       test-freopen.o
  CC       test-frexp.o
  CC       randomd.o
  CC       test-frexpl.o
  CC       randoml.o
  CC       test-fseek.o
  CC       test-fseeko.o
  CC       test-fseeko3.o
  CC       test-fseeko4.o
  CC       test-fseterr.o
  CC       test-fstat.o
  CC       test-fstatat.o
  CC       test-fsync.o
  CC       test-ftell.o
  CC       test-ftell3.o
  CC       test-ftello.o
  CC       test-ftello3.o
  CC       test-ftello4.o
  CC       test-ftruncate.o
  CC       test-futimens.o
  CC       test-fwrite.o
  CC       test-getaddrinfo.o
  CC       test-getcwd-lgpl.o
  CC       test-getcwd.o
  CC       test-getdelim.o
  CC       test-getdtablesize.o
  CC       test-getgroups.o
  CC       test-gethostname.o
  CC       test-getline.o
  CC       test-getloadavg.o
  CC       test-getlogin.o
  CC       test-getndelim2.o
  CC       test-getopt.o
  CC       test-gettimeofday.o
  CC       test-hash.o
  CC       test-i-ring.o
  CC       test-iconv-h.o
  CC       test-iconv.o
  CC       test-ignore-value.o
  CC       test-inet_ntop.o
  CC       test-inet_pton.o
  CC       test-ino-map.o
  CC       test-intprops.o
  CC       test-inttostr.o
  CC       test-inttypes.o
  CC       test-ioctl.o
  CC       test-isatty.o
  CC       test-isblank.o
  CC       test-isnand-nolibm.o
  CC       test-isnanf-nolibm.o
  CC       test-isnanl-nolibm.o
  CC       test-iswblank.o
  CC       test-langinfo.o
  CC       test-lchown.o
  CC       test-link.o
  CC       test-linkat.o
  CC       test-listen.o
  CC       test-locale.o
  CC       test-localeconv.o
  CC       test-localename.o
  CC       test_lock-test-lock.o
  CC       test-lseek.o
  CC       test-lstat.o
  CC       test-malloc-gnu.o
  CC       test-malloca.o
  CC       test-math.o
  CC       test-mbrtowc.o
  CC       test-mbrtowc-w32.o
  CC       test-mbsalign.o
  CC       test-mbscasecmp.o
  CC       test-mbsinit.o
  CC       test-mbsrtowcs.o
  CC       test-mbsstr1.o
  CC       test-mbsstr2.o
  CC       test-mbsstr3.o
  CC       test-memcasecmp.o
  CC       test-memchr.o
  CC       test-memchr2.o
  CC       test-memcoll.o
  CC       test-memrchr.o
  CC       test-mkdir.o
  CC       test-mkfifo.o
  CC       test-mknod.o
  CC       test-nanosleep.o
  CC       test-netdb.o
  CC       test-netinet_in.o
  CC       test-nl_langinfo.o
  CC       test-open.o
  CC       test-openat-safer.o
  CC       test-openat.o
  CC       test-parse-datetime.o
  CC       test-pathmax.o
  CC       test-perror.o
  CC       test-perror2.o
  CC       test-pipe.o
  CC       test-posixtm.o
  CC       test-printf-frexp.o
  CC       test-printf-frexpl.o
  CC       test-priv-set.o
  CC       test-quotearg-simple.o
  CC       test-raise.o
  CC       test-rand-isaac.o
  CC       test-read-file.o
  CC       test-read.o
  CC       test-readlink.o
  CC       test-readlinkat.o
  CC       test-readtokens.o
  CC       test-realloc-gnu.o
  CC       test-regex.o
  CC       test-remove.o
  CC       test-rename.o
  CC       test-rmdir.o
  CC       test-sched.o
  CC       test-select.o
  CC       test-select-fd.o
  CC       test-select-stdin.o
  CC       test-setenv.o
  CC       test-setlocale1.o
  CC       test-setlocale2.o
  CC       test-setsockopt.o
  CC       test-sigaction.o
  CC       test-signal-h.o
  CC       test-signbit.o
  CC       test-sigprocmask.o
  CC       test-sleep.o
  CC       test-snprintf.o
  CC       test-sockets.o
  CC       test-stat.o
  CC       test-stat-time.o
  CC       test-statat.o
  CC       test-stdalign.o
  CC       test-stdbool.o
  CC       test-stddef.o
  CC       test-stdint.o
  CC       test-stdio.o
  CC       test-stdlib.o
  CC       test-strerror.o
  CC       test-strerror_r.o
  CC       test-strftime.o
  CC       test-striconv.o
  CC       test-string.o
  CC       test-strncat.o
  CC       test-strnlen.o
  CC       test-strsignal.o
  CC       test-strtod.o
  CC       test-strtoimax.o
  CC       test-strtoll.o
  CC       test-strtoull.o
  CC       test-strtoumax.o
  CC       test-symlink.o
  CC       test-symlinkat.o
  CC       test-sys_ioctl.o
  CC       test-sys_resource.o
  CC       test-sys_select.o
  CC       test-sys_socket.o
  CC       test-sys_stat.o
  CC       test-sys_time.o
  CC       test-sys_types.o
  CC       test-sys_uio.o
  CC       test-sys_utsname.o
  CC       test-sys_wait.o
  CC       test-termios.o
  CC       test-thread_self.o
  CC       test-thread_create.o
  CC       test-time.o
  CC       test-timespec.o
  CC       test_tls-test-tls.o
  CC       test-u64.o
  CC       test-uname.o
  CC       test-dup-safer.o
  CC       test-unistd.o
  CC       test-unlink.o
  CC       test-unlinkat.o
  CC       test-unsetenv.o
  CC       test-userspec.o
  CC       test-utimens.o
  CC       test-utimensat.o
  CC       test-vasnprintf.o
  CC       test-vasprintf-posix.o
  CC       test-vasprintf.o
  CC       test-verify.o
  CC       test-version-etc.o
  CC       test-vfprintf-posix.o
  CC       test-vprintf-posix.o
  CC       test-wchar.o
  CC       test-wcrtomb.o
  CC       test-wcrtomb-w32.o
  CC       test-wctype-h.o
  CC       test-wcwidth.o
  CC       test-write.o
  CC       test-xalloc-die.o
  CC       test-xfprintf-posix.o
  CC       test-xprintf-posix.o
  CC       test-xstrtoimax.o
  CC       test-xstrtol.o
  CC       test-xstrtoul.o
  CC       test-xstrtoumax.o
  CC       test_xvasprintf-test-xvasprintf.o
  CC       test-yesno.o
  CC       glthread/thread.o
  CC       unistr/test-u8-mbtoucr.o
  CC       unistr/test-u8-uctomb.o
  CC       uniwidth/test-uc_width.o
  CC       uniwidth/test-uc_width2.o
  AR       libtests.a
  CCLD     test-accept
  CCLD     test-set-mode-acl
  CCLD     test-copy-acl
  CCLD     test-sameacls
  CCLD     test-alignof
  CCLD     test-alloca-opt
  CCLD     test-areadlink
  CCLD     test-areadlink-with-size
  CCLD     test-areadlinkat
  CCLD     test-argmatch
  CCLD     test-argv-iter
  CCLD     test-arpa_inet
  CCLD     test-base32
  CCLD     test-base64
  CCLD     test-binary-io
  CCLD     test-bind
  CCLD     test-bitrotate
  CCLD     test-btowc
  CCLD     test-c-ctype
  CCLD     test-c-strcasecmp
  CCLD     test-c-strncasecmp
  CCLD     test-calloc-gnu
  CCLD     test-canonicalize
  CCLD     test-chdir
  CCLD     test-chown
  CCLD     test-cloexec
  CCLD     test-close
  CCLD     test-closein
  CCLD     test-connect
  CCLD     test-md5
  CCLD     test-sha1
  CCLD     test-ctype
  CCLD     test-di-set
  CCLD     test-dirent-safer
  CCLD     test-dirent
  CCLD     test-dirname
  CCLD     test-dup
  CCLD     test-dup2
  CCLD     test-environ
  CCLD     test-errno
  CCLD     test-exclude
  CCLD     test-faccessat
  CCLD     test-fadvise
  CCLD     test-fchdir
  CCLD     test-fchmodat
  CCLD     test-fchownat
  CCLD     test-fclose
  CCLD     test-fcntl-h
  CCLD     test-fcntl-safer
  CCLD     test-fcntl
  CCLD     test-fdatasync
  CCLD     test-fdopen
  CCLD     test-fdopendir
  CCLD     test-fdutimensat
  CCLD     test-fflush
  CCLD     test-fflush2
  CCLD     test-fgetc
  CCLD     test-file-has-acl
  CCLD     test-filenamecat
  CCLD     test-filevercmp
  CCLD     test-float
  CCLD     test-fnmatch
  CCLD     test-fopen-safer
  CCLD     test-fopen
  CCLD     test-fpending
  CCLD     test-fpurge
  CCLD     test-fputc
  CCLD     test-fread
  CCLD     test-freadahead
  CCLD     test-freading
  CCLD     test-freadptr
  CCLD     test-freadptr2
  CCLD     test-freadseek
  CCLD     test-freopen-safer
  CCLD     test-freopen
  CCLD     test-frexp-nolibm
  CCLD     test-frexpl-nolibm
  CCLD     test-fseek
  CCLD     test-fseeko
  CCLD     test-fseeko3
  CCLD     test-fseeko4
  CCLD     test-fseterr
  CCLD     test-fstat
  CCLD     test-fstatat
  CCLD     test-fsync
  CCLD     test-ftell
  CCLD     test-ftell3
  CCLD     test-ftello
  CCLD     test-ftello3
  CCLD     test-ftello4
  CCLD     test-ftruncate
  CCLD     test-futimens
  CCLD     test-fwrite
  CCLD     test-getaddrinfo
  CCLD     test-getcwd-lgpl
  CCLD     test-getcwd
  CCLD     test-getdelim
  CCLD     test-getdtablesize
  CCLD     test-getgroups
  CCLD     test-gethostname
  CCLD     test-getline
  CCLD     test-getloadavg
  CCLD     test-getlogin
  CCLD     test-getndelim2
  CCLD     test-getopt
  CCLD     test-gettimeofday
  CCLD     test-hash
  CCLD     test-i-ring
  CCLD     test-iconv-h
  CCLD     test-iconv
  CCLD     test-ignore-value
  CCLD     test-inet_ntop
  CCLD     test-inet_pton
  CCLD     test-ino-map
  CCLD     test-intprops
  CCLD     test-inttostr
  CCLD     test-inttypes
  CCLD     test-ioctl
  CCLD     test-isatty
  CCLD     test-isblank
  CCLD     test-isnand-nolibm
  CCLD     test-isnanf-nolibm
  CCLD     test-isnanl-nolibm
  CCLD     test-iswblank
  CCLD     test-langinfo
  CCLD     test-lchown
  CCLD     test-link
  CCLD     test-linkat
  CCLD     test-listen
  CCLD     test-locale
  CCLD     test-localeconv
  CCLD     test-localename
  CCLD     test-lock
  CCLD     test-lseek
  CCLD     test-lstat
  CCLD     test-malloc-gnu
  CCLD     test-malloca
  CCLD     test-math
  CCLD     test-mbrtowc
  CCLD     test-mbrtowc-w32
  CCLD     test-mbsalign
  CCLD     test-mbscasecmp
  CCLD     test-mbsinit
  CCLD     test-mbsrtowcs
  CCLD     test-mbsstr1
  CCLD     test-mbsstr2
  CCLD     test-mbsstr3
  CCLD     test-memcasecmp
  CCLD     test-memchr
  CCLD     test-memchr2
  CCLD     test-memcoll
  CCLD     test-memrchr
  CCLD     test-mkdir
  CCLD     test-mkfifo
  CCLD     test-mknod
  CCLD     test-nanosleep
  CCLD     test-netdb
  CCLD     test-netinet_in
  CCLD     test-nl_langinfo
  CCLD     test-open
  CCLD     test-openat-safer
  CCLD     test-openat
  CCLD     test-parse-datetime
  CCLD     test-pathmax
  CCLD     test-perror
  CCLD     test-perror2
  CCLD     test-pipe
  CCLD     test-posixtm
  CCLD     test-printf-frexp
  CCLD     test-printf-frexpl
  CCLD     test-priv-set
  CCLD     test-quotearg-simple
  CCLD     test-raise
  CCLD     test-rand-isaac
  CCLD     test-read-file
  CCLD     test-read
  CCLD     test-readlink
  CCLD     test-readlinkat
  CCLD     test-readtokens
  CCLD     test-realloc-gnu
  CCLD     test-regex
  CCLD     test-remove
  CCLD     test-rename
  CCLD     test-rmdir
  CCLD     test-sched
  CCLD     test-select
  CCLD     test-select-fd
  CCLD     test-select-stdin
  CCLD     test-setlocale1
  CCLD     test-setenv
  CCLD     test-setlocale2
  CCLD     test-setsockopt
  CCLD     test-sigaction
  CCLD     test-signal-h
  CCLD     test-signbit
  CCLD     test-sigprocmask
  CCLD     test-snprintf
  CCLD     test-sleep
  CCLD     test-sockets
  CCLD     test-stat
  CCLD     test-stat-time
  CCLD     test-statat
  CCLD     test-stdalign
  CCLD     test-stdbool
  CCLD     test-stddef
  CCLD     test-stdint
  CCLD     test-stdio
  CCLD     test-stdlib
  CCLD     test-strerror
  CCLD     test-strerror_r
  CCLD     test-strftime
  CCLD     test-striconv
  CCLD     test-string
  CCLD     test-strncat
  CCLD     test-strnlen
  CCLD     test-strsignal
  CCLD     test-strtod
  CCLD     test-strtoimax
  CCLD     test-strtoll
  CCLD     test-strtoull
  CCLD     test-strtoumax
  CCLD     test-symlink
  CCLD     test-sys_ioctl
  CCLD     test-symlinkat
  CCLD     test-sys_select
  CCLD     test-sys_resource
  CCLD     test-sys_socket
  CCLD     test-sys_stat
  CCLD     test-sys_types
  CCLD     test-sys_time
  CCLD     test-sys_uio
  CCLD     test-sys_utsname
  CCLD     test-sys_wait
  CCLD     test-termios
  CCLD     test-thread_self
  CCLD     test-thread_create
  CCLD     test-time
  CCLD     test-timespec
  CCLD     test-tls
  CCLD     test-u64
  CCLD     test-uname
  CCLD     test-dup-safer
  CCLD     test-unistd
  CCLD     test-u8-mbtoucr
  CCLD     test-u8-uctomb
  CCLD     test-uc_width
  CCLD     test-uc_width2
  CCLD     test-unlink
  CCLD     test-unlinkat
  CCLD     test-unsetenv
  CCLD     test-utimens
  CCLD     test-userspec
  CCLD     test-utimensat
  CCLD     test-vasnprintf
  CCLD     test-vasprintf-posix
  CCLD     test-vasprintf
  CCLD     test-verify
  CCLD     test-version-etc
  CCLD     test-vfprintf-posix
  CCLD     test-vprintf-posix
  CCLD     test-wchar
  CCLD     test-wcrtomb
  CCLD     test-wcrtomb-w32
  CCLD     test-wctype-h
  CCLD     test-wcwidth
  CCLD     test-write
  CCLD     test-xalloc-die
  CCLD     test-xfprintf-posix
  CCLD     test-xprintf-posix
  CCLD     test-xstrtoimax
  CCLD     test-xstrtol
  CCLD     test-xstrtoul
  CCLD     test-xstrtoumax
  CCLD     test-xvasprintf
  CCLD     test-yesno
make[5]: Leaving directory '/sources/7.9/coreutils-8.25/gnulib-tests'
make  check-TESTS
make[5]: Entering directory '/sources/7.9/coreutils-8.25/gnulib-tests'
make[6]: Entering directory '/sources/7.9/coreutils-8.25/gnulib-tests'
PASS: test-accept
SKIP: test-set-mode-acl.sh
SKIP: test-set-mode-acl-1.sh
SKIP: test-set-mode-acl-2.sh
SKIP: test-copy-acl.sh
SKIP: test-copy-acl-1.sh
SKIP: test-copy-acl-2.sh
PASS: test-alignof
PASS: test-alloca-opt
PASS: test-areadlink
PASS: test-areadlink-with-size
PASS: test-areadlinkat
PASS: test-argmatch
PASS: test-argv-iter
PASS: test-arpa_inet
PASS: test-base32
PASS: test-base64
PASS: test-binary-io.sh
PASS: test-bind
PASS: test-bitrotate
SKIP: test-btowc1.sh
PASS: test-c-ctype
SKIP: test-btowc2.sh
PASS: test-calloc-gnu
PASS: test-c-strcase.sh
PASS: test-chdir
PASS: test-canonicalize
PASS: test-cloexec
PASS: test-chown
PASS: test-close
PASS: test-connect
PASS: test-md5
PASS: test-sha1
PASS: test-ctype
PASS: test-di-set
PASS: test-closein.sh
PASS: test-dirent
PASS: test-dirent-safer
PASS: test-dirname
PASS: test-dup
PASS: test-environ
PASS: test-dup2
PASS: test-errno
PASS: test-exclude1.sh
PASS: test-exclude2.sh
PASS: test-exclude3.sh
PASS: test-exclude4.sh
PASS: test-exclude6.sh
PASS: test-exclude5.sh
PASS: test-exclude8.sh
PASS: test-exclude7.sh
PASS: test-faccessat
PASS: test-fadvise
PASS: test-fchdir
PASS: test-fchmodat
PASS: test-fclose
PASS: test-fcntl-h
PASS: test-fchownat
PASS: test-fcntl-safer
PASS: test-fcntl
PASS: test-fdopen
PASS: test-fdopendir
PASS: test-fdatasync
PASS: test-fflush
PASS: test-fdutimensat
PASS: test-fflush2.sh
PASS: test-fgetc
SKIP: test-file-has-acl.sh
SKIP: test-file-has-acl-1.sh
PASS: test-filenamecat
SKIP: test-file-has-acl-2.sh
PASS: test-filevercmp
PASS: test-float
PASS: test-fnmatch
PASS: test-fopen-safer
PASS: test-fopen
PASS: test-fpending.sh
PASS: test-fpurge
PASS: test-fputc
PASS: test-fread
PASS: test-freading
PASS: test-freadahead.sh
PASS: test-freadptr2.sh
PASS: test-freadptr.sh
PASS: test-freopen-safer
PASS: test-freadseek.sh
PASS: test-freopen
PASS: test-frexp-nolibm
PASS: test-frexpl-nolibm
PASS: test-fseek.sh
PASS: test-fseek2.sh
PASS: test-fseeko.sh
PASS: test-fseeko2.sh
PASS: test-fseeko3.sh
PASS: test-fseeko4.sh
PASS: test-fseterr
PASS: test-fstat
PASS: test-fstatat
PASS: test-ftell.sh
PASS: test-ftell2.sh
PASS: test-ftell3
PASS: test-ftello.sh
PASS: test-ftello2.sh
PASS: test-ftello3
PASS: test-ftello4.sh
PASS: test-ftruncate.sh
PASS: test-futimens
PASS: test-fwrite
PASS: test-fsync
PASS: test-getcwd-lgpl
PASS: test-getcwd.sh
PASS: test-getdelim
PASS: test-getdtablesize
PASS: test-getgroups
PASS: test-gethostname
PASS: test-getline
PASS: test-getloadavg
FAIL: test-getlogin
PASS: test-getndelim2
PASS: test-getopt
PASS: test-gettimeofday
PASS: test-getaddrinfo
PASS: test-i-ring
PASS: test-iconv-h
PASS: test-iconv
PASS: test-ignore-value
PASS: test-inet_ntop
PASS: test-inet_pton
PASS: test-ino-map
PASS: test-intprops
PASS: test-inttostr
PASS: test-inttypes
PASS: test-ioctl
PASS: test-isatty
PASS: test-isblank
PASS: test-isnand-nolibm
PASS: test-isnanf-nolibm
PASS: test-isnanl-nolibm
PASS: test-iswblank
PASS: test-langinfo
PASS: test-lchown
PASS: test-link
PASS: test-linkat
PASS: test-listen
PASS: test-locale
PASS: test-localeconv
PASS: test-localename
PASS: test-lock
PASS: test-lseek.sh
PASS: test-lstat
PASS: test-malloc-gnu
PASS: test-malloca
PASS: test-hash
PASS: test-math
SKIP: test-mbrtowc1.sh
SKIP: test-mbrtowc2.sh
SKIP: test-mbrtowc3.sh
SKIP: test-mbrtowc4.sh
SKIP: test-mbrtowc-w32-2.sh
SKIP: test-mbrtowc-w32-1.sh
SKIP: test-mbrtowc-w32-3.sh
SKIP: test-mbrtowc-w32-4.sh
PASS: test-mbsalign
SKIP: test-mbrtowc-w32-5.sh
SKIP: test-mbscasecmp.sh
SKIP: test-mbsinit.sh
SKIP: test-mbsrtowcs1.sh
SKIP: test-mbsrtowcs2.sh
SKIP: test-mbsrtowcs3.sh
SKIP: test-mbsrtowcs4.sh
SKIP: test-mbsstr2.sh
SKIP: test-mbsstr3.sh
PASS: test-memcasecmp
PASS: test-mbsstr1
PASS: test-memchr2
PASS: test-memcoll
PASS: test-memrchr
PASS: test-mkdir
PASS: test-mkfifo
PASS: test-mknod
PASS: test-memchr
PASS: test-netdb
PASS: test-netinet_in
PASS: test-nl_langinfo.sh
PASS: test-open
PASS: test-openat-safer
PASS: test-openat
PASS: test-parse-datetime
PASS: test-pathmax
PASS: test-perror.sh
PASS: test-perror2
PASS: test-pipe
PASS: test-posixtm
PASS: test-printf-frexp
PASS: test-printf-frexpl
PASS: test-priv-set
PASS: test-quotearg-simple
PASS: test-raise
PASS: test-rand-isaac
PASS: test-read-file
PASS: test-read
PASS: test-readlink
PASS: test-readlinkat
PASS: test-readtokens.sh
PASS: test-realloc-gnu
PASS: test-regex
PASS: test-remove
PASS: test-rename
PASS: test-rmdir
PASS: test-sched
PASS: test-select
PASS: test-nanosleep
PASS: test-select-out.sh
PASS: test-setenv
SKIP: test-setlocale1.sh
PASS: test-setlocale2.sh
PASS: test-setsockopt
PASS: test-sigaction
PASS: test-signal-h
PASS: test-signbit
PASS: test-select-in.sh
PASS: test-sigprocmask
PASS: test-snprintf
PASS: test-sockets
PASS: test-stat
PASS: test-stat-time
PASS: test-statat
PASS: test-stdalign
PASS: test-stdbool
PASS: test-stddef
PASS: test-stdint
PASS: test-stdio
PASS: test-stdlib
PASS: test-strerror
PASS: test-strerror_r
PASS: test-strftime
PASS: test-striconv
PASS: test-string
PASS: test-strncat
PASS: test-strnlen
PASS: test-strsignal
PASS: test-strtod
PASS: test-strtoimax
PASS: test-strtoll
PASS: test-strtoull
PASS: test-strtoumax
PASS: test-symlink
PASS: test-symlinkat
PASS: test-sys_ioctl
PASS: test-sys_resource
PASS: test-sys_select
PASS: test-sys_socket
PASS: test-sys_stat
PASS: test-sys_time
PASS: test-sys_types
PASS: test-sys_uio
PASS: test-sys_utsname
PASS: test-sys_wait
PASS: test-termios
PASS: test-init.sh
PASS: test-thread_self
PASS: test-thread_create
PASS: test-time
PASS: test-timespec
PASS: test-sleep
PASS: test-u64
PASS: test-uname
PASS: test-dup-safer
PASS: test-unistd
PASS: test-u8-mbtoucr
PASS: test-u8-uctomb
PASS: test-uc_width
PASS: test-tls
PASS: test-unlink
PASS: test-unlinkat
PASS: uniwidth/test-uc_width2.sh
PASS: test-unsetenv
PASS: test-userspec
PASS: test-utimens
PASS: test-utimensat
PASS: test-vasnprintf
PASS: test-vasprintf-posix
PASS: test-vasprintf
PASS: test-update-copyright.sh
SKIP: test-vc-list-files-cvs.sh
PASS: test-verify
PASS: test-vc-list-files-git.sh
PASS: test-version-etc.sh
PASS: test-vfprintf-posix.sh
PASS: test-vprintf-posix.sh
PASS: test-wchar
PASS: test-wcrtomb.sh
SKIP: test-wcrtomb-w32-1.sh
SKIP: test-wcrtomb-w32-2.sh
SKIP: test-wcrtomb-w32-3.sh
SKIP: test-wcrtomb-w32-4.sh
SKIP: test-wcrtomb-w32-5.sh
PASS: test-wctype-h
PASS: test-wcwidth
PASS: test-write
PASS: test-xalloc-die.sh
PASS: test-xprintf-posix.sh
PASS: test-xstrtoimax.sh
PASS: test-xstrtol.sh
PASS: test-xstrtoumax.sh
PASS: test-xvasprintf
PASS: test-yesno.sh
PASS: test-verify.sh
=====================================================
   GNU coreutils 8.25: gnulib-tests/test-suite.log
=====================================================

# TOTAL: 308
# PASS:  272
# SKIP:  35
# XFAIL: 0
# FAIL:  1
# XPASS: 0
# ERROR: 0

.. contents:: :depth: 2

SKIP: test-set-mode-acl.sh
==========================

+ test 0 = 0
+ echo 'Skipping test: insufficient ACL support'
Skipping test: insufficient ACL support
+ exit 77
SKIP test-set-mode-acl.sh (exit status: 77)

SKIP: test-set-mode-acl-1.sh
============================

+ test 0 = 0
+ echo 'Skipping test: insufficient ACL support'
Skipping test: insufficient ACL support
+ exit 77
SKIP test-set-mode-acl-1.sh (exit status: 77)

SKIP: test-set-mode-acl-2.sh
============================

+ test 0 = 0
+ echo 'Skipping test: insufficient ACL support'
Skipping test: insufficient ACL support
+ exit 77
SKIP test-set-mode-acl-2.sh (exit status: 77)

SKIP: test-copy-acl.sh
======================

+ test 0 = 0
+ echo 'Skipping test: insufficient ACL support'
Skipping test: insufficient ACL support
+ exit 77
SKIP test-copy-acl.sh (exit status: 77)

SKIP: test-copy-acl-1.sh
========================

+ test 0 = 0
+ echo 'Skipping test: insufficient ACL support'
Skipping test: insufficient ACL support
+ exit 77
SKIP test-copy-acl-1.sh (exit status: 77)

SKIP: test-copy-acl-2.sh
========================

+ test 0 = 0
+ echo 'Skipping test: insufficient ACL support'
Skipping test: insufficient ACL support
+ exit 77
SKIP test-copy-acl-2.sh (exit status: 77)

SKIP: test-btowc1.sh
====================

Skipping test: no traditional french locale is installed
SKIP test-btowc1.sh (exit status: 77)

SKIP: test-btowc2.sh
====================

Skipping test: no french Unicode locale is installed
SKIP test-btowc2.sh (exit status: 77)

SKIP: test-file-has-acl.sh
==========================

+ test 0 = 0
+ echo 'Skipping test: insufficient ACL support'
Skipping test: insufficient ACL support
+ exit 77
SKIP test-file-has-acl.sh (exit status: 77)

SKIP: test-file-has-acl-1.sh
============================

+ test 0 = 0
+ echo 'Skipping test: insufficient ACL support'
Skipping test: insufficient ACL support
+ exit 77
SKIP test-file-has-acl-1.sh (exit status: 77)

SKIP: test-file-has-acl-2.sh
============================

+ test 0 = 0
+ echo 'Skipping test: insufficient ACL support'
Skipping test: insufficient ACL support
+ exit 77
SKIP test-file-has-acl-2.sh (exit status: 77)

FAIL: test-getlogin
===================

test-getlogin.c:92: assertion 'strcmp (pwd->pw_name, buf) == 0' failed
FAIL test-getlogin (exit status: 134)

SKIP: test-mbrtowc1.sh
======================

Skipping test: no traditional french locale is installed
SKIP test-mbrtowc1.sh (exit status: 77)

SKIP: test-mbrtowc2.sh
======================

Skipping test: no french Unicode locale is installed
SKIP test-mbrtowc2.sh (exit status: 77)

SKIP: test-mbrtowc3.sh
======================

Skipping test: no traditional japanese locale is installed
SKIP test-mbrtowc3.sh (exit status: 77)

SKIP: test-mbrtowc4.sh
======================

Skipping test: no transitional chinese locale is installed
SKIP test-mbrtowc4.sh (exit status: 77)

SKIP: test-mbrtowc-w32-1.sh
===========================

Skipping test: not a native Windows system
SKIP test-mbrtowc-w32-1.sh (exit status: 77)

SKIP: test-mbrtowc-w32-2.sh
===========================

Skipping test: not a native Windows system
SKIP test-mbrtowc-w32-2.sh (exit status: 77)

SKIP: test-mbrtowc-w32-3.sh
===========================

Skipping test: not a native Windows system
SKIP test-mbrtowc-w32-3.sh (exit status: 77)

SKIP: test-mbrtowc-w32-4.sh
===========================

Skipping test: not a native Windows system
SKIP test-mbrtowc-w32-4.sh (exit status: 77)

SKIP: test-mbrtowc-w32-5.sh
===========================

Skipping test: not a native Windows system
SKIP test-mbrtowc-w32-5.sh (exit status: 77)

SKIP: test-mbscasecmp.sh
========================

Skipping test: no turkish Unicode locale is installed
SKIP test-mbscasecmp.sh (exit status: 77)

SKIP: test-mbsinit.sh
=====================

Skipping test: no french Unicode locale is installed
SKIP test-mbsinit.sh (exit status: 77)

SKIP: test-mbsrtowcs1.sh
========================

Skipping test: no traditional french locale is installed
SKIP test-mbsrtowcs1.sh (exit status: 77)

SKIP: test-mbsrtowcs2.sh
========================

Skipping test: no french Unicode locale is installed
SKIP test-mbsrtowcs2.sh (exit status: 77)

SKIP: test-mbsrtowcs3.sh
========================

Skipping test: no traditional japanese locale is installed
SKIP test-mbsrtowcs3.sh (exit status: 77)

SKIP: test-mbsrtowcs4.sh
========================

Skipping test: no transitional chinese locale is installed
SKIP test-mbsrtowcs4.sh (exit status: 77)

SKIP: test-mbsstr2.sh
=====================

Skipping test: no french Unicode locale is installed
SKIP test-mbsstr2.sh (exit status: 77)

SKIP: test-mbsstr3.sh
=====================

Skipping test: no chinese GB18030 locale is installed
SKIP test-mbsstr3.sh (exit status: 77)

SKIP: test-setlocale1.sh
========================

Skipping test: no locale for testing is installed
SKIP test-setlocale1.sh (exit status: 77)

SKIP: test-vc-list-files-cvs.sh
===============================

++ initial_cwd_=/sources/7.9/coreutils-8.25/gnulib-tests
++ fail=0
+++ testdir_prefix_
+++ printf gt
++ pfx_=gt
+++ mktempd_ /sources/7.9/coreutils-8.25/gnulib-tests gt-test-vc-list-files-cvs.sh.XXXX
+++ case $# in
+++ destdir_=/sources/7.9/coreutils-8.25/gnulib-tests
+++ template_=gt-test-vc-list-files-cvs.sh.XXXX
+++ MAX_TRIES_=4
+++ case $destdir_ in
+++ case $template_ in
++++ unset TMPDIR
+++ d=/sources/7.9/coreutils-8.25/gnulib-tests/gt-test-vc-list-files-cvs.sh.vyuH
+++ case $d in
+++ test -d /sources/7.9/coreutils-8.25/gnulib-tests/gt-test-vc-list-files-cvs.sh.vyuH
++++ ls -dgo /sources/7.9/coreutils-8.25/gnulib-tests/gt-test-vc-list-files-cvs.sh.vyuH
++++ tr S -
+++ perms='drwx------ 2 4096 Jun  5 16:03 /sources/7.9/coreutils-8.25/gnulib-tests/gt-test-vc-list-files-cvs.sh.vyuH'
+++ case $perms in
+++ test 0 = 0
+++ echo /sources/7.9/coreutils-8.25/gnulib-tests/gt-test-vc-list-files-cvs.sh.vyuH
+++ return
++ test_dir_=/sources/7.9/coreutils-8.25/gnulib-tests/gt-test-vc-list-files-cvs.sh.vyuH
++ cd /sources/7.9/coreutils-8.25/gnulib-tests/gt-test-vc-list-files-cvs.sh.vyuH
++ gl_init_sh_nl_='
'
++ IFS=' 	
'
++ for sig_ in 1 2 3 13 15
+++ expr 1 + 128
++ eval 'trap '\''Exit 129'\'' 1'
+++ trap 'Exit 129' 1
++ for sig_ in 1 2 3 13 15
+++ expr 2 + 128
++ eval 'trap '\''Exit 130'\'' 2'
+++ trap 'Exit 130' 2
++ for sig_ in 1 2 3 13 15
+++ expr 3 + 128
++ eval 'trap '\''Exit 131'\'' 3'
+++ trap 'Exit 131' 3
++ for sig_ in 1 2 3 13 15
+++ expr 13 + 128
++ eval 'trap '\''Exit 141'\'' 13'
+++ trap 'Exit 141' 13
++ for sig_ in 1 2 3 13 15
+++ expr 15 + 128
++ eval 'trap '\''Exit 143'\'' 15'
+++ trap 'Exit 143' 15
++ trap remove_tmp_ 0
+ path_prepend_ /sources/7.9/coreutils-8.25/build-aux .
+ test 2 '!=' 0
+ path_dir_=/sources/7.9/coreutils-8.25/build-aux
+ case $path_dir_ in
+ abs_path_dir_=/sources/7.9/coreutils-8.25/build-aux
+ case $abs_path_dir_ in
+ PATH=/sources/7.9/coreutils-8.25/build-aux:/tools/bin:/bin:/usr/bin
+ create_exe_shims_ /sources/7.9/coreutils-8.25/build-aux
+ case $EXEEXT in
+ return 0
+ shift
+ test 1 '!=' 0
+ path_dir_=.
+ case $path_dir_ in
+ abs_path_dir_=/sources/7.9/coreutils-8.25/gnulib-tests/.
+ case $abs_path_dir_ in
+ PATH=/sources/7.9/coreutils-8.25/gnulib-tests/.:/sources/7.9/coreutils-8.25/build-aux:/tools/bin:/bin:/usr/bin
+ create_exe_shims_ /sources/7.9/coreutils-8.25/gnulib-tests/.
+ case $EXEEXT in
+ return 0
+ shift
+ test 0 '!=' 0
+ export PATH
+ tmpdir=vc-cvs
++ pwd
+ repo=/sources/7.9/coreutils-8.25/gnulib-tests/gt-test-vc-list-files-cvs.sh.vyuH/vc-cvs/repo
+ fail=0
+ for i in with-cvsu without
+ test with-cvsu = without
+ ok=0
+ mkdir vc-cvs
+ cd vc-cvs
+ skip_ 'cvs not found in PATH'
+ warn_ 'test-vc-list-files-cvs.sh: skipped test: cvs not found in PATH'
+ case $IFS in
+ printf '%s\n' 'test-vc-list-files-cvs.sh: skipped test: cvs not found in PATH'
test-vc-list-files-cvs.sh: skipped test: cvs not found in PATH
+ test 2 = 2
+ Exit 77
+ set +e
+ exit 77
+ exit 77
+ remove_tmp_
+ __st=77
+ cleanup_
+ :
+ cd /sources/7.9/coreutils-8.25/gnulib-tests
+ chmod -R u+rwx /sources/7.9/coreutils-8.25/gnulib-tests/gt-test-vc-list-files-cvs.sh.vyuH
+ rm -rf /sources/7.9/coreutils-8.25/gnulib-tests/gt-test-vc-list-files-cvs.sh.vyuH
+ exit 77
SKIP test-vc-list-files-cvs.sh (exit status: 77)

SKIP: test-wcrtomb-w32-1.sh
===========================

Skipping test: not a native Windows system
SKIP test-wcrtomb-w32-1.sh (exit status: 77)

SKIP: test-wcrtomb-w32-2.sh
===========================

Skipping test: not a native Windows system
SKIP test-wcrtomb-w32-2.sh (exit status: 77)

SKIP: test-wcrtomb-w32-3.sh
===========================

Skipping test: not a native Windows system
SKIP test-wcrtomb-w32-3.sh (exit status: 77)

SKIP: test-wcrtomb-w32-4.sh
===========================

Skipping test: not a native Windows system
SKIP test-wcrtomb-w32-4.sh (exit status: 77)

SKIP: test-wcrtomb-w32-5.sh
===========================

Skipping test: not a native Windows system
SKIP test-wcrtomb-w32-5.sh (exit status: 77)

============================================================================
Testsuite summary for GNU coreutils 8.25
============================================================================
# TOTAL: 308
# PASS:  272
# SKIP:  35
# XFAIL: 0
# FAIL:  1
# XPASS: 0
# ERROR: 0
============================================================================
See gnulib-tests/test-suite.log
Please report to bug-coreutils@gnu.org
============================================================================
Makefile:5791: recipe for target 'test-suite.log' failed
make[6]: Leaving directory '/sources/7.9/coreutils-8.25/gnulib-tests'
Makefile:5897: recipe for target 'check-TESTS' failed
make[5]: Leaving directory '/sources/7.9/coreutils-8.25/gnulib-tests'
Makefile:8144: recipe for target 'check-am' failed
make[4]: Leaving directory '/sources/7.9/coreutils-8.25/gnulib-tests'
Makefile:5684: recipe for target 'check-recursive' failed
make[3]: Leaving directory '/sources/7.9/coreutils-8.25/gnulib-tests'
Makefile:8147: recipe for target 'check' failed
make[2]: Leaving directory '/sources/7.9/coreutils-8.25/gnulib-tests'
Makefile:11298: recipe for target 'check-recursive' failed
make[1]: Leaving directory '/sources/7.9/coreutils-8.25'
Makefile:11775: recipe for target 'check' failed
