checking for a BSD-compatible install... /usr/bin/install -c
checking whether build environment is sane... yes
checking for a thread-safe mkdir -p... /bin/mkdir -p
checking for gawk... gawk
checking whether make sets $(MAKE)... yes
checking whether make supports nested variables... yes
checking whether make supports nested variables... (cached) yes
checking for style of include used by make... GNU
checking for gcc... gcc
checking whether the C compiler works... yes
checking for C compiler default output file name... a.out
checking for suffix of executables... 
checking whether we are cross compiling... no
checking for suffix of object files... o
checking whether we are using the GNU C compiler... yes
checking whether gcc accepts -g... yes
checking for gcc option to accept ISO C89... none needed
checking whether gcc understands -c and -o together... yes
checking dependency style of gcc... gcc3
checking for ar... ar
checking the archiver (ar) interface... ar
checking for gcc... (cached) gcc
checking whether we are using the GNU C compiler... (cached) yes
checking whether gcc accepts -g... (cached) yes
checking for gcc option to accept ISO C89... (cached) none needed
checking whether gcc understands -c and -o together... (cached) yes
checking dependency style of gcc... (cached) gcc3
checking build system type... x86_64-unknown-linux-gnu
checking host system type... x86_64-unknown-linux-gnu
checking how to print strings... printf
checking for a sed that does not truncate output... /bin/sed
checking for grep that handles long lines and -e... /bin/grep
checking for egrep... /bin/grep -E
checking for fgrep... /bin/grep -F
checking for ld used by gcc... /usr/bin/ld
checking if the linker (/usr/bin/ld) is GNU ld... yes
checking for BSD- or MS-compatible name lister (nm)... /usr/bin/nm -B
checking the name lister (/usr/bin/nm -B) interface... BSD nm
checking whether ln -s works... yes
checking the maximum length of command line arguments... 1572864
checking whether the shell understands some XSI constructs... yes
checking whether the shell understands "+="... yes
checking how to convert x86_64-unknown-linux-gnu file names to x86_64-unknown-linux-gnu format... func_convert_file_noop
checking how to convert x86_64-unknown-linux-gnu file names to toolchain format... func_convert_file_noop
checking for /usr/bin/ld option to reload object files... -r
checking for objdump... objdump
checking how to recognize dependent libraries... pass_all
checking for dlltool... no
checking how to associate runtime and link libraries... printf %s\n
checking for archiver @FILE support... @
checking for strip... strip
checking for ranlib... ranlib
checking command to parse /usr/bin/nm -B output from gcc object... ok
checking for sysroot... no
checking for mt... no
checking if : is a manifest tool... no
checking how to run the C preprocessor... gcc -E
checking for ANSI C header files... yes
checking for sys/types.h... yes
checking for sys/stat.h... yes
checking for stdlib.h... yes
checking for string.h... yes
checking for memory.h... yes
checking for strings.h... yes
checking for inttypes.h... yes
checking for stdint.h... yes
checking for unistd.h... yes
checking for dlfcn.h... yes
checking for objdir... .libs
checking if gcc supports -fno-rtti -fno-exceptions... no
checking for gcc option to produce PIC... -fPIC -DPIC
checking if gcc PIC flag -fPIC -DPIC works... yes
checking if gcc static flag -static works... yes
checking if gcc supports -c -o file.o... yes
checking if gcc supports -c -o file.o... (cached) yes
checking whether the gcc linker (/usr/bin/ld -m elf_x86_64) supports shared libraries... yes
checking whether -lc should be explicitly linked in... no
checking dynamic linker characteristics... GNU/Linux ld.so
checking how to hardcode library paths into programs... immediate
checking whether stripping libraries is possible... yes
checking if libtool supports shared libraries... yes
checking whether to build shared libraries... yes
checking whether to build static libraries... no
checking for flex... flex
checking for bison... bison -y
checking for an ANSI C-conforming const... yes
checking for inline... inline
checking for pkg-config... /usr/bin/pkg-config
checking pkg-config is at least version 0.9.0... yes
checking for CHECK... no
configure: WARNING: *** Disabling building of unit tests
checking for pow in -lm... yes
checking for pthread_mutex_lock in -lpthread... yes
checking that generated files are newer than configure... done
configure: creating ./config.status
config.status: creating Makefile
config.status: creating libnl-3.0.pc
config.status: creating libnl-route-3.0.pc
config.status: creating libnl-genl-3.0.pc
config.status: creating libnl-nf-3.0.pc
config.status: creating libnl-cli-3.0.pc
config.status: creating libnl-xfrm-3.0.pc
config.status: creating libnl-idiag-3.0.pc
config.status: creating lib/Makefile
config.status: creating include/Makefile
config.status: creating src/Makefile
config.status: creating src/lib/Makefile
config.status: creating tests/Makefile
config.status: creating man/Makefile
config.status: creating python/Makefile
config.status: creating python/setup.py
config.status: creating python/doc/Makefile
config.status: creating python/examples/Makefile
config.status: creating python/netlink/Makefile
config.status: creating python/netlink/genl/Makefile
config.status: creating python/netlink/route/Makefile
config.status: creating python/tests/Makefile
config.status: creating include/netlink/version.h
config.status: creating lib/defs.h
config.status: executing depfiles commands
config.status: executing libtool commands
-------------------------------------------------------------------------------
                                  NOTE

 There have been some changes starting with 3.2 regarding where and how libnl
 is being installed on the system in order to allow multiple libnl versions
 to be installed in parallel:

    - Headers will be installed in ${prefix}/include/libnl3, therefore
      you will need to add "-I/usr/include/libnl3" to CFLAGS

    - The library basename was renamed to libnl-3, i.e. the SO names become
      libnl-3.so., libnl-route-3.so, etc.

    - libtool versioning was assumed, to ease detection of compatible library
      versions.

 If you are using pkg-config for detecting and linking against the library 
 things will continue magically as if nothing every happened. If you are 
 linking manually you need to adapt your Makefiles or switch to using 
 pkg-config files.

-------------------------------------------------------------------------------
Making all in include
make[1]: Entering directory '/sources/7.9/libnl-3.2.27/include'
make[1]: Nothing to be done for 'all'.
make[1]: Leaving directory '/sources/7.9/libnl-3.2.27/include'
Making all in lib
make[1]: Entering directory '/sources/7.9/libnl-3.2.27/lib'
  GEN      route/cls/ematch_grammar.c
  GEN      route/cls/ematch_syntax.c
  GEN      route/pktloc_grammar.c
  GEN      route/pktloc_syntax.c
make  all-am
make[2]: Entering directory '/sources/7.9/libnl-3.2.27/lib'
  CC       addr.lo
  CC       attr.lo
  CC       cache.lo
  CC       cache_mngr.lo
  CC       cache_mngt.lo
  CC       data.lo
  CC       error.lo
  CC       handlers.lo
  CC       msg.lo
  CC       nl.lo
  CC       object.lo
  CC       socket.lo
  CC       utils.lo
  CC       version.lo
  CC       hash.lo
  CC       hashtable.lo
  CCLD     libnl-3.la
  CC       genl/ctrl.lo
  CC       genl/family.lo
  CC       genl/genl.lo
  CC       genl/mngt.lo
  CCLD     libnl-genl-3.la
  CC       route/addr.lo
  CC       route/class.lo
  CC       route/cls.lo
  CC       route/act.lo
  CC       route/link.lo
  CC       route/neigh.lo
  CC       route/neightbl.lo
  CC       route/nexthop.lo
  CC       route/qdisc.lo
  CC       route/route.lo
  CC       route/route_obj.lo
  CC       route/route_utils.lo
  CC       route/rtnl.lo
  CC       route/rule.lo
  CC       route/tc.lo
  CC       route/classid.lo
  CC       route/cls/fw.lo
  CC       route/cls/police.lo
  CC       route/cls/u32.lo
  CC       route/cls/basic.lo
  CC       route/cls/cgroup.lo
  CC       route/act/mirred.lo
  CC       route/act/skbedit.lo
  CC       route/cls/ematch.lo
  CC       route/cls/ematch/container.lo
  CC       route/cls/ematch/cmp.lo
  CC       route/cls/ematch/nbyte.lo
  CC       route/cls/ematch/text.lo
  CC       route/cls/ematch/meta.lo
  CC       route/link/api.lo
  CC       route/link/vlan.lo
  CC       route/link/dummy.lo
  CC       route/link/bridge.lo
  CC       route/link/inet6.lo
  CC       route/link/inet.lo
  CC       route/link/bonding.lo
  CC       route/link/can.lo
  CC       route/link/macvlan.lo
  CC       route/link/vxlan.lo
  CC       route/link/veth.lo
  CC       route/link/ipip.lo
  CC       route/link/ipgre.lo
  CC       route/link/sit.lo
  CC       route/link/ipvti.lo
  CC       route/link/ip6tnl.lo
  CC       route/link/ifb.lo
  CC       route/link/ipvlan.lo
  CC       route/qdisc/blackhole.lo
  CC       route/qdisc/cbq.lo
  CC       route/qdisc/dsmark.lo
  CC       route/qdisc/fifo.lo
  CC       route/qdisc/htb.lo
  CC       route/qdisc/netem.lo
  CC       route/qdisc/prio.lo
  CC       route/qdisc/red.lo
  CC       route/qdisc/sfq.lo
  CC       route/qdisc/tbf.lo
  CC       route/qdisc/plug.lo
  CC       route/qdisc/ingress.lo
  CC       route/qdisc/fq_codel.lo
  CC       route/qdisc/hfsc.lo
  CC       fib_lookup/lookup.lo
  CC       fib_lookup/request.lo
  CC       route/pktloc.lo
  CC       route/pktloc_syntax.lo
  CC       route/pktloc_grammar.lo
  CC       route/cls/ematch_syntax.lo
  CC       route/cls/ematch_grammar.lo
  CCLD     libnl-route-3.la
  CC       netfilter/ct.lo
  CC       netfilter/ct_obj.lo
  CC       netfilter/log.lo
  CC       netfilter/log_msg.lo
  CC       netfilter/log_msg_obj.lo
  CC       netfilter/log_obj.lo
  CC       netfilter/netfilter.lo
  CC       netfilter/nfnl.lo
  CC       netfilter/queue.lo
  CC       netfilter/queue_msg.lo
  CC       netfilter/queue_msg_obj.lo
  CC       netfilter/queue_obj.lo
  CC       netfilter/exp.lo
  CC       netfilter/exp_obj.lo
  CCLD     libnl-nf-3.la
  CC       idiag/idiag_meminfo_obj.lo
  CC       idiag/idiag_vegasinfo_obj.lo
  CC       idiag/idiag_msg_obj.lo
  CC       idiag/idiag_req_obj.lo
  CC       idiag/idiag.lo
  CCLD     libnl-idiag-3.la
  CC       xfrm/ae.lo
  CC       xfrm/lifetime.lo
  CC       xfrm/sa.lo
  CC       xfrm/selector.lo
  CC       xfrm/sp.lo
  CC       xfrm/template.lo
  CCLD     libnl-xfrm-3.la
  CC       cli/qdisc/htb.lo
  CCLD     cli/qdisc/htb.la
  CC       cli/qdisc/blackhole.lo
  CCLD     cli/qdisc/blackhole.la
  CC       cli/qdisc/pfifo.lo
  CCLD     cli/qdisc/pfifo.la
  CC       cli/qdisc/plug.lo
  CCLD     cli/qdisc/plug.la
  CC       cli/qdisc/bfifo.lo
  CCLD     cli/qdisc/bfifo.la
  CC       cli/qdisc/ingress.lo
  CCLD     cli/qdisc/ingress.la
  CC       cli/qdisc/fq_codel.lo
  CCLD     cli/qdisc/fq_codel.la
  CC       cli/qdisc/hfsc.lo
  CCLD     cli/qdisc/hfsc.la
  CC       cli/cls/basic.lo
  CCLD     cli/cls/basic.la
  CC       cli/cls/cgroup.lo
  CCLD     cli/cls/cgroup.la
make[2]: Leaving directory '/sources/7.9/libnl-3.2.27/lib'
make[1]: Leaving directory '/sources/7.9/libnl-3.2.27/lib'
Making all in man
make[1]: Entering directory '/sources/7.9/libnl-3.2.27/man'
make[1]: Nothing to be done for 'all'.
make[1]: Leaving directory '/sources/7.9/libnl-3.2.27/man'
Making all in python
make[1]: Entering directory '/sources/7.9/libnl-3.2.27/python'
Making all in doc
make[2]: Entering directory '/sources/7.9/libnl-3.2.27/python/doc'
make[2]: Nothing to be done for 'all'.
make[2]: Leaving directory '/sources/7.9/libnl-3.2.27/python/doc'
Making all in examples
make[2]: Entering directory '/sources/7.9/libnl-3.2.27/python/examples'
make[2]: Nothing to be done for 'all'.
make[2]: Leaving directory '/sources/7.9/libnl-3.2.27/python/examples'
Making all in netlink
make[2]: Entering directory '/sources/7.9/libnl-3.2.27/python/netlink'
Making all in route
make[3]: Entering directory '/sources/7.9/libnl-3.2.27/python/netlink/route'
make[3]: Nothing to be done for 'all'.
make[3]: Leaving directory '/sources/7.9/libnl-3.2.27/python/netlink/route'
Making all in genl
make[3]: Entering directory '/sources/7.9/libnl-3.2.27/python/netlink/genl'
make[3]: Nothing to be done for 'all'.
make[3]: Leaving directory '/sources/7.9/libnl-3.2.27/python/netlink/genl'
make[3]: Entering directory '/sources/7.9/libnl-3.2.27/python/netlink'
make[3]: Nothing to be done for 'all-am'.
make[3]: Leaving directory '/sources/7.9/libnl-3.2.27/python/netlink'
make[2]: Leaving directory '/sources/7.9/libnl-3.2.27/python/netlink'
Making all in tests
make[2]: Entering directory '/sources/7.9/libnl-3.2.27/python/tests'
make[2]: Nothing to be done for 'all'.
make[2]: Leaving directory '/sources/7.9/libnl-3.2.27/python/tests'
make[2]: Entering directory '/sources/7.9/libnl-3.2.27/python'
make[2]: Nothing to be done for 'all-am'.
make[2]: Leaving directory '/sources/7.9/libnl-3.2.27/python'
make[1]: Leaving directory '/sources/7.9/libnl-3.2.27/python'
Making all in tests
make[1]: Entering directory '/sources/7.9/libnl-3.2.27/tests'
make[1]: Nothing to be done for 'all'.
make[1]: Leaving directory '/sources/7.9/libnl-3.2.27/tests'
Making all in src
make[1]: Entering directory '/sources/7.9/libnl-3.2.27/src'
Making all in lib
make[2]: Entering directory '/sources/7.9/libnl-3.2.27/src/lib'
  CC       utils.lo
  CC       addr.lo
  CC       ct.lo
  CC       link.lo
  CC       neigh.lo
  CC       rule.lo
  CC       route.lo
  CC       tc.lo
  CC       qdisc.lo
  CC       class.lo
  CC       cls.lo
  CC       exp.lo
  CCLD     libnl-cli-3.la
make[2]: Leaving directory '/sources/7.9/libnl-3.2.27/src/lib'
make[2]: Entering directory '/sources/7.9/libnl-3.2.27/src'
  CC       genl-ctrl-list.o
  CCLD     genl-ctrl-list
  CC       idiag-socket-details.o
  CCLD     idiag-socket-details
  CC       nf-ct-add.o
  CCLD     nf-ct-add
  CC       nf-ct-list.o
  CCLD     nf-ct-list
  CC       nf-exp-add.o
  CCLD     nf-exp-add
  CC       nf-exp-delete.o
  CCLD     nf-exp-delete
  CC       nf-exp-list.o
  CCLD     nf-exp-list
  CC       nf-log.o
  CCLD     nf-log
  CC       nf-monitor.o
  CCLD     nf-monitor
  CC       nf-queue.o
  CCLD     nf-queue
  CC       nl-addr-add.o
  CCLD     nl-addr-add
  CC       nl-addr-delete.o
  CCLD     nl-addr-delete
  CC       nl-addr-list.o
  CCLD     nl-addr-list
  CC       nl-class-add.o
  CCLD     nl-class-add
  CC       nl-class-delete.o
  CCLD     nl-class-delete
  CC       nl-classid-lookup.o
  CCLD     nl-classid-lookup
  CC       nl-class-list.o
  CCLD     nl-class-list
  CC       nl-cls-add.o
  CCLD     nl-cls-add
  CC       nl-cls-delete.o
  CCLD     nl-cls-delete
  CC       nl-cls-list.o
  CCLD     nl-cls-list
  CC       nl-fib-lookup.o
  CCLD     nl-fib-lookup
  CC       nl-link-enslave.o
  CCLD     nl-link-enslave
  CC       nl-link-ifindex2name.o
  CCLD     nl-link-ifindex2name
  CC       nl-link-list.o
  CCLD     nl-link-list
  CC       nl-link-name2ifindex.o
  CCLD     nl-link-name2ifindex
  CC       nl-link-release.o
  CCLD     nl-link-release
  CC       nl-link-set.o
  CCLD     nl-link-set
  CC       nl-link-stats.o
  CCLD     nl-link-stats
  CC       nl-list-caches.o
  CCLD     nl-list-caches
  CC       nl-list-sockets.o
  CCLD     nl-list-sockets
  CC       nl-monitor.o
  CCLD     nl-monitor
  CC       nl-neigh-add.o
  CCLD     nl-neigh-add
  CC       nl-neigh-delete.o
  CCLD     nl-neigh-delete
  CC       nl-neigh-list.o
  CCLD     nl-neigh-list
  CC       nl-neightbl-list.o
  CCLD     nl-neightbl-list
  CC       nl-pktloc-lookup.o
  CCLD     nl-pktloc-lookup
  CC       nl-qdisc-add.o
  CCLD     nl-qdisc-add
  CC       nl-qdisc-delete.o
  CCLD     nl-qdisc-delete
  CC       nl-qdisc-list.o
  CCLD     nl-qdisc-list
  CC       nl-route-add.o
  CCLD     nl-route-add
  CC       nl-route-delete.o
  CCLD     nl-route-delete
  CC       nl-route-get.o
  CCLD     nl-route-get
  CC       nl-route-list.o
  CCLD     nl-route-list
  CC       nl-rule-list.o
  CCLD     nl-rule-list
  CC       nl-tctree-list.o
  CCLD     nl-tctree-list
  CC       nl-util-addr.o
  CCLD     nl-util-addr
make[2]: Leaving directory '/sources/7.9/libnl-3.2.27/src'
make[1]: Leaving directory '/sources/7.9/libnl-3.2.27/src'
make[1]: Entering directory '/sources/7.9/libnl-3.2.27'
make[1]: Nothing to be done for 'all-am'.
make[1]: Leaving directory '/sources/7.9/libnl-3.2.27'
Making check in include
make[1]: Entering directory '/sources/7.9/libnl-3.2.27/include'
make[1]: Nothing to be done for 'check'.
make[1]: Leaving directory '/sources/7.9/libnl-3.2.27/include'
Making check in lib
make[1]: Entering directory '/sources/7.9/libnl-3.2.27/lib'
make  check-am
make[2]: Entering directory '/sources/7.9/libnl-3.2.27/lib'
make[2]: Leaving directory '/sources/7.9/libnl-3.2.27/lib'
make[1]: Leaving directory '/sources/7.9/libnl-3.2.27/lib'
Making check in man
make[1]: Entering directory '/sources/7.9/libnl-3.2.27/man'
make[1]: Nothing to be done for 'check'.
make[1]: Leaving directory '/sources/7.9/libnl-3.2.27/man'
Making check in python
make[1]: Entering directory '/sources/7.9/libnl-3.2.27/python'
Making check in doc
make[2]: Entering directory '/sources/7.9/libnl-3.2.27/python/doc'
make[2]: Nothing to be done for 'check'.
make[2]: Leaving directory '/sources/7.9/libnl-3.2.27/python/doc'
Making check in examples
make[2]: Entering directory '/sources/7.9/libnl-3.2.27/python/examples'
make[2]: Nothing to be done for 'check'.
make[2]: Leaving directory '/sources/7.9/libnl-3.2.27/python/examples'
Making check in netlink
make[2]: Entering directory '/sources/7.9/libnl-3.2.27/python/netlink'
Making check in route
make[3]: Entering directory '/sources/7.9/libnl-3.2.27/python/netlink/route'
make[3]: Nothing to be done for 'check'.
make[3]: Leaving directory '/sources/7.9/libnl-3.2.27/python/netlink/route'
Making check in genl
make[3]: Entering directory '/sources/7.9/libnl-3.2.27/python/netlink/genl'
make[3]: Nothing to be done for 'check'.
make[3]: Leaving directory '/sources/7.9/libnl-3.2.27/python/netlink/genl'
make[3]: Entering directory '/sources/7.9/libnl-3.2.27/python/netlink'
make[3]: Nothing to be done for 'check-am'.
make[3]: Leaving directory '/sources/7.9/libnl-3.2.27/python/netlink'
make[2]: Leaving directory '/sources/7.9/libnl-3.2.27/python/netlink'
Making check in tests
make[2]: Entering directory '/sources/7.9/libnl-3.2.27/python/tests'
make[2]: Nothing to be done for 'check'.
make[2]: Leaving directory '/sources/7.9/libnl-3.2.27/python/tests'
make[2]: Entering directory '/sources/7.9/libnl-3.2.27/python'
make[2]: Nothing to be done for 'check-am'.
make[2]: Leaving directory '/sources/7.9/libnl-3.2.27/python'
make[1]: Leaving directory '/sources/7.9/libnl-3.2.27/python'
Making check in tests
make[1]: Entering directory '/sources/7.9/libnl-3.2.27/tests'
make  
make[2]: Entering directory '/sources/7.9/libnl-3.2.27/tests'
make[2]: Nothing to be done for 'all'.
make[2]: Leaving directory '/sources/7.9/libnl-3.2.27/tests'
make  check-TESTS
make[2]: Entering directory '/sources/7.9/libnl-3.2.27/tests'
make[3]: Entering directory '/sources/7.9/libnl-3.2.27/tests'
============================================================================
Testsuite summary for libnl 3.2.27
============================================================================
# TOTAL: 0
# PASS:  0
# SKIP:  0
# XFAIL: 0
# FAIL:  0
# XPASS: 0
# ERROR: 0
============================================================================
make[3]: Leaving directory '/sources/7.9/libnl-3.2.27/tests'
make[2]: Leaving directory '/sources/7.9/libnl-3.2.27/tests'
make[1]: Leaving directory '/sources/7.9/libnl-3.2.27/tests'
Making check in src
make[1]: Entering directory '/sources/7.9/libnl-3.2.27/src'
Making check in lib
make[2]: Entering directory '/sources/7.9/libnl-3.2.27/src/lib'
make[2]: Nothing to be done for 'check'.
make[2]: Leaving directory '/sources/7.9/libnl-3.2.27/src/lib'
make[2]: Entering directory '/sources/7.9/libnl-3.2.27/src'
make[2]: Nothing to be done for 'check-am'.
make[2]: Leaving directory '/sources/7.9/libnl-3.2.27/src'
make[1]: Leaving directory '/sources/7.9/libnl-3.2.27/src'
make[1]: Entering directory '/sources/7.9/libnl-3.2.27'
make[1]: Nothing to be done for 'check-am'.
make[1]: Leaving directory '/sources/7.9/libnl-3.2.27'
Making install in include
make[1]: Entering directory '/sources/7.9/libnl-3.2.27/include'
make[2]: Entering directory '/sources/7.9/libnl-3.2.27/include'
make[2]: Nothing to be done for 'install-exec-am'.
 /bin/mkdir -p '/usr/include/libnl3'
 /bin/mkdir -p '/usr/include/libnl3/netlink/xfrm'
 /usr/bin/install -c -m 644  netlink/xfrm/ae.h netlink/xfrm/lifetime.h netlink/xfrm/sa.h netlink/xfrm/selector.h netlink/xfrm/sp.h netlink/xfrm/template.h '/usr/include/libnl3/netlink/xfrm'
 /bin/mkdir -p '/usr/include/libnl3/netlink/route/act'
 /usr/bin/install -c -m 644  netlink/route/act/mirred.h netlink/route/act/skbedit.h '/usr/include/libnl3/netlink/route/act'
 /bin/mkdir -p '/usr/include/libnl3/netlink/route'
 /usr/bin/install -c -m 644  netlink/route/action.h netlink/route/addr.h netlink/route/class.h netlink/route/classifier.h netlink/route/link.h netlink/route/neighbour.h netlink/route/neightbl.h netlink/route/nexthop.h netlink/route/pktloc.h netlink/route/qdisc.h netlink/route/route.h netlink/route/rtnl.h netlink/route/rule.h netlink/route/tc.h netlink/route/tc-api.h '/usr/include/libnl3/netlink/route'
 /bin/mkdir -p '/usr/include/libnl3/netlink'
 /usr/bin/install -c -m 644  netlink/addr.h netlink/attr.h netlink/cache.h netlink/data.h netlink/errno.h netlink/handlers.h netlink/hash.h netlink/hashtable.h netlink/list.h netlink/msg.h netlink/netlink-compat.h netlink/netlink-kernel.h netlink/netlink.h netlink/object.h netlink/socket.h netlink/types.h netlink/utils.h netlink/version.h netlink/cache-api.h netlink/object-api.h '/usr/include/libnl3/netlink'
 /bin/mkdir -p '/usr/include/libnl3/netlink/route/cls'
 /usr/bin/install -c -m 644  netlink/route/cls/basic.h netlink/route/cls/cgroup.h netlink/route/cls/ematch.h netlink/route/cls/fw.h netlink/route/cls/police.h netlink/route/cls/u32.h '/usr/include/libnl3/netlink/route/cls'
 /bin/mkdir -p '/usr/include/libnl3/netlink/route/cls/ematch'
 /usr/bin/install -c -m 644  netlink/route/cls/ematch/cmp.h netlink/route/cls/ematch/meta.h netlink/route/cls/ematch/nbyte.h netlink/route/cls/ematch/text.h '/usr/include/libnl3/netlink/route/cls/ematch'
 /bin/mkdir -p '/usr/include/libnl3/netlink/route/qdisc'
 /usr/bin/install -c -m 644  netlink/route/qdisc/cbq.h netlink/route/qdisc/dsmark.h netlink/route/qdisc/fifo.h netlink/route/qdisc/htb.h netlink/route/qdisc/netem.h netlink/route/qdisc/prio.h netlink/route/qdisc/red.h netlink/route/qdisc/sfq.h netlink/route/qdisc/tbf.h netlink/route/qdisc/plug.h netlink/route/qdisc/fq_codel.h netlink/route/qdisc/hfsc.h '/usr/include/libnl3/netlink/route/qdisc'
 /bin/mkdir -p '/usr/include/libnl3/netlink/fib_lookup'
 /usr/bin/install -c -m 644  netlink/fib_lookup/lookup.h netlink/fib_lookup/request.h '/usr/include/libnl3/netlink/fib_lookup'
 /bin/mkdir -p '/usr/include/libnl3/netlink/cli'
 /usr/bin/install -c -m 644  netlink/cli/addr.h netlink/cli/class.h netlink/cli/cls.h netlink/cli/ct.h netlink/cli/exp.h netlink/cli/link.h netlink/cli/neigh.h netlink/cli/qdisc.h netlink/cli/route.h netlink/cli/rule.h netlink/cli/tc.h netlink/cli/utils.h '/usr/include/libnl3/netlink/cli'
 /bin/mkdir -p '/usr/include/libnl3/netlink/idiag'
 /usr/bin/install -c -m 644  netlink/idiag/idiagnl.h netlink/idiag/meminfo.h netlink/idiag/msg.h netlink/idiag/req.h netlink/idiag/vegasinfo.h '/usr/include/libnl3/netlink/idiag'
 /bin/mkdir -p '/usr/include/libnl3/netlink/route/link'
 /usr/bin/install -c -m 644  netlink/route/link/api.h netlink/route/link/bonding.h netlink/route/link/bridge.h netlink/route/link/can.h netlink/route/link/inet.h netlink/route/link/inet6.h netlink/route/link/info-api.h netlink/route/link/macvlan.h netlink/route/link/vlan.h netlink/route/link/vxlan.h netlink/route/link/veth.h netlink/route/link/ip6tnl.h netlink/route/link/ipgre.h netlink/route/link/ipip.h netlink/route/link/ipvti.h netlink/route/link/sit.h netlink/route/link/ipvlan.h '/usr/include/libnl3/netlink/route/link'
 /bin/mkdir -p '/usr/include/libnl3/netlink/genl'
 /usr/bin/install -c -m 644  netlink/genl/ctrl.h netlink/genl/family.h netlink/genl/genl.h netlink/genl/mngt.h '/usr/include/libnl3/netlink/genl'
 /bin/mkdir -p '/usr/include/libnl3/netlink/netfilter'
 /usr/bin/install -c -m 644  netlink/netfilter/ct.h netlink/netfilter/exp.h netlink/netfilter/log.h netlink/netfilter/log_msg.h netlink/netfilter/netfilter.h netlink/netfilter/nfnl.h netlink/netfilter/queue.h netlink/netfilter/queue_msg.h '/usr/include/libnl3/netlink/netfilter'
make[2]: Leaving directory '/sources/7.9/libnl-3.2.27/include'
make[1]: Leaving directory '/sources/7.9/libnl-3.2.27/include'
Making install in lib
make[1]: Entering directory '/sources/7.9/libnl-3.2.27/lib'
make  install-am
make[2]: Entering directory '/sources/7.9/libnl-3.2.27/lib'
make[3]: Entering directory '/sources/7.9/libnl-3.2.27/lib'
 /bin/mkdir -p '/usr/lib'
 /bin/sh ../libtool   --mode=install /usr/bin/install -c   libnl-3.la libnl-genl-3.la libnl-route-3.la libnl-nf-3.la libnl-idiag-3.la libnl-xfrm-3.la '/usr/lib'
libtool: install: /usr/bin/install -c .libs/libnl-3.so.200.22.0 /usr/lib/libnl-3.so.200.22.0
libtool: install: (cd /usr/lib && { ln -s -f libnl-3.so.200.22.0 libnl-3.so.200 || { rm -f libnl-3.so.200 && ln -s libnl-3.so.200.22.0 libnl-3.so.200; }; })
libtool: install: (cd /usr/lib && { ln -s -f libnl-3.so.200.22.0 libnl-3.so || { rm -f libnl-3.so && ln -s libnl-3.so.200.22.0 libnl-3.so; }; })
libtool: install: /usr/bin/install -c .libs/libnl-3.lai /usr/lib/libnl-3.la
libtool: install: warning: relinking `libnl-genl-3.la'
libtool: install: (cd /sources/7.9/libnl-3.2.27/lib; /bin/sh /sources/7.9/libnl-3.2.27/libtool  --silent --tag CC --mode=relink gcc -g -O2 -version-info 222:0:22 -Wl,--version-script=../libnl-genl-3.sym -o libnl-genl-3.la -rpath /usr/lib genl/ctrl.lo genl/family.lo genl/genl.lo genl/mngt.lo libnl-3.la -lpthread -lm )
libtool: install: /usr/bin/install -c .libs/libnl-genl-3.so.200.22.0T /usr/lib/libnl-genl-3.so.200.22.0
libtool: install: (cd /usr/lib && { ln -s -f libnl-genl-3.so.200.22.0 libnl-genl-3.so.200 || { rm -f libnl-genl-3.so.200 && ln -s libnl-genl-3.so.200.22.0 libnl-genl-3.so.200; }; })
libtool: install: (cd /usr/lib && { ln -s -f libnl-genl-3.so.200.22.0 libnl-genl-3.so || { rm -f libnl-genl-3.so && ln -s libnl-genl-3.so.200.22.0 libnl-genl-3.so; }; })
libtool: install: /usr/bin/install -c .libs/libnl-genl-3.lai /usr/lib/libnl-genl-3.la
libtool: install: warning: relinking `libnl-route-3.la'
libtool: install: (cd /sources/7.9/libnl-3.2.27/lib; /bin/sh /sources/7.9/libnl-3.2.27/libtool  --silent --tag CC --mode=relink gcc -g -O2 -version-info 222:0:22 -Wl,--version-script=../libnl-route-3.sym -o libnl-route-3.la -rpath /usr/lib route/addr.lo route/class.lo route/cls.lo route/act.lo route/link.lo route/neigh.lo route/neightbl.lo route/nexthop.lo route/qdisc.lo route/route.lo route/route_obj.lo route/route_utils.lo route/rtnl.lo route/rule.lo route/tc.lo route/classid.lo route/cls/fw.lo route/cls/police.lo route/cls/u32.lo route/cls/basic.lo route/cls/cgroup.lo route/act/mirred.lo route/act/skbedit.lo route/cls/ematch.lo route/cls/ematch/container.lo route/cls/ematch/cmp.lo route/cls/ematch/nbyte.lo route/cls/ematch/text.lo route/cls/ematch/meta.lo route/link/api.lo route/link/vlan.lo route/link/dummy.lo route/link/bridge.lo route/link/inet6.lo route/link/inet.lo route/link/bonding.lo route/link/can.lo route/link/macvlan.lo route/link/vxlan.lo route/link/veth.lo route/link/ipip.lo route/link/ipgre.lo route/link/sit.lo route/link/ipvti.lo route/link/ip6tnl.lo route/link/ifb.lo route/link/ipvlan.lo route/qdisc/blackhole.lo route/qdisc/cbq.lo route/qdisc/dsmark.lo route/qdisc/fifo.lo route/qdisc/htb.lo route/qdisc/netem.lo route/qdisc/prio.lo route/qdisc/red.lo route/qdisc/sfq.lo route/qdisc/tbf.lo route/qdisc/plug.lo route/qdisc/ingress.lo route/qdisc/fq_codel.lo route/qdisc/hfsc.lo fib_lookup/lookup.lo fib_lookup/request.lo route/pktloc.lo route/pktloc_syntax.lo route/pktloc_grammar.lo route/cls/ematch_syntax.lo route/cls/ematch_grammar.lo libnl-3.la -lpthread -lm )
libtool: install: /usr/bin/install -c .libs/libnl-route-3.so.200.22.0T /usr/lib/libnl-route-3.so.200.22.0
libtool: install: (cd /usr/lib && { ln -s -f libnl-route-3.so.200.22.0 libnl-route-3.so.200 || { rm -f libnl-route-3.so.200 && ln -s libnl-route-3.so.200.22.0 libnl-route-3.so.200; }; })
libtool: install: (cd /usr/lib && { ln -s -f libnl-route-3.so.200.22.0 libnl-route-3.so || { rm -f libnl-route-3.so && ln -s libnl-route-3.so.200.22.0 libnl-route-3.so; }; })
libtool: install: /usr/bin/install -c .libs/libnl-route-3.lai /usr/lib/libnl-route-3.la
libtool: install: warning: relinking `libnl-nf-3.la'
libtool: install: (cd /sources/7.9/libnl-3.2.27/lib; /bin/sh /sources/7.9/libnl-3.2.27/libtool  --silent --tag CC --mode=relink gcc -g -O2 -version-info 222:0:22 -Wl,--version-script=../libnl-nf-3.sym -o libnl-nf-3.la -rpath /usr/lib netfilter/ct.lo netfilter/ct_obj.lo netfilter/log.lo netfilter/log_msg.lo netfilter/log_msg_obj.lo netfilter/log_obj.lo netfilter/netfilter.lo netfilter/nfnl.lo netfilter/queue.lo netfilter/queue_msg.lo netfilter/queue_msg_obj.lo netfilter/queue_obj.lo netfilter/exp.lo netfilter/exp_obj.lo libnl-route-3.la -lpthread -lm )
libtool: install: /usr/bin/install -c .libs/libnl-nf-3.so.200.22.0T /usr/lib/libnl-nf-3.so.200.22.0
libtool: install: (cd /usr/lib && { ln -s -f libnl-nf-3.so.200.22.0 libnl-nf-3.so.200 || { rm -f libnl-nf-3.so.200 && ln -s libnl-nf-3.so.200.22.0 libnl-nf-3.so.200; }; })
libtool: install: (cd /usr/lib && { ln -s -f libnl-nf-3.so.200.22.0 libnl-nf-3.so || { rm -f libnl-nf-3.so && ln -s libnl-nf-3.so.200.22.0 libnl-nf-3.so; }; })
libtool: install: /usr/bin/install -c .libs/libnl-nf-3.lai /usr/lib/libnl-nf-3.la
libtool: install: warning: relinking `libnl-idiag-3.la'
libtool: install: (cd /sources/7.9/libnl-3.2.27/lib; /bin/sh /sources/7.9/libnl-3.2.27/libtool  --silent --tag CC --mode=relink gcc -g -O2 -version-info 222:0:22 -Wl,--version-script=../libnl-idiag-3.sym -o libnl-idiag-3.la -rpath /usr/lib idiag/idiag_meminfo_obj.lo idiag/idiag_vegasinfo_obj.lo idiag/idiag_msg_obj.lo idiag/idiag_req_obj.lo idiag/idiag.lo libnl-3.la -lpthread -lm )
libtool: install: /usr/bin/install -c .libs/libnl-idiag-3.so.200.22.0T /usr/lib/libnl-idiag-3.so.200.22.0
libtool: install: (cd /usr/lib && { ln -s -f libnl-idiag-3.so.200.22.0 libnl-idiag-3.so.200 || { rm -f libnl-idiag-3.so.200 && ln -s libnl-idiag-3.so.200.22.0 libnl-idiag-3.so.200; }; })
libtool: install: (cd /usr/lib && { ln -s -f libnl-idiag-3.so.200.22.0 libnl-idiag-3.so || { rm -f libnl-idiag-3.so && ln -s libnl-idiag-3.so.200.22.0 libnl-idiag-3.so; }; })
libtool: install: /usr/bin/install -c .libs/libnl-idiag-3.lai /usr/lib/libnl-idiag-3.la
libtool: install: warning: relinking `libnl-xfrm-3.la'
libtool: install: (cd /sources/7.9/libnl-3.2.27/lib; /bin/sh /sources/7.9/libnl-3.2.27/libtool  --silent --tag CC --mode=relink gcc -g -O2 -version-info 222:0:22 -Wl,--version-script=../libnl-xfrm-3.sym -o libnl-xfrm-3.la -rpath /usr/lib xfrm/ae.lo xfrm/lifetime.lo xfrm/sa.lo xfrm/selector.lo xfrm/sp.lo xfrm/template.lo libnl-3.la -lpthread -lm )
libtool: install: /usr/bin/install -c .libs/libnl-xfrm-3.so.200.22.0T /usr/lib/libnl-xfrm-3.so.200.22.0
libtool: install: (cd /usr/lib && { ln -s -f libnl-xfrm-3.so.200.22.0 libnl-xfrm-3.so.200 || { rm -f libnl-xfrm-3.so.200 && ln -s libnl-xfrm-3.so.200.22.0 libnl-xfrm-3.so.200; }; })
libtool: install: (cd /usr/lib && { ln -s -f libnl-xfrm-3.so.200.22.0 libnl-xfrm-3.so || { rm -f libnl-xfrm-3.so && ln -s libnl-xfrm-3.so.200.22.0 libnl-xfrm-3.so; }; })
libtool: install: /usr/bin/install -c .libs/libnl-xfrm-3.lai /usr/lib/libnl-xfrm-3.la
libtool: finish: PATH="/sbin:/bin:/usr/sbin:/usr/bin:/sbin" ldconfig -n /usr/lib
----------------------------------------------------------------------
Libraries have been installed in:
   /usr/lib

If you ever happen to want to link against installed libraries
in a given directory, LIBDIR, you must either use libtool, and
specify the full pathname of the library, or use the `-LLIBDIR'
flag during linking and do at least one of the following:
   - add LIBDIR to the `LD_LIBRARY_PATH' environment variable
     during execution
   - add LIBDIR to the `LD_RUN_PATH' environment variable
     during linking
   - use the `-Wl,-rpath -Wl,LIBDIR' linker flag
   - have your system administrator add LIBDIR to `/etc/ld.so.conf'

See any operating system documentation about shared libraries for
more information, such as the ld(1) and ld.so(8) manual pages.
----------------------------------------------------------------------
 /bin/mkdir -p '/usr/lib/libnl'
 /bin/mkdir -p '/usr/lib/libnl/cli/qdisc'
 /bin/sh ../libtool   --mode=install /usr/bin/install -c  cli/qdisc/htb.la cli/qdisc/blackhole.la cli/qdisc/pfifo.la cli/qdisc/plug.la cli/qdisc/bfifo.la cli/qdisc/ingress.la cli/qdisc/fq_codel.la cli/qdisc/hfsc.la '/usr/lib/libnl/cli/qdisc'
libtool: install: /usr/bin/install -c cli/qdisc/.libs/htb.so /usr/lib/libnl/cli/qdisc/htb.so
libtool: install: /usr/bin/install -c cli/qdisc/.libs/htb.lai /usr/lib/libnl/cli/qdisc/htb.la
libtool: install: /usr/bin/install -c cli/qdisc/.libs/blackhole.so /usr/lib/libnl/cli/qdisc/blackhole.so
libtool: install: /usr/bin/install -c cli/qdisc/.libs/blackhole.lai /usr/lib/libnl/cli/qdisc/blackhole.la
libtool: install: /usr/bin/install -c cli/qdisc/.libs/pfifo.so /usr/lib/libnl/cli/qdisc/pfifo.so
libtool: install: /usr/bin/install -c cli/qdisc/.libs/pfifo.lai /usr/lib/libnl/cli/qdisc/pfifo.la
libtool: install: /usr/bin/install -c cli/qdisc/.libs/plug.so /usr/lib/libnl/cli/qdisc/plug.so
libtool: install: /usr/bin/install -c cli/qdisc/.libs/plug.lai /usr/lib/libnl/cli/qdisc/plug.la
libtool: install: /usr/bin/install -c cli/qdisc/.libs/bfifo.so /usr/lib/libnl/cli/qdisc/bfifo.so
libtool: install: /usr/bin/install -c cli/qdisc/.libs/bfifo.lai /usr/lib/libnl/cli/qdisc/bfifo.la
libtool: install: /usr/bin/install -c cli/qdisc/.libs/ingress.so /usr/lib/libnl/cli/qdisc/ingress.so
libtool: install: /usr/bin/install -c cli/qdisc/.libs/ingress.lai /usr/lib/libnl/cli/qdisc/ingress.la
libtool: install: /usr/bin/install -c cli/qdisc/.libs/fq_codel.so /usr/lib/libnl/cli/qdisc/fq_codel.so
libtool: install: /usr/bin/install -c cli/qdisc/.libs/fq_codel.lai /usr/lib/libnl/cli/qdisc/fq_codel.la
libtool: install: /usr/bin/install -c cli/qdisc/.libs/hfsc.so /usr/lib/libnl/cli/qdisc/hfsc.so
libtool: install: /usr/bin/install -c cli/qdisc/.libs/hfsc.lai /usr/lib/libnl/cli/qdisc/hfsc.la
libtool: finish: PATH="/sbin:/bin:/usr/sbin:/usr/bin:/sbin" ldconfig -n /usr/lib/libnl/cli/qdisc
----------------------------------------------------------------------
Libraries have been installed in:
   /usr/lib/libnl/cli/qdisc

If you ever happen to want to link against installed libraries
in a given directory, LIBDIR, you must either use libtool, and
specify the full pathname of the library, or use the `-LLIBDIR'
flag during linking and do at least one of the following:
   - add LIBDIR to the `LD_LIBRARY_PATH' environment variable
     during execution
   - add LIBDIR to the `LD_RUN_PATH' environment variable
     during linking
   - use the `-Wl,-rpath -Wl,LIBDIR' linker flag
   - have your system administrator add LIBDIR to `/etc/ld.so.conf'

See any operating system documentation about shared libraries for
more information, such as the ld(1) and ld.so(8) manual pages.
----------------------------------------------------------------------
 /bin/mkdir -p '/usr/lib/libnl/cli/cls'
 /bin/sh ../libtool   --mode=install /usr/bin/install -c  cli/cls/basic.la cli/cls/cgroup.la '/usr/lib/libnl/cli/cls'
libtool: install: /usr/bin/install -c cli/cls/.libs/basic.so /usr/lib/libnl/cli/cls/basic.so
libtool: install: /usr/bin/install -c cli/cls/.libs/basic.lai /usr/lib/libnl/cli/cls/basic.la
libtool: install: /usr/bin/install -c cli/cls/.libs/cgroup.so /usr/lib/libnl/cli/cls/cgroup.so
libtool: install: /usr/bin/install -c cli/cls/.libs/cgroup.lai /usr/lib/libnl/cli/cls/cgroup.la
libtool: finish: PATH="/sbin:/bin:/usr/sbin:/usr/bin:/sbin" ldconfig -n /usr/lib/libnl/cli/cls
----------------------------------------------------------------------
Libraries have been installed in:
   /usr/lib/libnl/cli/cls

If you ever happen to want to link against installed libraries
in a given directory, LIBDIR, you must either use libtool, and
specify the full pathname of the library, or use the `-LLIBDIR'
flag during linking and do at least one of the following:
   - add LIBDIR to the `LD_LIBRARY_PATH' environment variable
     during execution
   - add LIBDIR to the `LD_RUN_PATH' environment variable
     during linking
   - use the `-Wl,-rpath -Wl,LIBDIR' linker flag
   - have your system administrator add LIBDIR to `/etc/ld.so.conf'

See any operating system documentation about shared libraries for
more information, such as the ld(1) and ld.so(8) manual pages.
----------------------------------------------------------------------
make[3]: Nothing to be done for 'install-data-am'.
make[3]: Leaving directory '/sources/7.9/libnl-3.2.27/lib'
make[2]: Leaving directory '/sources/7.9/libnl-3.2.27/lib'
make[1]: Leaving directory '/sources/7.9/libnl-3.2.27/lib'
Making install in man
make[1]: Entering directory '/sources/7.9/libnl-3.2.27/man'
make[2]: Entering directory '/sources/7.9/libnl-3.2.27/man'
make[2]: Nothing to be done for 'install-exec-am'.
 /bin/mkdir -p '/usr/share/man/man8'
 /usr/bin/install -c -m 644 nl-classid-lookup.8 nl-pktloc-lookup.8 nl-qdisc-add.8 nl-qdisc-delete.8 nl-qdisc-list.8 genl-ctrl-list.8 '/usr/share/man/man8'
make[2]: Leaving directory '/sources/7.9/libnl-3.2.27/man'
make[1]: Leaving directory '/sources/7.9/libnl-3.2.27/man'
Making install in python
make[1]: Entering directory '/sources/7.9/libnl-3.2.27/python'
Making install in doc
make[2]: Entering directory '/sources/7.9/libnl-3.2.27/python/doc'
make[3]: Entering directory '/sources/7.9/libnl-3.2.27/python/doc'
make[3]: Nothing to be done for 'install-exec-am'.
make[3]: Nothing to be done for 'install-data-am'.
make[3]: Leaving directory '/sources/7.9/libnl-3.2.27/python/doc'
make[2]: Leaving directory '/sources/7.9/libnl-3.2.27/python/doc'
Making install in examples
make[2]: Entering directory '/sources/7.9/libnl-3.2.27/python/examples'
make[3]: Entering directory '/sources/7.9/libnl-3.2.27/python/examples'
make[3]: Nothing to be done for 'install-exec-am'.
make[3]: Nothing to be done for 'install-data-am'.
make[3]: Leaving directory '/sources/7.9/libnl-3.2.27/python/examples'
make[2]: Leaving directory '/sources/7.9/libnl-3.2.27/python/examples'
Making install in netlink
make[2]: Entering directory '/sources/7.9/libnl-3.2.27/python/netlink'
Making install in route
make[3]: Entering directory '/sources/7.9/libnl-3.2.27/python/netlink/route'
make[4]: Entering directory '/sources/7.9/libnl-3.2.27/python/netlink/route'
make[4]: Nothing to be done for 'install-exec-am'.
make[4]: Nothing to be done for 'install-data-am'.
make[4]: Leaving directory '/sources/7.9/libnl-3.2.27/python/netlink/route'
make[3]: Leaving directory '/sources/7.9/libnl-3.2.27/python/netlink/route'
Making install in genl
make[3]: Entering directory '/sources/7.9/libnl-3.2.27/python/netlink/genl'
make[4]: Entering directory '/sources/7.9/libnl-3.2.27/python/netlink/genl'
make[4]: Nothing to be done for 'install-exec-am'.
make[4]: Nothing to be done for 'install-data-am'.
make[4]: Leaving directory '/sources/7.9/libnl-3.2.27/python/netlink/genl'
make[3]: Leaving directory '/sources/7.9/libnl-3.2.27/python/netlink/genl'
make[3]: Entering directory '/sources/7.9/libnl-3.2.27/python/netlink'
make[4]: Entering directory '/sources/7.9/libnl-3.2.27/python/netlink'
make[4]: Nothing to be done for 'install-exec-am'.
make[4]: Nothing to be done for 'install-data-am'.
make[4]: Leaving directory '/sources/7.9/libnl-3.2.27/python/netlink'
make[3]: Leaving directory '/sources/7.9/libnl-3.2.27/python/netlink'
make[2]: Leaving directory '/sources/7.9/libnl-3.2.27/python/netlink'
Making install in tests
make[2]: Entering directory '/sources/7.9/libnl-3.2.27/python/tests'
make[3]: Entering directory '/sources/7.9/libnl-3.2.27/python/tests'
make[3]: Nothing to be done for 'install-exec-am'.
make[3]: Nothing to be done for 'install-data-am'.
make[3]: Leaving directory '/sources/7.9/libnl-3.2.27/python/tests'
make[2]: Leaving directory '/sources/7.9/libnl-3.2.27/python/tests'
make[2]: Entering directory '/sources/7.9/libnl-3.2.27/python'
make[3]: Entering directory '/sources/7.9/libnl-3.2.27/python'
make[3]: Nothing to be done for 'install-exec-am'.
make[3]: Nothing to be done for 'install-data-am'.
make[3]: Leaving directory '/sources/7.9/libnl-3.2.27/python'
make[2]: Leaving directory '/sources/7.9/libnl-3.2.27/python'
make[1]: Leaving directory '/sources/7.9/libnl-3.2.27/python'
Making install in tests
make[1]: Entering directory '/sources/7.9/libnl-3.2.27/tests'
make[2]: Entering directory '/sources/7.9/libnl-3.2.27/tests'
make[2]: Nothing to be done for 'install-exec-am'.
make[2]: Nothing to be done for 'install-data-am'.
make[2]: Leaving directory '/sources/7.9/libnl-3.2.27/tests'
make[1]: Leaving directory '/sources/7.9/libnl-3.2.27/tests'
Making install in src
make[1]: Entering directory '/sources/7.9/libnl-3.2.27/src'
Making install in lib
make[2]: Entering directory '/sources/7.9/libnl-3.2.27/src/lib'
make[3]: Entering directory '/sources/7.9/libnl-3.2.27/src/lib'
 /bin/mkdir -p '/usr/lib'
 /bin/sh ../../libtool   --mode=install /usr/bin/install -c   libnl-cli-3.la '/usr/lib'
libtool: install: warning: relinking `libnl-cli-3.la'
libtool: install: (cd /sources/7.9/libnl-3.2.27/src/lib; /bin/sh /sources/7.9/libnl-3.2.27/libtool  --silent --tag CC --mode=relink gcc -Wall -g -O2 -version-info 222:0:22 -Wl,--version-script=../../libnl-cli-3.sym -o libnl-cli-3.la -rpath /usr/lib utils.lo addr.lo ct.lo link.lo neigh.lo rule.lo route.lo tc.lo qdisc.lo class.lo cls.lo exp.lo ../../lib/libnl-3.la ../../lib/libnl-route-3.la ../../lib/libnl-nf-3.la ../../lib/libnl-genl-3.la -L../../lib -ldl -lpthread -lm )
libtool: install: /usr/bin/install -c .libs/libnl-cli-3.so.200.22.0T /usr/lib/libnl-cli-3.so.200.22.0
libtool: install: (cd /usr/lib && { ln -s -f libnl-cli-3.so.200.22.0 libnl-cli-3.so.200 || { rm -f libnl-cli-3.so.200 && ln -s libnl-cli-3.so.200.22.0 libnl-cli-3.so.200; }; })
libtool: install: (cd /usr/lib && { ln -s -f libnl-cli-3.so.200.22.0 libnl-cli-3.so || { rm -f libnl-cli-3.so && ln -s libnl-cli-3.so.200.22.0 libnl-cli-3.so; }; })
libtool: install: /usr/bin/install -c .libs/libnl-cli-3.lai /usr/lib/libnl-cli-3.la
libtool: finish: PATH="/sbin:/bin:/usr/sbin:/usr/bin:/sbin" ldconfig -n /usr/lib
----------------------------------------------------------------------
Libraries have been installed in:
   /usr/lib

If you ever happen to want to link against installed libraries
in a given directory, LIBDIR, you must either use libtool, and
specify the full pathname of the library, or use the `-LLIBDIR'
flag during linking and do at least one of the following:
   - add LIBDIR to the `LD_LIBRARY_PATH' environment variable
     during execution
   - add LIBDIR to the `LD_RUN_PATH' environment variable
     during linking
   - use the `-Wl,-rpath -Wl,LIBDIR' linker flag
   - have your system administrator add LIBDIR to `/etc/ld.so.conf'

See any operating system documentation about shared libraries for
more information, such as the ld(1) and ld.so(8) manual pages.
----------------------------------------------------------------------
make[3]: Nothing to be done for 'install-data-am'.
make[3]: Leaving directory '/sources/7.9/libnl-3.2.27/src/lib'
make[2]: Leaving directory '/sources/7.9/libnl-3.2.27/src/lib'
make[2]: Entering directory '/sources/7.9/libnl-3.2.27/src'
make[3]: Entering directory '/sources/7.9/libnl-3.2.27/src'
 /bin/mkdir -p '/usr/bin'
  /bin/sh ../libtool   --mode=install /usr/bin/install -c genl-ctrl-list idiag-socket-details nf-ct-add nf-ct-list nf-exp-add nf-exp-delete nf-exp-list nf-log nf-monitor nf-queue nl-addr-add nl-addr-delete nl-addr-list nl-class-add nl-class-delete nl-classid-lookup nl-class-list nl-cls-add nl-cls-delete nl-cls-list nl-fib-lookup nl-link-enslave nl-link-ifindex2name nl-link-list nl-link-name2ifindex nl-link-release nl-link-set nl-link-stats nl-list-caches nl-list-sockets nl-monitor nl-neigh-add nl-neigh-delete nl-neigh-list nl-neightbl-list nl-pktloc-lookup nl-qdisc-add nl-qdisc-delete nl-qdisc-list nl-route-add nl-route-delete nl-route-get nl-route-list nl-rule-list nl-tctree-list nl-util-addr '/usr/bin'
libtool: install: /usr/bin/install -c .libs/genl-ctrl-list /usr/bin/genl-ctrl-list
libtool: install: /usr/bin/install -c .libs/idiag-socket-details /usr/bin/idiag-socket-details
libtool: install: /usr/bin/install -c .libs/nf-ct-add /usr/bin/nf-ct-add
libtool: install: /usr/bin/install -c .libs/nf-ct-list /usr/bin/nf-ct-list
libtool: install: /usr/bin/install -c .libs/nf-exp-add /usr/bin/nf-exp-add
libtool: install: /usr/bin/install -c .libs/nf-exp-delete /usr/bin/nf-exp-delete
libtool: install: /usr/bin/install -c .libs/nf-exp-list /usr/bin/nf-exp-list
libtool: install: /usr/bin/install -c .libs/nf-log /usr/bin/nf-log
libtool: install: /usr/bin/install -c .libs/nf-monitor /usr/bin/nf-monitor
libtool: install: /usr/bin/install -c .libs/nf-queue /usr/bin/nf-queue
libtool: install: /usr/bin/install -c .libs/nl-addr-add /usr/bin/nl-addr-add
libtool: install: /usr/bin/install -c .libs/nl-addr-delete /usr/bin/nl-addr-delete
libtool: install: /usr/bin/install -c .libs/nl-addr-list /usr/bin/nl-addr-list
libtool: install: /usr/bin/install -c .libs/nl-class-add /usr/bin/nl-class-add
libtool: install: /usr/bin/install -c .libs/nl-class-delete /usr/bin/nl-class-delete
libtool: install: /usr/bin/install -c .libs/nl-classid-lookup /usr/bin/nl-classid-lookup
libtool: install: /usr/bin/install -c .libs/nl-class-list /usr/bin/nl-class-list
libtool: install: /usr/bin/install -c .libs/nl-cls-add /usr/bin/nl-cls-add
libtool: install: /usr/bin/install -c .libs/nl-cls-delete /usr/bin/nl-cls-delete
libtool: install: /usr/bin/install -c .libs/nl-cls-list /usr/bin/nl-cls-list
libtool: install: /usr/bin/install -c .libs/nl-fib-lookup /usr/bin/nl-fib-lookup
libtool: install: /usr/bin/install -c .libs/nl-link-enslave /usr/bin/nl-link-enslave
libtool: install: /usr/bin/install -c .libs/nl-link-ifindex2name /usr/bin/nl-link-ifindex2name
libtool: install: /usr/bin/install -c .libs/nl-link-list /usr/bin/nl-link-list
libtool: install: /usr/bin/install -c .libs/nl-link-name2ifindex /usr/bin/nl-link-name2ifindex
libtool: install: /usr/bin/install -c .libs/nl-link-release /usr/bin/nl-link-release
libtool: install: /usr/bin/install -c .libs/nl-link-set /usr/bin/nl-link-set
libtool: install: /usr/bin/install -c .libs/nl-link-stats /usr/bin/nl-link-stats
libtool: install: /usr/bin/install -c .libs/nl-list-caches /usr/bin/nl-list-caches
libtool: install: /usr/bin/install -c .libs/nl-list-sockets /usr/bin/nl-list-sockets
libtool: install: /usr/bin/install -c .libs/nl-monitor /usr/bin/nl-monitor
libtool: install: /usr/bin/install -c .libs/nl-neigh-add /usr/bin/nl-neigh-add
libtool: install: /usr/bin/install -c .libs/nl-neigh-delete /usr/bin/nl-neigh-delete
libtool: install: /usr/bin/install -c .libs/nl-neigh-list /usr/bin/nl-neigh-list
libtool: install: /usr/bin/install -c .libs/nl-neightbl-list /usr/bin/nl-neightbl-list
libtool: install: /usr/bin/install -c .libs/nl-pktloc-lookup /usr/bin/nl-pktloc-lookup
libtool: install: /usr/bin/install -c .libs/nl-qdisc-add /usr/bin/nl-qdisc-add
libtool: install: /usr/bin/install -c .libs/nl-qdisc-delete /usr/bin/nl-qdisc-delete
libtool: install: /usr/bin/install -c .libs/nl-qdisc-list /usr/bin/nl-qdisc-list
libtool: install: /usr/bin/install -c .libs/nl-route-add /usr/bin/nl-route-add
libtool: install: /usr/bin/install -c .libs/nl-route-delete /usr/bin/nl-route-delete
libtool: install: /usr/bin/install -c .libs/nl-route-get /usr/bin/nl-route-get
libtool: install: /usr/bin/install -c .libs/nl-route-list /usr/bin/nl-route-list
libtool: install: /usr/bin/install -c .libs/nl-rule-list /usr/bin/nl-rule-list
libtool: install: /usr/bin/install -c .libs/nl-tctree-list /usr/bin/nl-tctree-list
libtool: install: /usr/bin/install -c .libs/nl-util-addr /usr/bin/nl-util-addr
make[3]: Nothing to be done for 'install-data-am'.
make[3]: Leaving directory '/sources/7.9/libnl-3.2.27/src'
make[2]: Leaving directory '/sources/7.9/libnl-3.2.27/src'
make[1]: Leaving directory '/sources/7.9/libnl-3.2.27/src'
make[1]: Entering directory '/sources/7.9/libnl-3.2.27'
make[2]: Entering directory '/sources/7.9/libnl-3.2.27'
make[2]: Nothing to be done for 'install-exec-am'.
 /bin/mkdir -p '/usr/lib/pkgconfig'
 /usr/bin/install -c -m 644 libnl-3.0.pc libnl-route-3.0.pc libnl-genl-3.0.pc libnl-nf-3.0.pc libnl-xfrm-3.0.pc libnl-idiag-3.0.pc libnl-cli-3.0.pc '/usr/lib/pkgconfig'
 /bin/mkdir -p '/etc/libnl'
 /usr/bin/install -c -m 644 etc/pktloc etc/classid '/etc/libnl'
make[2]: Leaving directory '/sources/7.9/libnl-3.2.27'
make[1]: Leaving directory '/sources/7.9/libnl-3.2.27'
mkdir: created directory '/usr/share/doc/libnl-3.2.27'
